INFO: [SIM 2] *************** CSIM start ***************
INFO: [SIM 4] CSIM will launch GCC as the compiler.
   Compiling ../../../testbench/concat_tb.cpp in debug mode
   Compiling ../../../src/concat.cpp in debug mode
   Generating csim.exe
0 outValue = 0x170913583E0D2C26505A5238133351251714525510420C441E0B2C48143E5B27 refValue = 0x170913583E0D2C26505A5238133351251714525510420C441E0B2C48143E5B27
1 outValue = 0x1A500C611A080E061E4C021B5D5C251039094C283E104E2C072803483D57374E refValue = 0x1A500C611A080E061E4C021B5D5C251039094C283E104E2C072803483D57374E
2 outValue = 0x5839584C3B24020B301E31066032410F145A235E533E61150A23422C0F2E5C15 refValue = 0x5839584C3B24020B301E31066032410F145A235E533E61150A23422C0F2E5C15
3 outValue = 0x3F3F171121545C0B260522224F4D171E3E395D08443D2D14562E3A0213482D2C refValue = 0x3F3F171121545C0B260522224F4D171E3E395D08443D2D14562E3A0213482D2C
4 outValue = 0x4E454D4808422F3E0403354C57472C510D2C26373C09635D441A1201620D4E4B refValue = 0x4E454D4808422F3E0403354C57472C510D2C26373C09635D441A1201620D4E4B
5 outValue = 0x19062F465E202C52542B5E5F3F2C04185C541E3E48324607185C120B09085A39 refValue = 0x19062F465E202C52542B5E5F3F2C04185C541E3E48324607185C120B09085A39
6 outValue = 0x0F575209365820143B265C5C3D50474026585B2F2039013F2F12171B1662203F refValue = 0x0F575209365820143B265C5C3D50474026585B2F2039013F2F12171B1662203F
7 outValue = 0x2142181F25163C3B4227382F1A3735253360445F105E03073028555854344A01 refValue = 0x2142181F25163C3B4227382F1A3735253360445F105E03073028555854344A01
8 outValue = 0x511C27532C353F58174C351E1347074E3A3E230400460B1608053C082A1D482C refValue = 0x511C27532C353F58174C351E1347074E3A3E230400460B1608053C082A1D482C
9 outValue = 0x4317382A446309003632011012225316096011073828096030150D23373D5D2F refValue = 0x4317382A446309003632011012225316096011073828096030150D23373D5D2F
A outValue = 0x56221156072807015D0F51175A022A1B172831293C010C48373C16523F513E29 refValue = 0x56221156072807015D0F51175A022A1B172831293C010C48373C16523F513E29
B outValue = 0x2C30231A5A192C5827584B5E071A05623A03520B052F361D42430F563A081326 refValue = 0x2C30231A5A192C5827584B5E071A05623A03520B052F361D42430F563A081326
C outValue = 0x50344607592D230B26524F62043A591F1008231356194C3948373C421D112641 refValue = 0x50344607592D230B26524F62043A591F1008231356194C3948373C421D112641
D outValue = 0x0105F1239145D0C3951585C183C0C0635202F0A1339014B0C22581E30394845 refValue = 0x0105F1239145D0C3951585C183C0C0635202F0A1339014B0C22581E30394845
E outValue = 0x0827214F6331402F5F0A5D26314F28271A01413B513C181402362E47592F170A refValue = 0x0827214F6331402F5F0A5D26314F28271A01413B513C181402362E47592F170A
F outValue = 0x561A280E621557585D350A471B421B40415D413943093C0D3039410036455F15 refValue = 0x561A280E621557585D350A471B421B40415D413943093C0D3039410036455F15
10 outValue = 0x311D38560024320D5B33492C0D4C380E42114E343045625E4A53570753550A11 refValue = 0x311D38560024320D5B33492C0D4C380E42114E343045625E4A53570753550A11
11 outValue = 0x0B2855371D59302219024E0C2F575F49464E5757085C343E4056155A4615262E refValue = 0x0B2855371D59302219024E0C2F575F49464E5757085C343E4056155A4615262E
12 outValue = 0x08024640581F0837140F2F3262114B2654454544512808533818400627580D05 refValue = 0x08024640581F0837140F2F3262114B2654454544512808533818400627580D05
13 outValue = 0x495D06223A33193E29163C101A163A2604281F4F40452B3F10195F2608002E5D refValue = 0x495D06223A33193E29163C101A163A2604281F4F40452B3F10195F2608002E5D
14 outValue = 0x275E4D221F5E4A3A501C00233B1C0D240143544E220360443E5F4C2A38624F21 refValue = 0x275E4D221F5E4A3A501C00233B1C0D240143544E220360443E5F4C2A38624F21
15 outValue = 0x6211604C5F2F1D583129310214555D56240E07455D1F4556103C445B2D0E062F refValue = 0x6211604C5F2F1D583129310214555D56240E07455D1F4556103C445B2D0E062F
16 outValue = 0x30540C0849104231150C38583F354C20264844431A610F00633901225F345645 refValue = 0x30540C0849104231150C38583F354C20264844431A610F00633901225F345645
17 outValue = 0x5F0A4B4A4F592E31494652413D055D315F2E111A3D041F3F0A5C0C540C632B2D refValue = 0x5F0A4B4A4F592E31494652413D055D315F2E111A3D041F3F0A5C0C540C632B2D
18 outValue = 0x3E491D573F40485144404A4022470C385546181C204B5E321D400E180F50415A refValue = 0x3E491D573F40485144404A4022470C385546181C204B5E321D400E180F50415A
19 outValue = 0x3A1D3F623843250B0429522E04456255135A460D4740102C0633044D365F3539 refValue = 0x3A1D3F623843250B0429522E04456255135A460D4740102C0633044D365F3539
1A outValue = 0x112D363E2F6253450854280D5E22273F57022C582F241A50542C3E1C3E481A5C refValue = 0x112D363E2F6253450854280D5E22273F57022C582F241A50542C3E1C3E481A5C
1B outValue = 0x2E18404F505B230B234E30183718140922383F47385B12015D584B394D5F5023 refValue = 0x2E18404F505B230B234E30183718140922383F47385B12015D584B394D5F5023
1C outValue = 0x5954162D241360565134212F160C0228545B5318293B3D040D443F1F03294914 refValue = 0x5954162D241360565134212F160C0228545B5318293B3D040D443F1F03294914
1D outValue = 0x1A5362202D020929140822330510332A0457382D2851162E0F111F55631A4C2E refValue = 0x1A5362202D020929140822330510332A0457382D2851162E0F111F55631A4C2E
1E outValue = 0x62055E50273F4A230F0E5544360A0F121C18095E561D440B4C161A542160512F refValue = 0x62055E50273F4A230F0E5544360A0F121C18095E561D440B4C161A542160512F
1F outValue = 0x2F2B3F3F525F3E57472902024A50014C51473E63154723461A42543A1051505D refValue = 0x2F2B3F3F525F3E57472902024A50014C51473E63154723461A42543A1051505D
Pass!
INFO [HLS SIM]: The maximum depth reached by any hls::stream() instance in the design is 20
INFO: [SIM 1] CSim done with 0 errors.
INFO: [SIM 3] *************** CSIM finish ***************
