

================================================================
== Vitis HLS Report for 'reshape'
================================================================
* Date:           Tue May 14 17:39:05 2024

* Version:        2022.2 (Build 3670227 on Oct 13 2022)
* Project:        Reshape_HLS.prj
* Solution:       sol (Vivado IP Flow Target)
* Product family: zynquplus
* Target device:  xczu7ev-ffvc1156-2-e


================================================================
== Performance Estimates
================================================================
+ Timing: 
    * Summary: 
    +--------+----------+----------+------------+
    |  Clock |  Target  | Estimated| Uncertainty|
    +--------+----------+----------+------------+
    |ap_clk  |  10.00 ns|  7.300 ns|     2.70 ns|
    +--------+----------+----------+------------+

+ Latency: 
    * Summary: 
    +---------+---------+----------+----------+-----+-----+----------+
    |  Latency (cycles) |  Latency (absolute) |  Interval | Pipeline |
    |   min   |   max   |    min   |    max   | min | max |   Type   |
    +---------+---------+----------+----------+-----+-----+----------+
    |        ?|        ?|         ?|         ?|    ?|    ?|  dataflow|
    +---------+---------+----------+----------+-----+-----+----------+

    + Detail: 
        * Instance: 
        N/A

        * Loop: 
        N/A

============================================================
+ Verbose Summary: Synthesis Manager
============================================================
InlineROM: 1
ExposeGlobal: 0
============================================================
+ Verbose Summary: CDFG Model
============================================================
IsTopModel: 1
ResetActiveHigh: 1
IsCombinational: 2
IsDatapathOnly: 0
HasWiredReturn: 1
HasMFsm: 0
HasVarLatency: 1
IsPipeline: 0
IsRtlPipelined: 0
IsInstanceOverlapped: 0
IsDontTouch: 0
HasImplIP: 0
IsGatedGlobalClock: 0


============================================================
+ Verbose Summary: Schedule
============================================================
* Number of FSM states : 6
* Pipeline : 0
* Dataflow Pipeline: 1
  DF-Pipeline-0: Size = 6, States = { 1 2 3 4 5 6 }

* FSM state transitions: 
1 --> 2 
2 --> 3 
3 --> 4 
4 --> 5 
5 --> 6 
6 --> 

* FSM state operations: 

State 1 <SV = 0> <Delay = 4.42>
ST_1 : Operation 7 [1/1] (1.00ns)   --->   "%COLS_read = read i32 @_ssdm_op_Read.s_axilite.i32, i32 %COLS" [/home/ytq/codeField/Prediction_Model_Accelerator/CSIM/Reshape_HLS/src/reshape.cpp:30]   --->   Operation 7 'read' 'COLS_read' <Predicate = true> <Delay = 1.00> <CoreInst = "s_axilite">   --->   Core 122 's_axilite' <Latency = 0> <II = 1> <Delay = 1.00> <Adapter> <Opcode : 'read' 'write'>
ST_1 : Operation 8 [1/1] (1.00ns)   --->   "%ROWS_read = read i32 @_ssdm_op_Read.s_axilite.i32, i32 %ROWS" [/home/ytq/codeField/Prediction_Model_Accelerator/CSIM/Reshape_HLS/src/reshape.cpp:30]   --->   Operation 8 'read' 'ROWS_read' <Predicate = true> <Delay = 1.00> <CoreInst = "s_axilite">   --->   Core 122 's_axilite' <Latency = 0> <II = 1> <Delay = 1.00> <Adapter> <Opcode : 'read' 'write'>
ST_1 : Operation 9 [1/1] (1.00ns)   --->   "%outputs_read = read i64 @_ssdm_op_Read.s_axilite.i64, i64 %outputs" [/home/ytq/codeField/Prediction_Model_Accelerator/CSIM/Reshape_HLS/src/reshape.cpp:30]   --->   Operation 9 'read' 'outputs_read' <Predicate = true> <Delay = 1.00> <CoreInst = "s_axilite">   --->   Core 122 's_axilite' <Latency = 0> <II = 1> <Delay = 1.00> <Adapter> <Opcode : 'read' 'write'>
ST_1 : Operation 10 [1/1] (1.00ns)   --->   "%inputs_read = read i64 @_ssdm_op_Read.s_axilite.i64, i64 %inputs" [/home/ytq/codeField/Prediction_Model_Accelerator/CSIM/Reshape_HLS/src/reshape.cpp:30]   --->   Operation 10 'read' 'inputs_read' <Predicate = true> <Delay = 1.00> <CoreInst = "s_axilite">   --->   Core 122 's_axilite' <Latency = 0> <II = 1> <Delay = 1.00> <Adapter> <Opcode : 'read' 'write'>
ST_1 : Operation 11 [1/1] (1.00ns)   --->   "%input_data_addr_read = read i32 @_ssdm_op_Read.s_axilite.i32, i32 %input_data_addr" [/home/ytq/codeField/Prediction_Model_Accelerator/CSIM/Reshape_HLS/src/reshape.cpp:30]   --->   Operation 11 'read' 'input_data_addr_read' <Predicate = true> <Delay = 1.00> <CoreInst = "s_axilite">   --->   Core 122 's_axilite' <Latency = 0> <II = 1> <Delay = 1.00> <Adapter> <Opcode : 'read' 'write'>
ST_1 : Operation 12 [1/1] (0.00ns)   --->   "%COLS_c10 = alloca i64 1" [/home/ytq/codeField/Prediction_Model_Accelerator/CSIM/Reshape_HLS/src/reshape.cpp:30]   --->   Operation 12 'alloca' 'COLS_c10' <Predicate = true> <Delay = 0.00> <CoreInst = "FIFO_SRL">   --->   Core 81 'FIFO_SRL' <Latency = 0> <II = 1> <Delay = 1.83> <Storage> <Opcode : 'read' 'write' 'nbread' 'nbwrite'> <Ports = 0> <Width = 32> <Depth = 2> <FIFO>
ST_1 : Operation 13 [1/1] (0.00ns)   --->   "%COLS_c = alloca i64 1" [/home/ytq/codeField/Prediction_Model_Accelerator/CSIM/Reshape_HLS/src/reshape.cpp:30]   --->   Operation 13 'alloca' 'COLS_c' <Predicate = true> <Delay = 0.00> <CoreInst = "FIFO_SRL">   --->   Core 81 'FIFO_SRL' <Latency = 0> <II = 1> <Delay = 1.83> <Storage> <Opcode : 'read' 'write' 'nbread' 'nbwrite'> <Ports = 0> <Width = 32> <Depth = 2> <FIFO>
ST_1 : Operation 14 [1/1] (0.00ns)   --->   "%ROWS_c9 = alloca i64 1" [/home/ytq/codeField/Prediction_Model_Accelerator/CSIM/Reshape_HLS/src/reshape.cpp:30]   --->   Operation 14 'alloca' 'ROWS_c9' <Predicate = true> <Delay = 0.00> <CoreInst = "FIFO_SRL">   --->   Core 81 'FIFO_SRL' <Latency = 0> <II = 1> <Delay = 1.83> <Storage> <Opcode : 'read' 'write' 'nbread' 'nbwrite'> <Ports = 0> <Width = 32> <Depth = 2> <FIFO>
ST_1 : Operation 15 [1/1] (0.00ns)   --->   "%ROWS_c = alloca i64 1" [/home/ytq/codeField/Prediction_Model_Accelerator/CSIM/Reshape_HLS/src/reshape.cpp:30]   --->   Operation 15 'alloca' 'ROWS_c' <Predicate = true> <Delay = 0.00> <CoreInst = "FIFO_SRL">   --->   Core 81 'FIFO_SRL' <Latency = 0> <II = 1> <Delay = 1.83> <Storage> <Opcode : 'read' 'write' 'nbread' 'nbwrite'> <Ports = 0> <Width = 32> <Depth = 2> <FIFO>
ST_1 : Operation 16 [1/1] (0.00ns)   --->   "%outputs_c = alloca i64 1" [/home/ytq/codeField/Prediction_Model_Accelerator/CSIM/Reshape_HLS/src/reshape.cpp:30]   --->   Operation 16 'alloca' 'outputs_c' <Predicate = true> <Delay = 0.00> <CoreInst = "FIFO_SRL">   --->   Core 81 'FIFO_SRL' <Latency = 0> <II = 1> <Delay = 1.83> <Storage> <Opcode : 'read' 'write' 'nbread' 'nbwrite'> <Ports = 0> <Width = 64> <Depth = 4> <FIFO>
ST_1 : Operation 17 [1/1] (0.00ns)   --->   "%input_data_addr_c = alloca i64 1" [/home/ytq/codeField/Prediction_Model_Accelerator/CSIM/Reshape_HLS/src/reshape.cpp:30]   --->   Operation 17 'alloca' 'input_data_addr_c' <Predicate = true> <Delay = 0.00> <CoreInst = "FIFO_SRL">   --->   Core 81 'FIFO_SRL' <Latency = 0> <II = 1> <Delay = 1.83> <Storage> <Opcode : 'read' 'write' 'nbread' 'nbwrite'> <Ports = 0> <Width = 32> <Depth = 3> <FIFO>
ST_1 : Operation 18 [1/1] (0.00ns)   --->   "%data_in = alloca i64 1" [/home/ytq/codeField/Prediction_Model_Accelerator/CSIM/Reshape_HLS/src/reshape.cpp:19]   --->   Operation 18 'alloca' 'data_in' <Predicate = true> <Delay = 0.00> <CoreInst = "FIFO">   --->   Core 78 'FIFO' <Latency = 0> <II = 1> <Delay = 1.62> <Storage> <Opcode : 'read' 'write' 'nbread' 'nbwrite'> <Ports = 0> <Width = 256> <Depth = 16> <FIFO>
ST_1 : Operation 19 [1/1] (0.00ns)   --->   "%data_out = alloca i64 1" [/home/ytq/codeField/Prediction_Model_Accelerator/CSIM/Reshape_HLS/src/reshape.cpp:21]   --->   Operation 19 'alloca' 'data_out' <Predicate = true> <Delay = 0.00> <CoreInst = "FIFO">   --->   Core 78 'FIFO' <Latency = 0> <II = 1> <Delay = 1.62> <Storage> <Opcode : 'read' 'write' 'nbread' 'nbwrite'> <Ports = 0> <Width = 256> <Depth = 16> <FIFO>
ST_1 : Operation 20 [1/1] (1.83ns)   --->   "%call_ln30 = call void @entry_proc, i64 %outputs_read, i64 %outputs_c" [/home/ytq/codeField/Prediction_Model_Accelerator/CSIM/Reshape_HLS/src/reshape.cpp:30]   --->   Operation 20 'call' 'call_ln30' <Predicate = true> <Delay = 1.83> <CoreType = "Generic">   --->   Core 0 '' <Latency = 0> <II = 1> <Delay = 1.00> <Generic> <Opcode : >
ST_1 : Operation 21 [2/2] (3.42ns)   --->   "%call_ln31 = call void @read_inputs<ap_uint<256>, ap_int<8>, 32u>, i256 %reshape_data, i64 %inputs_read, i256 %data_in, i32 %input_data_addr_read, i32 %ROWS_read, i32 %COLS_read, i32 %input_data_addr_c, i32 %ROWS_c9, i32 %COLS_c10" [/home/ytq/codeField/Prediction_Model_Accelerator/CSIM/Reshape_HLS/src/reshape.cpp:31]   --->   Operation 21 'call' 'call_ln31' <Predicate = true> <Delay = 3.42> <CoreType = "Generic">   --->   Core 0 '' <Latency = 0> <II = 1> <Delay = 1.00> <Generic> <Opcode : >

State 2 <SV = 1> <Delay = 0.00>
ST_2 : Operation 22 [1/2] (0.00ns)   --->   "%call_ln31 = call void @read_inputs<ap_uint<256>, ap_int<8>, 32u>, i256 %reshape_data, i64 %inputs_read, i256 %data_in, i32 %input_data_addr_read, i32 %ROWS_read, i32 %COLS_read, i32 %input_data_addr_c, i32 %ROWS_c9, i32 %COLS_c10" [/home/ytq/codeField/Prediction_Model_Accelerator/CSIM/Reshape_HLS/src/reshape.cpp:31]   --->   Operation 22 'call' 'call_ln31' <Predicate = true> <Delay = 0.00> <CoreType = "Generic">   --->   Core 0 '' <Latency = 0> <II = 1> <Delay = 1.00> <Generic> <Opcode : >

State 3 <SV = 2> <Delay = 0.00>
ST_3 : Operation 23 [2/2] (0.00ns)   --->   "%call_ln32 = call void @reshape_stream<ap_int<8>, ap_int<8>, 32u>, i256 %data_in, i256 %data_out, i32 %ROWS_c9, i32 %COLS_c10, i32 %ROWS_c, i32 %COLS_c" [/home/ytq/codeField/Prediction_Model_Accelerator/CSIM/Reshape_HLS/src/reshape.cpp:32]   --->   Operation 23 'call' 'call_ln32' <Predicate = true> <Delay = 0.00> <CoreType = "Generic">   --->   Core 0 '' <Latency = 0> <II = 1> <Delay = 1.00> <Generic> <Opcode : >

State 4 <SV = 3> <Delay = 0.00>
ST_4 : Operation 24 [1/2] (0.00ns)   --->   "%call_ln32 = call void @reshape_stream<ap_int<8>, ap_int<8>, 32u>, i256 %data_in, i256 %data_out, i32 %ROWS_c9, i32 %COLS_c10, i32 %ROWS_c, i32 %COLS_c" [/home/ytq/codeField/Prediction_Model_Accelerator/CSIM/Reshape_HLS/src/reshape.cpp:32]   --->   Operation 24 'call' 'call_ln32' <Predicate = true> <Delay = 0.00> <CoreType = "Generic">   --->   Core 0 '' <Latency = 0> <II = 1> <Delay = 1.00> <Generic> <Opcode : >

State 5 <SV = 4> <Delay = 0.00>
ST_5 : Operation 25 [2/2] (0.00ns)   --->   "%call_ln33 = call void @store<ap_uint<256>, ap_int<8>, ap_int<8>, 32u>, i256 %data_out, i256 %reshape_data, i64 %outputs_c, i32 %input_data_addr_c, i32 %ROWS_c, i32 %COLS_c, i1 %reshape_flag" [/home/ytq/codeField/Prediction_Model_Accelerator/CSIM/Reshape_HLS/src/reshape.cpp:33]   --->   Operation 25 'call' 'call_ln33' <Predicate = true> <Delay = 0.00> <CoreType = "Generic">   --->   Core 0 '' <Latency = 0> <II = 1> <Delay = 1.00> <Generic> <Opcode : >

State 6 <SV = 5> <Delay = 0.00>
ST_6 : Operation 26 [1/1] (0.00ns)   --->   "%empty = specchannel i32 @_ssdm_op_SpecChannel, void @COLS_c10_str, i32 1, void @p_str, void @p_str, i32 2, i32 0, i32 %COLS_c10, i32 %COLS_c10" [/home/ytq/codeField/Prediction_Model_Accelerator/CSIM/Reshape_HLS/src/reshape.cpp:30]   --->   Operation 26 'specchannel' 'empty' <Predicate = true> <Delay = 0.00>
ST_6 : Operation 27 [1/1] (0.00ns)   --->   "%specinterface_ln30 = specinterface void @_ssdm_op_SpecInterface, i32 %COLS_c10, void @ap_fifo_str, i32 0, i32 0, void @p_str, i32 0, i32 0, void @p_str, void @p_str, void @p_str, i32 2, i32 2, i32 16, i32 16, void @p_str, void @p_str, i32 4294967295, i32 0" [/home/ytq/codeField/Prediction_Model_Accelerator/CSIM/Reshape_HLS/src/reshape.cpp:30]   --->   Operation 27 'specinterface' 'specinterface_ln30' <Predicate = true> <Delay = 0.00>
ST_6 : Operation 28 [1/1] (0.00ns)   --->   "%empty_102 = specchannel i32 @_ssdm_op_SpecChannel, void @COLS_c_str, i32 1, void @p_str, void @p_str, i32 2, i32 0, i32 %COLS_c, i32 %COLS_c" [/home/ytq/codeField/Prediction_Model_Accelerator/CSIM/Reshape_HLS/src/reshape.cpp:30]   --->   Operation 28 'specchannel' 'empty_102' <Predicate = true> <Delay = 0.00>
ST_6 : Operation 29 [1/1] (0.00ns)   --->   "%specinterface_ln30 = specinterface void @_ssdm_op_SpecInterface, i32 %COLS_c, void @ap_fifo_str, i32 0, i32 0, void @p_str, i32 0, i32 0, void @p_str, void @p_str, void @p_str, i32 2, i32 2, i32 16, i32 16, void @p_str, void @p_str, i32 4294967295, i32 0" [/home/ytq/codeField/Prediction_Model_Accelerator/CSIM/Reshape_HLS/src/reshape.cpp:30]   --->   Operation 29 'specinterface' 'specinterface_ln30' <Predicate = true> <Delay = 0.00>
ST_6 : Operation 30 [1/1] (0.00ns)   --->   "%empty_103 = specchannel i32 @_ssdm_op_SpecChannel, void @ROWS_c9_str, i32 1, void @p_str, void @p_str, i32 2, i32 0, i32 %ROWS_c9, i32 %ROWS_c9" [/home/ytq/codeField/Prediction_Model_Accelerator/CSIM/Reshape_HLS/src/reshape.cpp:30]   --->   Operation 30 'specchannel' 'empty_103' <Predicate = true> <Delay = 0.00>
ST_6 : Operation 31 [1/1] (0.00ns)   --->   "%specinterface_ln30 = specinterface void @_ssdm_op_SpecInterface, i32 %ROWS_c9, void @ap_fifo_str, i32 0, i32 0, void @p_str, i32 0, i32 0, void @p_str, void @p_str, void @p_str, i32 2, i32 2, i32 16, i32 16, void @p_str, void @p_str, i32 4294967295, i32 0" [/home/ytq/codeField/Prediction_Model_Accelerator/CSIM/Reshape_HLS/src/reshape.cpp:30]   --->   Operation 31 'specinterface' 'specinterface_ln30' <Predicate = true> <Delay = 0.00>
ST_6 : Operation 32 [1/1] (0.00ns)   --->   "%empty_104 = specchannel i32 @_ssdm_op_SpecChannel, void @ROWS_c_str, i32 1, void @p_str, void @p_str, i32 2, i32 0, i32 %ROWS_c, i32 %ROWS_c" [/home/ytq/codeField/Prediction_Model_Accelerator/CSIM/Reshape_HLS/src/reshape.cpp:30]   --->   Operation 32 'specchannel' 'empty_104' <Predicate = true> <Delay = 0.00>
ST_6 : Operation 33 [1/1] (0.00ns)   --->   "%specinterface_ln30 = specinterface void @_ssdm_op_SpecInterface, i32 %ROWS_c, void @ap_fifo_str, i32 0, i32 0, void @p_str, i32 0, i32 0, void @p_str, void @p_str, void @p_str, i32 2, i32 2, i32 16, i32 16, void @p_str, void @p_str, i32 4294967295, i32 0" [/home/ytq/codeField/Prediction_Model_Accelerator/CSIM/Reshape_HLS/src/reshape.cpp:30]   --->   Operation 33 'specinterface' 'specinterface_ln30' <Predicate = true> <Delay = 0.00>
ST_6 : Operation 34 [1/1] (0.00ns)   --->   "%empty_105 = specchannel i32 @_ssdm_op_SpecChannel, void @outputs_c_str, i32 1, void @p_str, void @p_str, i32 4, i32 0, i64 %outputs_c, i64 %outputs_c" [/home/ytq/codeField/Prediction_Model_Accelerator/CSIM/Reshape_HLS/src/reshape.cpp:30]   --->   Operation 34 'specchannel' 'empty_105' <Predicate = true> <Delay = 0.00>
ST_6 : Operation 35 [1/1] (0.00ns)   --->   "%specinterface_ln30 = specinterface void @_ssdm_op_SpecInterface, i64 %outputs_c, void @ap_fifo_str, i32 0, i32 0, void @p_str, i32 0, i32 0, void @p_str, void @p_str, void @p_str, i32 2, i32 2, i32 16, i32 16, void @p_str, void @p_str, i32 4294967295, i32 0" [/home/ytq/codeField/Prediction_Model_Accelerator/CSIM/Reshape_HLS/src/reshape.cpp:30]   --->   Operation 35 'specinterface' 'specinterface_ln30' <Predicate = true> <Delay = 0.00>
ST_6 : Operation 36 [1/1] (0.00ns)   --->   "%empty_106 = specchannel i32 @_ssdm_op_SpecChannel, void @input_data_addr_c_str, i32 1, void @p_str, void @p_str, i32 3, i32 0, i32 %input_data_addr_c, i32 %input_data_addr_c" [/home/ytq/codeField/Prediction_Model_Accelerator/CSIM/Reshape_HLS/src/reshape.cpp:30]   --->   Operation 36 'specchannel' 'empty_106' <Predicate = true> <Delay = 0.00>
ST_6 : Operation 37 [1/1] (0.00ns)   --->   "%specinterface_ln30 = specinterface void @_ssdm_op_SpecInterface, i32 %input_data_addr_c, void @ap_fifo_str, i32 0, i32 0, void @p_str, i32 0, i32 0, void @p_str, void @p_str, void @p_str, i32 2, i32 2, i32 16, i32 16, void @p_str, void @p_str, i32 4294967295, i32 0" [/home/ytq/codeField/Prediction_Model_Accelerator/CSIM/Reshape_HLS/src/reshape.cpp:30]   --->   Operation 37 'specinterface' 'specinterface_ln30' <Predicate = true> <Delay = 0.00>
ST_6 : Operation 38 [1/1] (0.00ns)   --->   "%specdataflowpipeline_ln30 = specdataflowpipeline void @_ssdm_op_SpecDataflowPipeline, i32 4294967295, i32 0, void @empty_19" [/home/ytq/codeField/Prediction_Model_Accelerator/CSIM/Reshape_HLS/src/reshape.cpp:30]   --->   Operation 38 'specdataflowpipeline' 'specdataflowpipeline_ln30' <Predicate = true> <Delay = 0.00>
ST_6 : Operation 39 [1/1] (0.00ns)   --->   "%spectopmodule_ln3 = spectopmodule void @_ssdm_op_SpecTopModule, void @empty_4" [/home/ytq/codeField/Prediction_Model_Accelerator/CSIM/Reshape_HLS/src/reshape.cpp:3]   --->   Operation 39 'spectopmodule' 'spectopmodule_ln3' <Predicate = true> <Delay = 0.00>
ST_6 : Operation 40 [1/1] (0.00ns)   --->   "%specinterface_ln0 = specinterface void @_ssdm_op_SpecInterface, i256 %reshape_data, void @empty_18, i32 0, i32 0, void @empty_19, i32 0, i32 0, void @empty_5, void @empty_16, void @empty_19, i32 16, i32 16, i32 16, i32 16, void @empty_19, void @empty_19, i32 4294967295, i32 0"   --->   Operation 40 'specinterface' 'specinterface_ln0' <Predicate = true> <Delay = 0.00>
ST_6 : Operation 41 [1/1] (0.00ns)   --->   "%specbitsmap_ln0 = specbitsmap void @_ssdm_op_SpecBitsMap, i256 %reshape_data"   --->   Operation 41 'specbitsmap' 'specbitsmap_ln0' <Predicate = true> <Delay = 0.00>
ST_6 : Operation 42 [1/1] (0.00ns)   --->   "%specbitsmap_ln0 = specbitsmap void @_ssdm_op_SpecBitsMap, i32 %input_data_addr"   --->   Operation 42 'specbitsmap' 'specbitsmap_ln0' <Predicate = true> <Delay = 0.00>
ST_6 : Operation 43 [1/1] (0.00ns)   --->   "%specinterface_ln0 = specinterface void @_ssdm_op_SpecInterface, i32 %input_data_addr, void @empty_14, i32 0, i32 0, void @empty_19, i32 0, i32 0, void @empty_2, void @empty_1, void @empty_19, i32 0, i32 0, i32 0, i32 0, void @empty_19, void @empty_19, i32 4294967295, i32 0"   --->   Operation 43 'specinterface' 'specinterface_ln0' <Predicate = true> <Delay = 0.00>
ST_6 : Operation 44 [1/1] (0.00ns)   --->   "%specinterface_ln0 = specinterface void @_ssdm_op_SpecInterface, i32 %input_data_addr, void @empty_0, i32 0, i32 0, void @empty_19, i32 0, i32 0, void @empty_19, void @empty_19, void @empty_19, i32 0, i32 0, i32 0, i32 0, void @empty_19, void @empty_19, i32 4294967295, i32 0"   --->   Operation 44 'specinterface' 'specinterface_ln0' <Predicate = true> <Delay = 0.00>
ST_6 : Operation 45 [1/1] (0.00ns)   --->   "%specinterface_ln0 = specinterface void @_ssdm_op_SpecInterface, i64 %inputs, void @empty_14, i32 0, i32 0, void @empty_19, i32 0, i32 0, void @empty_2, void @empty, void @empty_19, i32 0, i32 0, i32 0, i32 0, void @empty_19, void @empty_12, i32 4294967295, i32 0"   --->   Operation 45 'specinterface' 'specinterface_ln0' <Predicate = true> <Delay = 0.00>
ST_6 : Operation 46 [1/1] (0.00ns)   --->   "%specinterface_ln0 = specinterface void @_ssdm_op_SpecInterface, i64 %inputs, void @empty_0, i32 0, i32 0, void @empty_19, i32 0, i32 0, void @empty_19, void @empty_19, void @empty_19, i32 0, i32 0, i32 0, i32 0, void @empty_19, void @empty_12, i32 4294967295, i32 0"   --->   Operation 46 'specinterface' 'specinterface_ln0' <Predicate = true> <Delay = 0.00>
ST_6 : Operation 47 [1/1] (0.00ns)   --->   "%specinterface_ln0 = specinterface void @_ssdm_op_SpecInterface, i64 %outputs, void @empty_14, i32 0, i32 0, void @empty_19, i32 0, i32 0, void @empty_2, void @empty_10, void @empty_19, i32 0, i32 0, i32 0, i32 0, void @empty_19, void @empty_12, i32 4294967295, i32 0"   --->   Operation 47 'specinterface' 'specinterface_ln0' <Predicate = true> <Delay = 0.00>
ST_6 : Operation 48 [1/1] (0.00ns)   --->   "%specinterface_ln0 = specinterface void @_ssdm_op_SpecInterface, i64 %outputs, void @empty_0, i32 0, i32 0, void @empty_19, i32 0, i32 0, void @empty_19, void @empty_19, void @empty_19, i32 0, i32 0, i32 0, i32 0, void @empty_19, void @empty_12, i32 4294967295, i32 0"   --->   Operation 48 'specinterface' 'specinterface_ln0' <Predicate = true> <Delay = 0.00>
ST_6 : Operation 49 [1/1] (0.00ns)   --->   "%specbitsmap_ln0 = specbitsmap void @_ssdm_op_SpecBitsMap, i32 %ROWS"   --->   Operation 49 'specbitsmap' 'specbitsmap_ln0' <Predicate = true> <Delay = 0.00>
ST_6 : Operation 50 [1/1] (0.00ns)   --->   "%specinterface_ln0 = specinterface void @_ssdm_op_SpecInterface, i32 %ROWS, void @empty_14, i32 0, i32 0, void @empty_19, i32 0, i32 0, void @empty_2, void @empty_11, void @empty_19, i32 0, i32 0, i32 0, i32 0, void @empty_19, void @empty_19, i32 4294967295, i32 0"   --->   Operation 50 'specinterface' 'specinterface_ln0' <Predicate = true> <Delay = 0.00>
ST_6 : Operation 51 [1/1] (0.00ns)   --->   "%specinterface_ln0 = specinterface void @_ssdm_op_SpecInterface, i32 %ROWS, void @empty_0, i32 0, i32 0, void @empty_19, i32 0, i32 0, void @empty_19, void @empty_19, void @empty_19, i32 0, i32 0, i32 0, i32 0, void @empty_19, void @empty_19, i32 4294967295, i32 0"   --->   Operation 51 'specinterface' 'specinterface_ln0' <Predicate = true> <Delay = 0.00>
ST_6 : Operation 52 [1/1] (0.00ns)   --->   "%specbitsmap_ln0 = specbitsmap void @_ssdm_op_SpecBitsMap, i32 %COLS"   --->   Operation 52 'specbitsmap' 'specbitsmap_ln0' <Predicate = true> <Delay = 0.00>
ST_6 : Operation 53 [1/1] (0.00ns)   --->   "%specinterface_ln0 = specinterface void @_ssdm_op_SpecInterface, i32 %COLS, void @empty_14, i32 0, i32 0, void @empty_19, i32 0, i32 0, void @empty_2, void @empty_3, void @empty_19, i32 0, i32 0, i32 0, i32 0, void @empty_19, void @empty_19, i32 4294967295, i32 0"   --->   Operation 53 'specinterface' 'specinterface_ln0' <Predicate = true> <Delay = 0.00>
ST_6 : Operation 54 [1/1] (0.00ns)   --->   "%specinterface_ln0 = specinterface void @_ssdm_op_SpecInterface, i32 %COLS, void @empty_0, i32 0, i32 0, void @empty_19, i32 0, i32 0, void @empty_19, void @empty_19, void @empty_19, i32 0, i32 0, i32 0, i32 0, void @empty_19, void @empty_19, i32 4294967295, i32 0"   --->   Operation 54 'specinterface' 'specinterface_ln0' <Predicate = true> <Delay = 0.00>
ST_6 : Operation 55 [1/1] (0.00ns)   --->   "%specbitsmap_ln0 = specbitsmap void @_ssdm_op_SpecBitsMap, i1 %reshape_flag"   --->   Operation 55 'specbitsmap' 'specbitsmap_ln0' <Predicate = true> <Delay = 0.00>
ST_6 : Operation 56 [1/1] (0.00ns)   --->   "%specinterface_ln0 = specinterface void @_ssdm_op_SpecInterface, i1 %reshape_flag, void @empty_14, i32 0, i32 0, void @empty_19, i32 0, i32 0, void @empty_2, void @empty_13, void @empty_19, i32 0, i32 0, i32 0, i32 0, void @empty_19, void @empty_19, i32 4294967295, i32 0"   --->   Operation 56 'specinterface' 'specinterface_ln0' <Predicate = true> <Delay = 0.00>
ST_6 : Operation 57 [1/1] (0.00ns)   --->   "%specinterface_ln0 = specinterface void @_ssdm_op_SpecInterface, i1 %reshape_flag, void @empty_0, i32 0, i32 0, void @empty_19, i32 0, i32 0, void @empty_19, void @empty_19, void @empty_19, i32 0, i32 0, i32 0, i32 0, void @empty_19, void @empty_19, i32 4294967295, i32 0"   --->   Operation 57 'specinterface' 'specinterface_ln0' <Predicate = true> <Delay = 0.00>
ST_6 : Operation 58 [1/1] (0.00ns)   --->   "%specinterface_ln0 = specinterface void @_ssdm_op_SpecInterface, i32 0, void @empty_14, i32 0, i32 0, void @empty_19, i32 0, i32 0, void @empty_2, void @empty_19, void @empty_19, i32 0, i32 0, i32 0, i32 0, void @empty_19, void @empty_19, i32 4294967295, i32 0"   --->   Operation 58 'specinterface' 'specinterface_ln0' <Predicate = true> <Delay = 0.00>
ST_6 : Operation 59 [1/1] (0.00ns)   --->   "%empty_107 = specchannel i32 @_ssdm_op_SpecChannel, void @data_in_str, i32 1, void @p_str, void @p_str, i32 16, i32 16, i256 %data_in, i256 %data_in"   --->   Operation 59 'specchannel' 'empty_107' <Predicate = true> <Delay = 0.00>
ST_6 : Operation 60 [1/1] (0.00ns)   --->   "%specinterface_ln0 = specinterface void @_ssdm_op_SpecInterface, i256 %data_in, void @empty_7, i32 0, i32 0, void @empty_19, i32 0, i32 0, void @empty_19, void @empty_19, void @empty_19, i32 0, i32 0, i32 0, i32 0, void @empty_19, void @empty_19, i32 4294967295, i32 0"   --->   Operation 60 'specinterface' 'specinterface_ln0' <Predicate = true> <Delay = 0.00>
ST_6 : Operation 61 [1/1] (0.00ns)   --->   "%empty_108 = specchannel i32 @_ssdm_op_SpecChannel, void @data_out_str, i32 1, void @p_str, void @p_str, i32 16, i32 16, i256 %data_out, i256 %data_out"   --->   Operation 61 'specchannel' 'empty_108' <Predicate = true> <Delay = 0.00>
ST_6 : Operation 62 [1/1] (0.00ns)   --->   "%specinterface_ln0 = specinterface void @_ssdm_op_SpecInterface, i256 %data_out, void @empty_7, i32 0, i32 0, void @empty_19, i32 0, i32 0, void @empty_19, void @empty_19, void @empty_19, i32 0, i32 0, i32 0, i32 0, void @empty_19, void @empty_19, i32 4294967295, i32 0"   --->   Operation 62 'specinterface' 'specinterface_ln0' <Predicate = true> <Delay = 0.00>
ST_6 : Operation 63 [1/2] (0.00ns)   --->   "%call_ln33 = call void @store<ap_uint<256>, ap_int<8>, ap_int<8>, 32u>, i256 %data_out, i256 %reshape_data, i64 %outputs_c, i32 %input_data_addr_c, i32 %ROWS_c, i32 %COLS_c, i1 %reshape_flag" [/home/ytq/codeField/Prediction_Model_Accelerator/CSIM/Reshape_HLS/src/reshape.cpp:33]   --->   Operation 63 'call' 'call_ln33' <Predicate = true> <Delay = 0.00> <CoreType = "Generic">   --->   Core 0 '' <Latency = 0> <II = 1> <Delay = 1.00> <Generic> <Opcode : >
ST_6 : Operation 64 [1/1] (0.00ns)   --->   "%ret_ln34 = ret" [/home/ytq/codeField/Prediction_Model_Accelerator/CSIM/Reshape_HLS/src/reshape.cpp:34]   --->   Operation 64 'ret' 'ret_ln34' <Predicate = true> <Delay = 0.00>


============================================================
+ Verbose Summary: Timing violations
============================================================
Target clock period: 10ns, clock uncertainty: 2.7ns.

 <State 1>: 4.42ns
The critical path consists of the following:
	s_axi read operation ('COLS_read', /home/ytq/codeField/Prediction_Model_Accelerator/CSIM/Reshape_HLS/src/reshape.cpp:30) on port 'COLS' (/home/ytq/codeField/Prediction_Model_Accelerator/CSIM/Reshape_HLS/src/reshape.cpp:30) [8]  (1 ns)
	'call' operation ('call_ln31', /home/ytq/codeField/Prediction_Model_Accelerator/CSIM/Reshape_HLS/src/reshape.cpp:31) to 'read_inputs<ap_uint<256>, ap_int<8>, 32u>' [59]  (3.42 ns)

 <State 2>: 0ns
The critical path consists of the following:

 <State 3>: 0ns
The critical path consists of the following:

 <State 4>: 0ns
The critical path consists of the following:

 <State 5>: 0ns
The critical path consists of the following:

 <State 6>: 0ns
The critical path consists of the following:


============================================================
+ Verbose Summary: Binding
============================================================
N/A
* FSMD analyzer results:
  - Output states:
 - Input state : 
  - Chain level:
	State 1
	State 2
	State 3
	State 4
	State 5
	State 6


============================================================
+ Verbose Summary: Datapath Resource usage 
============================================================
N/A
