

================================================================
== Vitis HLS Report for 'reshape_stream_ap_int_ap_int_8_32u_Pipeline_VITIS_LOOP_51_3_VITIS_LOOP_52_4'
================================================================
* Date:           Tue May 14 17:39:03 2024

* Version:        2022.2 (Build 3670227 on Oct 13 2022)
* Project:        Reshape_HLS.prj
* Solution:       sol (Vivado IP Flow Target)
* Product family: zynquplus
* Target device:  xczu7ev-ffvc1156-2-e


================================================================
== Performance Estimates
================================================================
+ Timing: 
    * Summary: 
    +--------+----------+----------+------------+
    |  Clock |  Target  | Estimated| Uncertainty|
    +--------+----------+----------+------------+
    |ap_clk  |  10.00 ns|  3.489 ns|     2.70 ns|
    +--------+----------+----------+------------+

+ Latency: 
    * Summary: 
    +---------+---------+----------+----------+-----+-----+---------+
    |  Latency (cycles) |  Latency (absolute) |  Interval | Pipeline|
    |   min   |   max   |    min   |    max   | min | max |   Type  |
    +---------+---------+----------+----------+-----+-----+---------+
    |        ?|        ?|         ?|         ?|    ?|    ?|       no|
    +---------+---------+----------+----------+-----+-----+---------+

    + Detail: 
        * Instance: 
        N/A

        * Loop: 
        +-----------------------------------+---------+---------+----------+-----------+-----------+------+----------+
        |                                   |  Latency (cycles) | Iteration|  Initiation Interval  | Trip |          |
        |             Loop Name             |   min   |   max   |  Latency |  achieved |   target  | Count| Pipelined|
        +-----------------------------------+---------+---------+----------+-----------+-----------+------+----------+
        |- VITIS_LOOP_51_3_VITIS_LOOP_52_4  |        ?|        ?|         3|          1|          1|     ?|       yes|
        +-----------------------------------+---------+---------+----------+-----------+-----------+------+----------+

============================================================
+ Verbose Summary: Synthesis Manager
============================================================
InlineROM: 1
ExposeGlobal: 0
============================================================
+ Verbose Summary: CDFG Model
============================================================
IsTopModel: 0
ResetActiveHigh: 1
IsCombinational: 0
IsDatapathOnly: 0
HasWiredReturn: 1
HasMFsm: 2
HasVarLatency: 1
IsPipeline: 0
IsRtlPipelined: 0
IsInstanceOverlapped: 0
IsDontTouch: 0
HasImplIP: 0
IsGatedGlobalClock: 0

+ Individual pipeline summary: 
  * Pipeline-0: initiation interval (II) = 1, depth = 4


============================================================
+ Verbose Summary: Schedule
============================================================
* Number of FSM states : 4
* Pipeline : 1
  Pipeline-0 : II = 1, D = 4, States = { 1 2 3 4 }
* Dataflow Pipeline: 0

* FSM state transitions: 
1 --> 2 
2 --> 3 
3 --> 4 
4 --> 

* FSM state operations: 

State 1 <SV = 0> <Delay = 0.42>
ST_1 : Operation 6 [1/1] (0.00ns)   --->   "%out_addr = alloca i32 1"   --->   Operation 6 'alloca' 'out_addr' <Predicate = true> <Delay = 0.00>
ST_1 : Operation 7 [1/1] (0.00ns)   --->   "%j = alloca i32 1"   --->   Operation 7 'alloca' 'j' <Predicate = true> <Delay = 0.00>
ST_1 : Operation 8 [1/1] (0.00ns)   --->   "%i = alloca i32 1"   --->   Operation 8 'alloca' 'i' <Predicate = true> <Delay = 0.00>
ST_1 : Operation 9 [1/1] (0.00ns)   --->   "%indvar_flatten = alloca i32 1"   --->   Operation 9 'alloca' 'indvar_flatten' <Predicate = true> <Delay = 0.00>
ST_1 : Operation 10 [1/1] (0.00ns)   --->   "%data_out_m_Val_V = alloca i32 1"   --->   Operation 10 'alloca' 'data_out_m_Val_V' <Predicate = true> <Delay = 0.00>
ST_1 : Operation 11 [1/1] (0.00ns)   --->   "%data_out_m_Val_V_1 = alloca i32 1"   --->   Operation 11 'alloca' 'data_out_m_Val_V_1' <Predicate = true> <Delay = 0.00>
ST_1 : Operation 12 [1/1] (0.00ns)   --->   "%data_out_m_Val_V_2 = alloca i32 1"   --->   Operation 12 'alloca' 'data_out_m_Val_V_2' <Predicate = true> <Delay = 0.00>
ST_1 : Operation 13 [1/1] (0.00ns)   --->   "%data_out_m_Val_V_3 = alloca i32 1"   --->   Operation 13 'alloca' 'data_out_m_Val_V_3' <Predicate = true> <Delay = 0.00>
ST_1 : Operation 14 [1/1] (0.00ns)   --->   "%data_out_m_Val_V_4 = alloca i32 1"   --->   Operation 14 'alloca' 'data_out_m_Val_V_4' <Predicate = true> <Delay = 0.00>
ST_1 : Operation 15 [1/1] (0.00ns)   --->   "%data_out_m_Val_V_5 = alloca i32 1"   --->   Operation 15 'alloca' 'data_out_m_Val_V_5' <Predicate = true> <Delay = 0.00>
ST_1 : Operation 16 [1/1] (0.00ns)   --->   "%data_out_m_Val_V_6 = alloca i32 1"   --->   Operation 16 'alloca' 'data_out_m_Val_V_6' <Predicate = true> <Delay = 0.00>
ST_1 : Operation 17 [1/1] (0.00ns)   --->   "%data_out_m_Val_V_7 = alloca i32 1"   --->   Operation 17 'alloca' 'data_out_m_Val_V_7' <Predicate = true> <Delay = 0.00>
ST_1 : Operation 18 [1/1] (0.00ns)   --->   "%data_out_m_Val_V_8 = alloca i32 1"   --->   Operation 18 'alloca' 'data_out_m_Val_V_8' <Predicate = true> <Delay = 0.00>
ST_1 : Operation 19 [1/1] (0.00ns)   --->   "%data_out_m_Val_V_9 = alloca i32 1"   --->   Operation 19 'alloca' 'data_out_m_Val_V_9' <Predicate = true> <Delay = 0.00>
ST_1 : Operation 20 [1/1] (0.00ns)   --->   "%data_out_m_Val_V_10 = alloca i32 1"   --->   Operation 20 'alloca' 'data_out_m_Val_V_10' <Predicate = true> <Delay = 0.00>
ST_1 : Operation 21 [1/1] (0.00ns)   --->   "%data_out_m_Val_V_11 = alloca i32 1"   --->   Operation 21 'alloca' 'data_out_m_Val_V_11' <Predicate = true> <Delay = 0.00>
ST_1 : Operation 22 [1/1] (0.00ns)   --->   "%data_out_m_Val_V_12 = alloca i32 1"   --->   Operation 22 'alloca' 'data_out_m_Val_V_12' <Predicate = true> <Delay = 0.00>
ST_1 : Operation 23 [1/1] (0.00ns)   --->   "%data_out_m_Val_V_13 = alloca i32 1"   --->   Operation 23 'alloca' 'data_out_m_Val_V_13' <Predicate = true> <Delay = 0.00>
ST_1 : Operation 24 [1/1] (0.00ns)   --->   "%data_out_m_Val_V_14 = alloca i32 1"   --->   Operation 24 'alloca' 'data_out_m_Val_V_14' <Predicate = true> <Delay = 0.00>
ST_1 : Operation 25 [1/1] (0.00ns)   --->   "%data_out_m_Val_V_15 = alloca i32 1"   --->   Operation 25 'alloca' 'data_out_m_Val_V_15' <Predicate = true> <Delay = 0.00>
ST_1 : Operation 26 [1/1] (0.00ns)   --->   "%data_out_m_Val_V_16 = alloca i32 1"   --->   Operation 26 'alloca' 'data_out_m_Val_V_16' <Predicate = true> <Delay = 0.00>
ST_1 : Operation 27 [1/1] (0.00ns)   --->   "%data_out_m_Val_V_17 = alloca i32 1"   --->   Operation 27 'alloca' 'data_out_m_Val_V_17' <Predicate = true> <Delay = 0.00>
ST_1 : Operation 28 [1/1] (0.00ns)   --->   "%data_out_m_Val_V_18 = alloca i32 1"   --->   Operation 28 'alloca' 'data_out_m_Val_V_18' <Predicate = true> <Delay = 0.00>
ST_1 : Operation 29 [1/1] (0.00ns)   --->   "%data_out_m_Val_V_19 = alloca i32 1"   --->   Operation 29 'alloca' 'data_out_m_Val_V_19' <Predicate = true> <Delay = 0.00>
ST_1 : Operation 30 [1/1] (0.00ns)   --->   "%data_out_m_Val_V_20 = alloca i32 1"   --->   Operation 30 'alloca' 'data_out_m_Val_V_20' <Predicate = true> <Delay = 0.00>
ST_1 : Operation 31 [1/1] (0.00ns)   --->   "%data_out_m_Val_V_21 = alloca i32 1"   --->   Operation 31 'alloca' 'data_out_m_Val_V_21' <Predicate = true> <Delay = 0.00>
ST_1 : Operation 32 [1/1] (0.00ns)   --->   "%data_out_m_Val_V_22 = alloca i32 1"   --->   Operation 32 'alloca' 'data_out_m_Val_V_22' <Predicate = true> <Delay = 0.00>
ST_1 : Operation 33 [1/1] (0.00ns)   --->   "%data_out_m_Val_V_23 = alloca i32 1"   --->   Operation 33 'alloca' 'data_out_m_Val_V_23' <Predicate = true> <Delay = 0.00>
ST_1 : Operation 34 [1/1] (0.00ns)   --->   "%data_out_m_Val_V_24 = alloca i32 1"   --->   Operation 34 'alloca' 'data_out_m_Val_V_24' <Predicate = true> <Delay = 0.00>
ST_1 : Operation 35 [1/1] (0.00ns)   --->   "%data_out_m_Val_V_25 = alloca i32 1"   --->   Operation 35 'alloca' 'data_out_m_Val_V_25' <Predicate = true> <Delay = 0.00>
ST_1 : Operation 36 [1/1] (0.00ns)   --->   "%data_out_m_Val_V_26 = alloca i32 1"   --->   Operation 36 'alloca' 'data_out_m_Val_V_26' <Predicate = true> <Delay = 0.00>
ST_1 : Operation 37 [1/1] (0.00ns)   --->   "%data_out_m_Val_V_27 = alloca i32 1"   --->   Operation 37 'alloca' 'data_out_m_Val_V_27' <Predicate = true> <Delay = 0.00>
ST_1 : Operation 38 [1/1] (0.00ns)   --->   "%data_out_m_Val_V_28 = alloca i32 1"   --->   Operation 38 'alloca' 'data_out_m_Val_V_28' <Predicate = true> <Delay = 0.00>
ST_1 : Operation 39 [1/1] (0.00ns)   --->   "%data_out_m_Val_V_29 = alloca i32 1"   --->   Operation 39 'alloca' 'data_out_m_Val_V_29' <Predicate = true> <Delay = 0.00>
ST_1 : Operation 40 [1/1] (0.00ns)   --->   "%data_out_m_Val_V_30 = alloca i32 1"   --->   Operation 40 'alloca' 'data_out_m_Val_V_30' <Predicate = true> <Delay = 0.00>
ST_1 : Operation 41 [1/1] (0.00ns)   --->   "%data_out_m_Val_V_31 = alloca i32 1"   --->   Operation 41 'alloca' 'data_out_m_Val_V_31' <Predicate = true> <Delay = 0.00>
ST_1 : Operation 42 [1/1] (0.00ns)   --->   "%specinterface_ln0 = specinterface void @_ssdm_op_SpecInterface, i256 %data_out2, void @empty_7, i32 0, i32 0, void @empty_19, i32 0, i32 0, void @empty_19, void @empty_19, void @empty_19, i32 0, i32 0, i32 0, i32 0, void @empty_19, void @empty_19, i32 4294967295, i32 0"   --->   Operation 42 'specinterface' 'specinterface_ln0' <Predicate = true> <Delay = 0.00>
ST_1 : Operation 43 [1/1] (0.00ns)   --->   "%ROWS_load_read = read i32 @_ssdm_op_Read.ap_auto.i32, i32 %ROWS_load"   --->   Operation 43 'read' 'ROWS_load_read' <Predicate = true> <Delay = 0.00>
ST_1 : Operation 44 [1/1] (0.00ns)   --->   "%mul_ln51_read = read i64 @_ssdm_op_Read.ap_auto.i64, i64 %mul_ln51"   --->   Operation 44 'read' 'mul_ln51_read' <Predicate = true> <Delay = 0.00>
ST_1 : Operation 45 [1/1] (0.42ns)   --->   "%store_ln0 = store i64 0, i64 %indvar_flatten"   --->   Operation 45 'store' 'store_ln0' <Predicate = true> <Delay = 0.42>
ST_1 : Operation 46 [1/1] (0.42ns)   --->   "%store_ln0 = store i32 0, i32 %i"   --->   Operation 46 'store' 'store_ln0' <Predicate = true> <Delay = 0.42>
ST_1 : Operation 47 [1/1] (0.42ns)   --->   "%store_ln0 = store i32 0, i32 %j"   --->   Operation 47 'store' 'store_ln0' <Predicate = true> <Delay = 0.42>
ST_1 : Operation 48 [1/1] (0.42ns)   --->   "%store_ln0 = store i32 0, i32 %out_addr"   --->   Operation 48 'store' 'store_ln0' <Predicate = true> <Delay = 0.42>
ST_1 : Operation 49 [1/1] (0.00ns)   --->   "%br_ln0 = br void %for.body32"   --->   Operation 49 'br' 'br_ln0' <Predicate = true> <Delay = 0.00>

State 2 <SV = 1> <Delay = 3.48>
ST_2 : Operation 50 [1/1] (0.00ns)   --->   "%out_addr_2 = load i32 %out_addr" [/home/ytq/codeField/Prediction_Model_Accelerator/CSIM/Reshape_HLS/src/../include/helpers.hpp:53]   --->   Operation 50 'load' 'out_addr_2' <Predicate = true> <Delay = 0.00>
ST_2 : Operation 51 [1/1] (0.00ns)   --->   "%indvar_flatten_load = load i64 %indvar_flatten" [/home/ytq/codeField/Prediction_Model_Accelerator/CSIM/Reshape_HLS/src/../include/helpers.hpp:51]   --->   Operation 51 'load' 'indvar_flatten_load' <Predicate = true> <Delay = 0.00>
ST_2 : Operation 52 [1/1] (0.00ns)   --->   "%specpipeline_ln0 = specpipeline void @_ssdm_op_SpecPipeline, i32 4294967295, i32 0, i32 1, i32 0, void @p_str"   --->   Operation 52 'specpipeline' 'specpipeline_ln0' <Predicate = true> <Delay = 0.00>
ST_2 : Operation 53 [1/1] (1.13ns)   --->   "%icmp_ln51 = icmp_eq  i64 %indvar_flatten_load, i64 %mul_ln51_read" [/home/ytq/codeField/Prediction_Model_Accelerator/CSIM/Reshape_HLS/src/../include/helpers.hpp:51]   --->   Operation 53 'icmp' 'icmp_ln51' <Predicate = true> <Delay = 1.13> <CoreInst = "Cmp">   --->   Core 9 'Cmp' <Latency = 0> <II = 1> <Delay = 1.13> <FuncUnit> <Opcode : 'icmp'> <InPorts = 2> <OutPorts = 1>
ST_2 : Operation 54 [1/1] (1.08ns)   --->   "%add_ln51_1 = add i64 %indvar_flatten_load, i64 1" [/home/ytq/codeField/Prediction_Model_Accelerator/CSIM/Reshape_HLS/src/../include/helpers.hpp:51]   --->   Operation 54 'add' 'add_ln51_1' <Predicate = true> <Delay = 1.08> <CoreInst = "Adder">   --->   Core 1 'Adder' <Latency = 0> <II = 1> <Delay = 1.08> <FuncUnit> <Opcode : 'add' 'sub'> <InPorts = 2> <OutPorts = 1>
ST_2 : Operation 55 [1/1] (0.00ns)   --->   "%br_ln51 = br i1 %icmp_ln51, void %for.inc46.loopexit, void %for.end48.loopexit.exitStub" [/home/ytq/codeField/Prediction_Model_Accelerator/CSIM/Reshape_HLS/src/../include/helpers.hpp:51]   --->   Operation 55 'br' 'br_ln51' <Predicate = true> <Delay = 0.00>
ST_2 : Operation 56 [1/1] (0.00ns)   --->   "%j_load = load i32 %j" [/home/ytq/codeField/Prediction_Model_Accelerator/CSIM/Reshape_HLS/src/../include/helpers.hpp:52]   --->   Operation 56 'load' 'j_load' <Predicate = (!icmp_ln51)> <Delay = 0.00>
ST_2 : Operation 57 [1/1] (0.00ns)   --->   "%i_load = load i32 %i" [/home/ytq/codeField/Prediction_Model_Accelerator/CSIM/Reshape_HLS/src/../include/helpers.hpp:51]   --->   Operation 57 'load' 'i_load' <Predicate = (!icmp_ln51)> <Delay = 0.00>
ST_2 : Operation 58 [1/1] (1.01ns)   --->   "%add_ln51 = add i32 %i_load, i32 1" [/home/ytq/codeField/Prediction_Model_Accelerator/CSIM/Reshape_HLS/src/../include/helpers.hpp:51]   --->   Operation 58 'add' 'add_ln51' <Predicate = (!icmp_ln51)> <Delay = 1.01> <CoreInst = "Adder">   --->   Core 1 'Adder' <Latency = 0> <II = 1> <Delay = 1.01> <FuncUnit> <Opcode : 'add' 'sub'> <InPorts = 2> <OutPorts = 1>
ST_2 : Operation 59 [1/1] (0.99ns)   --->   "%icmp_ln52 = icmp_eq  i32 %j_load, i32 %ROWS_load_read" [/home/ytq/codeField/Prediction_Model_Accelerator/CSIM/Reshape_HLS/src/../include/helpers.hpp:52]   --->   Operation 59 'icmp' 'icmp_ln52' <Predicate = (!icmp_ln51)> <Delay = 0.99> <CoreInst = "Cmp">   --->   Core 9 'Cmp' <Latency = 0> <II = 1> <Delay = 0.99> <FuncUnit> <Opcode : 'icmp'> <InPorts = 2> <OutPorts = 1>
ST_2 : Operation 60 [1/1] (0.44ns)   --->   "%select_ln51 = select i1 %icmp_ln52, i32 0, i32 %j_load" [/home/ytq/codeField/Prediction_Model_Accelerator/CSIM/Reshape_HLS/src/../include/helpers.hpp:51]   --->   Operation 60 'select' 'select_ln51' <Predicate = (!icmp_ln51)> <Delay = 0.44> <CoreInst = "Sel">   --->   Core 73 'Sel' <Latency = 0> <II = 1> <Delay = 0.44> <FuncUnit> <Opcode : 'select'> <InPorts = 3> <OutPorts = 1>
ST_2 : Operation 61 [1/1] (0.44ns)   --->   "%select_ln51_1 = select i1 %icmp_ln52, i32 %add_ln51, i32 %i_load" [/home/ytq/codeField/Prediction_Model_Accelerator/CSIM/Reshape_HLS/src/../include/helpers.hpp:51]   --->   Operation 61 'select' 'select_ln51_1' <Predicate = (!icmp_ln51)> <Delay = 0.44> <CoreInst = "Sel">   --->   Core 73 'Sel' <Latency = 0> <II = 1> <Delay = 0.44> <FuncUnit> <Opcode : 'select'> <InPorts = 3> <OutPorts = 1>
ST_2 : Operation 62 [1/1] (0.00ns)   --->   "%trunc_ln53 = trunc i32 %select_ln51_1" [/home/ytq/codeField/Prediction_Model_Accelerator/CSIM/Reshape_HLS/src/../include/helpers.hpp:53]   --->   Operation 62 'trunc' 'trunc_ln53' <Predicate = (!icmp_ln51)> <Delay = 0.00>
ST_2 : Operation 63 [1/1] (0.00ns)   --->   "%tmp_s = bitconcatenate i10 @_ssdm_op_BitConcatenate.i10.i5.i5, i5 %trunc_ln53, i5 0" [/home/ytq/codeField/Prediction_Model_Accelerator/CSIM/Reshape_HLS/src/../include/helpers.hpp:53]   --->   Operation 63 'bitconcatenate' 'tmp_s' <Predicate = (!icmp_ln51)> <Delay = 0.00>
ST_2 : Operation 64 [1/1] (0.00ns)   --->   "%trunc_ln53_1 = trunc i32 %select_ln51" [/home/ytq/codeField/Prediction_Model_Accelerator/CSIM/Reshape_HLS/src/../include/helpers.hpp:53]   --->   Operation 64 'trunc' 'trunc_ln53_1' <Predicate = (!icmp_ln51)> <Delay = 0.00>
ST_2 : Operation 65 [1/1] (0.78ns)   --->   "%add_ln53 = add i10 %tmp_s, i10 %trunc_ln53_1" [/home/ytq/codeField/Prediction_Model_Accelerator/CSIM/Reshape_HLS/src/../include/helpers.hpp:53]   --->   Operation 65 'add' 'add_ln53' <Predicate = (!icmp_ln51)> <Delay = 0.78> <CoreInst = "Adder">   --->   Core 1 'Adder' <Latency = 0> <II = 1> <Delay = 0.78> <FuncUnit> <Opcode : 'add' 'sub'> <InPorts = 2> <OutPorts = 1>
ST_2 : Operation 66 [1/1] (0.00ns)   --->   "%zext_ln53 = zext i10 %add_ln53" [/home/ytq/codeField/Prediction_Model_Accelerator/CSIM/Reshape_HLS/src/../include/helpers.hpp:53]   --->   Operation 66 'zext' 'zext_ln53' <Predicate = (!icmp_ln51)> <Delay = 0.00>
ST_2 : Operation 67 [1/1] (0.00ns)   --->   "%buffer_V_addr_1 = getelementptr i8 %buffer_V, i64 0, i64 %zext_ln53" [/home/ytq/codeField/Prediction_Model_Accelerator/CSIM/Reshape_HLS/src/../include/helpers.hpp:53]   --->   Operation 67 'getelementptr' 'buffer_V_addr_1' <Predicate = (!icmp_ln51)> <Delay = 0.00>
ST_2 : Operation 68 [2/2] (1.23ns)   --->   "%data_out_m_Val_V_32 = load i10 %buffer_V_addr_1" [/home/ytq/codeField/Prediction_Model_Accelerator/CSIM/Reshape_HLS/src/../include/helpers.hpp:53]   --->   Operation 68 'load' 'data_out_m_Val_V_32' <Predicate = (!icmp_ln51)> <Delay = 1.23> <CoreInst = "RAM">   --->   Core 83 'RAM' <Latency = 1> <II = 1> <Delay = 1.23> <Storage> <Opcode : 'load' 'store'> <Ports = 2> <Width = 8> <Depth = 1024> <RAM>
ST_2 : Operation 69 [1/1] (0.00ns)   --->   "%trunc_ln53_2 = trunc i32 %out_addr_2" [/home/ytq/codeField/Prediction_Model_Accelerator/CSIM/Reshape_HLS/src/../include/helpers.hpp:53]   --->   Operation 69 'trunc' 'trunc_ln53_2' <Predicate = (!icmp_ln51)> <Delay = 0.00>
ST_2 : Operation 70 [1/1] (0.44ns)   --->   "%switch_ln53 = switch i5 %trunc_ln53_2, void %arrayidx1.i.case.31, i5 0, void %for.inc46.loopexit.arrayidx1.i.exit_crit_edge6, i5 1, void %arrayidx1.i.case.1, i5 2, void %arrayidx1.i.case.2, i5 3, void %arrayidx1.i.case.3, i5 4, void %arrayidx1.i.case.4, i5 5, void %arrayidx1.i.case.5, i5 6, void %arrayidx1.i.case.6, i5 7, void %arrayidx1.i.case.7, i5 8, void %arrayidx1.i.case.8, i5 9, void %arrayidx1.i.case.9, i5 10, void %arrayidx1.i.case.10, i5 11, void %arrayidx1.i.case.11, i5 12, void %arrayidx1.i.case.12, i5 13, void %arrayidx1.i.case.13, i5 14, void %arrayidx1.i.case.14, i5 15, void %arrayidx1.i.case.15, i5 16, void %arrayidx1.i.case.16, i5 17, void %arrayidx1.i.case.17, i5 18, void %arrayidx1.i.case.18, i5 19, void %arrayidx1.i.case.19, i5 20, void %arrayidx1.i.case.20, i5 21, void %arrayidx1.i.case.21, i5 22, void %arrayidx1.i.case.22, i5 23, void %arrayidx1.i.case.23, i5 24, void %arrayidx1.i.case.24, i5 25, void %arrayidx1.i.case.25, i5 26, void %arrayidx1.i.case.26, i5 27, void %arrayidx1.i.case.27, i5 28, void %arrayidx1.i.case.28, i5 29, void %arrayidx1.i.case.29, i5 30, void %for.inc46.loopexit.arrayidx1.i.exit_crit_edge" [/home/ytq/codeField/Prediction_Model_Accelerator/CSIM/Reshape_HLS/src/../include/helpers.hpp:53]   --->   Operation 70 'switch' 'switch_ln53' <Predicate = (!icmp_ln51)> <Delay = 0.44>
ST_2 : Operation 71 [1/1] (1.01ns)   --->   "%out_addr_3 = add i32 %out_addr_2, i32 1" [/home/ytq/codeField/Prediction_Model_Accelerator/CSIM/Reshape_HLS/src/../include/helpers.hpp:54]   --->   Operation 71 'add' 'out_addr_3' <Predicate = (!icmp_ln51)> <Delay = 1.01> <CoreInst = "Adder">   --->   Core 1 'Adder' <Latency = 0> <II = 1> <Delay = 1.01> <FuncUnit> <Opcode : 'add' 'sub'> <InPorts = 2> <OutPorts = 1>
ST_2 : Operation 72 [1/1] (0.99ns)   --->   "%icmp_ln55 = icmp_eq  i32 %out_addr_3, i32 32" [/home/ytq/codeField/Prediction_Model_Accelerator/CSIM/Reshape_HLS/src/../include/helpers.hpp:55]   --->   Operation 72 'icmp' 'icmp_ln55' <Predicate = (!icmp_ln51)> <Delay = 0.99> <CoreInst = "Cmp">   --->   Core 9 'Cmp' <Latency = 0> <II = 1> <Delay = 0.99> <FuncUnit> <Opcode : 'icmp'> <InPorts = 2> <OutPorts = 1>
ST_2 : Operation 73 [1/1] (0.00ns)   --->   "%br_ln55 = br i1 %icmp_ln55, void %arrayidx1.i.exit.for.inc43_crit_edge, void %if.then40" [/home/ytq/codeField/Prediction_Model_Accelerator/CSIM/Reshape_HLS/src/../include/helpers.hpp:55]   --->   Operation 73 'br' 'br_ln55' <Predicate = (!icmp_ln51)> <Delay = 0.00>
ST_2 : Operation 74 [1/1] (0.42ns)   --->   "%store_ln55 = store i32 %out_addr_3, i32 %out_addr" [/home/ytq/codeField/Prediction_Model_Accelerator/CSIM/Reshape_HLS/src/../include/helpers.hpp:55]   --->   Operation 74 'store' 'store_ln55' <Predicate = (!icmp_ln51 & !icmp_ln55)> <Delay = 0.42>
ST_2 : Operation 75 [1/1] (0.00ns)   --->   "%br_ln55 = br void %for.inc43" [/home/ytq/codeField/Prediction_Model_Accelerator/CSIM/Reshape_HLS/src/../include/helpers.hpp:55]   --->   Operation 75 'br' 'br_ln55' <Predicate = (!icmp_ln51 & !icmp_ln55)> <Delay = 0.00>
ST_2 : Operation 76 [1/1] (0.42ns)   --->   "%store_ln58 = store i32 0, i32 %out_addr" [/home/ytq/codeField/Prediction_Model_Accelerator/CSIM/Reshape_HLS/src/../include/helpers.hpp:58]   --->   Operation 76 'store' 'store_ln58' <Predicate = (!icmp_ln51 & icmp_ln55)> <Delay = 0.42>
ST_2 : Operation 77 [1/1] (1.01ns)   --->   "%add_ln52 = add i32 %select_ln51, i32 1" [/home/ytq/codeField/Prediction_Model_Accelerator/CSIM/Reshape_HLS/src/../include/helpers.hpp:52]   --->   Operation 77 'add' 'add_ln52' <Predicate = (!icmp_ln51)> <Delay = 1.01> <CoreInst = "Adder">   --->   Core 1 'Adder' <Latency = 0> <II = 1> <Delay = 1.01> <FuncUnit> <Opcode : 'add' 'sub'> <InPorts = 2> <OutPorts = 1>
ST_2 : Operation 78 [1/1] (0.42ns)   --->   "%store_ln52 = store i64 %add_ln51_1, i64 %indvar_flatten" [/home/ytq/codeField/Prediction_Model_Accelerator/CSIM/Reshape_HLS/src/../include/helpers.hpp:52]   --->   Operation 78 'store' 'store_ln52' <Predicate = (!icmp_ln51)> <Delay = 0.42>
ST_2 : Operation 79 [1/1] (0.42ns)   --->   "%store_ln52 = store i32 %select_ln51_1, i32 %i" [/home/ytq/codeField/Prediction_Model_Accelerator/CSIM/Reshape_HLS/src/../include/helpers.hpp:52]   --->   Operation 79 'store' 'store_ln52' <Predicate = (!icmp_ln51)> <Delay = 0.42>
ST_2 : Operation 80 [1/1] (0.42ns)   --->   "%store_ln52 = store i32 %add_ln52, i32 %j" [/home/ytq/codeField/Prediction_Model_Accelerator/CSIM/Reshape_HLS/src/../include/helpers.hpp:52]   --->   Operation 80 'store' 'store_ln52' <Predicate = (!icmp_ln51)> <Delay = 0.42>
ST_2 : Operation 81 [1/1] (0.00ns)   --->   "%br_ln52 = br void %for.body32" [/home/ytq/codeField/Prediction_Model_Accelerator/CSIM/Reshape_HLS/src/../include/helpers.hpp:52]   --->   Operation 81 'br' 'br_ln52' <Predicate = (!icmp_ln51)> <Delay = 0.00>

State 3 <SV = 2> <Delay = 1.23>
ST_3 : Operation 82 [1/1] (0.00ns)   --->   "%specloopname_ln0 = specloopname void @_ssdm_op_SpecLoopName, void @VITIS_LOOP_51_3_VITIS_LOOP_52_4_str"   --->   Operation 82 'specloopname' 'specloopname_ln0' <Predicate = true> <Delay = 0.00>
ST_3 : Operation 83 [1/1] (0.00ns)   --->   "%specpipeline_ln0 = specpipeline void @_ssdm_op_SpecPipeline, i32 4294967295, i32 0, i32 1, i32 0, void @p_str"   --->   Operation 83 'specpipeline' 'specpipeline_ln0' <Predicate = true> <Delay = 0.00>
ST_3 : Operation 84 [1/1] (0.00ns)   --->   "%specloopname_ln49 = specloopname void @_ssdm_op_SpecLoopName, void @empty_15" [/home/ytq/codeField/Prediction_Model_Accelerator/CSIM/Reshape_HLS/src/../include/helpers.hpp:49]   --->   Operation 84 'specloopname' 'specloopname_ln49' <Predicate = true> <Delay = 0.00>
ST_3 : Operation 85 [1/2] (1.23ns)   --->   "%data_out_m_Val_V_32 = load i10 %buffer_V_addr_1" [/home/ytq/codeField/Prediction_Model_Accelerator/CSIM/Reshape_HLS/src/../include/helpers.hpp:53]   --->   Operation 85 'load' 'data_out_m_Val_V_32' <Predicate = true> <Delay = 1.23> <CoreInst = "RAM">   --->   Core 83 'RAM' <Latency = 1> <II = 1> <Delay = 1.23> <Storage> <Opcode : 'load' 'store'> <Ports = 2> <Width = 8> <Depth = 1024> <RAM>
ST_3 : Operation 86 [1/1] (0.00ns)   --->   "%store_ln53 = store i8 %data_out_m_Val_V_32, i8 %data_out_m_Val_V_30" [/home/ytq/codeField/Prediction_Model_Accelerator/CSIM/Reshape_HLS/src/../include/helpers.hpp:53]   --->   Operation 86 'store' 'store_ln53' <Predicate = (trunc_ln53_2 == 30)> <Delay = 0.00>
ST_3 : Operation 87 [1/1] (0.00ns)   --->   "%br_ln53 = br void %arrayidx1.i.exit" [/home/ytq/codeField/Prediction_Model_Accelerator/CSIM/Reshape_HLS/src/../include/helpers.hpp:53]   --->   Operation 87 'br' 'br_ln53' <Predicate = (trunc_ln53_2 == 30)> <Delay = 0.00>
ST_3 : Operation 88 [1/1] (0.00ns)   --->   "%store_ln53 = store i8 %data_out_m_Val_V_32, i8 %data_out_m_Val_V_29" [/home/ytq/codeField/Prediction_Model_Accelerator/CSIM/Reshape_HLS/src/../include/helpers.hpp:53]   --->   Operation 88 'store' 'store_ln53' <Predicate = (trunc_ln53_2 == 29)> <Delay = 0.00>
ST_3 : Operation 89 [1/1] (0.00ns)   --->   "%br_ln53 = br void %arrayidx1.i.exit" [/home/ytq/codeField/Prediction_Model_Accelerator/CSIM/Reshape_HLS/src/../include/helpers.hpp:53]   --->   Operation 89 'br' 'br_ln53' <Predicate = (trunc_ln53_2 == 29)> <Delay = 0.00>
ST_3 : Operation 90 [1/1] (0.00ns)   --->   "%store_ln53 = store i8 %data_out_m_Val_V_32, i8 %data_out_m_Val_V_28" [/home/ytq/codeField/Prediction_Model_Accelerator/CSIM/Reshape_HLS/src/../include/helpers.hpp:53]   --->   Operation 90 'store' 'store_ln53' <Predicate = (trunc_ln53_2 == 28)> <Delay = 0.00>
ST_3 : Operation 91 [1/1] (0.00ns)   --->   "%br_ln53 = br void %arrayidx1.i.exit" [/home/ytq/codeField/Prediction_Model_Accelerator/CSIM/Reshape_HLS/src/../include/helpers.hpp:53]   --->   Operation 91 'br' 'br_ln53' <Predicate = (trunc_ln53_2 == 28)> <Delay = 0.00>
ST_3 : Operation 92 [1/1] (0.00ns)   --->   "%store_ln53 = store i8 %data_out_m_Val_V_32, i8 %data_out_m_Val_V_27" [/home/ytq/codeField/Prediction_Model_Accelerator/CSIM/Reshape_HLS/src/../include/helpers.hpp:53]   --->   Operation 92 'store' 'store_ln53' <Predicate = (trunc_ln53_2 == 27)> <Delay = 0.00>
ST_3 : Operation 93 [1/1] (0.00ns)   --->   "%br_ln53 = br void %arrayidx1.i.exit" [/home/ytq/codeField/Prediction_Model_Accelerator/CSIM/Reshape_HLS/src/../include/helpers.hpp:53]   --->   Operation 93 'br' 'br_ln53' <Predicate = (trunc_ln53_2 == 27)> <Delay = 0.00>
ST_3 : Operation 94 [1/1] (0.00ns)   --->   "%store_ln53 = store i8 %data_out_m_Val_V_32, i8 %data_out_m_Val_V_26" [/home/ytq/codeField/Prediction_Model_Accelerator/CSIM/Reshape_HLS/src/../include/helpers.hpp:53]   --->   Operation 94 'store' 'store_ln53' <Predicate = (trunc_ln53_2 == 26)> <Delay = 0.00>
ST_3 : Operation 95 [1/1] (0.00ns)   --->   "%br_ln53 = br void %arrayidx1.i.exit" [/home/ytq/codeField/Prediction_Model_Accelerator/CSIM/Reshape_HLS/src/../include/helpers.hpp:53]   --->   Operation 95 'br' 'br_ln53' <Predicate = (trunc_ln53_2 == 26)> <Delay = 0.00>
ST_3 : Operation 96 [1/1] (0.00ns)   --->   "%store_ln53 = store i8 %data_out_m_Val_V_32, i8 %data_out_m_Val_V_25" [/home/ytq/codeField/Prediction_Model_Accelerator/CSIM/Reshape_HLS/src/../include/helpers.hpp:53]   --->   Operation 96 'store' 'store_ln53' <Predicate = (trunc_ln53_2 == 25)> <Delay = 0.00>
ST_3 : Operation 97 [1/1] (0.00ns)   --->   "%br_ln53 = br void %arrayidx1.i.exit" [/home/ytq/codeField/Prediction_Model_Accelerator/CSIM/Reshape_HLS/src/../include/helpers.hpp:53]   --->   Operation 97 'br' 'br_ln53' <Predicate = (trunc_ln53_2 == 25)> <Delay = 0.00>
ST_3 : Operation 98 [1/1] (0.00ns)   --->   "%store_ln53 = store i8 %data_out_m_Val_V_32, i8 %data_out_m_Val_V_24" [/home/ytq/codeField/Prediction_Model_Accelerator/CSIM/Reshape_HLS/src/../include/helpers.hpp:53]   --->   Operation 98 'store' 'store_ln53' <Predicate = (trunc_ln53_2 == 24)> <Delay = 0.00>
ST_3 : Operation 99 [1/1] (0.00ns)   --->   "%br_ln53 = br void %arrayidx1.i.exit" [/home/ytq/codeField/Prediction_Model_Accelerator/CSIM/Reshape_HLS/src/../include/helpers.hpp:53]   --->   Operation 99 'br' 'br_ln53' <Predicate = (trunc_ln53_2 == 24)> <Delay = 0.00>
ST_3 : Operation 100 [1/1] (0.00ns)   --->   "%store_ln53 = store i8 %data_out_m_Val_V_32, i8 %data_out_m_Val_V_23" [/home/ytq/codeField/Prediction_Model_Accelerator/CSIM/Reshape_HLS/src/../include/helpers.hpp:53]   --->   Operation 100 'store' 'store_ln53' <Predicate = (trunc_ln53_2 == 23)> <Delay = 0.00>
ST_3 : Operation 101 [1/1] (0.00ns)   --->   "%br_ln53 = br void %arrayidx1.i.exit" [/home/ytq/codeField/Prediction_Model_Accelerator/CSIM/Reshape_HLS/src/../include/helpers.hpp:53]   --->   Operation 101 'br' 'br_ln53' <Predicate = (trunc_ln53_2 == 23)> <Delay = 0.00>
ST_3 : Operation 102 [1/1] (0.00ns)   --->   "%store_ln53 = store i8 %data_out_m_Val_V_32, i8 %data_out_m_Val_V_22" [/home/ytq/codeField/Prediction_Model_Accelerator/CSIM/Reshape_HLS/src/../include/helpers.hpp:53]   --->   Operation 102 'store' 'store_ln53' <Predicate = (trunc_ln53_2 == 22)> <Delay = 0.00>
ST_3 : Operation 103 [1/1] (0.00ns)   --->   "%br_ln53 = br void %arrayidx1.i.exit" [/home/ytq/codeField/Prediction_Model_Accelerator/CSIM/Reshape_HLS/src/../include/helpers.hpp:53]   --->   Operation 103 'br' 'br_ln53' <Predicate = (trunc_ln53_2 == 22)> <Delay = 0.00>
ST_3 : Operation 104 [1/1] (0.00ns)   --->   "%store_ln53 = store i8 %data_out_m_Val_V_32, i8 %data_out_m_Val_V_21" [/home/ytq/codeField/Prediction_Model_Accelerator/CSIM/Reshape_HLS/src/../include/helpers.hpp:53]   --->   Operation 104 'store' 'store_ln53' <Predicate = (trunc_ln53_2 == 21)> <Delay = 0.00>
ST_3 : Operation 105 [1/1] (0.00ns)   --->   "%br_ln53 = br void %arrayidx1.i.exit" [/home/ytq/codeField/Prediction_Model_Accelerator/CSIM/Reshape_HLS/src/../include/helpers.hpp:53]   --->   Operation 105 'br' 'br_ln53' <Predicate = (trunc_ln53_2 == 21)> <Delay = 0.00>
ST_3 : Operation 106 [1/1] (0.00ns)   --->   "%store_ln53 = store i8 %data_out_m_Val_V_32, i8 %data_out_m_Val_V_20" [/home/ytq/codeField/Prediction_Model_Accelerator/CSIM/Reshape_HLS/src/../include/helpers.hpp:53]   --->   Operation 106 'store' 'store_ln53' <Predicate = (trunc_ln53_2 == 20)> <Delay = 0.00>
ST_3 : Operation 107 [1/1] (0.00ns)   --->   "%br_ln53 = br void %arrayidx1.i.exit" [/home/ytq/codeField/Prediction_Model_Accelerator/CSIM/Reshape_HLS/src/../include/helpers.hpp:53]   --->   Operation 107 'br' 'br_ln53' <Predicate = (trunc_ln53_2 == 20)> <Delay = 0.00>
ST_3 : Operation 108 [1/1] (0.00ns)   --->   "%store_ln53 = store i8 %data_out_m_Val_V_32, i8 %data_out_m_Val_V_19" [/home/ytq/codeField/Prediction_Model_Accelerator/CSIM/Reshape_HLS/src/../include/helpers.hpp:53]   --->   Operation 108 'store' 'store_ln53' <Predicate = (trunc_ln53_2 == 19)> <Delay = 0.00>
ST_3 : Operation 109 [1/1] (0.00ns)   --->   "%br_ln53 = br void %arrayidx1.i.exit" [/home/ytq/codeField/Prediction_Model_Accelerator/CSIM/Reshape_HLS/src/../include/helpers.hpp:53]   --->   Operation 109 'br' 'br_ln53' <Predicate = (trunc_ln53_2 == 19)> <Delay = 0.00>
ST_3 : Operation 110 [1/1] (0.00ns)   --->   "%store_ln53 = store i8 %data_out_m_Val_V_32, i8 %data_out_m_Val_V_18" [/home/ytq/codeField/Prediction_Model_Accelerator/CSIM/Reshape_HLS/src/../include/helpers.hpp:53]   --->   Operation 110 'store' 'store_ln53' <Predicate = (trunc_ln53_2 == 18)> <Delay = 0.00>
ST_3 : Operation 111 [1/1] (0.00ns)   --->   "%br_ln53 = br void %arrayidx1.i.exit" [/home/ytq/codeField/Prediction_Model_Accelerator/CSIM/Reshape_HLS/src/../include/helpers.hpp:53]   --->   Operation 111 'br' 'br_ln53' <Predicate = (trunc_ln53_2 == 18)> <Delay = 0.00>
ST_3 : Operation 112 [1/1] (0.00ns)   --->   "%store_ln53 = store i8 %data_out_m_Val_V_32, i8 %data_out_m_Val_V_17" [/home/ytq/codeField/Prediction_Model_Accelerator/CSIM/Reshape_HLS/src/../include/helpers.hpp:53]   --->   Operation 112 'store' 'store_ln53' <Predicate = (trunc_ln53_2 == 17)> <Delay = 0.00>
ST_3 : Operation 113 [1/1] (0.00ns)   --->   "%br_ln53 = br void %arrayidx1.i.exit" [/home/ytq/codeField/Prediction_Model_Accelerator/CSIM/Reshape_HLS/src/../include/helpers.hpp:53]   --->   Operation 113 'br' 'br_ln53' <Predicate = (trunc_ln53_2 == 17)> <Delay = 0.00>
ST_3 : Operation 114 [1/1] (0.00ns)   --->   "%store_ln53 = store i8 %data_out_m_Val_V_32, i8 %data_out_m_Val_V_16" [/home/ytq/codeField/Prediction_Model_Accelerator/CSIM/Reshape_HLS/src/../include/helpers.hpp:53]   --->   Operation 114 'store' 'store_ln53' <Predicate = (trunc_ln53_2 == 16)> <Delay = 0.00>
ST_3 : Operation 115 [1/1] (0.00ns)   --->   "%br_ln53 = br void %arrayidx1.i.exit" [/home/ytq/codeField/Prediction_Model_Accelerator/CSIM/Reshape_HLS/src/../include/helpers.hpp:53]   --->   Operation 115 'br' 'br_ln53' <Predicate = (trunc_ln53_2 == 16)> <Delay = 0.00>
ST_3 : Operation 116 [1/1] (0.00ns)   --->   "%store_ln53 = store i8 %data_out_m_Val_V_32, i8 %data_out_m_Val_V_15" [/home/ytq/codeField/Prediction_Model_Accelerator/CSIM/Reshape_HLS/src/../include/helpers.hpp:53]   --->   Operation 116 'store' 'store_ln53' <Predicate = (trunc_ln53_2 == 15)> <Delay = 0.00>
ST_3 : Operation 117 [1/1] (0.00ns)   --->   "%br_ln53 = br void %arrayidx1.i.exit" [/home/ytq/codeField/Prediction_Model_Accelerator/CSIM/Reshape_HLS/src/../include/helpers.hpp:53]   --->   Operation 117 'br' 'br_ln53' <Predicate = (trunc_ln53_2 == 15)> <Delay = 0.00>
ST_3 : Operation 118 [1/1] (0.00ns)   --->   "%store_ln53 = store i8 %data_out_m_Val_V_32, i8 %data_out_m_Val_V_14" [/home/ytq/codeField/Prediction_Model_Accelerator/CSIM/Reshape_HLS/src/../include/helpers.hpp:53]   --->   Operation 118 'store' 'store_ln53' <Predicate = (trunc_ln53_2 == 14)> <Delay = 0.00>
ST_3 : Operation 119 [1/1] (0.00ns)   --->   "%br_ln53 = br void %arrayidx1.i.exit" [/home/ytq/codeField/Prediction_Model_Accelerator/CSIM/Reshape_HLS/src/../include/helpers.hpp:53]   --->   Operation 119 'br' 'br_ln53' <Predicate = (trunc_ln53_2 == 14)> <Delay = 0.00>
ST_3 : Operation 120 [1/1] (0.00ns)   --->   "%store_ln53 = store i8 %data_out_m_Val_V_32, i8 %data_out_m_Val_V_13" [/home/ytq/codeField/Prediction_Model_Accelerator/CSIM/Reshape_HLS/src/../include/helpers.hpp:53]   --->   Operation 120 'store' 'store_ln53' <Predicate = (trunc_ln53_2 == 13)> <Delay = 0.00>
ST_3 : Operation 121 [1/1] (0.00ns)   --->   "%br_ln53 = br void %arrayidx1.i.exit" [/home/ytq/codeField/Prediction_Model_Accelerator/CSIM/Reshape_HLS/src/../include/helpers.hpp:53]   --->   Operation 121 'br' 'br_ln53' <Predicate = (trunc_ln53_2 == 13)> <Delay = 0.00>
ST_3 : Operation 122 [1/1] (0.00ns)   --->   "%store_ln53 = store i8 %data_out_m_Val_V_32, i8 %data_out_m_Val_V_12" [/home/ytq/codeField/Prediction_Model_Accelerator/CSIM/Reshape_HLS/src/../include/helpers.hpp:53]   --->   Operation 122 'store' 'store_ln53' <Predicate = (trunc_ln53_2 == 12)> <Delay = 0.00>
ST_3 : Operation 123 [1/1] (0.00ns)   --->   "%br_ln53 = br void %arrayidx1.i.exit" [/home/ytq/codeField/Prediction_Model_Accelerator/CSIM/Reshape_HLS/src/../include/helpers.hpp:53]   --->   Operation 123 'br' 'br_ln53' <Predicate = (trunc_ln53_2 == 12)> <Delay = 0.00>
ST_3 : Operation 124 [1/1] (0.00ns)   --->   "%store_ln53 = store i8 %data_out_m_Val_V_32, i8 %data_out_m_Val_V_11" [/home/ytq/codeField/Prediction_Model_Accelerator/CSIM/Reshape_HLS/src/../include/helpers.hpp:53]   --->   Operation 124 'store' 'store_ln53' <Predicate = (trunc_ln53_2 == 11)> <Delay = 0.00>
ST_3 : Operation 125 [1/1] (0.00ns)   --->   "%br_ln53 = br void %arrayidx1.i.exit" [/home/ytq/codeField/Prediction_Model_Accelerator/CSIM/Reshape_HLS/src/../include/helpers.hpp:53]   --->   Operation 125 'br' 'br_ln53' <Predicate = (trunc_ln53_2 == 11)> <Delay = 0.00>
ST_3 : Operation 126 [1/1] (0.00ns)   --->   "%store_ln53 = store i8 %data_out_m_Val_V_32, i8 %data_out_m_Val_V_10" [/home/ytq/codeField/Prediction_Model_Accelerator/CSIM/Reshape_HLS/src/../include/helpers.hpp:53]   --->   Operation 126 'store' 'store_ln53' <Predicate = (trunc_ln53_2 == 10)> <Delay = 0.00>
ST_3 : Operation 127 [1/1] (0.00ns)   --->   "%br_ln53 = br void %arrayidx1.i.exit" [/home/ytq/codeField/Prediction_Model_Accelerator/CSIM/Reshape_HLS/src/../include/helpers.hpp:53]   --->   Operation 127 'br' 'br_ln53' <Predicate = (trunc_ln53_2 == 10)> <Delay = 0.00>
ST_3 : Operation 128 [1/1] (0.00ns)   --->   "%store_ln53 = store i8 %data_out_m_Val_V_32, i8 %data_out_m_Val_V_9" [/home/ytq/codeField/Prediction_Model_Accelerator/CSIM/Reshape_HLS/src/../include/helpers.hpp:53]   --->   Operation 128 'store' 'store_ln53' <Predicate = (trunc_ln53_2 == 9)> <Delay = 0.00>
ST_3 : Operation 129 [1/1] (0.00ns)   --->   "%br_ln53 = br void %arrayidx1.i.exit" [/home/ytq/codeField/Prediction_Model_Accelerator/CSIM/Reshape_HLS/src/../include/helpers.hpp:53]   --->   Operation 129 'br' 'br_ln53' <Predicate = (trunc_ln53_2 == 9)> <Delay = 0.00>
ST_3 : Operation 130 [1/1] (0.00ns)   --->   "%store_ln53 = store i8 %data_out_m_Val_V_32, i8 %data_out_m_Val_V_8" [/home/ytq/codeField/Prediction_Model_Accelerator/CSIM/Reshape_HLS/src/../include/helpers.hpp:53]   --->   Operation 130 'store' 'store_ln53' <Predicate = (trunc_ln53_2 == 8)> <Delay = 0.00>
ST_3 : Operation 131 [1/1] (0.00ns)   --->   "%br_ln53 = br void %arrayidx1.i.exit" [/home/ytq/codeField/Prediction_Model_Accelerator/CSIM/Reshape_HLS/src/../include/helpers.hpp:53]   --->   Operation 131 'br' 'br_ln53' <Predicate = (trunc_ln53_2 == 8)> <Delay = 0.00>
ST_3 : Operation 132 [1/1] (0.00ns)   --->   "%store_ln53 = store i8 %data_out_m_Val_V_32, i8 %data_out_m_Val_V_7" [/home/ytq/codeField/Prediction_Model_Accelerator/CSIM/Reshape_HLS/src/../include/helpers.hpp:53]   --->   Operation 132 'store' 'store_ln53' <Predicate = (trunc_ln53_2 == 7)> <Delay = 0.00>
ST_3 : Operation 133 [1/1] (0.00ns)   --->   "%br_ln53 = br void %arrayidx1.i.exit" [/home/ytq/codeField/Prediction_Model_Accelerator/CSIM/Reshape_HLS/src/../include/helpers.hpp:53]   --->   Operation 133 'br' 'br_ln53' <Predicate = (trunc_ln53_2 == 7)> <Delay = 0.00>
ST_3 : Operation 134 [1/1] (0.00ns)   --->   "%store_ln53 = store i8 %data_out_m_Val_V_32, i8 %data_out_m_Val_V_6" [/home/ytq/codeField/Prediction_Model_Accelerator/CSIM/Reshape_HLS/src/../include/helpers.hpp:53]   --->   Operation 134 'store' 'store_ln53' <Predicate = (trunc_ln53_2 == 6)> <Delay = 0.00>
ST_3 : Operation 135 [1/1] (0.00ns)   --->   "%br_ln53 = br void %arrayidx1.i.exit" [/home/ytq/codeField/Prediction_Model_Accelerator/CSIM/Reshape_HLS/src/../include/helpers.hpp:53]   --->   Operation 135 'br' 'br_ln53' <Predicate = (trunc_ln53_2 == 6)> <Delay = 0.00>
ST_3 : Operation 136 [1/1] (0.00ns)   --->   "%store_ln53 = store i8 %data_out_m_Val_V_32, i8 %data_out_m_Val_V_5" [/home/ytq/codeField/Prediction_Model_Accelerator/CSIM/Reshape_HLS/src/../include/helpers.hpp:53]   --->   Operation 136 'store' 'store_ln53' <Predicate = (trunc_ln53_2 == 5)> <Delay = 0.00>
ST_3 : Operation 137 [1/1] (0.00ns)   --->   "%br_ln53 = br void %arrayidx1.i.exit" [/home/ytq/codeField/Prediction_Model_Accelerator/CSIM/Reshape_HLS/src/../include/helpers.hpp:53]   --->   Operation 137 'br' 'br_ln53' <Predicate = (trunc_ln53_2 == 5)> <Delay = 0.00>
ST_3 : Operation 138 [1/1] (0.00ns)   --->   "%store_ln53 = store i8 %data_out_m_Val_V_32, i8 %data_out_m_Val_V_4" [/home/ytq/codeField/Prediction_Model_Accelerator/CSIM/Reshape_HLS/src/../include/helpers.hpp:53]   --->   Operation 138 'store' 'store_ln53' <Predicate = (trunc_ln53_2 == 4)> <Delay = 0.00>
ST_3 : Operation 139 [1/1] (0.00ns)   --->   "%br_ln53 = br void %arrayidx1.i.exit" [/home/ytq/codeField/Prediction_Model_Accelerator/CSIM/Reshape_HLS/src/../include/helpers.hpp:53]   --->   Operation 139 'br' 'br_ln53' <Predicate = (trunc_ln53_2 == 4)> <Delay = 0.00>
ST_3 : Operation 140 [1/1] (0.00ns)   --->   "%store_ln53 = store i8 %data_out_m_Val_V_32, i8 %data_out_m_Val_V_3" [/home/ytq/codeField/Prediction_Model_Accelerator/CSIM/Reshape_HLS/src/../include/helpers.hpp:53]   --->   Operation 140 'store' 'store_ln53' <Predicate = (trunc_ln53_2 == 3)> <Delay = 0.00>
ST_3 : Operation 141 [1/1] (0.00ns)   --->   "%br_ln53 = br void %arrayidx1.i.exit" [/home/ytq/codeField/Prediction_Model_Accelerator/CSIM/Reshape_HLS/src/../include/helpers.hpp:53]   --->   Operation 141 'br' 'br_ln53' <Predicate = (trunc_ln53_2 == 3)> <Delay = 0.00>
ST_3 : Operation 142 [1/1] (0.00ns)   --->   "%store_ln53 = store i8 %data_out_m_Val_V_32, i8 %data_out_m_Val_V_2" [/home/ytq/codeField/Prediction_Model_Accelerator/CSIM/Reshape_HLS/src/../include/helpers.hpp:53]   --->   Operation 142 'store' 'store_ln53' <Predicate = (trunc_ln53_2 == 2)> <Delay = 0.00>
ST_3 : Operation 143 [1/1] (0.00ns)   --->   "%br_ln53 = br void %arrayidx1.i.exit" [/home/ytq/codeField/Prediction_Model_Accelerator/CSIM/Reshape_HLS/src/../include/helpers.hpp:53]   --->   Operation 143 'br' 'br_ln53' <Predicate = (trunc_ln53_2 == 2)> <Delay = 0.00>
ST_3 : Operation 144 [1/1] (0.00ns)   --->   "%store_ln53 = store i8 %data_out_m_Val_V_32, i8 %data_out_m_Val_V_1" [/home/ytq/codeField/Prediction_Model_Accelerator/CSIM/Reshape_HLS/src/../include/helpers.hpp:53]   --->   Operation 144 'store' 'store_ln53' <Predicate = (trunc_ln53_2 == 1)> <Delay = 0.00>
ST_3 : Operation 145 [1/1] (0.00ns)   --->   "%br_ln53 = br void %arrayidx1.i.exit" [/home/ytq/codeField/Prediction_Model_Accelerator/CSIM/Reshape_HLS/src/../include/helpers.hpp:53]   --->   Operation 145 'br' 'br_ln53' <Predicate = (trunc_ln53_2 == 1)> <Delay = 0.00>
ST_3 : Operation 146 [1/1] (0.00ns)   --->   "%store_ln53 = store i8 %data_out_m_Val_V_32, i8 %data_out_m_Val_V" [/home/ytq/codeField/Prediction_Model_Accelerator/CSIM/Reshape_HLS/src/../include/helpers.hpp:53]   --->   Operation 146 'store' 'store_ln53' <Predicate = (trunc_ln53_2 == 0)> <Delay = 0.00>
ST_3 : Operation 147 [1/1] (0.00ns)   --->   "%br_ln53 = br void %arrayidx1.i.exit" [/home/ytq/codeField/Prediction_Model_Accelerator/CSIM/Reshape_HLS/src/../include/helpers.hpp:53]   --->   Operation 147 'br' 'br_ln53' <Predicate = (trunc_ln53_2 == 0)> <Delay = 0.00>
ST_3 : Operation 148 [1/1] (0.00ns)   --->   "%store_ln53 = store i8 %data_out_m_Val_V_32, i8 %data_out_m_Val_V_31" [/home/ytq/codeField/Prediction_Model_Accelerator/CSIM/Reshape_HLS/src/../include/helpers.hpp:53]   --->   Operation 148 'store' 'store_ln53' <Predicate = (trunc_ln53_2 == 31)> <Delay = 0.00>
ST_3 : Operation 149 [1/1] (0.00ns)   --->   "%br_ln53 = br void %arrayidx1.i.exit" [/home/ytq/codeField/Prediction_Model_Accelerator/CSIM/Reshape_HLS/src/../include/helpers.hpp:53]   --->   Operation 149 'br' 'br_ln53' <Predicate = (trunc_ln53_2 == 31)> <Delay = 0.00>
ST_3 : Operation 185 [1/1] (0.00ns)   --->   "%ret_ln0 = ret"   --->   Operation 185 'ret' 'ret_ln0' <Predicate = (icmp_ln51)> <Delay = 0.00>

State 4 <SV = 3> <Delay = 1.62>
ST_4 : Operation 150 [1/1] (0.00ns)   --->   "%data_out_m_Val_V_load = load i8 %data_out_m_Val_V"   --->   Operation 150 'load' 'data_out_m_Val_V_load' <Predicate = (icmp_ln55)> <Delay = 0.00>
ST_4 : Operation 151 [1/1] (0.00ns)   --->   "%data_out_m_Val_V_1_load = load i8 %data_out_m_Val_V_1"   --->   Operation 151 'load' 'data_out_m_Val_V_1_load' <Predicate = (icmp_ln55)> <Delay = 0.00>
ST_4 : Operation 152 [1/1] (0.00ns)   --->   "%data_out_m_Val_V_2_load = load i8 %data_out_m_Val_V_2"   --->   Operation 152 'load' 'data_out_m_Val_V_2_load' <Predicate = (icmp_ln55)> <Delay = 0.00>
ST_4 : Operation 153 [1/1] (0.00ns)   --->   "%data_out_m_Val_V_3_load = load i8 %data_out_m_Val_V_3"   --->   Operation 153 'load' 'data_out_m_Val_V_3_load' <Predicate = (icmp_ln55)> <Delay = 0.00>
ST_4 : Operation 154 [1/1] (0.00ns)   --->   "%data_out_m_Val_V_4_load = load i8 %data_out_m_Val_V_4"   --->   Operation 154 'load' 'data_out_m_Val_V_4_load' <Predicate = (icmp_ln55)> <Delay = 0.00>
ST_4 : Operation 155 [1/1] (0.00ns)   --->   "%data_out_m_Val_V_5_load = load i8 %data_out_m_Val_V_5"   --->   Operation 155 'load' 'data_out_m_Val_V_5_load' <Predicate = (icmp_ln55)> <Delay = 0.00>
ST_4 : Operation 156 [1/1] (0.00ns)   --->   "%data_out_m_Val_V_6_load = load i8 %data_out_m_Val_V_6"   --->   Operation 156 'load' 'data_out_m_Val_V_6_load' <Predicate = (icmp_ln55)> <Delay = 0.00>
ST_4 : Operation 157 [1/1] (0.00ns)   --->   "%data_out_m_Val_V_7_load = load i8 %data_out_m_Val_V_7"   --->   Operation 157 'load' 'data_out_m_Val_V_7_load' <Predicate = (icmp_ln55)> <Delay = 0.00>
ST_4 : Operation 158 [1/1] (0.00ns)   --->   "%data_out_m_Val_V_8_load = load i8 %data_out_m_Val_V_8"   --->   Operation 158 'load' 'data_out_m_Val_V_8_load' <Predicate = (icmp_ln55)> <Delay = 0.00>
ST_4 : Operation 159 [1/1] (0.00ns)   --->   "%data_out_m_Val_V_9_load = load i8 %data_out_m_Val_V_9"   --->   Operation 159 'load' 'data_out_m_Val_V_9_load' <Predicate = (icmp_ln55)> <Delay = 0.00>
ST_4 : Operation 160 [1/1] (0.00ns)   --->   "%data_out_m_Val_V_10_load = load i8 %data_out_m_Val_V_10"   --->   Operation 160 'load' 'data_out_m_Val_V_10_load' <Predicate = (icmp_ln55)> <Delay = 0.00>
ST_4 : Operation 161 [1/1] (0.00ns)   --->   "%data_out_m_Val_V_11_load = load i8 %data_out_m_Val_V_11"   --->   Operation 161 'load' 'data_out_m_Val_V_11_load' <Predicate = (icmp_ln55)> <Delay = 0.00>
ST_4 : Operation 162 [1/1] (0.00ns)   --->   "%data_out_m_Val_V_12_load = load i8 %data_out_m_Val_V_12"   --->   Operation 162 'load' 'data_out_m_Val_V_12_load' <Predicate = (icmp_ln55)> <Delay = 0.00>
ST_4 : Operation 163 [1/1] (0.00ns)   --->   "%data_out_m_Val_V_13_load = load i8 %data_out_m_Val_V_13"   --->   Operation 163 'load' 'data_out_m_Val_V_13_load' <Predicate = (icmp_ln55)> <Delay = 0.00>
ST_4 : Operation 164 [1/1] (0.00ns)   --->   "%data_out_m_Val_V_14_load = load i8 %data_out_m_Val_V_14"   --->   Operation 164 'load' 'data_out_m_Val_V_14_load' <Predicate = (icmp_ln55)> <Delay = 0.00>
ST_4 : Operation 165 [1/1] (0.00ns)   --->   "%data_out_m_Val_V_15_load = load i8 %data_out_m_Val_V_15"   --->   Operation 165 'load' 'data_out_m_Val_V_15_load' <Predicate = (icmp_ln55)> <Delay = 0.00>
ST_4 : Operation 166 [1/1] (0.00ns)   --->   "%data_out_m_Val_V_16_load = load i8 %data_out_m_Val_V_16"   --->   Operation 166 'load' 'data_out_m_Val_V_16_load' <Predicate = (icmp_ln55)> <Delay = 0.00>
ST_4 : Operation 167 [1/1] (0.00ns)   --->   "%data_out_m_Val_V_17_load = load i8 %data_out_m_Val_V_17"   --->   Operation 167 'load' 'data_out_m_Val_V_17_load' <Predicate = (icmp_ln55)> <Delay = 0.00>
ST_4 : Operation 168 [1/1] (0.00ns)   --->   "%data_out_m_Val_V_18_load = load i8 %data_out_m_Val_V_18"   --->   Operation 168 'load' 'data_out_m_Val_V_18_load' <Predicate = (icmp_ln55)> <Delay = 0.00>
ST_4 : Operation 169 [1/1] (0.00ns)   --->   "%data_out_m_Val_V_19_load = load i8 %data_out_m_Val_V_19"   --->   Operation 169 'load' 'data_out_m_Val_V_19_load' <Predicate = (icmp_ln55)> <Delay = 0.00>
ST_4 : Operation 170 [1/1] (0.00ns)   --->   "%data_out_m_Val_V_20_load = load i8 %data_out_m_Val_V_20"   --->   Operation 170 'load' 'data_out_m_Val_V_20_load' <Predicate = (icmp_ln55)> <Delay = 0.00>
ST_4 : Operation 171 [1/1] (0.00ns)   --->   "%data_out_m_Val_V_21_load = load i8 %data_out_m_Val_V_21"   --->   Operation 171 'load' 'data_out_m_Val_V_21_load' <Predicate = (icmp_ln55)> <Delay = 0.00>
ST_4 : Operation 172 [1/1] (0.00ns)   --->   "%data_out_m_Val_V_22_load = load i8 %data_out_m_Val_V_22"   --->   Operation 172 'load' 'data_out_m_Val_V_22_load' <Predicate = (icmp_ln55)> <Delay = 0.00>
ST_4 : Operation 173 [1/1] (0.00ns)   --->   "%data_out_m_Val_V_23_load = load i8 %data_out_m_Val_V_23"   --->   Operation 173 'load' 'data_out_m_Val_V_23_load' <Predicate = (icmp_ln55)> <Delay = 0.00>
ST_4 : Operation 174 [1/1] (0.00ns)   --->   "%data_out_m_Val_V_24_load = load i8 %data_out_m_Val_V_24"   --->   Operation 174 'load' 'data_out_m_Val_V_24_load' <Predicate = (icmp_ln55)> <Delay = 0.00>
ST_4 : Operation 175 [1/1] (0.00ns)   --->   "%data_out_m_Val_V_25_load = load i8 %data_out_m_Val_V_25"   --->   Operation 175 'load' 'data_out_m_Val_V_25_load' <Predicate = (icmp_ln55)> <Delay = 0.00>
ST_4 : Operation 176 [1/1] (0.00ns)   --->   "%data_out_m_Val_V_26_load = load i8 %data_out_m_Val_V_26"   --->   Operation 176 'load' 'data_out_m_Val_V_26_load' <Predicate = (icmp_ln55)> <Delay = 0.00>
ST_4 : Operation 177 [1/1] (0.00ns)   --->   "%data_out_m_Val_V_27_load = load i8 %data_out_m_Val_V_27"   --->   Operation 177 'load' 'data_out_m_Val_V_27_load' <Predicate = (icmp_ln55)> <Delay = 0.00>
ST_4 : Operation 178 [1/1] (0.00ns)   --->   "%data_out_m_Val_V_28_load = load i8 %data_out_m_Val_V_28"   --->   Operation 178 'load' 'data_out_m_Val_V_28_load' <Predicate = (icmp_ln55)> <Delay = 0.00>
ST_4 : Operation 179 [1/1] (0.00ns)   --->   "%data_out_m_Val_V_29_load = load i8 %data_out_m_Val_V_29"   --->   Operation 179 'load' 'data_out_m_Val_V_29_load' <Predicate = (icmp_ln55)> <Delay = 0.00>
ST_4 : Operation 180 [1/1] (0.00ns)   --->   "%data_out_m_Val_V_30_load = load i8 %data_out_m_Val_V_30"   --->   Operation 180 'load' 'data_out_m_Val_V_30_load' <Predicate = (icmp_ln55)> <Delay = 0.00>
ST_4 : Operation 181 [1/1] (0.00ns)   --->   "%data_out_m_Val_V_31_load = load i8 %data_out_m_Val_V_31"   --->   Operation 181 'load' 'data_out_m_Val_V_31_load' <Predicate = (icmp_ln55)> <Delay = 0.00>
ST_4 : Operation 182 [1/1] (0.00ns)   --->   "%p_Result_s = bitconcatenate i256 @_ssdm_op_BitConcatenate.i256.i8.i8.i8.i8.i8.i8.i8.i8.i8.i8.i8.i8.i8.i8.i8.i8.i8.i8.i8.i8.i8.i8.i8.i8.i8.i8.i8.i8.i8.i8.i8.i8, i8 %data_out_m_Val_V_31_load, i8 %data_out_m_Val_V_30_load, i8 %data_out_m_Val_V_29_load, i8 %data_out_m_Val_V_28_load, i8 %data_out_m_Val_V_27_load, i8 %data_out_m_Val_V_26_load, i8 %data_out_m_Val_V_25_load, i8 %data_out_m_Val_V_24_load, i8 %data_out_m_Val_V_23_load, i8 %data_out_m_Val_V_22_load, i8 %data_out_m_Val_V_21_load, i8 %data_out_m_Val_V_20_load, i8 %data_out_m_Val_V_19_load, i8 %data_out_m_Val_V_18_load, i8 %data_out_m_Val_V_17_load, i8 %data_out_m_Val_V_16_load, i8 %data_out_m_Val_V_15_load, i8 %data_out_m_Val_V_14_load, i8 %data_out_m_Val_V_13_load, i8 %data_out_m_Val_V_12_load, i8 %data_out_m_Val_V_11_load, i8 %data_out_m_Val_V_10_load, i8 %data_out_m_Val_V_9_load, i8 %data_out_m_Val_V_8_load, i8 %data_out_m_Val_V_7_load, i8 %data_out_m_Val_V_6_load, i8 %data_out_m_Val_V_5_load, i8 %data_out_m_Val_V_4_load, i8 %data_out_m_Val_V_3_load, i8 %data_out_m_Val_V_2_load, i8 %data_out_m_Val_V_1_load, i8 %data_out_m_Val_V_load"   --->   Operation 182 'bitconcatenate' 'p_Result_s' <Predicate = (icmp_ln55)> <Delay = 0.00>
ST_4 : Operation 183 [1/1] (1.62ns)   --->   "%write_ln56 = write void @_ssdm_op_Write.ap_fifo.volatile.i256P0A, i256 %data_out2, i256 %p_Result_s" [/home/ytq/codeField/Prediction_Model_Accelerator/CSIM/Reshape_HLS/src/../include/helpers.hpp:56]   --->   Operation 183 'write' 'write_ln56' <Predicate = (icmp_ln55)> <Delay = 1.62> <CoreInst = "FIFO">   --->   Core 78 'FIFO' <Latency = 0> <II = 1> <Delay = 1.62> <Storage> <Opcode : 'read' 'write' 'nbread' 'nbwrite'> <Ports = 0> <Width = 256> <Depth = 16> <FIFO>
ST_4 : Operation 184 [1/1] (0.00ns)   --->   "%br_ln58 = br void %for.inc43" [/home/ytq/codeField/Prediction_Model_Accelerator/CSIM/Reshape_HLS/src/../include/helpers.hpp:58]   --->   Operation 184 'br' 'br_ln58' <Predicate = (icmp_ln55)> <Delay = 0.00>


============================================================
+ Verbose Summary: Timing violations
============================================================
Target clock period: 10ns, clock uncertainty: 2.7ns.

 <State 1>: 0.427ns
The critical path consists of the following:
	'alloca' operation ('indvar_flatten') [8]  (0 ns)
	'store' operation ('store_ln0') of constant 0 on local variable 'indvar_flatten' [44]  (0.427 ns)

 <State 2>: 3.49ns
The critical path consists of the following:
	'load' operation ('i_load', /home/ytq/codeField/Prediction_Model_Accelerator/CSIM/Reshape_HLS/src/../include/helpers.hpp:51) on local variable 'i' [58]  (0 ns)
	'add' operation ('add_ln51', /home/ytq/codeField/Prediction_Model_Accelerator/CSIM/Reshape_HLS/src/../include/helpers.hpp:51) [59]  (1.02 ns)
	'select' operation ('select_ln51_1', /home/ytq/codeField/Prediction_Model_Accelerator/CSIM/Reshape_HLS/src/../include/helpers.hpp:51) [63]  (0.449 ns)
	'add' operation ('add_ln53', /home/ytq/codeField/Prediction_Model_Accelerator/CSIM/Reshape_HLS/src/../include/helpers.hpp:53) [68]  (0.787 ns)
	'getelementptr' operation ('buffer_V_addr_1', /home/ytq/codeField/Prediction_Model_Accelerator/CSIM/Reshape_HLS/src/../include/helpers.hpp:53) [70]  (0 ns)
	'load' operation ('data_out.m_Val.V', /home/ytq/codeField/Prediction_Model_Accelerator/CSIM/Reshape_HLS/src/../include/helpers.hpp:53) on array 'buffer_V' [72]  (1.24 ns)

 <State 3>: 1.24ns
The critical path consists of the following:
	'load' operation ('data_out.m_Val.V', /home/ytq/codeField/Prediction_Model_Accelerator/CSIM/Reshape_HLS/src/../include/helpers.hpp:53) on array 'buffer_V' [72]  (1.24 ns)
	'store' operation ('store_ln53', /home/ytq/codeField/Prediction_Model_Accelerator/CSIM/Reshape_HLS/src/../include/helpers.hpp:53) of variable 'data_out.m_Val.V', /home/ytq/codeField/Prediction_Model_Accelerator/CSIM/Reshape_HLS/src/../include/helpers.hpp:53 on local variable 'data_out.m_Val.V' [82]  (0 ns)

 <State 4>: 1.62ns
The critical path consists of the following:
	'load' operation ('data_out_m_Val_V_load') on local variable 'data_out.m_Val.V' [179]  (0 ns)
	fifo write operation ('write_ln56', /home/ytq/codeField/Prediction_Model_Accelerator/CSIM/Reshape_HLS/src/../include/helpers.hpp:56) on port 'data_out2' (/home/ytq/codeField/Prediction_Model_Accelerator/CSIM/Reshape_HLS/src/../include/helpers.hpp:56) [212]  (1.62 ns)


============================================================
+ Verbose Summary: Binding
============================================================
N/A
* FSMD analyzer results:
  - Output states:
 - Input state : 
  - Chain level:
	State 1
	State 2
	State 3
	State 4


============================================================
+ Verbose Summary: Datapath Resource usage 
============================================================
N/A
