

================================================================
== Vitis HLS Report for 'reshape_stream_ap_int_8_ap_int_8_32u_s'
================================================================
* Date:           Tue May 14 17:39:03 2024

* Version:        2022.2 (Build 3670227 on Oct 13 2022)
* Project:        Reshape_HLS.prj
* Solution:       sol (Vivado IP Flow Target)
* Product family: zynquplus
* Target device:  xczu7ev-ffvc1156-2-e


================================================================
== Performance Estimates
================================================================
+ Timing: 
    * Summary: 
    +--------+----------+----------+------------+
    |  Clock |  Target  | Estimated| Uncertainty|
    +--------+----------+----------+------------+
    |ap_clk  |  10.00 ns|  7.278 ns|     2.70 ns|
    +--------+----------+----------+------------+

+ Latency: 
    * Summary: 
    +---------+---------+----------+----------+-----+-----+---------+
    |  Latency (cycles) |  Latency (absolute) |  Interval | Pipeline|
    |   min   |   max   |    min   |    max   | min | max |   Type  |
    +---------+---------+----------+----------+-----+-----+---------+
    |        ?|        ?|         ?|         ?|    ?|    ?|       no|
    +---------+---------+----------+----------+-----+-----+---------+

    + Detail: 
        * Instance: 
        N/A

        * Loop: 
        N/A

============================================================
+ Verbose Summary: Synthesis Manager
============================================================
InlineROM: 1
ExposeGlobal: 0
============================================================
+ Verbose Summary: CDFG Model
============================================================
IsTopModel: 0
ResetActiveHigh: 1
IsCombinational: 2
IsDatapathOnly: 0
HasWiredReturn: 1
HasMFsm: 0
HasVarLatency: 1
IsPipeline: 0
IsRtlPipelined: 0
IsInstanceOverlapped: 0
IsDontTouch: 0
HasImplIP: 0
IsGatedGlobalClock: 0


============================================================
+ Verbose Summary: Schedule
============================================================
* Number of FSM states : 15
* Pipeline : 0
* Dataflow Pipeline: 0

* FSM state transitions: 
1 --> 2 
2 --> 3 
3 --> 4 
4 --> 5 
5 --> 6 
6 --> 7 
7 --> 8 
8 --> 9 
9 --> 10 
10 --> 11 
11 --> 12 
12 --> 13 
13 --> 14 
14 --> 15 
15 --> 

* FSM state operations: 

State 1 <SV = 0> <Delay = 3.67>
ST_1 : Operation 16 [1/1] (1.83ns)   --->   "%COLS_read = read i32 @_ssdm_op_Read.ap_fifo.i32P0A, i32 %COLS"   --->   Operation 16 'read' 'COLS_read' <Predicate = true> <Delay = 1.83> <CoreInst = "FIFO_SRL">   --->   Core 81 'FIFO_SRL' <Latency = 0> <II = 1> <Delay = 1.83> <Storage> <Opcode : 'read' 'write' 'nbread' 'nbwrite'> <Ports = 0> <Width = 32> <Depth = 2> <FIFO>
ST_1 : Operation 17 [1/1] (1.83ns)   --->   "%write_ln0 = write void @_ssdm_op_Write.ap_fifo.i32P0A, i32 %COLS_c, i32 %COLS_read"   --->   Operation 17 'write' 'write_ln0' <Predicate = true> <Delay = 1.83> <CoreInst = "FIFO_SRL">   --->   Core 81 'FIFO_SRL' <Latency = 0> <II = 1> <Delay = 1.83> <Storage> <Opcode : 'read' 'write' 'nbread' 'nbwrite'> <Ports = 0> <Width = 32> <Depth = 2> <FIFO>
ST_1 : Operation 18 [1/1] (1.83ns)   --->   "%ROWS_read = read i32 @_ssdm_op_Read.ap_fifo.i32P0A, i32 %ROWS"   --->   Operation 18 'read' 'ROWS_read' <Predicate = true> <Delay = 1.83> <CoreInst = "FIFO_SRL">   --->   Core 81 'FIFO_SRL' <Latency = 0> <II = 1> <Delay = 1.83> <Storage> <Opcode : 'read' 'write' 'nbread' 'nbwrite'> <Ports = 0> <Width = 32> <Depth = 2> <FIFO>
ST_1 : Operation 19 [1/1] (1.83ns)   --->   "%write_ln0 = write void @_ssdm_op_Write.ap_fifo.i32P0A, i32 %ROWS_c, i32 %ROWS_read"   --->   Operation 19 'write' 'write_ln0' <Predicate = true> <Delay = 1.83> <CoreInst = "FIFO_SRL">   --->   Core 81 'FIFO_SRL' <Latency = 0> <II = 1> <Delay = 1.83> <Storage> <Opcode : 'read' 'write' 'nbread' 'nbwrite'> <Ports = 0> <Width = 32> <Depth = 2> <FIFO>
ST_1 : Operation 20 [1/1] (0.00ns)   --->   "%buffer_V = alloca i64 1" [/home/ytq/codeField/Prediction_Model_Accelerator/CSIM/Reshape_HLS/src/../include/helpers.hpp:30]   --->   Operation 20 'alloca' 'buffer_V' <Predicate = true> <Delay = 0.00>
ST_1 : Operation 21 [1/1] (1.62ns)   --->   "%p_Val2_s = read i256 @_ssdm_op_Read.ap_fifo.volatile.i256P0A, i256 %data_in1" [/home/ytq/codeField/Prediction_Model_Accelerator/CSIM/Reshape_HLS/src/../include/helpers.hpp:31]   --->   Operation 21 'read' 'p_Val2_s' <Predicate = true> <Delay = 1.62> <CoreInst = "FIFO">   --->   Core 78 'FIFO' <Latency = 0> <II = 1> <Delay = 1.62> <Storage> <Opcode : 'read' 'write' 'nbread' 'nbwrite'> <Ports = 0> <Width = 256> <Depth = 16> <FIFO>
ST_1 : Operation 22 [1/1] (0.00ns)   --->   "%l_val_V = trunc i256 %p_Val2_s"   --->   Operation 22 'trunc' 'l_val_V' <Predicate = true> <Delay = 0.00>
ST_1 : Operation 23 [1/1] (0.00ns)   --->   "%l_val_V_94 = partselect i8 @_ssdm_op_PartSelect.i8.i256.i32.i32, i256 %p_Val2_s, i32 8, i32 15"   --->   Operation 23 'partselect' 'l_val_V_94' <Predicate = true> <Delay = 0.00>
ST_1 : Operation 24 [1/1] (0.00ns)   --->   "%l_val_V_95 = partselect i8 @_ssdm_op_PartSelect.i8.i256.i32.i32, i256 %p_Val2_s, i32 16, i32 23"   --->   Operation 24 'partselect' 'l_val_V_95' <Predicate = true> <Delay = 0.00>
ST_1 : Operation 25 [1/1] (0.00ns)   --->   "%l_val_V_96 = partselect i8 @_ssdm_op_PartSelect.i8.i256.i32.i32, i256 %p_Val2_s, i32 24, i32 31"   --->   Operation 25 'partselect' 'l_val_V_96' <Predicate = true> <Delay = 0.00>
ST_1 : Operation 26 [1/1] (0.00ns)   --->   "%l_val_V_97 = partselect i8 @_ssdm_op_PartSelect.i8.i256.i32.i32, i256 %p_Val2_s, i32 32, i32 39"   --->   Operation 26 'partselect' 'l_val_V_97' <Predicate = true> <Delay = 0.00>
ST_1 : Operation 27 [1/1] (0.00ns)   --->   "%l_val_V_98 = partselect i8 @_ssdm_op_PartSelect.i8.i256.i32.i32, i256 %p_Val2_s, i32 40, i32 47"   --->   Operation 27 'partselect' 'l_val_V_98' <Predicate = true> <Delay = 0.00>
ST_1 : Operation 28 [1/1] (0.00ns)   --->   "%l_val_V_99 = partselect i8 @_ssdm_op_PartSelect.i8.i256.i32.i32, i256 %p_Val2_s, i32 48, i32 55"   --->   Operation 28 'partselect' 'l_val_V_99' <Predicate = true> <Delay = 0.00>
ST_1 : Operation 29 [1/1] (0.00ns)   --->   "%l_val_V_100 = partselect i8 @_ssdm_op_PartSelect.i8.i256.i32.i32, i256 %p_Val2_s, i32 56, i32 63"   --->   Operation 29 'partselect' 'l_val_V_100' <Predicate = true> <Delay = 0.00>
ST_1 : Operation 30 [1/1] (0.00ns)   --->   "%l_val_V_101 = partselect i8 @_ssdm_op_PartSelect.i8.i256.i32.i32, i256 %p_Val2_s, i32 64, i32 71"   --->   Operation 30 'partselect' 'l_val_V_101' <Predicate = true> <Delay = 0.00>
ST_1 : Operation 31 [1/1] (0.00ns)   --->   "%l_val_V_102 = partselect i8 @_ssdm_op_PartSelect.i8.i256.i32.i32, i256 %p_Val2_s, i32 72, i32 79"   --->   Operation 31 'partselect' 'l_val_V_102' <Predicate = true> <Delay = 0.00>
ST_1 : Operation 32 [1/1] (0.00ns)   --->   "%l_val_V_103 = partselect i8 @_ssdm_op_PartSelect.i8.i256.i32.i32, i256 %p_Val2_s, i32 80, i32 87"   --->   Operation 32 'partselect' 'l_val_V_103' <Predicate = true> <Delay = 0.00>
ST_1 : Operation 33 [1/1] (0.00ns)   --->   "%l_val_V_104 = partselect i8 @_ssdm_op_PartSelect.i8.i256.i32.i32, i256 %p_Val2_s, i32 88, i32 95"   --->   Operation 33 'partselect' 'l_val_V_104' <Predicate = true> <Delay = 0.00>
ST_1 : Operation 34 [1/1] (0.00ns)   --->   "%l_val_V_105 = partselect i8 @_ssdm_op_PartSelect.i8.i256.i32.i32, i256 %p_Val2_s, i32 96, i32 103"   --->   Operation 34 'partselect' 'l_val_V_105' <Predicate = true> <Delay = 0.00>
ST_1 : Operation 35 [1/1] (0.00ns)   --->   "%l_val_V_106 = partselect i8 @_ssdm_op_PartSelect.i8.i256.i32.i32, i256 %p_Val2_s, i32 104, i32 111"   --->   Operation 35 'partselect' 'l_val_V_106' <Predicate = true> <Delay = 0.00>
ST_1 : Operation 36 [1/1] (0.00ns)   --->   "%l_val_V_107 = partselect i8 @_ssdm_op_PartSelect.i8.i256.i32.i32, i256 %p_Val2_s, i32 112, i32 119"   --->   Operation 36 'partselect' 'l_val_V_107' <Predicate = true> <Delay = 0.00>
ST_1 : Operation 37 [1/1] (0.00ns)   --->   "%l_val_V_108 = partselect i8 @_ssdm_op_PartSelect.i8.i256.i32.i32, i256 %p_Val2_s, i32 120, i32 127"   --->   Operation 37 'partselect' 'l_val_V_108' <Predicate = true> <Delay = 0.00>
ST_1 : Operation 38 [1/1] (0.00ns)   --->   "%l_val_V_109 = partselect i8 @_ssdm_op_PartSelect.i8.i256.i32.i32, i256 %p_Val2_s, i32 128, i32 135"   --->   Operation 38 'partselect' 'l_val_V_109' <Predicate = true> <Delay = 0.00>
ST_1 : Operation 39 [1/1] (0.00ns)   --->   "%l_val_V_110 = partselect i8 @_ssdm_op_PartSelect.i8.i256.i32.i32, i256 %p_Val2_s, i32 136, i32 143"   --->   Operation 39 'partselect' 'l_val_V_110' <Predicate = true> <Delay = 0.00>
ST_1 : Operation 40 [1/1] (0.00ns)   --->   "%l_val_V_111 = partselect i8 @_ssdm_op_PartSelect.i8.i256.i32.i32, i256 %p_Val2_s, i32 144, i32 151"   --->   Operation 40 'partselect' 'l_val_V_111' <Predicate = true> <Delay = 0.00>
ST_1 : Operation 41 [1/1] (0.00ns)   --->   "%l_val_V_112 = partselect i8 @_ssdm_op_PartSelect.i8.i256.i32.i32, i256 %p_Val2_s, i32 152, i32 159"   --->   Operation 41 'partselect' 'l_val_V_112' <Predicate = true> <Delay = 0.00>
ST_1 : Operation 42 [1/1] (0.00ns)   --->   "%l_val_V_113 = partselect i8 @_ssdm_op_PartSelect.i8.i256.i32.i32, i256 %p_Val2_s, i32 160, i32 167"   --->   Operation 42 'partselect' 'l_val_V_113' <Predicate = true> <Delay = 0.00>
ST_1 : Operation 43 [1/1] (0.00ns)   --->   "%l_val_V_114 = partselect i8 @_ssdm_op_PartSelect.i8.i256.i32.i32, i256 %p_Val2_s, i32 168, i32 175"   --->   Operation 43 'partselect' 'l_val_V_114' <Predicate = true> <Delay = 0.00>
ST_1 : Operation 44 [1/1] (0.00ns)   --->   "%l_val_V_115 = partselect i8 @_ssdm_op_PartSelect.i8.i256.i32.i32, i256 %p_Val2_s, i32 176, i32 183"   --->   Operation 44 'partselect' 'l_val_V_115' <Predicate = true> <Delay = 0.00>
ST_1 : Operation 45 [1/1] (0.00ns)   --->   "%l_val_V_116 = partselect i8 @_ssdm_op_PartSelect.i8.i256.i32.i32, i256 %p_Val2_s, i32 184, i32 191"   --->   Operation 45 'partselect' 'l_val_V_116' <Predicate = true> <Delay = 0.00>
ST_1 : Operation 46 [1/1] (0.00ns)   --->   "%l_val_V_117 = partselect i8 @_ssdm_op_PartSelect.i8.i256.i32.i32, i256 %p_Val2_s, i32 192, i32 199"   --->   Operation 46 'partselect' 'l_val_V_117' <Predicate = true> <Delay = 0.00>
ST_1 : Operation 47 [1/1] (0.00ns)   --->   "%l_val_V_118 = partselect i8 @_ssdm_op_PartSelect.i8.i256.i32.i32, i256 %p_Val2_s, i32 200, i32 207"   --->   Operation 47 'partselect' 'l_val_V_118' <Predicate = true> <Delay = 0.00>
ST_1 : Operation 48 [1/1] (0.00ns)   --->   "%l_val_V_119 = partselect i8 @_ssdm_op_PartSelect.i8.i256.i32.i32, i256 %p_Val2_s, i32 208, i32 215"   --->   Operation 48 'partselect' 'l_val_V_119' <Predicate = true> <Delay = 0.00>
ST_1 : Operation 49 [1/1] (0.00ns)   --->   "%l_val_V_120 = partselect i8 @_ssdm_op_PartSelect.i8.i256.i32.i32, i256 %p_Val2_s, i32 216, i32 223"   --->   Operation 49 'partselect' 'l_val_V_120' <Predicate = true> <Delay = 0.00>
ST_1 : Operation 50 [1/1] (0.00ns)   --->   "%l_val_V_121 = partselect i8 @_ssdm_op_PartSelect.i8.i256.i32.i32, i256 %p_Val2_s, i32 224, i32 231"   --->   Operation 50 'partselect' 'l_val_V_121' <Predicate = true> <Delay = 0.00>
ST_1 : Operation 51 [1/1] (0.00ns)   --->   "%l_val_V_122 = partselect i8 @_ssdm_op_PartSelect.i8.i256.i32.i32, i256 %p_Val2_s, i32 232, i32 239"   --->   Operation 51 'partselect' 'l_val_V_122' <Predicate = true> <Delay = 0.00>
ST_1 : Operation 52 [1/1] (0.00ns)   --->   "%l_val_V_123 = partselect i8 @_ssdm_op_PartSelect.i8.i256.i32.i32, i256 %p_Val2_s, i32 240, i32 247"   --->   Operation 52 'partselect' 'l_val_V_123' <Predicate = true> <Delay = 0.00>
ST_1 : Operation 53 [1/1] (0.00ns)   --->   "%l_val_V_124 = partselect i8 @_ssdm_op_PartSelect.i8.i256.i32.i32, i256 %p_Val2_s, i32 248, i32 255"   --->   Operation 53 'partselect' 'l_val_V_124' <Predicate = true> <Delay = 0.00>

State 2 <SV = 1> <Delay = 5.73>
ST_2 : Operation 54 [1/1] (0.99ns)   --->   "%icmp_ln38 = icmp_eq  i32 %COLS_read, i32 1" [/home/ytq/codeField/Prediction_Model_Accelerator/CSIM/Reshape_HLS/src/../include/helpers.hpp:38]   --->   Operation 54 'icmp' 'icmp_ln38' <Predicate = true> <Delay = 0.99> <CoreInst = "Cmp">   --->   Core 9 'Cmp' <Latency = 0> <II = 1> <Delay = 0.99> <FuncUnit> <Opcode : 'icmp'> <InPorts = 2> <OutPorts = 1>
ST_2 : Operation 55 [1/1] (0.00ns) (grouped into LUT with out node icmp_ln38_1)   --->   "%select_ln38 = select i1 %icmp_ln38, i32 1, i32 2" [/home/ytq/codeField/Prediction_Model_Accelerator/CSIM/Reshape_HLS/src/../include/helpers.hpp:38]   --->   Operation 55 'select' 'select_ln38' <Predicate = true> <Delay = 0.00> <CoreInst = "Sel">   --->   Core 73 'Sel' <Latency = 0> <II = 1> <Delay = 0.20> <FuncUnit> <Opcode : 'select'> <InPorts = 3> <OutPorts = 1>
ST_2 : Operation 56 [1/1] (0.99ns) (out node of the LUT)   --->   "%icmp_ln38_1 = icmp_eq  i32 %select_ln38, i32 %COLS_read" [/home/ytq/codeField/Prediction_Model_Accelerator/CSIM/Reshape_HLS/src/../include/helpers.hpp:38]   --->   Operation 56 'icmp' 'icmp_ln38_1' <Predicate = true> <Delay = 0.99> <CoreInst = "Cmp">   --->   Core 9 'Cmp' <Latency = 0> <II = 1> <Delay = 0.99> <FuncUnit> <Opcode : 'icmp'> <InPorts = 2> <OutPorts = 1>
ST_2 : Operation 57 [1/1] (0.00ns) (grouped into LUT with out node select_ln38_2)   --->   "%xor_ln38 = xor i1 %icmp_ln38_1, i1 1" [/home/ytq/codeField/Prediction_Model_Accelerator/CSIM/Reshape_HLS/src/../include/helpers.hpp:38]   --->   Operation 57 'xor' 'xor_ln38' <Predicate = true> <Delay = 0.00> <CoreInst = "LogicGate">   --->   Core 74 'LogicGate' <Latency = 0> <II = 1> <Delay = 0.28> <FuncUnit> <Opcode : 'and' 'or' 'xor'> <InPorts = 2> <OutPorts = 1>
ST_2 : Operation 58 [1/1] (0.00ns) (grouped into LUT with out node select_ln38_2)   --->   "%zext_ln38 = zext i1 %xor_ln38" [/home/ytq/codeField/Prediction_Model_Accelerator/CSIM/Reshape_HLS/src/../include/helpers.hpp:38]   --->   Operation 58 'zext' 'zext_ln38' <Predicate = true> <Delay = 0.00>
ST_2 : Operation 59 [1/1] (0.00ns) (grouped into LUT with out node select_ln38_2)   --->   "%or_ln38 = or i1 %icmp_ln38_1, i1 %icmp_ln38" [/home/ytq/codeField/Prediction_Model_Accelerator/CSIM/Reshape_HLS/src/../include/helpers.hpp:38]   --->   Operation 59 'or' 'or_ln38' <Predicate = true> <Delay = 0.00> <CoreInst = "LogicGate">   --->   Core 74 'LogicGate' <Latency = 0> <II = 1> <Delay = 0.28> <FuncUnit> <Opcode : 'and' 'or' 'xor'> <InPorts = 2> <OutPorts = 1>
ST_2 : Operation 60 [1/1] (0.28ns) (out node of the LUT)   --->   "%select_ln38_2 = select i1 %or_ln38, i2 %zext_ln38, i2 2" [/home/ytq/codeField/Prediction_Model_Accelerator/CSIM/Reshape_HLS/src/../include/helpers.hpp:38]   --->   Operation 60 'select' 'select_ln38_2' <Predicate = true> <Delay = 0.28> <CoreInst = "Sel">   --->   Core 73 'Sel' <Latency = 0> <II = 1> <Delay = 0.17> <FuncUnit> <Opcode : 'select'> <InPorts = 3> <OutPorts = 1>
ST_2 : Operation 61 [1/1] (0.54ns)   --->   "%add_ln37 = add i2 %select_ln38_2, i2 1" [/home/ytq/codeField/Prediction_Model_Accelerator/CSIM/Reshape_HLS/src/../include/helpers.hpp:37]   --->   Operation 61 'add' 'add_ln37' <Predicate = true> <Delay = 0.54> <CoreInst = "Adder">   --->   Core 1 'Adder' <Latency = 0> <II = 1> <Delay = 0.54> <FuncUnit> <Opcode : 'add' 'sub'> <InPorts = 2> <OutPorts = 1>
ST_2 : Operation 62 [1/1] (0.00ns)   --->   "%zext_ln38_1 = zext i2 %add_ln37" [/home/ytq/codeField/Prediction_Model_Accelerator/CSIM/Reshape_HLS/src/../include/helpers.hpp:38]   --->   Operation 62 'zext' 'zext_ln38_1' <Predicate = true> <Delay = 0.00>
ST_2 : Operation 63 [1/1] (0.99ns)   --->   "%icmp_ln38_2 = icmp_eq  i32 %zext_ln38_1, i32 %COLS_read" [/home/ytq/codeField/Prediction_Model_Accelerator/CSIM/Reshape_HLS/src/../include/helpers.hpp:38]   --->   Operation 63 'icmp' 'icmp_ln38_2' <Predicate = true> <Delay = 0.99> <CoreInst = "Cmp">   --->   Core 9 'Cmp' <Latency = 0> <II = 1> <Delay = 0.99> <FuncUnit> <Opcode : 'icmp'> <InPorts = 2> <OutPorts = 1>
ST_2 : Operation 64 [1/1] (0.17ns)   --->   "%select_ln38_4 = select i1 %icmp_ln38_2, i2 0, i2 %add_ln37" [/home/ytq/codeField/Prediction_Model_Accelerator/CSIM/Reshape_HLS/src/../include/helpers.hpp:38]   --->   Operation 64 'select' 'select_ln38_4' <Predicate = true> <Delay = 0.17> <CoreInst = "Sel">   --->   Core 73 'Sel' <Latency = 0> <II = 1> <Delay = 0.17> <FuncUnit> <Opcode : 'select'> <InPorts = 3> <OutPorts = 1>
ST_2 : Operation 65 [1/1] (0.00ns)   --->   "%zext_ln36_2 = zext i2 %select_ln38_4" [/home/ytq/codeField/Prediction_Model_Accelerator/CSIM/Reshape_HLS/src/../include/helpers.hpp:36]   --->   Operation 65 'zext' 'zext_ln36_2' <Predicate = true> <Delay = 0.00>
ST_2 : Operation 66 [1/1] (0.54ns)   --->   "%add_ln37_1 = add i3 %zext_ln36_2, i3 1" [/home/ytq/codeField/Prediction_Model_Accelerator/CSIM/Reshape_HLS/src/../include/helpers.hpp:37]   --->   Operation 66 'add' 'add_ln37_1' <Predicate = true> <Delay = 0.54> <CoreInst = "Adder">   --->   Core 1 'Adder' <Latency = 0> <II = 1> <Delay = 0.54> <FuncUnit> <Opcode : 'add' 'sub'> <InPorts = 2> <OutPorts = 1>
ST_2 : Operation 67 [1/1] (0.00ns)   --->   "%zext_ln38_2 = zext i3 %add_ln37_1" [/home/ytq/codeField/Prediction_Model_Accelerator/CSIM/Reshape_HLS/src/../include/helpers.hpp:38]   --->   Operation 67 'zext' 'zext_ln38_2' <Predicate = true> <Delay = 0.00>
ST_2 : Operation 68 [1/1] (0.99ns)   --->   "%icmp_ln38_3 = icmp_eq  i32 %zext_ln38_2, i32 %COLS_read" [/home/ytq/codeField/Prediction_Model_Accelerator/CSIM/Reshape_HLS/src/../include/helpers.hpp:38]   --->   Operation 68 'icmp' 'icmp_ln38_3' <Predicate = true> <Delay = 0.99> <CoreInst = "Cmp">   --->   Core 9 'Cmp' <Latency = 0> <II = 1> <Delay = 0.99> <FuncUnit> <Opcode : 'icmp'> <InPorts = 2> <OutPorts = 1>
ST_2 : Operation 69 [1/1] (0.20ns)   --->   "%select_ln38_6 = select i1 %icmp_ln38_3, i3 0, i3 %add_ln37_1" [/home/ytq/codeField/Prediction_Model_Accelerator/CSIM/Reshape_HLS/src/../include/helpers.hpp:38]   --->   Operation 69 'select' 'select_ln38_6' <Predicate = true> <Delay = 0.20> <CoreInst = "Sel">   --->   Core 73 'Sel' <Latency = 0> <II = 1> <Delay = 0.20> <FuncUnit> <Opcode : 'select'> <InPorts = 3> <OutPorts = 1>
ST_2 : Operation 70 [1/1] (0.00ns)   --->   "%empty = wait i32 @_ssdm_op_Wait"   --->   Operation 70 'wait' 'empty' <Predicate = true> <Delay = 0.00>

State 3 <SV = 2> <Delay = 7.27>
ST_3 : Operation 71 [1/1] (0.67ns)   --->   "%add_ln37_2 = add i3 %select_ln38_6, i3 1" [/home/ytq/codeField/Prediction_Model_Accelerator/CSIM/Reshape_HLS/src/../include/helpers.hpp:37]   --->   Operation 71 'add' 'add_ln37_2' <Predicate = true> <Delay = 0.67> <CoreInst = "Adder">   --->   Core 1 'Adder' <Latency = 0> <II = 1> <Delay = 0.67> <FuncUnit> <Opcode : 'add' 'sub'> <InPorts = 2> <OutPorts = 1>
ST_3 : Operation 72 [1/1] (0.00ns)   --->   "%zext_ln38_3 = zext i3 %add_ln37_2" [/home/ytq/codeField/Prediction_Model_Accelerator/CSIM/Reshape_HLS/src/../include/helpers.hpp:38]   --->   Operation 72 'zext' 'zext_ln38_3' <Predicate = true> <Delay = 0.00>
ST_3 : Operation 73 [1/1] (0.99ns)   --->   "%icmp_ln38_4 = icmp_eq  i32 %zext_ln38_3, i32 %COLS_read" [/home/ytq/codeField/Prediction_Model_Accelerator/CSIM/Reshape_HLS/src/../include/helpers.hpp:38]   --->   Operation 73 'icmp' 'icmp_ln38_4' <Predicate = true> <Delay = 0.99> <CoreInst = "Cmp">   --->   Core 9 'Cmp' <Latency = 0> <II = 1> <Delay = 0.99> <FuncUnit> <Opcode : 'icmp'> <InPorts = 2> <OutPorts = 1>
ST_3 : Operation 74 [1/1] (0.20ns)   --->   "%select_ln38_8 = select i1 %icmp_ln38_4, i3 0, i3 %add_ln37_2" [/home/ytq/codeField/Prediction_Model_Accelerator/CSIM/Reshape_HLS/src/../include/helpers.hpp:38]   --->   Operation 74 'select' 'select_ln38_8' <Predicate = true> <Delay = 0.20> <CoreInst = "Sel">   --->   Core 73 'Sel' <Latency = 0> <II = 1> <Delay = 0.20> <FuncUnit> <Opcode : 'select'> <InPorts = 3> <OutPorts = 1>
ST_3 : Operation 75 [1/1] (0.67ns)   --->   "%add_ln37_3 = add i3 %select_ln38_8, i3 1" [/home/ytq/codeField/Prediction_Model_Accelerator/CSIM/Reshape_HLS/src/../include/helpers.hpp:37]   --->   Operation 75 'add' 'add_ln37_3' <Predicate = true> <Delay = 0.67> <CoreInst = "Adder">   --->   Core 1 'Adder' <Latency = 0> <II = 1> <Delay = 0.67> <FuncUnit> <Opcode : 'add' 'sub'> <InPorts = 2> <OutPorts = 1>
ST_3 : Operation 76 [1/1] (0.00ns)   --->   "%zext_ln38_4 = zext i3 %add_ln37_3" [/home/ytq/codeField/Prediction_Model_Accelerator/CSIM/Reshape_HLS/src/../include/helpers.hpp:38]   --->   Operation 76 'zext' 'zext_ln38_4' <Predicate = true> <Delay = 0.00>
ST_3 : Operation 77 [1/1] (0.99ns)   --->   "%icmp_ln38_5 = icmp_eq  i32 %zext_ln38_4, i32 %COLS_read" [/home/ytq/codeField/Prediction_Model_Accelerator/CSIM/Reshape_HLS/src/../include/helpers.hpp:38]   --->   Operation 77 'icmp' 'icmp_ln38_5' <Predicate = true> <Delay = 0.99> <CoreInst = "Cmp">   --->   Core 9 'Cmp' <Latency = 0> <II = 1> <Delay = 0.99> <FuncUnit> <Opcode : 'icmp'> <InPorts = 2> <OutPorts = 1>
ST_3 : Operation 78 [1/1] (0.20ns)   --->   "%select_ln38_10 = select i1 %icmp_ln38_5, i3 0, i3 %add_ln37_3" [/home/ytq/codeField/Prediction_Model_Accelerator/CSIM/Reshape_HLS/src/../include/helpers.hpp:38]   --->   Operation 78 'select' 'select_ln38_10' <Predicate = true> <Delay = 0.20> <CoreInst = "Sel">   --->   Core 73 'Sel' <Latency = 0> <II = 1> <Delay = 0.20> <FuncUnit> <Opcode : 'select'> <InPorts = 3> <OutPorts = 1>
ST_3 : Operation 79 [1/1] (0.67ns)   --->   "%add_ln37_4 = add i3 %select_ln38_10, i3 1" [/home/ytq/codeField/Prediction_Model_Accelerator/CSIM/Reshape_HLS/src/../include/helpers.hpp:37]   --->   Operation 79 'add' 'add_ln37_4' <Predicate = true> <Delay = 0.67> <CoreInst = "Adder">   --->   Core 1 'Adder' <Latency = 0> <II = 1> <Delay = 0.67> <FuncUnit> <Opcode : 'add' 'sub'> <InPorts = 2> <OutPorts = 1>
ST_3 : Operation 80 [1/1] (0.00ns)   --->   "%zext_ln38_5 = zext i3 %add_ln37_4" [/home/ytq/codeField/Prediction_Model_Accelerator/CSIM/Reshape_HLS/src/../include/helpers.hpp:38]   --->   Operation 80 'zext' 'zext_ln38_5' <Predicate = true> <Delay = 0.00>
ST_3 : Operation 81 [1/1] (0.99ns)   --->   "%icmp_ln38_6 = icmp_eq  i32 %zext_ln38_5, i32 %COLS_read" [/home/ytq/codeField/Prediction_Model_Accelerator/CSIM/Reshape_HLS/src/../include/helpers.hpp:38]   --->   Operation 81 'icmp' 'icmp_ln38_6' <Predicate = true> <Delay = 0.99> <CoreInst = "Cmp">   --->   Core 9 'Cmp' <Latency = 0> <II = 1> <Delay = 0.99> <FuncUnit> <Opcode : 'icmp'> <InPorts = 2> <OutPorts = 1>
ST_3 : Operation 82 [1/1] (0.20ns)   --->   "%select_ln38_12 = select i1 %icmp_ln38_6, i3 0, i3 %add_ln37_4" [/home/ytq/codeField/Prediction_Model_Accelerator/CSIM/Reshape_HLS/src/../include/helpers.hpp:38]   --->   Operation 82 'select' 'select_ln38_12' <Predicate = true> <Delay = 0.20> <CoreInst = "Sel">   --->   Core 73 'Sel' <Latency = 0> <II = 1> <Delay = 0.20> <FuncUnit> <Opcode : 'select'> <InPorts = 3> <OutPorts = 1>
ST_3 : Operation 83 [1/1] (0.00ns)   --->   "%zext_ln36_7 = zext i3 %select_ln38_12" [/home/ytq/codeField/Prediction_Model_Accelerator/CSIM/Reshape_HLS/src/../include/helpers.hpp:36]   --->   Operation 83 'zext' 'zext_ln36_7' <Predicate = true> <Delay = 0.00>
ST_3 : Operation 84 [1/1] (0.67ns)   --->   "%add_ln37_5 = add i4 %zext_ln36_7, i4 1" [/home/ytq/codeField/Prediction_Model_Accelerator/CSIM/Reshape_HLS/src/../include/helpers.hpp:37]   --->   Operation 84 'add' 'add_ln37_5' <Predicate = true> <Delay = 0.67> <CoreInst = "Adder">   --->   Core 1 'Adder' <Latency = 0> <II = 1> <Delay = 0.67> <FuncUnit> <Opcode : 'add' 'sub'> <InPorts = 2> <OutPorts = 1>
ST_3 : Operation 85 [1/1] (0.00ns)   --->   "%zext_ln38_6 = zext i4 %add_ln37_5" [/home/ytq/codeField/Prediction_Model_Accelerator/CSIM/Reshape_HLS/src/../include/helpers.hpp:38]   --->   Operation 85 'zext' 'zext_ln38_6' <Predicate = true> <Delay = 0.00>
ST_3 : Operation 86 [1/1] (0.99ns)   --->   "%icmp_ln38_7 = icmp_eq  i32 %zext_ln38_6, i32 %COLS_read" [/home/ytq/codeField/Prediction_Model_Accelerator/CSIM/Reshape_HLS/src/../include/helpers.hpp:38]   --->   Operation 86 'icmp' 'icmp_ln38_7' <Predicate = true> <Delay = 0.99> <CoreInst = "Cmp">   --->   Core 9 'Cmp' <Latency = 0> <II = 1> <Delay = 0.99> <FuncUnit> <Opcode : 'icmp'> <InPorts = 2> <OutPorts = 1>

State 4 <SV = 3> <Delay = 6.53>
ST_4 : Operation 87 [1/1] (0.39ns)   --->   "%select_ln38_14 = select i1 %icmp_ln38_7, i4 0, i4 %add_ln37_5" [/home/ytq/codeField/Prediction_Model_Accelerator/CSIM/Reshape_HLS/src/../include/helpers.hpp:38]   --->   Operation 87 'select' 'select_ln38_14' <Predicate = true> <Delay = 0.39> <CoreInst = "Sel">   --->   Core 73 'Sel' <Latency = 0> <II = 1> <Delay = 0.39> <FuncUnit> <Opcode : 'select'> <InPorts = 3> <OutPorts = 1>
ST_4 : Operation 88 [1/1] (0.79ns)   --->   "%add_ln37_6 = add i4 %select_ln38_14, i4 1" [/home/ytq/codeField/Prediction_Model_Accelerator/CSIM/Reshape_HLS/src/../include/helpers.hpp:37]   --->   Operation 88 'add' 'add_ln37_6' <Predicate = true> <Delay = 0.79> <CoreInst = "Adder">   --->   Core 1 'Adder' <Latency = 0> <II = 1> <Delay = 0.79> <FuncUnit> <Opcode : 'add' 'sub'> <InPorts = 2> <OutPorts = 1>
ST_4 : Operation 89 [1/1] (0.00ns)   --->   "%zext_ln38_7 = zext i4 %add_ln37_6" [/home/ytq/codeField/Prediction_Model_Accelerator/CSIM/Reshape_HLS/src/../include/helpers.hpp:38]   --->   Operation 89 'zext' 'zext_ln38_7' <Predicate = true> <Delay = 0.00>
ST_4 : Operation 90 [1/1] (0.99ns)   --->   "%icmp_ln38_8 = icmp_eq  i32 %zext_ln38_7, i32 %COLS_read" [/home/ytq/codeField/Prediction_Model_Accelerator/CSIM/Reshape_HLS/src/../include/helpers.hpp:38]   --->   Operation 90 'icmp' 'icmp_ln38_8' <Predicate = true> <Delay = 0.99> <CoreInst = "Cmp">   --->   Core 9 'Cmp' <Latency = 0> <II = 1> <Delay = 0.99> <FuncUnit> <Opcode : 'icmp'> <InPorts = 2> <OutPorts = 1>
ST_4 : Operation 91 [1/1] (0.39ns)   --->   "%select_ln38_16 = select i1 %icmp_ln38_8, i4 0, i4 %add_ln37_6" [/home/ytq/codeField/Prediction_Model_Accelerator/CSIM/Reshape_HLS/src/../include/helpers.hpp:38]   --->   Operation 91 'select' 'select_ln38_16' <Predicate = true> <Delay = 0.39> <CoreInst = "Sel">   --->   Core 73 'Sel' <Latency = 0> <II = 1> <Delay = 0.39> <FuncUnit> <Opcode : 'select'> <InPorts = 3> <OutPorts = 1>
ST_4 : Operation 92 [1/1] (0.79ns)   --->   "%add_ln37_7 = add i4 %select_ln38_16, i4 1" [/home/ytq/codeField/Prediction_Model_Accelerator/CSIM/Reshape_HLS/src/../include/helpers.hpp:37]   --->   Operation 92 'add' 'add_ln37_7' <Predicate = true> <Delay = 0.79> <CoreInst = "Adder">   --->   Core 1 'Adder' <Latency = 0> <II = 1> <Delay = 0.79> <FuncUnit> <Opcode : 'add' 'sub'> <InPorts = 2> <OutPorts = 1>
ST_4 : Operation 93 [1/1] (0.00ns)   --->   "%zext_ln38_8 = zext i4 %add_ln37_7" [/home/ytq/codeField/Prediction_Model_Accelerator/CSIM/Reshape_HLS/src/../include/helpers.hpp:38]   --->   Operation 93 'zext' 'zext_ln38_8' <Predicate = true> <Delay = 0.00>
ST_4 : Operation 94 [1/1] (0.99ns)   --->   "%icmp_ln38_9 = icmp_eq  i32 %zext_ln38_8, i32 %COLS_read" [/home/ytq/codeField/Prediction_Model_Accelerator/CSIM/Reshape_HLS/src/../include/helpers.hpp:38]   --->   Operation 94 'icmp' 'icmp_ln38_9' <Predicate = true> <Delay = 0.99> <CoreInst = "Cmp">   --->   Core 9 'Cmp' <Latency = 0> <II = 1> <Delay = 0.99> <FuncUnit> <Opcode : 'icmp'> <InPorts = 2> <OutPorts = 1>
ST_4 : Operation 95 [1/1] (0.39ns)   --->   "%select_ln38_18 = select i1 %icmp_ln38_9, i4 0, i4 %add_ln37_7" [/home/ytq/codeField/Prediction_Model_Accelerator/CSIM/Reshape_HLS/src/../include/helpers.hpp:38]   --->   Operation 95 'select' 'select_ln38_18' <Predicate = true> <Delay = 0.39> <CoreInst = "Sel">   --->   Core 73 'Sel' <Latency = 0> <II = 1> <Delay = 0.39> <FuncUnit> <Opcode : 'select'> <InPorts = 3> <OutPorts = 1>
ST_4 : Operation 96 [1/1] (0.79ns)   --->   "%add_ln37_8 = add i4 %select_ln38_18, i4 1" [/home/ytq/codeField/Prediction_Model_Accelerator/CSIM/Reshape_HLS/src/../include/helpers.hpp:37]   --->   Operation 96 'add' 'add_ln37_8' <Predicate = true> <Delay = 0.79> <CoreInst = "Adder">   --->   Core 1 'Adder' <Latency = 0> <II = 1> <Delay = 0.79> <FuncUnit> <Opcode : 'add' 'sub'> <InPorts = 2> <OutPorts = 1>
ST_4 : Operation 97 [1/1] (0.00ns)   --->   "%zext_ln38_9 = zext i4 %add_ln37_8" [/home/ytq/codeField/Prediction_Model_Accelerator/CSIM/Reshape_HLS/src/../include/helpers.hpp:38]   --->   Operation 97 'zext' 'zext_ln38_9' <Predicate = true> <Delay = 0.00>
ST_4 : Operation 98 [1/1] (0.99ns)   --->   "%icmp_ln38_10 = icmp_eq  i32 %zext_ln38_9, i32 %COLS_read" [/home/ytq/codeField/Prediction_Model_Accelerator/CSIM/Reshape_HLS/src/../include/helpers.hpp:38]   --->   Operation 98 'icmp' 'icmp_ln38_10' <Predicate = true> <Delay = 0.99> <CoreInst = "Cmp">   --->   Core 9 'Cmp' <Latency = 0> <II = 1> <Delay = 0.99> <FuncUnit> <Opcode : 'icmp'> <InPorts = 2> <OutPorts = 1>

State 5 <SV = 4> <Delay = 6.53>
ST_5 : Operation 99 [1/1] (0.39ns)   --->   "%select_ln38_20 = select i1 %icmp_ln38_10, i4 0, i4 %add_ln37_8" [/home/ytq/codeField/Prediction_Model_Accelerator/CSIM/Reshape_HLS/src/../include/helpers.hpp:38]   --->   Operation 99 'select' 'select_ln38_20' <Predicate = true> <Delay = 0.39> <CoreInst = "Sel">   --->   Core 73 'Sel' <Latency = 0> <II = 1> <Delay = 0.39> <FuncUnit> <Opcode : 'select'> <InPorts = 3> <OutPorts = 1>
ST_5 : Operation 100 [1/1] (0.79ns)   --->   "%add_ln37_9 = add i4 %select_ln38_20, i4 1" [/home/ytq/codeField/Prediction_Model_Accelerator/CSIM/Reshape_HLS/src/../include/helpers.hpp:37]   --->   Operation 100 'add' 'add_ln37_9' <Predicate = true> <Delay = 0.79> <CoreInst = "Adder">   --->   Core 1 'Adder' <Latency = 0> <II = 1> <Delay = 0.79> <FuncUnit> <Opcode : 'add' 'sub'> <InPorts = 2> <OutPorts = 1>
ST_5 : Operation 101 [1/1] (0.00ns)   --->   "%zext_ln38_10 = zext i4 %add_ln37_9" [/home/ytq/codeField/Prediction_Model_Accelerator/CSIM/Reshape_HLS/src/../include/helpers.hpp:38]   --->   Operation 101 'zext' 'zext_ln38_10' <Predicate = true> <Delay = 0.00>
ST_5 : Operation 102 [1/1] (0.99ns)   --->   "%icmp_ln38_11 = icmp_eq  i32 %zext_ln38_10, i32 %COLS_read" [/home/ytq/codeField/Prediction_Model_Accelerator/CSIM/Reshape_HLS/src/../include/helpers.hpp:38]   --->   Operation 102 'icmp' 'icmp_ln38_11' <Predicate = true> <Delay = 0.99> <CoreInst = "Cmp">   --->   Core 9 'Cmp' <Latency = 0> <II = 1> <Delay = 0.99> <FuncUnit> <Opcode : 'icmp'> <InPorts = 2> <OutPorts = 1>
ST_5 : Operation 103 [1/1] (0.39ns)   --->   "%select_ln38_22 = select i1 %icmp_ln38_11, i4 0, i4 %add_ln37_9" [/home/ytq/codeField/Prediction_Model_Accelerator/CSIM/Reshape_HLS/src/../include/helpers.hpp:38]   --->   Operation 103 'select' 'select_ln38_22' <Predicate = true> <Delay = 0.39> <CoreInst = "Sel">   --->   Core 73 'Sel' <Latency = 0> <II = 1> <Delay = 0.39> <FuncUnit> <Opcode : 'select'> <InPorts = 3> <OutPorts = 1>
ST_5 : Operation 104 [1/1] (0.79ns)   --->   "%add_ln37_10 = add i4 %select_ln38_22, i4 1" [/home/ytq/codeField/Prediction_Model_Accelerator/CSIM/Reshape_HLS/src/../include/helpers.hpp:37]   --->   Operation 104 'add' 'add_ln37_10' <Predicate = true> <Delay = 0.79> <CoreInst = "Adder">   --->   Core 1 'Adder' <Latency = 0> <II = 1> <Delay = 0.79> <FuncUnit> <Opcode : 'add' 'sub'> <InPorts = 2> <OutPorts = 1>
ST_5 : Operation 105 [1/1] (0.00ns)   --->   "%zext_ln38_11 = zext i4 %add_ln37_10" [/home/ytq/codeField/Prediction_Model_Accelerator/CSIM/Reshape_HLS/src/../include/helpers.hpp:38]   --->   Operation 105 'zext' 'zext_ln38_11' <Predicate = true> <Delay = 0.00>
ST_5 : Operation 106 [1/1] (0.99ns)   --->   "%icmp_ln38_12 = icmp_eq  i32 %zext_ln38_11, i32 %COLS_read" [/home/ytq/codeField/Prediction_Model_Accelerator/CSIM/Reshape_HLS/src/../include/helpers.hpp:38]   --->   Operation 106 'icmp' 'icmp_ln38_12' <Predicate = true> <Delay = 0.99> <CoreInst = "Cmp">   --->   Core 9 'Cmp' <Latency = 0> <II = 1> <Delay = 0.99> <FuncUnit> <Opcode : 'icmp'> <InPorts = 2> <OutPorts = 1>
ST_5 : Operation 107 [1/1] (0.39ns)   --->   "%select_ln38_24 = select i1 %icmp_ln38_12, i4 0, i4 %add_ln37_10" [/home/ytq/codeField/Prediction_Model_Accelerator/CSIM/Reshape_HLS/src/../include/helpers.hpp:38]   --->   Operation 107 'select' 'select_ln38_24' <Predicate = true> <Delay = 0.39> <CoreInst = "Sel">   --->   Core 73 'Sel' <Latency = 0> <II = 1> <Delay = 0.39> <FuncUnit> <Opcode : 'select'> <InPorts = 3> <OutPorts = 1>
ST_5 : Operation 108 [1/1] (0.79ns)   --->   "%add_ln37_11 = add i4 %select_ln38_24, i4 1" [/home/ytq/codeField/Prediction_Model_Accelerator/CSIM/Reshape_HLS/src/../include/helpers.hpp:37]   --->   Operation 108 'add' 'add_ln37_11' <Predicate = true> <Delay = 0.79> <CoreInst = "Adder">   --->   Core 1 'Adder' <Latency = 0> <II = 1> <Delay = 0.79> <FuncUnit> <Opcode : 'add' 'sub'> <InPorts = 2> <OutPorts = 1>
ST_5 : Operation 109 [1/1] (0.00ns)   --->   "%zext_ln38_12 = zext i4 %add_ln37_11" [/home/ytq/codeField/Prediction_Model_Accelerator/CSIM/Reshape_HLS/src/../include/helpers.hpp:38]   --->   Operation 109 'zext' 'zext_ln38_12' <Predicate = true> <Delay = 0.00>
ST_5 : Operation 110 [1/1] (0.99ns)   --->   "%icmp_ln38_13 = icmp_eq  i32 %zext_ln38_12, i32 %COLS_read" [/home/ytq/codeField/Prediction_Model_Accelerator/CSIM/Reshape_HLS/src/../include/helpers.hpp:38]   --->   Operation 110 'icmp' 'icmp_ln38_13' <Predicate = true> <Delay = 0.99> <CoreInst = "Cmp">   --->   Core 9 'Cmp' <Latency = 0> <II = 1> <Delay = 0.99> <FuncUnit> <Opcode : 'icmp'> <InPorts = 2> <OutPorts = 1>

State 6 <SV = 5> <Delay = 6.55>
ST_6 : Operation 111 [1/1] (0.39ns)   --->   "%select_ln38_26 = select i1 %icmp_ln38_13, i4 0, i4 %add_ln37_11" [/home/ytq/codeField/Prediction_Model_Accelerator/CSIM/Reshape_HLS/src/../include/helpers.hpp:38]   --->   Operation 111 'select' 'select_ln38_26' <Predicate = true> <Delay = 0.39> <CoreInst = "Sel">   --->   Core 73 'Sel' <Latency = 0> <II = 1> <Delay = 0.39> <FuncUnit> <Opcode : 'select'> <InPorts = 3> <OutPorts = 1>
ST_6 : Operation 112 [1/1] (0.79ns)   --->   "%add_ln37_12 = add i4 %select_ln38_26, i4 1" [/home/ytq/codeField/Prediction_Model_Accelerator/CSIM/Reshape_HLS/src/../include/helpers.hpp:37]   --->   Operation 112 'add' 'add_ln37_12' <Predicate = true> <Delay = 0.79> <CoreInst = "Adder">   --->   Core 1 'Adder' <Latency = 0> <II = 1> <Delay = 0.79> <FuncUnit> <Opcode : 'add' 'sub'> <InPorts = 2> <OutPorts = 1>
ST_6 : Operation 113 [1/1] (0.00ns)   --->   "%zext_ln38_13 = zext i4 %add_ln37_12" [/home/ytq/codeField/Prediction_Model_Accelerator/CSIM/Reshape_HLS/src/../include/helpers.hpp:38]   --->   Operation 113 'zext' 'zext_ln38_13' <Predicate = true> <Delay = 0.00>
ST_6 : Operation 114 [1/1] (0.99ns)   --->   "%icmp_ln38_14 = icmp_eq  i32 %zext_ln38_13, i32 %COLS_read" [/home/ytq/codeField/Prediction_Model_Accelerator/CSIM/Reshape_HLS/src/../include/helpers.hpp:38]   --->   Operation 114 'icmp' 'icmp_ln38_14' <Predicate = true> <Delay = 0.99> <CoreInst = "Cmp">   --->   Core 9 'Cmp' <Latency = 0> <II = 1> <Delay = 0.99> <FuncUnit> <Opcode : 'icmp'> <InPorts = 2> <OutPorts = 1>
ST_6 : Operation 115 [1/1] (0.39ns)   --->   "%select_ln38_28 = select i1 %icmp_ln38_14, i4 0, i4 %add_ln37_12" [/home/ytq/codeField/Prediction_Model_Accelerator/CSIM/Reshape_HLS/src/../include/helpers.hpp:38]   --->   Operation 115 'select' 'select_ln38_28' <Predicate = true> <Delay = 0.39> <CoreInst = "Sel">   --->   Core 73 'Sel' <Latency = 0> <II = 1> <Delay = 0.39> <FuncUnit> <Opcode : 'select'> <InPorts = 3> <OutPorts = 1>
ST_6 : Operation 116 [1/1] (0.00ns)   --->   "%zext_ln36_16 = zext i4 %select_ln38_28" [/home/ytq/codeField/Prediction_Model_Accelerator/CSIM/Reshape_HLS/src/../include/helpers.hpp:36]   --->   Operation 116 'zext' 'zext_ln36_16' <Predicate = true> <Delay = 0.00>
ST_6 : Operation 117 [1/1] (0.79ns)   --->   "%add_ln37_13 = add i5 %zext_ln36_16, i5 1" [/home/ytq/codeField/Prediction_Model_Accelerator/CSIM/Reshape_HLS/src/../include/helpers.hpp:37]   --->   Operation 117 'add' 'add_ln37_13' <Predicate = true> <Delay = 0.79> <CoreInst = "Adder">   --->   Core 1 'Adder' <Latency = 0> <II = 1> <Delay = 0.79> <FuncUnit> <Opcode : 'add' 'sub'> <InPorts = 2> <OutPorts = 1>
ST_6 : Operation 118 [1/1] (0.00ns)   --->   "%zext_ln38_14 = zext i5 %add_ln37_13" [/home/ytq/codeField/Prediction_Model_Accelerator/CSIM/Reshape_HLS/src/../include/helpers.hpp:38]   --->   Operation 118 'zext' 'zext_ln38_14' <Predicate = true> <Delay = 0.00>
ST_6 : Operation 119 [1/1] (0.99ns)   --->   "%icmp_ln38_15 = icmp_eq  i32 %zext_ln38_14, i32 %COLS_read" [/home/ytq/codeField/Prediction_Model_Accelerator/CSIM/Reshape_HLS/src/../include/helpers.hpp:38]   --->   Operation 119 'icmp' 'icmp_ln38_15' <Predicate = true> <Delay = 0.99> <CoreInst = "Cmp">   --->   Core 9 'Cmp' <Latency = 0> <II = 1> <Delay = 0.99> <FuncUnit> <Opcode : 'icmp'> <InPorts = 2> <OutPorts = 1>
ST_6 : Operation 120 [1/1] (0.41ns)   --->   "%select_ln38_30 = select i1 %icmp_ln38_15, i5 0, i5 %add_ln37_13" [/home/ytq/codeField/Prediction_Model_Accelerator/CSIM/Reshape_HLS/src/../include/helpers.hpp:38]   --->   Operation 120 'select' 'select_ln38_30' <Predicate = true> <Delay = 0.41> <CoreInst = "Sel">   --->   Core 73 'Sel' <Latency = 0> <II = 1> <Delay = 0.41> <FuncUnit> <Opcode : 'select'> <InPorts = 3> <OutPorts = 1>
ST_6 : Operation 121 [1/1] (0.78ns)   --->   "%add_ln37_14 = add i5 %select_ln38_30, i5 1" [/home/ytq/codeField/Prediction_Model_Accelerator/CSIM/Reshape_HLS/src/../include/helpers.hpp:37]   --->   Operation 121 'add' 'add_ln37_14' <Predicate = true> <Delay = 0.78> <CoreInst = "Adder">   --->   Core 1 'Adder' <Latency = 0> <II = 1> <Delay = 0.78> <FuncUnit> <Opcode : 'add' 'sub'> <InPorts = 2> <OutPorts = 1>
ST_6 : Operation 122 [1/1] (0.00ns)   --->   "%zext_ln38_15 = zext i5 %add_ln37_14" [/home/ytq/codeField/Prediction_Model_Accelerator/CSIM/Reshape_HLS/src/../include/helpers.hpp:38]   --->   Operation 122 'zext' 'zext_ln38_15' <Predicate = true> <Delay = 0.00>
ST_6 : Operation 123 [1/1] (0.99ns)   --->   "%icmp_ln38_16 = icmp_eq  i32 %zext_ln38_15, i32 %COLS_read" [/home/ytq/codeField/Prediction_Model_Accelerator/CSIM/Reshape_HLS/src/../include/helpers.hpp:38]   --->   Operation 123 'icmp' 'icmp_ln38_16' <Predicate = true> <Delay = 0.99> <CoreInst = "Cmp">   --->   Core 9 'Cmp' <Latency = 0> <II = 1> <Delay = 0.99> <FuncUnit> <Opcode : 'icmp'> <InPorts = 2> <OutPorts = 1>

State 7 <SV = 6> <Delay = 6.58>
ST_7 : Operation 124 [1/1] (0.41ns)   --->   "%select_ln38_32 = select i1 %icmp_ln38_16, i5 0, i5 %add_ln37_14" [/home/ytq/codeField/Prediction_Model_Accelerator/CSIM/Reshape_HLS/src/../include/helpers.hpp:38]   --->   Operation 124 'select' 'select_ln38_32' <Predicate = true> <Delay = 0.41> <CoreInst = "Sel">   --->   Core 73 'Sel' <Latency = 0> <II = 1> <Delay = 0.41> <FuncUnit> <Opcode : 'select'> <InPorts = 3> <OutPorts = 1>
ST_7 : Operation 125 [1/1] (0.78ns)   --->   "%add_ln37_15 = add i5 %select_ln38_32, i5 1" [/home/ytq/codeField/Prediction_Model_Accelerator/CSIM/Reshape_HLS/src/../include/helpers.hpp:37]   --->   Operation 125 'add' 'add_ln37_15' <Predicate = true> <Delay = 0.78> <CoreInst = "Adder">   --->   Core 1 'Adder' <Latency = 0> <II = 1> <Delay = 0.78> <FuncUnit> <Opcode : 'add' 'sub'> <InPorts = 2> <OutPorts = 1>
ST_7 : Operation 126 [1/1] (0.00ns)   --->   "%zext_ln38_16 = zext i5 %add_ln37_15" [/home/ytq/codeField/Prediction_Model_Accelerator/CSIM/Reshape_HLS/src/../include/helpers.hpp:38]   --->   Operation 126 'zext' 'zext_ln38_16' <Predicate = true> <Delay = 0.00>
ST_7 : Operation 127 [1/1] (0.99ns)   --->   "%icmp_ln38_17 = icmp_eq  i32 %zext_ln38_16, i32 %COLS_read" [/home/ytq/codeField/Prediction_Model_Accelerator/CSIM/Reshape_HLS/src/../include/helpers.hpp:38]   --->   Operation 127 'icmp' 'icmp_ln38_17' <Predicate = true> <Delay = 0.99> <CoreInst = "Cmp">   --->   Core 9 'Cmp' <Latency = 0> <II = 1> <Delay = 0.99> <FuncUnit> <Opcode : 'icmp'> <InPorts = 2> <OutPorts = 1>
ST_7 : Operation 128 [1/1] (0.41ns)   --->   "%select_ln38_33 = select i1 %icmp_ln38_17, i5 0, i5 %add_ln37_15" [/home/ytq/codeField/Prediction_Model_Accelerator/CSIM/Reshape_HLS/src/../include/helpers.hpp:38]   --->   Operation 128 'select' 'select_ln38_33' <Predicate = true> <Delay = 0.41> <CoreInst = "Sel">   --->   Core 73 'Sel' <Latency = 0> <II = 1> <Delay = 0.41> <FuncUnit> <Opcode : 'select'> <InPorts = 3> <OutPorts = 1>
ST_7 : Operation 129 [1/1] (0.78ns)   --->   "%add_ln37_16 = add i5 %select_ln38_33, i5 1" [/home/ytq/codeField/Prediction_Model_Accelerator/CSIM/Reshape_HLS/src/../include/helpers.hpp:37]   --->   Operation 129 'add' 'add_ln37_16' <Predicate = true> <Delay = 0.78> <CoreInst = "Adder">   --->   Core 1 'Adder' <Latency = 0> <II = 1> <Delay = 0.78> <FuncUnit> <Opcode : 'add' 'sub'> <InPorts = 2> <OutPorts = 1>
ST_7 : Operation 130 [1/1] (0.00ns)   --->   "%zext_ln38_17 = zext i5 %add_ln37_16" [/home/ytq/codeField/Prediction_Model_Accelerator/CSIM/Reshape_HLS/src/../include/helpers.hpp:38]   --->   Operation 130 'zext' 'zext_ln38_17' <Predicate = true> <Delay = 0.00>
ST_7 : Operation 131 [1/1] (0.99ns)   --->   "%icmp_ln38_18 = icmp_eq  i32 %zext_ln38_17, i32 %COLS_read" [/home/ytq/codeField/Prediction_Model_Accelerator/CSIM/Reshape_HLS/src/../include/helpers.hpp:38]   --->   Operation 131 'icmp' 'icmp_ln38_18' <Predicate = true> <Delay = 0.99> <CoreInst = "Cmp">   --->   Core 9 'Cmp' <Latency = 0> <II = 1> <Delay = 0.99> <FuncUnit> <Opcode : 'icmp'> <InPorts = 2> <OutPorts = 1>
ST_7 : Operation 132 [1/1] (0.41ns)   --->   "%select_ln38_34 = select i1 %icmp_ln38_18, i5 0, i5 %add_ln37_16" [/home/ytq/codeField/Prediction_Model_Accelerator/CSIM/Reshape_HLS/src/../include/helpers.hpp:38]   --->   Operation 132 'select' 'select_ln38_34' <Predicate = true> <Delay = 0.41> <CoreInst = "Sel">   --->   Core 73 'Sel' <Latency = 0> <II = 1> <Delay = 0.41> <FuncUnit> <Opcode : 'select'> <InPorts = 3> <OutPorts = 1>
ST_7 : Operation 133 [1/1] (0.78ns)   --->   "%add_ln37_17 = add i5 %select_ln38_34, i5 1" [/home/ytq/codeField/Prediction_Model_Accelerator/CSIM/Reshape_HLS/src/../include/helpers.hpp:37]   --->   Operation 133 'add' 'add_ln37_17' <Predicate = true> <Delay = 0.78> <CoreInst = "Adder">   --->   Core 1 'Adder' <Latency = 0> <II = 1> <Delay = 0.78> <FuncUnit> <Opcode : 'add' 'sub'> <InPorts = 2> <OutPorts = 1>
ST_7 : Operation 134 [1/1] (0.00ns)   --->   "%zext_ln38_18 = zext i5 %add_ln37_17" [/home/ytq/codeField/Prediction_Model_Accelerator/CSIM/Reshape_HLS/src/../include/helpers.hpp:38]   --->   Operation 134 'zext' 'zext_ln38_18' <Predicate = true> <Delay = 0.00>
ST_7 : Operation 135 [1/1] (0.99ns)   --->   "%icmp_ln38_19 = icmp_eq  i32 %zext_ln38_18, i32 %COLS_read" [/home/ytq/codeField/Prediction_Model_Accelerator/CSIM/Reshape_HLS/src/../include/helpers.hpp:38]   --->   Operation 135 'icmp' 'icmp_ln38_19' <Predicate = true> <Delay = 0.99> <CoreInst = "Cmp">   --->   Core 9 'Cmp' <Latency = 0> <II = 1> <Delay = 0.99> <FuncUnit> <Opcode : 'icmp'> <InPorts = 2> <OutPorts = 1>

State 8 <SV = 7> <Delay = 6.58>
ST_8 : Operation 136 [1/1] (0.41ns)   --->   "%select_ln38_35 = select i1 %icmp_ln38_19, i5 0, i5 %add_ln37_17" [/home/ytq/codeField/Prediction_Model_Accelerator/CSIM/Reshape_HLS/src/../include/helpers.hpp:38]   --->   Operation 136 'select' 'select_ln38_35' <Predicate = true> <Delay = 0.41> <CoreInst = "Sel">   --->   Core 73 'Sel' <Latency = 0> <II = 1> <Delay = 0.41> <FuncUnit> <Opcode : 'select'> <InPorts = 3> <OutPorts = 1>
ST_8 : Operation 137 [1/1] (0.78ns)   --->   "%add_ln37_18 = add i5 %select_ln38_35, i5 1" [/home/ytq/codeField/Prediction_Model_Accelerator/CSIM/Reshape_HLS/src/../include/helpers.hpp:37]   --->   Operation 137 'add' 'add_ln37_18' <Predicate = true> <Delay = 0.78> <CoreInst = "Adder">   --->   Core 1 'Adder' <Latency = 0> <II = 1> <Delay = 0.78> <FuncUnit> <Opcode : 'add' 'sub'> <InPorts = 2> <OutPorts = 1>
ST_8 : Operation 138 [1/1] (0.00ns)   --->   "%zext_ln38_19 = zext i5 %add_ln37_18" [/home/ytq/codeField/Prediction_Model_Accelerator/CSIM/Reshape_HLS/src/../include/helpers.hpp:38]   --->   Operation 138 'zext' 'zext_ln38_19' <Predicate = true> <Delay = 0.00>
ST_8 : Operation 139 [1/1] (0.99ns)   --->   "%icmp_ln38_20 = icmp_eq  i32 %zext_ln38_19, i32 %COLS_read" [/home/ytq/codeField/Prediction_Model_Accelerator/CSIM/Reshape_HLS/src/../include/helpers.hpp:38]   --->   Operation 139 'icmp' 'icmp_ln38_20' <Predicate = true> <Delay = 0.99> <CoreInst = "Cmp">   --->   Core 9 'Cmp' <Latency = 0> <II = 1> <Delay = 0.99> <FuncUnit> <Opcode : 'icmp'> <InPorts = 2> <OutPorts = 1>
ST_8 : Operation 140 [1/1] (0.41ns)   --->   "%select_ln38_36 = select i1 %icmp_ln38_20, i5 0, i5 %add_ln37_18" [/home/ytq/codeField/Prediction_Model_Accelerator/CSIM/Reshape_HLS/src/../include/helpers.hpp:38]   --->   Operation 140 'select' 'select_ln38_36' <Predicate = true> <Delay = 0.41> <CoreInst = "Sel">   --->   Core 73 'Sel' <Latency = 0> <II = 1> <Delay = 0.41> <FuncUnit> <Opcode : 'select'> <InPorts = 3> <OutPorts = 1>
ST_8 : Operation 141 [1/1] (0.78ns)   --->   "%add_ln37_19 = add i5 %select_ln38_36, i5 1" [/home/ytq/codeField/Prediction_Model_Accelerator/CSIM/Reshape_HLS/src/../include/helpers.hpp:37]   --->   Operation 141 'add' 'add_ln37_19' <Predicate = true> <Delay = 0.78> <CoreInst = "Adder">   --->   Core 1 'Adder' <Latency = 0> <II = 1> <Delay = 0.78> <FuncUnit> <Opcode : 'add' 'sub'> <InPorts = 2> <OutPorts = 1>
ST_8 : Operation 142 [1/1] (0.00ns)   --->   "%zext_ln38_20 = zext i5 %add_ln37_19" [/home/ytq/codeField/Prediction_Model_Accelerator/CSIM/Reshape_HLS/src/../include/helpers.hpp:38]   --->   Operation 142 'zext' 'zext_ln38_20' <Predicate = true> <Delay = 0.00>
ST_8 : Operation 143 [1/1] (0.99ns)   --->   "%icmp_ln38_21 = icmp_eq  i32 %zext_ln38_20, i32 %COLS_read" [/home/ytq/codeField/Prediction_Model_Accelerator/CSIM/Reshape_HLS/src/../include/helpers.hpp:38]   --->   Operation 143 'icmp' 'icmp_ln38_21' <Predicate = true> <Delay = 0.99> <CoreInst = "Cmp">   --->   Core 9 'Cmp' <Latency = 0> <II = 1> <Delay = 0.99> <FuncUnit> <Opcode : 'icmp'> <InPorts = 2> <OutPorts = 1>
ST_8 : Operation 144 [1/1] (0.41ns)   --->   "%select_ln38_37 = select i1 %icmp_ln38_21, i5 0, i5 %add_ln37_19" [/home/ytq/codeField/Prediction_Model_Accelerator/CSIM/Reshape_HLS/src/../include/helpers.hpp:38]   --->   Operation 144 'select' 'select_ln38_37' <Predicate = true> <Delay = 0.41> <CoreInst = "Sel">   --->   Core 73 'Sel' <Latency = 0> <II = 1> <Delay = 0.41> <FuncUnit> <Opcode : 'select'> <InPorts = 3> <OutPorts = 1>
ST_8 : Operation 145 [1/1] (0.78ns)   --->   "%add_ln37_20 = add i5 %select_ln38_37, i5 1" [/home/ytq/codeField/Prediction_Model_Accelerator/CSIM/Reshape_HLS/src/../include/helpers.hpp:37]   --->   Operation 145 'add' 'add_ln37_20' <Predicate = true> <Delay = 0.78> <CoreInst = "Adder">   --->   Core 1 'Adder' <Latency = 0> <II = 1> <Delay = 0.78> <FuncUnit> <Opcode : 'add' 'sub'> <InPorts = 2> <OutPorts = 1>
ST_8 : Operation 146 [1/1] (0.00ns)   --->   "%zext_ln38_21 = zext i5 %add_ln37_20" [/home/ytq/codeField/Prediction_Model_Accelerator/CSIM/Reshape_HLS/src/../include/helpers.hpp:38]   --->   Operation 146 'zext' 'zext_ln38_21' <Predicate = true> <Delay = 0.00>
ST_8 : Operation 147 [1/1] (0.99ns)   --->   "%icmp_ln38_22 = icmp_eq  i32 %zext_ln38_21, i32 %COLS_read" [/home/ytq/codeField/Prediction_Model_Accelerator/CSIM/Reshape_HLS/src/../include/helpers.hpp:38]   --->   Operation 147 'icmp' 'icmp_ln38_22' <Predicate = true> <Delay = 0.99> <CoreInst = "Cmp">   --->   Core 9 'Cmp' <Latency = 0> <II = 1> <Delay = 0.99> <FuncUnit> <Opcode : 'icmp'> <InPorts = 2> <OutPorts = 1>

State 9 <SV = 8> <Delay = 6.58>
ST_9 : Operation 148 [1/1] (0.41ns)   --->   "%select_ln38_38 = select i1 %icmp_ln38_22, i5 0, i5 %add_ln37_20" [/home/ytq/codeField/Prediction_Model_Accelerator/CSIM/Reshape_HLS/src/../include/helpers.hpp:38]   --->   Operation 148 'select' 'select_ln38_38' <Predicate = true> <Delay = 0.41> <CoreInst = "Sel">   --->   Core 73 'Sel' <Latency = 0> <II = 1> <Delay = 0.41> <FuncUnit> <Opcode : 'select'> <InPorts = 3> <OutPorts = 1>
ST_9 : Operation 149 [1/1] (0.78ns)   --->   "%add_ln37_21 = add i5 %select_ln38_38, i5 1" [/home/ytq/codeField/Prediction_Model_Accelerator/CSIM/Reshape_HLS/src/../include/helpers.hpp:37]   --->   Operation 149 'add' 'add_ln37_21' <Predicate = true> <Delay = 0.78> <CoreInst = "Adder">   --->   Core 1 'Adder' <Latency = 0> <II = 1> <Delay = 0.78> <FuncUnit> <Opcode : 'add' 'sub'> <InPorts = 2> <OutPorts = 1>
ST_9 : Operation 150 [1/1] (0.00ns)   --->   "%zext_ln38_22 = zext i5 %add_ln37_21" [/home/ytq/codeField/Prediction_Model_Accelerator/CSIM/Reshape_HLS/src/../include/helpers.hpp:38]   --->   Operation 150 'zext' 'zext_ln38_22' <Predicate = true> <Delay = 0.00>
ST_9 : Operation 151 [1/1] (0.99ns)   --->   "%icmp_ln38_23 = icmp_eq  i32 %zext_ln38_22, i32 %COLS_read" [/home/ytq/codeField/Prediction_Model_Accelerator/CSIM/Reshape_HLS/src/../include/helpers.hpp:38]   --->   Operation 151 'icmp' 'icmp_ln38_23' <Predicate = true> <Delay = 0.99> <CoreInst = "Cmp">   --->   Core 9 'Cmp' <Latency = 0> <II = 1> <Delay = 0.99> <FuncUnit> <Opcode : 'icmp'> <InPorts = 2> <OutPorts = 1>
ST_9 : Operation 152 [1/1] (0.41ns)   --->   "%select_ln38_39 = select i1 %icmp_ln38_23, i5 0, i5 %add_ln37_21" [/home/ytq/codeField/Prediction_Model_Accelerator/CSIM/Reshape_HLS/src/../include/helpers.hpp:38]   --->   Operation 152 'select' 'select_ln38_39' <Predicate = true> <Delay = 0.41> <CoreInst = "Sel">   --->   Core 73 'Sel' <Latency = 0> <II = 1> <Delay = 0.41> <FuncUnit> <Opcode : 'select'> <InPorts = 3> <OutPorts = 1>
ST_9 : Operation 153 [1/1] (0.78ns)   --->   "%add_ln37_22 = add i5 %select_ln38_39, i5 1" [/home/ytq/codeField/Prediction_Model_Accelerator/CSIM/Reshape_HLS/src/../include/helpers.hpp:37]   --->   Operation 153 'add' 'add_ln37_22' <Predicate = true> <Delay = 0.78> <CoreInst = "Adder">   --->   Core 1 'Adder' <Latency = 0> <II = 1> <Delay = 0.78> <FuncUnit> <Opcode : 'add' 'sub'> <InPorts = 2> <OutPorts = 1>
ST_9 : Operation 154 [1/1] (0.00ns)   --->   "%zext_ln38_23 = zext i5 %add_ln37_22" [/home/ytq/codeField/Prediction_Model_Accelerator/CSIM/Reshape_HLS/src/../include/helpers.hpp:38]   --->   Operation 154 'zext' 'zext_ln38_23' <Predicate = true> <Delay = 0.00>
ST_9 : Operation 155 [1/1] (0.99ns)   --->   "%icmp_ln38_24 = icmp_eq  i32 %zext_ln38_23, i32 %COLS_read" [/home/ytq/codeField/Prediction_Model_Accelerator/CSIM/Reshape_HLS/src/../include/helpers.hpp:38]   --->   Operation 155 'icmp' 'icmp_ln38_24' <Predicate = true> <Delay = 0.99> <CoreInst = "Cmp">   --->   Core 9 'Cmp' <Latency = 0> <II = 1> <Delay = 0.99> <FuncUnit> <Opcode : 'icmp'> <InPorts = 2> <OutPorts = 1>
ST_9 : Operation 156 [1/1] (0.41ns)   --->   "%select_ln38_40 = select i1 %icmp_ln38_24, i5 0, i5 %add_ln37_22" [/home/ytq/codeField/Prediction_Model_Accelerator/CSIM/Reshape_HLS/src/../include/helpers.hpp:38]   --->   Operation 156 'select' 'select_ln38_40' <Predicate = true> <Delay = 0.41> <CoreInst = "Sel">   --->   Core 73 'Sel' <Latency = 0> <II = 1> <Delay = 0.41> <FuncUnit> <Opcode : 'select'> <InPorts = 3> <OutPorts = 1>
ST_9 : Operation 157 [1/1] (0.78ns)   --->   "%add_ln37_23 = add i5 %select_ln38_40, i5 1" [/home/ytq/codeField/Prediction_Model_Accelerator/CSIM/Reshape_HLS/src/../include/helpers.hpp:37]   --->   Operation 157 'add' 'add_ln37_23' <Predicate = true> <Delay = 0.78> <CoreInst = "Adder">   --->   Core 1 'Adder' <Latency = 0> <II = 1> <Delay = 0.78> <FuncUnit> <Opcode : 'add' 'sub'> <InPorts = 2> <OutPorts = 1>
ST_9 : Operation 158 [1/1] (0.00ns)   --->   "%zext_ln38_24 = zext i5 %add_ln37_23" [/home/ytq/codeField/Prediction_Model_Accelerator/CSIM/Reshape_HLS/src/../include/helpers.hpp:38]   --->   Operation 158 'zext' 'zext_ln38_24' <Predicate = true> <Delay = 0.00>
ST_9 : Operation 159 [1/1] (0.99ns)   --->   "%icmp_ln38_25 = icmp_eq  i32 %zext_ln38_24, i32 %COLS_read" [/home/ytq/codeField/Prediction_Model_Accelerator/CSIM/Reshape_HLS/src/../include/helpers.hpp:38]   --->   Operation 159 'icmp' 'icmp_ln38_25' <Predicate = true> <Delay = 0.99> <CoreInst = "Cmp">   --->   Core 9 'Cmp' <Latency = 0> <II = 1> <Delay = 0.99> <FuncUnit> <Opcode : 'icmp'> <InPorts = 2> <OutPorts = 1>

State 10 <SV = 9> <Delay = 6.58>
ST_10 : Operation 160 [1/1] (0.41ns)   --->   "%select_ln38_41 = select i1 %icmp_ln38_25, i5 0, i5 %add_ln37_23" [/home/ytq/codeField/Prediction_Model_Accelerator/CSIM/Reshape_HLS/src/../include/helpers.hpp:38]   --->   Operation 160 'select' 'select_ln38_41' <Predicate = true> <Delay = 0.41> <CoreInst = "Sel">   --->   Core 73 'Sel' <Latency = 0> <II = 1> <Delay = 0.41> <FuncUnit> <Opcode : 'select'> <InPorts = 3> <OutPorts = 1>
ST_10 : Operation 161 [1/1] (0.78ns)   --->   "%add_ln37_24 = add i5 %select_ln38_41, i5 1" [/home/ytq/codeField/Prediction_Model_Accelerator/CSIM/Reshape_HLS/src/../include/helpers.hpp:37]   --->   Operation 161 'add' 'add_ln37_24' <Predicate = true> <Delay = 0.78> <CoreInst = "Adder">   --->   Core 1 'Adder' <Latency = 0> <II = 1> <Delay = 0.78> <FuncUnit> <Opcode : 'add' 'sub'> <InPorts = 2> <OutPorts = 1>
ST_10 : Operation 162 [1/1] (0.00ns)   --->   "%zext_ln38_25 = zext i5 %add_ln37_24" [/home/ytq/codeField/Prediction_Model_Accelerator/CSIM/Reshape_HLS/src/../include/helpers.hpp:38]   --->   Operation 162 'zext' 'zext_ln38_25' <Predicate = true> <Delay = 0.00>
ST_10 : Operation 163 [1/1] (0.99ns)   --->   "%icmp_ln38_26 = icmp_eq  i32 %zext_ln38_25, i32 %COLS_read" [/home/ytq/codeField/Prediction_Model_Accelerator/CSIM/Reshape_HLS/src/../include/helpers.hpp:38]   --->   Operation 163 'icmp' 'icmp_ln38_26' <Predicate = true> <Delay = 0.99> <CoreInst = "Cmp">   --->   Core 9 'Cmp' <Latency = 0> <II = 1> <Delay = 0.99> <FuncUnit> <Opcode : 'icmp'> <InPorts = 2> <OutPorts = 1>
ST_10 : Operation 164 [1/1] (0.41ns)   --->   "%select_ln38_42 = select i1 %icmp_ln38_26, i5 0, i5 %add_ln37_24" [/home/ytq/codeField/Prediction_Model_Accelerator/CSIM/Reshape_HLS/src/../include/helpers.hpp:38]   --->   Operation 164 'select' 'select_ln38_42' <Predicate = true> <Delay = 0.41> <CoreInst = "Sel">   --->   Core 73 'Sel' <Latency = 0> <II = 1> <Delay = 0.41> <FuncUnit> <Opcode : 'select'> <InPorts = 3> <OutPorts = 1>
ST_10 : Operation 165 [1/1] (0.78ns)   --->   "%add_ln37_25 = add i5 %select_ln38_42, i5 1" [/home/ytq/codeField/Prediction_Model_Accelerator/CSIM/Reshape_HLS/src/../include/helpers.hpp:37]   --->   Operation 165 'add' 'add_ln37_25' <Predicate = true> <Delay = 0.78> <CoreInst = "Adder">   --->   Core 1 'Adder' <Latency = 0> <II = 1> <Delay = 0.78> <FuncUnit> <Opcode : 'add' 'sub'> <InPorts = 2> <OutPorts = 1>
ST_10 : Operation 166 [1/1] (0.00ns)   --->   "%zext_ln38_26 = zext i5 %add_ln37_25" [/home/ytq/codeField/Prediction_Model_Accelerator/CSIM/Reshape_HLS/src/../include/helpers.hpp:38]   --->   Operation 166 'zext' 'zext_ln38_26' <Predicate = true> <Delay = 0.00>
ST_10 : Operation 167 [1/1] (0.99ns)   --->   "%icmp_ln38_27 = icmp_eq  i32 %zext_ln38_26, i32 %COLS_read" [/home/ytq/codeField/Prediction_Model_Accelerator/CSIM/Reshape_HLS/src/../include/helpers.hpp:38]   --->   Operation 167 'icmp' 'icmp_ln38_27' <Predicate = true> <Delay = 0.99> <CoreInst = "Cmp">   --->   Core 9 'Cmp' <Latency = 0> <II = 1> <Delay = 0.99> <FuncUnit> <Opcode : 'icmp'> <InPorts = 2> <OutPorts = 1>
ST_10 : Operation 168 [1/1] (0.41ns)   --->   "%select_ln38_43 = select i1 %icmp_ln38_27, i5 0, i5 %add_ln37_25" [/home/ytq/codeField/Prediction_Model_Accelerator/CSIM/Reshape_HLS/src/../include/helpers.hpp:38]   --->   Operation 168 'select' 'select_ln38_43' <Predicate = true> <Delay = 0.41> <CoreInst = "Sel">   --->   Core 73 'Sel' <Latency = 0> <II = 1> <Delay = 0.41> <FuncUnit> <Opcode : 'select'> <InPorts = 3> <OutPorts = 1>
ST_10 : Operation 169 [1/1] (0.78ns)   --->   "%add_ln37_26 = add i5 %select_ln38_43, i5 1" [/home/ytq/codeField/Prediction_Model_Accelerator/CSIM/Reshape_HLS/src/../include/helpers.hpp:37]   --->   Operation 169 'add' 'add_ln37_26' <Predicate = true> <Delay = 0.78> <CoreInst = "Adder">   --->   Core 1 'Adder' <Latency = 0> <II = 1> <Delay = 0.78> <FuncUnit> <Opcode : 'add' 'sub'> <InPorts = 2> <OutPorts = 1>
ST_10 : Operation 170 [1/1] (0.00ns)   --->   "%zext_ln38_27 = zext i5 %add_ln37_26" [/home/ytq/codeField/Prediction_Model_Accelerator/CSIM/Reshape_HLS/src/../include/helpers.hpp:38]   --->   Operation 170 'zext' 'zext_ln38_27' <Predicate = true> <Delay = 0.00>
ST_10 : Operation 171 [1/1] (0.99ns)   --->   "%icmp_ln38_28 = icmp_eq  i32 %zext_ln38_27, i32 %COLS_read" [/home/ytq/codeField/Prediction_Model_Accelerator/CSIM/Reshape_HLS/src/../include/helpers.hpp:38]   --->   Operation 171 'icmp' 'icmp_ln38_28' <Predicate = true> <Delay = 0.99> <CoreInst = "Cmp">   --->   Core 9 'Cmp' <Latency = 0> <II = 1> <Delay = 0.99> <FuncUnit> <Opcode : 'icmp'> <InPorts = 2> <OutPorts = 1>

State 11 <SV = 10> <Delay = 7.00>
ST_11 : Operation 172 [1/1] (0.28ns)   --->   "%xor_ln36 = xor i1 %icmp_ln38, i1 1" [/home/ytq/codeField/Prediction_Model_Accelerator/CSIM/Reshape_HLS/src/../include/helpers.hpp:36]   --->   Operation 172 'xor' 'xor_ln36' <Predicate = true> <Delay = 0.28> <CoreInst = "LogicGate">   --->   Core 74 'LogicGate' <Latency = 0> <II = 1> <Delay = 0.28> <FuncUnit> <Opcode : 'and' 'or' 'xor'> <InPorts = 2> <OutPorts = 1>
ST_11 : Operation 173 [1/1] (0.00ns)   --->   "%tmp_1 = bitconcatenate i6 @_ssdm_op_BitConcatenate.i6.i1.i5, i1 %xor_ln36, i5 0" [/home/ytq/codeField/Prediction_Model_Accelerator/CSIM/Reshape_HLS/src/../include/helpers.hpp:36]   --->   Operation 173 'bitconcatenate' 'tmp_1' <Predicate = true> <Delay = 0.00>
ST_11 : Operation 174 [1/1] (0.00ns)   --->   "%tmp_2 = bitconcatenate i7 @_ssdm_op_BitConcatenate.i7.i2.i5, i2 %select_ln38_2, i5 0" [/home/ytq/codeField/Prediction_Model_Accelerator/CSIM/Reshape_HLS/src/../include/helpers.hpp:36]   --->   Operation 174 'bitconcatenate' 'tmp_2' <Predicate = true> <Delay = 0.00>
ST_11 : Operation 175 [1/1] (0.00ns)   --->   "%tmp_3 = bitconcatenate i7 @_ssdm_op_BitConcatenate.i7.i2.i5, i2 %select_ln38_4, i5 0" [/home/ytq/codeField/Prediction_Model_Accelerator/CSIM/Reshape_HLS/src/../include/helpers.hpp:36]   --->   Operation 175 'bitconcatenate' 'tmp_3' <Predicate = true> <Delay = 0.00>
ST_11 : Operation 176 [1/1] (0.00ns)   --->   "%tmp_4 = bitconcatenate i8 @_ssdm_op_BitConcatenate.i8.i3.i5, i3 %select_ln38_6, i5 0" [/home/ytq/codeField/Prediction_Model_Accelerator/CSIM/Reshape_HLS/src/../include/helpers.hpp:36]   --->   Operation 176 'bitconcatenate' 'tmp_4' <Predicate = true> <Delay = 0.00>
ST_11 : Operation 177 [1/1] (0.00ns)   --->   "%tmp_5 = bitconcatenate i8 @_ssdm_op_BitConcatenate.i8.i3.i5, i3 %select_ln38_8, i5 0" [/home/ytq/codeField/Prediction_Model_Accelerator/CSIM/Reshape_HLS/src/../include/helpers.hpp:36]   --->   Operation 177 'bitconcatenate' 'tmp_5' <Predicate = true> <Delay = 0.00>
ST_11 : Operation 178 [1/1] (0.00ns)   --->   "%tmp_6 = bitconcatenate i8 @_ssdm_op_BitConcatenate.i8.i3.i5, i3 %select_ln38_10, i5 0" [/home/ytq/codeField/Prediction_Model_Accelerator/CSIM/Reshape_HLS/src/../include/helpers.hpp:36]   --->   Operation 178 'bitconcatenate' 'tmp_6' <Predicate = true> <Delay = 0.00>
ST_11 : Operation 179 [1/1] (0.00ns)   --->   "%tmp_7 = bitconcatenate i8 @_ssdm_op_BitConcatenate.i8.i3.i5, i3 %select_ln38_12, i5 0" [/home/ytq/codeField/Prediction_Model_Accelerator/CSIM/Reshape_HLS/src/../include/helpers.hpp:36]   --->   Operation 179 'bitconcatenate' 'tmp_7' <Predicate = true> <Delay = 0.00>
ST_11 : Operation 180 [1/1] (0.00ns)   --->   "%tmp_8 = bitconcatenate i9 @_ssdm_op_BitConcatenate.i9.i4.i5, i4 %select_ln38_14, i5 0" [/home/ytq/codeField/Prediction_Model_Accelerator/CSIM/Reshape_HLS/src/../include/helpers.hpp:36]   --->   Operation 180 'bitconcatenate' 'tmp_8' <Predicate = true> <Delay = 0.00>
ST_11 : Operation 181 [1/1] (0.00ns)   --->   "%tmp_9 = bitconcatenate i9 @_ssdm_op_BitConcatenate.i9.i4.i5, i4 %select_ln38_16, i5 0" [/home/ytq/codeField/Prediction_Model_Accelerator/CSIM/Reshape_HLS/src/../include/helpers.hpp:36]   --->   Operation 181 'bitconcatenate' 'tmp_9' <Predicate = true> <Delay = 0.00>
ST_11 : Operation 182 [1/1] (0.00ns)   --->   "%tmp_s = bitconcatenate i9 @_ssdm_op_BitConcatenate.i9.i4.i5, i4 %select_ln38_18, i5 0" [/home/ytq/codeField/Prediction_Model_Accelerator/CSIM/Reshape_HLS/src/../include/helpers.hpp:36]   --->   Operation 182 'bitconcatenate' 'tmp_s' <Predicate = true> <Delay = 0.00>
ST_11 : Operation 183 [1/1] (0.00ns)   --->   "%tmp_10 = bitconcatenate i9 @_ssdm_op_BitConcatenate.i9.i4.i5, i4 %select_ln38_20, i5 0" [/home/ytq/codeField/Prediction_Model_Accelerator/CSIM/Reshape_HLS/src/../include/helpers.hpp:36]   --->   Operation 183 'bitconcatenate' 'tmp_10' <Predicate = true> <Delay = 0.00>
ST_11 : Operation 184 [1/1] (0.00ns)   --->   "%tmp_11 = bitconcatenate i9 @_ssdm_op_BitConcatenate.i9.i4.i5, i4 %select_ln38_22, i5 0" [/home/ytq/codeField/Prediction_Model_Accelerator/CSIM/Reshape_HLS/src/../include/helpers.hpp:36]   --->   Operation 184 'bitconcatenate' 'tmp_11' <Predicate = true> <Delay = 0.00>
ST_11 : Operation 185 [1/1] (0.00ns)   --->   "%tmp_12 = bitconcatenate i9 @_ssdm_op_BitConcatenate.i9.i4.i5, i4 %select_ln38_24, i5 0" [/home/ytq/codeField/Prediction_Model_Accelerator/CSIM/Reshape_HLS/src/../include/helpers.hpp:36]   --->   Operation 185 'bitconcatenate' 'tmp_12' <Predicate = true> <Delay = 0.00>
ST_11 : Operation 186 [1/1] (0.00ns)   --->   "%tmp_13 = bitconcatenate i9 @_ssdm_op_BitConcatenate.i9.i4.i5, i4 %select_ln38_26, i5 0" [/home/ytq/codeField/Prediction_Model_Accelerator/CSIM/Reshape_HLS/src/../include/helpers.hpp:36]   --->   Operation 186 'bitconcatenate' 'tmp_13' <Predicate = true> <Delay = 0.00>
ST_11 : Operation 187 [1/1] (0.00ns)   --->   "%tmp_14 = bitconcatenate i9 @_ssdm_op_BitConcatenate.i9.i4.i5, i4 %select_ln38_28, i5 0" [/home/ytq/codeField/Prediction_Model_Accelerator/CSIM/Reshape_HLS/src/../include/helpers.hpp:36]   --->   Operation 187 'bitconcatenate' 'tmp_14' <Predicate = true> <Delay = 0.00>
ST_11 : Operation 188 [1/1] (0.00ns)   --->   "%tmp_15 = bitconcatenate i10 @_ssdm_op_BitConcatenate.i10.i5.i5, i5 %select_ln38_30, i5 0" [/home/ytq/codeField/Prediction_Model_Accelerator/CSIM/Reshape_HLS/src/../include/helpers.hpp:36]   --->   Operation 188 'bitconcatenate' 'tmp_15' <Predicate = true> <Delay = 0.00>
ST_11 : Operation 189 [1/1] (0.00ns)   --->   "%tmp_16 = bitconcatenate i10 @_ssdm_op_BitConcatenate.i10.i5.i5, i5 %select_ln38_32, i5 0" [/home/ytq/codeField/Prediction_Model_Accelerator/CSIM/Reshape_HLS/src/../include/helpers.hpp:36]   --->   Operation 189 'bitconcatenate' 'tmp_16' <Predicate = true> <Delay = 0.00>
ST_11 : Operation 190 [1/1] (0.00ns)   --->   "%tmp_17 = bitconcatenate i10 @_ssdm_op_BitConcatenate.i10.i5.i5, i5 %select_ln38_33, i5 0" [/home/ytq/codeField/Prediction_Model_Accelerator/CSIM/Reshape_HLS/src/../include/helpers.hpp:36]   --->   Operation 190 'bitconcatenate' 'tmp_17' <Predicate = true> <Delay = 0.00>
ST_11 : Operation 191 [1/1] (0.00ns)   --->   "%tmp_18 = bitconcatenate i10 @_ssdm_op_BitConcatenate.i10.i5.i5, i5 %select_ln38_34, i5 0" [/home/ytq/codeField/Prediction_Model_Accelerator/CSIM/Reshape_HLS/src/../include/helpers.hpp:36]   --->   Operation 191 'bitconcatenate' 'tmp_18' <Predicate = true> <Delay = 0.00>
ST_11 : Operation 192 [1/1] (0.00ns)   --->   "%tmp_19 = bitconcatenate i10 @_ssdm_op_BitConcatenate.i10.i5.i5, i5 %select_ln38_35, i5 0" [/home/ytq/codeField/Prediction_Model_Accelerator/CSIM/Reshape_HLS/src/../include/helpers.hpp:36]   --->   Operation 192 'bitconcatenate' 'tmp_19' <Predicate = true> <Delay = 0.00>
ST_11 : Operation 193 [1/1] (0.00ns)   --->   "%tmp_20 = bitconcatenate i10 @_ssdm_op_BitConcatenate.i10.i5.i5, i5 %select_ln38_36, i5 0" [/home/ytq/codeField/Prediction_Model_Accelerator/CSIM/Reshape_HLS/src/../include/helpers.hpp:36]   --->   Operation 193 'bitconcatenate' 'tmp_20' <Predicate = true> <Delay = 0.00>
ST_11 : Operation 194 [1/1] (0.00ns)   --->   "%tmp_21 = bitconcatenate i10 @_ssdm_op_BitConcatenate.i10.i5.i5, i5 %select_ln38_37, i5 0" [/home/ytq/codeField/Prediction_Model_Accelerator/CSIM/Reshape_HLS/src/../include/helpers.hpp:36]   --->   Operation 194 'bitconcatenate' 'tmp_21' <Predicate = true> <Delay = 0.00>
ST_11 : Operation 195 [1/1] (0.00ns)   --->   "%tmp_22 = bitconcatenate i10 @_ssdm_op_BitConcatenate.i10.i5.i5, i5 %select_ln38_38, i5 0" [/home/ytq/codeField/Prediction_Model_Accelerator/CSIM/Reshape_HLS/src/../include/helpers.hpp:36]   --->   Operation 195 'bitconcatenate' 'tmp_22' <Predicate = true> <Delay = 0.00>
ST_11 : Operation 196 [1/1] (0.00ns)   --->   "%tmp_23 = bitconcatenate i10 @_ssdm_op_BitConcatenate.i10.i5.i5, i5 %select_ln38_39, i5 0" [/home/ytq/codeField/Prediction_Model_Accelerator/CSIM/Reshape_HLS/src/../include/helpers.hpp:36]   --->   Operation 196 'bitconcatenate' 'tmp_23' <Predicate = true> <Delay = 0.00>
ST_11 : Operation 197 [1/1] (0.00ns)   --->   "%tmp_24 = bitconcatenate i10 @_ssdm_op_BitConcatenate.i10.i5.i5, i5 %select_ln38_40, i5 0" [/home/ytq/codeField/Prediction_Model_Accelerator/CSIM/Reshape_HLS/src/../include/helpers.hpp:36]   --->   Operation 197 'bitconcatenate' 'tmp_24' <Predicate = true> <Delay = 0.00>
ST_11 : Operation 198 [1/1] (0.00ns)   --->   "%tmp_25 = bitconcatenate i10 @_ssdm_op_BitConcatenate.i10.i5.i5, i5 %select_ln38_41, i5 0" [/home/ytq/codeField/Prediction_Model_Accelerator/CSIM/Reshape_HLS/src/../include/helpers.hpp:36]   --->   Operation 198 'bitconcatenate' 'tmp_25' <Predicate = true> <Delay = 0.00>
ST_11 : Operation 199 [1/1] (0.00ns)   --->   "%tmp_26 = bitconcatenate i10 @_ssdm_op_BitConcatenate.i10.i5.i5, i5 %select_ln38_42, i5 0" [/home/ytq/codeField/Prediction_Model_Accelerator/CSIM/Reshape_HLS/src/../include/helpers.hpp:36]   --->   Operation 199 'bitconcatenate' 'tmp_26' <Predicate = true> <Delay = 0.00>
ST_11 : Operation 200 [1/1] (0.00ns)   --->   "%tmp_27 = bitconcatenate i10 @_ssdm_op_BitConcatenate.i10.i5.i5, i5 %select_ln38_43, i5 0" [/home/ytq/codeField/Prediction_Model_Accelerator/CSIM/Reshape_HLS/src/../include/helpers.hpp:36]   --->   Operation 200 'bitconcatenate' 'tmp_27' <Predicate = true> <Delay = 0.00>
ST_11 : Operation 201 [1/1] (0.41ns)   --->   "%select_ln38_44 = select i1 %icmp_ln38_28, i5 0, i5 %add_ln37_26" [/home/ytq/codeField/Prediction_Model_Accelerator/CSIM/Reshape_HLS/src/../include/helpers.hpp:38]   --->   Operation 201 'select' 'select_ln38_44' <Predicate = true> <Delay = 0.41> <CoreInst = "Sel">   --->   Core 73 'Sel' <Latency = 0> <II = 1> <Delay = 0.41> <FuncUnit> <Opcode : 'select'> <InPorts = 3> <OutPorts = 1>
ST_11 : Operation 202 [1/1] (0.00ns)   --->   "%tmp_28 = bitconcatenate i10 @_ssdm_op_BitConcatenate.i10.i5.i5, i5 %select_ln38_44, i5 0" [/home/ytq/codeField/Prediction_Model_Accelerator/CSIM/Reshape_HLS/src/../include/helpers.hpp:36]   --->   Operation 202 'bitconcatenate' 'tmp_28' <Predicate = true> <Delay = 0.00>
ST_11 : Operation 203 [1/1] (0.78ns)   --->   "%add_ln37_27 = add i5 %select_ln38_44, i5 1" [/home/ytq/codeField/Prediction_Model_Accelerator/CSIM/Reshape_HLS/src/../include/helpers.hpp:37]   --->   Operation 203 'add' 'add_ln37_27' <Predicate = true> <Delay = 0.78> <CoreInst = "Adder">   --->   Core 1 'Adder' <Latency = 0> <II = 1> <Delay = 0.78> <FuncUnit> <Opcode : 'add' 'sub'> <InPorts = 2> <OutPorts = 1>
ST_11 : Operation 204 [1/1] (0.00ns)   --->   "%zext_ln38_28 = zext i5 %add_ln37_27" [/home/ytq/codeField/Prediction_Model_Accelerator/CSIM/Reshape_HLS/src/../include/helpers.hpp:38]   --->   Operation 204 'zext' 'zext_ln38_28' <Predicate = true> <Delay = 0.00>
ST_11 : Operation 205 [1/1] (0.99ns)   --->   "%icmp_ln38_29 = icmp_eq  i32 %zext_ln38_28, i32 %COLS_read" [/home/ytq/codeField/Prediction_Model_Accelerator/CSIM/Reshape_HLS/src/../include/helpers.hpp:38]   --->   Operation 205 'icmp' 'icmp_ln38_29' <Predicate = true> <Delay = 0.99> <CoreInst = "Cmp">   --->   Core 9 'Cmp' <Latency = 0> <II = 1> <Delay = 0.99> <FuncUnit> <Opcode : 'icmp'> <InPorts = 2> <OutPorts = 1>
ST_11 : Operation 206 [1/1] (0.41ns)   --->   "%select_ln38_45 = select i1 %icmp_ln38_29, i5 0, i5 %add_ln37_27" [/home/ytq/codeField/Prediction_Model_Accelerator/CSIM/Reshape_HLS/src/../include/helpers.hpp:38]   --->   Operation 206 'select' 'select_ln38_45' <Predicate = true> <Delay = 0.41> <CoreInst = "Sel">   --->   Core 73 'Sel' <Latency = 0> <II = 1> <Delay = 0.41> <FuncUnit> <Opcode : 'select'> <InPorts = 3> <OutPorts = 1>
ST_11 : Operation 207 [1/1] (0.00ns)   --->   "%tmp_29 = bitconcatenate i10 @_ssdm_op_BitConcatenate.i10.i5.i5, i5 %select_ln38_45, i5 0" [/home/ytq/codeField/Prediction_Model_Accelerator/CSIM/Reshape_HLS/src/../include/helpers.hpp:36]   --->   Operation 207 'bitconcatenate' 'tmp_29' <Predicate = true> <Delay = 0.00>
ST_11 : Operation 208 [1/1] (0.78ns)   --->   "%add_ln37_28 = add i5 %select_ln38_45, i5 1" [/home/ytq/codeField/Prediction_Model_Accelerator/CSIM/Reshape_HLS/src/../include/helpers.hpp:37]   --->   Operation 208 'add' 'add_ln37_28' <Predicate = true> <Delay = 0.78> <CoreInst = "Adder">   --->   Core 1 'Adder' <Latency = 0> <II = 1> <Delay = 0.78> <FuncUnit> <Opcode : 'add' 'sub'> <InPorts = 2> <OutPorts = 1>
ST_11 : Operation 209 [1/1] (0.00ns)   --->   "%zext_ln38_29 = zext i5 %add_ln37_28" [/home/ytq/codeField/Prediction_Model_Accelerator/CSIM/Reshape_HLS/src/../include/helpers.hpp:38]   --->   Operation 209 'zext' 'zext_ln38_29' <Predicate = true> <Delay = 0.00>
ST_11 : Operation 210 [1/1] (0.99ns)   --->   "%icmp_ln38_30 = icmp_eq  i32 %zext_ln38_29, i32 %COLS_read" [/home/ytq/codeField/Prediction_Model_Accelerator/CSIM/Reshape_HLS/src/../include/helpers.hpp:38]   --->   Operation 210 'icmp' 'icmp_ln38_30' <Predicate = true> <Delay = 0.99> <CoreInst = "Cmp">   --->   Core 9 'Cmp' <Latency = 0> <II = 1> <Delay = 0.99> <FuncUnit> <Opcode : 'icmp'> <InPorts = 2> <OutPorts = 1>
ST_11 : Operation 211 [1/1] (0.41ns)   --->   "%select_ln38_46 = select i1 %icmp_ln38_30, i5 0, i5 %add_ln37_28" [/home/ytq/codeField/Prediction_Model_Accelerator/CSIM/Reshape_HLS/src/../include/helpers.hpp:38]   --->   Operation 211 'select' 'select_ln38_46' <Predicate = true> <Delay = 0.41> <CoreInst = "Sel">   --->   Core 73 'Sel' <Latency = 0> <II = 1> <Delay = 0.41> <FuncUnit> <Opcode : 'select'> <InPorts = 3> <OutPorts = 1>
ST_11 : Operation 212 [1/1] (0.00ns)   --->   "%zext_ln36_33 = zext i5 %select_ln38_46" [/home/ytq/codeField/Prediction_Model_Accelerator/CSIM/Reshape_HLS/src/../include/helpers.hpp:36]   --->   Operation 212 'zext' 'zext_ln36_33' <Predicate = true> <Delay = 0.00>
ST_11 : Operation 213 [1/1] (0.00ns)   --->   "%tmp_30 = bitconcatenate i10 @_ssdm_op_BitConcatenate.i10.i5.i5, i5 %select_ln38_46, i5 0" [/home/ytq/codeField/Prediction_Model_Accelerator/CSIM/Reshape_HLS/src/../include/helpers.hpp:36]   --->   Operation 213 'bitconcatenate' 'tmp_30' <Predicate = true> <Delay = 0.00>
ST_11 : Operation 214 [1/1] (0.78ns)   --->   "%add_ln37_29 = add i6 %zext_ln36_33, i6 1" [/home/ytq/codeField/Prediction_Model_Accelerator/CSIM/Reshape_HLS/src/../include/helpers.hpp:37]   --->   Operation 214 'add' 'add_ln37_29' <Predicate = true> <Delay = 0.78> <CoreInst = "Adder">   --->   Core 1 'Adder' <Latency = 0> <II = 1> <Delay = 0.78> <FuncUnit> <Opcode : 'add' 'sub'> <InPorts = 2> <OutPorts = 1>
ST_11 : Operation 215 [1/1] (0.00ns)   --->   "%zext_ln38_30 = zext i6 %add_ln37_29" [/home/ytq/codeField/Prediction_Model_Accelerator/CSIM/Reshape_HLS/src/../include/helpers.hpp:38]   --->   Operation 215 'zext' 'zext_ln38_30' <Predicate = true> <Delay = 0.00>
ST_11 : Operation 216 [1/1] (0.99ns)   --->   "%icmp_ln38_31 = icmp_eq  i32 %zext_ln38_30, i32 %COLS_read" [/home/ytq/codeField/Prediction_Model_Accelerator/CSIM/Reshape_HLS/src/../include/helpers.hpp:38]   --->   Operation 216 'icmp' 'icmp_ln38_31' <Predicate = true> <Delay = 0.99> <CoreInst = "Cmp">   --->   Core 9 'Cmp' <Latency = 0> <II = 1> <Delay = 0.99> <FuncUnit> <Opcode : 'icmp'> <InPorts = 2> <OutPorts = 1>
ST_11 : Operation 217 [2/2] (0.42ns)   --->   "%call_ln628 = call void @reshape_stream<ap_int<8>, ap_int<8>, 32u>_Pipeline_VITIS_LOOP_33_1, i8 %l_val_V_124, i8 %l_val_V_123, i8 %l_val_V_122, i8 %l_val_V_121, i8 %l_val_V_120, i8 %l_val_V_119, i8 %l_val_V_118, i8 %l_val_V_117, i8 %l_val_V_116, i8 %l_val_V_115, i8 %l_val_V_114, i8 %l_val_V_113, i8 %l_val_V_112, i8 %l_val_V_111, i8 %l_val_V_110, i8 %l_val_V_109, i8 %l_val_V_108, i8 %l_val_V_107, i8 %l_val_V_106, i8 %l_val_V_105, i8 %l_val_V_104, i8 %l_val_V_103, i8 %l_val_V_102, i8 %l_val_V_101, i8 %l_val_V_100, i8 %l_val_V_99, i8 %l_val_V_98, i8 %l_val_V_97, i8 %l_val_V_96, i8 %l_val_V_95, i8 %l_val_V_94, i8 %l_val_V, i32 %ROWS_read, i8 %buffer_V, i1 %icmp_ln38, i6 %tmp_1, i1 %icmp_ln38_1, i7 %tmp_2, i1 %icmp_ln38_2, i7 %tmp_3, i1 %icmp_ln38_3, i8 %tmp_4, i1 %icmp_ln38_4, i8 %tmp_5, i1 %icmp_ln38_5, i8 %tmp_6, i1 %icmp_ln38_6, i8 %tmp_7, i1 %icmp_ln38_7, i9 %tmp_8, i1 %icmp_ln38_8, i9 %tmp_9, i1 %icmp_ln38_9, i9 %tmp_s, i1 %icmp_ln38_10, i9 %tmp_10, i1 %icmp_ln38_11, i9 %tmp_11, i1 %icmp_ln38_12, i9 %tmp_12, i1 %icmp_ln38_13, i9 %tmp_13, i1 %icmp_ln38_14, i9 %tmp_14, i1 %icmp_ln38_15, i10 %tmp_15, i1 %icmp_ln38_16, i10 %tmp_16, i1 %icmp_ln38_17, i10 %tmp_17, i1 %icmp_ln38_18, i10 %tmp_18, i1 %icmp_ln38_19, i10 %tmp_19, i1 %icmp_ln38_20, i10 %tmp_20, i1 %icmp_ln38_21, i10 %tmp_21, i1 %icmp_ln38_22, i10 %tmp_22, i1 %icmp_ln38_23, i10 %tmp_23, i1 %icmp_ln38_24, i10 %tmp_24, i1 %icmp_ln38_25, i10 %tmp_25, i1 %icmp_ln38_26, i10 %tmp_26, i1 %icmp_ln38_27, i10 %tmp_27, i1 %icmp_ln38_28, i10 %tmp_28, i1 %icmp_ln38_29, i10 %tmp_29, i1 %icmp_ln38_30, i10 %tmp_30, i1 %icmp_ln38_31, i256 %data_in1"   --->   Operation 217 'call' 'call_ln628' <Predicate = true> <Delay = 0.42> <CoreType = "Generic">   --->   Core 0 '' <Latency = 0> <II = 1> <Delay = 1.00> <Generic> <Opcode : >

State 12 <SV = 11> <Delay = 0.00>
ST_12 : Operation 218 [1/2] (0.00ns)   --->   "%call_ln628 = call void @reshape_stream<ap_int<8>, ap_int<8>, 32u>_Pipeline_VITIS_LOOP_33_1, i8 %l_val_V_124, i8 %l_val_V_123, i8 %l_val_V_122, i8 %l_val_V_121, i8 %l_val_V_120, i8 %l_val_V_119, i8 %l_val_V_118, i8 %l_val_V_117, i8 %l_val_V_116, i8 %l_val_V_115, i8 %l_val_V_114, i8 %l_val_V_113, i8 %l_val_V_112, i8 %l_val_V_111, i8 %l_val_V_110, i8 %l_val_V_109, i8 %l_val_V_108, i8 %l_val_V_107, i8 %l_val_V_106, i8 %l_val_V_105, i8 %l_val_V_104, i8 %l_val_V_103, i8 %l_val_V_102, i8 %l_val_V_101, i8 %l_val_V_100, i8 %l_val_V_99, i8 %l_val_V_98, i8 %l_val_V_97, i8 %l_val_V_96, i8 %l_val_V_95, i8 %l_val_V_94, i8 %l_val_V, i32 %ROWS_read, i8 %buffer_V, i1 %icmp_ln38, i6 %tmp_1, i1 %icmp_ln38_1, i7 %tmp_2, i1 %icmp_ln38_2, i7 %tmp_3, i1 %icmp_ln38_3, i8 %tmp_4, i1 %icmp_ln38_4, i8 %tmp_5, i1 %icmp_ln38_5, i8 %tmp_6, i1 %icmp_ln38_6, i8 %tmp_7, i1 %icmp_ln38_7, i9 %tmp_8, i1 %icmp_ln38_8, i9 %tmp_9, i1 %icmp_ln38_9, i9 %tmp_s, i1 %icmp_ln38_10, i9 %tmp_10, i1 %icmp_ln38_11, i9 %tmp_11, i1 %icmp_ln38_12, i9 %tmp_12, i1 %icmp_ln38_13, i9 %tmp_13, i1 %icmp_ln38_14, i9 %tmp_14, i1 %icmp_ln38_15, i10 %tmp_15, i1 %icmp_ln38_16, i10 %tmp_16, i1 %icmp_ln38_17, i10 %tmp_17, i1 %icmp_ln38_18, i10 %tmp_18, i1 %icmp_ln38_19, i10 %tmp_19, i1 %icmp_ln38_20, i10 %tmp_20, i1 %icmp_ln38_21, i10 %tmp_21, i1 %icmp_ln38_22, i10 %tmp_22, i1 %icmp_ln38_23, i10 %tmp_23, i1 %icmp_ln38_24, i10 %tmp_24, i1 %icmp_ln38_25, i10 %tmp_25, i1 %icmp_ln38_26, i10 %tmp_26, i1 %icmp_ln38_27, i10 %tmp_27, i1 %icmp_ln38_28, i10 %tmp_28, i1 %icmp_ln38_29, i10 %tmp_29, i1 %icmp_ln38_30, i10 %tmp_30, i1 %icmp_ln38_31, i256 %data_in1"   --->   Operation 218 'call' 'call_ln628' <Predicate = true> <Delay = 0.00> <CoreType = "Generic">   --->   Core 0 '' <Latency = 0> <II = 1> <Delay = 1.00> <Generic> <Opcode : >

State 13 <SV = 12> <Delay = 0.00>
ST_13 : Operation 219 [1/1] (0.00ns)   --->   "%empty_100 = wait i32 @_ssdm_op_Wait"   --->   Operation 219 'wait' 'empty_100' <Predicate = true> <Delay = 0.00>

State 14 <SV = 13> <Delay = 3.42>
ST_14 : Operation 220 [1/1] (0.00ns)   --->   "%zext_ln51 = zext i32 %COLS_read" [/home/ytq/codeField/Prediction_Model_Accelerator/CSIM/Reshape_HLS/src/../include/helpers.hpp:51]   --->   Operation 220 'zext' 'zext_ln51' <Predicate = true> <Delay = 0.00>
ST_14 : Operation 221 [1/1] (0.00ns)   --->   "%zext_ln51_1 = zext i32 %ROWS_read" [/home/ytq/codeField/Prediction_Model_Accelerator/CSIM/Reshape_HLS/src/../include/helpers.hpp:51]   --->   Operation 221 'zext' 'zext_ln51_1' <Predicate = true> <Delay = 0.00>
ST_14 : Operation 222 [1/1] (3.42ns)   --->   "%mul_ln51 = mul i64 %zext_ln51, i64 %zext_ln51_1" [/home/ytq/codeField/Prediction_Model_Accelerator/CSIM/Reshape_HLS/src/../include/helpers.hpp:51]   --->   Operation 222 'mul' 'mul_ln51' <Predicate = true> <Delay = 3.42> <CoreInst = "Multiplier">   --->   Core 3 'Multiplier' <Latency = 0> <II = 1> <Delay = 3.42> <FuncUnit> <Opcode : 'mul'> <InPorts = 2> <OutPorts = 1>
ST_14 : Operation 223 [1/1] (0.00ns)   --->   "%empty_101 = wait i32 @_ssdm_op_Wait"   --->   Operation 223 'wait' 'empty_101' <Predicate = true> <Delay = 0.00>
ST_14 : Operation 224 [2/2] (0.00ns)   --->   "%call_ln51 = call void @reshape_stream<ap_int,ap_int<8>,32u>_Pipeline_VITIS_LOOP_51_3_VITIS_LOOP_52_4, i64 %mul_ln51, i32 %ROWS_read, i8 %buffer_V, i256 %data_out2" [/home/ytq/codeField/Prediction_Model_Accelerator/CSIM/Reshape_HLS/src/../include/helpers.hpp:51]   --->   Operation 224 'call' 'call_ln51' <Predicate = true> <Delay = 0.00> <CoreType = "Generic">   --->   Core 0 '' <Latency = 0> <II = 1> <Delay = 1.00> <Generic> <Opcode : >

State 15 <SV = 14> <Delay = 0.00>
ST_15 : Operation 225 [1/1] (0.00ns)   --->   "%specinterface_ln0 = specinterface void @_ssdm_op_SpecInterface, i32 %COLS, void @ap_fifo_str, i32 0, i32 0, void @p_str, i32 0, i32 0, void @p_str, void @p_str, void @p_str, i32 2, i32 2, i32 16, i32 16, void @p_str, void @ScalarProp_str, i32 4294967295, i32 0"   --->   Operation 225 'specinterface' 'specinterface_ln0' <Predicate = true> <Delay = 0.00>
ST_15 : Operation 226 [1/1] (0.00ns)   --->   "%specinterface_ln0 = specinterface void @_ssdm_op_SpecInterface, i32 %COLS_c, void @ap_fifo_str, i32 0, i32 0, void @p_str, i32 0, i32 0, void @p_str, void @p_str, void @p_str, i32 2, i32 2, i32 16, i32 16, void @p_str, void @ScalarProp_str, i32 4294967295, i32 0"   --->   Operation 226 'specinterface' 'specinterface_ln0' <Predicate = true> <Delay = 0.00>
ST_15 : Operation 227 [1/1] (0.00ns)   --->   "%specinterface_ln0 = specinterface void @_ssdm_op_SpecInterface, i32 %ROWS, void @ap_fifo_str, i32 0, i32 0, void @p_str, i32 0, i32 0, void @p_str, void @p_str, void @p_str, i32 2, i32 2, i32 16, i32 16, void @p_str, void @ScalarProp_str, i32 4294967295, i32 0"   --->   Operation 227 'specinterface' 'specinterface_ln0' <Predicate = true> <Delay = 0.00>
ST_15 : Operation 228 [1/1] (0.00ns)   --->   "%specinterface_ln0 = specinterface void @_ssdm_op_SpecInterface, i32 %ROWS_c, void @ap_fifo_str, i32 0, i32 0, void @p_str, i32 0, i32 0, void @p_str, void @p_str, void @p_str, i32 2, i32 2, i32 16, i32 16, void @p_str, void @ScalarProp_str, i32 4294967295, i32 0"   --->   Operation 228 'specinterface' 'specinterface_ln0' <Predicate = true> <Delay = 0.00>
ST_15 : Operation 229 [1/1] (0.00ns)   --->   "%specinterface_ln0 = specinterface void @_ssdm_op_SpecInterface, i256 %data_out2, void @empty_7, i32 0, i32 0, void @empty_19, i32 0, i32 0, void @empty_19, void @empty_19, void @empty_19, i32 0, i32 0, i32 0, i32 0, void @empty_19, void @empty_19, i32 4294967295, i32 0"   --->   Operation 229 'specinterface' 'specinterface_ln0' <Predicate = true> <Delay = 0.00>
ST_15 : Operation 230 [1/1] (0.00ns)   --->   "%specinterface_ln0 = specinterface void @_ssdm_op_SpecInterface, i256 %data_in1, void @empty_7, i32 0, i32 0, void @empty_19, i32 0, i32 0, void @empty_19, void @empty_19, void @empty_19, i32 0, i32 0, i32 0, i32 0, void @empty_19, void @empty_19, i32 4294967295, i32 0"   --->   Operation 230 'specinterface' 'specinterface_ln0' <Predicate = true> <Delay = 0.00>
ST_15 : Operation 231 [1/2] (0.00ns)   --->   "%call_ln51 = call void @reshape_stream<ap_int,ap_int<8>,32u>_Pipeline_VITIS_LOOP_51_3_VITIS_LOOP_52_4, i64 %mul_ln51, i32 %ROWS_read, i8 %buffer_V, i256 %data_out2" [/home/ytq/codeField/Prediction_Model_Accelerator/CSIM/Reshape_HLS/src/../include/helpers.hpp:51]   --->   Operation 231 'call' 'call_ln51' <Predicate = true> <Delay = 0.00> <CoreType = "Generic">   --->   Core 0 '' <Latency = 0> <II = 1> <Delay = 1.00> <Generic> <Opcode : >
ST_15 : Operation 232 [1/1] (0.00ns)   --->   "%ret_ln61 = ret" [/home/ytq/codeField/Prediction_Model_Accelerator/CSIM/Reshape_HLS/src/../include/helpers.hpp:61]   --->   Operation 232 'ret' 'ret_ln61' <Predicate = true> <Delay = 0.00>


============================================================
+ Verbose Summary: Timing violations
============================================================
Target clock period: 10ns, clock uncertainty: 2.7ns.

 <State 1>: 3.68ns
The critical path consists of the following:
	fifo read operation ('COLS_read') on port 'COLS' [8]  (1.84 ns)
	fifo write operation ('write_ln0') on port 'COLS_c' [10]  (1.84 ns)

 <State 2>: 5.73ns
The critical path consists of the following:
	'icmp' operation ('icmp_ln38', /home/ytq/codeField/Prediction_Model_Accelerator/CSIM/Reshape_HLS/src/../include/helpers.hpp:38) [51]  (0.991 ns)
	'select' operation ('select_ln38', /home/ytq/codeField/Prediction_Model_Accelerator/CSIM/Reshape_HLS/src/../include/helpers.hpp:38) [54]  (0 ns)
	'icmp' operation ('icmp_ln38_1', /home/ytq/codeField/Prediction_Model_Accelerator/CSIM/Reshape_HLS/src/../include/helpers.hpp:38) [55]  (0.991 ns)
	'xor' operation ('xor_ln38', /home/ytq/codeField/Prediction_Model_Accelerator/CSIM/Reshape_HLS/src/../include/helpers.hpp:38) [56]  (0 ns)
	'select' operation ('select_ln38_2', /home/ytq/codeField/Prediction_Model_Accelerator/CSIM/Reshape_HLS/src/../include/helpers.hpp:38) [59]  (0.287 ns)
	'add' operation ('add_ln37', /home/ytq/codeField/Prediction_Model_Accelerator/CSIM/Reshape_HLS/src/../include/helpers.hpp:37) [61]  (0.548 ns)
	'icmp' operation ('icmp_ln38_2', /home/ytq/codeField/Prediction_Model_Accelerator/CSIM/Reshape_HLS/src/../include/helpers.hpp:38) [63]  (0.991 ns)
	'select' operation ('select_ln38_4', /home/ytq/codeField/Prediction_Model_Accelerator/CSIM/Reshape_HLS/src/../include/helpers.hpp:38) [64]  (0.179 ns)
	'add' operation ('add_ln37_1', /home/ytq/codeField/Prediction_Model_Accelerator/CSIM/Reshape_HLS/src/../include/helpers.hpp:37) [67]  (0.548 ns)
	'icmp' operation ('icmp_ln38_3', /home/ytq/codeField/Prediction_Model_Accelerator/CSIM/Reshape_HLS/src/../include/helpers.hpp:38) [69]  (0.991 ns)
	'select' operation ('select_ln38_6', /home/ytq/codeField/Prediction_Model_Accelerator/CSIM/Reshape_HLS/src/../include/helpers.hpp:38) [70]  (0.208 ns)

 <State 3>: 7.28ns
The critical path consists of the following:
	'add' operation ('add_ln37_2', /home/ytq/codeField/Prediction_Model_Accelerator/CSIM/Reshape_HLS/src/../include/helpers.hpp:37) [72]  (0.673 ns)
	'icmp' operation ('icmp_ln38_4', /home/ytq/codeField/Prediction_Model_Accelerator/CSIM/Reshape_HLS/src/../include/helpers.hpp:38) [74]  (0.991 ns)
	'select' operation ('select_ln38_8', /home/ytq/codeField/Prediction_Model_Accelerator/CSIM/Reshape_HLS/src/../include/helpers.hpp:38) [75]  (0.208 ns)
	'add' operation ('add_ln37_3', /home/ytq/codeField/Prediction_Model_Accelerator/CSIM/Reshape_HLS/src/../include/helpers.hpp:37) [77]  (0.673 ns)
	'icmp' operation ('icmp_ln38_5', /home/ytq/codeField/Prediction_Model_Accelerator/CSIM/Reshape_HLS/src/../include/helpers.hpp:38) [79]  (0.991 ns)
	'select' operation ('select_ln38_10', /home/ytq/codeField/Prediction_Model_Accelerator/CSIM/Reshape_HLS/src/../include/helpers.hpp:38) [80]  (0.208 ns)
	'add' operation ('add_ln37_4', /home/ytq/codeField/Prediction_Model_Accelerator/CSIM/Reshape_HLS/src/../include/helpers.hpp:37) [82]  (0.673 ns)
	'icmp' operation ('icmp_ln38_6', /home/ytq/codeField/Prediction_Model_Accelerator/CSIM/Reshape_HLS/src/../include/helpers.hpp:38) [84]  (0.991 ns)
	'select' operation ('select_ln38_12', /home/ytq/codeField/Prediction_Model_Accelerator/CSIM/Reshape_HLS/src/../include/helpers.hpp:38) [85]  (0.208 ns)
	'add' operation ('add_ln37_5', /home/ytq/codeField/Prediction_Model_Accelerator/CSIM/Reshape_HLS/src/../include/helpers.hpp:37) [88]  (0.673 ns)
	'icmp' operation ('icmp_ln38_7', /home/ytq/codeField/Prediction_Model_Accelerator/CSIM/Reshape_HLS/src/../include/helpers.hpp:38) [90]  (0.991 ns)

 <State 4>: 6.54ns
The critical path consists of the following:
	'select' operation ('select_ln38_14', /home/ytq/codeField/Prediction_Model_Accelerator/CSIM/Reshape_HLS/src/../include/helpers.hpp:38) [91]  (0.391 ns)
	'add' operation ('add_ln37_6', /home/ytq/codeField/Prediction_Model_Accelerator/CSIM/Reshape_HLS/src/../include/helpers.hpp:37) [93]  (0.797 ns)
	'icmp' operation ('icmp_ln38_8', /home/ytq/codeField/Prediction_Model_Accelerator/CSIM/Reshape_HLS/src/../include/helpers.hpp:38) [95]  (0.991 ns)
	'select' operation ('select_ln38_16', /home/ytq/codeField/Prediction_Model_Accelerator/CSIM/Reshape_HLS/src/../include/helpers.hpp:38) [96]  (0.391 ns)
	'add' operation ('add_ln37_7', /home/ytq/codeField/Prediction_Model_Accelerator/CSIM/Reshape_HLS/src/../include/helpers.hpp:37) [98]  (0.797 ns)
	'icmp' operation ('icmp_ln38_9', /home/ytq/codeField/Prediction_Model_Accelerator/CSIM/Reshape_HLS/src/../include/helpers.hpp:38) [100]  (0.991 ns)
	'select' operation ('select_ln38_18', /home/ytq/codeField/Prediction_Model_Accelerator/CSIM/Reshape_HLS/src/../include/helpers.hpp:38) [101]  (0.391 ns)
	'add' operation ('add_ln37_8', /home/ytq/codeField/Prediction_Model_Accelerator/CSIM/Reshape_HLS/src/../include/helpers.hpp:37) [103]  (0.797 ns)
	'icmp' operation ('icmp_ln38_10', /home/ytq/codeField/Prediction_Model_Accelerator/CSIM/Reshape_HLS/src/../include/helpers.hpp:38) [105]  (0.991 ns)

 <State 5>: 6.54ns
The critical path consists of the following:
	'select' operation ('select_ln38_20', /home/ytq/codeField/Prediction_Model_Accelerator/CSIM/Reshape_HLS/src/../include/helpers.hpp:38) [106]  (0.391 ns)
	'add' operation ('add_ln37_9', /home/ytq/codeField/Prediction_Model_Accelerator/CSIM/Reshape_HLS/src/../include/helpers.hpp:37) [108]  (0.797 ns)
	'icmp' operation ('icmp_ln38_11', /home/ytq/codeField/Prediction_Model_Accelerator/CSIM/Reshape_HLS/src/../include/helpers.hpp:38) [110]  (0.991 ns)
	'select' operation ('select_ln38_22', /home/ytq/codeField/Prediction_Model_Accelerator/CSIM/Reshape_HLS/src/../include/helpers.hpp:38) [111]  (0.391 ns)
	'add' operation ('add_ln37_10', /home/ytq/codeField/Prediction_Model_Accelerator/CSIM/Reshape_HLS/src/../include/helpers.hpp:37) [113]  (0.797 ns)
	'icmp' operation ('icmp_ln38_12', /home/ytq/codeField/Prediction_Model_Accelerator/CSIM/Reshape_HLS/src/../include/helpers.hpp:38) [115]  (0.991 ns)
	'select' operation ('select_ln38_24', /home/ytq/codeField/Prediction_Model_Accelerator/CSIM/Reshape_HLS/src/../include/helpers.hpp:38) [116]  (0.391 ns)
	'add' operation ('add_ln37_11', /home/ytq/codeField/Prediction_Model_Accelerator/CSIM/Reshape_HLS/src/../include/helpers.hpp:37) [118]  (0.797 ns)
	'icmp' operation ('icmp_ln38_13', /home/ytq/codeField/Prediction_Model_Accelerator/CSIM/Reshape_HLS/src/../include/helpers.hpp:38) [120]  (0.991 ns)

 <State 6>: 6.55ns
The critical path consists of the following:
	'select' operation ('select_ln38_26', /home/ytq/codeField/Prediction_Model_Accelerator/CSIM/Reshape_HLS/src/../include/helpers.hpp:38) [121]  (0.391 ns)
	'add' operation ('add_ln37_12', /home/ytq/codeField/Prediction_Model_Accelerator/CSIM/Reshape_HLS/src/../include/helpers.hpp:37) [123]  (0.797 ns)
	'icmp' operation ('icmp_ln38_14', /home/ytq/codeField/Prediction_Model_Accelerator/CSIM/Reshape_HLS/src/../include/helpers.hpp:38) [125]  (0.991 ns)
	'select' operation ('select_ln38_28', /home/ytq/codeField/Prediction_Model_Accelerator/CSIM/Reshape_HLS/src/../include/helpers.hpp:38) [126]  (0.391 ns)
	'add' operation ('add_ln37_13', /home/ytq/codeField/Prediction_Model_Accelerator/CSIM/Reshape_HLS/src/../include/helpers.hpp:37) [129]  (0.797 ns)
	'icmp' operation ('icmp_ln38_15', /home/ytq/codeField/Prediction_Model_Accelerator/CSIM/Reshape_HLS/src/../include/helpers.hpp:38) [131]  (0.991 ns)
	'select' operation ('select_ln38_30', /home/ytq/codeField/Prediction_Model_Accelerator/CSIM/Reshape_HLS/src/../include/helpers.hpp:38) [132]  (0.414 ns)
	'add' operation ('add_ln37_14', /home/ytq/codeField/Prediction_Model_Accelerator/CSIM/Reshape_HLS/src/../include/helpers.hpp:37) [134]  (0.789 ns)
	'icmp' operation ('icmp_ln38_16', /home/ytq/codeField/Prediction_Model_Accelerator/CSIM/Reshape_HLS/src/../include/helpers.hpp:38) [136]  (0.991 ns)

 <State 7>: 6.58ns
The critical path consists of the following:
	'select' operation ('select_ln38_32', /home/ytq/codeField/Prediction_Model_Accelerator/CSIM/Reshape_HLS/src/../include/helpers.hpp:38) [137]  (0.414 ns)
	'add' operation ('add_ln37_15', /home/ytq/codeField/Prediction_Model_Accelerator/CSIM/Reshape_HLS/src/../include/helpers.hpp:37) [139]  (0.789 ns)
	'icmp' operation ('icmp_ln38_17', /home/ytq/codeField/Prediction_Model_Accelerator/CSIM/Reshape_HLS/src/../include/helpers.hpp:38) [141]  (0.991 ns)
	'select' operation ('select_ln38_33', /home/ytq/codeField/Prediction_Model_Accelerator/CSIM/Reshape_HLS/src/../include/helpers.hpp:38) [142]  (0.414 ns)
	'add' operation ('add_ln37_16', /home/ytq/codeField/Prediction_Model_Accelerator/CSIM/Reshape_HLS/src/../include/helpers.hpp:37) [144]  (0.789 ns)
	'icmp' operation ('icmp_ln38_18', /home/ytq/codeField/Prediction_Model_Accelerator/CSIM/Reshape_HLS/src/../include/helpers.hpp:38) [146]  (0.991 ns)
	'select' operation ('select_ln38_34', /home/ytq/codeField/Prediction_Model_Accelerator/CSIM/Reshape_HLS/src/../include/helpers.hpp:38) [147]  (0.414 ns)
	'add' operation ('add_ln37_17', /home/ytq/codeField/Prediction_Model_Accelerator/CSIM/Reshape_HLS/src/../include/helpers.hpp:37) [149]  (0.789 ns)
	'icmp' operation ('icmp_ln38_19', /home/ytq/codeField/Prediction_Model_Accelerator/CSIM/Reshape_HLS/src/../include/helpers.hpp:38) [151]  (0.991 ns)

 <State 8>: 6.58ns
The critical path consists of the following:
	'select' operation ('select_ln38_35', /home/ytq/codeField/Prediction_Model_Accelerator/CSIM/Reshape_HLS/src/../include/helpers.hpp:38) [152]  (0.414 ns)
	'add' operation ('add_ln37_18', /home/ytq/codeField/Prediction_Model_Accelerator/CSIM/Reshape_HLS/src/../include/helpers.hpp:37) [154]  (0.789 ns)
	'icmp' operation ('icmp_ln38_20', /home/ytq/codeField/Prediction_Model_Accelerator/CSIM/Reshape_HLS/src/../include/helpers.hpp:38) [156]  (0.991 ns)
	'select' operation ('select_ln38_36', /home/ytq/codeField/Prediction_Model_Accelerator/CSIM/Reshape_HLS/src/../include/helpers.hpp:38) [157]  (0.414 ns)
	'add' operation ('add_ln37_19', /home/ytq/codeField/Prediction_Model_Accelerator/CSIM/Reshape_HLS/src/../include/helpers.hpp:37) [159]  (0.789 ns)
	'icmp' operation ('icmp_ln38_21', /home/ytq/codeField/Prediction_Model_Accelerator/CSIM/Reshape_HLS/src/../include/helpers.hpp:38) [161]  (0.991 ns)
	'select' operation ('select_ln38_37', /home/ytq/codeField/Prediction_Model_Accelerator/CSIM/Reshape_HLS/src/../include/helpers.hpp:38) [162]  (0.414 ns)
	'add' operation ('add_ln37_20', /home/ytq/codeField/Prediction_Model_Accelerator/CSIM/Reshape_HLS/src/../include/helpers.hpp:37) [164]  (0.789 ns)
	'icmp' operation ('icmp_ln38_22', /home/ytq/codeField/Prediction_Model_Accelerator/CSIM/Reshape_HLS/src/../include/helpers.hpp:38) [166]  (0.991 ns)

 <State 9>: 6.58ns
The critical path consists of the following:
	'select' operation ('select_ln38_38', /home/ytq/codeField/Prediction_Model_Accelerator/CSIM/Reshape_HLS/src/../include/helpers.hpp:38) [167]  (0.414 ns)
	'add' operation ('add_ln37_21', /home/ytq/codeField/Prediction_Model_Accelerator/CSIM/Reshape_HLS/src/../include/helpers.hpp:37) [169]  (0.789 ns)
	'icmp' operation ('icmp_ln38_23', /home/ytq/codeField/Prediction_Model_Accelerator/CSIM/Reshape_HLS/src/../include/helpers.hpp:38) [171]  (0.991 ns)
	'select' operation ('select_ln38_39', /home/ytq/codeField/Prediction_Model_Accelerator/CSIM/Reshape_HLS/src/../include/helpers.hpp:38) [172]  (0.414 ns)
	'add' operation ('add_ln37_22', /home/ytq/codeField/Prediction_Model_Accelerator/CSIM/Reshape_HLS/src/../include/helpers.hpp:37) [174]  (0.789 ns)
	'icmp' operation ('icmp_ln38_24', /home/ytq/codeField/Prediction_Model_Accelerator/CSIM/Reshape_HLS/src/../include/helpers.hpp:38) [176]  (0.991 ns)
	'select' operation ('select_ln38_40', /home/ytq/codeField/Prediction_Model_Accelerator/CSIM/Reshape_HLS/src/../include/helpers.hpp:38) [177]  (0.414 ns)
	'add' operation ('add_ln37_23', /home/ytq/codeField/Prediction_Model_Accelerator/CSIM/Reshape_HLS/src/../include/helpers.hpp:37) [179]  (0.789 ns)
	'icmp' operation ('icmp_ln38_25', /home/ytq/codeField/Prediction_Model_Accelerator/CSIM/Reshape_HLS/src/../include/helpers.hpp:38) [181]  (0.991 ns)

 <State 10>: 6.58ns
The critical path consists of the following:
	'select' operation ('select_ln38_41', /home/ytq/codeField/Prediction_Model_Accelerator/CSIM/Reshape_HLS/src/../include/helpers.hpp:38) [182]  (0.414 ns)
	'add' operation ('add_ln37_24', /home/ytq/codeField/Prediction_Model_Accelerator/CSIM/Reshape_HLS/src/../include/helpers.hpp:37) [184]  (0.789 ns)
	'icmp' operation ('icmp_ln38_26', /home/ytq/codeField/Prediction_Model_Accelerator/CSIM/Reshape_HLS/src/../include/helpers.hpp:38) [186]  (0.991 ns)
	'select' operation ('select_ln38_42', /home/ytq/codeField/Prediction_Model_Accelerator/CSIM/Reshape_HLS/src/../include/helpers.hpp:38) [187]  (0.414 ns)
	'add' operation ('add_ln37_25', /home/ytq/codeField/Prediction_Model_Accelerator/CSIM/Reshape_HLS/src/../include/helpers.hpp:37) [189]  (0.789 ns)
	'icmp' operation ('icmp_ln38_27', /home/ytq/codeField/Prediction_Model_Accelerator/CSIM/Reshape_HLS/src/../include/helpers.hpp:38) [191]  (0.991 ns)
	'select' operation ('select_ln38_43', /home/ytq/codeField/Prediction_Model_Accelerator/CSIM/Reshape_HLS/src/../include/helpers.hpp:38) [192]  (0.414 ns)
	'add' operation ('add_ln37_26', /home/ytq/codeField/Prediction_Model_Accelerator/CSIM/Reshape_HLS/src/../include/helpers.hpp:37) [194]  (0.789 ns)
	'icmp' operation ('icmp_ln38_28', /home/ytq/codeField/Prediction_Model_Accelerator/CSIM/Reshape_HLS/src/../include/helpers.hpp:38) [196]  (0.991 ns)

 <State 11>: 7.01ns
The critical path consists of the following:
	'select' operation ('select_ln38_44', /home/ytq/codeField/Prediction_Model_Accelerator/CSIM/Reshape_HLS/src/../include/helpers.hpp:38) [197]  (0.414 ns)
	'add' operation ('add_ln37_27', /home/ytq/codeField/Prediction_Model_Accelerator/CSIM/Reshape_HLS/src/../include/helpers.hpp:37) [199]  (0.789 ns)
	'icmp' operation ('icmp_ln38_29', /home/ytq/codeField/Prediction_Model_Accelerator/CSIM/Reshape_HLS/src/../include/helpers.hpp:38) [201]  (0.991 ns)
	'select' operation ('select_ln38_45', /home/ytq/codeField/Prediction_Model_Accelerator/CSIM/Reshape_HLS/src/../include/helpers.hpp:38) [202]  (0.414 ns)
	'add' operation ('add_ln37_28', /home/ytq/codeField/Prediction_Model_Accelerator/CSIM/Reshape_HLS/src/../include/helpers.hpp:37) [204]  (0.789 ns)
	'icmp' operation ('icmp_ln38_30', /home/ytq/codeField/Prediction_Model_Accelerator/CSIM/Reshape_HLS/src/../include/helpers.hpp:38) [206]  (0.991 ns)
	'select' operation ('select_ln38_46', /home/ytq/codeField/Prediction_Model_Accelerator/CSIM/Reshape_HLS/src/../include/helpers.hpp:38) [207]  (0.414 ns)
	'add' operation ('add_ln37_29', /home/ytq/codeField/Prediction_Model_Accelerator/CSIM/Reshape_HLS/src/../include/helpers.hpp:37) [210]  (0.789 ns)
	'icmp' operation ('icmp_ln38_31', /home/ytq/codeField/Prediction_Model_Accelerator/CSIM/Reshape_HLS/src/../include/helpers.hpp:38) [212]  (0.991 ns)
	'call' operation ('call_ln628') to 'reshape_stream<ap_int<8>, ap_int<8>, 32u>_Pipeline_VITIS_LOOP_33_1' [214]  (0.427 ns)

 <State 12>: 0ns
The critical path consists of the following:

 <State 13>: 0ns
The critical path consists of the following:

 <State 14>: 3.42ns
The critical path consists of the following:
	'mul' operation ('mul_ln51', /home/ytq/codeField/Prediction_Model_Accelerator/CSIM/Reshape_HLS/src/../include/helpers.hpp:51) [218]  (3.42 ns)

 <State 15>: 0ns
The critical path consists of the following:


============================================================
+ Verbose Summary: Binding
============================================================
N/A
* FSMD analyzer results:
  - Output states:
 - Input state : 
  - Chain level:
	State 1
	State 2
	State 3
	State 4
	State 5
	State 6
	State 7
	State 8
	State 9
	State 10
	State 11
	State 12
	State 13
	State 14
	State 15


============================================================
+ Verbose Summary: Datapath Resource usage 
============================================================
N/A
