

================================================================
== Vitis HLS Report for 'store_ap_uint_256_ap_int_8_ap_int_8_32u_s'
================================================================
* Date:           Tue May 14 17:39:05 2024

* Version:        2022.2 (Build 3670227 on Oct 13 2022)
* Project:        Reshape_HLS.prj
* Solution:       sol (Vivado IP Flow Target)
* Product family: zynquplus
* Target device:  xczu7ev-ffvc1156-2-e


================================================================
== Performance Estimates
================================================================
+ Timing: 
    * Summary: 
    +--------+----------+----------+------------+
    |  Clock |  Target  | Estimated| Uncertainty|
    +--------+----------+----------+------------+
    |ap_clk  |  10.00 ns|  7.300 ns|     2.70 ns|
    +--------+----------+----------+------------+

+ Latency: 
    * Summary: 
    +---------+---------+----------+----------+-----+-----+---------+
    |  Latency (cycles) |  Latency (absolute) |  Interval | Pipeline|
    |   min   |   max   |    min   |    max   | min | max |   Type  |
    +---------+---------+----------+----------+-----+-----+---------+
    |        ?|        ?|         ?|         ?|    ?|    ?|       no|
    +---------+---------+----------+----------+-----+-----+---------+

    + Detail: 
        * Instance: 
        N/A

        * Loop: 
        N/A

============================================================
+ Verbose Summary: Synthesis Manager
============================================================
InlineROM: 1
ExposeGlobal: 0
============================================================
+ Verbose Summary: CDFG Model
============================================================
IsTopModel: 0
ResetActiveHigh: 1
IsCombinational: 2
IsDatapathOnly: 0
HasWiredReturn: 1
HasMFsm: 0
HasVarLatency: 1
IsPipeline: 0
IsRtlPipelined: 0
IsInstanceOverlapped: 0
IsDontTouch: 0
HasImplIP: 0
IsGatedGlobalClock: 0


============================================================
+ Verbose Summary: Schedule
============================================================
* Number of FSM states : 3
* Pipeline : 0
* Dataflow Pipeline: 0

* FSM state transitions: 
1 --> 2 
2 --> 3 
3 --> 

* FSM state operations: 

State 1 <SV = 0> <Delay = 5.25>
ST_1 : Operation 4 [1/1] (1.83ns)   --->   "%COLS_read = read i32 @_ssdm_op_Read.ap_fifo.i32P0A, i32 %COLS"   --->   Operation 4 'read' 'COLS_read' <Predicate = true> <Delay = 1.83> <CoreInst = "FIFO_SRL">   --->   Core 81 'FIFO_SRL' <Latency = 0> <II = 1> <Delay = 1.83> <Storage> <Opcode : 'read' 'write' 'nbread' 'nbwrite'> <Ports = 0> <Width = 32> <Depth = 2> <FIFO>
ST_1 : Operation 5 [1/1] (1.83ns)   --->   "%ROWS_read = read i32 @_ssdm_op_Read.ap_fifo.i32P0A, i32 %ROWS"   --->   Operation 5 'read' 'ROWS_read' <Predicate = true> <Delay = 1.83> <CoreInst = "FIFO_SRL">   --->   Core 81 'FIFO_SRL' <Latency = 0> <II = 1> <Delay = 1.83> <Storage> <Opcode : 'read' 'write' 'nbread' 'nbwrite'> <Ports = 0> <Width = 32> <Depth = 2> <FIFO>
ST_1 : Operation 6 [1/1] (1.83ns)   --->   "%outputs_read = read i64 @_ssdm_op_Read.ap_fifo.i64P0A, i64 %outputs"   --->   Operation 6 'read' 'outputs_read' <Predicate = true> <Delay = 1.83> <CoreInst = "FIFO_SRL">   --->   Core 81 'FIFO_SRL' <Latency = 0> <II = 1> <Delay = 1.83> <Storage> <Opcode : 'read' 'write' 'nbread' 'nbwrite'> <Ports = 0> <Width = 64> <Depth = 4> <FIFO>
ST_1 : Operation 7 [1/1] (1.83ns)   --->   "%output_data_addr_read = read i32 @_ssdm_op_Read.ap_fifo.i32P0A, i32 %output_data_addr"   --->   Operation 7 'read' 'output_data_addr_read' <Predicate = true> <Delay = 1.83> <CoreInst = "FIFO_SRL">   --->   Core 81 'FIFO_SRL' <Latency = 0> <II = 1> <Delay = 1.83> <Storage> <Opcode : 'read' 'write' 'nbread' 'nbwrite'> <Ports = 0> <Width = 32> <Depth = 3> <FIFO>
ST_1 : Operation 8 [1/1] (0.00ns)   --->   "%trunc_ln75 = trunc i64 %outputs_read" [/home/ytq/codeField/Prediction_Model_Accelerator/CSIM/Reshape_HLS/src/../include/helpers.hpp:75]   --->   Operation 8 'trunc' 'trunc_ln75' <Predicate = true> <Delay = 0.00>
ST_1 : Operation 9 [1/1] (0.78ns)   --->   "%add_ln75_1 = add i5 %trunc_ln75, i5 1" [/home/ytq/codeField/Prediction_Model_Accelerator/CSIM/Reshape_HLS/src/../include/helpers.hpp:75]   --->   Operation 9 'add' 'add_ln75_1' <Predicate = true> <Delay = 0.78> <CoreInst = "Adder">   --->   Core 1 'Adder' <Latency = 0> <II = 1> <Delay = 0.78> <FuncUnit> <Opcode : 'add' 'sub'> <InPorts = 2> <OutPorts = 1>
ST_1 : Operation 10 [1/1] (0.78ns)   --->   "%add_ln75_2 = add i5 %trunc_ln75, i5 2" [/home/ytq/codeField/Prediction_Model_Accelerator/CSIM/Reshape_HLS/src/../include/helpers.hpp:75]   --->   Operation 10 'add' 'add_ln75_2' <Predicate = true> <Delay = 0.78> <CoreInst = "Adder">   --->   Core 1 'Adder' <Latency = 0> <II = 1> <Delay = 0.78> <FuncUnit> <Opcode : 'add' 'sub'> <InPorts = 2> <OutPorts = 1>
ST_1 : Operation 11 [1/1] (0.78ns)   --->   "%add_ln75_3 = add i5 %trunc_ln75, i5 3" [/home/ytq/codeField/Prediction_Model_Accelerator/CSIM/Reshape_HLS/src/../include/helpers.hpp:75]   --->   Operation 11 'add' 'add_ln75_3' <Predicate = true> <Delay = 0.78> <CoreInst = "Adder">   --->   Core 1 'Adder' <Latency = 0> <II = 1> <Delay = 0.78> <FuncUnit> <Opcode : 'add' 'sub'> <InPorts = 2> <OutPorts = 1>
ST_1 : Operation 12 [1/1] (0.78ns)   --->   "%add_ln75_4 = add i5 %trunc_ln75, i5 4" [/home/ytq/codeField/Prediction_Model_Accelerator/CSIM/Reshape_HLS/src/../include/helpers.hpp:75]   --->   Operation 12 'add' 'add_ln75_4' <Predicate = true> <Delay = 0.78> <CoreInst = "Adder">   --->   Core 1 'Adder' <Latency = 0> <II = 1> <Delay = 0.78> <FuncUnit> <Opcode : 'add' 'sub'> <InPorts = 2> <OutPorts = 1>
ST_1 : Operation 13 [1/1] (0.78ns)   --->   "%add_ln75_5 = add i5 %trunc_ln75, i5 5" [/home/ytq/codeField/Prediction_Model_Accelerator/CSIM/Reshape_HLS/src/../include/helpers.hpp:75]   --->   Operation 13 'add' 'add_ln75_5' <Predicate = true> <Delay = 0.78> <CoreInst = "Adder">   --->   Core 1 'Adder' <Latency = 0> <II = 1> <Delay = 0.78> <FuncUnit> <Opcode : 'add' 'sub'> <InPorts = 2> <OutPorts = 1>
ST_1 : Operation 14 [1/1] (0.78ns)   --->   "%add_ln75_6 = add i5 %trunc_ln75, i5 6" [/home/ytq/codeField/Prediction_Model_Accelerator/CSIM/Reshape_HLS/src/../include/helpers.hpp:75]   --->   Operation 14 'add' 'add_ln75_6' <Predicate = true> <Delay = 0.78> <CoreInst = "Adder">   --->   Core 1 'Adder' <Latency = 0> <II = 1> <Delay = 0.78> <FuncUnit> <Opcode : 'add' 'sub'> <InPorts = 2> <OutPorts = 1>
ST_1 : Operation 15 [1/1] (0.78ns)   --->   "%add_ln75_7 = add i5 %trunc_ln75, i5 7" [/home/ytq/codeField/Prediction_Model_Accelerator/CSIM/Reshape_HLS/src/../include/helpers.hpp:75]   --->   Operation 15 'add' 'add_ln75_7' <Predicate = true> <Delay = 0.78> <CoreInst = "Adder">   --->   Core 1 'Adder' <Latency = 0> <II = 1> <Delay = 0.78> <FuncUnit> <Opcode : 'add' 'sub'> <InPorts = 2> <OutPorts = 1>
ST_1 : Operation 16 [1/1] (0.78ns)   --->   "%add_ln75_8 = add i5 %trunc_ln75, i5 8" [/home/ytq/codeField/Prediction_Model_Accelerator/CSIM/Reshape_HLS/src/../include/helpers.hpp:75]   --->   Operation 16 'add' 'add_ln75_8' <Predicate = true> <Delay = 0.78> <CoreInst = "Adder">   --->   Core 1 'Adder' <Latency = 0> <II = 1> <Delay = 0.78> <FuncUnit> <Opcode : 'add' 'sub'> <InPorts = 2> <OutPorts = 1>
ST_1 : Operation 17 [1/1] (0.78ns)   --->   "%add_ln75_9 = add i5 %trunc_ln75, i5 9" [/home/ytq/codeField/Prediction_Model_Accelerator/CSIM/Reshape_HLS/src/../include/helpers.hpp:75]   --->   Operation 17 'add' 'add_ln75_9' <Predicate = true> <Delay = 0.78> <CoreInst = "Adder">   --->   Core 1 'Adder' <Latency = 0> <II = 1> <Delay = 0.78> <FuncUnit> <Opcode : 'add' 'sub'> <InPorts = 2> <OutPorts = 1>
ST_1 : Operation 18 [1/1] (0.78ns)   --->   "%add_ln75_10 = add i5 %trunc_ln75, i5 10" [/home/ytq/codeField/Prediction_Model_Accelerator/CSIM/Reshape_HLS/src/../include/helpers.hpp:75]   --->   Operation 18 'add' 'add_ln75_10' <Predicate = true> <Delay = 0.78> <CoreInst = "Adder">   --->   Core 1 'Adder' <Latency = 0> <II = 1> <Delay = 0.78> <FuncUnit> <Opcode : 'add' 'sub'> <InPorts = 2> <OutPorts = 1>
ST_1 : Operation 19 [1/1] (0.78ns)   --->   "%add_ln75_11 = add i5 %trunc_ln75, i5 11" [/home/ytq/codeField/Prediction_Model_Accelerator/CSIM/Reshape_HLS/src/../include/helpers.hpp:75]   --->   Operation 19 'add' 'add_ln75_11' <Predicate = true> <Delay = 0.78> <CoreInst = "Adder">   --->   Core 1 'Adder' <Latency = 0> <II = 1> <Delay = 0.78> <FuncUnit> <Opcode : 'add' 'sub'> <InPorts = 2> <OutPorts = 1>
ST_1 : Operation 20 [1/1] (0.78ns)   --->   "%add_ln75_12 = add i5 %trunc_ln75, i5 12" [/home/ytq/codeField/Prediction_Model_Accelerator/CSIM/Reshape_HLS/src/../include/helpers.hpp:75]   --->   Operation 20 'add' 'add_ln75_12' <Predicate = true> <Delay = 0.78> <CoreInst = "Adder">   --->   Core 1 'Adder' <Latency = 0> <II = 1> <Delay = 0.78> <FuncUnit> <Opcode : 'add' 'sub'> <InPorts = 2> <OutPorts = 1>
ST_1 : Operation 21 [1/1] (0.78ns)   --->   "%add_ln75_13 = add i5 %trunc_ln75, i5 13" [/home/ytq/codeField/Prediction_Model_Accelerator/CSIM/Reshape_HLS/src/../include/helpers.hpp:75]   --->   Operation 21 'add' 'add_ln75_13' <Predicate = true> <Delay = 0.78> <CoreInst = "Adder">   --->   Core 1 'Adder' <Latency = 0> <II = 1> <Delay = 0.78> <FuncUnit> <Opcode : 'add' 'sub'> <InPorts = 2> <OutPorts = 1>
ST_1 : Operation 22 [1/1] (0.78ns)   --->   "%add_ln75_14 = add i5 %trunc_ln75, i5 14" [/home/ytq/codeField/Prediction_Model_Accelerator/CSIM/Reshape_HLS/src/../include/helpers.hpp:75]   --->   Operation 22 'add' 'add_ln75_14' <Predicate = true> <Delay = 0.78> <CoreInst = "Adder">   --->   Core 1 'Adder' <Latency = 0> <II = 1> <Delay = 0.78> <FuncUnit> <Opcode : 'add' 'sub'> <InPorts = 2> <OutPorts = 1>
ST_1 : Operation 23 [1/1] (0.78ns)   --->   "%add_ln75_15 = add i5 %trunc_ln75, i5 15" [/home/ytq/codeField/Prediction_Model_Accelerator/CSIM/Reshape_HLS/src/../include/helpers.hpp:75]   --->   Operation 23 'add' 'add_ln75_15' <Predicate = true> <Delay = 0.78> <CoreInst = "Adder">   --->   Core 1 'Adder' <Latency = 0> <II = 1> <Delay = 0.78> <FuncUnit> <Opcode : 'add' 'sub'> <InPorts = 2> <OutPorts = 1>
ST_1 : Operation 24 [1/1] (0.19ns)   --->   "%xor_ln75 = xor i5 %trunc_ln75, i5 16" [/home/ytq/codeField/Prediction_Model_Accelerator/CSIM/Reshape_HLS/src/../include/helpers.hpp:75]   --->   Operation 24 'xor' 'xor_ln75' <Predicate = true> <Delay = 0.19> <CoreInst = "LogicGate">   --->   Core 74 'LogicGate' <Latency = 0> <II = 1> <Delay = 0.19> <FuncUnit> <Opcode : 'and' 'or' 'xor'> <InPorts = 2> <OutPorts = 1>
ST_1 : Operation 25 [1/1] (0.78ns)   --->   "%add_ln75_16 = add i5 %trunc_ln75, i5 17" [/home/ytq/codeField/Prediction_Model_Accelerator/CSIM/Reshape_HLS/src/../include/helpers.hpp:75]   --->   Operation 25 'add' 'add_ln75_16' <Predicate = true> <Delay = 0.78> <CoreInst = "Adder">   --->   Core 1 'Adder' <Latency = 0> <II = 1> <Delay = 0.78> <FuncUnit> <Opcode : 'add' 'sub'> <InPorts = 2> <OutPorts = 1>
ST_1 : Operation 26 [1/1] (0.78ns)   --->   "%add_ln75_17 = add i5 %trunc_ln75, i5 18" [/home/ytq/codeField/Prediction_Model_Accelerator/CSIM/Reshape_HLS/src/../include/helpers.hpp:75]   --->   Operation 26 'add' 'add_ln75_17' <Predicate = true> <Delay = 0.78> <CoreInst = "Adder">   --->   Core 1 'Adder' <Latency = 0> <II = 1> <Delay = 0.78> <FuncUnit> <Opcode : 'add' 'sub'> <InPorts = 2> <OutPorts = 1>
ST_1 : Operation 27 [1/1] (0.78ns)   --->   "%add_ln75_18 = add i5 %trunc_ln75, i5 19" [/home/ytq/codeField/Prediction_Model_Accelerator/CSIM/Reshape_HLS/src/../include/helpers.hpp:75]   --->   Operation 27 'add' 'add_ln75_18' <Predicate = true> <Delay = 0.78> <CoreInst = "Adder">   --->   Core 1 'Adder' <Latency = 0> <II = 1> <Delay = 0.78> <FuncUnit> <Opcode : 'add' 'sub'> <InPorts = 2> <OutPorts = 1>
ST_1 : Operation 28 [1/1] (0.78ns)   --->   "%add_ln75_19 = add i5 %trunc_ln75, i5 20" [/home/ytq/codeField/Prediction_Model_Accelerator/CSIM/Reshape_HLS/src/../include/helpers.hpp:75]   --->   Operation 28 'add' 'add_ln75_19' <Predicate = true> <Delay = 0.78> <CoreInst = "Adder">   --->   Core 1 'Adder' <Latency = 0> <II = 1> <Delay = 0.78> <FuncUnit> <Opcode : 'add' 'sub'> <InPorts = 2> <OutPorts = 1>
ST_1 : Operation 29 [1/1] (0.78ns)   --->   "%add_ln75_20 = add i5 %trunc_ln75, i5 21" [/home/ytq/codeField/Prediction_Model_Accelerator/CSIM/Reshape_HLS/src/../include/helpers.hpp:75]   --->   Operation 29 'add' 'add_ln75_20' <Predicate = true> <Delay = 0.78> <CoreInst = "Adder">   --->   Core 1 'Adder' <Latency = 0> <II = 1> <Delay = 0.78> <FuncUnit> <Opcode : 'add' 'sub'> <InPorts = 2> <OutPorts = 1>
ST_1 : Operation 30 [1/1] (0.78ns)   --->   "%add_ln75_21 = add i5 %trunc_ln75, i5 22" [/home/ytq/codeField/Prediction_Model_Accelerator/CSIM/Reshape_HLS/src/../include/helpers.hpp:75]   --->   Operation 30 'add' 'add_ln75_21' <Predicate = true> <Delay = 0.78> <CoreInst = "Adder">   --->   Core 1 'Adder' <Latency = 0> <II = 1> <Delay = 0.78> <FuncUnit> <Opcode : 'add' 'sub'> <InPorts = 2> <OutPorts = 1>
ST_1 : Operation 31 [1/1] (0.78ns)   --->   "%add_ln75_22 = add i5 %trunc_ln75, i5 23" [/home/ytq/codeField/Prediction_Model_Accelerator/CSIM/Reshape_HLS/src/../include/helpers.hpp:75]   --->   Operation 31 'add' 'add_ln75_22' <Predicate = true> <Delay = 0.78> <CoreInst = "Adder">   --->   Core 1 'Adder' <Latency = 0> <II = 1> <Delay = 0.78> <FuncUnit> <Opcode : 'add' 'sub'> <InPorts = 2> <OutPorts = 1>
ST_1 : Operation 32 [1/1] (0.78ns)   --->   "%add_ln75_23 = add i5 %trunc_ln75, i5 24" [/home/ytq/codeField/Prediction_Model_Accelerator/CSIM/Reshape_HLS/src/../include/helpers.hpp:75]   --->   Operation 32 'add' 'add_ln75_23' <Predicate = true> <Delay = 0.78> <CoreInst = "Adder">   --->   Core 1 'Adder' <Latency = 0> <II = 1> <Delay = 0.78> <FuncUnit> <Opcode : 'add' 'sub'> <InPorts = 2> <OutPorts = 1>
ST_1 : Operation 33 [1/1] (0.78ns)   --->   "%add_ln75_24 = add i5 %trunc_ln75, i5 25" [/home/ytq/codeField/Prediction_Model_Accelerator/CSIM/Reshape_HLS/src/../include/helpers.hpp:75]   --->   Operation 33 'add' 'add_ln75_24' <Predicate = true> <Delay = 0.78> <CoreInst = "Adder">   --->   Core 1 'Adder' <Latency = 0> <II = 1> <Delay = 0.78> <FuncUnit> <Opcode : 'add' 'sub'> <InPorts = 2> <OutPorts = 1>
ST_1 : Operation 34 [1/1] (0.78ns)   --->   "%add_ln75_25 = add i5 %trunc_ln75, i5 26" [/home/ytq/codeField/Prediction_Model_Accelerator/CSIM/Reshape_HLS/src/../include/helpers.hpp:75]   --->   Operation 34 'add' 'add_ln75_25' <Predicate = true> <Delay = 0.78> <CoreInst = "Adder">   --->   Core 1 'Adder' <Latency = 0> <II = 1> <Delay = 0.78> <FuncUnit> <Opcode : 'add' 'sub'> <InPorts = 2> <OutPorts = 1>
ST_1 : Operation 35 [1/1] (0.78ns)   --->   "%add_ln75_26 = add i5 %trunc_ln75, i5 27" [/home/ytq/codeField/Prediction_Model_Accelerator/CSIM/Reshape_HLS/src/../include/helpers.hpp:75]   --->   Operation 35 'add' 'add_ln75_26' <Predicate = true> <Delay = 0.78> <CoreInst = "Adder">   --->   Core 1 'Adder' <Latency = 0> <II = 1> <Delay = 0.78> <FuncUnit> <Opcode : 'add' 'sub'> <InPorts = 2> <OutPorts = 1>
ST_1 : Operation 36 [1/1] (0.78ns)   --->   "%add_ln75_27 = add i5 %trunc_ln75, i5 28" [/home/ytq/codeField/Prediction_Model_Accelerator/CSIM/Reshape_HLS/src/../include/helpers.hpp:75]   --->   Operation 36 'add' 'add_ln75_27' <Predicate = true> <Delay = 0.78> <CoreInst = "Adder">   --->   Core 1 'Adder' <Latency = 0> <II = 1> <Delay = 0.78> <FuncUnit> <Opcode : 'add' 'sub'> <InPorts = 2> <OutPorts = 1>
ST_1 : Operation 37 [1/1] (0.78ns)   --->   "%add_ln75_28 = add i5 %trunc_ln75, i5 29" [/home/ytq/codeField/Prediction_Model_Accelerator/CSIM/Reshape_HLS/src/../include/helpers.hpp:75]   --->   Operation 37 'add' 'add_ln75_28' <Predicate = true> <Delay = 0.78> <CoreInst = "Adder">   --->   Core 1 'Adder' <Latency = 0> <II = 1> <Delay = 0.78> <FuncUnit> <Opcode : 'add' 'sub'> <InPorts = 2> <OutPorts = 1>
ST_1 : Operation 38 [1/1] (0.78ns)   --->   "%add_ln75_29 = add i5 %trunc_ln75, i5 30" [/home/ytq/codeField/Prediction_Model_Accelerator/CSIM/Reshape_HLS/src/../include/helpers.hpp:75]   --->   Operation 38 'add' 'add_ln75_29' <Predicate = true> <Delay = 0.78> <CoreInst = "Adder">   --->   Core 1 'Adder' <Latency = 0> <II = 1> <Delay = 0.78> <FuncUnit> <Opcode : 'add' 'sub'> <InPorts = 2> <OutPorts = 1>
ST_1 : Operation 39 [1/1] (0.78ns)   --->   "%add_ln75_30 = add i5 %trunc_ln75, i5 31" [/home/ytq/codeField/Prediction_Model_Accelerator/CSIM/Reshape_HLS/src/../include/helpers.hpp:75]   --->   Operation 39 'add' 'add_ln75_30' <Predicate = true> <Delay = 0.78> <CoreInst = "Adder">   --->   Core 1 'Adder' <Latency = 0> <II = 1> <Delay = 0.78> <FuncUnit> <Opcode : 'add' 'sub'> <InPorts = 2> <OutPorts = 1>
ST_1 : Operation 40 [1/1] (3.42ns)   --->   "%mul_ln75 = mul i32 %COLS_read, i32 %ROWS_read" [/home/ytq/codeField/Prediction_Model_Accelerator/CSIM/Reshape_HLS/src/../include/helpers.hpp:75]   --->   Operation 40 'mul' 'mul_ln75' <Predicate = true> <Delay = 3.42> <CoreInst = "Multiplier">   --->   Core 3 'Multiplier' <Latency = 0> <II = 1> <Delay = 3.42> <FuncUnit> <Opcode : 'mul'> <InPorts = 2> <OutPorts = 1>
ST_1 : Operation 41 [1/1] (0.00ns)   --->   "%trunc_ln78_s = partselect i27 @_ssdm_op_PartSelect.i27.i32.i32.i32, i32 %mul_ln75, i32 5, i32 31" [/home/ytq/codeField/Prediction_Model_Accelerator/CSIM/Reshape_HLS/src/../include/helpers.hpp:78]   --->   Operation 41 'partselect' 'trunc_ln78_s' <Predicate = true> <Delay = 0.00>
ST_1 : Operation 42 [1/1] (0.00ns)   --->   "%zext_ln78 = zext i5 %trunc_ln75" [/home/ytq/codeField/Prediction_Model_Accelerator/CSIM/Reshape_HLS/src/../include/helpers.hpp:78]   --->   Operation 42 'zext' 'zext_ln78' <Predicate = true> <Delay = 0.00>
ST_1 : Operation 43 [1/1] (0.68ns)   --->   "%shl_ln78 = shl i32 1, i32 %zext_ln78" [/home/ytq/codeField/Prediction_Model_Accelerator/CSIM/Reshape_HLS/src/../include/helpers.hpp:78]   --->   Operation 43 'shl' 'shl_ln78' <Predicate = true> <Delay = 0.68> <CoreInst = "Shifter">   --->   Core 75 'Shifter' <Latency = 0> <II = 1> <Delay = 0.68> <FuncUnit> <Opcode : 'shl' 'lshr' 'ashr'> <InPorts = 2> <OutPorts = 1>
ST_1 : Operation 44 [1/1] (0.00ns)   --->   "%zext_ln78_2 = zext i5 %add_ln75_1" [/home/ytq/codeField/Prediction_Model_Accelerator/CSIM/Reshape_HLS/src/../include/helpers.hpp:78]   --->   Operation 44 'zext' 'zext_ln78_2' <Predicate = true> <Delay = 0.00>
ST_1 : Operation 45 [1/1] (0.68ns)   --->   "%shl_ln78_2 = shl i32 1, i32 %zext_ln78_2" [/home/ytq/codeField/Prediction_Model_Accelerator/CSIM/Reshape_HLS/src/../include/helpers.hpp:78]   --->   Operation 45 'shl' 'shl_ln78_2' <Predicate = true> <Delay = 0.68> <CoreInst = "Shifter">   --->   Core 75 'Shifter' <Latency = 0> <II = 1> <Delay = 0.68> <FuncUnit> <Opcode : 'shl' 'lshr' 'ashr'> <InPorts = 2> <OutPorts = 1>
ST_1 : Operation 46 [1/1] (0.00ns)   --->   "%zext_ln78_4 = zext i5 %add_ln75_2" [/home/ytq/codeField/Prediction_Model_Accelerator/CSIM/Reshape_HLS/src/../include/helpers.hpp:78]   --->   Operation 46 'zext' 'zext_ln78_4' <Predicate = true> <Delay = 0.00>
ST_1 : Operation 47 [1/1] (0.68ns)   --->   "%shl_ln78_4 = shl i32 1, i32 %zext_ln78_4" [/home/ytq/codeField/Prediction_Model_Accelerator/CSIM/Reshape_HLS/src/../include/helpers.hpp:78]   --->   Operation 47 'shl' 'shl_ln78_4' <Predicate = true> <Delay = 0.68> <CoreInst = "Shifter">   --->   Core 75 'Shifter' <Latency = 0> <II = 1> <Delay = 0.68> <FuncUnit> <Opcode : 'shl' 'lshr' 'ashr'> <InPorts = 2> <OutPorts = 1>
ST_1 : Operation 48 [1/1] (0.00ns)   --->   "%zext_ln78_6 = zext i5 %add_ln75_3" [/home/ytq/codeField/Prediction_Model_Accelerator/CSIM/Reshape_HLS/src/../include/helpers.hpp:78]   --->   Operation 48 'zext' 'zext_ln78_6' <Predicate = true> <Delay = 0.00>
ST_1 : Operation 49 [1/1] (0.68ns)   --->   "%shl_ln78_6 = shl i32 1, i32 %zext_ln78_6" [/home/ytq/codeField/Prediction_Model_Accelerator/CSIM/Reshape_HLS/src/../include/helpers.hpp:78]   --->   Operation 49 'shl' 'shl_ln78_6' <Predicate = true> <Delay = 0.68> <CoreInst = "Shifter">   --->   Core 75 'Shifter' <Latency = 0> <II = 1> <Delay = 0.68> <FuncUnit> <Opcode : 'shl' 'lshr' 'ashr'> <InPorts = 2> <OutPorts = 1>
ST_1 : Operation 50 [1/1] (0.00ns)   --->   "%zext_ln78_8 = zext i5 %add_ln75_4" [/home/ytq/codeField/Prediction_Model_Accelerator/CSIM/Reshape_HLS/src/../include/helpers.hpp:78]   --->   Operation 50 'zext' 'zext_ln78_8' <Predicate = true> <Delay = 0.00>
ST_1 : Operation 51 [1/1] (0.68ns)   --->   "%shl_ln78_8 = shl i32 1, i32 %zext_ln78_8" [/home/ytq/codeField/Prediction_Model_Accelerator/CSIM/Reshape_HLS/src/../include/helpers.hpp:78]   --->   Operation 51 'shl' 'shl_ln78_8' <Predicate = true> <Delay = 0.68> <CoreInst = "Shifter">   --->   Core 75 'Shifter' <Latency = 0> <II = 1> <Delay = 0.68> <FuncUnit> <Opcode : 'shl' 'lshr' 'ashr'> <InPorts = 2> <OutPorts = 1>
ST_1 : Operation 52 [1/1] (0.00ns)   --->   "%zext_ln78_10 = zext i5 %add_ln75_5" [/home/ytq/codeField/Prediction_Model_Accelerator/CSIM/Reshape_HLS/src/../include/helpers.hpp:78]   --->   Operation 52 'zext' 'zext_ln78_10' <Predicate = true> <Delay = 0.00>
ST_1 : Operation 53 [1/1] (0.68ns)   --->   "%shl_ln78_10 = shl i32 1, i32 %zext_ln78_10" [/home/ytq/codeField/Prediction_Model_Accelerator/CSIM/Reshape_HLS/src/../include/helpers.hpp:78]   --->   Operation 53 'shl' 'shl_ln78_10' <Predicate = true> <Delay = 0.68> <CoreInst = "Shifter">   --->   Core 75 'Shifter' <Latency = 0> <II = 1> <Delay = 0.68> <FuncUnit> <Opcode : 'shl' 'lshr' 'ashr'> <InPorts = 2> <OutPorts = 1>
ST_1 : Operation 54 [1/1] (0.00ns)   --->   "%zext_ln78_12 = zext i5 %add_ln75_6" [/home/ytq/codeField/Prediction_Model_Accelerator/CSIM/Reshape_HLS/src/../include/helpers.hpp:78]   --->   Operation 54 'zext' 'zext_ln78_12' <Predicate = true> <Delay = 0.00>
ST_1 : Operation 55 [1/1] (0.68ns)   --->   "%shl_ln78_11 = shl i32 1, i32 %zext_ln78_12" [/home/ytq/codeField/Prediction_Model_Accelerator/CSIM/Reshape_HLS/src/../include/helpers.hpp:78]   --->   Operation 55 'shl' 'shl_ln78_11' <Predicate = true> <Delay = 0.68> <CoreInst = "Shifter">   --->   Core 75 'Shifter' <Latency = 0> <II = 1> <Delay = 0.68> <FuncUnit> <Opcode : 'shl' 'lshr' 'ashr'> <InPorts = 2> <OutPorts = 1>
ST_1 : Operation 56 [1/1] (0.00ns)   --->   "%zext_ln78_14 = zext i5 %add_ln75_7" [/home/ytq/codeField/Prediction_Model_Accelerator/CSIM/Reshape_HLS/src/../include/helpers.hpp:78]   --->   Operation 56 'zext' 'zext_ln78_14' <Predicate = true> <Delay = 0.00>
ST_1 : Operation 57 [1/1] (0.68ns)   --->   "%shl_ln78_13 = shl i32 1, i32 %zext_ln78_14" [/home/ytq/codeField/Prediction_Model_Accelerator/CSIM/Reshape_HLS/src/../include/helpers.hpp:78]   --->   Operation 57 'shl' 'shl_ln78_13' <Predicate = true> <Delay = 0.68> <CoreInst = "Shifter">   --->   Core 75 'Shifter' <Latency = 0> <II = 1> <Delay = 0.68> <FuncUnit> <Opcode : 'shl' 'lshr' 'ashr'> <InPorts = 2> <OutPorts = 1>
ST_1 : Operation 58 [1/1] (0.00ns)   --->   "%zext_ln78_16 = zext i5 %add_ln75_8" [/home/ytq/codeField/Prediction_Model_Accelerator/CSIM/Reshape_HLS/src/../include/helpers.hpp:78]   --->   Operation 58 'zext' 'zext_ln78_16' <Predicate = true> <Delay = 0.00>
ST_1 : Operation 59 [1/1] (0.68ns)   --->   "%shl_ln78_15 = shl i32 1, i32 %zext_ln78_16" [/home/ytq/codeField/Prediction_Model_Accelerator/CSIM/Reshape_HLS/src/../include/helpers.hpp:78]   --->   Operation 59 'shl' 'shl_ln78_15' <Predicate = true> <Delay = 0.68> <CoreInst = "Shifter">   --->   Core 75 'Shifter' <Latency = 0> <II = 1> <Delay = 0.68> <FuncUnit> <Opcode : 'shl' 'lshr' 'ashr'> <InPorts = 2> <OutPorts = 1>
ST_1 : Operation 60 [1/1] (0.00ns)   --->   "%zext_ln78_18 = zext i5 %add_ln75_9" [/home/ytq/codeField/Prediction_Model_Accelerator/CSIM/Reshape_HLS/src/../include/helpers.hpp:78]   --->   Operation 60 'zext' 'zext_ln78_18' <Predicate = true> <Delay = 0.00>
ST_1 : Operation 61 [1/1] (0.68ns)   --->   "%shl_ln78_17 = shl i32 1, i32 %zext_ln78_18" [/home/ytq/codeField/Prediction_Model_Accelerator/CSIM/Reshape_HLS/src/../include/helpers.hpp:78]   --->   Operation 61 'shl' 'shl_ln78_17' <Predicate = true> <Delay = 0.68> <CoreInst = "Shifter">   --->   Core 75 'Shifter' <Latency = 0> <II = 1> <Delay = 0.68> <FuncUnit> <Opcode : 'shl' 'lshr' 'ashr'> <InPorts = 2> <OutPorts = 1>
ST_1 : Operation 62 [1/1] (0.00ns)   --->   "%zext_ln78_20 = zext i5 %add_ln75_10" [/home/ytq/codeField/Prediction_Model_Accelerator/CSIM/Reshape_HLS/src/../include/helpers.hpp:78]   --->   Operation 62 'zext' 'zext_ln78_20' <Predicate = true> <Delay = 0.00>
ST_1 : Operation 63 [1/1] (0.68ns)   --->   "%shl_ln78_19 = shl i32 1, i32 %zext_ln78_20" [/home/ytq/codeField/Prediction_Model_Accelerator/CSIM/Reshape_HLS/src/../include/helpers.hpp:78]   --->   Operation 63 'shl' 'shl_ln78_19' <Predicate = true> <Delay = 0.68> <CoreInst = "Shifter">   --->   Core 75 'Shifter' <Latency = 0> <II = 1> <Delay = 0.68> <FuncUnit> <Opcode : 'shl' 'lshr' 'ashr'> <InPorts = 2> <OutPorts = 1>
ST_1 : Operation 64 [1/1] (0.00ns)   --->   "%zext_ln78_22 = zext i5 %add_ln75_11" [/home/ytq/codeField/Prediction_Model_Accelerator/CSIM/Reshape_HLS/src/../include/helpers.hpp:78]   --->   Operation 64 'zext' 'zext_ln78_22' <Predicate = true> <Delay = 0.00>
ST_1 : Operation 65 [1/1] (0.68ns)   --->   "%shl_ln78_21 = shl i32 1, i32 %zext_ln78_22" [/home/ytq/codeField/Prediction_Model_Accelerator/CSIM/Reshape_HLS/src/../include/helpers.hpp:78]   --->   Operation 65 'shl' 'shl_ln78_21' <Predicate = true> <Delay = 0.68> <CoreInst = "Shifter">   --->   Core 75 'Shifter' <Latency = 0> <II = 1> <Delay = 0.68> <FuncUnit> <Opcode : 'shl' 'lshr' 'ashr'> <InPorts = 2> <OutPorts = 1>
ST_1 : Operation 66 [1/1] (0.00ns)   --->   "%zext_ln78_24 = zext i5 %add_ln75_12" [/home/ytq/codeField/Prediction_Model_Accelerator/CSIM/Reshape_HLS/src/../include/helpers.hpp:78]   --->   Operation 66 'zext' 'zext_ln78_24' <Predicate = true> <Delay = 0.00>
ST_1 : Operation 67 [1/1] (0.68ns)   --->   "%shl_ln78_23 = shl i32 1, i32 %zext_ln78_24" [/home/ytq/codeField/Prediction_Model_Accelerator/CSIM/Reshape_HLS/src/../include/helpers.hpp:78]   --->   Operation 67 'shl' 'shl_ln78_23' <Predicate = true> <Delay = 0.68> <CoreInst = "Shifter">   --->   Core 75 'Shifter' <Latency = 0> <II = 1> <Delay = 0.68> <FuncUnit> <Opcode : 'shl' 'lshr' 'ashr'> <InPorts = 2> <OutPorts = 1>
ST_1 : Operation 68 [1/1] (0.00ns)   --->   "%zext_ln78_26 = zext i5 %add_ln75_13" [/home/ytq/codeField/Prediction_Model_Accelerator/CSIM/Reshape_HLS/src/../include/helpers.hpp:78]   --->   Operation 68 'zext' 'zext_ln78_26' <Predicate = true> <Delay = 0.00>
ST_1 : Operation 69 [1/1] (0.68ns)   --->   "%shl_ln78_25 = shl i32 1, i32 %zext_ln78_26" [/home/ytq/codeField/Prediction_Model_Accelerator/CSIM/Reshape_HLS/src/../include/helpers.hpp:78]   --->   Operation 69 'shl' 'shl_ln78_25' <Predicate = true> <Delay = 0.68> <CoreInst = "Shifter">   --->   Core 75 'Shifter' <Latency = 0> <II = 1> <Delay = 0.68> <FuncUnit> <Opcode : 'shl' 'lshr' 'ashr'> <InPorts = 2> <OutPorts = 1>
ST_1 : Operation 70 [1/1] (0.00ns)   --->   "%zext_ln78_28 = zext i5 %add_ln75_14" [/home/ytq/codeField/Prediction_Model_Accelerator/CSIM/Reshape_HLS/src/../include/helpers.hpp:78]   --->   Operation 70 'zext' 'zext_ln78_28' <Predicate = true> <Delay = 0.00>
ST_1 : Operation 71 [1/1] (0.68ns)   --->   "%shl_ln78_27 = shl i32 1, i32 %zext_ln78_28" [/home/ytq/codeField/Prediction_Model_Accelerator/CSIM/Reshape_HLS/src/../include/helpers.hpp:78]   --->   Operation 71 'shl' 'shl_ln78_27' <Predicate = true> <Delay = 0.68> <CoreInst = "Shifter">   --->   Core 75 'Shifter' <Latency = 0> <II = 1> <Delay = 0.68> <FuncUnit> <Opcode : 'shl' 'lshr' 'ashr'> <InPorts = 2> <OutPorts = 1>
ST_1 : Operation 72 [1/1] (0.00ns)   --->   "%zext_ln78_30 = zext i5 %add_ln75_15" [/home/ytq/codeField/Prediction_Model_Accelerator/CSIM/Reshape_HLS/src/../include/helpers.hpp:78]   --->   Operation 72 'zext' 'zext_ln78_30' <Predicate = true> <Delay = 0.00>
ST_1 : Operation 73 [1/1] (0.68ns)   --->   "%shl_ln78_29 = shl i32 1, i32 %zext_ln78_30" [/home/ytq/codeField/Prediction_Model_Accelerator/CSIM/Reshape_HLS/src/../include/helpers.hpp:78]   --->   Operation 73 'shl' 'shl_ln78_29' <Predicate = true> <Delay = 0.68> <CoreInst = "Shifter">   --->   Core 75 'Shifter' <Latency = 0> <II = 1> <Delay = 0.68> <FuncUnit> <Opcode : 'shl' 'lshr' 'ashr'> <InPorts = 2> <OutPorts = 1>
ST_1 : Operation 74 [1/1] (0.00ns)   --->   "%zext_ln78_32 = zext i5 %xor_ln75" [/home/ytq/codeField/Prediction_Model_Accelerator/CSIM/Reshape_HLS/src/../include/helpers.hpp:78]   --->   Operation 74 'zext' 'zext_ln78_32' <Predicate = true> <Delay = 0.00>
ST_1 : Operation 75 [1/1] (0.68ns)   --->   "%shl_ln78_31 = shl i32 1, i32 %zext_ln78_32" [/home/ytq/codeField/Prediction_Model_Accelerator/CSIM/Reshape_HLS/src/../include/helpers.hpp:78]   --->   Operation 75 'shl' 'shl_ln78_31' <Predicate = true> <Delay = 0.68> <CoreInst = "Shifter">   --->   Core 75 'Shifter' <Latency = 0> <II = 1> <Delay = 0.68> <FuncUnit> <Opcode : 'shl' 'lshr' 'ashr'> <InPorts = 2> <OutPorts = 1>
ST_1 : Operation 76 [1/1] (0.00ns)   --->   "%zext_ln78_34 = zext i5 %add_ln75_16" [/home/ytq/codeField/Prediction_Model_Accelerator/CSIM/Reshape_HLS/src/../include/helpers.hpp:78]   --->   Operation 76 'zext' 'zext_ln78_34' <Predicate = true> <Delay = 0.00>
ST_1 : Operation 77 [1/1] (0.68ns)   --->   "%shl_ln78_33 = shl i32 1, i32 %zext_ln78_34" [/home/ytq/codeField/Prediction_Model_Accelerator/CSIM/Reshape_HLS/src/../include/helpers.hpp:78]   --->   Operation 77 'shl' 'shl_ln78_33' <Predicate = true> <Delay = 0.68> <CoreInst = "Shifter">   --->   Core 75 'Shifter' <Latency = 0> <II = 1> <Delay = 0.68> <FuncUnit> <Opcode : 'shl' 'lshr' 'ashr'> <InPorts = 2> <OutPorts = 1>
ST_1 : Operation 78 [1/1] (0.00ns)   --->   "%zext_ln78_36 = zext i5 %add_ln75_17" [/home/ytq/codeField/Prediction_Model_Accelerator/CSIM/Reshape_HLS/src/../include/helpers.hpp:78]   --->   Operation 78 'zext' 'zext_ln78_36' <Predicate = true> <Delay = 0.00>
ST_1 : Operation 79 [1/1] (0.68ns)   --->   "%shl_ln78_35 = shl i32 1, i32 %zext_ln78_36" [/home/ytq/codeField/Prediction_Model_Accelerator/CSIM/Reshape_HLS/src/../include/helpers.hpp:78]   --->   Operation 79 'shl' 'shl_ln78_35' <Predicate = true> <Delay = 0.68> <CoreInst = "Shifter">   --->   Core 75 'Shifter' <Latency = 0> <II = 1> <Delay = 0.68> <FuncUnit> <Opcode : 'shl' 'lshr' 'ashr'> <InPorts = 2> <OutPorts = 1>
ST_1 : Operation 80 [1/1] (0.00ns)   --->   "%zext_ln78_38 = zext i5 %add_ln75_18" [/home/ytq/codeField/Prediction_Model_Accelerator/CSIM/Reshape_HLS/src/../include/helpers.hpp:78]   --->   Operation 80 'zext' 'zext_ln78_38' <Predicate = true> <Delay = 0.00>
ST_1 : Operation 81 [1/1] (0.68ns)   --->   "%shl_ln78_37 = shl i32 1, i32 %zext_ln78_38" [/home/ytq/codeField/Prediction_Model_Accelerator/CSIM/Reshape_HLS/src/../include/helpers.hpp:78]   --->   Operation 81 'shl' 'shl_ln78_37' <Predicate = true> <Delay = 0.68> <CoreInst = "Shifter">   --->   Core 75 'Shifter' <Latency = 0> <II = 1> <Delay = 0.68> <FuncUnit> <Opcode : 'shl' 'lshr' 'ashr'> <InPorts = 2> <OutPorts = 1>
ST_1 : Operation 82 [1/1] (0.00ns)   --->   "%zext_ln78_40 = zext i5 %add_ln75_19" [/home/ytq/codeField/Prediction_Model_Accelerator/CSIM/Reshape_HLS/src/../include/helpers.hpp:78]   --->   Operation 82 'zext' 'zext_ln78_40' <Predicate = true> <Delay = 0.00>
ST_1 : Operation 83 [1/1] (0.68ns)   --->   "%shl_ln78_39 = shl i32 1, i32 %zext_ln78_40" [/home/ytq/codeField/Prediction_Model_Accelerator/CSIM/Reshape_HLS/src/../include/helpers.hpp:78]   --->   Operation 83 'shl' 'shl_ln78_39' <Predicate = true> <Delay = 0.68> <CoreInst = "Shifter">   --->   Core 75 'Shifter' <Latency = 0> <II = 1> <Delay = 0.68> <FuncUnit> <Opcode : 'shl' 'lshr' 'ashr'> <InPorts = 2> <OutPorts = 1>
ST_1 : Operation 84 [1/1] (0.00ns)   --->   "%zext_ln78_42 = zext i5 %add_ln75_20" [/home/ytq/codeField/Prediction_Model_Accelerator/CSIM/Reshape_HLS/src/../include/helpers.hpp:78]   --->   Operation 84 'zext' 'zext_ln78_42' <Predicate = true> <Delay = 0.00>
ST_1 : Operation 85 [1/1] (0.68ns)   --->   "%shl_ln78_41 = shl i32 1, i32 %zext_ln78_42" [/home/ytq/codeField/Prediction_Model_Accelerator/CSIM/Reshape_HLS/src/../include/helpers.hpp:78]   --->   Operation 85 'shl' 'shl_ln78_41' <Predicate = true> <Delay = 0.68> <CoreInst = "Shifter">   --->   Core 75 'Shifter' <Latency = 0> <II = 1> <Delay = 0.68> <FuncUnit> <Opcode : 'shl' 'lshr' 'ashr'> <InPorts = 2> <OutPorts = 1>
ST_1 : Operation 86 [1/1] (0.00ns)   --->   "%zext_ln78_44 = zext i5 %add_ln75_21" [/home/ytq/codeField/Prediction_Model_Accelerator/CSIM/Reshape_HLS/src/../include/helpers.hpp:78]   --->   Operation 86 'zext' 'zext_ln78_44' <Predicate = true> <Delay = 0.00>
ST_1 : Operation 87 [1/1] (0.68ns)   --->   "%shl_ln78_43 = shl i32 1, i32 %zext_ln78_44" [/home/ytq/codeField/Prediction_Model_Accelerator/CSIM/Reshape_HLS/src/../include/helpers.hpp:78]   --->   Operation 87 'shl' 'shl_ln78_43' <Predicate = true> <Delay = 0.68> <CoreInst = "Shifter">   --->   Core 75 'Shifter' <Latency = 0> <II = 1> <Delay = 0.68> <FuncUnit> <Opcode : 'shl' 'lshr' 'ashr'> <InPorts = 2> <OutPorts = 1>
ST_1 : Operation 88 [1/1] (0.00ns)   --->   "%zext_ln78_46 = zext i5 %add_ln75_22" [/home/ytq/codeField/Prediction_Model_Accelerator/CSIM/Reshape_HLS/src/../include/helpers.hpp:78]   --->   Operation 88 'zext' 'zext_ln78_46' <Predicate = true> <Delay = 0.00>
ST_1 : Operation 89 [1/1] (0.68ns)   --->   "%shl_ln78_45 = shl i32 1, i32 %zext_ln78_46" [/home/ytq/codeField/Prediction_Model_Accelerator/CSIM/Reshape_HLS/src/../include/helpers.hpp:78]   --->   Operation 89 'shl' 'shl_ln78_45' <Predicate = true> <Delay = 0.68> <CoreInst = "Shifter">   --->   Core 75 'Shifter' <Latency = 0> <II = 1> <Delay = 0.68> <FuncUnit> <Opcode : 'shl' 'lshr' 'ashr'> <InPorts = 2> <OutPorts = 1>
ST_1 : Operation 90 [1/1] (0.00ns)   --->   "%zext_ln78_48 = zext i5 %add_ln75_23" [/home/ytq/codeField/Prediction_Model_Accelerator/CSIM/Reshape_HLS/src/../include/helpers.hpp:78]   --->   Operation 90 'zext' 'zext_ln78_48' <Predicate = true> <Delay = 0.00>
ST_1 : Operation 91 [1/1] (0.68ns)   --->   "%shl_ln78_47 = shl i32 1, i32 %zext_ln78_48" [/home/ytq/codeField/Prediction_Model_Accelerator/CSIM/Reshape_HLS/src/../include/helpers.hpp:78]   --->   Operation 91 'shl' 'shl_ln78_47' <Predicate = true> <Delay = 0.68> <CoreInst = "Shifter">   --->   Core 75 'Shifter' <Latency = 0> <II = 1> <Delay = 0.68> <FuncUnit> <Opcode : 'shl' 'lshr' 'ashr'> <InPorts = 2> <OutPorts = 1>
ST_1 : Operation 92 [1/1] (0.00ns)   --->   "%zext_ln78_50 = zext i5 %add_ln75_24" [/home/ytq/codeField/Prediction_Model_Accelerator/CSIM/Reshape_HLS/src/../include/helpers.hpp:78]   --->   Operation 92 'zext' 'zext_ln78_50' <Predicate = true> <Delay = 0.00>
ST_1 : Operation 93 [1/1] (0.68ns)   --->   "%shl_ln78_49 = shl i32 1, i32 %zext_ln78_50" [/home/ytq/codeField/Prediction_Model_Accelerator/CSIM/Reshape_HLS/src/../include/helpers.hpp:78]   --->   Operation 93 'shl' 'shl_ln78_49' <Predicate = true> <Delay = 0.68> <CoreInst = "Shifter">   --->   Core 75 'Shifter' <Latency = 0> <II = 1> <Delay = 0.68> <FuncUnit> <Opcode : 'shl' 'lshr' 'ashr'> <InPorts = 2> <OutPorts = 1>
ST_1 : Operation 94 [1/1] (0.00ns)   --->   "%zext_ln78_52 = zext i5 %add_ln75_25" [/home/ytq/codeField/Prediction_Model_Accelerator/CSIM/Reshape_HLS/src/../include/helpers.hpp:78]   --->   Operation 94 'zext' 'zext_ln78_52' <Predicate = true> <Delay = 0.00>
ST_1 : Operation 95 [1/1] (0.68ns)   --->   "%shl_ln78_51 = shl i32 1, i32 %zext_ln78_52" [/home/ytq/codeField/Prediction_Model_Accelerator/CSIM/Reshape_HLS/src/../include/helpers.hpp:78]   --->   Operation 95 'shl' 'shl_ln78_51' <Predicate = true> <Delay = 0.68> <CoreInst = "Shifter">   --->   Core 75 'Shifter' <Latency = 0> <II = 1> <Delay = 0.68> <FuncUnit> <Opcode : 'shl' 'lshr' 'ashr'> <InPorts = 2> <OutPorts = 1>
ST_1 : Operation 96 [1/1] (0.00ns)   --->   "%zext_ln78_54 = zext i5 %add_ln75_26" [/home/ytq/codeField/Prediction_Model_Accelerator/CSIM/Reshape_HLS/src/../include/helpers.hpp:78]   --->   Operation 96 'zext' 'zext_ln78_54' <Predicate = true> <Delay = 0.00>
ST_1 : Operation 97 [1/1] (0.68ns)   --->   "%shl_ln78_53 = shl i32 1, i32 %zext_ln78_54" [/home/ytq/codeField/Prediction_Model_Accelerator/CSIM/Reshape_HLS/src/../include/helpers.hpp:78]   --->   Operation 97 'shl' 'shl_ln78_53' <Predicate = true> <Delay = 0.68> <CoreInst = "Shifter">   --->   Core 75 'Shifter' <Latency = 0> <II = 1> <Delay = 0.68> <FuncUnit> <Opcode : 'shl' 'lshr' 'ashr'> <InPorts = 2> <OutPorts = 1>
ST_1 : Operation 98 [1/1] (0.00ns)   --->   "%zext_ln78_56 = zext i5 %add_ln75_27" [/home/ytq/codeField/Prediction_Model_Accelerator/CSIM/Reshape_HLS/src/../include/helpers.hpp:78]   --->   Operation 98 'zext' 'zext_ln78_56' <Predicate = true> <Delay = 0.00>
ST_1 : Operation 99 [1/1] (0.68ns)   --->   "%shl_ln78_55 = shl i32 1, i32 %zext_ln78_56" [/home/ytq/codeField/Prediction_Model_Accelerator/CSIM/Reshape_HLS/src/../include/helpers.hpp:78]   --->   Operation 99 'shl' 'shl_ln78_55' <Predicate = true> <Delay = 0.68> <CoreInst = "Shifter">   --->   Core 75 'Shifter' <Latency = 0> <II = 1> <Delay = 0.68> <FuncUnit> <Opcode : 'shl' 'lshr' 'ashr'> <InPorts = 2> <OutPorts = 1>
ST_1 : Operation 100 [1/1] (0.00ns)   --->   "%zext_ln78_58 = zext i5 %add_ln75_28" [/home/ytq/codeField/Prediction_Model_Accelerator/CSIM/Reshape_HLS/src/../include/helpers.hpp:78]   --->   Operation 100 'zext' 'zext_ln78_58' <Predicate = true> <Delay = 0.00>
ST_1 : Operation 101 [1/1] (0.68ns)   --->   "%shl_ln78_57 = shl i32 1, i32 %zext_ln78_58" [/home/ytq/codeField/Prediction_Model_Accelerator/CSIM/Reshape_HLS/src/../include/helpers.hpp:78]   --->   Operation 101 'shl' 'shl_ln78_57' <Predicate = true> <Delay = 0.68> <CoreInst = "Shifter">   --->   Core 75 'Shifter' <Latency = 0> <II = 1> <Delay = 0.68> <FuncUnit> <Opcode : 'shl' 'lshr' 'ashr'> <InPorts = 2> <OutPorts = 1>
ST_1 : Operation 102 [1/1] (0.00ns)   --->   "%zext_ln78_60 = zext i5 %add_ln75_29" [/home/ytq/codeField/Prediction_Model_Accelerator/CSIM/Reshape_HLS/src/../include/helpers.hpp:78]   --->   Operation 102 'zext' 'zext_ln78_60' <Predicate = true> <Delay = 0.00>
ST_1 : Operation 103 [1/1] (0.68ns)   --->   "%shl_ln78_59 = shl i32 1, i32 %zext_ln78_60" [/home/ytq/codeField/Prediction_Model_Accelerator/CSIM/Reshape_HLS/src/../include/helpers.hpp:78]   --->   Operation 103 'shl' 'shl_ln78_59' <Predicate = true> <Delay = 0.68> <CoreInst = "Shifter">   --->   Core 75 'Shifter' <Latency = 0> <II = 1> <Delay = 0.68> <FuncUnit> <Opcode : 'shl' 'lshr' 'ashr'> <InPorts = 2> <OutPorts = 1>
ST_1 : Operation 104 [1/1] (0.00ns)   --->   "%zext_ln78_62 = zext i5 %add_ln75_30" [/home/ytq/codeField/Prediction_Model_Accelerator/CSIM/Reshape_HLS/src/../include/helpers.hpp:78]   --->   Operation 104 'zext' 'zext_ln78_62' <Predicate = true> <Delay = 0.00>
ST_1 : Operation 105 [1/1] (0.68ns)   --->   "%shl_ln78_61 = shl i32 1, i32 %zext_ln78_62" [/home/ytq/codeField/Prediction_Model_Accelerator/CSIM/Reshape_HLS/src/../include/helpers.hpp:78]   --->   Operation 105 'shl' 'shl_ln78_61' <Predicate = true> <Delay = 0.68> <CoreInst = "Shifter">   --->   Core 75 'Shifter' <Latency = 0> <II = 1> <Delay = 0.68> <FuncUnit> <Opcode : 'shl' 'lshr' 'ashr'> <InPorts = 2> <OutPorts = 1>

State 2 <SV = 1> <Delay = 1.51>
ST_2 : Operation 106 [1/1] (0.00ns)   --->   "%shl_ln = bitconcatenate i37 @_ssdm_op_BitConcatenate.i37.i32.i5, i32 %output_data_addr_read, i5 0" [/home/ytq/codeField/Prediction_Model_Accelerator/CSIM/Reshape_HLS/src/../include/helpers.hpp:75]   --->   Operation 106 'bitconcatenate' 'shl_ln' <Predicate = true> <Delay = 0.00>
ST_2 : Operation 107 [1/1] (0.00ns)   --->   "%zext_ln75 = zext i37 %shl_ln" [/home/ytq/codeField/Prediction_Model_Accelerator/CSIM/Reshape_HLS/src/../include/helpers.hpp:75]   --->   Operation 107 'zext' 'zext_ln75' <Predicate = true> <Delay = 0.00>
ST_2 : Operation 108 [1/1] (1.08ns)   --->   "%add_ln75 = add i64 %outputs_read, i64 %zext_ln75" [/home/ytq/codeField/Prediction_Model_Accelerator/CSIM/Reshape_HLS/src/../include/helpers.hpp:75]   --->   Operation 108 'add' 'add_ln75' <Predicate = true> <Delay = 1.08> <CoreInst = "Adder">   --->   Core 1 'Adder' <Latency = 0> <II = 1> <Delay = 1.08> <FuncUnit> <Opcode : 'add' 'sub'> <InPorts = 2> <OutPorts = 1>
ST_2 : Operation 109 [1/1] (0.00ns)   --->   "%shl_ln78_1 = bitconcatenate i8 @_ssdm_op_BitConcatenate.i8.i5.i3, i5 %trunc_ln75, i3 0" [/home/ytq/codeField/Prediction_Model_Accelerator/CSIM/Reshape_HLS/src/../include/helpers.hpp:78]   --->   Operation 109 'bitconcatenate' 'shl_ln78_1' <Predicate = true> <Delay = 0.00>
ST_2 : Operation 110 [1/1] (0.00ns)   --->   "%shl_ln78_3 = bitconcatenate i8 @_ssdm_op_BitConcatenate.i8.i5.i3, i5 %add_ln75_1, i3 0" [/home/ytq/codeField/Prediction_Model_Accelerator/CSIM/Reshape_HLS/src/../include/helpers.hpp:78]   --->   Operation 110 'bitconcatenate' 'shl_ln78_3' <Predicate = true> <Delay = 0.00>
ST_2 : Operation 111 [1/1] (0.00ns)   --->   "%shl_ln78_5 = bitconcatenate i8 @_ssdm_op_BitConcatenate.i8.i5.i3, i5 %add_ln75_2, i3 0" [/home/ytq/codeField/Prediction_Model_Accelerator/CSIM/Reshape_HLS/src/../include/helpers.hpp:78]   --->   Operation 111 'bitconcatenate' 'shl_ln78_5' <Predicate = true> <Delay = 0.00>
ST_2 : Operation 112 [1/1] (0.00ns)   --->   "%shl_ln78_7 = bitconcatenate i8 @_ssdm_op_BitConcatenate.i8.i5.i3, i5 %add_ln75_3, i3 0" [/home/ytq/codeField/Prediction_Model_Accelerator/CSIM/Reshape_HLS/src/../include/helpers.hpp:78]   --->   Operation 112 'bitconcatenate' 'shl_ln78_7' <Predicate = true> <Delay = 0.00>
ST_2 : Operation 113 [1/1] (0.00ns)   --->   "%shl_ln78_9 = bitconcatenate i8 @_ssdm_op_BitConcatenate.i8.i5.i3, i5 %add_ln75_4, i3 0" [/home/ytq/codeField/Prediction_Model_Accelerator/CSIM/Reshape_HLS/src/../include/helpers.hpp:78]   --->   Operation 113 'bitconcatenate' 'shl_ln78_9' <Predicate = true> <Delay = 0.00>
ST_2 : Operation 114 [1/1] (0.00ns)   --->   "%shl_ln78_s = bitconcatenate i8 @_ssdm_op_BitConcatenate.i8.i5.i3, i5 %add_ln75_5, i3 0" [/home/ytq/codeField/Prediction_Model_Accelerator/CSIM/Reshape_HLS/src/../include/helpers.hpp:78]   --->   Operation 114 'bitconcatenate' 'shl_ln78_s' <Predicate = true> <Delay = 0.00>
ST_2 : Operation 115 [1/1] (0.00ns)   --->   "%shl_ln78_12 = bitconcatenate i8 @_ssdm_op_BitConcatenate.i8.i5.i3, i5 %add_ln75_6, i3 0" [/home/ytq/codeField/Prediction_Model_Accelerator/CSIM/Reshape_HLS/src/../include/helpers.hpp:78]   --->   Operation 115 'bitconcatenate' 'shl_ln78_12' <Predicate = true> <Delay = 0.00>
ST_2 : Operation 116 [1/1] (0.00ns)   --->   "%shl_ln78_14 = bitconcatenate i8 @_ssdm_op_BitConcatenate.i8.i5.i3, i5 %add_ln75_7, i3 0" [/home/ytq/codeField/Prediction_Model_Accelerator/CSIM/Reshape_HLS/src/../include/helpers.hpp:78]   --->   Operation 116 'bitconcatenate' 'shl_ln78_14' <Predicate = true> <Delay = 0.00>
ST_2 : Operation 117 [1/1] (0.00ns)   --->   "%shl_ln78_16 = bitconcatenate i8 @_ssdm_op_BitConcatenate.i8.i5.i3, i5 %add_ln75_8, i3 0" [/home/ytq/codeField/Prediction_Model_Accelerator/CSIM/Reshape_HLS/src/../include/helpers.hpp:78]   --->   Operation 117 'bitconcatenate' 'shl_ln78_16' <Predicate = true> <Delay = 0.00>
ST_2 : Operation 118 [1/1] (0.00ns)   --->   "%shl_ln78_18 = bitconcatenate i8 @_ssdm_op_BitConcatenate.i8.i5.i3, i5 %add_ln75_9, i3 0" [/home/ytq/codeField/Prediction_Model_Accelerator/CSIM/Reshape_HLS/src/../include/helpers.hpp:78]   --->   Operation 118 'bitconcatenate' 'shl_ln78_18' <Predicate = true> <Delay = 0.00>
ST_2 : Operation 119 [1/1] (0.00ns)   --->   "%shl_ln78_20 = bitconcatenate i8 @_ssdm_op_BitConcatenate.i8.i5.i3, i5 %add_ln75_10, i3 0" [/home/ytq/codeField/Prediction_Model_Accelerator/CSIM/Reshape_HLS/src/../include/helpers.hpp:78]   --->   Operation 119 'bitconcatenate' 'shl_ln78_20' <Predicate = true> <Delay = 0.00>
ST_2 : Operation 120 [1/1] (0.00ns)   --->   "%shl_ln78_22 = bitconcatenate i8 @_ssdm_op_BitConcatenate.i8.i5.i3, i5 %add_ln75_11, i3 0" [/home/ytq/codeField/Prediction_Model_Accelerator/CSIM/Reshape_HLS/src/../include/helpers.hpp:78]   --->   Operation 120 'bitconcatenate' 'shl_ln78_22' <Predicate = true> <Delay = 0.00>
ST_2 : Operation 121 [1/1] (0.00ns)   --->   "%shl_ln78_24 = bitconcatenate i8 @_ssdm_op_BitConcatenate.i8.i5.i3, i5 %add_ln75_12, i3 0" [/home/ytq/codeField/Prediction_Model_Accelerator/CSIM/Reshape_HLS/src/../include/helpers.hpp:78]   --->   Operation 121 'bitconcatenate' 'shl_ln78_24' <Predicate = true> <Delay = 0.00>
ST_2 : Operation 122 [1/1] (0.00ns)   --->   "%shl_ln78_26 = bitconcatenate i8 @_ssdm_op_BitConcatenate.i8.i5.i3, i5 %add_ln75_13, i3 0" [/home/ytq/codeField/Prediction_Model_Accelerator/CSIM/Reshape_HLS/src/../include/helpers.hpp:78]   --->   Operation 122 'bitconcatenate' 'shl_ln78_26' <Predicate = true> <Delay = 0.00>
ST_2 : Operation 123 [1/1] (0.00ns)   --->   "%shl_ln78_28 = bitconcatenate i8 @_ssdm_op_BitConcatenate.i8.i5.i3, i5 %add_ln75_14, i3 0" [/home/ytq/codeField/Prediction_Model_Accelerator/CSIM/Reshape_HLS/src/../include/helpers.hpp:78]   --->   Operation 123 'bitconcatenate' 'shl_ln78_28' <Predicate = true> <Delay = 0.00>
ST_2 : Operation 124 [1/1] (0.00ns)   --->   "%shl_ln78_30 = bitconcatenate i8 @_ssdm_op_BitConcatenate.i8.i5.i3, i5 %add_ln75_15, i3 0" [/home/ytq/codeField/Prediction_Model_Accelerator/CSIM/Reshape_HLS/src/../include/helpers.hpp:78]   --->   Operation 124 'bitconcatenate' 'shl_ln78_30' <Predicate = true> <Delay = 0.00>
ST_2 : Operation 125 [1/1] (0.00ns)   --->   "%shl_ln78_32 = bitconcatenate i8 @_ssdm_op_BitConcatenate.i8.i5.i3, i5 %xor_ln75, i3 0" [/home/ytq/codeField/Prediction_Model_Accelerator/CSIM/Reshape_HLS/src/../include/helpers.hpp:78]   --->   Operation 125 'bitconcatenate' 'shl_ln78_32' <Predicate = true> <Delay = 0.00>
ST_2 : Operation 126 [1/1] (0.00ns)   --->   "%shl_ln78_34 = bitconcatenate i8 @_ssdm_op_BitConcatenate.i8.i5.i3, i5 %add_ln75_16, i3 0" [/home/ytq/codeField/Prediction_Model_Accelerator/CSIM/Reshape_HLS/src/../include/helpers.hpp:78]   --->   Operation 126 'bitconcatenate' 'shl_ln78_34' <Predicate = true> <Delay = 0.00>
ST_2 : Operation 127 [1/1] (0.00ns)   --->   "%shl_ln78_36 = bitconcatenate i8 @_ssdm_op_BitConcatenate.i8.i5.i3, i5 %add_ln75_17, i3 0" [/home/ytq/codeField/Prediction_Model_Accelerator/CSIM/Reshape_HLS/src/../include/helpers.hpp:78]   --->   Operation 127 'bitconcatenate' 'shl_ln78_36' <Predicate = true> <Delay = 0.00>
ST_2 : Operation 128 [1/1] (0.00ns)   --->   "%shl_ln78_38 = bitconcatenate i8 @_ssdm_op_BitConcatenate.i8.i5.i3, i5 %add_ln75_18, i3 0" [/home/ytq/codeField/Prediction_Model_Accelerator/CSIM/Reshape_HLS/src/../include/helpers.hpp:78]   --->   Operation 128 'bitconcatenate' 'shl_ln78_38' <Predicate = true> <Delay = 0.00>
ST_2 : Operation 129 [1/1] (0.00ns)   --->   "%shl_ln78_40 = bitconcatenate i8 @_ssdm_op_BitConcatenate.i8.i5.i3, i5 %add_ln75_19, i3 0" [/home/ytq/codeField/Prediction_Model_Accelerator/CSIM/Reshape_HLS/src/../include/helpers.hpp:78]   --->   Operation 129 'bitconcatenate' 'shl_ln78_40' <Predicate = true> <Delay = 0.00>
ST_2 : Operation 130 [1/1] (0.00ns)   --->   "%shl_ln78_42 = bitconcatenate i8 @_ssdm_op_BitConcatenate.i8.i5.i3, i5 %add_ln75_20, i3 0" [/home/ytq/codeField/Prediction_Model_Accelerator/CSIM/Reshape_HLS/src/../include/helpers.hpp:78]   --->   Operation 130 'bitconcatenate' 'shl_ln78_42' <Predicate = true> <Delay = 0.00>
ST_2 : Operation 131 [1/1] (0.00ns)   --->   "%shl_ln78_44 = bitconcatenate i8 @_ssdm_op_BitConcatenate.i8.i5.i3, i5 %add_ln75_21, i3 0" [/home/ytq/codeField/Prediction_Model_Accelerator/CSIM/Reshape_HLS/src/../include/helpers.hpp:78]   --->   Operation 131 'bitconcatenate' 'shl_ln78_44' <Predicate = true> <Delay = 0.00>
ST_2 : Operation 132 [1/1] (0.00ns)   --->   "%shl_ln78_46 = bitconcatenate i8 @_ssdm_op_BitConcatenate.i8.i5.i3, i5 %add_ln75_22, i3 0" [/home/ytq/codeField/Prediction_Model_Accelerator/CSIM/Reshape_HLS/src/../include/helpers.hpp:78]   --->   Operation 132 'bitconcatenate' 'shl_ln78_46' <Predicate = true> <Delay = 0.00>
ST_2 : Operation 133 [1/1] (0.00ns)   --->   "%shl_ln78_48 = bitconcatenate i8 @_ssdm_op_BitConcatenate.i8.i5.i3, i5 %add_ln75_23, i3 0" [/home/ytq/codeField/Prediction_Model_Accelerator/CSIM/Reshape_HLS/src/../include/helpers.hpp:78]   --->   Operation 133 'bitconcatenate' 'shl_ln78_48' <Predicate = true> <Delay = 0.00>
ST_2 : Operation 134 [1/1] (0.00ns)   --->   "%shl_ln78_50 = bitconcatenate i8 @_ssdm_op_BitConcatenate.i8.i5.i3, i5 %add_ln75_24, i3 0" [/home/ytq/codeField/Prediction_Model_Accelerator/CSIM/Reshape_HLS/src/../include/helpers.hpp:78]   --->   Operation 134 'bitconcatenate' 'shl_ln78_50' <Predicate = true> <Delay = 0.00>
ST_2 : Operation 135 [1/1] (0.00ns)   --->   "%shl_ln78_52 = bitconcatenate i8 @_ssdm_op_BitConcatenate.i8.i5.i3, i5 %add_ln75_25, i3 0" [/home/ytq/codeField/Prediction_Model_Accelerator/CSIM/Reshape_HLS/src/../include/helpers.hpp:78]   --->   Operation 135 'bitconcatenate' 'shl_ln78_52' <Predicate = true> <Delay = 0.00>
ST_2 : Operation 136 [1/1] (0.00ns)   --->   "%shl_ln78_54 = bitconcatenate i8 @_ssdm_op_BitConcatenate.i8.i5.i3, i5 %add_ln75_26, i3 0" [/home/ytq/codeField/Prediction_Model_Accelerator/CSIM/Reshape_HLS/src/../include/helpers.hpp:78]   --->   Operation 136 'bitconcatenate' 'shl_ln78_54' <Predicate = true> <Delay = 0.00>
ST_2 : Operation 137 [1/1] (0.00ns)   --->   "%shl_ln78_56 = bitconcatenate i8 @_ssdm_op_BitConcatenate.i8.i5.i3, i5 %add_ln75_27, i3 0" [/home/ytq/codeField/Prediction_Model_Accelerator/CSIM/Reshape_HLS/src/../include/helpers.hpp:78]   --->   Operation 137 'bitconcatenate' 'shl_ln78_56' <Predicate = true> <Delay = 0.00>
ST_2 : Operation 138 [1/1] (0.00ns)   --->   "%shl_ln78_58 = bitconcatenate i8 @_ssdm_op_BitConcatenate.i8.i5.i3, i5 %add_ln75_28, i3 0" [/home/ytq/codeField/Prediction_Model_Accelerator/CSIM/Reshape_HLS/src/../include/helpers.hpp:78]   --->   Operation 138 'bitconcatenate' 'shl_ln78_58' <Predicate = true> <Delay = 0.00>
ST_2 : Operation 139 [1/1] (0.00ns)   --->   "%shl_ln78_60 = bitconcatenate i8 @_ssdm_op_BitConcatenate.i8.i5.i3, i5 %add_ln75_29, i3 0" [/home/ytq/codeField/Prediction_Model_Accelerator/CSIM/Reshape_HLS/src/../include/helpers.hpp:78]   --->   Operation 139 'bitconcatenate' 'shl_ln78_60' <Predicate = true> <Delay = 0.00>
ST_2 : Operation 140 [1/1] (0.00ns)   --->   "%shl_ln78_62 = bitconcatenate i8 @_ssdm_op_BitConcatenate.i8.i5.i3, i5 %add_ln75_30, i3 0" [/home/ytq/codeField/Prediction_Model_Accelerator/CSIM/Reshape_HLS/src/../include/helpers.hpp:78]   --->   Operation 140 'bitconcatenate' 'shl_ln78_62' <Predicate = true> <Delay = 0.00>
ST_2 : Operation 141 [1/1] (0.00ns)   --->   "%empty = wait i32 @_ssdm_op_Wait"   --->   Operation 141 'wait' 'empty' <Predicate = true> <Delay = 0.00>
ST_2 : Operation 142 [2/2] (0.42ns)   --->   "%call_ln78 = call void @store<ap_uint<256>, ap_int<8>, ap_int<8>, 32u>_Pipeline_VITIS_LOOP_75_1, i32 %output_data_addr_read, i27 %trunc_ln78_s, i256 %data_out2, i64 %add_ln75, i8 %shl_ln78_1, i256 %reshape_data, i32 %shl_ln78, i8 %shl_ln78_3, i32 %shl_ln78_2, i8 %shl_ln78_5, i32 %shl_ln78_4, i8 %shl_ln78_7, i32 %shl_ln78_6, i8 %shl_ln78_9, i32 %shl_ln78_8, i8 %shl_ln78_s, i32 %shl_ln78_10, i8 %shl_ln78_12, i32 %shl_ln78_11, i8 %shl_ln78_14, i32 %shl_ln78_13, i8 %shl_ln78_16, i32 %shl_ln78_15, i8 %shl_ln78_18, i32 %shl_ln78_17, i8 %shl_ln78_20, i32 %shl_ln78_19, i8 %shl_ln78_22, i32 %shl_ln78_21, i8 %shl_ln78_24, i32 %shl_ln78_23, i8 %shl_ln78_26, i32 %shl_ln78_25, i8 %shl_ln78_28, i32 %shl_ln78_27, i8 %shl_ln78_30, i32 %shl_ln78_29, i8 %shl_ln78_32, i32 %shl_ln78_31, i8 %shl_ln78_34, i32 %shl_ln78_33, i8 %shl_ln78_36, i32 %shl_ln78_35, i8 %shl_ln78_38, i32 %shl_ln78_37, i8 %shl_ln78_40, i32 %shl_ln78_39, i8 %shl_ln78_42, i32 %shl_ln78_41, i8 %shl_ln78_44, i32 %shl_ln78_43, i8 %shl_ln78_46, i32 %shl_ln78_45, i8 %shl_ln78_48, i32 %shl_ln78_47, i8 %shl_ln78_50, i32 %shl_ln78_49, i8 %shl_ln78_52, i32 %shl_ln78_51, i8 %shl_ln78_54, i32 %shl_ln78_53, i8 %shl_ln78_56, i32 %shl_ln78_55, i8 %shl_ln78_58, i32 %shl_ln78_57, i8 %shl_ln78_60, i32 %shl_ln78_59, i8 %shl_ln78_62, i32 %shl_ln78_61" [/home/ytq/codeField/Prediction_Model_Accelerator/CSIM/Reshape_HLS/src/../include/helpers.hpp:78]   --->   Operation 142 'call' 'call_ln78' <Predicate = true> <Delay = 0.42> <CoreType = "Generic">   --->   Core 0 '' <Latency = 0> <II = 1> <Delay = 1.00> <Generic> <Opcode : >

State 3 <SV = 2> <Delay = 0.00>
ST_3 : Operation 143 [1/1] (0.00ns)   --->   "%specinterface_ln0 = specinterface void @_ssdm_op_SpecInterface, i32 %COLS, void @ap_fifo_str, i32 0, i32 0, void @p_str, i32 0, i32 0, void @p_str, void @p_str, void @p_str, i32 2, i32 2, i32 16, i32 16, void @p_str, void @ScalarProp_str, i32 4294967295, i32 0"   --->   Operation 143 'specinterface' 'specinterface_ln0' <Predicate = true> <Delay = 0.00>
ST_3 : Operation 144 [1/1] (0.00ns)   --->   "%specinterface_ln0 = specinterface void @_ssdm_op_SpecInterface, i32 %ROWS, void @ap_fifo_str, i32 0, i32 0, void @p_str, i32 0, i32 0, void @p_str, void @p_str, void @p_str, i32 2, i32 2, i32 16, i32 16, void @p_str, void @ScalarProp_str, i32 4294967295, i32 0"   --->   Operation 144 'specinterface' 'specinterface_ln0' <Predicate = true> <Delay = 0.00>
ST_3 : Operation 145 [1/1] (0.00ns)   --->   "%specinterface_ln0 = specinterface void @_ssdm_op_SpecInterface, i64 %outputs, void @ap_fifo_str, i32 0, i32 0, void @p_str, i32 0, i32 0, void @p_str, void @p_str, void @p_str, i32 2, i32 2, i32 16, i32 16, void @p_str, void @ScalarProp_str, i32 4294967295, i32 0"   --->   Operation 145 'specinterface' 'specinterface_ln0' <Predicate = true> <Delay = 0.00>
ST_3 : Operation 146 [1/1] (0.00ns)   --->   "%specinterface_ln0 = specinterface void @_ssdm_op_SpecInterface, i32 %output_data_addr, void @ap_fifo_str, i32 0, i32 0, void @p_str, i32 0, i32 0, void @p_str, void @p_str, void @p_str, i32 2, i32 2, i32 16, i32 16, void @p_str, void @ScalarProp_str, i32 4294967295, i32 0"   --->   Operation 146 'specinterface' 'specinterface_ln0' <Predicate = true> <Delay = 0.00>
ST_3 : Operation 147 [1/1] (0.00ns)   --->   "%specinterface_ln0 = specinterface void @_ssdm_op_SpecInterface, i256 %data_out2, void @empty_7, i32 0, i32 0, void @empty_19, i32 0, i32 0, void @empty_19, void @empty_19, void @empty_19, i32 0, i32 0, i32 0, i32 0, void @empty_19, void @empty_19, i32 4294967295, i32 0"   --->   Operation 147 'specinterface' 'specinterface_ln0' <Predicate = true> <Delay = 0.00>
ST_3 : Operation 148 [1/1] (0.00ns)   --->   "%specinterface_ln0 = specinterface void @_ssdm_op_SpecInterface, i256 %reshape_data, void @empty_18, i32 0, i32 0, void @empty_19, i32 0, i32 0, void @empty_5, void @empty_16, void @empty_19, i32 16, i32 16, i32 16, i32 16, void @empty_19, void @empty_19, i32 4294967295, i32 0"   --->   Operation 148 'specinterface' 'specinterface_ln0' <Predicate = true> <Delay = 0.00>
ST_3 : Operation 149 [1/2] (0.00ns)   --->   "%call_ln78 = call void @store<ap_uint<256>, ap_int<8>, ap_int<8>, 32u>_Pipeline_VITIS_LOOP_75_1, i32 %output_data_addr_read, i27 %trunc_ln78_s, i256 %data_out2, i64 %add_ln75, i8 %shl_ln78_1, i256 %reshape_data, i32 %shl_ln78, i8 %shl_ln78_3, i32 %shl_ln78_2, i8 %shl_ln78_5, i32 %shl_ln78_4, i8 %shl_ln78_7, i32 %shl_ln78_6, i8 %shl_ln78_9, i32 %shl_ln78_8, i8 %shl_ln78_s, i32 %shl_ln78_10, i8 %shl_ln78_12, i32 %shl_ln78_11, i8 %shl_ln78_14, i32 %shl_ln78_13, i8 %shl_ln78_16, i32 %shl_ln78_15, i8 %shl_ln78_18, i32 %shl_ln78_17, i8 %shl_ln78_20, i32 %shl_ln78_19, i8 %shl_ln78_22, i32 %shl_ln78_21, i8 %shl_ln78_24, i32 %shl_ln78_23, i8 %shl_ln78_26, i32 %shl_ln78_25, i8 %shl_ln78_28, i32 %shl_ln78_27, i8 %shl_ln78_30, i32 %shl_ln78_29, i8 %shl_ln78_32, i32 %shl_ln78_31, i8 %shl_ln78_34, i32 %shl_ln78_33, i8 %shl_ln78_36, i32 %shl_ln78_35, i8 %shl_ln78_38, i32 %shl_ln78_37, i8 %shl_ln78_40, i32 %shl_ln78_39, i8 %shl_ln78_42, i32 %shl_ln78_41, i8 %shl_ln78_44, i32 %shl_ln78_43, i8 %shl_ln78_46, i32 %shl_ln78_45, i8 %shl_ln78_48, i32 %shl_ln78_47, i8 %shl_ln78_50, i32 %shl_ln78_49, i8 %shl_ln78_52, i32 %shl_ln78_51, i8 %shl_ln78_54, i32 %shl_ln78_53, i8 %shl_ln78_56, i32 %shl_ln78_55, i8 %shl_ln78_58, i32 %shl_ln78_57, i8 %shl_ln78_60, i32 %shl_ln78_59, i8 %shl_ln78_62, i32 %shl_ln78_61" [/home/ytq/codeField/Prediction_Model_Accelerator/CSIM/Reshape_HLS/src/../include/helpers.hpp:78]   --->   Operation 149 'call' 'call_ln78' <Predicate = true> <Delay = 0.00> <CoreType = "Generic">   --->   Core 0 '' <Latency = 0> <II = 1> <Delay = 1.00> <Generic> <Opcode : >
ST_3 : Operation 150 [1/1] (0.00ns)   --->   "%write_ln82 = write void @_ssdm_op_Write.ap_auto.i1P0A, i1 %reshape_flag, i1 1" [/home/ytq/codeField/Prediction_Model_Accelerator/CSIM/Reshape_HLS/src/../include/helpers.hpp:82]   --->   Operation 150 'write' 'write_ln82' <Predicate = true> <Delay = 0.00>
ST_3 : Operation 151 [1/1] (0.00ns)   --->   "%ret_ln83 = ret" [/home/ytq/codeField/Prediction_Model_Accelerator/CSIM/Reshape_HLS/src/../include/helpers.hpp:83]   --->   Operation 151 'ret' 'ret_ln83' <Predicate = true> <Delay = 0.00>


============================================================
+ Verbose Summary: Timing violations
============================================================
Target clock period: 10ns, clock uncertainty: 2.7ns.

 <State 1>: 5.26ns
The critical path consists of the following:
	fifo read operation ('COLS_read') on port 'COLS' [9]  (1.84 ns)
	'mul' operation ('mul_ln75', /home/ytq/codeField/Prediction_Model_Accelerator/CSIM/Reshape_HLS/src/../include/helpers.hpp:75) [53]  (3.42 ns)

 <State 2>: 1.51ns
The critical path consists of the following:
	'add' operation ('add_ln75', /home/ytq/codeField/Prediction_Model_Accelerator/CSIM/Reshape_HLS/src/../include/helpers.hpp:75) [21]  (1.08 ns)
	'call' operation ('call_ln78', /home/ytq/codeField/Prediction_Model_Accelerator/CSIM/Reshape_HLS/src/../include/helpers.hpp:78) to 'store<ap_uint<256>, ap_int<8>, ap_int<8>, 32u>_Pipeline_VITIS_LOOP_75_1' [152]  (0.427 ns)

 <State 3>: 0ns
The critical path consists of the following:


============================================================
+ Verbose Summary: Binding
============================================================
N/A
* FSMD analyzer results:
  - Output states:
 - Input state : 
  - Chain level:
	State 1
	State 2
	State 3


============================================================
+ Verbose Summary: Datapath Resource usage 
============================================================
N/A
