

================================================================
== Vitis HLS Report for 'quant_ap_uint_256_ap_int_32_ap_int_8_32u_Pipeline_VITIS_LOOP_113_1'
================================================================
* Date:           Sun Jun  9 10:52:45 2024

* Version:        2022.2 (Build 3670227 on Oct 13 2022)
* Project:        Sparse_HLS.prj
* Solution:       sol (Vivado IP Flow Target)
* Product family: zynquplus
* Target device:  xczu7ev-ffvc1156-2-e


================================================================
== Performance Estimates
================================================================
+ Timing: 
    * Summary: 
    +--------+----------+----------+------------+
    |  Clock |  Target  | Estimated| Uncertainty|
    +--------+----------+----------+------------+
    |ap_clk  |  10.00 ns|  7.003 ns|     2.70 ns|
    +--------+----------+----------+------------+

+ Latency: 
    * Summary: 
    +---------+---------+----------+----------+-----+-----+---------+
    |  Latency (cycles) |  Latency (absolute) |  Interval | Pipeline|
    |   min   |   max   |    min   |    max   | min | max |   Type  |
    +---------+---------+----------+----------+-----+-----+---------+
    |        ?|        ?|         ?|         ?|    ?|    ?|       no|
    +---------+---------+----------+----------+-----+-----+---------+

    + Detail: 
        * Instance: 
        N/A

        * Loop: 
        +--------------------+---------+---------+----------+-----------+-----------+------+----------+
        |                    |  Latency (cycles) | Iteration|  Initiation Interval  | Trip |          |
        |      Loop Name     |   min   |   max   |  Latency |  achieved |   target  | Count| Pipelined|
        +--------------------+---------+---------+----------+-----------+-----------+------+----------+
        |- VITIS_LOOP_113_1  |        ?|        ?|         4|          1|          1|     ?|       yes|
        +--------------------+---------+---------+----------+-----------+-----------+------+----------+



================================================================
== Utilization Estimates
================================================================
* Summary: 
+-----------------+---------+------+--------+--------+-----+
|       Name      | BRAM_18K|  DSP |   FF   |   LUT  | URAM|
+-----------------+---------+------+--------+--------+-----+
|DSP              |        -|     -|       -|       -|    -|
|Expression       |        -|     -|       0|   18327|    -|
|FIFO             |        -|     -|       -|       -|    -|
|Instance         |        -|   224|       0|    1472|    -|
|Memory           |        -|     -|       -|       -|    -|
|Multiplexer      |        -|     -|       -|      54|    -|
|Register         |        -|     -|    3234|       -|    -|
+-----------------+---------+------+--------+--------+-----+
|Total            |        0|   224|    3234|   19853|    0|
+-----------------+---------+------+--------+--------+-----+
|Available        |      624|  1728|  460800|  230400|   96|
+-----------------+---------+------+--------+--------+-----+
|Utilization (%)  |        0|    12|      ~0|       8|    0|
+-----------------+---------+------+--------+--------+-----+

+ Detail: 
    * Instance: 
    +------------------------+--------------------+---------+----+---+----+-----+
    |        Instance        |       Module       | BRAM_18K| DSP| FF| LUT| URAM|
    +------------------------+--------------------+---------+----+---+----+-----+
    |mul_64s_32s_64_1_1_U40  |mul_64s_32s_64_1_1  |        0|   7|  0|  46|    0|
    |mul_64s_32s_64_1_1_U41  |mul_64s_32s_64_1_1  |        0|   7|  0|  46|    0|
    |mul_64s_32s_64_1_1_U42  |mul_64s_32s_64_1_1  |        0|   7|  0|  46|    0|
    |mul_64s_32s_64_1_1_U43  |mul_64s_32s_64_1_1  |        0|   7|  0|  46|    0|
    |mul_64s_32s_64_1_1_U44  |mul_64s_32s_64_1_1  |        0|   7|  0|  46|    0|
    |mul_64s_32s_64_1_1_U45  |mul_64s_32s_64_1_1  |        0|   7|  0|  46|    0|
    |mul_64s_32s_64_1_1_U46  |mul_64s_32s_64_1_1  |        0|   7|  0|  46|    0|
    |mul_64s_32s_64_1_1_U47  |mul_64s_32s_64_1_1  |        0|   7|  0|  46|    0|
    |mul_64s_32s_64_1_1_U48  |mul_64s_32s_64_1_1  |        0|   7|  0|  46|    0|
    |mul_64s_32s_64_1_1_U49  |mul_64s_32s_64_1_1  |        0|   7|  0|  46|    0|
    |mul_64s_32s_64_1_1_U50  |mul_64s_32s_64_1_1  |        0|   7|  0|  46|    0|
    |mul_64s_32s_64_1_1_U51  |mul_64s_32s_64_1_1  |        0|   7|  0|  46|    0|
    |mul_64s_32s_64_1_1_U52  |mul_64s_32s_64_1_1  |        0|   7|  0|  46|    0|
    |mul_64s_32s_64_1_1_U53  |mul_64s_32s_64_1_1  |        0|   7|  0|  46|    0|
    |mul_64s_32s_64_1_1_U54  |mul_64s_32s_64_1_1  |        0|   7|  0|  46|    0|
    |mul_64s_32s_64_1_1_U55  |mul_64s_32s_64_1_1  |        0|   7|  0|  46|    0|
    |mul_64s_32s_64_1_1_U56  |mul_64s_32s_64_1_1  |        0|   7|  0|  46|    0|
    |mul_64s_32s_64_1_1_U57  |mul_64s_32s_64_1_1  |        0|   7|  0|  46|    0|
    |mul_64s_32s_64_1_1_U58  |mul_64s_32s_64_1_1  |        0|   7|  0|  46|    0|
    |mul_64s_32s_64_1_1_U59  |mul_64s_32s_64_1_1  |        0|   7|  0|  46|    0|
    |mul_64s_32s_64_1_1_U60  |mul_64s_32s_64_1_1  |        0|   7|  0|  46|    0|
    |mul_64s_32s_64_1_1_U61  |mul_64s_32s_64_1_1  |        0|   7|  0|  46|    0|
    |mul_64s_32s_64_1_1_U62  |mul_64s_32s_64_1_1  |        0|   7|  0|  46|    0|
    |mul_64s_32s_64_1_1_U63  |mul_64s_32s_64_1_1  |        0|   7|  0|  46|    0|
    |mul_64s_32s_64_1_1_U64  |mul_64s_32s_64_1_1  |        0|   7|  0|  46|    0|
    |mul_64s_32s_64_1_1_U65  |mul_64s_32s_64_1_1  |        0|   7|  0|  46|    0|
    |mul_64s_32s_64_1_1_U66  |mul_64s_32s_64_1_1  |        0|   7|  0|  46|    0|
    |mul_64s_32s_64_1_1_U67  |mul_64s_32s_64_1_1  |        0|   7|  0|  46|    0|
    |mul_64s_32s_64_1_1_U68  |mul_64s_32s_64_1_1  |        0|   7|  0|  46|    0|
    |mul_64s_32s_64_1_1_U69  |mul_64s_32s_64_1_1  |        0|   7|  0|  46|    0|
    |mul_64s_32s_64_1_1_U70  |mul_64s_32s_64_1_1  |        0|   7|  0|  46|    0|
    |mul_64s_32s_64_1_1_U71  |mul_64s_32s_64_1_1  |        0|   7|  0|  46|    0|
    +------------------------+--------------------+---------+----+---+----+-----+
    |Total                   |                    |        0| 224|  0|1472|    0|
    +------------------------+--------------------+---------+----+---+----+-----+

    * DSP: 
    N/A

    * Memory: 
    N/A

    * FIFO: 
    N/A

    * Expression: 
    +----------------------------+----------+----+---+-----+------------+------------+
    |        Variable Name       | Operation| DSP| FF| LUT | Bitwidth P0| Bitwidth P1|
    +----------------------------+----------+----+---+-----+------------+------------+
    |add_ln126_10_fu_866_p2      |         +|   0|  0|   71|          64|          64|
    |add_ln126_11_fu_891_p2      |         +|   0|  0|   71|          64|          64|
    |add_ln126_12_fu_916_p2      |         +|   0|  0|   71|          64|          64|
    |add_ln126_13_fu_941_p2      |         +|   0|  0|   71|          64|          64|
    |add_ln126_14_fu_966_p2      |         +|   0|  0|   71|          64|          64|
    |add_ln126_15_fu_991_p2      |         +|   0|  0|   71|          64|          64|
    |add_ln126_16_fu_1016_p2     |         +|   0|  0|   71|          64|          64|
    |add_ln126_17_fu_1041_p2     |         +|   0|  0|   71|          64|          64|
    |add_ln126_18_fu_1066_p2     |         +|   0|  0|   71|          64|          64|
    |add_ln126_19_fu_1091_p2     |         +|   0|  0|   71|          64|          64|
    |add_ln126_1_fu_641_p2       |         +|   0|  0|   71|          64|          64|
    |add_ln126_20_fu_1116_p2     |         +|   0|  0|   71|          64|          64|
    |add_ln126_21_fu_1141_p2     |         +|   0|  0|   71|          64|          64|
    |add_ln126_22_fu_1166_p2     |         +|   0|  0|   71|          64|          64|
    |add_ln126_23_fu_1191_p2     |         +|   0|  0|   71|          64|          64|
    |add_ln126_24_fu_1216_p2     |         +|   0|  0|   71|          64|          64|
    |add_ln126_25_fu_1241_p2     |         +|   0|  0|   71|          64|          64|
    |add_ln126_26_fu_1266_p2     |         +|   0|  0|   71|          64|          64|
    |add_ln126_27_fu_1291_p2     |         +|   0|  0|   71|          64|          64|
    |add_ln126_28_fu_1316_p2     |         +|   0|  0|   71|          64|          64|
    |add_ln126_29_fu_1341_p2     |         +|   0|  0|   71|          64|          64|
    |add_ln126_2_fu_666_p2       |         +|   0|  0|   71|          64|          64|
    |add_ln126_30_fu_1366_p2     |         +|   0|  0|   71|          64|          64|
    |add_ln126_31_fu_1391_p2     |         +|   0|  0|   71|          64|          64|
    |add_ln126_3_fu_691_p2       |         +|   0|  0|   71|          64|          64|
    |add_ln126_4_fu_716_p2       |         +|   0|  0|   71|          64|          64|
    |add_ln126_5_fu_741_p2       |         +|   0|  0|   71|          64|          64|
    |add_ln126_6_fu_766_p2       |         +|   0|  0|   71|          64|          64|
    |add_ln126_7_fu_791_p2       |         +|   0|  0|   71|          64|          64|
    |add_ln126_8_fu_816_p2       |         +|   0|  0|   71|          64|          64|
    |add_ln126_9_fu_841_p2       |         +|   0|  0|   71|          64|          64|
    |add_ln126_fu_616_p2         |         +|   0|  0|   71|          64|          64|
    |i_3_fu_271_p2               |         +|   0|  0|   34|          27|           1|
    |ashr_ln127_10_fu_1896_p2    |      ashr|   0|  0|  179|          64|          64|
    |ashr_ln127_11_fu_1946_p2    |      ashr|   0|  0|  179|          64|          64|
    |ashr_ln127_12_fu_1996_p2    |      ashr|   0|  0|  179|          64|          64|
    |ashr_ln127_13_fu_2046_p2    |      ashr|   0|  0|  179|          64|          64|
    |ashr_ln127_14_fu_2096_p2    |      ashr|   0|  0|  179|          64|          64|
    |ashr_ln127_15_fu_2146_p2    |      ashr|   0|  0|  179|          64|          64|
    |ashr_ln127_16_fu_2196_p2    |      ashr|   0|  0|  179|          64|          64|
    |ashr_ln127_17_fu_2246_p2    |      ashr|   0|  0|  179|          64|          64|
    |ashr_ln127_18_fu_2296_p2    |      ashr|   0|  0|  179|          64|          64|
    |ashr_ln127_19_fu_2346_p2    |      ashr|   0|  0|  179|          64|          64|
    |ashr_ln127_1_fu_1446_p2     |      ashr|   0|  0|  179|          64|          64|
    |ashr_ln127_20_fu_2396_p2    |      ashr|   0|  0|  179|          64|          64|
    |ashr_ln127_21_fu_2446_p2    |      ashr|   0|  0|  179|          64|          64|
    |ashr_ln127_22_fu_2496_p2    |      ashr|   0|  0|  179|          64|          64|
    |ashr_ln127_23_fu_2546_p2    |      ashr|   0|  0|  179|          64|          64|
    |ashr_ln127_24_fu_2596_p2    |      ashr|   0|  0|  179|          64|          64|
    |ashr_ln127_25_fu_2646_p2    |      ashr|   0|  0|  179|          64|          64|
    |ashr_ln127_26_fu_2696_p2    |      ashr|   0|  0|  179|          64|          64|
    |ashr_ln127_27_fu_2746_p2    |      ashr|   0|  0|  179|          64|          64|
    |ashr_ln127_28_fu_2796_p2    |      ashr|   0|  0|  179|          64|          64|
    |ashr_ln127_29_fu_2846_p2    |      ashr|   0|  0|  179|          64|          64|
    |ashr_ln127_2_fu_1496_p2     |      ashr|   0|  0|  179|          64|          64|
    |ashr_ln127_30_fu_2896_p2    |      ashr|   0|  0|  179|          64|          64|
    |ashr_ln127_31_fu_2946_p2    |      ashr|   0|  0|  179|          64|          64|
    |ashr_ln127_3_fu_1546_p2     |      ashr|   0|  0|  179|          64|          64|
    |ashr_ln127_4_fu_1596_p2     |      ashr|   0|  0|  179|          64|          64|
    |ashr_ln127_5_fu_1646_p2     |      ashr|   0|  0|  179|          64|          64|
    |ashr_ln127_6_fu_1696_p2     |      ashr|   0|  0|  179|          64|          64|
    |ashr_ln127_7_fu_1746_p2     |      ashr|   0|  0|  179|          64|          64|
    |ashr_ln127_8_fu_1796_p2     |      ashr|   0|  0|  179|          64|          64|
    |ashr_ln127_9_fu_1846_p2     |      ashr|   0|  0|  179|          64|          64|
    |ashr_ln127_fu_1396_p2       |      ashr|   0|  0|  179|          64|          64|
    |icmp_ln113_fu_265_p2        |      icmp|   0|  0|   17|          27|          27|
    |icmp_ln129_10_fu_1914_p2    |      icmp|   0|  0|   17|          26|           1|
    |icmp_ln129_11_fu_1964_p2    |      icmp|   0|  0|   17|          26|           1|
    |icmp_ln129_12_fu_2014_p2    |      icmp|   0|  0|   17|          26|           1|
    |icmp_ln129_13_fu_2064_p2    |      icmp|   0|  0|   17|          26|           1|
    |icmp_ln129_14_fu_2114_p2    |      icmp|   0|  0|   17|          26|           1|
    |icmp_ln129_15_fu_2164_p2    |      icmp|   0|  0|   17|          26|           1|
    |icmp_ln129_16_fu_2214_p2    |      icmp|   0|  0|   17|          26|           1|
    |icmp_ln129_17_fu_2264_p2    |      icmp|   0|  0|   17|          26|           1|
    |icmp_ln129_18_fu_2314_p2    |      icmp|   0|  0|   17|          26|           1|
    |icmp_ln129_19_fu_2364_p2    |      icmp|   0|  0|   17|          26|           1|
    |icmp_ln129_1_fu_1464_p2     |      icmp|   0|  0|   17|          26|           1|
    |icmp_ln129_20_fu_2414_p2    |      icmp|   0|  0|   17|          26|           1|
    |icmp_ln129_21_fu_2464_p2    |      icmp|   0|  0|   17|          26|           1|
    |icmp_ln129_22_fu_2514_p2    |      icmp|   0|  0|   17|          26|           1|
    |icmp_ln129_23_fu_2564_p2    |      icmp|   0|  0|   17|          26|           1|
    |icmp_ln129_24_fu_2614_p2    |      icmp|   0|  0|   17|          26|           1|
    |icmp_ln129_25_fu_2664_p2    |      icmp|   0|  0|   17|          26|           1|
    |icmp_ln129_26_fu_2714_p2    |      icmp|   0|  0|   17|          26|           1|
    |icmp_ln129_27_fu_2764_p2    |      icmp|   0|  0|   17|          26|           1|
    |icmp_ln129_28_fu_2814_p2    |      icmp|   0|  0|   17|          26|           1|
    |icmp_ln129_29_fu_2864_p2    |      icmp|   0|  0|   17|          26|           1|
    |icmp_ln129_2_fu_1514_p2     |      icmp|   0|  0|   17|          26|           1|
    |icmp_ln129_30_fu_2914_p2    |      icmp|   0|  0|   17|          26|           1|
    |icmp_ln129_31_fu_2964_p2    |      icmp|   0|  0|   17|          26|           1|
    |icmp_ln129_3_fu_1564_p2     |      icmp|   0|  0|   17|          26|           1|
    |icmp_ln129_4_fu_1614_p2     |      icmp|   0|  0|   17|          26|           1|
    |icmp_ln129_5_fu_1664_p2     |      icmp|   0|  0|   17|          26|           1|
    |icmp_ln129_6_fu_1714_p2     |      icmp|   0|  0|   17|          26|           1|
    |icmp_ln129_7_fu_1764_p2     |      icmp|   0|  0|   17|          26|           1|
    |icmp_ln129_8_fu_1814_p2     |      icmp|   0|  0|   17|          26|           1|
    |icmp_ln129_9_fu_1864_p2     |      icmp|   0|  0|   17|          26|           1|
    |icmp_ln129_fu_1414_p2       |      icmp|   0|  0|   17|          26|           1|
    |icmp_ln130_10_fu_1928_p2    |      icmp|   0|  0|   20|          33|           9|
    |icmp_ln130_11_fu_1978_p2    |      icmp|   0|  0|   20|          33|           9|
    |icmp_ln130_12_fu_2028_p2    |      icmp|   0|  0|   20|          33|           9|
    |icmp_ln130_13_fu_2078_p2    |      icmp|   0|  0|   20|          33|           9|
    |icmp_ln130_14_fu_2128_p2    |      icmp|   0|  0|   20|          33|           9|
    |icmp_ln130_15_fu_2178_p2    |      icmp|   0|  0|   20|          33|           9|
    |icmp_ln130_16_fu_2228_p2    |      icmp|   0|  0|   20|          33|           9|
    |icmp_ln130_17_fu_2278_p2    |      icmp|   0|  0|   20|          33|           9|
    |icmp_ln130_18_fu_2328_p2    |      icmp|   0|  0|   20|          33|           9|
    |icmp_ln130_19_fu_2378_p2    |      icmp|   0|  0|   20|          33|           9|
    |icmp_ln130_1_fu_1478_p2     |      icmp|   0|  0|   20|          33|           9|
    |icmp_ln130_20_fu_2428_p2    |      icmp|   0|  0|   20|          33|           9|
    |icmp_ln130_21_fu_2478_p2    |      icmp|   0|  0|   20|          33|           9|
    |icmp_ln130_22_fu_2528_p2    |      icmp|   0|  0|   20|          33|           9|
    |icmp_ln130_23_fu_2578_p2    |      icmp|   0|  0|   20|          33|           9|
    |icmp_ln130_24_fu_2628_p2    |      icmp|   0|  0|   20|          33|           9|
    |icmp_ln130_25_fu_2678_p2    |      icmp|   0|  0|   20|          33|           9|
    |icmp_ln130_26_fu_2728_p2    |      icmp|   0|  0|   20|          33|           9|
    |icmp_ln130_27_fu_2778_p2    |      icmp|   0|  0|   20|          33|           9|
    |icmp_ln130_28_fu_2828_p2    |      icmp|   0|  0|   20|          33|           9|
    |icmp_ln130_29_fu_2878_p2    |      icmp|   0|  0|   20|          33|           9|
    |icmp_ln130_2_fu_1528_p2     |      icmp|   0|  0|   20|          33|           9|
    |icmp_ln130_30_fu_2928_p2    |      icmp|   0|  0|   20|          33|           9|
    |icmp_ln130_31_fu_2978_p2    |      icmp|   0|  0|   20|          33|           9|
    |icmp_ln130_3_fu_1578_p2     |      icmp|   0|  0|   20|          33|           9|
    |icmp_ln130_4_fu_1628_p2     |      icmp|   0|  0|   20|          33|           9|
    |icmp_ln130_5_fu_1678_p2     |      icmp|   0|  0|   20|          33|           9|
    |icmp_ln130_6_fu_1728_p2     |      icmp|   0|  0|   20|          33|           9|
    |icmp_ln130_7_fu_1778_p2     |      icmp|   0|  0|   20|          33|           9|
    |icmp_ln130_8_fu_1828_p2     |      icmp|   0|  0|   20|          33|           9|
    |icmp_ln130_9_fu_1878_p2     |      icmp|   0|  0|   20|          33|           9|
    |icmp_ln130_fu_1428_p2       |      icmp|   0|  0|   20|          33|           9|
    |ap_block_pp0_stage0_01001   |        or|   0|  0|    2|           1|           1|
    |mul_ln123_10_fu_861_p0      |    select|   0|  0|   64|           1|          64|
    |mul_ln123_11_fu_886_p0      |    select|   0|  0|   64|           1|          64|
    |mul_ln123_12_fu_911_p0      |    select|   0|  0|   64|           1|          64|
    |mul_ln123_13_fu_936_p0      |    select|   0|  0|   64|           1|          64|
    |mul_ln123_14_fu_961_p0      |    select|   0|  0|   64|           1|          64|
    |mul_ln123_15_fu_986_p0      |    select|   0|  0|   64|           1|          64|
    |mul_ln123_16_fu_1011_p0     |    select|   0|  0|   64|           1|          64|
    |mul_ln123_17_fu_1036_p0     |    select|   0|  0|   64|           1|          64|
    |mul_ln123_18_fu_1061_p0     |    select|   0|  0|   64|           1|          64|
    |mul_ln123_19_fu_1086_p0     |    select|   0|  0|   64|           1|          64|
    |mul_ln123_1_fu_636_p0       |    select|   0|  0|   64|           1|          64|
    |mul_ln123_20_fu_1111_p0     |    select|   0|  0|   64|           1|          64|
    |mul_ln123_21_fu_1136_p0     |    select|   0|  0|   64|           1|          64|
    |mul_ln123_22_fu_1161_p0     |    select|   0|  0|   64|           1|          64|
    |mul_ln123_23_fu_1186_p0     |    select|   0|  0|   64|           1|          64|
    |mul_ln123_24_fu_1211_p0     |    select|   0|  0|   64|           1|          64|
    |mul_ln123_25_fu_1236_p0     |    select|   0|  0|   64|           1|          64|
    |mul_ln123_26_fu_1261_p0     |    select|   0|  0|   64|           1|          64|
    |mul_ln123_27_fu_1286_p0     |    select|   0|  0|   64|           1|          64|
    |mul_ln123_28_fu_1311_p0     |    select|   0|  0|   64|           1|          64|
    |mul_ln123_29_fu_1336_p0     |    select|   0|  0|   64|           1|          64|
    |mul_ln123_2_fu_661_p0       |    select|   0|  0|   64|           1|          64|
    |mul_ln123_30_fu_1361_p0     |    select|   0|  0|   64|           1|          64|
    |mul_ln123_31_fu_1386_p0     |    select|   0|  0|   64|           1|          64|
    |mul_ln123_3_fu_686_p0       |    select|   0|  0|   64|           1|          64|
    |mul_ln123_4_fu_711_p0       |    select|   0|  0|   64|           1|          64|
    |mul_ln123_5_fu_736_p0       |    select|   0|  0|   64|           1|          64|
    |mul_ln123_6_fu_761_p0       |    select|   0|  0|   64|           1|          64|
    |mul_ln123_7_fu_786_p0       |    select|   0|  0|   64|           1|          64|
    |mul_ln123_8_fu_811_p0       |    select|   0|  0|   64|           1|          64|
    |mul_ln123_9_fu_836_p0       |    select|   0|  0|   64|           1|          64|
    |mul_ln123_fu_611_p0         |    select|   0|  0|   64|           1|          64|
    |select_ln129_10_fu_1920_p3  |    select|   0|  0|   32|           1|           7|
    |select_ln129_11_fu_1970_p3  |    select|   0|  0|   32|           1|           7|
    |select_ln129_12_fu_2020_p3  |    select|   0|  0|   32|           1|           7|
    |select_ln129_13_fu_2070_p3  |    select|   0|  0|   32|           1|           7|
    |select_ln129_14_fu_2120_p3  |    select|   0|  0|   32|           1|           7|
    |select_ln129_15_fu_2170_p3  |    select|   0|  0|   32|           1|           7|
    |select_ln129_16_fu_2220_p3  |    select|   0|  0|   32|           1|           7|
    |select_ln129_17_fu_2270_p3  |    select|   0|  0|   32|           1|           7|
    |select_ln129_18_fu_2320_p3  |    select|   0|  0|   32|           1|           7|
    |select_ln129_19_fu_2370_p3  |    select|   0|  0|   32|           1|           7|
    |select_ln129_1_fu_1470_p3   |    select|   0|  0|   32|           1|           7|
    |select_ln129_20_fu_2420_p3  |    select|   0|  0|   32|           1|           7|
    |select_ln129_21_fu_2470_p3  |    select|   0|  0|   32|           1|           7|
    |select_ln129_22_fu_2520_p3  |    select|   0|  0|   32|           1|           7|
    |select_ln129_23_fu_2570_p3  |    select|   0|  0|   32|           1|           7|
    |select_ln129_24_fu_2620_p3  |    select|   0|  0|   32|           1|           7|
    |select_ln129_25_fu_2670_p3  |    select|   0|  0|   32|           1|           7|
    |select_ln129_26_fu_2720_p3  |    select|   0|  0|   32|           1|           7|
    |select_ln129_27_fu_2770_p3  |    select|   0|  0|   32|           1|           7|
    |select_ln129_28_fu_2820_p3  |    select|   0|  0|   32|           1|           7|
    |select_ln129_29_fu_2870_p3  |    select|   0|  0|   32|           1|           7|
    |select_ln129_2_fu_1520_p3   |    select|   0|  0|   32|           1|           7|
    |select_ln129_30_fu_2920_p3  |    select|   0|  0|   32|           1|           7|
    |select_ln129_31_fu_2970_p3  |    select|   0|  0|   32|           1|           7|
    |select_ln129_3_fu_1570_p3   |    select|   0|  0|   32|           1|           7|
    |select_ln129_4_fu_1620_p3   |    select|   0|  0|   32|           1|           7|
    |select_ln129_5_fu_1670_p3   |    select|   0|  0|   32|           1|           7|
    |select_ln129_6_fu_1720_p3   |    select|   0|  0|   32|           1|           7|
    |select_ln129_7_fu_1770_p3   |    select|   0|  0|   32|           1|           7|
    |select_ln129_8_fu_1820_p3   |    select|   0|  0|   32|           1|           7|
    |select_ln129_9_fu_1870_p3   |    select|   0|  0|   32|           1|           7|
    |select_ln129_fu_1420_p3     |    select|   0|  0|   32|           1|           7|
    |select_ln216_10_fu_1938_p3  |    select|   0|  0|    9|           1|           9|
    |select_ln216_11_fu_1988_p3  |    select|   0|  0|    9|           1|           9|
    |select_ln216_12_fu_2038_p3  |    select|   0|  0|    9|           1|           9|
    |select_ln216_13_fu_2088_p3  |    select|   0|  0|    9|           1|           9|
    |select_ln216_14_fu_2138_p3  |    select|   0|  0|    9|           1|           9|
    |select_ln216_15_fu_2188_p3  |    select|   0|  0|    9|           1|           9|
    |select_ln216_16_fu_2238_p3  |    select|   0|  0|    9|           1|           9|
    |select_ln216_17_fu_2288_p3  |    select|   0|  0|    9|           1|           9|
    |select_ln216_18_fu_2338_p3  |    select|   0|  0|    9|           1|           9|
    |select_ln216_19_fu_2388_p3  |    select|   0|  0|    9|           1|           9|
    |select_ln216_1_fu_1488_p3   |    select|   0|  0|    9|           1|           9|
    |select_ln216_20_fu_2438_p3  |    select|   0|  0|    9|           1|           9|
    |select_ln216_21_fu_2488_p3  |    select|   0|  0|    9|           1|           9|
    |select_ln216_22_fu_2538_p3  |    select|   0|  0|    9|           1|           9|
    |select_ln216_23_fu_2588_p3  |    select|   0|  0|    9|           1|           9|
    |select_ln216_24_fu_2638_p3  |    select|   0|  0|    9|           1|           9|
    |select_ln216_25_fu_2688_p3  |    select|   0|  0|    9|           1|           9|
    |select_ln216_26_fu_2738_p3  |    select|   0|  0|    9|           1|           9|
    |select_ln216_27_fu_2788_p3  |    select|   0|  0|    9|           1|           9|
    |select_ln216_28_fu_2838_p3  |    select|   0|  0|    9|           1|           9|
    |select_ln216_29_fu_2888_p3  |    select|   0|  0|    9|           1|           9|
    |select_ln216_2_fu_1538_p3   |    select|   0|  0|    9|           1|           9|
    |select_ln216_30_fu_2938_p3  |    select|   0|  0|    9|           1|           9|
    |select_ln216_31_fu_2988_p3  |    select|   0|  0|    9|           1|           9|
    |select_ln216_3_fu_1588_p3   |    select|   0|  0|    9|           1|           9|
    |select_ln216_4_fu_1638_p3   |    select|   0|  0|    9|           1|           9|
    |select_ln216_5_fu_1688_p3   |    select|   0|  0|    9|           1|           9|
    |select_ln216_6_fu_1738_p3   |    select|   0|  0|    9|           1|           9|
    |select_ln216_7_fu_1788_p3   |    select|   0|  0|    9|           1|           9|
    |select_ln216_8_fu_1838_p3   |    select|   0|  0|    9|           1|           9|
    |select_ln216_9_fu_1888_p3   |    select|   0|  0|    9|           1|           9|
    |select_ln216_fu_1438_p3     |    select|   0|  0|    9|           1|           9|
    |shl_ln121_10_fu_849_p2      |       shl|   0|  0|  179|          64|          64|
    |shl_ln121_11_fu_874_p2      |       shl|   0|  0|  179|          64|          64|
    |shl_ln121_12_fu_899_p2      |       shl|   0|  0|  179|          64|          64|
    |shl_ln121_13_fu_924_p2      |       shl|   0|  0|  179|          64|          64|
    |shl_ln121_14_fu_949_p2      |       shl|   0|  0|  179|          64|          64|
    |shl_ln121_15_fu_974_p2      |       shl|   0|  0|  179|          64|          64|
    |shl_ln121_16_fu_999_p2      |       shl|   0|  0|  179|          64|          64|
    |shl_ln121_17_fu_1024_p2     |       shl|   0|  0|  179|          64|          64|
    |shl_ln121_18_fu_1049_p2     |       shl|   0|  0|  179|          64|          64|
    |shl_ln121_19_fu_1074_p2     |       shl|   0|  0|  179|          64|          64|
    |shl_ln121_1_fu_624_p2       |       shl|   0|  0|  179|          64|          64|
    |shl_ln121_20_fu_1099_p2     |       shl|   0|  0|  179|          64|          64|
    |shl_ln121_21_fu_1124_p2     |       shl|   0|  0|  179|          64|          64|
    |shl_ln121_22_fu_1149_p2     |       shl|   0|  0|  179|          64|          64|
    |shl_ln121_23_fu_1174_p2     |       shl|   0|  0|  179|          64|          64|
    |shl_ln121_24_fu_1199_p2     |       shl|   0|  0|  179|          64|          64|
    |shl_ln121_25_fu_1224_p2     |       shl|   0|  0|  179|          64|          64|
    |shl_ln121_26_fu_1249_p2     |       shl|   0|  0|  179|          64|          64|
    |shl_ln121_27_fu_1274_p2     |       shl|   0|  0|  179|          64|          64|
    |shl_ln121_28_fu_1299_p2     |       shl|   0|  0|  179|          64|          64|
    |shl_ln121_29_fu_1324_p2     |       shl|   0|  0|  179|          64|          64|
    |shl_ln121_2_fu_649_p2       |       shl|   0|  0|  179|          64|          64|
    |shl_ln121_30_fu_1349_p2     |       shl|   0|  0|  179|          64|          64|
    |shl_ln121_31_fu_1374_p2     |       shl|   0|  0|  179|          64|          64|
    |shl_ln121_3_fu_674_p2       |       shl|   0|  0|  179|          64|          64|
    |shl_ln121_4_fu_699_p2       |       shl|   0|  0|  179|          64|          64|
    |shl_ln121_5_fu_724_p2       |       shl|   0|  0|  179|          64|          64|
    |shl_ln121_6_fu_749_p2       |       shl|   0|  0|  179|          64|          64|
    |shl_ln121_7_fu_774_p2       |       shl|   0|  0|  179|          64|          64|
    |shl_ln121_8_fu_799_p2       |       shl|   0|  0|  179|          64|          64|
    |shl_ln121_9_fu_824_p2       |       shl|   0|  0|  179|          64|          64|
    |shl_ln121_fu_599_p2         |       shl|   0|  0|  179|          64|          64|
    |ap_enable_pp0               |       xor|   0|  0|    2|           1|           2|
    +----------------------------+----------+----+---+-----+------------+------------+
    |Total                       |          |   0|  0|18327|        8184|        9055|
    +----------------------------+----------+----+---+-----+------------+------------+

    * Multiplexer: 
    +-------------------------+----+-----------+-----+-----------+
    |           Name          | LUT| Input Size| Bits| Total Bits|
    +-------------------------+----+-----------+-----+-----------+
    |ap_done_int              |   9|          2|    1|          2|
    |ap_enable_reg_pp0_iter1  |   9|          2|    1|          2|
    |ap_sig_allocacmp_i_2     |   9|          2|   27|         54|
    |data_out1_blk_n          |   9|          2|    1|          2|
    |i_fu_192                 |   9|          2|   27|         54|
    |quant_out2_blk_n         |   9|          2|    1|          2|
    +-------------------------+----+-----------+-----+-----------+
    |Total                    |  54|         12|   58|        116|
    +-------------------------+----+-----------+-----+-----------+

    * Register: 
    +----------------------------------+----+----+-----+-----------+
    |               Name               | FF | LUT| Bits| Const Bits|
    +----------------------------------+----+----+-----+-----------+
    |add_ln126_10_reg_3466             |  64|   0|   64|          0|
    |add_ln126_11_reg_3471             |  64|   0|   64|          0|
    |add_ln126_12_reg_3476             |  64|   0|   64|          0|
    |add_ln126_13_reg_3481             |  64|   0|   64|          0|
    |add_ln126_14_reg_3486             |  64|   0|   64|          0|
    |add_ln126_15_reg_3491             |  64|   0|   64|          0|
    |add_ln126_16_reg_3496             |  64|   0|   64|          0|
    |add_ln126_17_reg_3501             |  64|   0|   64|          0|
    |add_ln126_18_reg_3506             |  64|   0|   64|          0|
    |add_ln126_19_reg_3511             |  64|   0|   64|          0|
    |add_ln126_1_reg_3421              |  64|   0|   64|          0|
    |add_ln126_20_reg_3516             |  64|   0|   64|          0|
    |add_ln126_21_reg_3521             |  64|   0|   64|          0|
    |add_ln126_22_reg_3526             |  64|   0|   64|          0|
    |add_ln126_23_reg_3531             |  64|   0|   64|          0|
    |add_ln126_24_reg_3536             |  64|   0|   64|          0|
    |add_ln126_25_reg_3541             |  64|   0|   64|          0|
    |add_ln126_26_reg_3546             |  64|   0|   64|          0|
    |add_ln126_27_reg_3551             |  64|   0|   64|          0|
    |add_ln126_28_reg_3556             |  64|   0|   64|          0|
    |add_ln126_29_reg_3561             |  64|   0|   64|          0|
    |add_ln126_2_reg_3426              |  64|   0|   64|          0|
    |add_ln126_30_reg_3566             |  64|   0|   64|          0|
    |add_ln126_31_reg_3571             |  64|   0|   64|          0|
    |add_ln126_3_reg_3431              |  64|   0|   64|          0|
    |add_ln126_4_reg_3436              |  64|   0|   64|          0|
    |add_ln126_5_reg_3441              |  64|   0|   64|          0|
    |add_ln126_6_reg_3446              |  64|   0|   64|          0|
    |add_ln126_7_reg_3451              |  64|   0|   64|          0|
    |add_ln126_8_reg_3456              |  64|   0|   64|          0|
    |add_ln126_9_reg_3461              |  64|   0|   64|          0|
    |add_ln126_reg_3416                |  64|   0|   64|          0|
    |ap_CS_fsm                         |   1|   0|    1|          0|
    |ap_done_reg                       |   1|   0|    1|          0|
    |ap_enable_reg_pp0_iter1           |   1|   0|    1|          0|
    |ap_enable_reg_pp0_iter2           |   1|   0|    1|          0|
    |ap_enable_reg_pp0_iter3           |   1|   0|    1|          0|
    |ap_loop_exit_ready_pp0_iter1_reg  |   1|   0|    1|          0|
    |ap_loop_exit_ready_pp0_iter2_reg  |   1|   0|    1|          0|
    |conv_cast_reg_3180                |  64|   0|   64|          0|
    |i_fu_192                          |  27|   0|   27|          0|
    |l_val_V_10_reg_3306               |  32|   0|   32|          0|
    |l_val_V_11_reg_3311               |  32|   0|   32|          0|
    |l_val_V_12_reg_3316               |  32|   0|   32|          0|
    |l_val_V_13_reg_3321               |  32|   0|   32|          0|
    |l_val_V_14_reg_3326               |  32|   0|   32|          0|
    |l_val_V_15_reg_3331               |  32|   0|   32|          0|
    |l_val_V_16_reg_3336               |  32|   0|   32|          0|
    |l_val_V_17_reg_3341               |  32|   0|   32|          0|
    |l_val_V_18_reg_3346               |  32|   0|   32|          0|
    |l_val_V_19_reg_3351               |  32|   0|   32|          0|
    |l_val_V_1_reg_3261                |  32|   0|   32|          0|
    |l_val_V_20_reg_3356               |  32|   0|   32|          0|
    |l_val_V_21_reg_3361               |  32|   0|   32|          0|
    |l_val_V_22_reg_3366               |  32|   0|   32|          0|
    |l_val_V_23_reg_3371               |  32|   0|   32|          0|
    |l_val_V_24_reg_3376               |  32|   0|   32|          0|
    |l_val_V_25_reg_3381               |  32|   0|   32|          0|
    |l_val_V_26_reg_3386               |  32|   0|   32|          0|
    |l_val_V_27_reg_3391               |  32|   0|   32|          0|
    |l_val_V_28_reg_3396               |  32|   0|   32|          0|
    |l_val_V_29_reg_3401               |  32|   0|   32|          0|
    |l_val_V_2_reg_3266                |  32|   0|   32|          0|
    |l_val_V_30_reg_3406               |  32|   0|   32|          0|
    |l_val_V_31_reg_3411               |  32|   0|   32|          0|
    |l_val_V_3_reg_3271                |  32|   0|   32|          0|
    |l_val_V_4_reg_3276                |  32|   0|   32|          0|
    |l_val_V_5_reg_3281                |  32|   0|   32|          0|
    |l_val_V_6_reg_3286                |  32|   0|   32|          0|
    |l_val_V_7_reg_3291                |  32|   0|   32|          0|
    |l_val_V_8_reg_3296                |  32|   0|   32|          0|
    |l_val_V_9_reg_3301                |  32|   0|   32|          0|
    |l_val_V_reg_3256                  |  32|   0|   32|          0|
    |sh_prom18_cast_reg_3144           |  32|   0|   64|         32|
    |sh_prom_cast_reg_3216             |  32|   0|   64|         32|
    +----------------------------------+----+----+-----+-----------+
    |Total                             |3234|   0| 3298|         64|
    +----------------------------------+----+----+-----+-----------+



================================================================
== Interface
================================================================
* Summary: 
+---------------------------+-----+------+------------+---------------------------------------------------------------------------+--------------+
|         RTL Ports         | Dir | Bits |  Protocol  |                               Source Object                               |    C Type    |
+---------------------------+-----+------+------------+---------------------------------------------------------------------------+--------------+
|ap_clk                     |   in|     1|  ap_ctrl_hs|  quant<ap_uint<256>, ap_int<32>, ap_int<8>, 32u>_Pipeline_VITIS_LOOP_113_1|  return value|
|ap_rst                     |   in|     1|  ap_ctrl_hs|  quant<ap_uint<256>, ap_int<32>, ap_int<8>, 32u>_Pipeline_VITIS_LOOP_113_1|  return value|
|ap_start                   |   in|     1|  ap_ctrl_hs|  quant<ap_uint<256>, ap_int<32>, ap_int<8>, 32u>_Pipeline_VITIS_LOOP_113_1|  return value|
|ap_done                    |  out|     1|  ap_ctrl_hs|  quant<ap_uint<256>, ap_int<32>, ap_int<8>, 32u>_Pipeline_VITIS_LOOP_113_1|  return value|
|ap_idle                    |  out|     1|  ap_ctrl_hs|  quant<ap_uint<256>, ap_int<32>, ap_int<8>, 32u>_Pipeline_VITIS_LOOP_113_1|  return value|
|ap_ready                   |  out|     1|  ap_ctrl_hs|  quant<ap_uint<256>, ap_int<32>, ap_int<8>, 32u>_Pipeline_VITIS_LOOP_113_1|  return value|
|data_out1_dout             |   in|  1024|     ap_fifo|                                                                  data_out1|       pointer|
|data_out1_num_data_valid   |   in|     7|     ap_fifo|                                                                  data_out1|       pointer|
|data_out1_fifo_cap         |   in|     7|     ap_fifo|                                                                  data_out1|       pointer|
|data_out1_empty_n          |   in|     1|     ap_fifo|                                                                  data_out1|       pointer|
|data_out1_read             |  out|     1|     ap_fifo|                                                                  data_out1|       pointer|
|quant_out2_din             |  out|   256|     ap_fifo|                                                                 quant_out2|       pointer|
|quant_out2_num_data_valid  |   in|     2|     ap_fifo|                                                                 quant_out2|       pointer|
|quant_out2_fifo_cap        |   in|     2|     ap_fifo|                                                                 quant_out2|       pointer|
|quant_out2_full_n          |   in|     1|     ap_fifo|                                                                 quant_out2|       pointer|
|quant_out2_write           |  out|     1|     ap_fifo|                                                                 quant_out2|       pointer|
|div_cast                   |   in|    27|     ap_none|                                                                   div_cast|        scalar|
|sh_prom                    |   in|    32|     ap_none|                                                                    sh_prom|        scalar|
|cmp12                      |   in|     1|     ap_none|                                                                      cmp12|        scalar|
|conv                       |   in|    32|     ap_none|                                                                       conv|        scalar|
|pos_rounding_value         |   in|    64|     ap_none|                                                         pos_rounding_value|        scalar|
|sh_prom18                  |   in|    32|     ap_none|                                                                  sh_prom18|        scalar|
+---------------------------+-----+------+------------+---------------------------------------------------------------------------+--------------+

