

================================================================
== Vitis HLS Report for 'store_ap_uint_256_ap_int_8_ap_int_8_32u_s'
================================================================
* Date:           Tue May 14 16:05:27 2024

* Version:        2022.2 (Build 3670227 on Oct 13 2022)
* Project:        Concat_HLS
* Solution:       solution1 (Vivado IP Flow Target)
* Product family: zynquplus
* Target device:  xczu7ev-ffvc1156-2-e


================================================================
== Performance Estimates
================================================================
+ Timing: 
    * Summary: 
    +--------+----------+----------+------------+
    |  Clock |  Target  | Estimated| Uncertainty|
    +--------+----------+----------+------------+
    |ap_clk  |  10.00 ns|  7.300 ns|     2.70 ns|
    +--------+----------+----------+------------+

+ Latency: 
    * Summary: 
    +---------+-----------+-----------+-----------+-----+-----------+---------+
    |   Latency (cycles)  |   Latency (absolute)  |     Interval    | Pipeline|
    |   min   |    max    |    min    |    max    | min |    max    |   Type  |
    +---------+-----------+-----------+-----------+-----+-----------+---------+
    |        5|  134217770|  50.000 ns|  1.342 sec|    5|  134217770|       no|
    +---------+-----------+-----------+-----------+-----+-----------+---------+

    + Detail: 
        * Instance: 
        N/A

        * Loop: 
        N/A

============================================================
+ Verbose Summary: Synthesis Manager
============================================================
InlineROM: 1
ExposeGlobal: 0
============================================================
+ Verbose Summary: CDFG Model
============================================================
IsTopModel: 0
ResetActiveHigh: 1
IsCombinational: 2
IsDatapathOnly: 0
HasWiredReturn: 1
HasMFsm: 0
HasVarLatency: 1
IsPipeline: 0
IsRtlPipelined: 0
IsInstanceOverlapped: 0
IsDontTouch: 0
HasImplIP: 0
IsGatedGlobalClock: 0


============================================================
+ Verbose Summary: Schedule
============================================================
* Number of FSM states : 4
* Pipeline : 0
* Dataflow Pipeline: 0

* FSM state transitions: 
1 --> 2 
2 --> 3 
3 --> 4 
4 --> 

* FSM state operations: 

State 1 <SV = 0> <Delay = 5.25>
ST_1 : Operation 5 [1/1] (0.00ns)   --->   "%count_loc = alloca i64 1"   --->   Operation 5 'alloca' 'count_loc' <Predicate = true> <Delay = 0.00>
ST_1 : Operation 6 [1/1] (1.83ns)   --->   "%outputs_read = read i64 @_ssdm_op_Read.ap_fifo.i64P0A, i64 %outputs"   --->   Operation 6 'read' 'outputs_read' <Predicate = true> <Delay = 1.83> <CoreInst = "FIFO_SRL">   --->   Core 81 'FIFO_SRL' <Latency = 0> <II = 1> <Delay = 1.83> <Storage> <Opcode : 'read' 'write' 'nbread' 'nbwrite'> <Ports = 0> <Width = 64> <Depth = 3> <FIFO>
ST_1 : Operation 7 [1/1] (1.83ns)   --->   "%COLS_read = read i32 @_ssdm_op_Read.ap_fifo.i32P0A, i32 %COLS"   --->   Operation 7 'read' 'COLS_read' <Predicate = true> <Delay = 1.83> <CoreInst = "FIFO_SRL">   --->   Core 81 'FIFO_SRL' <Latency = 0> <II = 1> <Delay = 1.83> <Storage> <Opcode : 'read' 'write' 'nbread' 'nbwrite'> <Ports = 0> <Width = 32> <Depth = 2> <FIFO>
ST_1 : Operation 8 [1/1] (1.83ns)   --->   "%ROWS_read = read i32 @_ssdm_op_Read.ap_fifo.i32P0A, i32 %ROWS"   --->   Operation 8 'read' 'ROWS_read' <Predicate = true> <Delay = 1.83> <CoreInst = "FIFO_SRL">   --->   Core 81 'FIFO_SRL' <Latency = 0> <II = 1> <Delay = 1.83> <Storage> <Opcode : 'read' 'write' 'nbread' 'nbwrite'> <Ports = 0> <Width = 32> <Depth = 2> <FIFO>
ST_1 : Operation 9 [1/1] (1.83ns)   --->   "%output_data_addr3_read = read i32 @_ssdm_op_Read.ap_fifo.i32P0A, i32 %output_data_addr3"   --->   Operation 9 'read' 'output_data_addr3_read' <Predicate = true> <Delay = 1.83> <CoreInst = "FIFO_SRL">   --->   Core 81 'FIFO_SRL' <Latency = 0> <II = 1> <Delay = 1.83> <Storage> <Opcode : 'read' 'write' 'nbread' 'nbwrite'> <Ports = 0> <Width = 32> <Depth = 3> <FIFO>
ST_1 : Operation 10 [1/1] (3.42ns)   --->   "%mul_ln88 = mul i32 %COLS_read, i32 %ROWS_read" [Concat_HLS/src/../include/helpers.hpp:88]   --->   Operation 10 'mul' 'mul_ln88' <Predicate = true> <Delay = 3.42> <CoreInst = "Multiplier">   --->   Core 3 'Multiplier' <Latency = 0> <II = 1> <Delay = 3.42> <FuncUnit> <Opcode : 'mul'> <InPorts = 2> <OutPorts = 1>
ST_1 : Operation 11 [1/1] (0.00ns)   --->   "%loop_num = partselect i27 @_ssdm_op_PartSelect.i27.i32.i32.i32, i32 %mul_ln88, i32 4, i32 30" [Concat_HLS/src/../include/helpers.hpp:88]   --->   Operation 11 'partselect' 'loop_num' <Predicate = true> <Delay = 0.00>
ST_1 : Operation 12 [1/1] (0.00ns)   --->   "%trunc_ln = partselect i27 @_ssdm_op_PartSelect.i27.i32.i32.i32, i32 %output_data_addr3_read, i32 5, i32 31" [Concat_HLS/src/../include/helpers.hpp:96]   --->   Operation 12 'partselect' 'trunc_ln' <Predicate = true> <Delay = 0.00>

State 2 <SV = 1> <Delay = 1.45>
ST_2 : Operation 13 [1/1] (0.00ns)   --->   "%empty = wait i32 @_ssdm_op_Wait"   --->   Operation 13 'wait' 'empty' <Predicate = true> <Delay = 0.00>
ST_2 : Operation 14 [2/2] (1.45ns)   --->   "%call_ln88 = call void @store<ap_uint<256>, ap_int<8>, ap_int<8>, 32u>_Pipeline_VITIS_LOOP_91_1, i27 %loop_num, i256 %data_out1, i27 %trunc_ln, i64 %outputs_read, i256 %concat_data, i32 %count_loc" [Concat_HLS/src/../include/helpers.hpp:88]   --->   Operation 14 'call' 'call_ln88' <Predicate = true> <Delay = 1.45> <CoreType = "Generic">   --->   Core 0 '' <Latency = 0> <II = 1> <Delay = 1.00> <Generic> <Opcode : >

State 3 <SV = 2> <Delay = 0.00>
ST_3 : Operation 15 [1/2] (0.00ns)   --->   "%call_ln88 = call void @store<ap_uint<256>, ap_int<8>, ap_int<8>, 32u>_Pipeline_VITIS_LOOP_91_1, i27 %loop_num, i256 %data_out1, i27 %trunc_ln, i64 %outputs_read, i256 %concat_data, i32 %count_loc" [Concat_HLS/src/../include/helpers.hpp:88]   --->   Operation 15 'call' 'call_ln88' <Predicate = true> <Delay = 0.00> <CoreType = "Generic">   --->   Core 0 '' <Latency = 0> <II = 1> <Delay = 1.00> <Generic> <Opcode : >

State 4 <SV = 3> <Delay = 0.99>
ST_4 : Operation 16 [1/1] (0.00ns)   --->   "%specinterface_ln0 = specinterface void @_ssdm_op_SpecInterface, i64 %outputs, void @ap_fifo_str, i32 0, i32 0, void @p_str, i32 0, i32 0, void @p_str, void @p_str, void @p_str, i32 2, i32 2, i32 16, i32 16, void @p_str, void @ScalarProp_str, i32 4294967295, i32 0"   --->   Operation 16 'specinterface' 'specinterface_ln0' <Predicate = true> <Delay = 0.00>
ST_4 : Operation 17 [1/1] (0.00ns)   --->   "%specinterface_ln0 = specinterface void @_ssdm_op_SpecInterface, i32 %COLS, void @ap_fifo_str, i32 0, i32 0, void @p_str, i32 0, i32 0, void @p_str, void @p_str, void @p_str, i32 2, i32 2, i32 16, i32 16, void @p_str, void @ScalarProp_str, i32 4294967295, i32 0"   --->   Operation 17 'specinterface' 'specinterface_ln0' <Predicate = true> <Delay = 0.00>
ST_4 : Operation 18 [1/1] (0.00ns)   --->   "%specinterface_ln0 = specinterface void @_ssdm_op_SpecInterface, i32 %ROWS, void @ap_fifo_str, i32 0, i32 0, void @p_str, i32 0, i32 0, void @p_str, void @p_str, void @p_str, i32 2, i32 2, i32 16, i32 16, void @p_str, void @ScalarProp_str, i32 4294967295, i32 0"   --->   Operation 18 'specinterface' 'specinterface_ln0' <Predicate = true> <Delay = 0.00>
ST_4 : Operation 19 [1/1] (0.00ns)   --->   "%specinterface_ln0 = specinterface void @_ssdm_op_SpecInterface, i32 %output_data_addr3, void @ap_fifo_str, i32 0, i32 0, void @p_str, i32 0, i32 0, void @p_str, void @p_str, void @p_str, i32 2, i32 2, i32 16, i32 16, void @p_str, void @ScalarProp_str, i32 4294967295, i32 0"   --->   Operation 19 'specinterface' 'specinterface_ln0' <Predicate = true> <Delay = 0.00>
ST_4 : Operation 20 [1/1] (0.00ns)   --->   "%specinterface_ln0 = specinterface void @_ssdm_op_SpecInterface, i256 %data_out1, void @empty, i32 0, i32 0, void @empty_12, i32 0, i32 0, void @empty_12, void @empty_12, void @empty_12, i32 0, i32 0, i32 0, i32 0, void @empty_12, void @empty_12, i32 4294967295, i32 0"   --->   Operation 20 'specinterface' 'specinterface_ln0' <Predicate = true> <Delay = 0.00>
ST_4 : Operation 21 [1/1] (0.00ns)   --->   "%specinterface_ln0 = specinterface void @_ssdm_op_SpecInterface, i256 %concat_data, void @empty_3, i32 0, i32 0, void @empty_12, i32 32, i32 0, void @empty_4, void @empty_13, void @empty_12, i32 16, i32 16, i32 16, i32 16, void @empty_12, void @empty_12, i32 4294967295, i32 0"   --->   Operation 21 'specinterface' 'specinterface_ln0' <Predicate = true> <Delay = 0.00>
ST_4 : Operation 22 [1/1] (0.00ns)   --->   "%zext_ln88 = zext i27 %loop_num" [Concat_HLS/src/../include/helpers.hpp:88]   --->   Operation 22 'zext' 'zext_ln88' <Predicate = true> <Delay = 0.00>
ST_4 : Operation 23 [1/1] (0.00ns)   --->   "%count_loc_load = load i32 %count_loc"   --->   Operation 23 'load' 'count_loc_load' <Predicate = true> <Delay = 0.00>
ST_4 : Operation 24 [1/1] (0.99ns)   --->   "%icmp_ln100 = icmp_eq  i32 %count_loc_load, i32 %zext_ln88" [Concat_HLS/src/../include/helpers.hpp:100]   --->   Operation 24 'icmp' 'icmp_ln100' <Predicate = true> <Delay = 0.99> <CoreInst = "Cmp">   --->   Core 9 'Cmp' <Latency = 0> <II = 1> <Delay = 0.99> <FuncUnit> <Opcode : 'icmp'> <InPorts = 2> <OutPorts = 1>
ST_4 : Operation 25 [1/1] (0.00ns)   --->   "%br_ln100 = br i1 %icmp_ln100, void %if.end9, void %if.then8" [Concat_HLS/src/../include/helpers.hpp:100]   --->   Operation 25 'br' 'br_ln100' <Predicate = true> <Delay = 0.00>
ST_4 : Operation 26 [1/1] (0.00ns)   --->   "%write_ln101 = write void @_ssdm_op_Write.ap_auto.i1P0A, i1 %concat_flag, i1 1" [Concat_HLS/src/../include/helpers.hpp:101]   --->   Operation 26 'write' 'write_ln101' <Predicate = (icmp_ln100)> <Delay = 0.00>
ST_4 : Operation 27 [1/1] (0.00ns)   --->   "%br_ln102 = br void %if.end9" [Concat_HLS/src/../include/helpers.hpp:102]   --->   Operation 27 'br' 'br_ln102' <Predicate = (icmp_ln100)> <Delay = 0.00>
ST_4 : Operation 28 [1/1] (0.00ns)   --->   "%ret_ln103 = ret" [Concat_HLS/src/../include/helpers.hpp:103]   --->   Operation 28 'ret' 'ret_ln103' <Predicate = true> <Delay = 0.00>


============================================================
+ Verbose Summary: Timing violations
============================================================
Target clock period: 10ns, clock uncertainty: 2.7ns.

 <State 1>: 5.26ns
The critical path consists of the following:
	fifo read operation ('COLS_read') on port 'COLS' [12]  (1.84 ns)
	'mul' operation ('mul_ln88', Concat_HLS/src/../include/helpers.hpp:88) [19]  (3.42 ns)

 <State 2>: 1.45ns
The critical path consists of the following:
	'call' operation ('call_ln88', Concat_HLS/src/../include/helpers.hpp:88) to 'store<ap_uint<256>, ap_int<8>, ap_int<8>, 32u>_Pipeline_VITIS_LOOP_91_1' [24]  (1.45 ns)

 <State 3>: 0ns
The critical path consists of the following:

 <State 4>: 0.991ns
The critical path consists of the following:
	'icmp' operation ('icmp_ln100', Concat_HLS/src/../include/helpers.hpp:100) [26]  (0.991 ns)


============================================================
+ Verbose Summary: Binding
============================================================
N/A
* FSMD analyzer results:
  - Output states:
 - Input state : 
  - Chain level:
	State 1
	State 2
	State 3
	State 4


============================================================
+ Verbose Summary: Datapath Resource usage 
============================================================
N/A
