

================================================================
== Vitis HLS Report for 'p_anonymous_namespace_DataMover_B_ap_int_8_ap_uint_256_5u_Pipeline_1'
================================================================
* Date:           Tue Jun 25 13:53:26 2024

* Version:        2022.2 (Build 3670227 on Oct 13 2022)
* Project:        Layer_Norm.prj
* Solution:       sol (Vivado IP Flow Target)
* Product family: zynquplus
* Target device:  xczu7ev-ffvc1156-2-e


================================================================
== Performance Estimates
================================================================
+ Timing: 
    * Summary: 
    +--------+----------+----------+------------+
    |  Clock |  Target  | Estimated| Uncertainty|
    +--------+----------+----------+------------+
    |ap_clk  |  10.00 ns|  7.300 ns|     2.70 ns|
    +--------+----------+----------+------------+

+ Latency: 
    * Summary: 
    +---------+---------+-----------+----------+-----+-----+---------+
    |  Latency (cycles) |  Latency (absolute)  |  Interval | Pipeline|
    |   min   |   max   |    min    |    max   | min | max |   Type  |
    +---------+---------+-----------+----------+-----+-----+---------+
    |        4|        ?|  40.000 ns|         ?|    4|    ?|       no|
    +---------+---------+-----------+----------+-----+-----+---------+

    + Detail: 
        * Instance: 
        N/A

        * Loop: 
        +----------+---------+---------+----------+-----------+-----------+-------+----------+
        |          |  Latency (cycles) | Iteration|  Initiation Interval  |  Trip |          |
        | Loop Name|   min   |   max   |  Latency |  achieved |   target  | Count | Pipelined|
        +----------+---------+---------+----------+-----------+-----------+-------+----------+
        |- Loop 1  |        2|        ?|         2|          1|          1|  1 ~ ?|       yes|
        +----------+---------+---------+----------+-----------+-----------+-------+----------+

============================================================
+ Verbose Summary: Synthesis Manager
============================================================
InlineROM: 1
ExposeGlobal: 0
============================================================
+ Verbose Summary: CDFG Model
============================================================
IsTopModel: 0
ResetActiveHigh: 1
IsCombinational: 0
IsDatapathOnly: 0
HasWiredReturn: 1
HasMFsm: 2
HasVarLatency: 1
IsPipeline: 0
IsRtlPipelined: 0
IsInstanceOverlapped: 0
IsDontTouch: 0
HasImplIP: 0
IsGatedGlobalClock: 0

+ Individual pipeline summary: 
  * Pipeline-0: initiation interval (II) = 1, depth = 2


============================================================
+ Verbose Summary: Schedule
============================================================
* Number of FSM states : 2
* Pipeline : 1
  Pipeline-0 : II = 1, D = 2, States = { 1 2 }
* Dataflow Pipeline: 0

* FSM state transitions: 
1 --> 2 
2 --> 

* FSM state operations: 

State 1 <SV = 0> <Delay = 7.30>
ST_1 : Operation 5 [1/1] (0.00ns)   --->   "%loop_index4 = alloca i32 1"   --->   Operation 5 'alloca' 'loop_index4' <Predicate = true> <Delay = 0.00>
ST_1 : Operation 6 [1/1] (0.00ns)   --->   "%specbramwithbyteenable_ln0 = specbramwithbyteenable void @_ssdm_op_SpecBRAMWithByteEnable, i256 %gamma_ram"   --->   Operation 6 'specbramwithbyteenable' 'specbramwithbyteenable_ln0' <Predicate = true> <Delay = 0.00>
ST_1 : Operation 7 [1/1] (0.00ns)   --->   "%lshr_ln_read = read i27 @_ssdm_op_Read.ap_auto.i27, i27 %lshr_ln"   --->   Operation 7 'read' 'lshr_ln_read' <Predicate = true> <Delay = 0.00>
ST_1 : Operation 8 [1/1] (0.00ns)   --->   "%p_cast_cast_read = read i59 @_ssdm_op_Read.ap_auto.i59, i59 %p_cast_cast"   --->   Operation 8 'read' 'p_cast_cast_read' <Predicate = true> <Delay = 0.00>
ST_1 : Operation 9 [1/1] (0.00ns)   --->   "%p_cast_cast_cast = sext i59 %p_cast_cast_read"   --->   Operation 9 'sext' 'p_cast_cast_cast' <Predicate = true> <Delay = 0.00>
ST_1 : Operation 10 [1/1] (0.00ns)   --->   "%specmemcore_ln0 = specmemcore void @_ssdm_op_SpecMemCore, i256 %gamma_ram, i64 666, i64 18, i64 18446744073709551615"   --->   Operation 10 'specmemcore' 'specmemcore_ln0' <Predicate = true> <Delay = 0.00>
ST_1 : Operation 11 [1/1] (0.00ns)   --->   "%specinterface_ln0 = specinterface void @_ssdm_op_SpecInterface, i256 %ln_paras, void @empty_22, i32 0, i32 0, void @empty_13, i32 32, i32 8, void @empty_32, void @empty_33, void @empty_13, i32 64, i32 1, i32 64, i32 64, void @empty_13, void @empty_13, i32 4294967295, i32 0"   --->   Operation 11 'specinterface' 'specinterface_ln0' <Predicate = true> <Delay = 0.00>
ST_1 : Operation 12 [1/1] (0.42ns)   --->   "%store_ln0 = store i27 0, i27 %loop_index4"   --->   Operation 12 'store' 'store_ln0' <Predicate = true> <Delay = 0.42>
ST_1 : Operation 13 [1/1] (0.00ns)   --->   "%br_ln0 = br void %loop-memcpy-expansion3"   --->   Operation 13 'br' 'br_ln0' <Predicate = true> <Delay = 0.00>
ST_1 : Operation 14 [1/1] (0.00ns)   --->   "%loop_index4_load = load i27 %loop_index4"   --->   Operation 14 'load' 'loop_index4_load' <Predicate = true> <Delay = 0.00>
ST_1 : Operation 15 [1/1] (0.00ns)   --->   "%ln_paras_addr = getelementptr i256 %ln_paras, i64 %p_cast_cast_cast"   --->   Operation 15 'getelementptr' 'ln_paras_addr' <Predicate = true> <Delay = 0.00>
ST_1 : Operation 16 [1/1] (7.30ns)   --->   "%ln_paras_addr_read = read i256 @_ssdm_op_Read.m_axi.p1i256, i256 %ln_paras_addr"   --->   Operation 16 'read' 'ln_paras_addr_read' <Predicate = true> <Delay = 7.30> <CoreInst = "m_axi">   --->   Core 121 'm_axi' <Latency = 0> <II = 1> <Delay = 1.00> <Adapter> <Opcode : 'read' 'write' 'readreq' 'writereq' 'writeresp'>
ST_1 : Operation 17 [1/1] (0.96ns)   --->   "%empty = add i27 %loop_index4_load, i27 1"   --->   Operation 17 'add' 'empty' <Predicate = true> <Delay = 0.96> <CoreInst = "Adder">   --->   Core 1 'Adder' <Latency = 0> <II = 1> <Delay = 0.96> <FuncUnit> <Opcode : 'add' 'sub'> <InPorts = 2> <OutPorts = 1>
ST_1 : Operation 18 [1/1] (1.02ns)   --->   "%exitcond9 = icmp_eq  i27 %empty, i27 %lshr_ln_read"   --->   Operation 18 'icmp' 'exitcond9' <Predicate = true> <Delay = 1.02> <CoreInst = "Cmp">   --->   Core 9 'Cmp' <Latency = 0> <II = 1> <Delay = 1.02> <FuncUnit> <Opcode : 'icmp'> <InPorts = 2> <OutPorts = 1>
ST_1 : Operation 19 [1/1] (0.00ns)   --->   "%br_ln0 = br i1 %exitcond9, void %loop-memcpy-expansion3.loop-memcpy-expansion3_crit_edge, void %loop-memcpy-residual-header6.loopexit.exitStub"   --->   Operation 19 'br' 'br_ln0' <Predicate = true> <Delay = 0.00>
ST_1 : Operation 20 [1/1] (0.42ns)   --->   "%store_ln0 = store i27 %empty, i27 %loop_index4"   --->   Operation 20 'store' 'store_ln0' <Predicate = (!exitcond9)> <Delay = 0.42>
ST_1 : Operation 21 [1/1] (0.00ns)   --->   "%br_ln0 = br void %loop-memcpy-expansion3"   --->   Operation 21 'br' 'br_ln0' <Predicate = (!exitcond9)> <Delay = 0.00>

State 2 <SV = 1> <Delay = 1.23>
ST_2 : Operation 22 [1/1] (0.00ns)   --->   "%loop_index4_cast = zext i27 %loop_index4_load"   --->   Operation 22 'zext' 'loop_index4_cast' <Predicate = true> <Delay = 0.00>
ST_2 : Operation 23 [1/1] (0.00ns)   --->   "%specpipeline_ln0 = specpipeline void @_ssdm_op_SpecPipeline, i32 4294967295, i32 0, i32 1, i32 0, void @p_str"   --->   Operation 23 'specpipeline' 'specpipeline_ln0' <Predicate = true> <Delay = 0.00>
ST_2 : Operation 24 [1/1] (0.00ns)   --->   "%gamma_ram_addr = getelementptr i256 %gamma_ram, i64 0, i64 %loop_index4_cast"   --->   Operation 24 'getelementptr' 'gamma_ram_addr' <Predicate = true> <Delay = 0.00>
ST_2 : Operation 25 [1/1] (1.23ns)   --->   "%store_ln0 = store void @_ssdm_op_Write.bram.i256, i9 %gamma_ram_addr, i256 %ln_paras_addr_read, i32 4294967295"   --->   Operation 25 'store' 'store_ln0' <Predicate = true> <Delay = 1.23> <CoreInst = "RAM_1P_BRAM">   --->   Core 90 'RAM_1P_BRAM' <Latency = 1> <II = 1> <Delay = 1.23> <Storage> <Opcode : 'load' 'store'> <Ports = 1> <Width = 256> <Depth = 512> <RAM>
ST_2 : Operation 26 [1/1] (0.00ns)   --->   "%empty_256 = speclooptripcount i32 @_ssdm_op_SpecLoopTripCount, i64 1, i64 18446744073709551615, i64 0"   --->   Operation 26 'speclooptripcount' 'empty_256' <Predicate = true> <Delay = 0.00>
ST_2 : Operation 27 [1/1] (0.00ns)   --->   "%ret_ln0 = ret"   --->   Operation 27 'ret' 'ret_ln0' <Predicate = (exitcond9)> <Delay = 0.00>


============================================================
+ Verbose Summary: Timing violations
============================================================
Target clock period: 10ns, clock uncertainty: 2.7ns.

 <State 1>: 7.3ns
The critical path consists of the following:
	'getelementptr' operation ('ln_paras_addr') [16]  (0 ns)
	bus read operation ('ln_paras_addr_read') on port 'ln_paras' [19]  (7.3 ns)

 <State 2>: 1.24ns
The critical path consists of the following:
	'getelementptr' operation ('gamma_ram_addr') [20]  (0 ns)
	'store' operation ('store_ln0') of constant <constant:_ssdm_op_Write.bram.i256> on array 'gamma_ram' [21]  (1.24 ns)


============================================================
+ Verbose Summary: Binding
============================================================
N/A
* FSMD analyzer results:
  - Output states:
 - Input state : 
  - Chain level:
	State 1
	State 2


============================================================
+ Verbose Summary: Datapath Resource usage 
============================================================
N/A
