

================================================================
== Vitis HLS Report for 'p_anonymous_namespace_Store_ap_int_8_ap_uint_256_5u_s'
================================================================
* Date:           Tue Jun 25 13:53:30 2024

* Version:        2022.2 (Build 3670227 on Oct 13 2022)
* Project:        Layer_Norm.prj
* Solution:       sol (Vivado IP Flow Target)
* Product family: zynquplus
* Target device:  xczu7ev-ffvc1156-2-e


================================================================
== Performance Estimates
================================================================
+ Timing: 
    * Summary: 
    +--------+----------+----------+------------+
    |  Clock |  Target  | Estimated| Uncertainty|
    +--------+----------+----------+------------+
    |ap_clk  |  10.00 ns|  7.300 ns|     2.70 ns|
    +--------+----------+----------+------------+

+ Latency: 
    * Summary: 
    +---------+---------+----------+----------+-----+-----+------------------------------------------+
    |  Latency (cycles) |  Latency (absolute) |  Interval |                 Pipeline                 |
    |   min   |   max   |    min   |    max   | min | max |                   Type                   |
    +---------+---------+----------+----------+-----+-----+------------------------------------------+
    |      550|      551|  5.500 us|  5.510 us|  512|  512|  loop rewind stp(delay=0 clock cycles(s))|
    +---------+---------+----------+----------+-----+-----+------------------------------------------+

    + Detail: 
        * Instance: 
        N/A

        * Loop: 
        +--------------------+---------+---------+----------+-----------+-----------+------+----------+
        |                    |  Latency (cycles) | Iteration|  Initiation Interval  | Trip |          |
        |      Loop Name     |   min   |   max   |  Latency |  achieved |   target  | Count| Pipelined|
        +--------------------+---------+---------+----------+-----------+-----------+------+----------+
        |- VITIS_LOOP_293_1  |      550|      550|        40|          1|          1|   512|       yes|
        +--------------------+---------+---------+----------+-----------+-----------+------+----------+

============================================================
+ Verbose Summary: Synthesis Manager
============================================================
InlineROM: 1
ExposeGlobal: 0
============================================================
+ Verbose Summary: CDFG Model
============================================================
IsTopModel: 0
ResetActiveHigh: 1
IsCombinational: 2
IsDatapathOnly: 0
HasWiredReturn: 1
HasMFsm: 2
HasVarLatency: 1
IsPipeline: 0
IsRtlPipelined: 0
IsInstanceOverlapped: 0
IsDontTouch: 0
HasImplIP: 0
IsGatedGlobalClock: 0

+ Individual pipeline summary: 
  * Pipeline-0: initiation interval (II) = 1, depth = 40


============================================================
+ Verbose Summary: Schedule
============================================================
* Number of FSM states : 41
* Pipeline : 1
  Pipeline-0 : II = 1, D = 40, States = { 2 3 4 5 6 7 8 9 10 11 12 13 14 15 16 17 18 19 20 21 22 23 24 25 26 27 28 29 30 31 32 33 34 35 36 37 38 39 40 41 }
* Dataflow Pipeline: 0

* FSM state transitions: 
1 --> 2 
2 --> 3 
3 --> 4 
4 --> 5 
5 --> 6 
6 --> 7 
7 --> 8 
8 --> 9 
9 --> 10 
10 --> 11 
11 --> 12 
12 --> 13 
13 --> 14 
14 --> 15 
15 --> 16 
16 --> 17 
17 --> 18 
18 --> 19 
19 --> 20 
20 --> 21 
21 --> 22 
22 --> 23 
23 --> 24 
24 --> 25 
25 --> 26 
26 --> 27 
27 --> 28 
28 --> 29 
29 --> 30 
30 --> 31 
31 --> 32 
32 --> 33 
33 --> 34 
34 --> 35 
35 --> 36 
36 --> 37 
37 --> 38 
38 --> 39 
39 --> 40 
40 --> 41 
41 --> 2 

* FSM state operations: 

State 1 <SV = 0> <Delay = 0.42>
ST_1 : Operation 42 [1/1] (0.00ns)   --->   "%specinterface_ln0 = specinterface void @_ssdm_op_SpecInterface, i64 %outputs, void @ap_fifo_str, i32 0, i32 0, void @p_str, i32 0, i32 0, void @p_str, void @p_str, void @p_str, i32 2, i32 2, i32 16, i32 16, void @p_str, void @ScalarProp_str, i32 4294967295, i32 0"   --->   Operation 42 'specinterface' 'specinterface_ln0' <Predicate = true> <Delay = 0.00>
ST_1 : Operation 43 [1/1] (0.00ns)   --->   "%specinterface_ln0 = specinterface void @_ssdm_op_SpecInterface, i32 %addr, void @ap_fifo_str, i32 0, i32 0, void @p_str, i32 0, i32 0, void @p_str, void @p_str, void @p_str, i32 2, i32 2, i32 16, i32 16, void @p_str, void @ScalarProp_str, i32 4294967295, i32 0"   --->   Operation 43 'specinterface' 'specinterface_ln0' <Predicate = true> <Delay = 0.00>
ST_1 : Operation 44 [1/1] (0.00ns)   --->   "%specinterface_ln0 = specinterface void @_ssdm_op_SpecInterface, i256 %store_temp10, void @empty_14, i32 0, i32 0, void @empty_13, i32 0, i32 0, void @empty_13, void @empty_13, void @empty_13, i32 0, i32 0, i32 0, i32 0, void @empty_13, void @empty_13, i32 4294967295, i32 0"   --->   Operation 44 'specinterface' 'specinterface_ln0' <Predicate = true> <Delay = 0.00>
ST_1 : Operation 45 [1/1] (0.00ns)   --->   "%specinterface_ln0 = specinterface void @_ssdm_op_SpecInterface, i256 %ln_data, void @empty_22, i32 0, i32 0, void @empty_13, i32 32, i32 8, void @empty_34, void @empty_33, void @empty_13, i32 64, i32 1, i32 64, i32 64, void @empty_13, void @empty_13, i32 4294967295, i32 0"   --->   Operation 45 'specinterface' 'specinterface_ln0' <Predicate = true> <Delay = 0.00>
ST_1 : Operation 46 [1/1] (0.42ns)   --->   "%br_ln293 = br void %rewind_header" [/home/ytq/codeField/Prediction_Model_Accelerator/CSIM/Layer_Norm_0612/src/../include/helpers.hpp:293]   --->   Operation 46 'br' 'br_ln293' <Predicate = true> <Delay = 0.42>

State 2 <SV = 1> <Delay = 0.88>
ST_2 : Operation 47 [1/1] (0.00ns)   --->   "%do_init = phi i1 1, void %entry, i1 0, void %for.inc.split, i1 1, void %for.end"   --->   Operation 47 'phi' 'do_init' <Predicate = true> <Delay = 0.00>
ST_2 : Operation 48 [1/1] (0.00ns)   --->   "%j1 = phi i9 0, void %entry, i9 %j, void %for.inc.split, i9 0, void %for.end"   --->   Operation 48 'phi' 'j1' <Predicate = true> <Delay = 0.00>
ST_2 : Operation 49 [1/1] (0.77ns)   --->   "%j = add i9 %j1, i9 1" [/home/ytq/codeField/Prediction_Model_Accelerator/CSIM/Layer_Norm_0612/src/../include/helpers.hpp:293]   --->   Operation 49 'add' 'j' <Predicate = true> <Delay = 0.77> <CoreInst = "Adder">   --->   Core 1 'Adder' <Latency = 0> <II = 1> <Delay = 0.77> <FuncUnit> <Opcode : 'add' 'sub'> <InPorts = 2> <OutPorts = 1>
ST_2 : Operation 50 [1/1] (0.88ns)   --->   "%icmp_ln293 = icmp_eq  i9 %j1, i9 511" [/home/ytq/codeField/Prediction_Model_Accelerator/CSIM/Layer_Norm_0612/src/../include/helpers.hpp:293]   --->   Operation 50 'icmp' 'icmp_ln293' <Predicate = true> <Delay = 0.88> <CoreInst = "Cmp">   --->   Core 9 'Cmp' <Latency = 0> <II = 1> <Delay = 0.88> <FuncUnit> <Opcode : 'icmp'> <InPorts = 2> <OutPorts = 1>
ST_2 : Operation 51 [1/1] (0.00ns)   --->   "%br_ln293 = br i1 %icmp_ln293, void %rewind_header, void %for.end" [/home/ytq/codeField/Prediction_Model_Accelerator/CSIM/Layer_Norm_0612/src/../include/helpers.hpp:293]   --->   Operation 51 'br' 'br_ln293' <Predicate = true> <Delay = 0.00>
ST_2 : Operation 52 [1/1] (0.00ns)   --->   "%br_ln300 = br void %rewind_header" [/home/ytq/codeField/Prediction_Model_Accelerator/CSIM/Layer_Norm_0612/src/../include/helpers.hpp:300]   --->   Operation 52 'br' 'br_ln300' <Predicate = (icmp_ln293)> <Delay = 0.00>

State 3 <SV = 2> <Delay = 2.99>
ST_3 : Operation 53 [1/1] (1.90ns)   --->   "%outputs_read = read i64 @_ssdm_op_Read.ap_fifo.i64P0A, i64 %outputs"   --->   Operation 53 'read' 'outputs_read' <Predicate = (do_init)> <Delay = 1.90> <CoreInst = "FIFO_SRL">   --->   Core 81 'FIFO_SRL' <Latency = 0> <II = 1> <Delay = 1.90> <Storage> <Opcode : 'read' 'write' 'nbread' 'nbwrite'> <Ports = 0> <Width = 64> <Depth = 7> <FIFO>
ST_3 : Operation 54 [1/1] (1.90ns)   --->   "%addr_read = read i32 @_ssdm_op_Read.ap_fifo.i32P0A, i32 %addr"   --->   Operation 54 'read' 'addr_read' <Predicate = (do_init)> <Delay = 1.90> <CoreInst = "FIFO_SRL">   --->   Core 81 'FIFO_SRL' <Latency = 0> <II = 1> <Delay = 1.90> <Storage> <Opcode : 'read' 'write' 'nbread' 'nbwrite'> <Ports = 0> <Width = 32> <Depth = 7> <FIFO>
ST_3 : Operation 55 [1/1] (0.00ns)   --->   "%tmp = partselect i27 @_ssdm_op_PartSelect.i27.i32.i32.i32, i32 %addr_read, i32 5, i32 31" [/home/ytq/codeField/Prediction_Model_Accelerator/CSIM/Layer_Norm_0612/src/../include/helpers.hpp:293]   --->   Operation 55 'partselect' 'tmp' <Predicate = (do_init)> <Delay = 0.00>
ST_3 : Operation 56 [1/1] (0.00ns)   --->   "%and_ln = bitconcatenate i32 @_ssdm_op_BitConcatenate.i32.i27.i5, i27 %tmp, i5 0" [/home/ytq/codeField/Prediction_Model_Accelerator/CSIM/Layer_Norm_0612/src/../include/helpers.hpp:293]   --->   Operation 56 'bitconcatenate' 'and_ln' <Predicate = (do_init)> <Delay = 0.00>
ST_3 : Operation 57 [1/1] (0.00ns)   --->   "%zext_ln293 = zext i32 %and_ln" [/home/ytq/codeField/Prediction_Model_Accelerator/CSIM/Layer_Norm_0612/src/../include/helpers.hpp:293]   --->   Operation 57 'zext' 'zext_ln293' <Predicate = (do_init)> <Delay = 0.00>
ST_3 : Operation 58 [1/1] (1.08ns)   --->   "%add_ln293 = add i64 %outputs_read, i64 %zext_ln293" [/home/ytq/codeField/Prediction_Model_Accelerator/CSIM/Layer_Norm_0612/src/../include/helpers.hpp:293]   --->   Operation 58 'add' 'add_ln293' <Predicate = (do_init)> <Delay = 1.08> <CoreInst = "Adder">   --->   Core 1 'Adder' <Latency = 0> <II = 1> <Delay = 1.08> <FuncUnit> <Opcode : 'add' 'sub'> <InPorts = 2> <OutPorts = 1>
ST_3 : Operation 59 [1/1] (0.00ns)   --->   "%trunc_ln = partselect i59 @_ssdm_op_PartSelect.i59.i64.i32.i32, i64 %add_ln293, i32 5, i32 63" [/home/ytq/codeField/Prediction_Model_Accelerator/CSIM/Layer_Norm_0612/src/../include/helpers.hpp:293]   --->   Operation 59 'partselect' 'trunc_ln' <Predicate = (do_init)> <Delay = 0.00>
ST_3 : Operation 60 [1/1] (0.00ns)   --->   "%sext_ln293 = sext i59 %trunc_ln" [/home/ytq/codeField/Prediction_Model_Accelerator/CSIM/Layer_Norm_0612/src/../include/helpers.hpp:293]   --->   Operation 60 'sext' 'sext_ln293' <Predicate = (do_init)> <Delay = 0.00>
ST_3 : Operation 61 [1/1] (0.42ns)   --->   "%br_ln293 = br void %for.inc.split" [/home/ytq/codeField/Prediction_Model_Accelerator/CSIM/Layer_Norm_0612/src/../include/helpers.hpp:293]   --->   Operation 61 'br' 'br_ln293' <Predicate = (do_init)> <Delay = 0.42>

State 4 <SV = 3> <Delay = 7.30>
ST_4 : Operation 62 [1/1] (0.00ns)   --->   "%ln_data_addr_rewind_idx = phi i64 0, void %entry, i64 %ln_data_addr_phi_idx, void %for.inc.split, i64 0, void %for.end" [/home/ytq/codeField/Prediction_Model_Accelerator/CSIM/Layer_Norm_0612/src/../include/helpers.hpp:293]   --->   Operation 62 'phi' 'ln_data_addr_rewind_idx' <Predicate = true> <Delay = 0.00>
ST_4 : Operation 63 [1/1] (0.42ns)   --->   "%br_ln0 = br i1 %do_init, void %for.inc.split, void %rewind_init"   --->   Operation 63 'br' 'br_ln0' <Predicate = true> <Delay = 0.42>
ST_4 : Operation 64 [1/1] (0.00ns)   --->   "%ln_data_addr = getelementptr i256 %ln_data, i64 %sext_ln293" [/home/ytq/codeField/Prediction_Model_Accelerator/CSIM/Layer_Norm_0612/src/../include/helpers.hpp:293]   --->   Operation 64 'getelementptr' 'ln_data_addr' <Predicate = (do_init)> <Delay = 0.00>
ST_4 : Operation 65 [1/1] (7.30ns)   --->   "%empty_235 = writereq i1 @_ssdm_op_WriteReq.m_axi.p1i256, i256 %ln_data_addr, i32 512" [/home/ytq/codeField/Prediction_Model_Accelerator/CSIM/Layer_Norm_0612/src/../include/helpers.hpp:293]   --->   Operation 65 'writereq' 'empty_235' <Predicate = (do_init)> <Delay = 7.30> <CoreInst = "m_axi">   --->   Core 121 'm_axi' <Latency = 0> <II = 1> <Delay = 1.00> <Adapter> <Opcode : 'read' 'write' 'readreq' 'writereq' 'writeresp'>
ST_4 : Operation 66 [1/1] (0.00ns)   --->   "%ln_data_addr_phi_idx = phi i64 %sext_ln293, void %rewind_init, i64 %ln_data_addr_rewind_idx, void %rewind_header" [/home/ytq/codeField/Prediction_Model_Accelerator/CSIM/Layer_Norm_0612/src/../include/helpers.hpp:293]   --->   Operation 66 'phi' 'ln_data_addr_phi_idx' <Predicate = true> <Delay = 0.00>
ST_4 : Operation 67 [1/1] (1.62ns)   --->   "%l_x = read i256 @_ssdm_op_Read.ap_fifo.volatile.i256P0A, i256 %store_temp10" [/home/ytq/codeField/Prediction_Model_Accelerator/CSIM/Layer_Norm_0612/src/../include/helpers.hpp:296]   --->   Operation 67 'read' 'l_x' <Predicate = true> <Delay = 1.62> <CoreInst = "FIFO">   --->   Core 78 'FIFO' <Latency = 0> <II = 1> <Delay = 1.62> <Storage> <Opcode : 'read' 'write' 'nbread' 'nbwrite'> <Ports = 0> <Width = 256> <Depth = 16> <FIFO>

State 5 <SV = 4> <Delay = 7.30>
ST_5 : Operation 68 [1/1] (0.00ns)   --->   "%ln_data_addr_1 = getelementptr i256 %ln_data, i64 %ln_data_addr_phi_idx" [/home/ytq/codeField/Prediction_Model_Accelerator/CSIM/Layer_Norm_0612/src/../include/helpers.hpp:293]   --->   Operation 68 'getelementptr' 'ln_data_addr_1' <Predicate = true> <Delay = 0.00>
ST_5 : Operation 69 [1/1] (0.00ns)   --->   "%empty = speclooptripcount i32 @_ssdm_op_SpecLoopTripCount, i64 512, i64 512, i64 512"   --->   Operation 69 'speclooptripcount' 'empty' <Predicate = true> <Delay = 0.00>
ST_5 : Operation 70 [1/1] (0.00ns)   --->   "%specpipeline_ln295 = specpipeline void @_ssdm_op_SpecPipeline, i32 1, i32 0, i32 0, i32 0, void @empty_13" [/home/ytq/codeField/Prediction_Model_Accelerator/CSIM/Layer_Norm_0612/src/../include/helpers.hpp:295]   --->   Operation 70 'specpipeline' 'specpipeline_ln295' <Predicate = true> <Delay = 0.00>
ST_5 : Operation 71 [1/1] (0.00ns)   --->   "%specloopname_ln293 = specloopname void @_ssdm_op_SpecLoopName, void @empty_2" [/home/ytq/codeField/Prediction_Model_Accelerator/CSIM/Layer_Norm_0612/src/../include/helpers.hpp:293]   --->   Operation 71 'specloopname' 'specloopname_ln293' <Predicate = true> <Delay = 0.00>
ST_5 : Operation 72 [1/1] (7.30ns)   --->   "%write_ln297 = write void @_ssdm_op_Write.m_axi.p1i256, i256 %ln_data_addr_1, i256 %l_x, i32 4294967295" [/home/ytq/codeField/Prediction_Model_Accelerator/CSIM/Layer_Norm_0612/src/../include/helpers.hpp:297]   --->   Operation 72 'write' 'write_ln297' <Predicate = true> <Delay = 7.30> <CoreInst = "m_axi">   --->   Core 121 'm_axi' <Latency = 0> <II = 1> <Delay = 1.00> <Adapter> <Opcode : 'read' 'write' 'readreq' 'writereq' 'writeresp'>

State 6 <SV = 5> <Delay = 7.30>
ST_6 : Operation 73 [36/36] (7.30ns)   --->   "%empty_234 = writeresp i1 @_ssdm_op_WriteResp.m_axi.p1i256, i256 %ln_data_addr_1" [/home/ytq/codeField/Prediction_Model_Accelerator/CSIM/Layer_Norm_0612/src/../include/helpers.hpp:299]   --->   Operation 73 'writeresp' 'empty_234' <Predicate = (icmp_ln293)> <Delay = 7.30> <CoreInst = "m_axi">   --->   Core 121 'm_axi' <Latency = 0> <II = 1> <Delay = 1.00> <Adapter> <Opcode : 'read' 'write' 'readreq' 'writereq' 'writeresp'>

State 7 <SV = 6> <Delay = 7.30>
ST_7 : Operation 74 [35/36] (7.30ns)   --->   "%empty_234 = writeresp i1 @_ssdm_op_WriteResp.m_axi.p1i256, i256 %ln_data_addr_1" [/home/ytq/codeField/Prediction_Model_Accelerator/CSIM/Layer_Norm_0612/src/../include/helpers.hpp:299]   --->   Operation 74 'writeresp' 'empty_234' <Predicate = (icmp_ln293)> <Delay = 7.30> <CoreInst = "m_axi">   --->   Core 121 'm_axi' <Latency = 0> <II = 1> <Delay = 1.00> <Adapter> <Opcode : 'read' 'write' 'readreq' 'writereq' 'writeresp'>

State 8 <SV = 7> <Delay = 7.30>
ST_8 : Operation 75 [34/36] (7.30ns)   --->   "%empty_234 = writeresp i1 @_ssdm_op_WriteResp.m_axi.p1i256, i256 %ln_data_addr_1" [/home/ytq/codeField/Prediction_Model_Accelerator/CSIM/Layer_Norm_0612/src/../include/helpers.hpp:299]   --->   Operation 75 'writeresp' 'empty_234' <Predicate = (icmp_ln293)> <Delay = 7.30> <CoreInst = "m_axi">   --->   Core 121 'm_axi' <Latency = 0> <II = 1> <Delay = 1.00> <Adapter> <Opcode : 'read' 'write' 'readreq' 'writereq' 'writeresp'>

State 9 <SV = 8> <Delay = 7.30>
ST_9 : Operation 76 [33/36] (7.30ns)   --->   "%empty_234 = writeresp i1 @_ssdm_op_WriteResp.m_axi.p1i256, i256 %ln_data_addr_1" [/home/ytq/codeField/Prediction_Model_Accelerator/CSIM/Layer_Norm_0612/src/../include/helpers.hpp:299]   --->   Operation 76 'writeresp' 'empty_234' <Predicate = (icmp_ln293)> <Delay = 7.30> <CoreInst = "m_axi">   --->   Core 121 'm_axi' <Latency = 0> <II = 1> <Delay = 1.00> <Adapter> <Opcode : 'read' 'write' 'readreq' 'writereq' 'writeresp'>

State 10 <SV = 9> <Delay = 7.30>
ST_10 : Operation 77 [32/36] (7.30ns)   --->   "%empty_234 = writeresp i1 @_ssdm_op_WriteResp.m_axi.p1i256, i256 %ln_data_addr_1" [/home/ytq/codeField/Prediction_Model_Accelerator/CSIM/Layer_Norm_0612/src/../include/helpers.hpp:299]   --->   Operation 77 'writeresp' 'empty_234' <Predicate = (icmp_ln293)> <Delay = 7.30> <CoreInst = "m_axi">   --->   Core 121 'm_axi' <Latency = 0> <II = 1> <Delay = 1.00> <Adapter> <Opcode : 'read' 'write' 'readreq' 'writereq' 'writeresp'>

State 11 <SV = 10> <Delay = 7.30>
ST_11 : Operation 78 [31/36] (7.30ns)   --->   "%empty_234 = writeresp i1 @_ssdm_op_WriteResp.m_axi.p1i256, i256 %ln_data_addr_1" [/home/ytq/codeField/Prediction_Model_Accelerator/CSIM/Layer_Norm_0612/src/../include/helpers.hpp:299]   --->   Operation 78 'writeresp' 'empty_234' <Predicate = (icmp_ln293)> <Delay = 7.30> <CoreInst = "m_axi">   --->   Core 121 'm_axi' <Latency = 0> <II = 1> <Delay = 1.00> <Adapter> <Opcode : 'read' 'write' 'readreq' 'writereq' 'writeresp'>

State 12 <SV = 11> <Delay = 7.30>
ST_12 : Operation 79 [30/36] (7.30ns)   --->   "%empty_234 = writeresp i1 @_ssdm_op_WriteResp.m_axi.p1i256, i256 %ln_data_addr_1" [/home/ytq/codeField/Prediction_Model_Accelerator/CSIM/Layer_Norm_0612/src/../include/helpers.hpp:299]   --->   Operation 79 'writeresp' 'empty_234' <Predicate = (icmp_ln293)> <Delay = 7.30> <CoreInst = "m_axi">   --->   Core 121 'm_axi' <Latency = 0> <II = 1> <Delay = 1.00> <Adapter> <Opcode : 'read' 'write' 'readreq' 'writereq' 'writeresp'>

State 13 <SV = 12> <Delay = 7.30>
ST_13 : Operation 80 [29/36] (7.30ns)   --->   "%empty_234 = writeresp i1 @_ssdm_op_WriteResp.m_axi.p1i256, i256 %ln_data_addr_1" [/home/ytq/codeField/Prediction_Model_Accelerator/CSIM/Layer_Norm_0612/src/../include/helpers.hpp:299]   --->   Operation 80 'writeresp' 'empty_234' <Predicate = (icmp_ln293)> <Delay = 7.30> <CoreInst = "m_axi">   --->   Core 121 'm_axi' <Latency = 0> <II = 1> <Delay = 1.00> <Adapter> <Opcode : 'read' 'write' 'readreq' 'writereq' 'writeresp'>

State 14 <SV = 13> <Delay = 7.30>
ST_14 : Operation 81 [28/36] (7.30ns)   --->   "%empty_234 = writeresp i1 @_ssdm_op_WriteResp.m_axi.p1i256, i256 %ln_data_addr_1" [/home/ytq/codeField/Prediction_Model_Accelerator/CSIM/Layer_Norm_0612/src/../include/helpers.hpp:299]   --->   Operation 81 'writeresp' 'empty_234' <Predicate = (icmp_ln293)> <Delay = 7.30> <CoreInst = "m_axi">   --->   Core 121 'm_axi' <Latency = 0> <II = 1> <Delay = 1.00> <Adapter> <Opcode : 'read' 'write' 'readreq' 'writereq' 'writeresp'>

State 15 <SV = 14> <Delay = 7.30>
ST_15 : Operation 82 [27/36] (7.30ns)   --->   "%empty_234 = writeresp i1 @_ssdm_op_WriteResp.m_axi.p1i256, i256 %ln_data_addr_1" [/home/ytq/codeField/Prediction_Model_Accelerator/CSIM/Layer_Norm_0612/src/../include/helpers.hpp:299]   --->   Operation 82 'writeresp' 'empty_234' <Predicate = (icmp_ln293)> <Delay = 7.30> <CoreInst = "m_axi">   --->   Core 121 'm_axi' <Latency = 0> <II = 1> <Delay = 1.00> <Adapter> <Opcode : 'read' 'write' 'readreq' 'writereq' 'writeresp'>

State 16 <SV = 15> <Delay = 7.30>
ST_16 : Operation 83 [26/36] (7.30ns)   --->   "%empty_234 = writeresp i1 @_ssdm_op_WriteResp.m_axi.p1i256, i256 %ln_data_addr_1" [/home/ytq/codeField/Prediction_Model_Accelerator/CSIM/Layer_Norm_0612/src/../include/helpers.hpp:299]   --->   Operation 83 'writeresp' 'empty_234' <Predicate = (icmp_ln293)> <Delay = 7.30> <CoreInst = "m_axi">   --->   Core 121 'm_axi' <Latency = 0> <II = 1> <Delay = 1.00> <Adapter> <Opcode : 'read' 'write' 'readreq' 'writereq' 'writeresp'>

State 17 <SV = 16> <Delay = 7.30>
ST_17 : Operation 84 [25/36] (7.30ns)   --->   "%empty_234 = writeresp i1 @_ssdm_op_WriteResp.m_axi.p1i256, i256 %ln_data_addr_1" [/home/ytq/codeField/Prediction_Model_Accelerator/CSIM/Layer_Norm_0612/src/../include/helpers.hpp:299]   --->   Operation 84 'writeresp' 'empty_234' <Predicate = (icmp_ln293)> <Delay = 7.30> <CoreInst = "m_axi">   --->   Core 121 'm_axi' <Latency = 0> <II = 1> <Delay = 1.00> <Adapter> <Opcode : 'read' 'write' 'readreq' 'writereq' 'writeresp'>

State 18 <SV = 17> <Delay = 7.30>
ST_18 : Operation 85 [24/36] (7.30ns)   --->   "%empty_234 = writeresp i1 @_ssdm_op_WriteResp.m_axi.p1i256, i256 %ln_data_addr_1" [/home/ytq/codeField/Prediction_Model_Accelerator/CSIM/Layer_Norm_0612/src/../include/helpers.hpp:299]   --->   Operation 85 'writeresp' 'empty_234' <Predicate = (icmp_ln293)> <Delay = 7.30> <CoreInst = "m_axi">   --->   Core 121 'm_axi' <Latency = 0> <II = 1> <Delay = 1.00> <Adapter> <Opcode : 'read' 'write' 'readreq' 'writereq' 'writeresp'>

State 19 <SV = 18> <Delay = 7.30>
ST_19 : Operation 86 [23/36] (7.30ns)   --->   "%empty_234 = writeresp i1 @_ssdm_op_WriteResp.m_axi.p1i256, i256 %ln_data_addr_1" [/home/ytq/codeField/Prediction_Model_Accelerator/CSIM/Layer_Norm_0612/src/../include/helpers.hpp:299]   --->   Operation 86 'writeresp' 'empty_234' <Predicate = (icmp_ln293)> <Delay = 7.30> <CoreInst = "m_axi">   --->   Core 121 'm_axi' <Latency = 0> <II = 1> <Delay = 1.00> <Adapter> <Opcode : 'read' 'write' 'readreq' 'writereq' 'writeresp'>

State 20 <SV = 19> <Delay = 7.30>
ST_20 : Operation 87 [22/36] (7.30ns)   --->   "%empty_234 = writeresp i1 @_ssdm_op_WriteResp.m_axi.p1i256, i256 %ln_data_addr_1" [/home/ytq/codeField/Prediction_Model_Accelerator/CSIM/Layer_Norm_0612/src/../include/helpers.hpp:299]   --->   Operation 87 'writeresp' 'empty_234' <Predicate = (icmp_ln293)> <Delay = 7.30> <CoreInst = "m_axi">   --->   Core 121 'm_axi' <Latency = 0> <II = 1> <Delay = 1.00> <Adapter> <Opcode : 'read' 'write' 'readreq' 'writereq' 'writeresp'>

State 21 <SV = 20> <Delay = 7.30>
ST_21 : Operation 88 [21/36] (7.30ns)   --->   "%empty_234 = writeresp i1 @_ssdm_op_WriteResp.m_axi.p1i256, i256 %ln_data_addr_1" [/home/ytq/codeField/Prediction_Model_Accelerator/CSIM/Layer_Norm_0612/src/../include/helpers.hpp:299]   --->   Operation 88 'writeresp' 'empty_234' <Predicate = (icmp_ln293)> <Delay = 7.30> <CoreInst = "m_axi">   --->   Core 121 'm_axi' <Latency = 0> <II = 1> <Delay = 1.00> <Adapter> <Opcode : 'read' 'write' 'readreq' 'writereq' 'writeresp'>

State 22 <SV = 21> <Delay = 7.30>
ST_22 : Operation 89 [20/36] (7.30ns)   --->   "%empty_234 = writeresp i1 @_ssdm_op_WriteResp.m_axi.p1i256, i256 %ln_data_addr_1" [/home/ytq/codeField/Prediction_Model_Accelerator/CSIM/Layer_Norm_0612/src/../include/helpers.hpp:299]   --->   Operation 89 'writeresp' 'empty_234' <Predicate = (icmp_ln293)> <Delay = 7.30> <CoreInst = "m_axi">   --->   Core 121 'm_axi' <Latency = 0> <II = 1> <Delay = 1.00> <Adapter> <Opcode : 'read' 'write' 'readreq' 'writereq' 'writeresp'>

State 23 <SV = 22> <Delay = 7.30>
ST_23 : Operation 90 [19/36] (7.30ns)   --->   "%empty_234 = writeresp i1 @_ssdm_op_WriteResp.m_axi.p1i256, i256 %ln_data_addr_1" [/home/ytq/codeField/Prediction_Model_Accelerator/CSIM/Layer_Norm_0612/src/../include/helpers.hpp:299]   --->   Operation 90 'writeresp' 'empty_234' <Predicate = (icmp_ln293)> <Delay = 7.30> <CoreInst = "m_axi">   --->   Core 121 'm_axi' <Latency = 0> <II = 1> <Delay = 1.00> <Adapter> <Opcode : 'read' 'write' 'readreq' 'writereq' 'writeresp'>

State 24 <SV = 23> <Delay = 7.30>
ST_24 : Operation 91 [18/36] (7.30ns)   --->   "%empty_234 = writeresp i1 @_ssdm_op_WriteResp.m_axi.p1i256, i256 %ln_data_addr_1" [/home/ytq/codeField/Prediction_Model_Accelerator/CSIM/Layer_Norm_0612/src/../include/helpers.hpp:299]   --->   Operation 91 'writeresp' 'empty_234' <Predicate = (icmp_ln293)> <Delay = 7.30> <CoreInst = "m_axi">   --->   Core 121 'm_axi' <Latency = 0> <II = 1> <Delay = 1.00> <Adapter> <Opcode : 'read' 'write' 'readreq' 'writereq' 'writeresp'>

State 25 <SV = 24> <Delay = 7.30>
ST_25 : Operation 92 [17/36] (7.30ns)   --->   "%empty_234 = writeresp i1 @_ssdm_op_WriteResp.m_axi.p1i256, i256 %ln_data_addr_1" [/home/ytq/codeField/Prediction_Model_Accelerator/CSIM/Layer_Norm_0612/src/../include/helpers.hpp:299]   --->   Operation 92 'writeresp' 'empty_234' <Predicate = (icmp_ln293)> <Delay = 7.30> <CoreInst = "m_axi">   --->   Core 121 'm_axi' <Latency = 0> <II = 1> <Delay = 1.00> <Adapter> <Opcode : 'read' 'write' 'readreq' 'writereq' 'writeresp'>

State 26 <SV = 25> <Delay = 7.30>
ST_26 : Operation 93 [16/36] (7.30ns)   --->   "%empty_234 = writeresp i1 @_ssdm_op_WriteResp.m_axi.p1i256, i256 %ln_data_addr_1" [/home/ytq/codeField/Prediction_Model_Accelerator/CSIM/Layer_Norm_0612/src/../include/helpers.hpp:299]   --->   Operation 93 'writeresp' 'empty_234' <Predicate = (icmp_ln293)> <Delay = 7.30> <CoreInst = "m_axi">   --->   Core 121 'm_axi' <Latency = 0> <II = 1> <Delay = 1.00> <Adapter> <Opcode : 'read' 'write' 'readreq' 'writereq' 'writeresp'>

State 27 <SV = 26> <Delay = 7.30>
ST_27 : Operation 94 [15/36] (7.30ns)   --->   "%empty_234 = writeresp i1 @_ssdm_op_WriteResp.m_axi.p1i256, i256 %ln_data_addr_1" [/home/ytq/codeField/Prediction_Model_Accelerator/CSIM/Layer_Norm_0612/src/../include/helpers.hpp:299]   --->   Operation 94 'writeresp' 'empty_234' <Predicate = (icmp_ln293)> <Delay = 7.30> <CoreInst = "m_axi">   --->   Core 121 'm_axi' <Latency = 0> <II = 1> <Delay = 1.00> <Adapter> <Opcode : 'read' 'write' 'readreq' 'writereq' 'writeresp'>

State 28 <SV = 27> <Delay = 7.30>
ST_28 : Operation 95 [14/36] (7.30ns)   --->   "%empty_234 = writeresp i1 @_ssdm_op_WriteResp.m_axi.p1i256, i256 %ln_data_addr_1" [/home/ytq/codeField/Prediction_Model_Accelerator/CSIM/Layer_Norm_0612/src/../include/helpers.hpp:299]   --->   Operation 95 'writeresp' 'empty_234' <Predicate = (icmp_ln293)> <Delay = 7.30> <CoreInst = "m_axi">   --->   Core 121 'm_axi' <Latency = 0> <II = 1> <Delay = 1.00> <Adapter> <Opcode : 'read' 'write' 'readreq' 'writereq' 'writeresp'>

State 29 <SV = 28> <Delay = 7.30>
ST_29 : Operation 96 [13/36] (7.30ns)   --->   "%empty_234 = writeresp i1 @_ssdm_op_WriteResp.m_axi.p1i256, i256 %ln_data_addr_1" [/home/ytq/codeField/Prediction_Model_Accelerator/CSIM/Layer_Norm_0612/src/../include/helpers.hpp:299]   --->   Operation 96 'writeresp' 'empty_234' <Predicate = (icmp_ln293)> <Delay = 7.30> <CoreInst = "m_axi">   --->   Core 121 'm_axi' <Latency = 0> <II = 1> <Delay = 1.00> <Adapter> <Opcode : 'read' 'write' 'readreq' 'writereq' 'writeresp'>

State 30 <SV = 29> <Delay = 7.30>
ST_30 : Operation 97 [12/36] (7.30ns)   --->   "%empty_234 = writeresp i1 @_ssdm_op_WriteResp.m_axi.p1i256, i256 %ln_data_addr_1" [/home/ytq/codeField/Prediction_Model_Accelerator/CSIM/Layer_Norm_0612/src/../include/helpers.hpp:299]   --->   Operation 97 'writeresp' 'empty_234' <Predicate = (icmp_ln293)> <Delay = 7.30> <CoreInst = "m_axi">   --->   Core 121 'm_axi' <Latency = 0> <II = 1> <Delay = 1.00> <Adapter> <Opcode : 'read' 'write' 'readreq' 'writereq' 'writeresp'>

State 31 <SV = 30> <Delay = 7.30>
ST_31 : Operation 98 [11/36] (7.30ns)   --->   "%empty_234 = writeresp i1 @_ssdm_op_WriteResp.m_axi.p1i256, i256 %ln_data_addr_1" [/home/ytq/codeField/Prediction_Model_Accelerator/CSIM/Layer_Norm_0612/src/../include/helpers.hpp:299]   --->   Operation 98 'writeresp' 'empty_234' <Predicate = (icmp_ln293)> <Delay = 7.30> <CoreInst = "m_axi">   --->   Core 121 'm_axi' <Latency = 0> <II = 1> <Delay = 1.00> <Adapter> <Opcode : 'read' 'write' 'readreq' 'writereq' 'writeresp'>

State 32 <SV = 31> <Delay = 7.30>
ST_32 : Operation 99 [10/36] (7.30ns)   --->   "%empty_234 = writeresp i1 @_ssdm_op_WriteResp.m_axi.p1i256, i256 %ln_data_addr_1" [/home/ytq/codeField/Prediction_Model_Accelerator/CSIM/Layer_Norm_0612/src/../include/helpers.hpp:299]   --->   Operation 99 'writeresp' 'empty_234' <Predicate = (icmp_ln293)> <Delay = 7.30> <CoreInst = "m_axi">   --->   Core 121 'm_axi' <Latency = 0> <II = 1> <Delay = 1.00> <Adapter> <Opcode : 'read' 'write' 'readreq' 'writereq' 'writeresp'>

State 33 <SV = 32> <Delay = 7.30>
ST_33 : Operation 100 [9/36] (7.30ns)   --->   "%empty_234 = writeresp i1 @_ssdm_op_WriteResp.m_axi.p1i256, i256 %ln_data_addr_1" [/home/ytq/codeField/Prediction_Model_Accelerator/CSIM/Layer_Norm_0612/src/../include/helpers.hpp:299]   --->   Operation 100 'writeresp' 'empty_234' <Predicate = (icmp_ln293)> <Delay = 7.30> <CoreInst = "m_axi">   --->   Core 121 'm_axi' <Latency = 0> <II = 1> <Delay = 1.00> <Adapter> <Opcode : 'read' 'write' 'readreq' 'writereq' 'writeresp'>

State 34 <SV = 33> <Delay = 7.30>
ST_34 : Operation 101 [8/36] (7.30ns)   --->   "%empty_234 = writeresp i1 @_ssdm_op_WriteResp.m_axi.p1i256, i256 %ln_data_addr_1" [/home/ytq/codeField/Prediction_Model_Accelerator/CSIM/Layer_Norm_0612/src/../include/helpers.hpp:299]   --->   Operation 101 'writeresp' 'empty_234' <Predicate = (icmp_ln293)> <Delay = 7.30> <CoreInst = "m_axi">   --->   Core 121 'm_axi' <Latency = 0> <II = 1> <Delay = 1.00> <Adapter> <Opcode : 'read' 'write' 'readreq' 'writereq' 'writeresp'>

State 35 <SV = 34> <Delay = 7.30>
ST_35 : Operation 102 [7/36] (7.30ns)   --->   "%empty_234 = writeresp i1 @_ssdm_op_WriteResp.m_axi.p1i256, i256 %ln_data_addr_1" [/home/ytq/codeField/Prediction_Model_Accelerator/CSIM/Layer_Norm_0612/src/../include/helpers.hpp:299]   --->   Operation 102 'writeresp' 'empty_234' <Predicate = (icmp_ln293)> <Delay = 7.30> <CoreInst = "m_axi">   --->   Core 121 'm_axi' <Latency = 0> <II = 1> <Delay = 1.00> <Adapter> <Opcode : 'read' 'write' 'readreq' 'writereq' 'writeresp'>

State 36 <SV = 35> <Delay = 7.30>
ST_36 : Operation 103 [6/36] (7.30ns)   --->   "%empty_234 = writeresp i1 @_ssdm_op_WriteResp.m_axi.p1i256, i256 %ln_data_addr_1" [/home/ytq/codeField/Prediction_Model_Accelerator/CSIM/Layer_Norm_0612/src/../include/helpers.hpp:299]   --->   Operation 103 'writeresp' 'empty_234' <Predicate = (icmp_ln293)> <Delay = 7.30> <CoreInst = "m_axi">   --->   Core 121 'm_axi' <Latency = 0> <II = 1> <Delay = 1.00> <Adapter> <Opcode : 'read' 'write' 'readreq' 'writereq' 'writeresp'>

State 37 <SV = 36> <Delay = 7.30>
ST_37 : Operation 104 [5/36] (7.30ns)   --->   "%empty_234 = writeresp i1 @_ssdm_op_WriteResp.m_axi.p1i256, i256 %ln_data_addr_1" [/home/ytq/codeField/Prediction_Model_Accelerator/CSIM/Layer_Norm_0612/src/../include/helpers.hpp:299]   --->   Operation 104 'writeresp' 'empty_234' <Predicate = (icmp_ln293)> <Delay = 7.30> <CoreInst = "m_axi">   --->   Core 121 'm_axi' <Latency = 0> <II = 1> <Delay = 1.00> <Adapter> <Opcode : 'read' 'write' 'readreq' 'writereq' 'writeresp'>

State 38 <SV = 37> <Delay = 7.30>
ST_38 : Operation 105 [4/36] (7.30ns)   --->   "%empty_234 = writeresp i1 @_ssdm_op_WriteResp.m_axi.p1i256, i256 %ln_data_addr_1" [/home/ytq/codeField/Prediction_Model_Accelerator/CSIM/Layer_Norm_0612/src/../include/helpers.hpp:299]   --->   Operation 105 'writeresp' 'empty_234' <Predicate = (icmp_ln293)> <Delay = 7.30> <CoreInst = "m_axi">   --->   Core 121 'm_axi' <Latency = 0> <II = 1> <Delay = 1.00> <Adapter> <Opcode : 'read' 'write' 'readreq' 'writereq' 'writeresp'>

State 39 <SV = 38> <Delay = 7.30>
ST_39 : Operation 106 [3/36] (7.30ns)   --->   "%empty_234 = writeresp i1 @_ssdm_op_WriteResp.m_axi.p1i256, i256 %ln_data_addr_1" [/home/ytq/codeField/Prediction_Model_Accelerator/CSIM/Layer_Norm_0612/src/../include/helpers.hpp:299]   --->   Operation 106 'writeresp' 'empty_234' <Predicate = (icmp_ln293)> <Delay = 7.30> <CoreInst = "m_axi">   --->   Core 121 'm_axi' <Latency = 0> <II = 1> <Delay = 1.00> <Adapter> <Opcode : 'read' 'write' 'readreq' 'writereq' 'writeresp'>

State 40 <SV = 39> <Delay = 7.30>
ST_40 : Operation 107 [2/36] (7.30ns)   --->   "%empty_234 = writeresp i1 @_ssdm_op_WriteResp.m_axi.p1i256, i256 %ln_data_addr_1" [/home/ytq/codeField/Prediction_Model_Accelerator/CSIM/Layer_Norm_0612/src/../include/helpers.hpp:299]   --->   Operation 107 'writeresp' 'empty_234' <Predicate = (icmp_ln293)> <Delay = 7.30> <CoreInst = "m_axi">   --->   Core 121 'm_axi' <Latency = 0> <II = 1> <Delay = 1.00> <Adapter> <Opcode : 'read' 'write' 'readreq' 'writereq' 'writeresp'>

State 41 <SV = 40> <Delay = 7.30>
ST_41 : Operation 108 [1/36] (7.30ns)   --->   "%empty_234 = writeresp i1 @_ssdm_op_WriteResp.m_axi.p1i256, i256 %ln_data_addr_1" [/home/ytq/codeField/Prediction_Model_Accelerator/CSIM/Layer_Norm_0612/src/../include/helpers.hpp:299]   --->   Operation 108 'writeresp' 'empty_234' <Predicate = (icmp_ln293)> <Delay = 7.30> <CoreInst = "m_axi">   --->   Core 121 'm_axi' <Latency = 0> <II = 1> <Delay = 1.00> <Adapter> <Opcode : 'read' 'write' 'readreq' 'writereq' 'writeresp'>
ST_41 : Operation 109 [1/1] (0.00ns)   --->   "%write_ln299 = write void @_ssdm_op_Write.ap_auto.i32P0A, i32 %done, i32 1" [/home/ytq/codeField/Prediction_Model_Accelerator/CSIM/Layer_Norm_0612/src/../include/helpers.hpp:299]   --->   Operation 109 'write' 'write_ln299' <Predicate = (icmp_ln293)> <Delay = 0.00>
ST_41 : Operation 110 [1/1] (0.00ns)   --->   "%return_ln300 = return void @_ssdm_op_Return" [/home/ytq/codeField/Prediction_Model_Accelerator/CSIM/Layer_Norm_0612/src/../include/helpers.hpp:300]   --->   Operation 110 'return' 'return_ln300' <Predicate = (icmp_ln293)> <Delay = 0.00>


============================================================
+ Verbose Summary: Timing violations
============================================================
Target clock period: 10ns, clock uncertainty: 2.7ns.

 <State 1>: 0.427ns
The critical path consists of the following:
	multiplexor before 'phi' operation ('do_init') [12]  (0.427 ns)

 <State 2>: 0.881ns
The critical path consists of the following:
	'phi' operation ('j') with incoming values : ('j', /home/ytq/codeField/Prediction_Model_Accelerator/CSIM/Layer_Norm_0612/src/../include/helpers.hpp:293) [14]  (0 ns)
	'icmp' operation ('icmp_ln293', /home/ytq/codeField/Prediction_Model_Accelerator/CSIM/Layer_Norm_0612/src/../include/helpers.hpp:293) [37]  (0.881 ns)

 <State 3>: 2.99ns
The critical path consists of the following:
	fifo read operation ('outputs_read') on port 'outputs' [17]  (1.91 ns)
	'add' operation ('add_ln293', /home/ytq/codeField/Prediction_Model_Accelerator/CSIM/Layer_Norm_0612/src/../include/helpers.hpp:293) [22]  (1.08 ns)

 <State 4>: 7.3ns
The critical path consists of the following:
	'getelementptr' operation ('ln_data_addr', /home/ytq/codeField/Prediction_Model_Accelerator/CSIM/Layer_Norm_0612/src/../include/helpers.hpp:293) [25]  (0 ns)
	bus request operation ('empty_235', /home/ytq/codeField/Prediction_Model_Accelerator/CSIM/Layer_Norm_0612/src/../include/helpers.hpp:293) on port 'ln_data' (/home/ytq/codeField/Prediction_Model_Accelerator/CSIM/Layer_Norm_0612/src/../include/helpers.hpp:293) [26]  (7.3 ns)

 <State 5>: 7.3ns
The critical path consists of the following:
	'getelementptr' operation ('ln_data_addr_1', /home/ytq/codeField/Prediction_Model_Accelerator/CSIM/Layer_Norm_0612/src/../include/helpers.hpp:293) [30]  (0 ns)
	bus write operation ('write_ln297', /home/ytq/codeField/Prediction_Model_Accelerator/CSIM/Layer_Norm_0612/src/../include/helpers.hpp:297) on port 'ln_data' (/home/ytq/codeField/Prediction_Model_Accelerator/CSIM/Layer_Norm_0612/src/../include/helpers.hpp:297) [35]  (7.3 ns)

 <State 6>: 7.3ns
The critical path consists of the following:
	bus response operation ('empty_234', /home/ytq/codeField/Prediction_Model_Accelerator/CSIM/Layer_Norm_0612/src/../include/helpers.hpp:299) on port 'ln_data' (/home/ytq/codeField/Prediction_Model_Accelerator/CSIM/Layer_Norm_0612/src/../include/helpers.hpp:299) [40]  (7.3 ns)

 <State 7>: 7.3ns
The critical path consists of the following:
	bus response operation ('empty_234', /home/ytq/codeField/Prediction_Model_Accelerator/CSIM/Layer_Norm_0612/src/../include/helpers.hpp:299) on port 'ln_data' (/home/ytq/codeField/Prediction_Model_Accelerator/CSIM/Layer_Norm_0612/src/../include/helpers.hpp:299) [40]  (7.3 ns)

 <State 8>: 7.3ns
The critical path consists of the following:
	bus response operation ('empty_234', /home/ytq/codeField/Prediction_Model_Accelerator/CSIM/Layer_Norm_0612/src/../include/helpers.hpp:299) on port 'ln_data' (/home/ytq/codeField/Prediction_Model_Accelerator/CSIM/Layer_Norm_0612/src/../include/helpers.hpp:299) [40]  (7.3 ns)

 <State 9>: 7.3ns
The critical path consists of the following:
	bus response operation ('empty_234', /home/ytq/codeField/Prediction_Model_Accelerator/CSIM/Layer_Norm_0612/src/../include/helpers.hpp:299) on port 'ln_data' (/home/ytq/codeField/Prediction_Model_Accelerator/CSIM/Layer_Norm_0612/src/../include/helpers.hpp:299) [40]  (7.3 ns)

 <State 10>: 7.3ns
The critical path consists of the following:
	bus response operation ('empty_234', /home/ytq/codeField/Prediction_Model_Accelerator/CSIM/Layer_Norm_0612/src/../include/helpers.hpp:299) on port 'ln_data' (/home/ytq/codeField/Prediction_Model_Accelerator/CSIM/Layer_Norm_0612/src/../include/helpers.hpp:299) [40]  (7.3 ns)

 <State 11>: 7.3ns
The critical path consists of the following:
	bus response operation ('empty_234', /home/ytq/codeField/Prediction_Model_Accelerator/CSIM/Layer_Norm_0612/src/../include/helpers.hpp:299) on port 'ln_data' (/home/ytq/codeField/Prediction_Model_Accelerator/CSIM/Layer_Norm_0612/src/../include/helpers.hpp:299) [40]  (7.3 ns)

 <State 12>: 7.3ns
The critical path consists of the following:
	bus response operation ('empty_234', /home/ytq/codeField/Prediction_Model_Accelerator/CSIM/Layer_Norm_0612/src/../include/helpers.hpp:299) on port 'ln_data' (/home/ytq/codeField/Prediction_Model_Accelerator/CSIM/Layer_Norm_0612/src/../include/helpers.hpp:299) [40]  (7.3 ns)

 <State 13>: 7.3ns
The critical path consists of the following:
	bus response operation ('empty_234', /home/ytq/codeField/Prediction_Model_Accelerator/CSIM/Layer_Norm_0612/src/../include/helpers.hpp:299) on port 'ln_data' (/home/ytq/codeField/Prediction_Model_Accelerator/CSIM/Layer_Norm_0612/src/../include/helpers.hpp:299) [40]  (7.3 ns)

 <State 14>: 7.3ns
The critical path consists of the following:
	bus response operation ('empty_234', /home/ytq/codeField/Prediction_Model_Accelerator/CSIM/Layer_Norm_0612/src/../include/helpers.hpp:299) on port 'ln_data' (/home/ytq/codeField/Prediction_Model_Accelerator/CSIM/Layer_Norm_0612/src/../include/helpers.hpp:299) [40]  (7.3 ns)

 <State 15>: 7.3ns
The critical path consists of the following:
	bus response operation ('empty_234', /home/ytq/codeField/Prediction_Model_Accelerator/CSIM/Layer_Norm_0612/src/../include/helpers.hpp:299) on port 'ln_data' (/home/ytq/codeField/Prediction_Model_Accelerator/CSIM/Layer_Norm_0612/src/../include/helpers.hpp:299) [40]  (7.3 ns)

 <State 16>: 7.3ns
The critical path consists of the following:
	bus response operation ('empty_234', /home/ytq/codeField/Prediction_Model_Accelerator/CSIM/Layer_Norm_0612/src/../include/helpers.hpp:299) on port 'ln_data' (/home/ytq/codeField/Prediction_Model_Accelerator/CSIM/Layer_Norm_0612/src/../include/helpers.hpp:299) [40]  (7.3 ns)

 <State 17>: 7.3ns
The critical path consists of the following:
	bus response operation ('empty_234', /home/ytq/codeField/Prediction_Model_Accelerator/CSIM/Layer_Norm_0612/src/../include/helpers.hpp:299) on port 'ln_data' (/home/ytq/codeField/Prediction_Model_Accelerator/CSIM/Layer_Norm_0612/src/../include/helpers.hpp:299) [40]  (7.3 ns)

 <State 18>: 7.3ns
The critical path consists of the following:
	bus response operation ('empty_234', /home/ytq/codeField/Prediction_Model_Accelerator/CSIM/Layer_Norm_0612/src/../include/helpers.hpp:299) on port 'ln_data' (/home/ytq/codeField/Prediction_Model_Accelerator/CSIM/Layer_Norm_0612/src/../include/helpers.hpp:299) [40]  (7.3 ns)

 <State 19>: 7.3ns
The critical path consists of the following:
	bus response operation ('empty_234', /home/ytq/codeField/Prediction_Model_Accelerator/CSIM/Layer_Norm_0612/src/../include/helpers.hpp:299) on port 'ln_data' (/home/ytq/codeField/Prediction_Model_Accelerator/CSIM/Layer_Norm_0612/src/../include/helpers.hpp:299) [40]  (7.3 ns)

 <State 20>: 7.3ns
The critical path consists of the following:
	bus response operation ('empty_234', /home/ytq/codeField/Prediction_Model_Accelerator/CSIM/Layer_Norm_0612/src/../include/helpers.hpp:299) on port 'ln_data' (/home/ytq/codeField/Prediction_Model_Accelerator/CSIM/Layer_Norm_0612/src/../include/helpers.hpp:299) [40]  (7.3 ns)

 <State 21>: 7.3ns
The critical path consists of the following:
	bus response operation ('empty_234', /home/ytq/codeField/Prediction_Model_Accelerator/CSIM/Layer_Norm_0612/src/../include/helpers.hpp:299) on port 'ln_data' (/home/ytq/codeField/Prediction_Model_Accelerator/CSIM/Layer_Norm_0612/src/../include/helpers.hpp:299) [40]  (7.3 ns)

 <State 22>: 7.3ns
The critical path consists of the following:
	bus response operation ('empty_234', /home/ytq/codeField/Prediction_Model_Accelerator/CSIM/Layer_Norm_0612/src/../include/helpers.hpp:299) on port 'ln_data' (/home/ytq/codeField/Prediction_Model_Accelerator/CSIM/Layer_Norm_0612/src/../include/helpers.hpp:299) [40]  (7.3 ns)

 <State 23>: 7.3ns
The critical path consists of the following:
	bus response operation ('empty_234', /home/ytq/codeField/Prediction_Model_Accelerator/CSIM/Layer_Norm_0612/src/../include/helpers.hpp:299) on port 'ln_data' (/home/ytq/codeField/Prediction_Model_Accelerator/CSIM/Layer_Norm_0612/src/../include/helpers.hpp:299) [40]  (7.3 ns)

 <State 24>: 7.3ns
The critical path consists of the following:
	bus response operation ('empty_234', /home/ytq/codeField/Prediction_Model_Accelerator/CSIM/Layer_Norm_0612/src/../include/helpers.hpp:299) on port 'ln_data' (/home/ytq/codeField/Prediction_Model_Accelerator/CSIM/Layer_Norm_0612/src/../include/helpers.hpp:299) [40]  (7.3 ns)

 <State 25>: 7.3ns
The critical path consists of the following:
	bus response operation ('empty_234', /home/ytq/codeField/Prediction_Model_Accelerator/CSIM/Layer_Norm_0612/src/../include/helpers.hpp:299) on port 'ln_data' (/home/ytq/codeField/Prediction_Model_Accelerator/CSIM/Layer_Norm_0612/src/../include/helpers.hpp:299) [40]  (7.3 ns)

 <State 26>: 7.3ns
The critical path consists of the following:
	bus response operation ('empty_234', /home/ytq/codeField/Prediction_Model_Accelerator/CSIM/Layer_Norm_0612/src/../include/helpers.hpp:299) on port 'ln_data' (/home/ytq/codeField/Prediction_Model_Accelerator/CSIM/Layer_Norm_0612/src/../include/helpers.hpp:299) [40]  (7.3 ns)

 <State 27>: 7.3ns
The critical path consists of the following:
	bus response operation ('empty_234', /home/ytq/codeField/Prediction_Model_Accelerator/CSIM/Layer_Norm_0612/src/../include/helpers.hpp:299) on port 'ln_data' (/home/ytq/codeField/Prediction_Model_Accelerator/CSIM/Layer_Norm_0612/src/../include/helpers.hpp:299) [40]  (7.3 ns)

 <State 28>: 7.3ns
The critical path consists of the following:
	bus response operation ('empty_234', /home/ytq/codeField/Prediction_Model_Accelerator/CSIM/Layer_Norm_0612/src/../include/helpers.hpp:299) on port 'ln_data' (/home/ytq/codeField/Prediction_Model_Accelerator/CSIM/Layer_Norm_0612/src/../include/helpers.hpp:299) [40]  (7.3 ns)

 <State 29>: 7.3ns
The critical path consists of the following:
	bus response operation ('empty_234', /home/ytq/codeField/Prediction_Model_Accelerator/CSIM/Layer_Norm_0612/src/../include/helpers.hpp:299) on port 'ln_data' (/home/ytq/codeField/Prediction_Model_Accelerator/CSIM/Layer_Norm_0612/src/../include/helpers.hpp:299) [40]  (7.3 ns)

 <State 30>: 7.3ns
The critical path consists of the following:
	bus response operation ('empty_234', /home/ytq/codeField/Prediction_Model_Accelerator/CSIM/Layer_Norm_0612/src/../include/helpers.hpp:299) on port 'ln_data' (/home/ytq/codeField/Prediction_Model_Accelerator/CSIM/Layer_Norm_0612/src/../include/helpers.hpp:299) [40]  (7.3 ns)

 <State 31>: 7.3ns
The critical path consists of the following:
	bus response operation ('empty_234', /home/ytq/codeField/Prediction_Model_Accelerator/CSIM/Layer_Norm_0612/src/../include/helpers.hpp:299) on port 'ln_data' (/home/ytq/codeField/Prediction_Model_Accelerator/CSIM/Layer_Norm_0612/src/../include/helpers.hpp:299) [40]  (7.3 ns)

 <State 32>: 7.3ns
The critical path consists of the following:
	bus response operation ('empty_234', /home/ytq/codeField/Prediction_Model_Accelerator/CSIM/Layer_Norm_0612/src/../include/helpers.hpp:299) on port 'ln_data' (/home/ytq/codeField/Prediction_Model_Accelerator/CSIM/Layer_Norm_0612/src/../include/helpers.hpp:299) [40]  (7.3 ns)

 <State 33>: 7.3ns
The critical path consists of the following:
	bus response operation ('empty_234', /home/ytq/codeField/Prediction_Model_Accelerator/CSIM/Layer_Norm_0612/src/../include/helpers.hpp:299) on port 'ln_data' (/home/ytq/codeField/Prediction_Model_Accelerator/CSIM/Layer_Norm_0612/src/../include/helpers.hpp:299) [40]  (7.3 ns)

 <State 34>: 7.3ns
The critical path consists of the following:
	bus response operation ('empty_234', /home/ytq/codeField/Prediction_Model_Accelerator/CSIM/Layer_Norm_0612/src/../include/helpers.hpp:299) on port 'ln_data' (/home/ytq/codeField/Prediction_Model_Accelerator/CSIM/Layer_Norm_0612/src/../include/helpers.hpp:299) [40]  (7.3 ns)

 <State 35>: 7.3ns
The critical path consists of the following:
	bus response operation ('empty_234', /home/ytq/codeField/Prediction_Model_Accelerator/CSIM/Layer_Norm_0612/src/../include/helpers.hpp:299) on port 'ln_data' (/home/ytq/codeField/Prediction_Model_Accelerator/CSIM/Layer_Norm_0612/src/../include/helpers.hpp:299) [40]  (7.3 ns)

 <State 36>: 7.3ns
The critical path consists of the following:
	bus response operation ('empty_234', /home/ytq/codeField/Prediction_Model_Accelerator/CSIM/Layer_Norm_0612/src/../include/helpers.hpp:299) on port 'ln_data' (/home/ytq/codeField/Prediction_Model_Accelerator/CSIM/Layer_Norm_0612/src/../include/helpers.hpp:299) [40]  (7.3 ns)

 <State 37>: 7.3ns
The critical path consists of the following:
	bus response operation ('empty_234', /home/ytq/codeField/Prediction_Model_Accelerator/CSIM/Layer_Norm_0612/src/../include/helpers.hpp:299) on port 'ln_data' (/home/ytq/codeField/Prediction_Model_Accelerator/CSIM/Layer_Norm_0612/src/../include/helpers.hpp:299) [40]  (7.3 ns)

 <State 38>: 7.3ns
The critical path consists of the following:
	bus response operation ('empty_234', /home/ytq/codeField/Prediction_Model_Accelerator/CSIM/Layer_Norm_0612/src/../include/helpers.hpp:299) on port 'ln_data' (/home/ytq/codeField/Prediction_Model_Accelerator/CSIM/Layer_Norm_0612/src/../include/helpers.hpp:299) [40]  (7.3 ns)

 <State 39>: 7.3ns
The critical path consists of the following:
	bus response operation ('empty_234', /home/ytq/codeField/Prediction_Model_Accelerator/CSIM/Layer_Norm_0612/src/../include/helpers.hpp:299) on port 'ln_data' (/home/ytq/codeField/Prediction_Model_Accelerator/CSIM/Layer_Norm_0612/src/../include/helpers.hpp:299) [40]  (7.3 ns)

 <State 40>: 7.3ns
The critical path consists of the following:
	bus response operation ('empty_234', /home/ytq/codeField/Prediction_Model_Accelerator/CSIM/Layer_Norm_0612/src/../include/helpers.hpp:299) on port 'ln_data' (/home/ytq/codeField/Prediction_Model_Accelerator/CSIM/Layer_Norm_0612/src/../include/helpers.hpp:299) [40]  (7.3 ns)

 <State 41>: 7.3ns
The critical path consists of the following:
	bus response operation ('empty_234', /home/ytq/codeField/Prediction_Model_Accelerator/CSIM/Layer_Norm_0612/src/../include/helpers.hpp:299) on port 'ln_data' (/home/ytq/codeField/Prediction_Model_Accelerator/CSIM/Layer_Norm_0612/src/../include/helpers.hpp:299) [40]  (7.3 ns)


============================================================
+ Verbose Summary: Binding
============================================================
N/A
* FSMD analyzer results:
  - Output states:
 - Input state : 
  - Chain level:
	State 1
	State 2
	State 3
	State 4
	State 5
	State 6
	State 7
	State 8
	State 9
	State 10
	State 11
	State 12
	State 13
	State 14
	State 15
	State 16
	State 17
	State 18
	State 19
	State 20
	State 21
	State 22
	State 23
	State 24
	State 25
	State 26
	State 27
	State 28
	State 29
	State 30
	State 31
	State 32
	State 33
	State 34
	State 35
	State 36
	State 37
	State 38
	State 39
	State 40
	State 41


============================================================
+ Verbose Summary: Datapath Resource usage 
============================================================
N/A
