

================================================================
== Vitis HLS Report for 'p_anonymous_namespace_DataMover_B_ap_int_8_ap_uint_256_5u_Pipeline_4'
================================================================
* Date:           Tue Jun 25 13:53:26 2024

* Version:        2022.2 (Build 3670227 on Oct 13 2022)
* Project:        Layer_Norm.prj
* Solution:       sol (Vivado IP Flow Target)
* Product family: zynquplus
* Target device:  xczu7ev-ffvc1156-2-e


================================================================
== Performance Estimates
================================================================
+ Timing: 
    * Summary: 
    +--------+----------+----------+------------+
    |  Clock |  Target  | Estimated| Uncertainty|
    +--------+----------+----------+------------+
    |ap_clk  |  10.00 ns|  7.300 ns|     2.70 ns|
    +--------+----------+----------+------------+

+ Latency: 
    * Summary: 
    +---------+---------+----------+----------+-----+-----+---------+
    |  Latency (cycles) |  Latency (absolute) |  Interval | Pipeline|
    |   min   |   max   |    min   |    max   | min | max |   Type  |
    +---------+---------+----------+----------+-----+-----+---------+
    |       43|       73|  0.430 us|  0.730 us|   43|   73|       no|
    +---------+---------+----------+----------+-----+-----+---------+

    + Detail: 
        * Instance: 
        N/A

        * Loop: 
        +----------+---------+---------+----------+-----------+-----------+--------+----------+
        |          |  Latency (cycles) | Iteration|  Initiation Interval  |  Trip  |          |
        | Loop Name|   min   |   max   |  Latency |  achieved |   target  |  Count | Pipelined|
        +----------+---------+---------+----------+-----------+-----------+--------+----------+
        |- Loop 1  |       41|       71|        41|          1|          1|  1 ~ 31|       yes|
        +----------+---------+---------+----------+-----------+-----------+--------+----------+

============================================================
+ Verbose Summary: Synthesis Manager
============================================================
InlineROM: 1
ExposeGlobal: 0
============================================================
+ Verbose Summary: CDFG Model
============================================================
IsTopModel: 0
ResetActiveHigh: 1
IsCombinational: 0
IsDatapathOnly: 0
HasWiredReturn: 1
HasMFsm: 2
HasVarLatency: 1
IsPipeline: 0
IsRtlPipelined: 0
IsInstanceOverlapped: 0
IsDontTouch: 0
HasImplIP: 0
IsGatedGlobalClock: 0

+ Individual pipeline summary: 
  * Pipeline-0: initiation interval (II) = 1, depth = 41


============================================================
+ Verbose Summary: Schedule
============================================================
* Number of FSM states : 41
* Pipeline : 1
  Pipeline-0 : II = 1, D = 41, States = { 1 2 3 4 5 6 7 8 9 10 11 12 13 14 15 16 17 18 19 20 21 22 23 24 25 26 27 28 29 30 31 32 33 34 35 36 37 38 39 40 41 }
* Dataflow Pipeline: 0

* FSM state transitions: 
1 --> 2 
2 --> 3 
3 --> 4 
4 --> 5 
5 --> 6 
6 --> 7 
7 --> 8 
8 --> 9 
9 --> 10 
10 --> 11 
11 --> 12 
12 --> 13 
13 --> 14 
14 --> 15 
15 --> 16 
16 --> 17 
17 --> 18 
18 --> 19 
19 --> 20 
20 --> 21 
21 --> 22 
22 --> 23 
23 --> 24 
24 --> 25 
25 --> 26 
26 --> 27 
27 --> 28 
28 --> 29 
29 --> 30 
30 --> 31 
31 --> 32 
32 --> 33 
33 --> 34 
34 --> 35 
35 --> 36 
36 --> 37 
37 --> 38 
38 --> 39 
39 --> 40 
40 --> 41 
41 --> 

* FSM state operations: 

State 1 <SV = 0> <Delay = 2.10>
ST_1 : Operation 44 [1/1] (0.00ns)   --->   "%residual_loop_index = alloca i32 1"   --->   Operation 44 'alloca' 'residual_loop_index' <Predicate = true> <Delay = 0.00>
ST_1 : Operation 45 [1/1] (0.00ns)   --->   "%specbramwithbyteenable_ln0 = specbramwithbyteenable void @_ssdm_op_SpecBRAMWithByteEnable, i256 %beta_ram"   --->   Operation 45 'specbramwithbyteenable' 'specbramwithbyteenable_ln0' <Predicate = true> <Delay = 0.00>
ST_1 : Operation 46 [1/1] (0.00ns)   --->   "%trunc_ln96_1_read = read i5 @_ssdm_op_Read.ap_auto.i5, i5 %trunc_ln96_1"   --->   Operation 46 'read' 'trunc_ln96_1_read' <Predicate = true> <Delay = 0.00>
ST_1 : Operation 47 [1/1] (0.00ns)   --->   "%trunc_ln_read = read i5 @_ssdm_op_Read.ap_auto.i5, i5 %trunc_ln"   --->   Operation 47 'read' 'trunc_ln_read' <Predicate = true> <Delay = 0.00>
ST_1 : Operation 48 [1/1] (0.00ns)   --->   "%sub_ln96_cast1_read = read i5 @_ssdm_op_Read.ap_auto.i5, i5 %sub_ln96_cast1"   --->   Operation 48 'read' 'sub_ln96_cast1_read' <Predicate = true> <Delay = 0.00>
ST_1 : Operation 49 [1/1] (0.00ns)   --->   "%add_ln97_read = read i64 @_ssdm_op_Read.ap_auto.i64, i64 %add_ln97"   --->   Operation 49 'read' 'add_ln97_read' <Predicate = true> <Delay = 0.00>
ST_1 : Operation 50 [1/1] (0.00ns)   --->   "%sext_ln96_read = read i33 @_ssdm_op_Read.ap_auto.i33, i33 %sext_ln96"   --->   Operation 50 'read' 'sext_ln96_read' <Predicate = true> <Delay = 0.00>
ST_1 : Operation 51 [1/1] (0.00ns)   --->   "%trunc_ln96_3_read = read i14 @_ssdm_op_Read.ap_auto.i14, i14 %trunc_ln96_3"   --->   Operation 51 'read' 'trunc_ln96_3_read' <Predicate = true> <Delay = 0.00>
ST_1 : Operation 52 [1/1] (0.00ns)   --->   "%sext_ln96_cast = sext i33 %sext_ln96_read"   --->   Operation 52 'sext' 'sext_ln96_cast' <Predicate = true> <Delay = 0.00>
ST_1 : Operation 53 [1/1] (0.00ns)   --->   "%specmemcore_ln0 = specmemcore void @_ssdm_op_SpecMemCore, i256 %beta_ram, i64 666, i64 18, i64 18446744073709551615"   --->   Operation 53 'specmemcore' 'specmemcore_ln0' <Predicate = true> <Delay = 0.00>
ST_1 : Operation 54 [1/1] (0.00ns)   --->   "%specinterface_ln0 = specinterface void @_ssdm_op_SpecInterface, i256 %ln_paras, void @empty_22, i32 0, i32 0, void @empty_13, i32 32, i32 8, void @empty_32, void @empty_33, void @empty_13, i32 64, i32 1, i32 64, i32 64, void @empty_13, void @empty_13, i32 4294967295, i32 0"   --->   Operation 54 'specinterface' 'specinterface_ln0' <Predicate = true> <Delay = 0.00>
ST_1 : Operation 55 [1/1] (0.42ns)   --->   "%store_ln0 = store i5 0, i5 %residual_loop_index"   --->   Operation 55 'store' 'store_ln0' <Predicate = true> <Delay = 0.42>
ST_1 : Operation 56 [1/1] (0.00ns)   --->   "%br_ln0 = br void %loop-memcpy-residual"   --->   Operation 56 'br' 'br_ln0' <Predicate = true> <Delay = 0.00>
ST_1 : Operation 57 [1/1] (0.00ns)   --->   "%residual_loop_index_load = load i5 %residual_loop_index"   --->   Operation 57 'load' 'residual_loop_index_load' <Predicate = true> <Delay = 0.00>
ST_1 : Operation 58 [1/1] (0.00ns)   --->   "%residual_loop_index_cast20 = zext i5 %residual_loop_index_load"   --->   Operation 58 'zext' 'residual_loop_index_cast20' <Predicate = true> <Delay = 0.00>
ST_1 : Operation 59 [1/1] (1.01ns)   --->   "%tmp2 = add i34 %sext_ln96_cast, i34 %residual_loop_index_cast20"   --->   Operation 59 'add' 'tmp2' <Predicate = true> <Delay = 1.01> <CoreInst = "Adder">   --->   Core 1 'Adder' <Latency = 0> <II = 1> <Delay = 1.01> <FuncUnit> <Opcode : 'add' 'sub'> <InPorts = 2> <OutPorts = 1>
ST_1 : Operation 60 [1/1] (0.00ns)   --->   "%tmp2_cast = sext i34 %tmp2"   --->   Operation 60 'sext' 'tmp2_cast' <Predicate = true> <Delay = 0.00>
ST_1 : Operation 61 [1/1] (1.08ns)   --->   "%empty_239 = add i64 %tmp2_cast, i64 %add_ln97_read"   --->   Operation 61 'add' 'empty_239' <Predicate = true> <Delay = 1.08> <CoreInst = "Adder">   --->   Core 1 'Adder' <Latency = 0> <II = 1> <Delay = 1.08> <FuncUnit> <Opcode : 'add' 'sub'> <InPorts = 2> <OutPorts = 1>
ST_1 : Operation 62 [1/1] (0.00ns)   --->   "%p_cast1 = partselect i59 @_ssdm_op_PartSelect.i59.i64.i32.i32, i64 %empty_239, i32 5, i32 63"   --->   Operation 62 'partselect' 'p_cast1' <Predicate = true> <Delay = 0.00>
ST_1 : Operation 63 [1/1] (0.78ns)   --->   "%empty_245 = add i5 %residual_loop_index_load, i5 1"   --->   Operation 63 'add' 'empty_245' <Predicate = true> <Delay = 0.78> <CoreInst = "Adder">   --->   Core 1 'Adder' <Latency = 0> <II = 1> <Delay = 0.78> <FuncUnit> <Opcode : 'add' 'sub'> <InPorts = 2> <OutPorts = 1>
ST_1 : Operation 64 [1/1] (0.75ns)   --->   "%exitcond6 = icmp_eq  i5 %empty_245, i5 %trunc_ln96_1_read"   --->   Operation 64 'icmp' 'exitcond6' <Predicate = true> <Delay = 0.75> <CoreInst = "Cmp">   --->   Core 9 'Cmp' <Latency = 0> <II = 1> <Delay = 0.75> <FuncUnit> <Opcode : 'icmp'> <InPorts = 2> <OutPorts = 1>
ST_1 : Operation 65 [1/1] (0.00ns)   --->   "%br_ln0 = br i1 %exitcond6, void %loop-memcpy-residual.loop-memcpy-residual_crit_edge, void %VITIS_LOOP_99_1.loopexit.exitStub"   --->   Operation 65 'br' 'br_ln0' <Predicate = true> <Delay = 0.00>
ST_1 : Operation 66 [1/1] (0.42ns)   --->   "%store_ln0 = store i5 %empty_245, i5 %residual_loop_index"   --->   Operation 66 'store' 'store_ln0' <Predicate = (!exitcond6)> <Delay = 0.42>
ST_1 : Operation 67 [1/1] (0.00ns)   --->   "%br_ln0 = br void %loop-memcpy-residual"   --->   Operation 67 'br' 'br_ln0' <Predicate = (!exitcond6)> <Delay = 0.00>

State 2 <SV = 1> <Delay = 7.30>
ST_2 : Operation 68 [1/1] (0.00ns)   --->   "%p_cast12_cast = sext i59 %p_cast1"   --->   Operation 68 'sext' 'p_cast12_cast' <Predicate = true> <Delay = 0.00>
ST_2 : Operation 69 [1/1] (0.00ns)   --->   "%ln_paras_addr = getelementptr i256 %ln_paras, i64 %p_cast12_cast"   --->   Operation 69 'getelementptr' 'ln_paras_addr' <Predicate = true> <Delay = 0.00>
ST_2 : Operation 70 [38/38] (7.30ns)   --->   "%ln_paras_load_1_req = readreq i1 @_ssdm_op_ReadReq.m_axi.i256P1A, i256 %ln_paras_addr, i32 1"   --->   Operation 70 'readreq' 'ln_paras_load_1_req' <Predicate = true> <Delay = 7.30> <CoreInst = "m_axi">   --->   Core 121 'm_axi' <Latency = 0> <II = 1> <Delay = 1.00> <Adapter> <Opcode : 'read' 'write' 'readreq' 'writereq' 'writeresp'>

State 3 <SV = 2> <Delay = 7.30>
ST_3 : Operation 71 [37/38] (7.30ns)   --->   "%ln_paras_load_1_req = readreq i1 @_ssdm_op_ReadReq.m_axi.i256P1A, i256 %ln_paras_addr, i32 1"   --->   Operation 71 'readreq' 'ln_paras_load_1_req' <Predicate = true> <Delay = 7.30> <CoreInst = "m_axi">   --->   Core 121 'm_axi' <Latency = 0> <II = 1> <Delay = 1.00> <Adapter> <Opcode : 'read' 'write' 'readreq' 'writereq' 'writeresp'>

State 4 <SV = 3> <Delay = 7.30>
ST_4 : Operation 72 [36/38] (7.30ns)   --->   "%ln_paras_load_1_req = readreq i1 @_ssdm_op_ReadReq.m_axi.i256P1A, i256 %ln_paras_addr, i32 1"   --->   Operation 72 'readreq' 'ln_paras_load_1_req' <Predicate = true> <Delay = 7.30> <CoreInst = "m_axi">   --->   Core 121 'm_axi' <Latency = 0> <II = 1> <Delay = 1.00> <Adapter> <Opcode : 'read' 'write' 'readreq' 'writereq' 'writeresp'>

State 5 <SV = 4> <Delay = 7.30>
ST_5 : Operation 73 [35/38] (7.30ns)   --->   "%ln_paras_load_1_req = readreq i1 @_ssdm_op_ReadReq.m_axi.i256P1A, i256 %ln_paras_addr, i32 1"   --->   Operation 73 'readreq' 'ln_paras_load_1_req' <Predicate = true> <Delay = 7.30> <CoreInst = "m_axi">   --->   Core 121 'm_axi' <Latency = 0> <II = 1> <Delay = 1.00> <Adapter> <Opcode : 'read' 'write' 'readreq' 'writereq' 'writeresp'>

State 6 <SV = 5> <Delay = 7.30>
ST_6 : Operation 74 [34/38] (7.30ns)   --->   "%ln_paras_load_1_req = readreq i1 @_ssdm_op_ReadReq.m_axi.i256P1A, i256 %ln_paras_addr, i32 1"   --->   Operation 74 'readreq' 'ln_paras_load_1_req' <Predicate = true> <Delay = 7.30> <CoreInst = "m_axi">   --->   Core 121 'm_axi' <Latency = 0> <II = 1> <Delay = 1.00> <Adapter> <Opcode : 'read' 'write' 'readreq' 'writereq' 'writeresp'>

State 7 <SV = 6> <Delay = 7.30>
ST_7 : Operation 75 [33/38] (7.30ns)   --->   "%ln_paras_load_1_req = readreq i1 @_ssdm_op_ReadReq.m_axi.i256P1A, i256 %ln_paras_addr, i32 1"   --->   Operation 75 'readreq' 'ln_paras_load_1_req' <Predicate = true> <Delay = 7.30> <CoreInst = "m_axi">   --->   Core 121 'm_axi' <Latency = 0> <II = 1> <Delay = 1.00> <Adapter> <Opcode : 'read' 'write' 'readreq' 'writereq' 'writeresp'>

State 8 <SV = 7> <Delay = 7.30>
ST_8 : Operation 76 [32/38] (7.30ns)   --->   "%ln_paras_load_1_req = readreq i1 @_ssdm_op_ReadReq.m_axi.i256P1A, i256 %ln_paras_addr, i32 1"   --->   Operation 76 'readreq' 'ln_paras_load_1_req' <Predicate = true> <Delay = 7.30> <CoreInst = "m_axi">   --->   Core 121 'm_axi' <Latency = 0> <II = 1> <Delay = 1.00> <Adapter> <Opcode : 'read' 'write' 'readreq' 'writereq' 'writeresp'>

State 9 <SV = 8> <Delay = 7.30>
ST_9 : Operation 77 [31/38] (7.30ns)   --->   "%ln_paras_load_1_req = readreq i1 @_ssdm_op_ReadReq.m_axi.i256P1A, i256 %ln_paras_addr, i32 1"   --->   Operation 77 'readreq' 'ln_paras_load_1_req' <Predicate = true> <Delay = 7.30> <CoreInst = "m_axi">   --->   Core 121 'm_axi' <Latency = 0> <II = 1> <Delay = 1.00> <Adapter> <Opcode : 'read' 'write' 'readreq' 'writereq' 'writeresp'>

State 10 <SV = 9> <Delay = 7.30>
ST_10 : Operation 78 [30/38] (7.30ns)   --->   "%ln_paras_load_1_req = readreq i1 @_ssdm_op_ReadReq.m_axi.i256P1A, i256 %ln_paras_addr, i32 1"   --->   Operation 78 'readreq' 'ln_paras_load_1_req' <Predicate = true> <Delay = 7.30> <CoreInst = "m_axi">   --->   Core 121 'm_axi' <Latency = 0> <II = 1> <Delay = 1.00> <Adapter> <Opcode : 'read' 'write' 'readreq' 'writereq' 'writeresp'>

State 11 <SV = 10> <Delay = 7.30>
ST_11 : Operation 79 [29/38] (7.30ns)   --->   "%ln_paras_load_1_req = readreq i1 @_ssdm_op_ReadReq.m_axi.i256P1A, i256 %ln_paras_addr, i32 1"   --->   Operation 79 'readreq' 'ln_paras_load_1_req' <Predicate = true> <Delay = 7.30> <CoreInst = "m_axi">   --->   Core 121 'm_axi' <Latency = 0> <II = 1> <Delay = 1.00> <Adapter> <Opcode : 'read' 'write' 'readreq' 'writereq' 'writeresp'>

State 12 <SV = 11> <Delay = 7.30>
ST_12 : Operation 80 [28/38] (7.30ns)   --->   "%ln_paras_load_1_req = readreq i1 @_ssdm_op_ReadReq.m_axi.i256P1A, i256 %ln_paras_addr, i32 1"   --->   Operation 80 'readreq' 'ln_paras_load_1_req' <Predicate = true> <Delay = 7.30> <CoreInst = "m_axi">   --->   Core 121 'm_axi' <Latency = 0> <II = 1> <Delay = 1.00> <Adapter> <Opcode : 'read' 'write' 'readreq' 'writereq' 'writeresp'>

State 13 <SV = 12> <Delay = 7.30>
ST_13 : Operation 81 [27/38] (7.30ns)   --->   "%ln_paras_load_1_req = readreq i1 @_ssdm_op_ReadReq.m_axi.i256P1A, i256 %ln_paras_addr, i32 1"   --->   Operation 81 'readreq' 'ln_paras_load_1_req' <Predicate = true> <Delay = 7.30> <CoreInst = "m_axi">   --->   Core 121 'm_axi' <Latency = 0> <II = 1> <Delay = 1.00> <Adapter> <Opcode : 'read' 'write' 'readreq' 'writereq' 'writeresp'>

State 14 <SV = 13> <Delay = 7.30>
ST_14 : Operation 82 [26/38] (7.30ns)   --->   "%ln_paras_load_1_req = readreq i1 @_ssdm_op_ReadReq.m_axi.i256P1A, i256 %ln_paras_addr, i32 1"   --->   Operation 82 'readreq' 'ln_paras_load_1_req' <Predicate = true> <Delay = 7.30> <CoreInst = "m_axi">   --->   Core 121 'm_axi' <Latency = 0> <II = 1> <Delay = 1.00> <Adapter> <Opcode : 'read' 'write' 'readreq' 'writereq' 'writeresp'>

State 15 <SV = 14> <Delay = 7.30>
ST_15 : Operation 83 [25/38] (7.30ns)   --->   "%ln_paras_load_1_req = readreq i1 @_ssdm_op_ReadReq.m_axi.i256P1A, i256 %ln_paras_addr, i32 1"   --->   Operation 83 'readreq' 'ln_paras_load_1_req' <Predicate = true> <Delay = 7.30> <CoreInst = "m_axi">   --->   Core 121 'm_axi' <Latency = 0> <II = 1> <Delay = 1.00> <Adapter> <Opcode : 'read' 'write' 'readreq' 'writereq' 'writeresp'>

State 16 <SV = 15> <Delay = 7.30>
ST_16 : Operation 84 [24/38] (7.30ns)   --->   "%ln_paras_load_1_req = readreq i1 @_ssdm_op_ReadReq.m_axi.i256P1A, i256 %ln_paras_addr, i32 1"   --->   Operation 84 'readreq' 'ln_paras_load_1_req' <Predicate = true> <Delay = 7.30> <CoreInst = "m_axi">   --->   Core 121 'm_axi' <Latency = 0> <II = 1> <Delay = 1.00> <Adapter> <Opcode : 'read' 'write' 'readreq' 'writereq' 'writeresp'>

State 17 <SV = 16> <Delay = 7.30>
ST_17 : Operation 85 [23/38] (7.30ns)   --->   "%ln_paras_load_1_req = readreq i1 @_ssdm_op_ReadReq.m_axi.i256P1A, i256 %ln_paras_addr, i32 1"   --->   Operation 85 'readreq' 'ln_paras_load_1_req' <Predicate = true> <Delay = 7.30> <CoreInst = "m_axi">   --->   Core 121 'm_axi' <Latency = 0> <II = 1> <Delay = 1.00> <Adapter> <Opcode : 'read' 'write' 'readreq' 'writereq' 'writeresp'>

State 18 <SV = 17> <Delay = 7.30>
ST_18 : Operation 86 [22/38] (7.30ns)   --->   "%ln_paras_load_1_req = readreq i1 @_ssdm_op_ReadReq.m_axi.i256P1A, i256 %ln_paras_addr, i32 1"   --->   Operation 86 'readreq' 'ln_paras_load_1_req' <Predicate = true> <Delay = 7.30> <CoreInst = "m_axi">   --->   Core 121 'm_axi' <Latency = 0> <II = 1> <Delay = 1.00> <Adapter> <Opcode : 'read' 'write' 'readreq' 'writereq' 'writeresp'>

State 19 <SV = 18> <Delay = 7.30>
ST_19 : Operation 87 [21/38] (7.30ns)   --->   "%ln_paras_load_1_req = readreq i1 @_ssdm_op_ReadReq.m_axi.i256P1A, i256 %ln_paras_addr, i32 1"   --->   Operation 87 'readreq' 'ln_paras_load_1_req' <Predicate = true> <Delay = 7.30> <CoreInst = "m_axi">   --->   Core 121 'm_axi' <Latency = 0> <II = 1> <Delay = 1.00> <Adapter> <Opcode : 'read' 'write' 'readreq' 'writereq' 'writeresp'>

State 20 <SV = 19> <Delay = 7.30>
ST_20 : Operation 88 [20/38] (7.30ns)   --->   "%ln_paras_load_1_req = readreq i1 @_ssdm_op_ReadReq.m_axi.i256P1A, i256 %ln_paras_addr, i32 1"   --->   Operation 88 'readreq' 'ln_paras_load_1_req' <Predicate = true> <Delay = 7.30> <CoreInst = "m_axi">   --->   Core 121 'm_axi' <Latency = 0> <II = 1> <Delay = 1.00> <Adapter> <Opcode : 'read' 'write' 'readreq' 'writereq' 'writeresp'>

State 21 <SV = 20> <Delay = 7.30>
ST_21 : Operation 89 [19/38] (7.30ns)   --->   "%ln_paras_load_1_req = readreq i1 @_ssdm_op_ReadReq.m_axi.i256P1A, i256 %ln_paras_addr, i32 1"   --->   Operation 89 'readreq' 'ln_paras_load_1_req' <Predicate = true> <Delay = 7.30> <CoreInst = "m_axi">   --->   Core 121 'm_axi' <Latency = 0> <II = 1> <Delay = 1.00> <Adapter> <Opcode : 'read' 'write' 'readreq' 'writereq' 'writeresp'>

State 22 <SV = 21> <Delay = 7.30>
ST_22 : Operation 90 [18/38] (7.30ns)   --->   "%ln_paras_load_1_req = readreq i1 @_ssdm_op_ReadReq.m_axi.i256P1A, i256 %ln_paras_addr, i32 1"   --->   Operation 90 'readreq' 'ln_paras_load_1_req' <Predicate = true> <Delay = 7.30> <CoreInst = "m_axi">   --->   Core 121 'm_axi' <Latency = 0> <II = 1> <Delay = 1.00> <Adapter> <Opcode : 'read' 'write' 'readreq' 'writereq' 'writeresp'>

State 23 <SV = 22> <Delay = 7.30>
ST_23 : Operation 91 [17/38] (7.30ns)   --->   "%ln_paras_load_1_req = readreq i1 @_ssdm_op_ReadReq.m_axi.i256P1A, i256 %ln_paras_addr, i32 1"   --->   Operation 91 'readreq' 'ln_paras_load_1_req' <Predicate = true> <Delay = 7.30> <CoreInst = "m_axi">   --->   Core 121 'm_axi' <Latency = 0> <II = 1> <Delay = 1.00> <Adapter> <Opcode : 'read' 'write' 'readreq' 'writereq' 'writeresp'>

State 24 <SV = 23> <Delay = 7.30>
ST_24 : Operation 92 [16/38] (7.30ns)   --->   "%ln_paras_load_1_req = readreq i1 @_ssdm_op_ReadReq.m_axi.i256P1A, i256 %ln_paras_addr, i32 1"   --->   Operation 92 'readreq' 'ln_paras_load_1_req' <Predicate = true> <Delay = 7.30> <CoreInst = "m_axi">   --->   Core 121 'm_axi' <Latency = 0> <II = 1> <Delay = 1.00> <Adapter> <Opcode : 'read' 'write' 'readreq' 'writereq' 'writeresp'>

State 25 <SV = 24> <Delay = 7.30>
ST_25 : Operation 93 [15/38] (7.30ns)   --->   "%ln_paras_load_1_req = readreq i1 @_ssdm_op_ReadReq.m_axi.i256P1A, i256 %ln_paras_addr, i32 1"   --->   Operation 93 'readreq' 'ln_paras_load_1_req' <Predicate = true> <Delay = 7.30> <CoreInst = "m_axi">   --->   Core 121 'm_axi' <Latency = 0> <II = 1> <Delay = 1.00> <Adapter> <Opcode : 'read' 'write' 'readreq' 'writereq' 'writeresp'>

State 26 <SV = 25> <Delay = 7.30>
ST_26 : Operation 94 [14/38] (7.30ns)   --->   "%ln_paras_load_1_req = readreq i1 @_ssdm_op_ReadReq.m_axi.i256P1A, i256 %ln_paras_addr, i32 1"   --->   Operation 94 'readreq' 'ln_paras_load_1_req' <Predicate = true> <Delay = 7.30> <CoreInst = "m_axi">   --->   Core 121 'm_axi' <Latency = 0> <II = 1> <Delay = 1.00> <Adapter> <Opcode : 'read' 'write' 'readreq' 'writereq' 'writeresp'>

State 27 <SV = 26> <Delay = 7.30>
ST_27 : Operation 95 [13/38] (7.30ns)   --->   "%ln_paras_load_1_req = readreq i1 @_ssdm_op_ReadReq.m_axi.i256P1A, i256 %ln_paras_addr, i32 1"   --->   Operation 95 'readreq' 'ln_paras_load_1_req' <Predicate = true> <Delay = 7.30> <CoreInst = "m_axi">   --->   Core 121 'm_axi' <Latency = 0> <II = 1> <Delay = 1.00> <Adapter> <Opcode : 'read' 'write' 'readreq' 'writereq' 'writeresp'>

State 28 <SV = 27> <Delay = 7.30>
ST_28 : Operation 96 [12/38] (7.30ns)   --->   "%ln_paras_load_1_req = readreq i1 @_ssdm_op_ReadReq.m_axi.i256P1A, i256 %ln_paras_addr, i32 1"   --->   Operation 96 'readreq' 'ln_paras_load_1_req' <Predicate = true> <Delay = 7.30> <CoreInst = "m_axi">   --->   Core 121 'm_axi' <Latency = 0> <II = 1> <Delay = 1.00> <Adapter> <Opcode : 'read' 'write' 'readreq' 'writereq' 'writeresp'>

State 29 <SV = 28> <Delay = 7.30>
ST_29 : Operation 97 [11/38] (7.30ns)   --->   "%ln_paras_load_1_req = readreq i1 @_ssdm_op_ReadReq.m_axi.i256P1A, i256 %ln_paras_addr, i32 1"   --->   Operation 97 'readreq' 'ln_paras_load_1_req' <Predicate = true> <Delay = 7.30> <CoreInst = "m_axi">   --->   Core 121 'm_axi' <Latency = 0> <II = 1> <Delay = 1.00> <Adapter> <Opcode : 'read' 'write' 'readreq' 'writereq' 'writeresp'>

State 30 <SV = 29> <Delay = 7.30>
ST_30 : Operation 98 [10/38] (7.30ns)   --->   "%ln_paras_load_1_req = readreq i1 @_ssdm_op_ReadReq.m_axi.i256P1A, i256 %ln_paras_addr, i32 1"   --->   Operation 98 'readreq' 'ln_paras_load_1_req' <Predicate = true> <Delay = 7.30> <CoreInst = "m_axi">   --->   Core 121 'm_axi' <Latency = 0> <II = 1> <Delay = 1.00> <Adapter> <Opcode : 'read' 'write' 'readreq' 'writereq' 'writeresp'>

State 31 <SV = 30> <Delay = 7.30>
ST_31 : Operation 99 [9/38] (7.30ns)   --->   "%ln_paras_load_1_req = readreq i1 @_ssdm_op_ReadReq.m_axi.i256P1A, i256 %ln_paras_addr, i32 1"   --->   Operation 99 'readreq' 'ln_paras_load_1_req' <Predicate = true> <Delay = 7.30> <CoreInst = "m_axi">   --->   Core 121 'm_axi' <Latency = 0> <II = 1> <Delay = 1.00> <Adapter> <Opcode : 'read' 'write' 'readreq' 'writereq' 'writeresp'>

State 32 <SV = 31> <Delay = 7.30>
ST_32 : Operation 100 [8/38] (7.30ns)   --->   "%ln_paras_load_1_req = readreq i1 @_ssdm_op_ReadReq.m_axi.i256P1A, i256 %ln_paras_addr, i32 1"   --->   Operation 100 'readreq' 'ln_paras_load_1_req' <Predicate = true> <Delay = 7.30> <CoreInst = "m_axi">   --->   Core 121 'm_axi' <Latency = 0> <II = 1> <Delay = 1.00> <Adapter> <Opcode : 'read' 'write' 'readreq' 'writereq' 'writeresp'>

State 33 <SV = 32> <Delay = 7.30>
ST_33 : Operation 101 [7/38] (7.30ns)   --->   "%ln_paras_load_1_req = readreq i1 @_ssdm_op_ReadReq.m_axi.i256P1A, i256 %ln_paras_addr, i32 1"   --->   Operation 101 'readreq' 'ln_paras_load_1_req' <Predicate = true> <Delay = 7.30> <CoreInst = "m_axi">   --->   Core 121 'm_axi' <Latency = 0> <II = 1> <Delay = 1.00> <Adapter> <Opcode : 'read' 'write' 'readreq' 'writereq' 'writeresp'>

State 34 <SV = 33> <Delay = 7.30>
ST_34 : Operation 102 [6/38] (7.30ns)   --->   "%ln_paras_load_1_req = readreq i1 @_ssdm_op_ReadReq.m_axi.i256P1A, i256 %ln_paras_addr, i32 1"   --->   Operation 102 'readreq' 'ln_paras_load_1_req' <Predicate = true> <Delay = 7.30> <CoreInst = "m_axi">   --->   Core 121 'm_axi' <Latency = 0> <II = 1> <Delay = 1.00> <Adapter> <Opcode : 'read' 'write' 'readreq' 'writereq' 'writeresp'>

State 35 <SV = 34> <Delay = 7.30>
ST_35 : Operation 103 [5/38] (7.30ns)   --->   "%ln_paras_load_1_req = readreq i1 @_ssdm_op_ReadReq.m_axi.i256P1A, i256 %ln_paras_addr, i32 1"   --->   Operation 103 'readreq' 'ln_paras_load_1_req' <Predicate = true> <Delay = 7.30> <CoreInst = "m_axi">   --->   Core 121 'm_axi' <Latency = 0> <II = 1> <Delay = 1.00> <Adapter> <Opcode : 'read' 'write' 'readreq' 'writereq' 'writeresp'>

State 36 <SV = 35> <Delay = 7.30>
ST_36 : Operation 104 [4/38] (7.30ns)   --->   "%ln_paras_load_1_req = readreq i1 @_ssdm_op_ReadReq.m_axi.i256P1A, i256 %ln_paras_addr, i32 1"   --->   Operation 104 'readreq' 'ln_paras_load_1_req' <Predicate = true> <Delay = 7.30> <CoreInst = "m_axi">   --->   Core 121 'm_axi' <Latency = 0> <II = 1> <Delay = 1.00> <Adapter> <Opcode : 'read' 'write' 'readreq' 'writereq' 'writeresp'>

State 37 <SV = 36> <Delay = 7.30>
ST_37 : Operation 105 [3/38] (7.30ns)   --->   "%ln_paras_load_1_req = readreq i1 @_ssdm_op_ReadReq.m_axi.i256P1A, i256 %ln_paras_addr, i32 1"   --->   Operation 105 'readreq' 'ln_paras_load_1_req' <Predicate = true> <Delay = 7.30> <CoreInst = "m_axi">   --->   Core 121 'm_axi' <Latency = 0> <II = 1> <Delay = 1.00> <Adapter> <Opcode : 'read' 'write' 'readreq' 'writereq' 'writeresp'>

State 38 <SV = 37> <Delay = 7.30>
ST_38 : Operation 106 [2/38] (7.30ns)   --->   "%ln_paras_load_1_req = readreq i1 @_ssdm_op_ReadReq.m_axi.i256P1A, i256 %ln_paras_addr, i32 1"   --->   Operation 106 'readreq' 'ln_paras_load_1_req' <Predicate = true> <Delay = 7.30> <CoreInst = "m_axi">   --->   Core 121 'm_axi' <Latency = 0> <II = 1> <Delay = 1.00> <Adapter> <Opcode : 'read' 'write' 'readreq' 'writereq' 'writeresp'>

State 39 <SV = 38> <Delay = 7.30>
ST_39 : Operation 107 [1/38] (7.30ns)   --->   "%ln_paras_load_1_req = readreq i1 @_ssdm_op_ReadReq.m_axi.i256P1A, i256 %ln_paras_addr, i32 1"   --->   Operation 107 'readreq' 'ln_paras_load_1_req' <Predicate = true> <Delay = 7.30> <CoreInst = "m_axi">   --->   Core 121 'm_axi' <Latency = 0> <II = 1> <Delay = 1.00> <Adapter> <Opcode : 'read' 'write' 'readreq' 'writereq' 'writeresp'>

State 40 <SV = 39> <Delay = 7.30>
ST_40 : Operation 108 [1/1] (7.30ns)   --->   "%ln_paras_addr_read = read i256 @_ssdm_op_Read.m_axi.i256P1A, i256 %ln_paras_addr"   --->   Operation 108 'read' 'ln_paras_addr_read' <Predicate = true> <Delay = 7.30> <CoreInst = "m_axi">   --->   Core 121 'm_axi' <Latency = 0> <II = 1> <Delay = 1.00> <Adapter> <Opcode : 'read' 'write' 'readreq' 'writereq' 'writeresp'>

State 41 <SV = 40> <Delay = 4.34>
ST_41 : Operation 109 [1/1] (0.00ns)   --->   "%residual_loop_index_cast = zext i5 %residual_loop_index_load"   --->   Operation 109 'zext' 'residual_loop_index_cast' <Predicate = true> <Delay = 0.00>
ST_41 : Operation 110 [1/1] (0.00ns)   --->   "%specpipeline_ln0 = specpipeline void @_ssdm_op_SpecPipeline, i32 4294967295, i32 0, i32 1, i32 0, void @p_str"   --->   Operation 110 'specpipeline' 'specpipeline_ln0' <Predicate = true> <Delay = 0.00>
ST_41 : Operation 111 [1/1] (0.83ns)   --->   "%empty = add i14 %trunc_ln96_3_read, i14 %residual_loop_index_cast"   --->   Operation 111 'add' 'empty' <Predicate = true> <Delay = 0.83> <CoreInst = "Adder">   --->   Core 1 'Adder' <Latency = 0> <II = 1> <Delay = 0.83> <FuncUnit> <Opcode : 'add' 'sub'> <InPorts = 2> <OutPorts = 1>
ST_41 : Operation 112 [1/1] (0.78ns)   --->   "%tmp3 = add i5 %sub_ln96_cast1_read, i5 %residual_loop_index_load"   --->   Operation 112 'add' 'tmp3' <Predicate = true> <Delay = 0.78> <CoreInst = "Adder">   --->   Core 1 'Adder' <Latency = 0> <II = 1> <Delay = 0.78> <FuncUnit> <Opcode : 'add' 'sub'> <InPorts = 2> <OutPorts = 1>
ST_41 : Operation 113 [1/1] (0.78ns)   --->   "%empty_240 = add i5 %tmp3, i5 %trunc_ln_read"   --->   Operation 113 'add' 'empty_240' <Predicate = true> <Delay = 0.78> <CoreInst = "Adder">   --->   Core 1 'Adder' <Latency = 0> <II = 1> <Delay = 0.78> <FuncUnit> <Opcode : 'add' 'sub'> <InPorts = 2> <OutPorts = 1>
ST_41 : Operation 114 [1/1] (0.00ns) (grouped into LUT with out node empty_244)   --->   "%tmp_7 = bitconcatenate i8 @_ssdm_op_BitConcatenate.i8.i5.i3, i5 %empty_240, i3 0"   --->   Operation 114 'bitconcatenate' 'tmp_7' <Predicate = true> <Delay = 0.00>
ST_41 : Operation 115 [1/1] (0.00ns) (grouped into LUT with out node empty_244)   --->   "%p_cast23 = zext i8 %tmp_7"   --->   Operation 115 'zext' 'p_cast23' <Predicate = true> <Delay = 0.00>
ST_41 : Operation 116 [1/1] (0.00ns) (grouped into LUT with out node empty_244)   --->   "%empty_241 = lshr i256 %ln_paras_addr_read, i256 %p_cast23"   --->   Operation 116 'lshr' 'empty_241' <Predicate = true> <Delay = 0.00> <CoreInst = "Shifter">   --->   Core 75 'Shifter' <Latency = 0> <II = 1> <Delay = 1.53> <FuncUnit> <Opcode : 'shl' 'lshr' 'ashr'> <InPorts = 2> <OutPorts = 1>
ST_41 : Operation 117 [1/1] (0.00ns) (grouped into LUT with out node empty_244)   --->   "%empty_242 = trunc i256 %empty_241"   --->   Operation 117 'trunc' 'empty_242' <Predicate = true> <Delay = 0.00>
ST_41 : Operation 118 [1/1] (0.00ns) (grouped into LUT with out node empty_244)   --->   "%p_cast14_cast = zext i8 %empty_242"   --->   Operation 118 'zext' 'p_cast14_cast' <Predicate = true> <Delay = 0.00>
ST_41 : Operation 119 [1/1] (0.00ns)   --->   "%p_cast24 = zext i5 %tmp3"   --->   Operation 119 'zext' 'p_cast24' <Predicate = true> <Delay = 0.00>
ST_41 : Operation 120 [1/1] (0.68ns)   --->   "%empty_243 = shl i32 1, i32 %p_cast24"   --->   Operation 120 'shl' 'empty_243' <Predicate = true> <Delay = 0.68> <CoreInst = "Shifter">   --->   Core 75 'Shifter' <Latency = 0> <II = 1> <Delay = 0.68> <FuncUnit> <Opcode : 'shl' 'lshr' 'ashr'> <InPorts = 2> <OutPorts = 1>
ST_41 : Operation 121 [1/1] (0.00ns) (grouped into LUT with out node empty_244)   --->   "%tmp_8 = bitconcatenate i8 @_ssdm_op_BitConcatenate.i8.i5.i3, i5 %tmp3, i3 0"   --->   Operation 121 'bitconcatenate' 'tmp_8' <Predicate = true> <Delay = 0.00>
ST_41 : Operation 122 [1/1] (0.00ns) (grouped into LUT with out node empty_244)   --->   "%p_cast25 = zext i8 %tmp_8"   --->   Operation 122 'zext' 'p_cast25' <Predicate = true> <Delay = 0.00>
ST_41 : Operation 123 [1/1] (1.53ns) (out node of the LUT)   --->   "%empty_244 = shl i256 %p_cast14_cast, i256 %p_cast25"   --->   Operation 123 'shl' 'empty_244' <Predicate = true> <Delay = 1.53> <CoreInst = "Shifter">   --->   Core 75 'Shifter' <Latency = 0> <II = 1> <Delay = 0.74> <FuncUnit> <Opcode : 'shl' 'lshr' 'ashr'> <InPorts = 2> <OutPorts = 1>
ST_41 : Operation 124 [1/1] (0.00ns)   --->   "%tmp_9 = partselect i9 @_ssdm_op_PartSelect.i9.i14.i32.i32, i14 %empty, i32 5, i32 13"   --->   Operation 124 'partselect' 'tmp_9' <Predicate = true> <Delay = 0.00>
ST_41 : Operation 125 [1/1] (0.00ns)   --->   "%p_cast16_cast = zext i9 %tmp_9"   --->   Operation 125 'zext' 'p_cast16_cast' <Predicate = true> <Delay = 0.00>
ST_41 : Operation 126 [1/1] (0.00ns)   --->   "%beta_ram_addr = getelementptr i256 %beta_ram, i64 0, i64 %p_cast16_cast"   --->   Operation 126 'getelementptr' 'beta_ram_addr' <Predicate = true> <Delay = 0.00>
ST_41 : Operation 127 [1/1] (1.23ns)   --->   "%store_ln0 = store void @_ssdm_op_Write.bram.p0i256, i9 %beta_ram_addr, i256 %empty_244, i32 %empty_243"   --->   Operation 127 'store' 'store_ln0' <Predicate = true> <Delay = 1.23> <CoreInst = "RAM_1P_BRAM">   --->   Core 90 'RAM_1P_BRAM' <Latency = 1> <II = 1> <Delay = 1.23> <Storage> <Opcode : 'load' 'store'> <Ports = 1> <Width = 256> <Depth = 512> <RAM>
ST_41 : Operation 128 [1/1] (0.00ns)   --->   "%empty_246 = speclooptripcount i32 @_ssdm_op_SpecLoopTripCount, i64 1, i64 31, i64 0"   --->   Operation 128 'speclooptripcount' 'empty_246' <Predicate = true> <Delay = 0.00>
ST_41 : Operation 129 [1/1] (0.00ns)   --->   "%ret_ln0 = ret"   --->   Operation 129 'ret' 'ret_ln0' <Predicate = (exitcond6)> <Delay = 0.00>


============================================================
+ Verbose Summary: Binding
============================================================
STG Binding: 
---------------- STG Properties BEGIN ----------------
- Is combinational: 0
- Is one-state seq: 0
- Is datapath-only: 0
- Is pipelined: 0
- Is top level: 0
Port [ Return ] is wired: 1; IO mode=ap_ctrl_hs:ce=0
Port [ trunc_ln96_3]:  wired=1; compound=0; hidden=0; nouse=0; global=0; static=0; extern=0; dir=0; type=0; pingpong=0; private_global=0; IO mode=ap_none:ce=0
Port [ sext_ln96]:  wired=1; compound=0; hidden=0; nouse=0; global=0; static=0; extern=0; dir=0; type=0; pingpong=0; private_global=0; IO mode=ap_none:ce=0
Port [ add_ln97]:  wired=1; compound=0; hidden=0; nouse=0; global=0; static=0; extern=0; dir=0; type=0; pingpong=0; private_global=0; IO mode=ap_none:ce=0
Port [ ln_paras]:  wired=1; compound=1; hidden=0; nouse=0; global=0; static=0; extern=0; dir=0; type=4; pingpong=0; private_global=0; IO mode=m_axi:ce=0
Port [ sub_ln96_cast1]:  wired=1; compound=0; hidden=0; nouse=0; global=0; static=0; extern=0; dir=0; type=0; pingpong=0; private_global=0; IO mode=ap_none:ce=0
Port [ trunc_ln]:  wired=1; compound=0; hidden=0; nouse=0; global=0; static=0; extern=0; dir=0; type=0; pingpong=0; private_global=0; IO mode=ap_none:ce=0
Port [ beta_ram]:  wired=1; compound=1; hidden=0; nouse=0; global=0; static=0; extern=0; dir=1; type=1; pingpong=0; private_global=0; MemPort=[0]; IO mode=ap_memory:ce=0
Port [ trunc_ln96_1]:  wired=1; compound=0; hidden=0; nouse=0; global=0; static=0; extern=0; dir=0; type=0; pingpong=0; private_global=0; IO mode=ap_none:ce=0
---------------- STG Properties END ------------------

---------------- Datapath Model BEGIN ----------------

<LifeTime>
<method=bitvector/>
residual_loop_index        (alloca                ) [ 010000000000000000000000000000000000000000]
specbramwithbyteenable_ln0 (specbramwithbyteenable) [ 000000000000000000000000000000000000000000]
trunc_ln96_1_read          (read                  ) [ 000000000000000000000000000000000000000000]
trunc_ln_read              (read                  ) [ 011111111111111111111111111111111111111111]
sub_ln96_cast1_read        (read                  ) [ 011111111111111111111111111111111111111111]
add_ln97_read              (read                  ) [ 000000000000000000000000000000000000000000]
sext_ln96_read             (read                  ) [ 000000000000000000000000000000000000000000]
trunc_ln96_3_read          (read                  ) [ 011111111111111111111111111111111111111111]
sext_ln96_cast             (sext                  ) [ 000000000000000000000000000000000000000000]
specmemcore_ln0            (specmemcore           ) [ 000000000000000000000000000000000000000000]
specinterface_ln0          (specinterface         ) [ 000000000000000000000000000000000000000000]
store_ln0                  (store                 ) [ 000000000000000000000000000000000000000000]
br_ln0                     (br                    ) [ 000000000000000000000000000000000000000000]
residual_loop_index_load   (load                  ) [ 011111111111111111111111111111111111111111]
residual_loop_index_cast20 (zext                  ) [ 000000000000000000000000000000000000000000]
tmp2                       (add                   ) [ 000000000000000000000000000000000000000000]
tmp2_cast                  (sext                  ) [ 000000000000000000000000000000000000000000]
empty_239                  (add                   ) [ 000000000000000000000000000000000000000000]
p_cast1                    (partselect            ) [ 011000000000000000000000000000000000000000]
empty_245                  (add                   ) [ 000000000000000000000000000000000000000000]
exitcond6                  (icmp                  ) [ 011111111111111111111111111111111111111111]
br_ln0                     (br                    ) [ 000000000000000000000000000000000000000000]
store_ln0                  (store                 ) [ 000000000000000000000000000000000000000000]
br_ln0                     (br                    ) [ 000000000000000000000000000000000000000000]
p_cast12_cast              (sext                  ) [ 000000000000000000000000000000000000000000]
ln_paras_addr              (getelementptr         ) [ 010111111111111111111111111111111111111110]
ln_paras_load_1_req        (readreq               ) [ 000000000000000000000000000000000000000000]
ln_paras_addr_read         (read                  ) [ 010000000000000000000000000000000000000001]
residual_loop_index_cast   (zext                  ) [ 000000000000000000000000000000000000000000]
specpipeline_ln0           (specpipeline          ) [ 000000000000000000000000000000000000000000]
empty                      (add                   ) [ 000000000000000000000000000000000000000000]
tmp3                       (add                   ) [ 000000000000000000000000000000000000000000]
empty_240                  (add                   ) [ 000000000000000000000000000000000000000000]
tmp_7                      (bitconcatenate        ) [ 000000000000000000000000000000000000000000]
p_cast23                   (zext                  ) [ 000000000000000000000000000000000000000000]
empty_241                  (lshr                  ) [ 000000000000000000000000000000000000000000]
empty_242                  (trunc                 ) [ 000000000000000000000000000000000000000000]
p_cast14_cast              (zext                  ) [ 000000000000000000000000000000000000000000]
p_cast24                   (zext                  ) [ 000000000000000000000000000000000000000000]
empty_243                  (shl                   ) [ 000000000000000000000000000000000000000000]
tmp_8                      (bitconcatenate        ) [ 000000000000000000000000000000000000000000]
p_cast25                   (zext                  ) [ 000000000000000000000000000000000000000000]
empty_244                  (shl                   ) [ 000000000000000000000000000000000000000000]
tmp_9                      (partselect            ) [ 000000000000000000000000000000000000000000]
p_cast16_cast              (zext                  ) [ 000000000000000000000000000000000000000000]
beta_ram_addr              (getelementptr         ) [ 000000000000000000000000000000000000000000]
store_ln0                  (store                 ) [ 000000000000000000000000000000000000000000]
empty_246                  (speclooptripcount     ) [ 000000000000000000000000000000000000000000]
ret_ln0                    (ret                   ) [ 000000000000000000000000000000000000000000]
</LifeTime>

<model>

<comp_list>
<comp id="0" class="1000" name="trunc_ln96_3">
<pin_list>
<pin id="1" dir="1" index="0" bw="1" slack="0"/>
</pin_list>
<bind>
<StgValue><ssdm name="trunc_ln96_3"/></StgValue>
</bind>
</comp>

<comp id="2" class="1000" name="sext_ln96">
<pin_list>
<pin id="3" dir="1" index="0" bw="1" slack="0"/>
</pin_list>
<bind>
<StgValue><ssdm name="sext_ln96"/></StgValue>
</bind>
</comp>

<comp id="4" class="1000" name="add_ln97">
<pin_list>
<pin id="5" dir="1" index="0" bw="1" slack="0"/>
</pin_list>
<bind>
<StgValue><ssdm name="add_ln97"/></StgValue>
</bind>
</comp>

<comp id="6" class="1000" name="ln_paras">
<pin_list>
<pin id="7" dir="1" index="0" bw="1" slack="0"/>
</pin_list>
<bind>
<StgValue><ssdm name="ln_paras"/></StgValue>
</bind>
</comp>

<comp id="8" class="1000" name="sub_ln96_cast1">
<pin_list>
<pin id="9" dir="1" index="0" bw="1" slack="0"/>
</pin_list>
<bind>
<StgValue><ssdm name="sub_ln96_cast1"/></StgValue>
</bind>
</comp>

<comp id="10" class="1000" name="trunc_ln">
<pin_list>
<pin id="11" dir="1" index="0" bw="1" slack="0"/>
</pin_list>
<bind>
<StgValue><ssdm name="trunc_ln"/></StgValue>
</bind>
</comp>

<comp id="12" class="1000" name="beta_ram">
<pin_list>
<pin id="13" dir="1" index="0" bw="1" slack="0"/>
</pin_list>
<bind>
<StgValue><ssdm name="beta_ram"/><MemPortTyVec>0 </MemPortTyVec>
</StgValue>
</bind>
</comp>

<comp id="14" class="1000" name="trunc_ln96_1">
<pin_list>
<pin id="15" dir="1" index="0" bw="1" slack="0"/>
</pin_list>
<bind>
<StgValue><ssdm name="trunc_ln96_1"/></StgValue>
</bind>
</comp>

<comp id="16" class="1001" name="const_16">
<pin_list>
<pin id="17" dir="1" index="0" bw="1" slack="0"/>
</pin_list>
<bind>
<StgValue><ssdm name=""/></StgValue>
</bind>
</comp>

<comp id="18" class="1001" name="const_18">
<pin_list>
<pin id="19" dir="1" index="0" bw="1" slack="2147483647"/>
</pin_list>
<bind>
<StgValue><ssdm name="_ssdm_op_SpecBRAMWithByteEnable"/></StgValue>
</bind>
</comp>

<comp id="20" class="1001" name="const_20">
<pin_list>
<pin id="21" dir="1" index="0" bw="1" slack="0"/>
</pin_list>
<bind>
<StgValue><ssdm name="_ssdm_op_Read.ap_auto.i5"/></StgValue>
</bind>
</comp>

<comp id="22" class="1001" name="const_22">
<pin_list>
<pin id="23" dir="1" index="0" bw="1" slack="0"/>
</pin_list>
<bind>
<StgValue><ssdm name="_ssdm_op_Read.ap_auto.i64"/></StgValue>
</bind>
</comp>

<comp id="24" class="1001" name="const_24">
<pin_list>
<pin id="25" dir="1" index="0" bw="1" slack="0"/>
</pin_list>
<bind>
<StgValue><ssdm name="_ssdm_op_Read.ap_auto.i33"/></StgValue>
</bind>
</comp>

<comp id="26" class="1001" name="const_26">
<pin_list>
<pin id="27" dir="1" index="0" bw="1" slack="0"/>
</pin_list>
<bind>
<StgValue><ssdm name="_ssdm_op_Read.ap_auto.i14"/></StgValue>
</bind>
</comp>

<comp id="28" class="1001" name="const_28">
<pin_list>
<pin id="29" dir="1" index="0" bw="1" slack="2147483647"/>
</pin_list>
<bind>
<StgValue><ssdm name="_ssdm_op_SpecMemCore"/></StgValue>
</bind>
</comp>

<comp id="30" class="1001" name="const_30">
<pin_list>
<pin id="31" dir="1" index="0" bw="1" slack="2147483647"/>
</pin_list>
<bind>
<StgValue><ssdm name=""/></StgValue>
</bind>
</comp>

<comp id="32" class="1001" name="const_32">
<pin_list>
<pin id="33" dir="1" index="0" bw="1" slack="2147483647"/>
</pin_list>
<bind>
<StgValue><ssdm name=""/></StgValue>
</bind>
</comp>

<comp id="34" class="1001" name="const_34">
<pin_list>
<pin id="35" dir="1" index="0" bw="1" slack="2147483647"/>
</pin_list>
<bind>
<StgValue><ssdm name=""/></StgValue>
</bind>
</comp>

<comp id="36" class="1001" name="const_36">
<pin_list>
<pin id="37" dir="1" index="0" bw="1" slack="2147483647"/>
</pin_list>
<bind>
<StgValue><ssdm name="_ssdm_op_SpecInterface"/></StgValue>
</bind>
</comp>

<comp id="38" class="1001" name="const_38">
<pin_list>
<pin id="39" dir="1" index="0" bw="1" slack="2147483647"/>
</pin_list>
<bind>
<StgValue><ssdm name="empty_22"/></StgValue>
</bind>
</comp>

<comp id="40" class="1001" name="const_40">
<pin_list>
<pin id="41" dir="1" index="0" bw="1" slack="2147483647"/>
</pin_list>
<bind>
<StgValue><ssdm name=""/></StgValue>
</bind>
</comp>

<comp id="42" class="1001" name="const_42">
<pin_list>
<pin id="43" dir="1" index="0" bw="1" slack="2147483647"/>
</pin_list>
<bind>
<StgValue><ssdm name="empty_13"/></StgValue>
</bind>
</comp>

<comp id="44" class="1001" name="const_44">
<pin_list>
<pin id="45" dir="1" index="0" bw="1" slack="2147483647"/>
</pin_list>
<bind>
<StgValue><ssdm name=""/></StgValue>
</bind>
</comp>

<comp id="46" class="1001" name="const_46">
<pin_list>
<pin id="47" dir="1" index="0" bw="1" slack="2147483647"/>
</pin_list>
<bind>
<StgValue><ssdm name=""/></StgValue>
</bind>
</comp>

<comp id="48" class="1001" name="const_48">
<pin_list>
<pin id="49" dir="1" index="0" bw="1" slack="2147483647"/>
</pin_list>
<bind>
<StgValue><ssdm name="empty_32"/></StgValue>
</bind>
</comp>

<comp id="50" class="1001" name="const_50">
<pin_list>
<pin id="51" dir="1" index="0" bw="1" slack="2147483647"/>
</pin_list>
<bind>
<StgValue><ssdm name="empty_33"/></StgValue>
</bind>
</comp>

<comp id="52" class="1001" name="const_52">
<pin_list>
<pin id="53" dir="1" index="0" bw="1" slack="2147483647"/>
</pin_list>
<bind>
<StgValue><ssdm name=""/></StgValue>
</bind>
</comp>

<comp id="54" class="1001" name="const_54">
<pin_list>
<pin id="55" dir="1" index="0" bw="1" slack="2147483647"/>
</pin_list>
<bind>
<StgValue><ssdm name=""/></StgValue>
</bind>
</comp>

<comp id="56" class="1001" name="const_56">
<pin_list>
<pin id="57" dir="1" index="0" bw="1" slack="0"/>
</pin_list>
<bind>
<StgValue><ssdm name=""/></StgValue>
</bind>
</comp>

<comp id="58" class="1001" name="const_58">
<pin_list>
<pin id="59" dir="1" index="0" bw="1" slack="0"/>
</pin_list>
<bind>
<StgValue><ssdm name="_ssdm_op_PartSelect.i59.i64.i32.i32"/></StgValue>
</bind>
</comp>

<comp id="60" class="1001" name="const_60">
<pin_list>
<pin id="61" dir="1" index="0" bw="1" slack="0"/>
</pin_list>
<bind>
<StgValue><ssdm name=""/></StgValue>
</bind>
</comp>

<comp id="62" class="1001" name="const_62">
<pin_list>
<pin id="63" dir="1" index="0" bw="1" slack="0"/>
</pin_list>
<bind>
<StgValue><ssdm name=""/></StgValue>
</bind>
</comp>

<comp id="64" class="1001" name="const_64">
<pin_list>
<pin id="65" dir="1" index="0" bw="1" slack="0"/>
</pin_list>
<bind>
<StgValue><ssdm name=""/></StgValue>
</bind>
</comp>

<comp id="66" class="1001" name="const_66">
<pin_list>
<pin id="67" dir="1" index="0" bw="1" slack="0"/>
</pin_list>
<bind>
<StgValue><ssdm name="_ssdm_op_ReadReq.m_axi.i256P1A"/></StgValue>
</bind>
</comp>

<comp id="68" class="1001" name="const_68">
<pin_list>
<pin id="69" dir="1" index="0" bw="1" slack="0"/>
</pin_list>
<bind>
<StgValue><ssdm name="_ssdm_op_Read.m_axi.i256P1A"/></StgValue>
</bind>
</comp>

<comp id="70" class="1001" name="const_70">
<pin_list>
<pin id="71" dir="1" index="0" bw="1" slack="2147483647"/>
</pin_list>
<bind>
<StgValue><ssdm name="_ssdm_op_SpecPipeline"/></StgValue>
</bind>
</comp>

<comp id="72" class="1001" name="const_72">
<pin_list>
<pin id="73" dir="1" index="0" bw="1" slack="2147483647"/>
</pin_list>
<bind>
<StgValue><ssdm name="p_str"/></StgValue>
</bind>
</comp>

<comp id="74" class="1001" name="const_74">
<pin_list>
<pin id="75" dir="1" index="0" bw="1" slack="0"/>
</pin_list>
<bind>
<StgValue><ssdm name="_ssdm_op_BitConcatenate.i8.i5.i3"/></StgValue>
</bind>
</comp>

<comp id="76" class="1001" name="const_76">
<pin_list>
<pin id="77" dir="1" index="0" bw="1" slack="0"/>
</pin_list>
<bind>
<StgValue><ssdm name=""/></StgValue>
</bind>
</comp>

<comp id="78" class="1001" name="const_78">
<pin_list>
<pin id="79" dir="1" index="0" bw="1" slack="0"/>
</pin_list>
<bind>
<StgValue><ssdm name="_ssdm_op_PartSelect.i9.i14.i32.i32"/></StgValue>
</bind>
</comp>

<comp id="80" class="1001" name="const_80">
<pin_list>
<pin id="81" dir="1" index="0" bw="1" slack="0"/>
</pin_list>
<bind>
<StgValue><ssdm name=""/></StgValue>
</bind>
</comp>

<comp id="82" class="1001" name="const_82">
<pin_list>
<pin id="83" dir="1" index="0" bw="1" slack="0"/>
</pin_list>
<bind>
<StgValue><ssdm name=""/></StgValue>
</bind>
</comp>

<comp id="84" class="1001" name="const_84">
<pin_list>
<pin id="85" dir="1" index="0" bw="1" slack="2147483647"/>
</pin_list>
<bind>
<StgValue><ssdm name="_ssdm_op_Write.bram.p0i256"/></StgValue>
</bind>
</comp>

<comp id="86" class="1001" name="const_86">
<pin_list>
<pin id="87" dir="1" index="0" bw="1" slack="2147483647"/>
</pin_list>
<bind>
<StgValue><ssdm name="_ssdm_op_SpecLoopTripCount"/></StgValue>
</bind>
</comp>

<comp id="88" class="1001" name="const_88">
<pin_list>
<pin id="89" dir="1" index="0" bw="1" slack="2147483647"/>
</pin_list>
<bind>
<StgValue><ssdm name=""/></StgValue>
</bind>
</comp>

<comp id="90" class="1001" name="const_90">
<pin_list>
<pin id="91" dir="1" index="0" bw="1" slack="2147483647"/>
</pin_list>
<bind>
<StgValue><ssdm name=""/></StgValue>
</bind>
</comp>

<comp id="92" class="1004" name="residual_loop_index_fu_92">
<pin_list>
<pin id="93" dir="0" index="0" bw="1" slack="0"/>
<pin id="94" dir="1" index="1" bw="5" slack="0"/>
</pin_list>
<bind>
<opcode="alloca(26) " fcode="alloca"/>
<opset="residual_loop_index/1 "/>
</bind>
</comp>

<comp id="96" class="1004" name="trunc_ln96_1_read_read_fu_96">
<pin_list>
<pin id="97" dir="0" index="0" bw="5" slack="0"/>
<pin id="98" dir="0" index="1" bw="5" slack="0"/>
<pin id="99" dir="1" index="2" bw="5" slack="0"/>
</pin_list>
<bind>
<opcode="read(1150) " fcode="read"/>
<opset="trunc_ln96_1_read/1 "/>
</bind>
</comp>

<comp id="102" class="1004" name="trunc_ln_read_read_fu_102">
<pin_list>
<pin id="103" dir="0" index="0" bw="5" slack="0"/>
<pin id="104" dir="0" index="1" bw="5" slack="0"/>
<pin id="105" dir="1" index="2" bw="5" slack="40"/>
</pin_list>
<bind>
<opcode="read(1150) " fcode="read"/>
<opset="trunc_ln_read/1 "/>
</bind>
</comp>

<comp id="108" class="1004" name="sub_ln96_cast1_read_read_fu_108">
<pin_list>
<pin id="109" dir="0" index="0" bw="5" slack="0"/>
<pin id="110" dir="0" index="1" bw="5" slack="0"/>
<pin id="111" dir="1" index="2" bw="5" slack="40"/>
</pin_list>
<bind>
<opcode="read(1150) " fcode="read"/>
<opset="sub_ln96_cast1_read/1 "/>
</bind>
</comp>

<comp id="114" class="1004" name="add_ln97_read_read_fu_114">
<pin_list>
<pin id="115" dir="0" index="0" bw="64" slack="0"/>
<pin id="116" dir="0" index="1" bw="64" slack="0"/>
<pin id="117" dir="1" index="2" bw="64" slack="0"/>
</pin_list>
<bind>
<opcode="read(1150) " fcode="read"/>
<opset="add_ln97_read/1 "/>
</bind>
</comp>

<comp id="120" class="1004" name="sext_ln96_read_read_fu_120">
<pin_list>
<pin id="121" dir="0" index="0" bw="33" slack="0"/>
<pin id="122" dir="0" index="1" bw="33" slack="0"/>
<pin id="123" dir="1" index="2" bw="33" slack="0"/>
</pin_list>
<bind>
<opcode="read(1150) " fcode="read"/>
<opset="sext_ln96_read/1 "/>
</bind>
</comp>

<comp id="126" class="1004" name="trunc_ln96_3_read_read_fu_126">
<pin_list>
<pin id="127" dir="0" index="0" bw="14" slack="0"/>
<pin id="128" dir="0" index="1" bw="14" slack="0"/>
<pin id="129" dir="1" index="2" bw="14" slack="40"/>
</pin_list>
<bind>
<opcode="read(1150) " fcode="read"/>
<opset="trunc_ln96_3_read/1 "/>
</bind>
</comp>

<comp id="132" class="1004" name="grp_readreq_fu_132">
<pin_list>
<pin id="133" dir="0" index="0" bw="1" slack="0"/>
<pin id="134" dir="0" index="1" bw="256" slack="0"/>
<pin id="135" dir="0" index="2" bw="1" slack="0"/>
<pin id="136" dir="1" index="3" bw="1" slack="2147483647"/>
</pin_list>
<bind>
<opcode="readreq(1154) " fcode="readreq"/>
<opset="ln_paras_load_1_req/2 "/>
</bind>
</comp>

<comp id="139" class="1004" name="ln_paras_addr_read_read_fu_139">
<pin_list>
<pin id="140" dir="0" index="0" bw="256" slack="0"/>
<pin id="141" dir="0" index="1" bw="256" slack="38"/>
<pin id="142" dir="1" index="2" bw="256" slack="1"/>
</pin_list>
<bind>
<opcode="read(1150) " fcode="read"/>
<opset="ln_paras_addr_read/40 "/>
</bind>
</comp>

<comp id="144" class="1004" name="beta_ram_addr_gep_fu_144">
<pin_list>
<pin id="145" dir="0" index="0" bw="256" slack="0"/>
<pin id="146" dir="0" index="1" bw="1" slack="0"/>
<pin id="147" dir="0" index="2" bw="9" slack="0"/>
<pin id="148" dir="1" index="3" bw="9" slack="2147483647"/>
</pin_list>
<bind>
<opcode="getelementptr(29) " fcode="getelementptr"/>
<opset="beta_ram_addr/41 "/>
</bind>
</comp>

<comp id="151" class="1004" name="store_ln0_access_fu_151">
<pin_list>
<pin id="152" dir="0" index="0" bw="9" slack="2147483647"/>
<pin id="153" dir="0" index="1" bw="256" slack="0"/>
<pin id="154" dir="0" index="2" bw="32" slack="0"/>
<pin id="155" dir="1" index="3" bw="256" slack="2147483647"/>
</pin_list>
<bind>
<opcode="store(28) " fcode="store"/>
<opset="store_ln0/41 "/>
</bind>
</comp>

<comp id="156" class="1004" name="sext_ln96_cast_fu_156">
<pin_list>
<pin id="157" dir="0" index="0" bw="33" slack="0"/>
<pin id="158" dir="1" index="1" bw="34" slack="0"/>
</pin_list>
<bind>
<opcode="sext(35) " fcode="sext"/>
<opset="sext_ln96_cast/1 "/>
</bind>
</comp>

<comp id="160" class="1004" name="store_ln0_store_fu_160">
<pin_list>
<pin id="161" dir="0" index="0" bw="1" slack="0"/>
<pin id="162" dir="0" index="1" bw="5" slack="0"/>
<pin id="163" dir="1" index="2" bw="0" slack="2147483647"/>
</pin_list>
<bind>
<opcode="store(28) " fcode="store"/>
<opset="store_ln0/1 "/>
</bind>
</comp>

<comp id="165" class="1004" name="residual_loop_index_load_load_fu_165">
<pin_list>
<pin id="166" dir="0" index="0" bw="5" slack="0"/>
<pin id="167" dir="1" index="1" bw="5" slack="0"/>
</pin_list>
<bind>
<opcode="load(27) " fcode="load"/>
<opset="residual_loop_index_load/1 "/>
</bind>
</comp>

<comp id="168" class="1004" name="residual_loop_index_cast20_fu_168">
<pin_list>
<pin id="169" dir="0" index="0" bw="5" slack="0"/>
<pin id="170" dir="1" index="1" bw="34" slack="0"/>
</pin_list>
<bind>
<opcode="zext(34) " fcode="zext"/>
<opset="residual_loop_index_cast20/1 "/>
</bind>
</comp>

<comp id="172" class="1004" name="tmp2_fu_172">
<pin_list>
<pin id="173" dir="0" index="0" bw="33" slack="0"/>
<pin id="174" dir="0" index="1" bw="5" slack="0"/>
<pin id="175" dir="1" index="2" bw="34" slack="0"/>
</pin_list>
<bind>
<opcode="add(8) " fcode="add"/>
<opset="tmp2/1 "/>
</bind>
</comp>

<comp id="178" class="1004" name="tmp2_cast_fu_178">
<pin_list>
<pin id="179" dir="0" index="0" bw="34" slack="0"/>
<pin id="180" dir="1" index="1" bw="64" slack="0"/>
</pin_list>
<bind>
<opcode="sext(35) " fcode="sext"/>
<opset="tmp2_cast/1 "/>
</bind>
</comp>

<comp id="182" class="1004" name="empty_239_fu_182">
<pin_list>
<pin id="183" dir="0" index="0" bw="34" slack="0"/>
<pin id="184" dir="0" index="1" bw="64" slack="0"/>
<pin id="185" dir="1" index="2" bw="64" slack="0"/>
</pin_list>
<bind>
<opcode="add(8) " fcode="add"/>
<opset="empty_239/1 "/>
</bind>
</comp>

<comp id="188" class="1004" name="p_cast1_fu_188">
<pin_list>
<pin id="189" dir="0" index="0" bw="59" slack="0"/>
<pin id="190" dir="0" index="1" bw="64" slack="0"/>
<pin id="191" dir="0" index="2" bw="4" slack="0"/>
<pin id="192" dir="0" index="3" bw="7" slack="0"/>
<pin id="193" dir="1" index="4" bw="59" slack="1"/>
</pin_list>
<bind>
<opcode="partselect(1002) " fcode="partselect"/>
<opset="p_cast1/1 "/>
</bind>
</comp>

<comp id="198" class="1004" name="empty_245_fu_198">
<pin_list>
<pin id="199" dir="0" index="0" bw="5" slack="0"/>
<pin id="200" dir="0" index="1" bw="1" slack="0"/>
<pin id="201" dir="1" index="2" bw="5" slack="0"/>
</pin_list>
<bind>
<opcode="add(8) " fcode="add"/>
<opset="empty_245/1 "/>
</bind>
</comp>

<comp id="204" class="1004" name="exitcond6_fu_204">
<pin_list>
<pin id="205" dir="0" index="0" bw="5" slack="0"/>
<pin id="206" dir="0" index="1" bw="5" slack="0"/>
<pin id="207" dir="1" index="2" bw="1" slack="40"/>
</pin_list>
<bind>
<opcode="icmp(45) " fcode="icmp"/>
<opset="exitcond6/1 "/>
</bind>
</comp>

<comp id="210" class="1004" name="store_ln0_store_fu_210">
<pin_list>
<pin id="211" dir="0" index="0" bw="5" slack="0"/>
<pin id="212" dir="0" index="1" bw="5" slack="0"/>
<pin id="213" dir="1" index="2" bw="0" slack="2147483647"/>
</pin_list>
<bind>
<opcode="store(28) " fcode="store"/>
<opset="store_ln0/1 "/>
</bind>
</comp>

<comp id="215" class="1004" name="p_cast12_cast_fu_215">
<pin_list>
<pin id="216" dir="0" index="0" bw="59" slack="1"/>
<pin id="217" dir="1" index="1" bw="64" slack="0"/>
</pin_list>
<bind>
<opcode="sext(35) " fcode="sext"/>
<opset="p_cast12_cast/2 "/>
</bind>
</comp>

<comp id="218" class="1004" name="ln_paras_addr_fu_218">
<pin_list>
<pin id="219" dir="0" index="0" bw="256" slack="0"/>
<pin id="220" dir="0" index="1" bw="59" slack="0"/>
<pin id="221" dir="1" index="2" bw="256" slack="0"/>
</pin_list>
<bind>
<opcode="getelementptr(29) " fcode="getelementptr"/>
<opset="ln_paras_addr/2 "/>
</bind>
</comp>

<comp id="225" class="1004" name="residual_loop_index_cast_fu_225">
<pin_list>
<pin id="226" dir="0" index="0" bw="5" slack="40"/>
<pin id="227" dir="1" index="1" bw="14" slack="0"/>
</pin_list>
<bind>
<opcode="zext(34) " fcode="zext"/>
<opset="residual_loop_index_cast/41 "/>
</bind>
</comp>

<comp id="228" class="1004" name="empty_fu_228">
<pin_list>
<pin id="229" dir="0" index="0" bw="14" slack="40"/>
<pin id="230" dir="0" index="1" bw="5" slack="0"/>
<pin id="231" dir="1" index="2" bw="14" slack="0"/>
</pin_list>
<bind>
<opcode="add(8) " fcode="add"/>
<opset="empty/41 "/>
</bind>
</comp>

<comp id="233" class="1004" name="tmp3_fu_233">
<pin_list>
<pin id="234" dir="0" index="0" bw="5" slack="40"/>
<pin id="235" dir="0" index="1" bw="5" slack="40"/>
<pin id="236" dir="1" index="2" bw="5" slack="0"/>
</pin_list>
<bind>
<opcode="add(8) " fcode="add"/>
<opset="tmp3/41 "/>
</bind>
</comp>

<comp id="237" class="1004" name="empty_240_fu_237">
<pin_list>
<pin id="238" dir="0" index="0" bw="5" slack="0"/>
<pin id="239" dir="0" index="1" bw="5" slack="40"/>
<pin id="240" dir="1" index="2" bw="5" slack="0"/>
</pin_list>
<bind>
<opcode="add(8) " fcode="add"/>
<opset="empty_240/41 "/>
</bind>
</comp>

<comp id="242" class="1004" name="tmp_7_fu_242">
<pin_list>
<pin id="243" dir="0" index="0" bw="8" slack="0"/>
<pin id="244" dir="0" index="1" bw="5" slack="0"/>
<pin id="245" dir="0" index="2" bw="1" slack="0"/>
<pin id="246" dir="1" index="3" bw="8" slack="0"/>
</pin_list>
<bind>
<opcode="bitconcatenate(1004) " fcode="bitconcatenate"/>
<opset="tmp_7/41 "/>
</bind>
</comp>

<comp id="250" class="1004" name="p_cast23_fu_250">
<pin_list>
<pin id="251" dir="0" index="0" bw="8" slack="0"/>
<pin id="252" dir="1" index="1" bw="256" slack="0"/>
</pin_list>
<bind>
<opcode="zext(34) " fcode="zext"/>
<opset="p_cast23/41 "/>
</bind>
</comp>

<comp id="254" class="1004" name="empty_241_fu_254">
<pin_list>
<pin id="255" dir="0" index="0" bw="256" slack="1"/>
<pin id="256" dir="0" index="1" bw="8" slack="0"/>
<pin id="257" dir="1" index="2" bw="256" slack="0"/>
</pin_list>
<bind>
<opcode="lshr(21) " fcode="lshr"/>
<opset="empty_241/41 "/>
</bind>
</comp>

<comp id="259" class="1004" name="empty_242_fu_259">
<pin_list>
<pin id="260" dir="0" index="0" bw="256" slack="0"/>
<pin id="261" dir="1" index="1" bw="8" slack="0"/>
</pin_list>
<bind>
<opcode="trunc(33) " fcode="trunc"/>
<opset="empty_242/41 "/>
</bind>
</comp>

<comp id="263" class="1004" name="p_cast14_cast_fu_263">
<pin_list>
<pin id="264" dir="0" index="0" bw="8" slack="0"/>
<pin id="265" dir="1" index="1" bw="256" slack="0"/>
</pin_list>
<bind>
<opcode="zext(34) " fcode="zext"/>
<opset="p_cast14_cast/41 "/>
</bind>
</comp>

<comp id="267" class="1004" name="p_cast24_fu_267">
<pin_list>
<pin id="268" dir="0" index="0" bw="5" slack="0"/>
<pin id="269" dir="1" index="1" bw="32" slack="0"/>
</pin_list>
<bind>
<opcode="zext(34) " fcode="zext"/>
<opset="p_cast24/41 "/>
</bind>
</comp>

<comp id="271" class="1004" name="empty_243_fu_271">
<pin_list>
<pin id="272" dir="0" index="0" bw="1" slack="0"/>
<pin id="273" dir="0" index="1" bw="5" slack="0"/>
<pin id="274" dir="1" index="2" bw="32" slack="0"/>
</pin_list>
<bind>
<opcode="shl(20) " fcode="shl"/>
<opset="empty_243/41 "/>
</bind>
</comp>

<comp id="278" class="1004" name="tmp_8_fu_278">
<pin_list>
<pin id="279" dir="0" index="0" bw="8" slack="0"/>
<pin id="280" dir="0" index="1" bw="5" slack="0"/>
<pin id="281" dir="0" index="2" bw="1" slack="0"/>
<pin id="282" dir="1" index="3" bw="8" slack="0"/>
</pin_list>
<bind>
<opcode="bitconcatenate(1004) " fcode="bitconcatenate"/>
<opset="tmp_8/41 "/>
</bind>
</comp>

<comp id="286" class="1004" name="p_cast25_fu_286">
<pin_list>
<pin id="287" dir="0" index="0" bw="8" slack="0"/>
<pin id="288" dir="1" index="1" bw="256" slack="0"/>
</pin_list>
<bind>
<opcode="zext(34) " fcode="zext"/>
<opset="p_cast25/41 "/>
</bind>
</comp>

<comp id="290" class="1004" name="empty_244_fu_290">
<pin_list>
<pin id="291" dir="0" index="0" bw="8" slack="0"/>
<pin id="292" dir="0" index="1" bw="8" slack="0"/>
<pin id="293" dir="1" index="2" bw="256" slack="0"/>
</pin_list>
<bind>
<opcode="shl(20) " fcode="shl"/>
<opset="empty_244/41 "/>
</bind>
</comp>

<comp id="297" class="1004" name="tmp_9_fu_297">
<pin_list>
<pin id="298" dir="0" index="0" bw="9" slack="0"/>
<pin id="299" dir="0" index="1" bw="14" slack="0"/>
<pin id="300" dir="0" index="2" bw="4" slack="0"/>
<pin id="301" dir="0" index="3" bw="5" slack="0"/>
<pin id="302" dir="1" index="4" bw="9" slack="0"/>
</pin_list>
<bind>
<opcode="partselect(1002) " fcode="partselect"/>
<opset="tmp_9/41 "/>
</bind>
</comp>

<comp id="307" class="1004" name="p_cast16_cast_fu_307">
<pin_list>
<pin id="308" dir="0" index="0" bw="9" slack="0"/>
<pin id="309" dir="1" index="1" bw="64" slack="0"/>
</pin_list>
<bind>
<opcode="zext(34) " fcode="zext"/>
<opset="p_cast16_cast/41 "/>
</bind>
</comp>

<comp id="312" class="1005" name="residual_loop_index_reg_312">
<pin_list>
<pin id="313" dir="0" index="0" bw="5" slack="0"/>
<pin id="314" dir="1" index="1" bw="5" slack="0"/>
</pin_list>
<bind>
<opset="residual_loop_index "/>
</bind>
</comp>

<comp id="319" class="1005" name="trunc_ln_read_reg_319">
<pin_list>
<pin id="320" dir="0" index="0" bw="5" slack="40"/>
<pin id="321" dir="1" index="1" bw="5" slack="40"/>
</pin_list>
<bind>
<opset="trunc_ln_read "/>
</bind>
</comp>

<comp id="324" class="1005" name="sub_ln96_cast1_read_reg_324">
<pin_list>
<pin id="325" dir="0" index="0" bw="5" slack="40"/>
<pin id="326" dir="1" index="1" bw="5" slack="40"/>
</pin_list>
<bind>
<opset="sub_ln96_cast1_read "/>
</bind>
</comp>

<comp id="329" class="1005" name="trunc_ln96_3_read_reg_329">
<pin_list>
<pin id="330" dir="0" index="0" bw="14" slack="40"/>
<pin id="331" dir="1" index="1" bw="14" slack="40"/>
</pin_list>
<bind>
<opset="trunc_ln96_3_read "/>
</bind>
</comp>

<comp id="334" class="1005" name="residual_loop_index_load_reg_334">
<pin_list>
<pin id="335" dir="0" index="0" bw="5" slack="40"/>
<pin id="336" dir="1" index="1" bw="5" slack="40"/>
</pin_list>
<bind>
<opset="residual_loop_index_load "/>
</bind>
</comp>

<comp id="340" class="1005" name="p_cast1_reg_340">
<pin_list>
<pin id="341" dir="0" index="0" bw="59" slack="1"/>
<pin id="342" dir="1" index="1" bw="59" slack="1"/>
</pin_list>
<bind>
<opset="p_cast1 "/>
</bind>
</comp>

<comp id="345" class="1005" name="exitcond6_reg_345">
<pin_list>
<pin id="346" dir="0" index="0" bw="1" slack="40"/>
<pin id="347" dir="1" index="1" bw="1" slack="2147483647"/>
</pin_list>
<bind>
<opset="exitcond6 "/>
</bind>
</comp>

<comp id="349" class="1005" name="ln_paras_addr_reg_349">
<pin_list>
<pin id="350" dir="0" index="0" bw="256" slack="1"/>
<pin id="351" dir="1" index="1" bw="256" slack="1"/>
</pin_list>
<bind>
<opset="ln_paras_addr "/>
</bind>
</comp>

<comp id="355" class="1005" name="ln_paras_addr_read_reg_355">
<pin_list>
<pin id="356" dir="0" index="0" bw="256" slack="1"/>
<pin id="357" dir="1" index="1" bw="256" slack="1"/>
</pin_list>
<bind>
<opset="ln_paras_addr_read "/>
</bind>
</comp>

</comp_list>

<net_list>
<net id="95"><net_src comp="16" pin="0"/><net_sink comp="92" pin=0"/></net>

<net id="100"><net_src comp="20" pin="0"/><net_sink comp="96" pin=0"/></net>

<net id="101"><net_src comp="14" pin="0"/><net_sink comp="96" pin=1"/></net>

<net id="106"><net_src comp="20" pin="0"/><net_sink comp="102" pin=0"/></net>

<net id="107"><net_src comp="10" pin="0"/><net_sink comp="102" pin=1"/></net>

<net id="112"><net_src comp="20" pin="0"/><net_sink comp="108" pin=0"/></net>

<net id="113"><net_src comp="8" pin="0"/><net_sink comp="108" pin=1"/></net>

<net id="118"><net_src comp="22" pin="0"/><net_sink comp="114" pin=0"/></net>

<net id="119"><net_src comp="4" pin="0"/><net_sink comp="114" pin=1"/></net>

<net id="124"><net_src comp="24" pin="0"/><net_sink comp="120" pin=0"/></net>

<net id="125"><net_src comp="2" pin="0"/><net_sink comp="120" pin=1"/></net>

<net id="130"><net_src comp="26" pin="0"/><net_sink comp="126" pin=0"/></net>

<net id="131"><net_src comp="0" pin="0"/><net_sink comp="126" pin=1"/></net>

<net id="137"><net_src comp="66" pin="0"/><net_sink comp="132" pin=0"/></net>

<net id="138"><net_src comp="16" pin="0"/><net_sink comp="132" pin=2"/></net>

<net id="143"><net_src comp="68" pin="0"/><net_sink comp="139" pin=0"/></net>

<net id="149"><net_src comp="12" pin="0"/><net_sink comp="144" pin=0"/></net>

<net id="150"><net_src comp="82" pin="0"/><net_sink comp="144" pin=1"/></net>

<net id="159"><net_src comp="120" pin="2"/><net_sink comp="156" pin=0"/></net>

<net id="164"><net_src comp="56" pin="0"/><net_sink comp="160" pin=0"/></net>

<net id="171"><net_src comp="165" pin="1"/><net_sink comp="168" pin=0"/></net>

<net id="176"><net_src comp="156" pin="1"/><net_sink comp="172" pin=0"/></net>

<net id="177"><net_src comp="168" pin="1"/><net_sink comp="172" pin=1"/></net>

<net id="181"><net_src comp="172" pin="2"/><net_sink comp="178" pin=0"/></net>

<net id="186"><net_src comp="178" pin="1"/><net_sink comp="182" pin=0"/></net>

<net id="187"><net_src comp="114" pin="2"/><net_sink comp="182" pin=1"/></net>

<net id="194"><net_src comp="58" pin="0"/><net_sink comp="188" pin=0"/></net>

<net id="195"><net_src comp="182" pin="2"/><net_sink comp="188" pin=1"/></net>

<net id="196"><net_src comp="60" pin="0"/><net_sink comp="188" pin=2"/></net>

<net id="197"><net_src comp="62" pin="0"/><net_sink comp="188" pin=3"/></net>

<net id="202"><net_src comp="165" pin="1"/><net_sink comp="198" pin=0"/></net>

<net id="203"><net_src comp="64" pin="0"/><net_sink comp="198" pin=1"/></net>

<net id="208"><net_src comp="198" pin="2"/><net_sink comp="204" pin=0"/></net>

<net id="209"><net_src comp="96" pin="2"/><net_sink comp="204" pin=1"/></net>

<net id="214"><net_src comp="198" pin="2"/><net_sink comp="210" pin=0"/></net>

<net id="222"><net_src comp="6" pin="0"/><net_sink comp="218" pin=0"/></net>

<net id="223"><net_src comp="215" pin="1"/><net_sink comp="218" pin=1"/></net>

<net id="224"><net_src comp="218" pin="2"/><net_sink comp="132" pin=1"/></net>

<net id="232"><net_src comp="225" pin="1"/><net_sink comp="228" pin=1"/></net>

<net id="241"><net_src comp="233" pin="2"/><net_sink comp="237" pin=0"/></net>

<net id="247"><net_src comp="74" pin="0"/><net_sink comp="242" pin=0"/></net>

<net id="248"><net_src comp="237" pin="2"/><net_sink comp="242" pin=1"/></net>

<net id="249"><net_src comp="76" pin="0"/><net_sink comp="242" pin=2"/></net>

<net id="253"><net_src comp="242" pin="3"/><net_sink comp="250" pin=0"/></net>

<net id="258"><net_src comp="250" pin="1"/><net_sink comp="254" pin=1"/></net>

<net id="262"><net_src comp="254" pin="2"/><net_sink comp="259" pin=0"/></net>

<net id="266"><net_src comp="259" pin="1"/><net_sink comp="263" pin=0"/></net>

<net id="270"><net_src comp="233" pin="2"/><net_sink comp="267" pin=0"/></net>

<net id="275"><net_src comp="16" pin="0"/><net_sink comp="271" pin=0"/></net>

<net id="276"><net_src comp="267" pin="1"/><net_sink comp="271" pin=1"/></net>

<net id="277"><net_src comp="271" pin="2"/><net_sink comp="151" pin=2"/></net>

<net id="283"><net_src comp="74" pin="0"/><net_sink comp="278" pin=0"/></net>

<net id="284"><net_src comp="233" pin="2"/><net_sink comp="278" pin=1"/></net>

<net id="285"><net_src comp="76" pin="0"/><net_sink comp="278" pin=2"/></net>

<net id="289"><net_src comp="278" pin="3"/><net_sink comp="286" pin=0"/></net>

<net id="294"><net_src comp="263" pin="1"/><net_sink comp="290" pin=0"/></net>

<net id="295"><net_src comp="286" pin="1"/><net_sink comp="290" pin=1"/></net>

<net id="296"><net_src comp="290" pin="2"/><net_sink comp="151" pin=1"/></net>

<net id="303"><net_src comp="78" pin="0"/><net_sink comp="297" pin=0"/></net>

<net id="304"><net_src comp="228" pin="2"/><net_sink comp="297" pin=1"/></net>

<net id="305"><net_src comp="60" pin="0"/><net_sink comp="297" pin=2"/></net>

<net id="306"><net_src comp="80" pin="0"/><net_sink comp="297" pin=3"/></net>

<net id="310"><net_src comp="297" pin="4"/><net_sink comp="307" pin=0"/></net>

<net id="311"><net_src comp="307" pin="1"/><net_sink comp="144" pin=2"/></net>

<net id="315"><net_src comp="92" pin="1"/><net_sink comp="312" pin=0"/></net>

<net id="316"><net_src comp="312" pin="1"/><net_sink comp="160" pin=1"/></net>

<net id="317"><net_src comp="312" pin="1"/><net_sink comp="165" pin=0"/></net>

<net id="318"><net_src comp="312" pin="1"/><net_sink comp="210" pin=1"/></net>

<net id="322"><net_src comp="102" pin="2"/><net_sink comp="319" pin=0"/></net>

<net id="323"><net_src comp="319" pin="1"/><net_sink comp="237" pin=1"/></net>

<net id="327"><net_src comp="108" pin="2"/><net_sink comp="324" pin=0"/></net>

<net id="328"><net_src comp="324" pin="1"/><net_sink comp="233" pin=0"/></net>

<net id="332"><net_src comp="126" pin="2"/><net_sink comp="329" pin=0"/></net>

<net id="333"><net_src comp="329" pin="1"/><net_sink comp="228" pin=0"/></net>

<net id="337"><net_src comp="165" pin="1"/><net_sink comp="334" pin=0"/></net>

<net id="338"><net_src comp="334" pin="1"/><net_sink comp="225" pin=0"/></net>

<net id="339"><net_src comp="334" pin="1"/><net_sink comp="233" pin=1"/></net>

<net id="343"><net_src comp="188" pin="4"/><net_sink comp="340" pin=0"/></net>

<net id="344"><net_src comp="340" pin="1"/><net_sink comp="215" pin=0"/></net>

<net id="348"><net_src comp="204" pin="2"/><net_sink comp="345" pin=0"/></net>

<net id="352"><net_src comp="218" pin="2"/><net_sink comp="349" pin=0"/></net>

<net id="353"><net_src comp="349" pin="1"/><net_sink comp="132" pin=1"/></net>

<net id="354"><net_src comp="349" pin="1"/><net_sink comp="139" pin=1"/></net>

<net id="358"><net_src comp="139" pin="2"/><net_sink comp="355" pin=0"/></net>

<net id="359"><net_src comp="355" pin="1"/><net_sink comp="254" pin=0"/></net>

</net_list>

</model> 
---------------- Datapath Model END ------------------

* FSMD analyzer results:
  - Output states:
	Port: beta_ram | {41 }
 - Input state : 
	Port: (anonymous namespace)DataMover_B<ap_int<8>, ap_uint<256>, 5u>_Pipeline_4 : trunc_ln96_3 | {1 }
	Port: (anonymous namespace)DataMover_B<ap_int<8>, ap_uint<256>, 5u>_Pipeline_4 : sext_ln96 | {1 }
	Port: (anonymous namespace)DataMover_B<ap_int<8>, ap_uint<256>, 5u>_Pipeline_4 : add_ln97 | {1 }
	Port: (anonymous namespace)DataMover_B<ap_int<8>, ap_uint<256>, 5u>_Pipeline_4 : ln_paras | {2 3 4 5 6 7 8 9 10 11 12 13 14 15 16 17 18 19 20 21 22 23 24 25 26 27 28 29 30 31 32 33 34 35 36 37 38 39 40 }
	Port: (anonymous namespace)DataMover_B<ap_int<8>, ap_uint<256>, 5u>_Pipeline_4 : sub_ln96_cast1 | {1 }
	Port: (anonymous namespace)DataMover_B<ap_int<8>, ap_uint<256>, 5u>_Pipeline_4 : trunc_ln | {1 }
	Port: (anonymous namespace)DataMover_B<ap_int<8>, ap_uint<256>, 5u>_Pipeline_4 : trunc_ln96_1 | {1 }
  - Chain level:
	State 1
		store_ln0 : 1
		residual_loop_index_load : 1
		residual_loop_index_cast20 : 2
		tmp2 : 3
		tmp2_cast : 4
		empty_239 : 5
		p_cast1 : 6
		empty_245 : 2
		exitcond6 : 3
		br_ln0 : 4
		store_ln0 : 3
	State 2
		ln_paras_addr : 1
		ln_paras_load_1_req : 2
	State 3
	State 4
	State 5
	State 6
	State 7
	State 8
	State 9
	State 10
	State 11
	State 12
	State 13
	State 14
	State 15
	State 16
	State 17
	State 18
	State 19
	State 20
	State 21
	State 22
	State 23
	State 24
	State 25
	State 26
	State 27
	State 28
	State 29
	State 30
	State 31
	State 32
	State 33
	State 34
	State 35
	State 36
	State 37
	State 38
	State 39
	State 40
	State 41
		empty : 1
		empty_240 : 1
		tmp_7 : 2
		p_cast23 : 3
		empty_241 : 4
		empty_242 : 5
		p_cast14_cast : 6
		p_cast24 : 1
		empty_243 : 2
		tmp_8 : 1
		p_cast25 : 2
		empty_244 : 7
		tmp_9 : 2
		p_cast16_cast : 3
		beta_ram_addr : 4
		store_ln0 : 8


============================================================
+ Verbose Summary: Datapath Resource usage 
============================================================

* Functional unit list:
|----------|-----------------------------------|---------|---------|
| Operation|          Functional Unit          |    FF   |   LUT   |
|----------|-----------------------------------|---------|---------|
|   lshr   |          empty_241_fu_254         |    0    |   950   |
|----------|-----------------------------------|---------|---------|
|          |            tmp2_fu_172            |    0    |    40   |
|          |          empty_239_fu_182         |    0    |    71   |
|    add   |          empty_245_fu_198         |    0    |    12   |
|          |            empty_fu_228           |    0    |    21   |
|          |            tmp3_fu_233            |    0    |    12   |
|          |          empty_240_fu_237         |    0    |    12   |
|----------|-----------------------------------|---------|---------|
|    shl   |          empty_243_fu_271         |    0    |    11   |
|          |          empty_244_fu_290         |    0    |    16   |
|----------|-----------------------------------|---------|---------|
|   icmp   |          exitcond6_fu_204         |    0    |    9    |
|----------|-----------------------------------|---------|---------|
|          |    trunc_ln96_1_read_read_fu_96   |    0    |    0    |
|          |     trunc_ln_read_read_fu_102     |    0    |    0    |
|          |  sub_ln96_cast1_read_read_fu_108  |    0    |    0    |
|   read   |     add_ln97_read_read_fu_114     |    0    |    0    |
|          |     sext_ln96_read_read_fu_120    |    0    |    0    |
|          |   trunc_ln96_3_read_read_fu_126   |    0    |    0    |
|          |   ln_paras_addr_read_read_fu_139  |    0    |    0    |
|----------|-----------------------------------|---------|---------|
|  readreq |         grp_readreq_fu_132        |    0    |    0    |
|----------|-----------------------------------|---------|---------|
|          |       sext_ln96_cast_fu_156       |    0    |    0    |
|   sext   |          tmp2_cast_fu_178         |    0    |    0    |
|          |        p_cast12_cast_fu_215       |    0    |    0    |
|----------|-----------------------------------|---------|---------|
|          | residual_loop_index_cast20_fu_168 |    0    |    0    |
|          |  residual_loop_index_cast_fu_225  |    0    |    0    |
|          |          p_cast23_fu_250          |    0    |    0    |
|   zext   |        p_cast14_cast_fu_263       |    0    |    0    |
|          |          p_cast24_fu_267          |    0    |    0    |
|          |          p_cast25_fu_286          |    0    |    0    |
|          |        p_cast16_cast_fu_307       |    0    |    0    |
|----------|-----------------------------------|---------|---------|
|partselect|           p_cast1_fu_188          |    0    |    0    |
|          |            tmp_9_fu_297           |    0    |    0    |
|----------|-----------------------------------|---------|---------|
|bitconcatenate|            tmp_7_fu_242           |    0    |    0    |
|          |            tmp_8_fu_278           |    0    |    0    |
|----------|-----------------------------------|---------|---------|
|   trunc  |          empty_242_fu_259         |    0    |    0    |
|----------|-----------------------------------|---------|---------|
|   Total  |                                   |    0    |   1154  |
|----------|-----------------------------------|---------|---------|

Memories:
N/A

* Register list:
+--------------------------------+--------+
|                                |   FF   |
+--------------------------------+--------+
|        exitcond6_reg_345       |    1   |
|   ln_paras_addr_read_reg_355   |   256  |
|      ln_paras_addr_reg_349     |   256  |
|         p_cast1_reg_340        |   59   |
|residual_loop_index_load_reg_334|    5   |
|   residual_loop_index_reg_312  |    5   |
|   sub_ln96_cast1_read_reg_324  |    5   |
|    trunc_ln96_3_read_reg_329   |   14   |
|      trunc_ln_read_reg_319     |    5   |
+--------------------------------+--------+
|              Total             |   606  |
+--------------------------------+--------+

* Multiplexer (MUX) list: 
|--------------------|------|------|------|--------||---------||---------|
|        Comp        |  Pin | Size |  BW  | S x BW ||  Delay  ||   LUT   |
|--------------------|------|------|------|--------||---------||---------|
| grp_readreq_fu_132 |  p1  |   2  |  256 |   512  ||    9    |
|--------------------|------|------|------|--------||---------||---------|
|        Total       |      |      |      |   512  ||  0.427  ||    9    |
|--------------------|------|------|------|--------||---------||---------|



* Summary:
+-----------+--------+--------+--------+
|           |  Delay |   FF   |   LUT  |
+-----------+--------+--------+--------+
|  Function |    -   |    0   |  1154  |
|   Memory  |    -   |    -   |    -   |
|Multiplexer|    0   |    -   |    9   |
|  Register |    -   |   606  |    -   |
+-----------+--------+--------+--------+
|   Total   |    0   |   606  |  1163  |
+-----------+--------+--------+--------+
