Thu May 30 14:39:54 2024: Running xcd server. This server was built by gradle.
Thu May 30 14:39:54 2024: Server was asked to start on port: '44779'
Thu May 30 14:39:54 2024: Server is using token UUID: '34bc6956-a659-401e-bd92-18d6f230ef89'
Thu May 30 14:39:54 2024: SESSION_MGR: creating session with session uuid: '6d04a3e9-ade5-4ab9-8d63-1f78fcd2ec76' and name 'default'
Thu May 30 14:39:54 2024: Attempting to start server on port '44779'
Thu May 30 14:39:54 2024: XCD main fifo: created main fifo '/tmp/xcdmain34bc6956-a659-401e-bd92-18d6f230ef89', fd read = 13
Thu May 30 14:39:54 2024: Running Dispatch Server
Thu May 30 14:39:54 2024: Version 2.2.0
Thu May 30 14:40:03 2024: Dispatch Server: Accepted socket connection from client
Thu May 30 14:40:03 2024: Starting Socket connection
Thu May 30 14:40:03 2024: EXCHANGE_TOKEN received, server token: 34bc6956-a659-401e-bd92-18d6f230ef89, passed token: 34bc6956-a659-401e-bd92-18d6f230ef89
Thu May 30 14:40:03 2024: SESSION_MGR: creating session with session uuid: 'ed9ca8ba-2299-4f0e-91ad-4bff4504857a' and name 'vitis_hls'
Thu May 30 14:40:03 2024: KERNEL_SVC: creating session with uuid: 'ed9ca8ba-2299-4f0e-91ad-4bff4504857a' and name 'vitis_hls'
Thu May 30 14:40:03 2024: GUIDANCE_SMGR: creating guidance session with uuid: 'ed9ca8ba-2299-4f0e-91ad-4bff4504857a' and name 'vitis_hls'
Thu May 30 14:40:48 2024: STOP_SERVER received, server token: 34bc6956-a659-401e-bd92-18d6f230ef89, passed token: 34bc6956-a659-401e-bd92-18d6f230ef89
Thu May 30 14:40:48 2024: Socket received request to stop server.
Thu May 30 14:40:48 2024: Dispatch Server: do_await_stop
Thu May 30 14:40:48 2024: Dispatch Server: stopping mainFifo_
Thu May 30 14:40:48 2024: XCD main fifo: Stopping
Thu May 30 14:40:48 2024: XCD main fifo: do_read error code: Operation canceled
Thu May 30 14:40:48 2024: XCD main fifo: bytes_transferred: 0
Thu May 30 14:40:48 2024: SERVER: destructor for server bound to port 44779
Thu May 30 14:40:48 2024: XCD main fifo: Good unlink of /tmp/xcdmain34bc6956-a659-401e-bd92-18d6f230ef89
Thu May 30 14:40:48 2024: Server exiting with status 0.
Thu May 30 14:40:48 2024: Closing log file.
