

================================================================
== Vitis HLS Report for 'reshape_stream_ap_int_8_ap_int_8_32u_s'
================================================================
* Date:           Tue May 14 17:39:06 2024

* Version:        2022.2 (Build 3670227 on Oct 13 2022)
* Project:        Reshape_HLS.prj
* Solution:       sol (Vivado IP Flow Target)
* Product family: zynquplus
* Target device:  xczu7ev-ffvc1156-2-e


================================================================
== Performance Estimates
================================================================
+ Timing: 
    * Summary: 
    +--------+----------+----------+------------+
    |  Clock |  Target  | Estimated| Uncertainty|
    +--------+----------+----------+------------+
    |ap_clk  |  10.00 ns|  7.278 ns|     2.70 ns|
    +--------+----------+----------+------------+

+ Latency: 
    * Summary: 
    +---------+---------+----------+----------+-----+-----+---------+
    |  Latency (cycles) |  Latency (absolute) |  Interval | Pipeline|
    |   min   |   max   |    min   |    max   | min | max |   Type  |
    +---------+---------+----------+----------+-----+-----+---------+
    |        ?|        ?|         ?|         ?|    ?|    ?|       no|
    +---------+---------+----------+----------+-----+-----+---------+

    + Detail: 
        * Instance: 
        +----------------------------------------------------------------------------------------+-----------------------------------------------------------------------------+---------+---------+----------+----------+-----+-----+---------+
        |                                                                                        |                                                                             |  Latency (cycles) |  Latency (absolute) |  Interval | Pipeline|
        |                                        Instance                                        |                                    Module                                   |   min   |   max   |    min   |    max   | min | max |   Type  |
        +----------------------------------------------------------------------------------------+-----------------------------------------------------------------------------+---------+---------+----------+----------+-----+-----+---------+
        |grp_reshape_stream_ap_int_8_ap_int_8_32u_Pipeline_VITIS_LOOP_33_1_fu_242                |reshape_stream_ap_int_8_ap_int_8_32u_Pipeline_VITIS_LOOP_33_1                |        ?|        ?|         ?|         ?|    ?|    ?|       no|
        |grp_reshape_stream_ap_int_ap_int_8_32u_Pipeline_VITIS_LOOP_51_3_VITIS_LOOP_52_4_fu_345  |reshape_stream_ap_int_ap_int_8_32u_Pipeline_VITIS_LOOP_51_3_VITIS_LOOP_52_4  |        ?|        ?|         ?|         ?|    ?|    ?|       no|
        +----------------------------------------------------------------------------------------+-----------------------------------------------------------------------------+---------+---------+----------+----------+-----+-----+---------+

        * Loop: 
        N/A



================================================================
== Utilization Estimates
================================================================
* Summary: 
+-----------------+---------+------+--------+--------+-----+
|       Name      | BRAM_18K|  DSP |   FF   |   LUT  | URAM|
+-----------------+---------+------+--------+--------+-----+
|DSP              |        -|     -|       -|       -|    -|
|Expression       |        -|     -|       0|    1129|    -|
|FIFO             |        -|     -|       -|       -|    -|
|Instance         |        -|     3|    1445|    4061|    -|
|Memory           |        1|     -|       0|       0|    0|
|Multiplexer      |        -|     -|       -|     179|    -|
|Register         |        -|     -|     713|       -|    -|
+-----------------+---------+------+--------+--------+-----+
|Total            |        1|     3|    2158|    5369|    0|
+-----------------+---------+------+--------+--------+-----+
|Available        |      624|  1728|  460800|  230400|   96|
+-----------------+---------+------+--------+--------+-----+
|Utilization (%)  |       ~0|    ~0|      ~0|       2|    0|
+-----------------+---------+------+--------+--------+-----+

+ Detail: 
    * Instance: 
    +----------------------------------------------------------------------------------------+-----------------------------------------------------------------------------+---------+----+------+------+-----+
    |                                        Instance                                        |                                    Module                                   | BRAM_18K| DSP|  FF  |  LUT | URAM|
    +----------------------------------------------------------------------------------------+-----------------------------------------------------------------------------+---------+----+------+------+-----+
    |mul_32ns_32ns_64_1_1_U117                                                               |mul_32ns_32ns_64_1_1                                                         |        0|   3|     0|    20|    0|
    |grp_reshape_stream_ap_int_8_ap_int_8_32u_Pipeline_VITIS_LOOP_33_1_fu_242                |reshape_stream_ap_int_8_ap_int_8_32u_Pipeline_VITIS_LOOP_33_1                |        0|   0|  1016|  3625|    0|
    |grp_reshape_stream_ap_int_ap_int_8_32u_Pipeline_VITIS_LOOP_51_3_VITIS_LOOP_52_4_fu_345  |reshape_stream_ap_int_ap_int_8_32u_Pipeline_VITIS_LOOP_51_3_VITIS_LOOP_52_4  |        0|   0|   429|   416|    0|
    +----------------------------------------------------------------------------------------+-----------------------------------------------------------------------------+---------+----+------+------+-----+
    |Total                                                                                   |                                                                             |        0|   3|  1445|  4061|    0|
    +----------------------------------------------------------------------------------------+-----------------------------------------------------------------------------+---------+----+------+------+-----+

    * DSP: 
    N/A

    * Memory: 
    +------------+---------------------------------------------------------------+---------+---+----+-----+------+-----+------+-------------+
    |   Memory   |                             Module                            | BRAM_18K| FF| LUT| URAM| Words| Bits| Banks| W*Bits*Banks|
    +------------+---------------------------------------------------------------+---------+---+----+-----+------+-----+------+-------------+
    |buffer_V_U  |reshape_stream_ap_int_8_ap_int_8_32u_s_buffer_V_RAM_AUTO_1R1W  |        1|  0|   0|    0|  1024|    8|     1|         8192|
    +------------+---------------------------------------------------------------+---------+---+----+-----+------+-----+------+-------------+
    |Total       |                                                               |        1|  0|   0|    0|  1024|    8|     1|         8192|
    +------------+---------------------------------------------------------------+---------+---+----+-----+------+-----+------+-------------+

    * FIFO: 
    N/A

    * Expression: 
    +---------------------------+----------+----+---+----+------------+------------+
    |       Variable Name       | Operation| DSP| FF| LUT| Bitwidth P0| Bitwidth P1|
    +---------------------------+----------+----+---+----+------------+------------+
    |add_ln37_10_fu_943_p2      |         +|   0|  0|  12|           4|           1|
    |add_ln37_11_fu_966_p2      |         +|   0|  0|  12|           4|           1|
    |add_ln37_12_fu_987_p2      |         +|   0|  0|  12|           4|           1|
    |add_ln37_13_fu_1014_p2     |         +|   0|  0|  12|           5|           1|
    |add_ln37_14_fu_1037_p2     |         +|   0|  0|  12|           5|           1|
    |add_ln37_15_fu_1058_p2     |         +|   0|  0|  12|           5|           1|
    |add_ln37_16_fu_1081_p2     |         +|   0|  0|  12|           5|           1|
    |add_ln37_17_fu_1104_p2     |         +|   0|  0|  12|           5|           1|
    |add_ln37_18_fu_1125_p2     |         +|   0|  0|  12|           5|           1|
    |add_ln37_19_fu_1148_p2     |         +|   0|  0|  12|           5|           1|
    |add_ln37_1_fu_737_p2       |         +|   0|  0|  10|           3|           1|
    |add_ln37_20_fu_1171_p2     |         +|   0|  0|  12|           5|           1|
    |add_ln37_21_fu_1192_p2     |         +|   0|  0|  12|           5|           1|
    |add_ln37_22_fu_1215_p2     |         +|   0|  0|  12|           5|           1|
    |add_ln37_23_fu_1238_p2     |         +|   0|  0|  12|           5|           1|
    |add_ln37_24_fu_1259_p2     |         +|   0|  0|  12|           5|           1|
    |add_ln37_25_fu_1282_p2     |         +|   0|  0|  12|           5|           1|
    |add_ln37_26_fu_1305_p2     |         +|   0|  0|  12|           5|           1|
    |add_ln37_27_fu_1565_p2     |         +|   0|  0|  12|           5|           1|
    |add_ln37_28_fu_1598_p2     |         +|   0|  0|  12|           5|           1|
    |add_ln37_29_fu_1635_p2     |         +|   0|  0|  13|           6|           1|
    |add_ln37_2_fu_760_p2       |         +|   0|  0|  10|           3|           1|
    |add_ln37_3_fu_782_p2       |         +|   0|  0|  10|           3|           1|
    |add_ln37_4_fu_805_p2       |         +|   0|  0|  10|           3|           1|
    |add_ln37_5_fu_832_p2       |         +|   0|  0|  12|           4|           1|
    |add_ln37_6_fu_853_p2       |         +|   0|  0|  12|           4|           1|
    |add_ln37_7_fu_876_p2       |         +|   0|  0|  12|           4|           1|
    |add_ln37_8_fu_899_p2       |         +|   0|  0|  12|           4|           1|
    |add_ln37_9_fu_920_p2       |         +|   0|  0|  12|           4|           1|
    |add_ln37_fu_710_p2         |         +|   0|  0|   9|           2|           1|
    |icmp_ln38_10_fu_909_p2     |      icmp|   0|  0|  20|          32|          32|
    |icmp_ln38_11_fu_930_p2     |      icmp|   0|  0|  20|          32|          32|
    |icmp_ln38_12_fu_953_p2     |      icmp|   0|  0|  20|          32|          32|
    |icmp_ln38_13_fu_976_p2     |      icmp|   0|  0|  20|          32|          32|
    |icmp_ln38_14_fu_997_p2     |      icmp|   0|  0|  20|          32|          32|
    |icmp_ln38_15_fu_1024_p2    |      icmp|   0|  0|  20|          32|          32|
    |icmp_ln38_16_fu_1047_p2    |      icmp|   0|  0|  20|          32|          32|
    |icmp_ln38_17_fu_1068_p2    |      icmp|   0|  0|  20|          32|          32|
    |icmp_ln38_18_fu_1091_p2    |      icmp|   0|  0|  20|          32|          32|
    |icmp_ln38_19_fu_1114_p2    |      icmp|   0|  0|  20|          32|          32|
    |icmp_ln38_1_fu_681_p2      |      icmp|   0|  0|  20|          32|          32|
    |icmp_ln38_20_fu_1135_p2    |      icmp|   0|  0|  20|          32|          32|
    |icmp_ln38_21_fu_1158_p2    |      icmp|   0|  0|  20|          32|          32|
    |icmp_ln38_22_fu_1181_p2    |      icmp|   0|  0|  20|          32|          32|
    |icmp_ln38_23_fu_1202_p2    |      icmp|   0|  0|  20|          32|          32|
    |icmp_ln38_24_fu_1225_p2    |      icmp|   0|  0|  20|          32|          32|
    |icmp_ln38_25_fu_1248_p2    |      icmp|   0|  0|  20|          32|          32|
    |icmp_ln38_26_fu_1269_p2    |      icmp|   0|  0|  20|          32|          32|
    |icmp_ln38_27_fu_1292_p2    |      icmp|   0|  0|  20|          32|          32|
    |icmp_ln38_28_fu_1315_p2    |      icmp|   0|  0|  20|          32|          32|
    |icmp_ln38_29_fu_1575_p2    |      icmp|   0|  0|  20|          32|          32|
    |icmp_ln38_2_fu_720_p2      |      icmp|   0|  0|  20|          32|          32|
    |icmp_ln38_30_fu_1608_p2    |      icmp|   0|  0|  20|          32|          32|
    |icmp_ln38_31_fu_1645_p2    |      icmp|   0|  0|  20|          32|          32|
    |icmp_ln38_3_fu_747_p2      |      icmp|   0|  0|  20|          32|          32|
    |icmp_ln38_4_fu_769_p2      |      icmp|   0|  0|  20|          32|          32|
    |icmp_ln38_5_fu_792_p2      |      icmp|   0|  0|  20|          32|          32|
    |icmp_ln38_6_fu_815_p2      |      icmp|   0|  0|  20|          32|          32|
    |icmp_ln38_7_fu_842_p2      |      icmp|   0|  0|  20|          32|          32|
    |icmp_ln38_8_fu_863_p2      |      icmp|   0|  0|  20|          32|          32|
    |icmp_ln38_9_fu_886_p2      |      icmp|   0|  0|  20|          32|          32|
    |icmp_ln38_fu_668_p2        |      icmp|   0|  0|  20|          32|           1|
    |ap_block_state1            |        or|   0|  0|   2|           1|           1|
    |or_ln38_fu_696_p2          |        or|   0|  0|   2|           1|           1|
    |select_ln38_10_fu_797_p3   |    select|   0|  0|   3|           1|           1|
    |select_ln38_12_fu_820_p3   |    select|   0|  0|   3|           1|           1|
    |select_ln38_14_fu_847_p3   |    select|   0|  0|   4|           1|           1|
    |select_ln38_16_fu_868_p3   |    select|   0|  0|   4|           1|           1|
    |select_ln38_18_fu_891_p3   |    select|   0|  0|   4|           1|           1|
    |select_ln38_20_fu_914_p3   |    select|   0|  0|   4|           1|           1|
    |select_ln38_22_fu_935_p3   |    select|   0|  0|   4|           1|           1|
    |select_ln38_24_fu_958_p3   |    select|   0|  0|   4|           1|           1|
    |select_ln38_26_fu_981_p3   |    select|   0|  0|   4|           1|           1|
    |select_ln38_28_fu_1002_p3  |    select|   0|  0|   4|           1|           1|
    |select_ln38_2_fu_702_p3    |    select|   0|  0|   3|           1|           2|
    |select_ln38_30_fu_1029_p3  |    select|   0|  0|   5|           1|           1|
    |select_ln38_32_fu_1052_p3  |    select|   0|  0|   5|           1|           1|
    |select_ln38_33_fu_1073_p3  |    select|   0|  0|   5|           1|           1|
    |select_ln38_34_fu_1096_p3  |    select|   0|  0|   5|           1|           1|
    |select_ln38_35_fu_1119_p3  |    select|   0|  0|   5|           1|           1|
    |select_ln38_36_fu_1140_p3  |    select|   0|  0|   5|           1|           1|
    |select_ln38_37_fu_1163_p3  |    select|   0|  0|   5|           1|           1|
    |select_ln38_38_fu_1186_p3  |    select|   0|  0|   5|           1|           1|
    |select_ln38_39_fu_1207_p3  |    select|   0|  0|   5|           1|           1|
    |select_ln38_40_fu_1230_p3  |    select|   0|  0|   5|           1|           1|
    |select_ln38_41_fu_1253_p3  |    select|   0|  0|   5|           1|           1|
    |select_ln38_42_fu_1274_p3  |    select|   0|  0|   5|           1|           1|
    |select_ln38_43_fu_1297_p3  |    select|   0|  0|   5|           1|           1|
    |select_ln38_44_fu_1550_p3  |    select|   0|  0|   5|           1|           1|
    |select_ln38_45_fu_1581_p3  |    select|   0|  0|   5|           1|           1|
    |select_ln38_46_fu_1614_p3  |    select|   0|  0|   5|           1|           1|
    |select_ln38_4_fu_725_p3    |    select|   0|  0|   2|           1|           1|
    |select_ln38_6_fu_752_p3    |    select|   0|  0|   3|           1|           1|
    |select_ln38_8_fu_774_p3    |    select|   0|  0|   3|           1|           1|
    |select_ln38_fu_673_p3      |    select|   0|  0|   2|           1|           1|
    |xor_ln36_fu_1320_p2        |       xor|   0|  0|   2|           1|           2|
    |xor_ln38_fu_686_p2         |       xor|   0|  0|   2|           1|           2|
    +---------------------------+----------+----+---+----+------------+------------+
    |Total                      |          |   0|  0|1129|        1191|        1061|
    +---------------------------+----------+----+---+----+------------+------------+

    * Multiplexer: 
    +-------------------+----+-----------+-----+-----------+
    |        Name       | LUT| Input Size| Bits| Total Bits|
    +-------------------+----+-----------+-----+-----------+
    |COLS_blk_n         |   9|          2|    1|          2|
    |COLS_c_blk_n       |   9|          2|    1|          2|
    |ROWS_blk_n         |   9|          2|    1|          2|
    |ROWS_c_blk_n       |   9|          2|    1|          2|
    |ap_NS_fsm          |  65|         16|    1|         16|
    |ap_done            |   9|          2|    1|          2|
    |buffer_V_address0  |  14|          3|   10|         30|
    |buffer_V_ce0       |  14|          3|    1|          3|
    |buffer_V_we0       |   9|          2|    1|          2|
    |data_in1_blk_n     |   9|          2|    1|          2|
    |data_in1_read      |  14|          3|    1|          3|
    |data_out2_write    |   9|          2|    1|          2|
    +-------------------+----+-----------+-----+-----------+
    |Total              | 179|         41|   21|         68|
    +-------------------+----+-----------+-----+-----------+

    * Register: 
    +-----------------------------------------------------------------------------------------------------+----+----+-----+-----------+
    |                                                 Name                                                | FF | LUT| Bits| Const Bits|
    +-----------------------------------------------------------------------------------------------------+----+----+-----+-----------+
    |COLS_read_reg_1664                                                                                   |  32|   0|   32|          0|
    |ROWS_read_reg_1701                                                                                   |  32|   0|   32|          0|
    |add_ln37_11_reg_2007                                                                                 |   4|   0|    4|          0|
    |add_ln37_14_reg_2043                                                                                 |   5|   0|    5|          0|
    |add_ln37_17_reg_2079                                                                                 |   5|   0|    5|          0|
    |add_ln37_20_reg_2115                                                                                 |   5|   0|    5|          0|
    |add_ln37_23_reg_2151                                                                                 |   5|   0|    5|          0|
    |add_ln37_26_reg_2187                                                                                 |   5|   0|    5|          0|
    |add_ln37_5_reg_1935                                                                                  |   4|   0|    4|          0|
    |add_ln37_8_reg_1971                                                                                  |   4|   0|    4|          0|
    |ap_CS_fsm                                                                                            |  15|   0|   15|          0|
    |ap_done_reg                                                                                          |   1|   0|    1|          0|
    |grp_reshape_stream_ap_int_8_ap_int_8_32u_Pipeline_VITIS_LOOP_33_1_fu_242_ap_start_reg                |   1|   0|    1|          0|
    |grp_reshape_stream_ap_int_ap_int_8_32u_Pipeline_VITIS_LOOP_51_3_VITIS_LOOP_52_4_fu_345_ap_start_reg  |   1|   0|    1|          0|
    |icmp_ln38_10_reg_1976                                                                                |   1|   0|    1|          0|
    |icmp_ln38_11_reg_1987                                                                                |   1|   0|    1|          0|
    |icmp_ln38_12_reg_1997                                                                                |   1|   0|    1|          0|
    |icmp_ln38_13_reg_2012                                                                                |   1|   0|    1|          0|
    |icmp_ln38_14_reg_2023                                                                                |   1|   0|    1|          0|
    |icmp_ln38_15_reg_2033                                                                                |   1|   0|    1|          0|
    |icmp_ln38_16_reg_2048                                                                                |   1|   0|    1|          0|
    |icmp_ln38_17_reg_2059                                                                                |   1|   0|    1|          0|
    |icmp_ln38_18_reg_2069                                                                                |   1|   0|    1|          0|
    |icmp_ln38_19_reg_2084                                                                                |   1|   0|    1|          0|
    |icmp_ln38_1_reg_1874                                                                                 |   1|   0|    1|          0|
    |icmp_ln38_20_reg_2095                                                                                |   1|   0|    1|          0|
    |icmp_ln38_21_reg_2105                                                                                |   1|   0|    1|          0|
    |icmp_ln38_22_reg_2120                                                                                |   1|   0|    1|          0|
    |icmp_ln38_23_reg_2131                                                                                |   1|   0|    1|          0|
    |icmp_ln38_24_reg_2141                                                                                |   1|   0|    1|          0|
    |icmp_ln38_25_reg_2156                                                                                |   1|   0|    1|          0|
    |icmp_ln38_26_reg_2167                                                                                |   1|   0|    1|          0|
    |icmp_ln38_27_reg_2177                                                                                |   1|   0|    1|          0|
    |icmp_ln38_28_reg_2192                                                                                |   1|   0|    1|          0|
    |icmp_ln38_29_reg_2343                                                                                |   1|   0|    1|          0|
    |icmp_ln38_2_reg_1884                                                                                 |   1|   0|    1|          0|
    |icmp_ln38_30_reg_2353                                                                                |   1|   0|    1|          0|
    |icmp_ln38_31_reg_2363                                                                                |   1|   0|    1|          0|
    |icmp_ln38_3_reg_1894                                                                                 |   1|   0|    1|          0|
    |icmp_ln38_4_reg_1905                                                                                 |   1|   0|    1|          0|
    |icmp_ln38_5_reg_1915                                                                                 |   1|   0|    1|          0|
    |icmp_ln38_6_reg_1925                                                                                 |   1|   0|    1|          0|
    |icmp_ln38_7_reg_1940                                                                                 |   1|   0|    1|          0|
    |icmp_ln38_8_reg_1951                                                                                 |   1|   0|    1|          0|
    |icmp_ln38_9_reg_1961                                                                                 |   1|   0|    1|          0|
    |icmp_ln38_reg_1868                                                                                   |   1|   0|    1|          0|
    |l_val_V_100_reg_1743                                                                                 |   8|   0|    8|          0|
    |l_val_V_101_reg_1748                                                                                 |   8|   0|    8|          0|
    |l_val_V_102_reg_1753                                                                                 |   8|   0|    8|          0|
    |l_val_V_103_reg_1758                                                                                 |   8|   0|    8|          0|
    |l_val_V_104_reg_1763                                                                                 |   8|   0|    8|          0|
    |l_val_V_105_reg_1768                                                                                 |   8|   0|    8|          0|
    |l_val_V_106_reg_1773                                                                                 |   8|   0|    8|          0|
    |l_val_V_107_reg_1778                                                                                 |   8|   0|    8|          0|
    |l_val_V_108_reg_1783                                                                                 |   8|   0|    8|          0|
    |l_val_V_109_reg_1788                                                                                 |   8|   0|    8|          0|
    |l_val_V_110_reg_1793                                                                                 |   8|   0|    8|          0|
    |l_val_V_111_reg_1798                                                                                 |   8|   0|    8|          0|
    |l_val_V_112_reg_1803                                                                                 |   8|   0|    8|          0|
    |l_val_V_113_reg_1808                                                                                 |   8|   0|    8|          0|
    |l_val_V_114_reg_1813                                                                                 |   8|   0|    8|          0|
    |l_val_V_115_reg_1818                                                                                 |   8|   0|    8|          0|
    |l_val_V_116_reg_1823                                                                                 |   8|   0|    8|          0|
    |l_val_V_117_reg_1828                                                                                 |   8|   0|    8|          0|
    |l_val_V_118_reg_1833                                                                                 |   8|   0|    8|          0|
    |l_val_V_119_reg_1838                                                                                 |   8|   0|    8|          0|
    |l_val_V_120_reg_1843                                                                                 |   8|   0|    8|          0|
    |l_val_V_121_reg_1848                                                                                 |   8|   0|    8|          0|
    |l_val_V_122_reg_1853                                                                                 |   8|   0|    8|          0|
    |l_val_V_123_reg_1858                                                                                 |   8|   0|    8|          0|
    |l_val_V_124_reg_1863                                                                                 |   8|   0|    8|          0|
    |l_val_V_94_reg_1713                                                                                  |   8|   0|    8|          0|
    |l_val_V_95_reg_1718                                                                                  |   8|   0|    8|          0|
    |l_val_V_96_reg_1723                                                                                  |   8|   0|    8|          0|
    |l_val_V_97_reg_1728                                                                                  |   8|   0|    8|          0|
    |l_val_V_98_reg_1733                                                                                  |   8|   0|    8|          0|
    |l_val_V_99_reg_1738                                                                                  |   8|   0|    8|          0|
    |l_val_V_reg_1708                                                                                     |   8|   0|    8|          0|
    |mul_ln51_reg_2368                                                                                    |  64|   0|   64|          0|
    |select_ln38_10_reg_1920                                                                              |   3|   0|    3|          0|
    |select_ln38_12_reg_1930                                                                              |   3|   0|    3|          0|
    |select_ln38_14_reg_1946                                                                              |   4|   0|    4|          0|
    |select_ln38_16_reg_1956                                                                              |   4|   0|    4|          0|
    |select_ln38_18_reg_1966                                                                              |   4|   0|    4|          0|
    |select_ln38_20_reg_1982                                                                              |   4|   0|    4|          0|
    |select_ln38_22_reg_1992                                                                              |   4|   0|    4|          0|
    |select_ln38_24_reg_2002                                                                              |   4|   0|    4|          0|
    |select_ln38_26_reg_2018                                                                              |   4|   0|    4|          0|
    |select_ln38_28_reg_2028                                                                              |   4|   0|    4|          0|
    |select_ln38_2_reg_1879                                                                               |   2|   0|    2|          0|
    |select_ln38_30_reg_2038                                                                              |   5|   0|    5|          0|
    |select_ln38_32_reg_2054                                                                              |   5|   0|    5|          0|
    |select_ln38_33_reg_2064                                                                              |   5|   0|    5|          0|
    |select_ln38_34_reg_2074                                                                              |   5|   0|    5|          0|
    |select_ln38_35_reg_2090                                                                              |   5|   0|    5|          0|
    |select_ln38_36_reg_2100                                                                              |   5|   0|    5|          0|
    |select_ln38_37_reg_2110                                                                              |   5|   0|    5|          0|
    |select_ln38_38_reg_2126                                                                              |   5|   0|    5|          0|
    |select_ln38_39_reg_2136                                                                              |   5|   0|    5|          0|
    |select_ln38_40_reg_2146                                                                              |   5|   0|    5|          0|
    |select_ln38_41_reg_2162                                                                              |   5|   0|    5|          0|
    |select_ln38_42_reg_2172                                                                              |   5|   0|    5|          0|
    |select_ln38_43_reg_2182                                                                              |   5|   0|    5|          0|
    |select_ln38_4_reg_1889                                                                               |   2|   0|    2|          0|
    |select_ln38_6_reg_1899                                                                               |   3|   0|    3|          0|
    |select_ln38_8_reg_1910                                                                               |   3|   0|    3|          0|
    |tmp_10_reg_2248                                                                                      |   4|   0|    9|          5|
    |tmp_11_reg_2253                                                                                      |   4|   0|    9|          5|
    |tmp_12_reg_2258                                                                                      |   4|   0|    9|          5|
    |tmp_13_reg_2263                                                                                      |   4|   0|    9|          5|
    |tmp_14_reg_2268                                                                                      |   4|   0|    9|          5|
    |tmp_15_reg_2273                                                                                      |   5|   0|   10|          5|
    |tmp_16_reg_2278                                                                                      |   5|   0|   10|          5|
    |tmp_17_reg_2283                                                                                      |   5|   0|   10|          5|
    |tmp_18_reg_2288                                                                                      |   5|   0|   10|          5|
    |tmp_19_reg_2293                                                                                      |   5|   0|   10|          5|
    |tmp_1_reg_2198                                                                                       |   1|   0|    6|          5|
    |tmp_20_reg_2298                                                                                      |   5|   0|   10|          5|
    |tmp_21_reg_2303                                                                                      |   5|   0|   10|          5|
    |tmp_22_reg_2308                                                                                      |   5|   0|   10|          5|
    |tmp_23_reg_2313                                                                                      |   5|   0|   10|          5|
    |tmp_24_reg_2318                                                                                      |   5|   0|   10|          5|
    |tmp_25_reg_2323                                                                                      |   5|   0|   10|          5|
    |tmp_26_reg_2328                                                                                      |   5|   0|   10|          5|
    |tmp_27_reg_2333                                                                                      |   5|   0|   10|          5|
    |tmp_28_reg_2338                                                                                      |   5|   0|   10|          5|
    |tmp_29_reg_2348                                                                                      |   5|   0|   10|          5|
    |tmp_2_reg_2203                                                                                       |   2|   0|    7|          5|
    |tmp_30_reg_2358                                                                                      |   5|   0|   10|          5|
    |tmp_3_reg_2208                                                                                       |   2|   0|    7|          5|
    |tmp_4_reg_2213                                                                                       |   3|   0|    8|          5|
    |tmp_5_reg_2218                                                                                       |   3|   0|    8|          5|
    |tmp_6_reg_2223                                                                                       |   3|   0|    8|          5|
    |tmp_7_reg_2228                                                                                       |   3|   0|    8|          5|
    |tmp_8_reg_2233                                                                                       |   4|   0|    9|          5|
    |tmp_9_reg_2238                                                                                       |   4|   0|    9|          5|
    |tmp_s_reg_2243                                                                                       |   4|   0|    9|          5|
    +-----------------------------------------------------------------------------------------------------+----+----+-----+-----------+
    |Total                                                                                                | 713|   0|  868|        155|
    +-----------------------------------------------------------------------------------------------------+----+----+-----+-----------+



================================================================
== Interface
================================================================
* Summary: 
+--------------------------+-----+-----+------------+-------------------------------------------+--------------+
|         RTL Ports        | Dir | Bits|  Protocol  |               Source Object               |    C Type    |
+--------------------------+-----+-----+------------+-------------------------------------------+--------------+
|ap_clk                    |   in|    1|  ap_ctrl_hs|  reshape_stream<ap_int<8>, ap_int<8>, 32u>|  return value|
|ap_rst                    |   in|    1|  ap_ctrl_hs|  reshape_stream<ap_int<8>, ap_int<8>, 32u>|  return value|
|ap_start                  |   in|    1|  ap_ctrl_hs|  reshape_stream<ap_int<8>, ap_int<8>, 32u>|  return value|
|ap_done                   |  out|    1|  ap_ctrl_hs|  reshape_stream<ap_int<8>, ap_int<8>, 32u>|  return value|
|ap_continue               |   in|    1|  ap_ctrl_hs|  reshape_stream<ap_int<8>, ap_int<8>, 32u>|  return value|
|ap_idle                   |  out|    1|  ap_ctrl_hs|  reshape_stream<ap_int<8>, ap_int<8>, 32u>|  return value|
|ap_ready                  |  out|    1|  ap_ctrl_hs|  reshape_stream<ap_int<8>, ap_int<8>, 32u>|  return value|
|data_in1_dout             |   in|  256|     ap_fifo|                                   data_in1|       pointer|
|data_in1_num_data_valid   |   in|    5|     ap_fifo|                                   data_in1|       pointer|
|data_in1_fifo_cap         |   in|    5|     ap_fifo|                                   data_in1|       pointer|
|data_in1_empty_n          |   in|    1|     ap_fifo|                                   data_in1|       pointer|
|data_in1_read             |  out|    1|     ap_fifo|                                   data_in1|       pointer|
|data_out2_din             |  out|  256|     ap_fifo|                                  data_out2|       pointer|
|data_out2_num_data_valid  |   in|    5|     ap_fifo|                                  data_out2|       pointer|
|data_out2_fifo_cap        |   in|    5|     ap_fifo|                                  data_out2|       pointer|
|data_out2_full_n          |   in|    1|     ap_fifo|                                  data_out2|       pointer|
|data_out2_write           |  out|    1|     ap_fifo|                                  data_out2|       pointer|
|ROWS_dout                 |   in|   32|     ap_fifo|                                       ROWS|       pointer|
|ROWS_num_data_valid       |   in|    2|     ap_fifo|                                       ROWS|       pointer|
|ROWS_fifo_cap             |   in|    2|     ap_fifo|                                       ROWS|       pointer|
|ROWS_empty_n              |   in|    1|     ap_fifo|                                       ROWS|       pointer|
|ROWS_read                 |  out|    1|     ap_fifo|                                       ROWS|       pointer|
|COLS_dout                 |   in|   32|     ap_fifo|                                       COLS|       pointer|
|COLS_num_data_valid       |   in|    2|     ap_fifo|                                       COLS|       pointer|
|COLS_fifo_cap             |   in|    2|     ap_fifo|                                       COLS|       pointer|
|COLS_empty_n              |   in|    1|     ap_fifo|                                       COLS|       pointer|
|COLS_read                 |  out|    1|     ap_fifo|                                       COLS|       pointer|
|ROWS_c_din                |  out|   32|     ap_fifo|                                     ROWS_c|       pointer|
|ROWS_c_num_data_valid     |   in|    2|     ap_fifo|                                     ROWS_c|       pointer|
|ROWS_c_fifo_cap           |   in|    2|     ap_fifo|                                     ROWS_c|       pointer|
|ROWS_c_full_n             |   in|    1|     ap_fifo|                                     ROWS_c|       pointer|
|ROWS_c_write              |  out|    1|     ap_fifo|                                     ROWS_c|       pointer|
|COLS_c_din                |  out|   32|     ap_fifo|                                     COLS_c|       pointer|
|COLS_c_num_data_valid     |   in|    2|     ap_fifo|                                     COLS_c|       pointer|
|COLS_c_fifo_cap           |   in|    2|     ap_fifo|                                     COLS_c|       pointer|
|COLS_c_full_n             |   in|    1|     ap_fifo|                                     COLS_c|       pointer|
|COLS_c_write              |  out|    1|     ap_fifo|                                     COLS_c|       pointer|
+--------------------------+-----+-----+------------+-------------------------------------------+--------------+

