

================================================================
== Vitis HLS Report for 'p_anonymous_namespace_DataMover_A_ap_int_8_ap_uint_256_5u_s'
================================================================
* Date:           Tue Jun 25 13:53:32 2024

* Version:        2022.2 (Build 3670227 on Oct 13 2022)
* Project:        Layer_Norm.prj
* Solution:       sol (Vivado IP Flow Target)
* Product family: zynquplus
* Target device:  xczu7ev-ffvc1156-2-e


================================================================
== Performance Estimates
================================================================
+ Timing: 
    * Summary: 
    +--------+----------+----------+------------+
    |  Clock |  Target  | Estimated| Uncertainty|
    +--------+----------+----------+------------+
    |ap_clk  |  10.00 ns|  7.300 ns|     2.70 ns|
    +--------+----------+----------+------------+

+ Latency: 
    * Summary: 
    +---------+---------+----------+----------+-----+-----+---------+
    |  Latency (cycles) |  Latency (absolute) |  Interval | Pipeline|
    |   min   |   max   |    min   |    max   | min | max |   Type  |
    +---------+---------+----------+----------+-----+-----+---------+
    |        ?|        ?|         ?|         ?|    ?|    ?|       no|
    +---------+---------+----------+----------+-----+-----+---------+

    + Detail: 
        * Instance: 
        +-----------------------------------------------------------------------------------------+------------------------------------------------------------------------------+---------+---------+----------+----------+-----+-----+---------+
        |                                                                                         |                                                                              |  Latency (cycles) |  Latency (absolute) |  Interval | Pipeline|
        |                                         Instance                                        |                                    Module                                    |   min   |   max   |    min   |    max   | min | max |   Type  |
        +-----------------------------------------------------------------------------------------+------------------------------------------------------------------------------+---------+---------+----------+----------+-----+-----+---------+
        |grp_p_anonymous_namespace_DataMover_A_ap_int_ap_uint_5u_Pipeline_VITIS_LOOP_45_3_fu_162  |p_anonymous_namespace_DataMover_A_ap_int_ap_uint_5u_Pipeline_VITIS_LOOP_45_3  |        ?|        ?|         ?|         ?|    ?|    ?|       no|
        |grp_p_anonymous_namespace_DataMover_A_ap_int_ap_uint_5u_Pipeline_VITIS_LOOP_35_2_fu_174  |p_anonymous_namespace_DataMover_A_ap_int_ap_uint_5u_Pipeline_VITIS_LOOP_35_2  |        ?|        ?|         ?|         ?|    ?|    ?|       no|
        +-----------------------------------------------------------------------------------------+------------------------------------------------------------------------------+---------+---------+----------+----------+-----+-----+---------+

        * Loop: 
        +-------------------+---------+---------+----------+-----------+-----------+------+----------+
        |                   |  Latency (cycles) | Iteration|  Initiation Interval  | Trip |          |
        |     Loop Name     |   min   |   max   |  Latency |  achieved |   target  | Count| Pipelined|
        +-------------------+---------+---------+----------+-----------+-----------+------+----------+
        |- VITIS_LOOP_33_1  |        ?|        ?|         ?|          -|          -|     ?|        no|
        +-------------------+---------+---------+----------+-----------+-----------+------+----------+



================================================================
== Utilization Estimates
================================================================
* Summary: 
+-----------------+---------+------+--------+--------+-----+
|       Name      | BRAM_18K|  DSP |   FF   |   LUT  | URAM|
+-----------------+---------+------+--------+--------+-----+
|DSP              |        -|     -|       -|       -|    -|
|Expression       |        -|     -|       0|     416|    -|
|FIFO             |        -|     -|       -|       -|    -|
|Instance         |        -|     -|     472|     543|    -|
|Memory           |        8|     -|       0|       0|    -|
|Multiplexer      |        -|     -|       -|     461|    -|
|Register         |        -|     -|     292|       -|    -|
+-----------------+---------+------+--------+--------+-----+
|Total            |        8|     0|     764|    1420|    0|
+-----------------+---------+------+--------+--------+-----+
|Available        |      624|  1728|  460800|  230400|   96|
+-----------------+---------+------+--------+--------+-----+
|Utilization (%)  |        1|     0|      ~0|      ~0|    0|
+-----------------+---------+------+--------+--------+-----+

+ Detail: 
    * Instance: 
    +-----------------------------------------------------------------------------------------+------------------------------------------------------------------------------+---------+----+-----+-----+-----+
    |                                         Instance                                        |                                    Module                                    | BRAM_18K| DSP|  FF | LUT | URAM|
    +-----------------------------------------------------------------------------------------+------------------------------------------------------------------------------+---------+----+-----+-----+-----+
    |grp_p_anonymous_namespace_DataMover_A_ap_int_ap_uint_5u_Pipeline_VITIS_LOOP_35_2_fu_174  |p_anonymous_namespace_DataMover_A_ap_int_ap_uint_5u_Pipeline_VITIS_LOOP_35_2  |        0|   0|  303|  151|    0|
    |grp_p_anonymous_namespace_DataMover_A_ap_int_ap_uint_5u_Pipeline_VITIS_LOOP_45_3_fu_162  |p_anonymous_namespace_DataMover_A_ap_int_ap_uint_5u_Pipeline_VITIS_LOOP_45_3  |        0|   0|  169|  392|    0|
    +-----------------------------------------------------------------------------------------+------------------------------------------------------------------------------+---------+----+-----+-----+-----+
    |Total                                                                                    |                                                                              |        0|   0|  472|  543|    0|
    +-----------------------------------------------------------------------------------------+------------------------------------------------------------------------------+---------+----+-----+-----+-----+

    * DSP: 
    N/A

    * Memory: 
    +---------+----------------------------------------------------------------------------------+---------+---+----+-----+------+-----+------+-------------+
    |  Memory |                                      Module                                      | BRAM_18K| FF| LUT| URAM| Words| Bits| Banks| W*Bits*Banks|
    +---------+----------------------------------------------------------------------------------+---------+---+----+-----+------+-----+------+-------------+
    |ram_V_U  |p_anonymous_namespace_DataMover_A_ap_int_8_ap_uint_256_5u_s_ram_V_RAM_1P_BRAMbkb  |        8|  0|   0|    0|   512|  256|     1|       131072|
    +---------+----------------------------------------------------------------------------------+---------+---+----+-----+------+-----+------+-------------+
    |Total    |                                                                                  |        8|  0|   0|    0|   512|  256|     1|       131072|
    +---------+----------------------------------------------------------------------------------+---------+---+----+-----+------+-----+------+-------------+

    * FIFO: 
    N/A

    * Expression: 
    +----------------------------------+----------+----+---+----+------------+------------+
    |           Variable Name          | Operation| DSP| FF| LUT| Bitwidth P0| Bitwidth P1|
    +----------------------------------+----------+----+---+----+------------+------------+
    |add_ln35_1_fu_295_p2              |         +|   0|  0|  71|          64|          64|
    |add_ln35_2_fu_310_p2              |         +|   0|  0|  39|          32|          32|
    |add_ln35_fu_278_p2                |         +|   0|  0|  39|          32|          32|
    |j_4_fu_265_p2                     |         +|   0|  0|  34|          27|           1|
    |ap_block_state42_on_subcall_done  |       and|   0|  0|   2|           1|           1|
    |cmp92_fu_241_p2                   |      icmp|   0|  0|  20|          32|           1|
    |icmp_ln33_fu_260_p2               |      icmp|   0|  0|  17|          27|          27|
    |ap_block_state1                   |        or|   0|  0|   2|           1|           1|
    |cols_fu_185_p2                    |       shl|   0|  0|  96|           1|          32|
    |shl_ln26_fu_191_p2                |       shl|   0|  0|  96|          32|          32|
    +----------------------------------+----------+----+---+----+------------+------------+
    |Total                             |          |   0|  0| 416|         249|         223|
    +----------------------------------+----------+----+---+----+------------+------------+

    * Multiplexer: 
    +------------------------+-----+-----------+-----+-----------+
    |          Name          | LUT | Input Size| Bits| Total Bits|
    +------------------------+-----+-----------+-----+-----------+
    |ap_NS_fsm               |  202|         44|    1|         44|
    |ap_done                 |    9|          2|    1|          2|
    |cols_log_c22_blk_n      |    9|          2|    1|          2|
    |data_copy_a1_write      |    9|          2|    1|          2|
    |data_copy_b2_write      |    9|          2|    1|          2|
    |data_copy_c3_write      |    9|          2|    1|          2|
    |dram_idx_fu_108         |    9|          2|   32|         64|
    |j_fu_104                |    9|          2|   27|         54|
    |ln_data_blk_n_AR        |    9|          2|    1|          2|
    |m_axi_ln_data_ARADDR    |   14|          3|   64|        192|
    |m_axi_ln_data_ARBURST   |    9|          2|    2|          4|
    |m_axi_ln_data_ARCACHE   |    9|          2|    4|          8|
    |m_axi_ln_data_ARID      |    9|          2|    1|          2|
    |m_axi_ln_data_ARLEN     |   14|          3|   32|         96|
    |m_axi_ln_data_ARLOCK    |    9|          2|    2|          4|
    |m_axi_ln_data_ARPROT    |    9|          2|    3|          6|
    |m_axi_ln_data_ARQOS     |    9|          2|    4|          8|
    |m_axi_ln_data_ARREGION  |    9|          2|    4|          8|
    |m_axi_ln_data_ARSIZE    |    9|          2|    3|          6|
    |m_axi_ln_data_ARUSER    |    9|          2|    1|          2|
    |m_axi_ln_data_ARVALID   |   14|          3|    1|          3|
    |m_axi_ln_data_RREADY    |    9|          2|    1|          2|
    |ram_V_address0          |   14|          3|    9|         27|
    |ram_V_ce0               |   14|          3|    1|          3|
    |ram_V_we0               |    9|          2|    1|          2|
    |real_start              |    9|          2|    1|          2|
    |rows_c19_blk_n          |    9|          2|    1|          2|
    +------------------------+-----+-----------+-----+-----------+
    |Total                   |  461|        101|  201|        551|
    +------------------------+-----+-----------+-----+-----------+

    * Register: 
    +------------------------------------------------------------------------------------------------------+----+----+-----+-----------+
    |                                                 Name                                                 | FF | LUT| Bits| Const Bits|
    +------------------------------------------------------------------------------------------------------+----+----+-----+-----------+
    |ap_CS_fsm                                                                                             |  43|   0|   43|          0|
    |ap_done_reg                                                                                           |   1|   0|    1|          0|
    |cmp92_reg_380                                                                                         |   1|   0|    1|          0|
    |dram_idx_fu_108                                                                                       |  32|   0|   32|          0|
    |grp_p_anonymous_namespace_DataMover_A_ap_int_ap_uint_5u_Pipeline_VITIS_LOOP_35_2_fu_174_ap_start_reg  |   1|   0|    1|          0|
    |grp_p_anonymous_namespace_DataMover_A_ap_int_ap_uint_5u_Pipeline_VITIS_LOOP_45_3_fu_162_ap_start_reg  |   1|   0|    1|          0|
    |j_4_reg_387                                                                                           |  27|   0|   27|          0|
    |j_fu_104                                                                                              |  27|   0|   27|          0|
    |ram_depth_reg_360                                                                                     |  27|   0|   27|          0|
    |start_once_reg                                                                                        |   1|   0|    1|          0|
    |trunc_ln28_1_reg_375                                                                                  |  27|   0|   27|          0|
    |trunc_ln33_reg_392                                                                                    |   9|   0|    9|          0|
    |trunc_ln5_reg_397                                                                                     |  59|   0|   59|          0|
    |trunc_ln_reg_370                                                                                      |   9|   0|    9|          0|
    |zext_ln27_reg_365                                                                                     |  27|   0|   32|          5|
    +------------------------------------------------------------------------------------------------------+----+----+-----+-----------+
    |Total                                                                                                 | 292|   0|  297|          5|
    +------------------------------------------------------------------------------------------------------+----+----+-----+-----------+



================================================================
== Interface
================================================================
* Summary: 
+-----------------------------+-----+-----+------------+---------------------------------------------------------------+--------------+
|          RTL Ports          | Dir | Bits|  Protocol  |                         Source Object                         |    C Type    |
+-----------------------------+-----+-----+------------+---------------------------------------------------------------+--------------+
|ap_clk                       |   in|    1|  ap_ctrl_hs|  (anonymous namespace)DataMover_A<ap_int<8>, ap_uint<256>, 5u>|  return value|
|ap_rst                       |   in|    1|  ap_ctrl_hs|  (anonymous namespace)DataMover_A<ap_int<8>, ap_uint<256>, 5u>|  return value|
|ap_start                     |   in|    1|  ap_ctrl_hs|  (anonymous namespace)DataMover_A<ap_int<8>, ap_uint<256>, 5u>|  return value|
|start_full_n                 |   in|    1|  ap_ctrl_hs|  (anonymous namespace)DataMover_A<ap_int<8>, ap_uint<256>, 5u>|  return value|
|ap_done                      |  out|    1|  ap_ctrl_hs|  (anonymous namespace)DataMover_A<ap_int<8>, ap_uint<256>, 5u>|  return value|
|ap_continue                  |   in|    1|  ap_ctrl_hs|  (anonymous namespace)DataMover_A<ap_int<8>, ap_uint<256>, 5u>|  return value|
|ap_idle                      |  out|    1|  ap_ctrl_hs|  (anonymous namespace)DataMover_A<ap_int<8>, ap_uint<256>, 5u>|  return value|
|ap_ready                     |  out|    1|  ap_ctrl_hs|  (anonymous namespace)DataMover_A<ap_int<8>, ap_uint<256>, 5u>|  return value|
|start_out                    |  out|    1|  ap_ctrl_hs|  (anonymous namespace)DataMover_A<ap_int<8>, ap_uint<256>, 5u>|  return value|
|start_write                  |  out|    1|  ap_ctrl_hs|  (anonymous namespace)DataMover_A<ap_int<8>, ap_uint<256>, 5u>|  return value|
|cols_log                     |   in|   32|     ap_none|                                                       cols_log|        scalar|
|rows                         |   in|   32|     ap_none|                                                           rows|        scalar|
|addr                         |   in|   32|     ap_none|                                                           addr|        scalar|
|m_axi_ln_data_AWVALID        |  out|    1|       m_axi|                                                        ln_data|       pointer|
|m_axi_ln_data_AWREADY        |   in|    1|       m_axi|                                                        ln_data|       pointer|
|m_axi_ln_data_AWADDR         |  out|   64|       m_axi|                                                        ln_data|       pointer|
|m_axi_ln_data_AWID           |  out|    1|       m_axi|                                                        ln_data|       pointer|
|m_axi_ln_data_AWLEN          |  out|   32|       m_axi|                                                        ln_data|       pointer|
|m_axi_ln_data_AWSIZE         |  out|    3|       m_axi|                                                        ln_data|       pointer|
|m_axi_ln_data_AWBURST        |  out|    2|       m_axi|                                                        ln_data|       pointer|
|m_axi_ln_data_AWLOCK         |  out|    2|       m_axi|                                                        ln_data|       pointer|
|m_axi_ln_data_AWCACHE        |  out|    4|       m_axi|                                                        ln_data|       pointer|
|m_axi_ln_data_AWPROT         |  out|    3|       m_axi|                                                        ln_data|       pointer|
|m_axi_ln_data_AWQOS          |  out|    4|       m_axi|                                                        ln_data|       pointer|
|m_axi_ln_data_AWREGION       |  out|    4|       m_axi|                                                        ln_data|       pointer|
|m_axi_ln_data_AWUSER         |  out|    1|       m_axi|                                                        ln_data|       pointer|
|m_axi_ln_data_WVALID         |  out|    1|       m_axi|                                                        ln_data|       pointer|
|m_axi_ln_data_WREADY         |   in|    1|       m_axi|                                                        ln_data|       pointer|
|m_axi_ln_data_WDATA          |  out|  256|       m_axi|                                                        ln_data|       pointer|
|m_axi_ln_data_WSTRB          |  out|   32|       m_axi|                                                        ln_data|       pointer|
|m_axi_ln_data_WLAST          |  out|    1|       m_axi|                                                        ln_data|       pointer|
|m_axi_ln_data_WID            |  out|    1|       m_axi|                                                        ln_data|       pointer|
|m_axi_ln_data_WUSER          |  out|    1|       m_axi|                                                        ln_data|       pointer|
|m_axi_ln_data_ARVALID        |  out|    1|       m_axi|                                                        ln_data|       pointer|
|m_axi_ln_data_ARREADY        |   in|    1|       m_axi|                                                        ln_data|       pointer|
|m_axi_ln_data_ARADDR         |  out|   64|       m_axi|                                                        ln_data|       pointer|
|m_axi_ln_data_ARID           |  out|    1|       m_axi|                                                        ln_data|       pointer|
|m_axi_ln_data_ARLEN          |  out|   32|       m_axi|                                                        ln_data|       pointer|
|m_axi_ln_data_ARSIZE         |  out|    3|       m_axi|                                                        ln_data|       pointer|
|m_axi_ln_data_ARBURST        |  out|    2|       m_axi|                                                        ln_data|       pointer|
|m_axi_ln_data_ARLOCK         |  out|    2|       m_axi|                                                        ln_data|       pointer|
|m_axi_ln_data_ARCACHE        |  out|    4|       m_axi|                                                        ln_data|       pointer|
|m_axi_ln_data_ARPROT         |  out|    3|       m_axi|                                                        ln_data|       pointer|
|m_axi_ln_data_ARQOS          |  out|    4|       m_axi|                                                        ln_data|       pointer|
|m_axi_ln_data_ARREGION       |  out|    4|       m_axi|                                                        ln_data|       pointer|
|m_axi_ln_data_ARUSER         |  out|    1|       m_axi|                                                        ln_data|       pointer|
|m_axi_ln_data_RVALID         |   in|    1|       m_axi|                                                        ln_data|       pointer|
|m_axi_ln_data_RREADY         |  out|    1|       m_axi|                                                        ln_data|       pointer|
|m_axi_ln_data_RDATA          |   in|  256|       m_axi|                                                        ln_data|       pointer|
|m_axi_ln_data_RLAST          |   in|    1|       m_axi|                                                        ln_data|       pointer|
|m_axi_ln_data_RID            |   in|    1|       m_axi|                                                        ln_data|       pointer|
|m_axi_ln_data_RFIFONUM       |   in|   13|       m_axi|                                                        ln_data|       pointer|
|m_axi_ln_data_RUSER          |   in|    1|       m_axi|                                                        ln_data|       pointer|
|m_axi_ln_data_RRESP          |   in|    2|       m_axi|                                                        ln_data|       pointer|
|m_axi_ln_data_BVALID         |   in|    1|       m_axi|                                                        ln_data|       pointer|
|m_axi_ln_data_BREADY         |  out|    1|       m_axi|                                                        ln_data|       pointer|
|m_axi_ln_data_BRESP          |   in|    2|       m_axi|                                                        ln_data|       pointer|
|m_axi_ln_data_BID            |   in|    1|       m_axi|                                                        ln_data|       pointer|
|m_axi_ln_data_BUSER          |   in|    1|       m_axi|                                                        ln_data|       pointer|
|inputs                       |   in|   64|     ap_none|                                                         inputs|        scalar|
|data_copy_a1_din             |  out|  256|     ap_fifo|                                                   data_copy_a1|       pointer|
|data_copy_a1_num_data_valid  |   in|    5|     ap_fifo|                                                   data_copy_a1|       pointer|
|data_copy_a1_fifo_cap        |   in|    5|     ap_fifo|                                                   data_copy_a1|       pointer|
|data_copy_a1_full_n          |   in|    1|     ap_fifo|                                                   data_copy_a1|       pointer|
|data_copy_a1_write           |  out|    1|     ap_fifo|                                                   data_copy_a1|       pointer|
|data_copy_b2_din             |  out|  256|     ap_fifo|                                                   data_copy_b2|       pointer|
|data_copy_b2_num_data_valid  |   in|    5|     ap_fifo|                                                   data_copy_b2|       pointer|
|data_copy_b2_fifo_cap        |   in|    5|     ap_fifo|                                                   data_copy_b2|       pointer|
|data_copy_b2_full_n          |   in|    1|     ap_fifo|                                                   data_copy_b2|       pointer|
|data_copy_b2_write           |  out|    1|     ap_fifo|                                                   data_copy_b2|       pointer|
|data_copy_c3_din             |  out|  256|     ap_fifo|                                                   data_copy_c3|       pointer|
|data_copy_c3_num_data_valid  |   in|    5|     ap_fifo|                                                   data_copy_c3|       pointer|
|data_copy_c3_fifo_cap        |   in|    5|     ap_fifo|                                                   data_copy_c3|       pointer|
|data_copy_c3_full_n          |   in|    1|     ap_fifo|                                                   data_copy_c3|       pointer|
|data_copy_c3_write           |  out|    1|     ap_fifo|                                                   data_copy_c3|       pointer|
|rows_c19_din                 |  out|   32|     ap_fifo|                                                       rows_c19|       pointer|
|rows_c19_num_data_valid      |   in|    2|     ap_fifo|                                                       rows_c19|       pointer|
|rows_c19_fifo_cap            |   in|    2|     ap_fifo|                                                       rows_c19|       pointer|
|rows_c19_full_n              |   in|    1|     ap_fifo|                                                       rows_c19|       pointer|
|rows_c19_write               |  out|    1|     ap_fifo|                                                       rows_c19|       pointer|
|cols_log_c22_din             |  out|   32|     ap_fifo|                                                   cols_log_c22|       pointer|
|cols_log_c22_num_data_valid  |   in|    2|     ap_fifo|                                                   cols_log_c22|       pointer|
|cols_log_c22_fifo_cap        |   in|    2|     ap_fifo|                                                   cols_log_c22|       pointer|
|cols_log_c22_full_n          |   in|    1|     ap_fifo|                                                   cols_log_c22|       pointer|
|cols_log_c22_write           |  out|    1|     ap_fifo|                                                   cols_log_c22|       pointer|
+-----------------------------+-----+-----+------------+---------------------------------------------------------------+--------------+

