

================================================================
== Vitis HLS Report for 'p_anonymous_namespace_DataMover_B_ap_int_8_ap_uint_256_5u_s'
================================================================
* Date:           Tue Jun 25 13:53:33 2024

* Version:        2022.2 (Build 3670227 on Oct 13 2022)
* Project:        Layer_Norm.prj
* Solution:       sol (Vivado IP Flow Target)
* Product family: zynquplus
* Target device:  xczu7ev-ffvc1156-2-e


================================================================
== Performance Estimates
================================================================
+ Timing: 
    * Summary: 
    +--------+----------+----------+------------+
    |  Clock |  Target  | Estimated| Uncertainty|
    +--------+----------+----------+------------+
    |ap_clk  |  10.00 ns|  7.300 ns|     2.70 ns|
    +--------+----------+----------+------------+

+ Latency: 
    * Summary: 
    +---------+---------+----------+----------+-----+-----+---------+
    |  Latency (cycles) |  Latency (absolute) |  Interval | Pipeline|
    |   min   |   max   |    min   |    max   | min | max |   Type  |
    +---------+---------+----------+----------+-----+-----+---------+
    |        ?|        ?|         ?|         ?|    ?|    ?|       no|
    +---------+---------+----------+----------+-----+-----+---------+

    + Detail: 
        * Instance: 
        +---------------------------------------------------------------------------------+----------------------------------------------------------------------+---------+---------+-----------+----------+-----+-----+---------+
        |                                                                                 |                                                                      |  Latency (cycles) |  Latency (absolute)  |  Interval | Pipeline|
        |                                     Instance                                    |                                Module                                |   min   |   max   |    min    |    max   | min | max |   Type  |
        +---------------------------------------------------------------------------------+----------------------------------------------------------------------+---------+---------+-----------+----------+-----+-----+---------+
        |grp_p_anonymous_namespace_DataMover_B_ap_int_8_ap_uint_256_5u_Pipeline_1_fu_210  |p_anonymous_namespace_DataMover_B_ap_int_8_ap_uint_256_5u_Pipeline_1  |        4|        ?|  40.000 ns|         ?|    4|    ?|       no|
        |grp_p_anonymous_namespace_DataMover_B_ap_int_8_ap_uint_256_5u_Pipeline_2_fu_219  |p_anonymous_namespace_DataMover_B_ap_int_8_ap_uint_256_5u_Pipeline_2  |       43|       73|   0.430 us|  0.730 us|   43|   73|       no|
        |grp_p_anonymous_namespace_DataMover_B_ap_int_8_ap_uint_256_5u_Pipeline_3_fu_232  |p_anonymous_namespace_DataMover_B_ap_int_8_ap_uint_256_5u_Pipeline_3  |        4|        ?|  40.000 ns|         ?|    4|    ?|       no|
        |grp_p_anonymous_namespace_DataMover_B_ap_int_8_ap_uint_256_5u_Pipeline_4_fu_241  |p_anonymous_namespace_DataMover_B_ap_int_8_ap_uint_256_5u_Pipeline_4  |       43|       73|   0.430 us|  0.730 us|   43|   73|       no|
        +---------------------------------------------------------------------------------+----------------------------------------------------------------------+---------+---------+-----------+----------+-----+-----+---------+

        * Loop: 
        +---------------------+---------+---------+----------+-----------+-----------+-------+----------+
        |                     |  Latency (cycles) | Iteration|  Initiation Interval  |  Trip |          |
        |      Loop Name      |   min   |   max   |  Latency |  achieved |   target  | Count | Pipelined|
        +---------------------+---------+---------+----------+-----------+-----------+-------+----------+
        |- VITIS_LOOP_99_1    |        ?|        ?|         ?|          -|          -|  1 ~ ?|        no|
        | + VITIS_LOOP_102_2  |        ?|        ?|         2|          -|          -|      ?|        no|
        +---------------------+---------+---------+----------+-----------+-----------+-------+----------+



================================================================
== Utilization Estimates
================================================================
* Summary: 
+-----------------+---------+------+--------+--------+-----+
|       Name      | BRAM_18K|  DSP |   FF   |   LUT  | URAM|
+-----------------+---------+------+--------+--------+-----+
|DSP              |        -|     -|       -|       -|    -|
|Expression       |        -|     -|       0|     448|    -|
|FIFO             |        -|     -|       -|       -|    -|
|Instance         |        -|     -|    1570|    4764|    -|
|Memory           |       16|     -|       0|       0|    -|
|Multiplexer      |        -|     -|       -|    1018|    -|
|Register         |        -|     -|     613|       -|    -|
+-----------------+---------+------+--------+--------+-----+
|Total            |       16|     0|    2183|    6230|    0|
+-----------------+---------+------+--------+--------+-----+
|Available        |      624|  1728|  460800|  230400|   96|
+-----------------+---------+------+--------+--------+-----+
|Utilization (%)  |        2|     0|      ~0|       2|    0|
+-----------------+---------+------+--------+--------+-----+

+ Detail: 
    * Instance: 
    +---------------------------------------------------------------------------------+----------------------------------------------------------------------+---------+----+-----+------+-----+
    |                                     Instance                                    |                                Module                                | BRAM_18K| DSP|  FF |  LUT | URAM|
    +---------------------------------------------------------------------------------+----------------------------------------------------------------------+---------+----+-----+------+-----+
    |grp_p_anonymous_namespace_DataMover_B_ap_int_8_ap_uint_256_5u_Pipeline_1_fu_210  |p_anonymous_namespace_DataMover_B_ap_int_8_ap_uint_256_5u_Pipeline_1  |        0|   0|  314|   109|    0|
    |grp_p_anonymous_namespace_DataMover_B_ap_int_8_ap_uint_256_5u_Pipeline_2_fu_219  |p_anonymous_namespace_DataMover_B_ap_int_8_ap_uint_256_5u_Pipeline_2  |        0|   0|  471|  2273|    0|
    |grp_p_anonymous_namespace_DataMover_B_ap_int_8_ap_uint_256_5u_Pipeline_3_fu_232  |p_anonymous_namespace_DataMover_B_ap_int_8_ap_uint_256_5u_Pipeline_3  |        0|   0|  314|   109|    0|
    |grp_p_anonymous_namespace_DataMover_B_ap_int_8_ap_uint_256_5u_Pipeline_4_fu_241  |p_anonymous_namespace_DataMover_B_ap_int_8_ap_uint_256_5u_Pipeline_4  |        0|   0|  471|  2273|    0|
    +---------------------------------------------------------------------------------+----------------------------------------------------------------------+---------+----+-----+------+-----+
    |Total                                                                            |                                                                      |        0|   0| 1570|  4764|    0|
    +---------------------------------------------------------------------------------+----------------------------------------------------------------------+---------+----+-----+------+-----+

    * DSP: 
    N/A

    * Memory: 
    +-------------+----------------------------------------------------------------------------------+---------+---+----+-----+------+-----+------+-------------+
    |    Memory   |                                      Module                                      | BRAM_18K| FF| LUT| URAM| Words| Bits| Banks| W*Bits*Banks|
    +-------------+----------------------------------------------------------------------------------+---------+---+----+-----+------+-----+------+-------------+
    |gamma_ram_U  |p_anonymous_namespace_DataMover_B_ap_int_8_ap_uint_256_5u_s_gamma_ram_RAM_1P_cud  |        8|  0|   0|    0|   512|  256|     1|       131072|
    |beta_ram_U   |p_anonymous_namespace_DataMover_B_ap_int_8_ap_uint_256_5u_s_gamma_ram_RAM_1P_cud  |        8|  0|   0|    0|   512|  256|     1|       131072|
    +-------------+----------------------------------------------------------------------------------+---------+---+----+-----+------+-----+------+-------------+
    |Total        |                                                                                  |       16|  0|   0|    0|  1024|  512|     2|       262144|
    +-------------+----------------------------------------------------------------------------------+---------+---+----+-----+------+-----+------+-------------+

    * FIFO: 
    N/A

    * Expression: 
    +----------------------------------+----------+----+---+----+------------+------------+
    |           Variable Name          | Operation| DSP| FF| LUT| Bitwidth P0| Bitwidth P1|
    +----------------------------------+----------+----+---+----+------------+------------+
    |add_ln102_fu_433_p2               |         +|   0|  0|  34|          27|           1|
    |add_ln96_fu_286_p2                |         +|   0|  0|  71|          64|          64|
    |add_ln97_fu_382_p2                |         +|   0|  0|  71|          64|          64|
    |i_fu_416_p2                       |         +|   0|  0|  39|          32|           1|
    |sub_ln96_fu_322_p2                |         -|   0|  0|  40|          33|          33|
    |ap_block_state2_io                |       and|   0|  0|   2|           1|           1|
    |ap_block_state41_on_subcall_done  |       and|   0|  0|   2|           1|           1|
    |ap_block_state43_on_subcall_done  |       and|   0|  0|   2|           1|           1|
    |ap_block_state83_on_subcall_done  |       and|   0|  0|   2|           1|           1|
    |ap_block_state85_on_subcall_done  |       and|   0|  0|   2|           1|           1|
    |empty_260_fu_352_p2               |      icmp|   0|  0|   9|           5|           1|
    |icmp_ln102_fu_428_p2              |      icmp|   0|  0|  17|          27|          27|
    |icmp_ln96_fu_306_p2               |      icmp|   0|  0|  17|          27|           1|
    |icmp_ln99_1_fu_411_p2             |      icmp|   0|  0|  20|          32|           1|
    |icmp_ln99_fu_439_p2               |      icmp|   0|  0|  20|          32|          32|
    |ap_block_state1                   |        or|   0|  0|   2|           1|           1|
    |ap_block_state88                  |        or|   0|  0|   2|           1|           1|
    |cols_fu_254_p2                    |       shl|   0|  0|  96|           1|          32|
    +----------------------------------+----------+----+---+----+------------+------------+
    |Total                             |          |   0|  0| 448|         351|         264|
    +----------------------------------+----------+----+---+----+------------+------------+

    * Multiplexer: 
    +-------------------------+-----+-----------+-----+-----------+
    |           Name          | LUT | Input Size| Bits| Total Bits|
    +-------------------------+-----+-----------+-----+-----------+
    |ap_NS_fsm                |  463|         89|    1|         89|
    |ap_done                  |    9|          2|    1|          2|
    |beta5_blk_n              |    9|          2|    1|          2|
    |beta_ram_address0        |   20|          4|    9|         36|
    |beta_ram_ce0             |   20|          4|    1|          4|
    |beta_ram_d0              |   14|          3|  256|        768|
    |beta_ram_we0             |   14|          3|   32|         96|
    |gamma4_blk_n             |    9|          2|    1|          2|
    |gamma_ram_address0       |   20|          4|    9|         36|
    |gamma_ram_ce0            |   20|          4|    1|          4|
    |gamma_ram_d0             |   14|          3|  256|        768|
    |gamma_ram_we0            |   14|          3|   32|         96|
    |i46_reg_188              |    9|          2|   32|         64|
    |j_reg_199                |    9|          2|   27|         54|
    |ln_paras_blk_n_AR        |    9|          2|    1|          2|
    |m_axi_ln_paras_ARADDR    |   37|          7|   64|        448|
    |m_axi_ln_paras_ARBURST   |   26|          5|    2|         10|
    |m_axi_ln_paras_ARCACHE   |   26|          5|    4|         20|
    |m_axi_ln_paras_ARID      |   26|          5|    1|          5|
    |m_axi_ln_paras_ARLEN     |   37|          7|   32|        224|
    |m_axi_ln_paras_ARLOCK    |   26|          5|    2|         10|
    |m_axi_ln_paras_ARPROT    |   26|          5|    3|         15|
    |m_axi_ln_paras_ARQOS     |   26|          5|    4|         20|
    |m_axi_ln_paras_ARREGION  |   26|          5|    4|         20|
    |m_axi_ln_paras_ARSIZE    |   26|          5|    3|         15|
    |m_axi_ln_paras_ARUSER    |   26|          5|    1|          5|
    |m_axi_ln_paras_ARVALID   |   31|          6|    1|          6|
    |m_axi_ln_paras_RREADY    |   26|          5|    1|          5|
    +-------------------------+-----+-----------+-----+-----------+
    |Total                    | 1018|        199|  782|       2826|
    +-------------------------+-----+-----------+-----+-----------+

    * Register: 
    +----------------------------------------------------------------------------------------------+----+----+-----+-----------+
    |                                             Name                                             | FF | LUT| Bits| Const Bits|
    +----------------------------------------------------------------------------------------------+----+----+-----+-----------+
    |add_ln102_reg_569                                                                             |  27|   0|   27|          0|
    |add_ln96_reg_459                                                                              |  64|   0|   64|          0|
    |add_ln97_reg_535                                                                              |  64|   0|   64|          0|
    |ap_CS_fsm                                                                                     |  88|   0|   88|          0|
    |ap_done_reg                                                                                   |   1|   0|    1|          0|
    |cols_reg_448                                                                                  |  32|   0|   32|          0|
    |empty_259_reg_551                                                                             |   5|   0|    5|          0|
    |empty_260_reg_526                                                                             |   1|   0|    1|          0|
    |empty_261_reg_530                                                                             |   5|   0|    5|          0|
    |grp_p_anonymous_namespace_DataMover_B_ap_int_8_ap_uint_256_5u_Pipeline_1_fu_210_ap_start_reg  |   1|   0|    1|          0|
    |grp_p_anonymous_namespace_DataMover_B_ap_int_8_ap_uint_256_5u_Pipeline_2_fu_219_ap_start_reg  |   1|   0|    1|          0|
    |grp_p_anonymous_namespace_DataMover_B_ap_int_8_ap_uint_256_5u_Pipeline_3_fu_232_ap_start_reg  |   1|   0|    1|          0|
    |grp_p_anonymous_namespace_DataMover_B_ap_int_8_ap_uint_256_5u_Pipeline_4_fu_241_ap_start_reg  |   1|   0|    1|          0|
    |i46_reg_188                                                                                   |  32|   0|   32|          0|
    |i_reg_560                                                                                     |  32|   0|   32|          0|
    |icmp_ln96_reg_481                                                                             |   1|   0|    1|          0|
    |icmp_ln99_1_reg_556                                                                           |   1|   0|    1|          0|
    |j_reg_199                                                                                     |  27|   0|   27|          0|
    |lshr_ln_reg_473                                                                               |  27|   0|   27|          0|
    |p_cast9_reg_541                                                                               |  59|   0|   59|          0|
    |p_cast_reg_516                                                                                |  59|   0|   59|          0|
    |sub_ln96_reg_502                                                                              |  33|   0|   33|          0|
    |trunc_ln96_1_reg_465                                                                          |   5|   0|    5|          0|
    |trunc_ln96_2_reg_510                                                                          |  14|   0|   14|          0|
    |trunc_ln96_reg_453                                                                            |   5|   0|    5|          0|
    |zext_ln96_3_reg_496                                                                           |  27|   0|   32|          5|
    +----------------------------------------------------------------------------------------------+----+----+-----+-----------+
    |Total                                                                                         | 613|   0|  618|          5|
    +----------------------------------------------------------------------------------------------+----+----+-----+-----------+



================================================================
== Interface
================================================================
* Summary: 
+-------------------------+-----+-----+------------+---------------------------------------------------------------+--------------+
|        RTL Ports        | Dir | Bits|  Protocol  |                         Source Object                         |    C Type    |
+-------------------------+-----+-----+------------+---------------------------------------------------------------+--------------+
|ap_clk                   |   in|    1|  ap_ctrl_hs|  (anonymous namespace)DataMover_B<ap_int<8>, ap_uint<256>, 5u>|  return value|
|ap_rst                   |   in|    1|  ap_ctrl_hs|  (anonymous namespace)DataMover_B<ap_int<8>, ap_uint<256>, 5u>|  return value|
|ap_start                 |   in|    1|  ap_ctrl_hs|  (anonymous namespace)DataMover_B<ap_int<8>, ap_uint<256>, 5u>|  return value|
|ap_done                  |  out|    1|  ap_ctrl_hs|  (anonymous namespace)DataMover_B<ap_int<8>, ap_uint<256>, 5u>|  return value|
|ap_continue              |   in|    1|  ap_ctrl_hs|  (anonymous namespace)DataMover_B<ap_int<8>, ap_uint<256>, 5u>|  return value|
|ap_idle                  |  out|    1|  ap_ctrl_hs|  (anonymous namespace)DataMover_B<ap_int<8>, ap_uint<256>, 5u>|  return value|
|ap_ready                 |  out|    1|  ap_ctrl_hs|  (anonymous namespace)DataMover_B<ap_int<8>, ap_uint<256>, 5u>|  return value|
|cols_log                 |   in|   32|     ap_none|                                                       cols_log|        scalar|
|rows                     |   in|   32|     ap_none|                                                           rows|        scalar|
|gamma_addr               |   in|   32|     ap_none|                                                     gamma_addr|        scalar|
|beta_addr                |   in|   32|     ap_none|                                                      beta_addr|        scalar|
|m_axi_ln_paras_AWVALID   |  out|    1|       m_axi|                                                       ln_paras|       pointer|
|m_axi_ln_paras_AWREADY   |   in|    1|       m_axi|                                                       ln_paras|       pointer|
|m_axi_ln_paras_AWADDR    |  out|   64|       m_axi|                                                       ln_paras|       pointer|
|m_axi_ln_paras_AWID      |  out|    1|       m_axi|                                                       ln_paras|       pointer|
|m_axi_ln_paras_AWLEN     |  out|   32|       m_axi|                                                       ln_paras|       pointer|
|m_axi_ln_paras_AWSIZE    |  out|    3|       m_axi|                                                       ln_paras|       pointer|
|m_axi_ln_paras_AWBURST   |  out|    2|       m_axi|                                                       ln_paras|       pointer|
|m_axi_ln_paras_AWLOCK    |  out|    2|       m_axi|                                                       ln_paras|       pointer|
|m_axi_ln_paras_AWCACHE   |  out|    4|       m_axi|                                                       ln_paras|       pointer|
|m_axi_ln_paras_AWPROT    |  out|    3|       m_axi|                                                       ln_paras|       pointer|
|m_axi_ln_paras_AWQOS     |  out|    4|       m_axi|                                                       ln_paras|       pointer|
|m_axi_ln_paras_AWREGION  |  out|    4|       m_axi|                                                       ln_paras|       pointer|
|m_axi_ln_paras_AWUSER    |  out|    1|       m_axi|                                                       ln_paras|       pointer|
|m_axi_ln_paras_WVALID    |  out|    1|       m_axi|                                                       ln_paras|       pointer|
|m_axi_ln_paras_WREADY    |   in|    1|       m_axi|                                                       ln_paras|       pointer|
|m_axi_ln_paras_WDATA     |  out|  256|       m_axi|                                                       ln_paras|       pointer|
|m_axi_ln_paras_WSTRB     |  out|   32|       m_axi|                                                       ln_paras|       pointer|
|m_axi_ln_paras_WLAST     |  out|    1|       m_axi|                                                       ln_paras|       pointer|
|m_axi_ln_paras_WID       |  out|    1|       m_axi|                                                       ln_paras|       pointer|
|m_axi_ln_paras_WUSER     |  out|    1|       m_axi|                                                       ln_paras|       pointer|
|m_axi_ln_paras_ARVALID   |  out|    1|       m_axi|                                                       ln_paras|       pointer|
|m_axi_ln_paras_ARREADY   |   in|    1|       m_axi|                                                       ln_paras|       pointer|
|m_axi_ln_paras_ARADDR    |  out|   64|       m_axi|                                                       ln_paras|       pointer|
|m_axi_ln_paras_ARID      |  out|    1|       m_axi|                                                       ln_paras|       pointer|
|m_axi_ln_paras_ARLEN     |  out|   32|       m_axi|                                                       ln_paras|       pointer|
|m_axi_ln_paras_ARSIZE    |  out|    3|       m_axi|                                                       ln_paras|       pointer|
|m_axi_ln_paras_ARBURST   |  out|    2|       m_axi|                                                       ln_paras|       pointer|
|m_axi_ln_paras_ARLOCK    |  out|    2|       m_axi|                                                       ln_paras|       pointer|
|m_axi_ln_paras_ARCACHE   |  out|    4|       m_axi|                                                       ln_paras|       pointer|
|m_axi_ln_paras_ARPROT    |  out|    3|       m_axi|                                                       ln_paras|       pointer|
|m_axi_ln_paras_ARQOS     |  out|    4|       m_axi|                                                       ln_paras|       pointer|
|m_axi_ln_paras_ARREGION  |  out|    4|       m_axi|                                                       ln_paras|       pointer|
|m_axi_ln_paras_ARUSER    |  out|    1|       m_axi|                                                       ln_paras|       pointer|
|m_axi_ln_paras_RVALID    |   in|    1|       m_axi|                                                       ln_paras|       pointer|
|m_axi_ln_paras_RREADY    |  out|    1|       m_axi|                                                       ln_paras|       pointer|
|m_axi_ln_paras_RDATA     |   in|  256|       m_axi|                                                       ln_paras|       pointer|
|m_axi_ln_paras_RLAST     |   in|    1|       m_axi|                                                       ln_paras|       pointer|
|m_axi_ln_paras_RID       |   in|    1|       m_axi|                                                       ln_paras|       pointer|
|m_axi_ln_paras_RFIFONUM  |   in|   13|       m_axi|                                                       ln_paras|       pointer|
|m_axi_ln_paras_RUSER     |   in|    1|       m_axi|                                                       ln_paras|       pointer|
|m_axi_ln_paras_RRESP     |   in|    2|       m_axi|                                                       ln_paras|       pointer|
|m_axi_ln_paras_BVALID    |   in|    1|       m_axi|                                                       ln_paras|       pointer|
|m_axi_ln_paras_BREADY    |  out|    1|       m_axi|                                                       ln_paras|       pointer|
|m_axi_ln_paras_BRESP     |   in|    2|       m_axi|                                                       ln_paras|       pointer|
|m_axi_ln_paras_BID       |   in|    1|       m_axi|                                                       ln_paras|       pointer|
|m_axi_ln_paras_BUSER     |   in|    1|       m_axi|                                                       ln_paras|       pointer|
|inputs                   |   in|   64|     ap_none|                                                         inputs|        scalar|
|gamma4_din               |  out|  256|     ap_fifo|                                                         gamma4|       pointer|
|gamma4_num_data_valid    |   in|    5|     ap_fifo|                                                         gamma4|       pointer|
|gamma4_fifo_cap          |   in|    5|     ap_fifo|                                                         gamma4|       pointer|
|gamma4_full_n            |   in|    1|     ap_fifo|                                                         gamma4|       pointer|
|gamma4_write             |  out|    1|     ap_fifo|                                                         gamma4|       pointer|
|beta5_din                |  out|  256|     ap_fifo|                                                          beta5|       pointer|
|beta5_num_data_valid     |   in|    5|     ap_fifo|                                                          beta5|       pointer|
|beta5_fifo_cap           |   in|    5|     ap_fifo|                                                          beta5|       pointer|
|beta5_full_n             |   in|    1|     ap_fifo|                                                          beta5|       pointer|
|beta5_write              |  out|    1|     ap_fifo|                                                          beta5|       pointer|
+-------------------------+-----+-----+------------+---------------------------------------------------------------+--------------+

