

================================================================
== Vitis HLS Report for 'p_anonymous_namespace_DataMover_A_ap_int_ap_uint_5u_Pipeline_VITIS_LOOP_35_2'
================================================================
* Date:           Tue Jun 25 13:53:32 2024

* Version:        2022.2 (Build 3670227 on Oct 13 2022)
* Project:        Layer_Norm.prj
* Solution:       sol (Vivado IP Flow Target)
* Product family: zynquplus
* Target device:  xczu7ev-ffvc1156-2-e


================================================================
== Performance Estimates
================================================================
+ Timing: 
    * Summary: 
    +--------+----------+----------+------------+
    |  Clock |  Target  | Estimated| Uncertainty|
    +--------+----------+----------+------------+
    |ap_clk  |  10.00 ns|  7.300 ns|     2.70 ns|
    +--------+----------+----------+------------+

+ Latency: 
    * Summary: 
    +---------+---------+----------+----------+-----+-----+---------+
    |  Latency (cycles) |  Latency (absolute) |  Interval | Pipeline|
    |   min   |   max   |    min   |    max   | min | max |   Type  |
    +---------+---------+----------+----------+-----+-----+---------+
    |        ?|        ?|         ?|         ?|    ?|    ?|       no|
    +---------+---------+----------+----------+-----+-----+---------+

    + Detail: 
        * Instance: 
        N/A

        * Loop: 
        +-------------------+---------+---------+----------+-----------+-----------+------+----------+
        |                   |  Latency (cycles) | Iteration|  Initiation Interval  | Trip |          |
        |     Loop Name     |   min   |   max   |  Latency |  achieved |   target  | Count| Pipelined|
        +-------------------+---------+---------+----------+-----------+-----------+------+----------+
        |- VITIS_LOOP_35_2  |        ?|        ?|         3|          1|          1|     ?|       yes|
        +-------------------+---------+---------+----------+-----------+-----------+------+----------+



================================================================
== Utilization Estimates
================================================================
* Summary: 
+-----------------+---------+------+--------+--------+-----+
|       Name      | BRAM_18K|  DSP |   FF   |   LUT  | URAM|
+-----------------+---------+------+--------+--------+-----+
|DSP              |        -|     -|       -|       -|    -|
|Expression       |        -|     -|       0|      97|    -|
|FIFO             |        -|     -|       -|       -|    -|
|Instance         |        -|     -|       -|       -|    -|
|Memory           |        -|     -|       -|       -|    -|
|Multiplexer      |        -|     -|       -|      54|    -|
|Register         |        -|     -|     303|       -|    -|
+-----------------+---------+------+--------+--------+-----+
|Total            |        0|     0|     303|     151|    0|
+-----------------+---------+------+--------+--------+-----+
|Available        |      624|  1728|  460800|  230400|   96|
+-----------------+---------+------+--------+--------+-----+
|Utilization (%)  |        0|     0|      ~0|      ~0|    0|
+-----------------+---------+------+--------+--------+-----+

+ Detail: 
    * Instance: 
    N/A

    * DSP: 
    N/A

    * Memory: 
    N/A

    * FIFO: 
    N/A

    * Expression: 
    +----------------------------------+----------+----+---+----+------------+------------+
    |           Variable Name          | Operation| DSP| FF| LUT| Bitwidth P0| Bitwidth P1|
    +----------------------------------+----------+----+---+----+------------+------------+
    |add_ln35_fu_133_p2                |         +|   0|  0|  39|          32|           1|
    |add_ln38_1_fu_153_p2              |         +|   0|  0|  16|           9|           9|
    |add_ln38_fu_158_p2                |         +|   0|  0|  16|           9|           9|
    |ap_block_pp0_stage0_11001         |       and|   0|  0|   2|           1|           1|
    |ap_block_state2_pp0_stage0_iter1  |       and|   0|  0|   2|           1|           1|
    |icmp_ln35_fu_127_p2               |      icmp|   0|  0|  20|          32|          32|
    |ap_enable_pp0                     |       xor|   0|  0|   2|           1|           2|
    +----------------------------------+----------+----+---+----+------------+------------+
    |Total                             |          |   0|  0|  97|          85|          55|
    +----------------------------------+----------+----+---+----+------------+------------+

    * Multiplexer: 
    +-------------------------+----+-----------+-----+-----------+
    |           Name          | LUT| Input Size| Bits| Total Bits|
    +-------------------------+----+-----------+-----+-----------+
    |ap_done_int              |   9|          2|    1|          2|
    |ap_enable_reg_pp0_iter2  |   9|          2|    1|          2|
    |ap_sig_allocacmp_i_1     |   9|          2|   32|         64|
    |i_fu_64                  |   9|          2|   32|         64|
    |ln_data_blk_n_R          |   9|          2|    1|          2|
    |phi_mul_fu_60            |   9|          2|    9|         18|
    +-------------------------+----+-----------+-----+-----------+
    |Total                    |  54|         12|   76|        152|
    +-------------------------+----+-----------+-----+-----------+

    * Register: 
    +----------------------------------+-----+----+-----+-----------+
    |               Name               |  FF | LUT| Bits| Const Bits|
    +----------------------------------+-----+----+-----+-----------+
    |ap_CS_fsm                         |    1|   0|    1|          0|
    |ap_done_reg                       |    1|   0|    1|          0|
    |ap_enable_reg_pp0_iter1           |    1|   0|    1|          0|
    |ap_enable_reg_pp0_iter2           |    1|   0|    1|          0|
    |ap_loop_exit_ready_pp0_iter1_reg  |    1|   0|    1|          0|
    |i_fu_64                           |   32|   0|   32|          0|
    |icmp_ln35_reg_202                 |    1|   0|    1|          0|
    |ln_data_addr_read_reg_206         |  256|   0|  256|          0|
    |phi_mul_fu_60                     |    9|   0|    9|          0|
    +----------------------------------+-----+----+-----+-----------+
    |Total                             |  303|   0|  303|          0|
    +----------------------------------+-----+----+-----+-----------+



================================================================
== Interface
================================================================
* Summary: 
+------------------------+-----+-----+------------+------------------------------------------------------------------------------+--------------+
|        RTL Ports       | Dir | Bits|  Protocol  |                                 Source Object                                |    C Type    |
+------------------------+-----+-----+------------+------------------------------------------------------------------------------+--------------+
|ap_clk                  |   in|    1|  ap_ctrl_hs|  (anonymous namespace)DataMover_A<ap_int,ap_uint,5u>_Pipeline_VITIS_LOOP_35_2|  return value|
|ap_rst                  |   in|    1|  ap_ctrl_hs|  (anonymous namespace)DataMover_A<ap_int,ap_uint,5u>_Pipeline_VITIS_LOOP_35_2|  return value|
|ap_start                |   in|    1|  ap_ctrl_hs|  (anonymous namespace)DataMover_A<ap_int,ap_uint,5u>_Pipeline_VITIS_LOOP_35_2|  return value|
|ap_done                 |  out|    1|  ap_ctrl_hs|  (anonymous namespace)DataMover_A<ap_int,ap_uint,5u>_Pipeline_VITIS_LOOP_35_2|  return value|
|ap_idle                 |  out|    1|  ap_ctrl_hs|  (anonymous namespace)DataMover_A<ap_int,ap_uint,5u>_Pipeline_VITIS_LOOP_35_2|  return value|
|ap_ready                |  out|    1|  ap_ctrl_hs|  (anonymous namespace)DataMover_A<ap_int,ap_uint,5u>_Pipeline_VITIS_LOOP_35_2|  return value|
|m_axi_ln_data_AWVALID   |  out|    1|       m_axi|                                                                       ln_data|       pointer|
|m_axi_ln_data_AWREADY   |   in|    1|       m_axi|                                                                       ln_data|       pointer|
|m_axi_ln_data_AWADDR    |  out|   64|       m_axi|                                                                       ln_data|       pointer|
|m_axi_ln_data_AWID      |  out|    1|       m_axi|                                                                       ln_data|       pointer|
|m_axi_ln_data_AWLEN     |  out|   32|       m_axi|                                                                       ln_data|       pointer|
|m_axi_ln_data_AWSIZE    |  out|    3|       m_axi|                                                                       ln_data|       pointer|
|m_axi_ln_data_AWBURST   |  out|    2|       m_axi|                                                                       ln_data|       pointer|
|m_axi_ln_data_AWLOCK    |  out|    2|       m_axi|                                                                       ln_data|       pointer|
|m_axi_ln_data_AWCACHE   |  out|    4|       m_axi|                                                                       ln_data|       pointer|
|m_axi_ln_data_AWPROT    |  out|    3|       m_axi|                                                                       ln_data|       pointer|
|m_axi_ln_data_AWQOS     |  out|    4|       m_axi|                                                                       ln_data|       pointer|
|m_axi_ln_data_AWREGION  |  out|    4|       m_axi|                                                                       ln_data|       pointer|
|m_axi_ln_data_AWUSER    |  out|    1|       m_axi|                                                                       ln_data|       pointer|
|m_axi_ln_data_WVALID    |  out|    1|       m_axi|                                                                       ln_data|       pointer|
|m_axi_ln_data_WREADY    |   in|    1|       m_axi|                                                                       ln_data|       pointer|
|m_axi_ln_data_WDATA     |  out|  256|       m_axi|                                                                       ln_data|       pointer|
|m_axi_ln_data_WSTRB     |  out|   32|       m_axi|                                                                       ln_data|       pointer|
|m_axi_ln_data_WLAST     |  out|    1|       m_axi|                                                                       ln_data|       pointer|
|m_axi_ln_data_WID       |  out|    1|       m_axi|                                                                       ln_data|       pointer|
|m_axi_ln_data_WUSER     |  out|    1|       m_axi|                                                                       ln_data|       pointer|
|m_axi_ln_data_ARVALID   |  out|    1|       m_axi|                                                                       ln_data|       pointer|
|m_axi_ln_data_ARREADY   |   in|    1|       m_axi|                                                                       ln_data|       pointer|
|m_axi_ln_data_ARADDR    |  out|   64|       m_axi|                                                                       ln_data|       pointer|
|m_axi_ln_data_ARID      |  out|    1|       m_axi|                                                                       ln_data|       pointer|
|m_axi_ln_data_ARLEN     |  out|   32|       m_axi|                                                                       ln_data|       pointer|
|m_axi_ln_data_ARSIZE    |  out|    3|       m_axi|                                                                       ln_data|       pointer|
|m_axi_ln_data_ARBURST   |  out|    2|       m_axi|                                                                       ln_data|       pointer|
|m_axi_ln_data_ARLOCK    |  out|    2|       m_axi|                                                                       ln_data|       pointer|
|m_axi_ln_data_ARCACHE   |  out|    4|       m_axi|                                                                       ln_data|       pointer|
|m_axi_ln_data_ARPROT    |  out|    3|       m_axi|                                                                       ln_data|       pointer|
|m_axi_ln_data_ARQOS     |  out|    4|       m_axi|                                                                       ln_data|       pointer|
|m_axi_ln_data_ARREGION  |  out|    4|       m_axi|                                                                       ln_data|       pointer|
|m_axi_ln_data_ARUSER    |  out|    1|       m_axi|                                                                       ln_data|       pointer|
|m_axi_ln_data_RVALID    |   in|    1|       m_axi|                                                                       ln_data|       pointer|
|m_axi_ln_data_RREADY    |  out|    1|       m_axi|                                                                       ln_data|       pointer|
|m_axi_ln_data_RDATA     |   in|  256|       m_axi|                                                                       ln_data|       pointer|
|m_axi_ln_data_RLAST     |   in|    1|       m_axi|                                                                       ln_data|       pointer|
|m_axi_ln_data_RID       |   in|    1|       m_axi|                                                                       ln_data|       pointer|
|m_axi_ln_data_RFIFONUM  |   in|   13|       m_axi|                                                                       ln_data|       pointer|
|m_axi_ln_data_RUSER     |   in|    1|       m_axi|                                                                       ln_data|       pointer|
|m_axi_ln_data_RRESP     |   in|    2|       m_axi|                                                                       ln_data|       pointer|
|m_axi_ln_data_BVALID    |   in|    1|       m_axi|                                                                       ln_data|       pointer|
|m_axi_ln_data_BREADY    |  out|    1|       m_axi|                                                                       ln_data|       pointer|
|m_axi_ln_data_BRESP     |   in|    2|       m_axi|                                                                       ln_data|       pointer|
|m_axi_ln_data_BID       |   in|    1|       m_axi|                                                                       ln_data|       pointer|
|m_axi_ln_data_BUSER     |   in|    1|       m_axi|                                                                       ln_data|       pointer|
|sext_ln35               |   in|   59|     ap_none|                                                                     sext_ln35|        scalar|
|rows                    |   in|   32|     ap_none|                                                                          rows|        scalar|
|trunc_ln                |   in|    9|     ap_none|                                                                      trunc_ln|        scalar|
|trunc_ln4               |   in|    9|     ap_none|                                                                     trunc_ln4|        scalar|
|ram_V_address0          |  out|    9|   ap_memory|                                                                         ram_V|         array|
|ram_V_ce0               |  out|    1|   ap_memory|                                                                         ram_V|         array|
|ram_V_we0               |  out|    1|   ap_memory|                                                                         ram_V|         array|
|ram_V_d0                |  out|  256|   ap_memory|                                                                         ram_V|         array|
+------------------------+-----+-----+------------+------------------------------------------------------------------------------+--------------+

