

================================================================
== Vitis HLS Report for 'p_anonymous_namespace_Mean_ap_int_8_5u_s'
================================================================
* Date:           Tue Jun 25 13:53:33 2024

* Version:        2022.2 (Build 3670227 on Oct 13 2022)
* Project:        Layer_Norm.prj
* Solution:       sol (Vivado IP Flow Target)
* Product family: zynquplus
* Target device:  xczu7ev-ffvc1156-2-e


================================================================
== Performance Estimates
================================================================
+ Timing: 
    * Summary: 
    +--------+----------+----------+------------+
    |  Clock |  Target  | Estimated| Uncertainty|
    +--------+----------+----------+------------+
    |ap_clk  |  10.00 ns|  6.571 ns|     2.70 ns|
    +--------+----------+----------+------------+

+ Latency: 
    * Summary: 
    +---------+---------+-----------+----------+-----+-----+---------+
    |  Latency (cycles) |  Latency (absolute)  |  Interval | Pipeline|
    |   min   |   max   |    min    |    max   | min | max |   Type  |
    +---------+---------+-----------+----------+-----+-----+---------+
    |        1|        ?|  10.000 ns|         ?|    1|    ?|       no|
    +---------+---------+-----------+----------+-----+-----+---------+

    + Detail: 
        * Instance: 
        N/A

        * Loop: 
        +--------------------+---------+---------+----------+-----------+-----------+-------+----------+
        |                    |  Latency (cycles) | Iteration|  Initiation Interval  |  Trip |          |
        |      Loop Name     |   min   |   max   |  Latency |  achieved |   target  | Count | Pipelined|
        +--------------------+---------+---------+----------+-----------+-----------+-------+----------+
        |- VITIS_LOOP_124_1  |        1|        ?|     2 ~ ?|          -|          -|  1 ~ ?|        no|
        | + Sum              |        0|        ?|         1|          1|          1|  1 ~ ?|       yes|
        +--------------------+---------+---------+----------+-----------+-----------+-------+----------+



================================================================
== Utilization Estimates
================================================================
* Summary: 
+-----------------+---------+------+--------+--------+-----+
|       Name      | BRAM_18K|  DSP |   FF   |   LUT  | URAM|
+-----------------+---------+------+--------+--------+-----+
|DSP              |        -|     -|       -|       -|    -|
|Expression       |        -|     -|       0|     904|    -|
|FIFO             |        -|     -|       -|       -|    -|
|Instance         |        -|     -|       -|       -|    -|
|Memory           |        -|     -|       -|       -|    -|
|Multiplexer      |        -|     -|       -|     143|    -|
|Register         |        -|     -|     285|       -|    -|
+-----------------+---------+------+--------+--------+-----+
|Total            |        0|     0|     285|    1047|    0|
+-----------------+---------+------+--------+--------+-----+
|Available        |      624|  1728|  460800|  230400|   96|
+-----------------+---------+------+--------+--------+-----+
|Utilization (%)  |        0|     0|      ~0|      ~0|    0|
+-----------------+---------+------+--------+--------+-----+

+ Detail: 
    * Instance: 
    N/A

    * DSP: 
    N/A

    * Memory: 
    N/A

    * FIFO: 
    N/A

    * Expression: 
    +-------------------------+----------+----+---+----+------------+------------+
    |      Variable Name      | Operation| DSP| FF| LUT| Bitwidth P0| Bitwidth P1|
    +-------------------------+----------+----+---+----+------------+------------+
    |add_ln134_10_fu_859_p2   |         +|   0|  0|  16|           9|           9|
    |add_ln134_11_fu_869_p2   |         +|   0|  0|  16|           9|           9|
    |add_ln134_12_fu_879_p2   |         +|   0|  0|  17|          10|          10|
    |add_ln134_13_fu_889_p2   |         +|   0|  0|  18|          11|          11|
    |add_ln134_14_fu_899_p2   |         +|   0|  0|  19|          12|          12|
    |add_ln134_15_fu_909_p2   |         +|   0|  0|  16|           9|           9|
    |add_ln134_16_fu_919_p2   |         +|   0|  0|  16|           9|           9|
    |add_ln134_17_fu_929_p2   |         +|   0|  0|  17|          10|          10|
    |add_ln134_18_fu_939_p2   |         +|   0|  0|  16|           9|           9|
    |add_ln134_19_fu_949_p2   |         +|   0|  0|  16|           9|           9|
    |add_ln134_1_fu_769_p2    |         +|   0|  0|  16|           9|           9|
    |add_ln134_20_fu_959_p2   |         +|   0|  0|  17|          10|          10|
    |add_ln134_21_fu_969_p2   |         +|   0|  0|  18|          11|          11|
    |add_ln134_22_fu_979_p2   |         +|   0|  0|  16|           9|           9|
    |add_ln134_23_fu_989_p2   |         +|   0|  0|  16|           9|           9|
    |add_ln134_24_fu_999_p2   |         +|   0|  0|  17|          10|          10|
    |add_ln134_25_fu_1009_p2  |         +|   0|  0|  16|           9|           9|
    |add_ln134_26_fu_1019_p2  |         +|   0|  0|  16|           9|           9|
    |add_ln134_27_fu_1029_p2  |         +|   0|  0|  17|          10|          10|
    |add_ln134_28_fu_1039_p2  |         +|   0|  0|  18|          11|          11|
    |add_ln134_29_fu_1049_p2  |         +|   0|  0|  19|          12|          12|
    |add_ln134_2_fu_779_p2    |         +|   0|  0|  17|          10|          10|
    |add_ln134_30_fu_1059_p2  |         +|   0|  0|  20|          13|          13|
    |add_ln134_3_fu_789_p2    |         +|   0|  0|  16|           9|           9|
    |add_ln134_4_fu_799_p2    |         +|   0|  0|  16|           9|           9|
    |add_ln134_5_fu_809_p2    |         +|   0|  0|  17|          10|          10|
    |add_ln134_6_fu_819_p2    |         +|   0|  0|  18|          11|          11|
    |add_ln134_7_fu_829_p2    |         +|   0|  0|  16|           9|           9|
    |add_ln134_8_fu_839_p2    |         +|   0|  0|  16|           9|           9|
    |add_ln134_9_fu_849_p2    |         +|   0|  0|  17|          10|          10|
    |add_ln134_fu_759_p2      |         +|   0|  0|  16|           9|           9|
    |j_fu_1075_p2             |         +|   0|  0|  34|          27|           1|
    |k_fu_311_p2              |         +|   0|  0|  39|          32|           1|
    |sum_fu_1069_p2           |         +|   0|  0|  39|          32|          32|
    |ashr_ln137_fu_1086_p2    |      ashr|   0|  0|  96|          32|          32|
    |icmp_ln124_1_fu_300_p2   |      icmp|   0|  0|  20|          32|           1|
    |icmp_ln124_fu_1097_p2    |      icmp|   0|  0|  20|          32|          32|
    |icmp_ln128_1_fu_306_p2   |      icmp|   0|  0|  17|          27|           1|
    |icmp_ln128_fu_1081_p2    |      icmp|   0|  0|  17|          27|          27|
    |ap_block_state1          |        or|   0|  0|   2|           1|           1|
    |ap_block_state4          |        or|   0|  0|   2|           1|           1|
    |cols_fu_284_p2           |       shl|   0|  0|  96|           1|          32|
    +-------------------------+----------+----+---+----+------------+------------+
    |Total                    |          |   0|  0| 904|         549|         466|
    +-------------------------+----------+----+---+----+------------+------------+

    * Multiplexer: 
    +-------------------------------+----+-----------+-----+-----------+
    |              Name             | LUT| Input Size| Bits| Total Bits|
    +-------------------------------+----+-----------+-----+-----------+
    |ap_NS_fsm                      |  26|          5|    1|          5|
    |ap_done                        |   9|          2|    1|          2|
    |ap_phi_mux_sum3_phi_fu_277_p4  |   9|          2|   32|         64|
    |cols_log_blk_n                 |   9|          2|    1|          2|
    |cols_log_c21_blk_n             |   9|          2|    1|          2|
    |data_copy_a1_blk_n             |   9|          2|    1|          2|
    |j4_reg_251                     |   9|          2|   27|         54|
    |k6_reg_240                     |   9|          2|   32|         64|
    |mean_a6_blk_n                  |   9|          2|    1|          2|
    |mean_b7_blk_n                  |   9|          2|    1|          2|
    |rows_blk_n                     |   9|          2|    1|          2|
    |rows_c18_blk_n                 |   9|          2|    1|          2|
    |sum2_reg_262                   |   9|          2|   32|         64|
    |sum3_reg_273                   |   9|          2|   32|         64|
    +-------------------------------+----+-----------+-----+-----------+
    |Total                          | 143|         31|  164|        331|
    +-------------------------------+----+-----------+-----+-----------+

    * Register: 
    +------------------------+----+----+-----+-----------+
    |          Name          | FF | LUT| Bits| Const Bits|
    +------------------------+----+----+-----+-----------+
    |ap_CS_fsm               |   4|   0|    4|          0|
    |ap_done_reg             |   1|   0|    1|          0|
    |cols_log_read_reg_1101  |  32|   0|   32|          0|
    |icmp_ln124_1_reg_1117   |   1|   0|    1|          0|
    |icmp_ln128_1_reg_1121   |   1|   0|    1|          0|
    |j4_reg_251              |  27|   0|   27|          0|
    |k6_reg_240              |  32|   0|   32|          0|
    |k_reg_1125              |  32|   0|   32|          0|
    |rows_read_reg_1106      |  32|   0|   32|          0|
    |sum2_reg_262            |  32|   0|   32|          0|
    |sum3_reg_273            |  32|   0|   32|          0|
    |sum_reg_1131            |  32|   0|   32|          0|
    |trunc_ln_reg_1111       |  27|   0|   27|          0|
    +------------------------+----+----+-----+-----------+
    |Total                   | 285|   0|  285|          0|
    +------------------------+----+----+-----+-----------+



================================================================
== Interface
================================================================
* Summary: 
+-----------------------------+-----+-----+------------+------------------------------------------+--------------+
|          RTL Ports          | Dir | Bits|  Protocol  |               Source Object              |    C Type    |
+-----------------------------+-----+-----+------------+------------------------------------------+--------------+
|ap_clk                       |   in|    1|  ap_ctrl_hs|  (anonymous namespace)Mean<ap_int<8>, 5u>|  return value|
|ap_rst                       |   in|    1|  ap_ctrl_hs|  (anonymous namespace)Mean<ap_int<8>, 5u>|  return value|
|ap_start                     |   in|    1|  ap_ctrl_hs|  (anonymous namespace)Mean<ap_int<8>, 5u>|  return value|
|ap_done                      |  out|    1|  ap_ctrl_hs|  (anonymous namespace)Mean<ap_int<8>, 5u>|  return value|
|ap_continue                  |   in|    1|  ap_ctrl_hs|  (anonymous namespace)Mean<ap_int<8>, 5u>|  return value|
|ap_idle                      |  out|    1|  ap_ctrl_hs|  (anonymous namespace)Mean<ap_int<8>, 5u>|  return value|
|ap_ready                     |  out|    1|  ap_ctrl_hs|  (anonymous namespace)Mean<ap_int<8>, 5u>|  return value|
|cols_log_dout                |   in|   32|     ap_fifo|                                  cols_log|       pointer|
|cols_log_num_data_valid      |   in|    2|     ap_fifo|                                  cols_log|       pointer|
|cols_log_fifo_cap            |   in|    2|     ap_fifo|                                  cols_log|       pointer|
|cols_log_empty_n             |   in|    1|     ap_fifo|                                  cols_log|       pointer|
|cols_log_read                |  out|    1|     ap_fifo|                                  cols_log|       pointer|
|rows_dout                    |   in|   32|     ap_fifo|                                      rows|       pointer|
|rows_num_data_valid          |   in|    2|     ap_fifo|                                      rows|       pointer|
|rows_fifo_cap                |   in|    2|     ap_fifo|                                      rows|       pointer|
|rows_empty_n                 |   in|    1|     ap_fifo|                                      rows|       pointer|
|rows_read                    |  out|    1|     ap_fifo|                                      rows|       pointer|
|data_copy_a1_dout            |   in|  256|     ap_fifo|                              data_copy_a1|       pointer|
|data_copy_a1_num_data_valid  |   in|    5|     ap_fifo|                              data_copy_a1|       pointer|
|data_copy_a1_fifo_cap        |   in|    5|     ap_fifo|                              data_copy_a1|       pointer|
|data_copy_a1_empty_n         |   in|    1|     ap_fifo|                              data_copy_a1|       pointer|
|data_copy_a1_read            |  out|    1|     ap_fifo|                              data_copy_a1|       pointer|
|mean_a6_din                  |  out|    8|     ap_fifo|                                   mean_a6|       pointer|
|mean_a6_num_data_valid       |   in|    6|     ap_fifo|                                   mean_a6|       pointer|
|mean_a6_fifo_cap             |   in|    6|     ap_fifo|                                   mean_a6|       pointer|
|mean_a6_full_n               |   in|    1|     ap_fifo|                                   mean_a6|       pointer|
|mean_a6_write                |  out|    1|     ap_fifo|                                   mean_a6|       pointer|
|mean_b7_din                  |  out|    8|     ap_fifo|                                   mean_b7|       pointer|
|mean_b7_num_data_valid       |   in|    6|     ap_fifo|                                   mean_b7|       pointer|
|mean_b7_fifo_cap             |   in|    6|     ap_fifo|                                   mean_b7|       pointer|
|mean_b7_full_n               |   in|    1|     ap_fifo|                                   mean_b7|       pointer|
|mean_b7_write                |  out|    1|     ap_fifo|                                   mean_b7|       pointer|
|rows_c18_din                 |  out|   32|     ap_fifo|                                  rows_c18|       pointer|
|rows_c18_num_data_valid      |   in|    2|     ap_fifo|                                  rows_c18|       pointer|
|rows_c18_fifo_cap            |   in|    2|     ap_fifo|                                  rows_c18|       pointer|
|rows_c18_full_n              |   in|    1|     ap_fifo|                                  rows_c18|       pointer|
|rows_c18_write               |  out|    1|     ap_fifo|                                  rows_c18|       pointer|
|cols_log_c21_din             |  out|   32|     ap_fifo|                              cols_log_c21|       pointer|
|cols_log_c21_num_data_valid  |   in|    2|     ap_fifo|                              cols_log_c21|       pointer|
|cols_log_c21_fifo_cap        |   in|    2|     ap_fifo|                              cols_log_c21|       pointer|
|cols_log_c21_full_n          |   in|    1|     ap_fifo|                              cols_log_c21|       pointer|
|cols_log_c21_write           |  out|    1|     ap_fifo|                              cols_log_c21|       pointer|
+-----------------------------+-----+-----+------------+------------------------------------------+--------------+

