

================================================================
== Vitis HLS Report for 'concat'
================================================================
* Date:           Wed May 22 10:27:45 2024

* Version:        2022.2 (Build 3670227 on Oct 13 2022)
* Project:        Concat_HLS.prj
* Solution:       sol (Vivado IP Flow Target)
* Product family: zynquplus
* Target device:  xczu7ev-ffvc1156-2-e


================================================================
== Performance Estimates
================================================================
+ Timing: 
    * Summary: 
    +--------+----------+----------+------------+
    |  Clock |  Target  | Estimated| Uncertainty|
    +--------+----------+----------+------------+
    |ap_clk  |  10.00 ns|  7.300 ns|     2.70 ns|
    +--------+----------+----------+------------+

+ Latency: 
    * Summary: 
    +---------+---------+-----------+----------+-----+-----+----------+
    |  Latency (cycles) |  Latency (absolute)  |  Interval | Pipeline |
    |   min   |   max   |    min    |    max   | min | max |   Type   |
    +---------+---------+-----------+----------+-----+-----+----------+
    |        5|        ?|  50.000 ns|         ?|    6|   -1|  dataflow|
    +---------+---------+-----------+----------+-----+-----+----------+

    + Detail: 
        * Instance: 
        +-----------------------------------------+----------------------------------------+---------+---------+-----------+----------+-----+-----+---------+
        |                                         |                                        |  Latency (cycles) |  Latency (absolute)  |  Interval | Pipeline|
        |                 Instance                |                 Module                 |   min   |   max   |    min    |    max   | min | max |   Type  |
        +-----------------------------------------+----------------------------------------+---------+---------+-----------+----------+-----+-----+---------+
        |read_inputs_ap_uint_256_ap_int_8_32u_U0  |read_inputs_ap_uint_256_ap_int_8_32u_s  |        5|        ?|  50.000 ns|         ?|    5|    ?|       no|
        +-----------------------------------------+----------------------------------------+---------+---------+-----------+----------+-----+-----+---------+

        * Loop: 
        N/A



================================================================
== Utilization Estimates
================================================================
* Summary: 
+-----------------+---------+------+--------+--------+-----+
|       Name      | BRAM_18K|  DSP |   FF   |   LUT  | URAM|
+-----------------+---------+------+--------+--------+-----+
|DSP              |        -|     -|       -|       -|    -|
|Expression       |        -|     -|       -|       -|    -|
|FIFO             |        -|     -|       -|       -|    -|
|Instance         |        0|     3|    4739|    9551|    0|
|Memory           |        -|     -|       -|       -|    -|
|Multiplexer      |        -|     -|       -|       -|    -|
|Register         |        -|     -|       -|       -|    -|
+-----------------+---------+------+--------+--------+-----+
|Total            |        0|     3|    4739|    9551|    0|
+-----------------+---------+------+--------+--------+-----+
|Available        |      624|  1728|  460800|  230400|   96|
+-----------------+---------+------+--------+--------+-----+
|Utilization (%)  |        0|    ~0|       1|       4|    0|
+-----------------+---------+------+--------+--------+-----+

+ Detail: 
    * Instance: 
    +-----------------------------------------+----------------------------------------+---------+----+------+------+-----+
    |                 Instance                |                 Module                 | BRAM_18K| DSP|  FF  |  LUT | URAM|
    +-----------------------------------------+----------------------------------------+---------+----+------+------+-----+
    |concat_addr_s_axi_U                      |concat_addr_s_axi                       |        0|   0|   373|   618|    0|
    |concat_data_m_axi_U                      |concat_data_m_axi                       |        0|   0|  1079|  1746|    0|
    |read_inputs_ap_uint_256_ap_int_8_32u_U0  |read_inputs_ap_uint_256_ap_int_8_32u_s  |        0|   3|  3287|  7187|    0|
    +-----------------------------------------+----------------------------------------+---------+----+------+------+-----+
    |Total                                    |                                        |        0|   3|  4739|  9551|    0|
    +-----------------------------------------+----------------------------------------+---------+----+------+------+-----+

    * DSP: 
    N/A

    * Memory: 
    N/A

    * FIFO: 
    N/A

    * Expression: 
    N/A

    * Multiplexer: 
    N/A

    * Register: 
    N/A



================================================================
== Interface
================================================================
* Summary: 
+----------------------------+-----+-----+------------+--------------+--------------+
|          RTL Ports         | Dir | Bits|  Protocol  | Source Object|    C Type    |
+----------------------------+-----+-----+------------+--------------+--------------+
|s_axi_concat_addr_AWVALID   |   in|    1|       s_axi|   concat_addr|       pointer|
|s_axi_concat_addr_AWREADY   |  out|    1|       s_axi|   concat_addr|       pointer|
|s_axi_concat_addr_AWADDR    |   in|    7|       s_axi|   concat_addr|       pointer|
|s_axi_concat_addr_WVALID    |   in|    1|       s_axi|   concat_addr|       pointer|
|s_axi_concat_addr_WREADY    |  out|    1|       s_axi|   concat_addr|       pointer|
|s_axi_concat_addr_WDATA     |   in|   32|       s_axi|   concat_addr|       pointer|
|s_axi_concat_addr_WSTRB     |   in|    4|       s_axi|   concat_addr|       pointer|
|s_axi_concat_addr_ARVALID   |   in|    1|       s_axi|   concat_addr|       pointer|
|s_axi_concat_addr_ARREADY   |  out|    1|       s_axi|   concat_addr|       pointer|
|s_axi_concat_addr_ARADDR    |   in|    7|       s_axi|   concat_addr|       pointer|
|s_axi_concat_addr_RVALID    |  out|    1|       s_axi|   concat_addr|       pointer|
|s_axi_concat_addr_RREADY    |   in|    1|       s_axi|   concat_addr|       pointer|
|s_axi_concat_addr_RDATA     |  out|   32|       s_axi|   concat_addr|       pointer|
|s_axi_concat_addr_RRESP     |  out|    2|       s_axi|   concat_addr|       pointer|
|s_axi_concat_addr_BVALID    |  out|    1|       s_axi|   concat_addr|       pointer|
|s_axi_concat_addr_BREADY    |   in|    1|       s_axi|   concat_addr|       pointer|
|s_axi_concat_addr_BRESP     |  out|    2|       s_axi|   concat_addr|       pointer|
|ap_clk                      |   in|    1|  ap_ctrl_hs|        concat|  return value|
|ap_rst_n                    |   in|    1|  ap_ctrl_hs|        concat|  return value|
|interrupt                   |  out|    1|  ap_ctrl_hs|        concat|  return value|
|m_axi_concat_data_AWVALID   |  out|    1|       m_axi|   concat_data|       pointer|
|m_axi_concat_data_AWREADY   |   in|    1|       m_axi|   concat_data|       pointer|
|m_axi_concat_data_AWADDR    |  out|   64|       m_axi|   concat_data|       pointer|
|m_axi_concat_data_AWID      |  out|    1|       m_axi|   concat_data|       pointer|
|m_axi_concat_data_AWLEN     |  out|    8|       m_axi|   concat_data|       pointer|
|m_axi_concat_data_AWSIZE    |  out|    3|       m_axi|   concat_data|       pointer|
|m_axi_concat_data_AWBURST   |  out|    2|       m_axi|   concat_data|       pointer|
|m_axi_concat_data_AWLOCK    |  out|    2|       m_axi|   concat_data|       pointer|
|m_axi_concat_data_AWCACHE   |  out|    4|       m_axi|   concat_data|       pointer|
|m_axi_concat_data_AWPROT    |  out|    3|       m_axi|   concat_data|       pointer|
|m_axi_concat_data_AWQOS     |  out|    4|       m_axi|   concat_data|       pointer|
|m_axi_concat_data_AWREGION  |  out|    4|       m_axi|   concat_data|       pointer|
|m_axi_concat_data_AWUSER    |  out|    1|       m_axi|   concat_data|       pointer|
|m_axi_concat_data_WVALID    |  out|    1|       m_axi|   concat_data|       pointer|
|m_axi_concat_data_WREADY    |   in|    1|       m_axi|   concat_data|       pointer|
|m_axi_concat_data_WDATA     |  out|  256|       m_axi|   concat_data|       pointer|
|m_axi_concat_data_WSTRB     |  out|   32|       m_axi|   concat_data|       pointer|
|m_axi_concat_data_WLAST     |  out|    1|       m_axi|   concat_data|       pointer|
|m_axi_concat_data_WID       |  out|    1|       m_axi|   concat_data|       pointer|
|m_axi_concat_data_WUSER     |  out|    1|       m_axi|   concat_data|       pointer|
|m_axi_concat_data_ARVALID   |  out|    1|       m_axi|   concat_data|       pointer|
|m_axi_concat_data_ARREADY   |   in|    1|       m_axi|   concat_data|       pointer|
|m_axi_concat_data_ARADDR    |  out|   64|       m_axi|   concat_data|       pointer|
|m_axi_concat_data_ARID      |  out|    1|       m_axi|   concat_data|       pointer|
|m_axi_concat_data_ARLEN     |  out|    8|       m_axi|   concat_data|       pointer|
|m_axi_concat_data_ARSIZE    |  out|    3|       m_axi|   concat_data|       pointer|
|m_axi_concat_data_ARBURST   |  out|    2|       m_axi|   concat_data|       pointer|
|m_axi_concat_data_ARLOCK    |  out|    2|       m_axi|   concat_data|       pointer|
|m_axi_concat_data_ARCACHE   |  out|    4|       m_axi|   concat_data|       pointer|
|m_axi_concat_data_ARPROT    |  out|    3|       m_axi|   concat_data|       pointer|
|m_axi_concat_data_ARQOS     |  out|    4|       m_axi|   concat_data|       pointer|
|m_axi_concat_data_ARREGION  |  out|    4|       m_axi|   concat_data|       pointer|
|m_axi_concat_data_ARUSER    |  out|    1|       m_axi|   concat_data|       pointer|
|m_axi_concat_data_RVALID    |   in|    1|       m_axi|   concat_data|       pointer|
|m_axi_concat_data_RREADY    |  out|    1|       m_axi|   concat_data|       pointer|
|m_axi_concat_data_RDATA     |   in|  256|       m_axi|   concat_data|       pointer|
|m_axi_concat_data_RLAST     |   in|    1|       m_axi|   concat_data|       pointer|
|m_axi_concat_data_RID       |   in|    1|       m_axi|   concat_data|       pointer|
|m_axi_concat_data_RUSER     |   in|    1|       m_axi|   concat_data|       pointer|
|m_axi_concat_data_RRESP     |   in|    2|       m_axi|   concat_data|       pointer|
|m_axi_concat_data_BVALID    |   in|    1|       m_axi|   concat_data|       pointer|
|m_axi_concat_data_BREADY    |  out|    1|       m_axi|   concat_data|       pointer|
|m_axi_concat_data_BRESP     |   in|    2|       m_axi|   concat_data|       pointer|
|m_axi_concat_data_BID       |   in|    1|       m_axi|   concat_data|       pointer|
|m_axi_concat_data_BUSER     |   in|    1|       m_axi|   concat_data|       pointer|
+----------------------------+-----+-----+------------+--------------+--------------+

