

================================================================
== Synthesis Summary Report of 'concat'
================================================================
+ General Information: 
    * Date:           Wed May 22 10:27:45 2024
    * Version:        2022.2 (Build 3670227 on Oct 13 2022)
    * Project:        Concat_HLS.prj
    * Solution:       sol (Vivado IP Flow Target)
    * Product family: zynquplus
    * Target device:  xczu7ev-ffvc1156-2-e
    

+ Performance & Resource Estimates: 
    
    PS: '+' for module; 'o' for loop; '*' for dataflow
    +-----------------------------------------------------+------+------+---------+-----------+----------+---------+------+----------+------+---------+------------+-----------+-----+
    |                       Modules                       | Issue|      | Latency |  Latency  | Iteration|         | Trip |          |      |         |            |           |     |
    |                       & Loops                       | Type | Slack| (cycles)|    (ns)   |  Latency | Interval| Count| Pipelined| BRAM |   DSP   |     FF     |    LUT    | URAM|
    +-----------------------------------------------------+------+------+---------+-----------+----------+---------+------+----------+------+---------+------------+-----------+-----+
    |+ concat*                                            |     -|  0.00|        -|          -|         -|        -|     -|  dataflow|     -|  3 (~0%)|   4739 (1%)|  9551 (4%)|    -|
    | + read_inputs_ap_uint_256_ap_int_8_32u_s            |     -|  0.00|        -|          -|         -|        -|     -|        no|     -|  3 (~0%)|  3287 (~0%)|  7187 (3%)|    -|
    |  + read_inputs_ap_uint_256_ap_int_8_32u_Pipeline_1  |     -|  0.00|        -|          -|         -|        -|     -|        no|     -|        -|   287 (~0%)|  111 (~0%)|    -|
    |   o Loop 1                                          |     -|  7.30|        -|          -|         2|        1|     -|       yes|     -|        -|           -|          -|    -|
    |  + read_inputs_ap_uint_256_ap_int_8_32u_Pipeline_2  |     -|  0.00|      110|  1.100e+03|         -|      110|     -|        no|     -|        -|   956 (~0%)|  2391 (1%)|    -|
    |   o Loop 1                                          |     -|  7.30|      108|  1.080e+03|        78|        1|    31|       yes|     -|        -|           -|          -|    -|
    |  + read_inputs_ap_uint_256_ap_int_8_32u_Pipeline_3  |     -|  0.00|        -|          -|         -|        -|     -|        no|     -|        -|   287 (~0%)|  111 (~0%)|    -|
    |   o Loop 1                                          |     -|  7.30|        -|          -|         2|        1|     -|       yes|     -|        -|           -|          -|    -|
    |  + read_inputs_ap_uint_256_ap_int_8_32u_Pipeline_4  |     -|  0.00|      110|  1.100e+03|         -|      110|     -|        no|     -|        -|   956 (~0%)|  2391 (1%)|    -|
    |   o Loop 1                                          |     -|  7.30|      108|  1.080e+03|        78|        1|    31|       yes|     -|        -|           -|          -|    -|
    +-----------------------------------------------------+------+------+---------+-----------+----------+---------+------+----------+------+---------+------------+-----------+-----+


================================================================
== HW Interfaces
================================================================
* M_AXI
+-------------------+------------+---------------+---------+--------+----------+-----------+--------------+--------------+-------------+-------------+
| Interface         | Data Width | Address Width | Latency | Offset | Register | Max Widen | Max Read     | Max Write    | Num Read    | Num Write   |
|                   | (SW->HW)   |               |         |        |          | Bitwidth  | Burst Length | Burst Length | Outstanding | Outstanding |
+-------------------+------------+---------------+---------+--------+----------+-----------+--------------+--------------+-------------+-------------+
| m_axi_concat_data | 256 -> 256 | 64            | 32      | slave  | 0        | 0         | 16           | 16           | 16          | 16          |
+-------------------+------------+---------------+---------+--------+----------+-----------+--------------+--------------+-------------+-------------+

* S_AXILITE Interfaces
+-------------------+------------+---------------+--------+----------+
| Interface         | Data Width | Address Width | Offset | Register |
+-------------------+------------+---------------+--------+----------+
| s_axi_concat_addr | 32         | 7             | 16     | 0        |
+-------------------+------------+---------------+--------+----------+

* S_AXILITE Registers
+-------------------+-------------------+--------+-------+--------+----------------------------------+----------------------------------------------------------------------+
| Interface         | Register          | Offset | Width | Access | Description                      | Bit Fields                                                           |
+-------------------+-------------------+--------+-------+--------+----------------------------------+----------------------------------------------------------------------+
| s_axi_concat_addr | CTRL              | 0x00   | 32    | RW     | Control signals                  | 0=AP_START 1=AP_DONE 2=AP_IDLE 3=AP_READY 7=AUTO_RESTART 9=INTERRUPT |
| s_axi_concat_addr | GIER              | 0x04   | 32    | RW     | Global Interrupt Enable Register | 0=Enable                                                             |
| s_axi_concat_addr | IP_IER            | 0x08   | 32    | RW     | IP Interrupt Enable Register     | 0=CHAN0_INT_EN 1=CHAN1_INT_EN                                        |
| s_axi_concat_addr | IP_ISR            | 0x0c   | 32    | RW     | IP Interrupt Status Register     | 0=CHAN0_INT_ST 1=CHAN1_INT_ST                                        |
| s_axi_concat_addr | input_data_addr1  | 0x10   | 32    | W      | Data signal of input_data_addr1  |                                                                      |
| s_axi_concat_addr | input_data_addr2  | 0x18   | 32    | W      | Data signal of input_data_addr2  |                                                                      |
| s_axi_concat_addr | output_data_addr3 | 0x20   | 32    | W      | Data signal of output_data_addr3 |                                                                      |
| s_axi_concat_addr | ROWS              | 0x28   | 32    | W      | Data signal of ROWS              |                                                                      |
| s_axi_concat_addr | COLS              | 0x30   | 32    | W      | Data signal of COLS              |                                                                      |
| s_axi_concat_addr | inputs_1          | 0x38   | 32    | W      | Data signal of inputs            |                                                                      |
| s_axi_concat_addr | inputs_2          | 0x3c   | 32    | W      | Data signal of inputs            |                                                                      |
| s_axi_concat_addr | outputs_1         | 0x44   | 32    | W      | Data signal of outputs           |                                                                      |
| s_axi_concat_addr | outputs_2         | 0x48   | 32    | W      | Data signal of outputs           |                                                                      |
| s_axi_concat_addr | concat_flag       | 0x50   | 32    | R      | Data signal of concat_flag       |                                                                      |
| s_axi_concat_addr | concat_flag_ctrl  | 0x54   | 32    | R      | Control signal of concat_flag    | 0=concat_flag_ap_vld                                                 |
+-------------------+-------------------+--------+-------+--------+----------------------------------+----------------------------------------------------------------------+

* TOP LEVEL CONTROL
+-----------+------------+-----------+
| Interface | Type       | Ports     |
+-----------+------------+-----------+
| ap_clk    | clock      | ap_clk    |
| ap_rst_n  | reset      | ap_rst_n  |
| interrupt | interrupt  | interrupt |
| ap_ctrl   | ap_ctrl_hs |           |
+-----------+------------+-----------+


================================================================
== SW I/O Information
================================================================
* Top Function Arguments
+-------------------+-----------+---------------+
| Argument          | Direction | Datatype      |
+-------------------+-----------+---------------+
| input_data_addr1  | in        | unsigned int  |
| input_data_addr2  | in        | unsigned int  |
| output_data_addr3 | in        | unsigned int  |
| ROWS              | in        | unsigned int  |
| COLS              | in        | unsigned int  |
| inputs            | inout     | ap_uint<256>* |
| outputs           | inout     | ap_uint<256>* |
| concat_flag       | out       | bool&         |
+-------------------+-----------+---------------+

* SW-to-HW Mapping
+-------------------+-------------------+-----------+----------+---------------------------------------------+
| Argument          | HW Interface      | HW Type   | HW Usage | HW Info                                     |
+-------------------+-------------------+-----------+----------+---------------------------------------------+
| input_data_addr1  | s_axi_concat_addr | register  |          | name=input_data_addr1 offset=0x10 range=32  |
| input_data_addr2  | s_axi_concat_addr | register  |          | name=input_data_addr2 offset=0x18 range=32  |
| output_data_addr3 | s_axi_concat_addr | register  |          | name=output_data_addr3 offset=0x20 range=32 |
| ROWS              | s_axi_concat_addr | register  |          | name=ROWS offset=0x28 range=32              |
| COLS              | s_axi_concat_addr | register  |          | name=COLS offset=0x30 range=32              |
| inputs            | m_axi_concat_data | interface |          |                                             |
| inputs            | s_axi_concat_addr | register  | offset   | name=inputs_1 offset=0x38 range=32          |
| inputs            | s_axi_concat_addr | register  | offset   | name=inputs_2 offset=0x3c range=32          |
| outputs           | m_axi_concat_data | interface |          |                                             |
| outputs           | s_axi_concat_addr | register  | offset   | name=outputs_1 offset=0x44 range=32         |
| outputs           | s_axi_concat_addr | register  | offset   | name=outputs_2 offset=0x48 range=32         |
| concat_flag       | s_axi_concat_addr | register  |          | name=concat_flag offset=0x50 range=32       |
| concat_flag       | s_axi_concat_addr | register  |          | name=concat_flag_ctrl offset=0x54 range=32  |
+-------------------+-------------------+-----------+----------+---------------------------------------------+


================================================================
== M_AXI Burst Information
================================================================
 Note: All burst requests might be further partitioned into multiple requests during RTL generation based on max_read_burst_length or max_write_burst_length settings.

  No burst in design

================================================================
== Bind Op Report
================================================================
+-----------------------------------------------------+-----+--------+------------+-----+--------+---------+
| Name                                                | DSP | Pragma | Variable   | Op  | Impl   | Latency |
+-----------------------------------------------------+-----+--------+------------+-----+--------+---------+
| + concat                                            | 3   |        |            |     |        |         |
|  + read_inputs_ap_uint_256_ap_int_8_32u_s           | 3   |        |            |     |        |         |
|    mul_32s_32s_32_1_1_U25                           | 3   |        | mul_ln18   | mul | auto   | 0       |
|    add_ln19_fu_265_p2                               | -   |        | add_ln19   | add | fabric | 0       |
|    add_ln19_1_fu_230_p2                             | -   |        | add_ln19_1 | add | fabric | 0       |
|    sub_ln19_fu_274_p2                               | -   |        | sub_ln19   | sub | fabric | 0       |
|    add_ln20_fu_329_p2                               | -   |        | add_ln20   | add | fabric | 0       |
|    add_ln20_1_fu_345_p2                             | -   |        | add_ln20_1 | add | fabric | 0       |
|    add_ln20_2_fu_361_p2                             | -   |        | add_ln20_2 | add | fabric | 0       |
|   + read_inputs_ap_uint_256_ap_int_8_32u_Pipeline_1 | 0   |        |            |     |        |         |
|     empty_fu_110_p2                                 | -   |        | empty      | add | fabric | 0       |
|   + read_inputs_ap_uint_256_ap_int_8_32u_Pipeline_2 | 0   |        |            |     |        |         |
|     tmp_fu_167_p2                                   | -   |        | tmp        | add | fabric | 0       |
|     empty_fu_177_p2                                 | -   |        | empty      | add | fabric | 0       |
|     empty_37_fu_193_p2                              | -   |        | empty_37   | add | fabric | 0       |
|     empty_43_fu_209_p2                              | -   |        | empty_43   | add | fabric | 0       |
|   + read_inputs_ap_uint_256_ap_int_8_32u_Pipeline_3 | 0   |        |            |     |        |         |
|     empty_fu_110_p2                                 | -   |        | empty      | add | fabric | 0       |
|   + read_inputs_ap_uint_256_ap_int_8_32u_Pipeline_4 | 0   |        |            |     |        |         |
|     tmp4_fu_167_p2                                  | -   |        | tmp4       | add | fabric | 0       |
|     empty_fu_177_p2                                 | -   |        | empty      | add | fabric | 0       |
|     empty_25_fu_193_p2                              | -   |        | empty_25   | add | fabric | 0       |
|     empty_31_fu_209_p2                              | -   |        | empty_31   | add | fabric | 0       |
+-----------------------------------------------------+-----+--------+------------+-----+--------+---------+


================================================================
== Bind Storage Report
================================================================
  No bind storage info in design

================================================================
== Pragma Report
================================================================
* Valid Pragma Syntax
+-----------------+----------------------------------------------------------------+--------------------------------------------------------------------+
| Type            | Options                                                        | Location                                                           |
+-----------------+----------------------------------------------------------------+--------------------------------------------------------------------+
| inline          |                                                                | include/types.hpp:53 in getval                                     |
| inline          |                                                                | include/types.hpp:60 in operator[]                                 |
| inline          |                                                                | include/types.hpp:67 in operator[]                                 |
| inline          |                                                                | include/types.hpp:74 in getvaladdr                                 |
| inline          |                                                                | include/types.hpp:79 in widetype<t, t_width, t_datawidth, enable>  |
| array_partition | variable = m_Val complete dim = 1                              | include/types.hpp:80 in widetype<t, t_width, t_datawidth, enable>  |
| inline          |                                                                | include/types.hpp:84 in widetype<t, t_width, t_datawidth, enable>  |
| array_partition | variable = m_Val complete dim = 1                              | include/types.hpp:85 in widetype<t, t_width, t_datawidth, enable>  |
| inline          |                                                                | include/types.hpp:90 in constructor                                |
| unroll          |                                                                | include/types.hpp:92 in constructor                                |
| inline          |                                                                | include/types.hpp:97 in widetype<t, t_width, t_datawidth, enable>  |
| array_partition | variable = m_Val complete dim = 1                              | include/types.hpp:98 in widetype<t, t_width, t_datawidth, enable>  |
| inline          |                                                                | include/types.hpp:102 in constructor                               |
| unroll          |                                                                | include/types.hpp:104 in constructor                               |
| inline          |                                                                | include/types.hpp:111 in widetype<t, t_width, t_datawidth, enable> |
| array_partition | variable = m_Val complete dim = 1                              | include/types.hpp:112 in widetype<t, t_width, t_datawidth, enable> |
| inline          |                                                                | include/types.hpp:116 in constructor                               |
| unroll          |                                                                | include/types.hpp:118 in constructor                               |
| unroll          |                                                                | include/types.hpp:126 in operator const ap_uint<t_typewidth>       |
| inline          |                                                                | include/types.hpp:143 in shift                                     |
| unroll          |                                                                | include/types.hpp:147 in shift                                     |
| inline          |                                                                | include/types.hpp:156 in shift                                     |
| unroll          |                                                                | include/types.hpp:159 in shift                                     |
| inline          |                                                                | include/types.hpp:167 in unshift                                   |
| unroll          |                                                                | include/types.hpp:170 in unshift                                   |
| inline          |                                                                | include/types.hpp:178 in unshift                                   |
| unroll          |                                                                | include/types.hpp:181 in unshift                                   |
| unroll          |                                                                | include/types.hpp:192 in zero                                      |
| inline          |                                                                | include/types.hpp:227 in operator[]                                |
| inline          |                                                                | include/types.hpp:235 in operator[]                                |
| inline          |                                                                | include/types.hpp:243 in getvaladdr                                |
| inline          |                                                                | include/types.hpp:296 in hlsreg                                    |
| interface       | ap_none port = return register                                 | include/types.hpp:297 in hlsreg                                    |
| inline          |                                                                | include/types.hpp:317 in boolarr<w>                                |
| array_partition | variable = m_Val COMPLETE                                      | include/types.hpp:318 in boolarr<w>                                |
| inline          |                                                                | include/types.hpp:321 in boolarr<w>                                |
| unroll          |                                                                | include/types.hpp:323 in boolarr<w>                                |
| inline          |                                                                | include/types.hpp:328 in operator[]                                |
| inline          |                                                                | include/types.hpp:332 in and                                       |
| unroll          |                                                                | include/types.hpp:335 in and                                       |
| inline          |                                                                | include/types.hpp:341 in or                                        |
| unroll          |                                                                | include/types.hpp:344 in or                                        |
| inline          |                                                                | include/types.hpp:350 in reset                                     |
| unroll          |                                                                | include/types.hpp:352 in reset                                     |
| inline          |                                                                | include/types.hpp:360 in streamsareempty                           |
| unroll          |                                                                | include/types.hpp:364 in streamsareempty                           |
| inline          |                                                                | include/types.hpp:425 in convwideval2bits                          |
| unroll          |                                                                | include/types.hpp:433 in convwideval2bits                          |
| inline          |                                                                | include/types.hpp:444 in convbits2widetype                         |
| unroll          |                                                                | include/types.hpp:452 in convbits2widetype                         |
| inline          |                                                                | include/types.hpp:522 in getval                                    |
| inline          |                                                                | include/types.hpp:526 in getflush                                  |
| inline          |                                                                | include/types.hpp:530 in operator=                                 |
| inline          |                                                                | include/types.hpp:536 in operator()                                |
| inline          |                                                                | include/types.hpp:575 in getval                                    |
| inline          |                                                                | include/types.hpp:579 in operator[]                                |
| inline          |                                                                | include/types.hpp:586 in getvectoftaggedvalues                     |
| inline          |                                                                | include/types.hpp:614 in triangsrl<t, t_width>                     |
| array_partition | variable = m_Sreg dim = 1 complete                             | include/types.hpp:615 in triangsrl<t, t_width>                     |
| inline          |                                                                | include/types.hpp:618 in shift                                     |
| unroll          |                                                                | include/types.hpp:622 in shift                                     |
| inline          |                                                                | include/types.hpp:628 in clear                                     |
| pipeline        |                                                                | include/types.hpp:631 in clear                                     |
| inline          |                                                                | include/types.hpp:663 in windowrm<t, t_rows, t_cols>               |
| inline          |                                                                | include/types.hpp:666 in getval                                    |
| inline          |                                                                | include/types.hpp:670 in operator[]                                |
| unroll          |                                                                | include/types.hpp:676 in clear                                     |
| unroll          |                                                                | include/types.hpp:679 in clear                                     |
| inline          |                                                                | include/types.hpp:686 in shift                                     |
| inline          |                                                                | include/types.hpp:691 in shift                                     |
| inline          |                                                                | include/types.hpp:696 in unshift                                   |
| interface       | mode = m_axi port = inputs bundle = concat_data latency = 32   | src/concat.cpp:14 in concat                                        |
| interface       | mode = m_axi port = outputs bundle = concat_data latency = 32  | src/concat.cpp:15 in concat                                        |
| interface       | mode = s_axilite port = input_data_addr1 bundle = concat_addr  | src/concat.cpp:16 in concat                                        |
| interface       | mode = s_axilite port = input_data_addr2 bundle = concat_addr  | src/concat.cpp:17 in concat                                        |
| interface       | mode = s_axilite port = output_data_addr3 bundle = concat_addr | src/concat.cpp:18 in concat                                        |
| interface       | mode = s_axilite port = ROWS bundle = concat_addr              | src/concat.cpp:19 in concat                                        |
| interface       | mode = s_axilite port = COLS bundle = concat_addr              | src/concat.cpp:20 in concat                                        |
| interface       | mode = s_axilite port = concat_flag bundle = concat_addr       | src/concat.cpp:21 in concat                                        |
| interface       | mode = s_axilite port = return bundle = concat_addr            | src/concat.cpp:22 in concat                                        |
| dataflow        |                                                                | src/concat.cpp:24 in concat                                        |
+-----------------+----------------------------------------------------------------+--------------------------------------------------------------------+


