

================================================================
== Vitis HLS Report for 'read_inputs_ap_uint_256_ap_int_8_32u_Pipeline_3'
================================================================
* Date:           Wed May 22 10:27:44 2024

* Version:        2022.2 (Build 3670227 on Oct 13 2022)
* Project:        Concat_HLS.prj
* Solution:       sol (Vivado IP Flow Target)
* Product family: zynquplus
* Target device:  xczu7ev-ffvc1156-2-e


================================================================
== Performance Estimates
================================================================
+ Timing: 
    * Summary: 
    +--------+----------+----------+------------+
    |  Clock |  Target  | Estimated| Uncertainty|
    +--------+----------+----------+------------+
    |ap_clk  |  10.00 ns|  7.300 ns|     2.70 ns|
    +--------+----------+----------+------------+

+ Latency: 
    * Summary: 
    +---------+---------+-----------+----------+-----+-----+---------+
    |  Latency (cycles) |  Latency (absolute)  |  Interval | Pipeline|
    |   min   |   max   |    min    |    max   | min | max |   Type  |
    +---------+---------+-----------+----------+-----+-----+---------+
    |        4|        ?|  40.000 ns|         ?|    4|    ?|       no|
    +---------+---------+-----------+----------+-----+-----+---------+

    + Detail: 
        * Instance: 
        N/A

        * Loop: 
        +----------+---------+---------+----------+-----------+-----------+-------+----------+
        |          |  Latency (cycles) | Iteration|  Initiation Interval  |  Trip |          |
        | Loop Name|   min   |   max   |  Latency |  achieved |   target  | Count | Pipelined|
        +----------+---------+---------+----------+-----------+-----------+-------+----------+
        |- Loop 1  |        2|        ?|         2|          1|          1|  1 ~ ?|       yes|
        +----------+---------+---------+----------+-----------+-----------+-------+----------+



================================================================
== Utilization Estimates
================================================================
* Summary: 
+-----------------+---------+------+--------+--------+-----+
|       Name      | BRAM_18K|  DSP |   FF   |   LUT  | URAM|
+-----------------+---------+------+--------+--------+-----+
|DSP              |        -|     -|       -|       -|    -|
|Expression       |        -|     -|       0|      57|    -|
|FIFO             |        -|     -|       -|       -|    -|
|Instance         |        -|     -|       -|       -|    -|
|Memory           |        -|     -|       -|       -|    -|
|Multiplexer      |        -|     -|       -|      54|    -|
|Register         |        -|     -|     287|       -|    -|
+-----------------+---------+------+--------+--------+-----+
|Total            |        0|     0|     287|     111|    0|
+-----------------+---------+------+--------+--------+-----+
|Available        |      624|  1728|  460800|  230400|   96|
+-----------------+---------+------+--------+--------+-----+
|Utilization (%)  |        0|     0|      ~0|      ~0|    0|
+-----------------+---------+------+--------+--------+-----+

+ Detail: 
    * Instance: 
    N/A

    * DSP: 
    N/A

    * Memory: 
    N/A

    * FIFO: 
    N/A

    * Expression: 
    +---------------------------+----------+----+---+----+------------+------------+
    |       Variable Name       | Operation| DSP| FF| LUT| Bitwidth P0| Bitwidth P1|
    +---------------------------+----------+----+---+----+------------+------------+
    |empty_fu_110_p2            |         +|   0|  0|  34|          27|           1|
    |ap_block_pp0_stage0_01001  |       and|   0|  0|   2|           1|           1|
    |exitcond3_fu_116_p2        |      icmp|   0|  0|  17|          27|          27|
    |ap_block_pp0_stage0_11001  |        or|   0|  0|   2|           1|           1|
    |ap_enable_pp0              |       xor|   0|  0|   2|           1|           2|
    +---------------------------+----------+----+---+----+------------+------------+
    |Total                      |          |   0|  0|  57|          57|          32|
    +---------------------------+----------+----+---+----+------------+------------+

    * Multiplexer: 
    +----------------------------------+----+-----------+-----+-----------+
    |               Name               | LUT| Input Size| Bits| Total Bits|
    +----------------------------------+----+-----------+-----+-----------+
    |ap_done_int                       |   9|          2|    1|          2|
    |ap_loop_exit_ready_pp0_iter1_reg  |   9|          2|    1|          2|
    |ap_sig_allocacmp_loop_index_load  |   9|          2|   27|         54|
    |concat_data_blk_n_R               |   9|          2|    1|          2|
    |concat_data_blk_n_W               |   9|          2|    1|          2|
    |loop_index_fu_52                  |   9|          2|   27|         54|
    +----------------------------------+----+-----------+-----+-----------+
    |Total                             |  54|         12|   58|        116|
    +----------------------------------+----+-----------+-----+-----------+

    * Register: 
    +----------------------------------+-----+----+-----+-----------+
    |               Name               |  FF | LUT| Bits| Const Bits|
    +----------------------------------+-----+----+-----+-----------+
    |ap_CS_fsm                         |    1|   0|    1|          0|
    |ap_done_reg                       |    1|   0|    1|          0|
    |ap_enable_reg_pp0_iter1           |    1|   0|    1|          0|
    |ap_loop_exit_ready_pp0_iter1_reg  |    1|   0|    1|          0|
    |concat_data_addr_2_read_reg_145   |  256|   0|  256|          0|
    |loop_index_fu_52                  |   27|   0|   27|          0|
    +----------------------------------+-----+----+-----+-----------+
    |Total                             |  287|   0|  287|          0|
    +----------------------------------+-----+----+-----+-----------+



================================================================
== Interface
================================================================
* Summary: 
+----------------------------+-----+-----+------------+------------------------------------------------------+--------------+
|          RTL Ports         | Dir | Bits|  Protocol  |                     Source Object                    |    C Type    |
+----------------------------+-----+-----+------------+------------------------------------------------------+--------------+
|ap_clk                      |   in|    1|  ap_ctrl_hs|  read_inputs<ap_uint<256>, ap_int<8>, 32u>_Pipeline_3|  return value|
|ap_rst                      |   in|    1|  ap_ctrl_hs|  read_inputs<ap_uint<256>, ap_int<8>, 32u>_Pipeline_3|  return value|
|ap_start                    |   in|    1|  ap_ctrl_hs|  read_inputs<ap_uint<256>, ap_int<8>, 32u>_Pipeline_3|  return value|
|ap_done                     |  out|    1|  ap_ctrl_hs|  read_inputs<ap_uint<256>, ap_int<8>, 32u>_Pipeline_3|  return value|
|ap_idle                     |  out|    1|  ap_ctrl_hs|  read_inputs<ap_uint<256>, ap_int<8>, 32u>_Pipeline_3|  return value|
|ap_ready                    |  out|    1|  ap_ctrl_hs|  read_inputs<ap_uint<256>, ap_int<8>, 32u>_Pipeline_3|  return value|
|m_axi_concat_data_AWVALID   |  out|    1|       m_axi|                                           concat_data|       pointer|
|m_axi_concat_data_AWREADY   |   in|    1|       m_axi|                                           concat_data|       pointer|
|m_axi_concat_data_AWADDR    |  out|   64|       m_axi|                                           concat_data|       pointer|
|m_axi_concat_data_AWID      |  out|    1|       m_axi|                                           concat_data|       pointer|
|m_axi_concat_data_AWLEN     |  out|   32|       m_axi|                                           concat_data|       pointer|
|m_axi_concat_data_AWSIZE    |  out|    3|       m_axi|                                           concat_data|       pointer|
|m_axi_concat_data_AWBURST   |  out|    2|       m_axi|                                           concat_data|       pointer|
|m_axi_concat_data_AWLOCK    |  out|    2|       m_axi|                                           concat_data|       pointer|
|m_axi_concat_data_AWCACHE   |  out|    4|       m_axi|                                           concat_data|       pointer|
|m_axi_concat_data_AWPROT    |  out|    3|       m_axi|                                           concat_data|       pointer|
|m_axi_concat_data_AWQOS     |  out|    4|       m_axi|                                           concat_data|       pointer|
|m_axi_concat_data_AWREGION  |  out|    4|       m_axi|                                           concat_data|       pointer|
|m_axi_concat_data_AWUSER    |  out|    1|       m_axi|                                           concat_data|       pointer|
|m_axi_concat_data_WVALID    |  out|    1|       m_axi|                                           concat_data|       pointer|
|m_axi_concat_data_WREADY    |   in|    1|       m_axi|                                           concat_data|       pointer|
|m_axi_concat_data_WDATA     |  out|  256|       m_axi|                                           concat_data|       pointer|
|m_axi_concat_data_WSTRB     |  out|   32|       m_axi|                                           concat_data|       pointer|
|m_axi_concat_data_WLAST     |  out|    1|       m_axi|                                           concat_data|       pointer|
|m_axi_concat_data_WID       |  out|    1|       m_axi|                                           concat_data|       pointer|
|m_axi_concat_data_WUSER     |  out|    1|       m_axi|                                           concat_data|       pointer|
|m_axi_concat_data_ARVALID   |  out|    1|       m_axi|                                           concat_data|       pointer|
|m_axi_concat_data_ARREADY   |   in|    1|       m_axi|                                           concat_data|       pointer|
|m_axi_concat_data_ARADDR    |  out|   64|       m_axi|                                           concat_data|       pointer|
|m_axi_concat_data_ARID      |  out|    1|       m_axi|                                           concat_data|       pointer|
|m_axi_concat_data_ARLEN     |  out|   32|       m_axi|                                           concat_data|       pointer|
|m_axi_concat_data_ARSIZE    |  out|    3|       m_axi|                                           concat_data|       pointer|
|m_axi_concat_data_ARBURST   |  out|    2|       m_axi|                                           concat_data|       pointer|
|m_axi_concat_data_ARLOCK    |  out|    2|       m_axi|                                           concat_data|       pointer|
|m_axi_concat_data_ARCACHE   |  out|    4|       m_axi|                                           concat_data|       pointer|
|m_axi_concat_data_ARPROT    |  out|    3|       m_axi|                                           concat_data|       pointer|
|m_axi_concat_data_ARQOS     |  out|    4|       m_axi|                                           concat_data|       pointer|
|m_axi_concat_data_ARREGION  |  out|    4|       m_axi|                                           concat_data|       pointer|
|m_axi_concat_data_ARUSER    |  out|    1|       m_axi|                                           concat_data|       pointer|
|m_axi_concat_data_RVALID    |   in|    1|       m_axi|                                           concat_data|       pointer|
|m_axi_concat_data_RREADY    |  out|    1|       m_axi|                                           concat_data|       pointer|
|m_axi_concat_data_RDATA     |   in|  256|       m_axi|                                           concat_data|       pointer|
|m_axi_concat_data_RLAST     |   in|    1|       m_axi|                                           concat_data|       pointer|
|m_axi_concat_data_RID       |   in|    1|       m_axi|                                           concat_data|       pointer|
|m_axi_concat_data_RFIFONUM  |   in|    9|       m_axi|                                           concat_data|       pointer|
|m_axi_concat_data_RUSER     |   in|    1|       m_axi|                                           concat_data|       pointer|
|m_axi_concat_data_RRESP     |   in|    2|       m_axi|                                           concat_data|       pointer|
|m_axi_concat_data_BVALID    |   in|    1|       m_axi|                                           concat_data|       pointer|
|m_axi_concat_data_BREADY    |  out|    1|       m_axi|                                           concat_data|       pointer|
|m_axi_concat_data_BRESP     |   in|    2|       m_axi|                                           concat_data|       pointer|
|m_axi_concat_data_BID       |   in|    1|       m_axi|                                           concat_data|       pointer|
|m_axi_concat_data_BUSER     |   in|    1|       m_axi|                                           concat_data|       pointer|
|p_cast9_cast                |   in|   59|     ap_none|                                          p_cast9_cast|        scalar|
|p_cast8_cast                |   in|   59|     ap_none|                                          p_cast8_cast|        scalar|
|output_addr                 |   in|   27|     ap_none|                                           output_addr|        scalar|
+----------------------------+-----+-----+------------+------------------------------------------------------+--------------+

