

================================================================
== Vitis HLS Report for 'requant_ap_uint_256_ap_int_8_ap_int_8_32u_s'
================================================================
* Date:           Fri May 31 15:39:25 2024

* Version:        2022.2 (Build 3670227 on Oct 13 2022)
* Project:        Concat_HLS.prj
* Solution:       sol (Vivado IP Flow Target)
* Product family: zynquplus
* Target device:  xczu7ev-ffvc1156-2-e


================================================================
== Performance Estimates
================================================================
+ Timing: 
    * Summary: 
    +--------+----------+----------+------------+
    |  Clock |  Target  | Estimated| Uncertainty|
    +--------+----------+----------+------------+
    |ap_clk  |  10.00 ns|  7.003 ns|     2.70 ns|
    +--------+----------+----------+------------+

+ Latency: 
    * Summary: 
    +---------+---------+----------+----------+-----+-----+---------+
    |  Latency (cycles) |  Latency (absolute) |  Interval | Pipeline|
    |   min   |   max   |    min   |    max   | min | max |   Type  |
    +---------+---------+----------+----------+-----+-----+---------+
    |        ?|        ?|         ?|         ?|    ?|    ?|       no|
    +---------+---------+----------+----------+-----+-----+---------+

    + Detail: 
        * Instance: 
        N/A

        * Loop: 
        +-------------------+---------+---------+----------+-----------+-----------+------+----------+
        |                   |  Latency (cycles) | Iteration|  Initiation Interval  | Trip |          |
        |     Loop Name     |   min   |   max   |  Latency |  achieved |   target  | Count| Pipelined|
        +-------------------+---------+---------+----------+-----------+-----------+------+----------+
        |- VITIS_LOOP_43_1  |        ?|        ?|         3|          -|          -|     ?|        no|
        |- VITIS_LOOP_68_3  |        ?|        ?|         3|          -|          -|     ?|        no|
        +-------------------+---------+---------+----------+-----------+-----------+------+----------+



================================================================
== Utilization Estimates
================================================================
* Summary: 
+-----------------+---------+------+--------+--------+-----+
|       Name      | BRAM_18K|  DSP |   FF   |   LUT  | URAM|
+-----------------+---------+------+--------+--------+-----+
|DSP              |        -|     -|       -|       -|    -|
|Expression       |        -|     -|       0|   37284|    -|
|FIFO             |        -|     -|       -|       -|    -|
|Instance         |        -|   451|       0|    2964|    -|
|Memory           |        -|     -|       -|       -|    -|
|Multiplexer      |        -|     -|       -|     174|    -|
|Register         |        -|     -|    4930|       -|    -|
+-----------------+---------+------+--------+--------+-----+
|Total            |        0|   451|    4930|   40422|    0|
+-----------------+---------+------+--------+--------+-----+
|Available        |      624|  1728|  460800|  230400|   96|
+-----------------+---------+------+--------+--------+-----+
|Utilization (%)  |        0|    26|       1|      17|    0|
+-----------------+---------+------+--------+--------+-----+

+ Detail: 
    * Instance: 
    +------------------------+--------------------+---------+----+---+----+-----+
    |        Instance        |       Module       | BRAM_18K| DSP| FF| LUT| URAM|
    +------------------------+--------------------+---------+----+---+----+-----+
    |mul_32s_32s_32_1_1_U24  |mul_32s_32s_32_1_1  |        0|   3|  0|  20|    0|
    |mul_64s_32s_64_1_1_U25  |mul_64s_32s_64_1_1  |        0|   7|  0|  46|    0|
    |mul_64s_32s_64_1_1_U26  |mul_64s_32s_64_1_1  |        0|   7|  0|  46|    0|
    |mul_64s_32s_64_1_1_U27  |mul_64s_32s_64_1_1  |        0|   7|  0|  46|    0|
    |mul_64s_32s_64_1_1_U28  |mul_64s_32s_64_1_1  |        0|   7|  0|  46|    0|
    |mul_64s_32s_64_1_1_U29  |mul_64s_32s_64_1_1  |        0|   7|  0|  46|    0|
    |mul_64s_32s_64_1_1_U30  |mul_64s_32s_64_1_1  |        0|   7|  0|  46|    0|
    |mul_64s_32s_64_1_1_U31  |mul_64s_32s_64_1_1  |        0|   7|  0|  46|    0|
    |mul_64s_32s_64_1_1_U32  |mul_64s_32s_64_1_1  |        0|   7|  0|  46|    0|
    |mul_64s_32s_64_1_1_U33  |mul_64s_32s_64_1_1  |        0|   7|  0|  46|    0|
    |mul_64s_32s_64_1_1_U34  |mul_64s_32s_64_1_1  |        0|   7|  0|  46|    0|
    |mul_64s_32s_64_1_1_U35  |mul_64s_32s_64_1_1  |        0|   7|  0|  46|    0|
    |mul_64s_32s_64_1_1_U36  |mul_64s_32s_64_1_1  |        0|   7|  0|  46|    0|
    |mul_64s_32s_64_1_1_U37  |mul_64s_32s_64_1_1  |        0|   7|  0|  46|    0|
    |mul_64s_32s_64_1_1_U38  |mul_64s_32s_64_1_1  |        0|   7|  0|  46|    0|
    |mul_64s_32s_64_1_1_U39  |mul_64s_32s_64_1_1  |        0|   7|  0|  46|    0|
    |mul_64s_32s_64_1_1_U40  |mul_64s_32s_64_1_1  |        0|   7|  0|  46|    0|
    |mul_64s_32s_64_1_1_U41  |mul_64s_32s_64_1_1  |        0|   7|  0|  46|    0|
    |mul_64s_32s_64_1_1_U42  |mul_64s_32s_64_1_1  |        0|   7|  0|  46|    0|
    |mul_64s_32s_64_1_1_U43  |mul_64s_32s_64_1_1  |        0|   7|  0|  46|    0|
    |mul_64s_32s_64_1_1_U44  |mul_64s_32s_64_1_1  |        0|   7|  0|  46|    0|
    |mul_64s_32s_64_1_1_U45  |mul_64s_32s_64_1_1  |        0|   7|  0|  46|    0|
    |mul_64s_32s_64_1_1_U46  |mul_64s_32s_64_1_1  |        0|   7|  0|  46|    0|
    |mul_64s_32s_64_1_1_U47  |mul_64s_32s_64_1_1  |        0|   7|  0|  46|    0|
    |mul_64s_32s_64_1_1_U48  |mul_64s_32s_64_1_1  |        0|   7|  0|  46|    0|
    |mul_64s_32s_64_1_1_U49  |mul_64s_32s_64_1_1  |        0|   7|  0|  46|    0|
    |mul_64s_32s_64_1_1_U50  |mul_64s_32s_64_1_1  |        0|   7|  0|  46|    0|
    |mul_64s_32s_64_1_1_U51  |mul_64s_32s_64_1_1  |        0|   7|  0|  46|    0|
    |mul_64s_32s_64_1_1_U52  |mul_64s_32s_64_1_1  |        0|   7|  0|  46|    0|
    |mul_64s_32s_64_1_1_U53  |mul_64s_32s_64_1_1  |        0|   7|  0|  46|    0|
    |mul_64s_32s_64_1_1_U54  |mul_64s_32s_64_1_1  |        0|   7|  0|  46|    0|
    |mul_64s_32s_64_1_1_U55  |mul_64s_32s_64_1_1  |        0|   7|  0|  46|    0|
    |mul_64s_32s_64_1_1_U56  |mul_64s_32s_64_1_1  |        0|   7|  0|  46|    0|
    |mul_64s_32s_64_1_1_U57  |mul_64s_32s_64_1_1  |        0|   7|  0|  46|    0|
    |mul_64s_32s_64_1_1_U58  |mul_64s_32s_64_1_1  |        0|   7|  0|  46|    0|
    |mul_64s_32s_64_1_1_U59  |mul_64s_32s_64_1_1  |        0|   7|  0|  46|    0|
    |mul_64s_32s_64_1_1_U60  |mul_64s_32s_64_1_1  |        0|   7|  0|  46|    0|
    |mul_64s_32s_64_1_1_U61  |mul_64s_32s_64_1_1  |        0|   7|  0|  46|    0|
    |mul_64s_32s_64_1_1_U62  |mul_64s_32s_64_1_1  |        0|   7|  0|  46|    0|
    |mul_64s_32s_64_1_1_U63  |mul_64s_32s_64_1_1  |        0|   7|  0|  46|    0|
    |mul_64s_32s_64_1_1_U64  |mul_64s_32s_64_1_1  |        0|   7|  0|  46|    0|
    |mul_64s_32s_64_1_1_U65  |mul_64s_32s_64_1_1  |        0|   7|  0|  46|    0|
    |mul_64s_32s_64_1_1_U66  |mul_64s_32s_64_1_1  |        0|   7|  0|  46|    0|
    |mul_64s_32s_64_1_1_U67  |mul_64s_32s_64_1_1  |        0|   7|  0|  46|    0|
    |mul_64s_32s_64_1_1_U68  |mul_64s_32s_64_1_1  |        0|   7|  0|  46|    0|
    |mul_64s_32s_64_1_1_U69  |mul_64s_32s_64_1_1  |        0|   7|  0|  46|    0|
    |mul_64s_32s_64_1_1_U70  |mul_64s_32s_64_1_1  |        0|   7|  0|  46|    0|
    |mul_64s_32s_64_1_1_U71  |mul_64s_32s_64_1_1  |        0|   7|  0|  46|    0|
    |mul_64s_32s_64_1_1_U72  |mul_64s_32s_64_1_1  |        0|   7|  0|  46|    0|
    |mul_64s_32s_64_1_1_U73  |mul_64s_32s_64_1_1  |        0|   7|  0|  46|    0|
    |mul_64s_32s_64_1_1_U74  |mul_64s_32s_64_1_1  |        0|   7|  0|  46|    0|
    |mul_64s_32s_64_1_1_U75  |mul_64s_32s_64_1_1  |        0|   7|  0|  46|    0|
    |mul_64s_32s_64_1_1_U76  |mul_64s_32s_64_1_1  |        0|   7|  0|  46|    0|
    |mul_64s_32s_64_1_1_U77  |mul_64s_32s_64_1_1  |        0|   7|  0|  46|    0|
    |mul_64s_32s_64_1_1_U78  |mul_64s_32s_64_1_1  |        0|   7|  0|  46|    0|
    |mul_64s_32s_64_1_1_U79  |mul_64s_32s_64_1_1  |        0|   7|  0|  46|    0|
    |mul_64s_32s_64_1_1_U80  |mul_64s_32s_64_1_1  |        0|   7|  0|  46|    0|
    |mul_64s_32s_64_1_1_U81  |mul_64s_32s_64_1_1  |        0|   7|  0|  46|    0|
    |mul_64s_32s_64_1_1_U82  |mul_64s_32s_64_1_1  |        0|   7|  0|  46|    0|
    |mul_64s_32s_64_1_1_U83  |mul_64s_32s_64_1_1  |        0|   7|  0|  46|    0|
    |mul_64s_32s_64_1_1_U84  |mul_64s_32s_64_1_1  |        0|   7|  0|  46|    0|
    |mul_64s_32s_64_1_1_U85  |mul_64s_32s_64_1_1  |        0|   7|  0|  46|    0|
    |mul_64s_32s_64_1_1_U86  |mul_64s_32s_64_1_1  |        0|   7|  0|  46|    0|
    |mul_64s_32s_64_1_1_U87  |mul_64s_32s_64_1_1  |        0|   7|  0|  46|    0|
    |mul_64s_32s_64_1_1_U88  |mul_64s_32s_64_1_1  |        0|   7|  0|  46|    0|
    +------------------------+--------------------+---------+----+---+----+-----+
    |Total                   |                    |        0| 451|  0|2964|    0|
    +------------------------+--------------------+---------+----+---+----+-----+

    * DSP: 
    N/A

    * Memory: 
    N/A

    * FIFO: 
    N/A

    * Expression: 
    +--------------------------------+----------+----+---+-----+------------+------------+
    |          Variable Name         | Operation| DSP| FF| LUT | Bitwidth P0| Bitwidth P1|
    +--------------------------------+----------+----+---+-----+------------+------------+
    |add_ln43_fu_824_p2              |         +|   0|  0|   34|          27|           1|
    |add_ln68_fu_3420_p2             |         +|   0|  0|   34|          27|           1|
    |sub18_fu_791_p2                 |         +|   0|  0|   39|          32|           5|
    |sub77_fu_887_p2                 |         +|   0|  0|   39|          32|           5|
    |temp_103_fu_1296_p2             |         +|   0|  0|   71|          64|          64|
    |temp_108_fu_1322_p2             |         +|   0|  0|   71|          64|          64|
    |temp_113_fu_1348_p2             |         +|   0|  0|   71|          64|          64|
    |temp_118_fu_1374_p2             |         +|   0|  0|   71|          64|          64|
    |temp_123_fu_1400_p2             |         +|   0|  0|   71|          64|          64|
    |temp_128_fu_1426_p2             |         +|   0|  0|   71|          64|          64|
    |temp_133_fu_1452_p2             |         +|   0|  0|   71|          64|          64|
    |temp_138_fu_1478_p2             |         +|   0|  0|   71|          64|          64|
    |temp_143_fu_1504_p2             |         +|   0|  0|   71|          64|          64|
    |temp_148_fu_1530_p2             |         +|   0|  0|   71|          64|          64|
    |temp_153_fu_1556_p2             |         +|   0|  0|   71|          64|          64|
    |temp_158_fu_1582_p2             |         +|   0|  0|   71|          64|          64|
    |temp_163_fu_1608_p2             |         +|   0|  0|   71|          64|          64|
    |temp_168_fu_1634_p2             |         +|   0|  0|   71|          64|          64|
    |temp_194_fu_1660_p2             |         +|   0|  0|   71|          64|          64|
    |temp_200_fu_1686_p2             |         +|   0|  0|   71|          64|          64|
    |temp_207_fu_1712_p2             |         +|   0|  0|   71|          64|          64|
    |temp_212_fu_1738_p2             |         +|   0|  0|   71|          64|          64|
    |temp_226_fu_3455_p2             |         +|   0|  0|   71|          64|          64|
    |temp_232_fu_3481_p2             |         +|   0|  0|   71|          64|          64|
    |temp_238_fu_3507_p2             |         +|   0|  0|   71|          64|          64|
    |temp_244_fu_3533_p2             |         +|   0|  0|   71|          64|          64|
    |temp_250_fu_3559_p2             |         +|   0|  0|   71|          64|          64|
    |temp_256_fu_3585_p2             |         +|   0|  0|   71|          64|          64|
    |temp_262_fu_3611_p2             |         +|   0|  0|   71|          64|          64|
    |temp_268_fu_3637_p2             |         +|   0|  0|   71|          64|          64|
    |temp_274_fu_3663_p2             |         +|   0|  0|   71|          64|          64|
    |temp_280_fu_3689_p2             |         +|   0|  0|   71|          64|          64|
    |temp_286_fu_3715_p2             |         +|   0|  0|   71|          64|          64|
    |temp_292_fu_3741_p2             |         +|   0|  0|   71|          64|          64|
    |temp_298_fu_3767_p2             |         +|   0|  0|   71|          64|          64|
    |temp_304_fu_3793_p2             |         +|   0|  0|   71|          64|          64|
    |temp_310_fu_3819_p2             |         +|   0|  0|   71|          64|          64|
    |temp_316_fu_3845_p2             |         +|   0|  0|   71|          64|          64|
    |temp_322_fu_3871_p2             |         +|   0|  0|   71|          64|          64|
    |temp_328_fu_3897_p2             |         +|   0|  0|   71|          64|          64|
    |temp_334_fu_3923_p2             |         +|   0|  0|   71|          64|          64|
    |temp_340_fu_3949_p2             |         +|   0|  0|   71|          64|          64|
    |temp_346_fu_3975_p2             |         +|   0|  0|   71|          64|          64|
    |temp_352_fu_4001_p2             |         +|   0|  0|   71|          64|          64|
    |temp_358_fu_4027_p2             |         +|   0|  0|   71|          64|          64|
    |temp_364_fu_4053_p2             |         +|   0|  0|   71|          64|          64|
    |temp_370_fu_4079_p2             |         +|   0|  0|   71|          64|          64|
    |temp_376_fu_4105_p2             |         +|   0|  0|   71|          64|          64|
    |temp_382_fu_4131_p2             |         +|   0|  0|   71|          64|          64|
    |temp_388_fu_4157_p2             |         +|   0|  0|   71|          64|          64|
    |temp_394_fu_4183_p2             |         +|   0|  0|   71|          64|          64|
    |temp_3_fu_932_p2                |         +|   0|  0|   71|          64|          64|
    |temp_400_fu_4209_p2             |         +|   0|  0|   71|          64|          64|
    |temp_407_fu_4235_p2             |         +|   0|  0|   71|          64|          64|
    |temp_413_fu_4261_p2             |         +|   0|  0|   71|          64|          64|
    |temp_43_fu_984_p2               |         +|   0|  0|   71|          64|          64|
    |temp_48_fu_1010_p2              |         +|   0|  0|   71|          64|          64|
    |temp_53_fu_1036_p2              |         +|   0|  0|   71|          64|          64|
    |temp_58_fu_1062_p2              |         +|   0|  0|   71|          64|          64|
    |temp_63_fu_1088_p2              |         +|   0|  0|   71|          64|          64|
    |temp_68_fu_1114_p2              |         +|   0|  0|   71|          64|          64|
    |temp_73_fu_1140_p2              |         +|   0|  0|   71|          64|          64|
    |temp_78_fu_1166_p2              |         +|   0|  0|   71|          64|          64|
    |temp_83_fu_1192_p2              |         +|   0|  0|   71|          64|          64|
    |temp_88_fu_1218_p2              |         +|   0|  0|   71|          64|          64|
    |temp_93_fu_1244_p2              |         +|   0|  0|   71|          64|          64|
    |temp_98_fu_1270_p2              |         +|   0|  0|   71|          64|          64|
    |temp_9_fu_958_p2                |         +|   0|  0|   71|          64|          64|
    |total_right_shift_1_fu_881_p2   |         +|   0|  0|   39|          32|           5|
    |total_right_shift_fu_785_p2     |         +|   0|  0|   39|          32|           5|
    |sub64_fu_844_p2                 |         -|   0|  0|   39|           1|          32|
    |sub_ln38_fu_741_p2              |         -|   0|  0|   39|           1|          32|
    |ap_block_state2                 |       and|   0|  0|    2|           1|           1|
    |ap_block_state5                 |       and|   0|  0|    2|           1|           1|
    |temp_104_fu_2443_p2             |      ashr|   0|  0|  179|          64|          64|
    |temp_109_fu_2493_p2             |      ashr|   0|  0|  179|          64|          64|
    |temp_10_fu_1793_p2              |      ashr|   0|  0|  179|          64|          64|
    |temp_114_fu_2543_p2             |      ashr|   0|  0|  179|          64|          64|
    |temp_119_fu_2593_p2             |      ashr|   0|  0|  179|          64|          64|
    |temp_124_fu_2643_p2             |      ashr|   0|  0|  179|          64|          64|
    |temp_129_fu_2693_p2             |      ashr|   0|  0|  179|          64|          64|
    |temp_134_fu_2743_p2             |      ashr|   0|  0|  179|          64|          64|
    |temp_139_fu_2793_p2             |      ashr|   0|  0|  179|          64|          64|
    |temp_144_fu_2843_p2             |      ashr|   0|  0|  179|          64|          64|
    |temp_149_fu_2893_p2             |      ashr|   0|  0|  179|          64|          64|
    |temp_154_fu_2943_p2             |      ashr|   0|  0|  179|          64|          64|
    |temp_159_fu_2993_p2             |      ashr|   0|  0|  179|          64|          64|
    |temp_164_fu_3043_p2             |      ashr|   0|  0|  179|          64|          64|
    |temp_174_fu_3093_p2             |      ashr|   0|  0|  179|          64|          64|
    |temp_195_fu_3143_p2             |      ashr|   0|  0|  179|          64|          64|
    |temp_201_fu_3193_p2             |      ashr|   0|  0|  179|          64|          64|
    |temp_208_fu_3243_p2             |      ashr|   0|  0|  179|          64|          64|
    |temp_214_fu_3293_p2             |      ashr|   0|  0|  179|          64|          64|
    |temp_227_fu_4266_p2             |      ashr|   0|  0|  179|          64|          64|
    |temp_233_fu_4316_p2             |      ashr|   0|  0|  179|          64|          64|
    |temp_239_fu_4366_p2             |      ashr|   0|  0|  179|          64|          64|
    |temp_245_fu_4416_p2             |      ashr|   0|  0|  179|          64|          64|
    |temp_251_fu_4466_p2             |      ashr|   0|  0|  179|          64|          64|
    |temp_257_fu_4516_p2             |      ashr|   0|  0|  179|          64|          64|
    |temp_263_fu_4566_p2             |      ashr|   0|  0|  179|          64|          64|
    |temp_269_fu_4616_p2             |      ashr|   0|  0|  179|          64|          64|
    |temp_275_fu_4666_p2             |      ashr|   0|  0|  179|          64|          64|
    |temp_281_fu_4716_p2             |      ashr|   0|  0|  179|          64|          64|
    |temp_287_fu_4766_p2             |      ashr|   0|  0|  179|          64|          64|
    |temp_293_fu_4816_p2             |      ashr|   0|  0|  179|          64|          64|
    |temp_299_fu_4866_p2             |      ashr|   0|  0|  179|          64|          64|
    |temp_305_fu_4916_p2             |      ashr|   0|  0|  179|          64|          64|
    |temp_311_fu_4966_p2             |      ashr|   0|  0|  179|          64|          64|
    |temp_317_fu_5016_p2             |      ashr|   0|  0|  179|          64|          64|
    |temp_323_fu_5066_p2             |      ashr|   0|  0|  179|          64|          64|
    |temp_329_fu_5116_p2             |      ashr|   0|  0|  179|          64|          64|
    |temp_335_fu_5166_p2             |      ashr|   0|  0|  179|          64|          64|
    |temp_341_fu_5216_p2             |      ashr|   0|  0|  179|          64|          64|
    |temp_347_fu_5266_p2             |      ashr|   0|  0|  179|          64|          64|
    |temp_353_fu_5316_p2             |      ashr|   0|  0|  179|          64|          64|
    |temp_359_fu_5366_p2             |      ashr|   0|  0|  179|          64|          64|
    |temp_365_fu_5416_p2             |      ashr|   0|  0|  179|          64|          64|
    |temp_371_fu_5466_p2             |      ashr|   0|  0|  179|          64|          64|
    |temp_377_fu_5516_p2             |      ashr|   0|  0|  179|          64|          64|
    |temp_383_fu_5566_p2             |      ashr|   0|  0|  179|          64|          64|
    |temp_389_fu_5616_p2             |      ashr|   0|  0|  179|          64|          64|
    |temp_395_fu_5666_p2             |      ashr|   0|  0|  179|          64|          64|
    |temp_401_fu_5716_p2             |      ashr|   0|  0|  179|          64|          64|
    |temp_408_fu_5766_p2             |      ashr|   0|  0|  179|          64|          64|
    |temp_414_fu_5816_p2             |      ashr|   0|  0|  179|          64|          64|
    |temp_44_fu_1843_p2              |      ashr|   0|  0|  179|          64|          64|
    |temp_49_fu_1893_p2              |      ashr|   0|  0|  179|          64|          64|
    |temp_4_fu_1743_p2               |      ashr|   0|  0|  179|          64|          64|
    |temp_54_fu_1943_p2              |      ashr|   0|  0|  179|          64|          64|
    |temp_59_fu_1993_p2              |      ashr|   0|  0|  179|          64|          64|
    |temp_64_fu_2043_p2              |      ashr|   0|  0|  179|          64|          64|
    |temp_69_fu_2093_p2              |      ashr|   0|  0|  179|          64|          64|
    |temp_74_fu_2143_p2              |      ashr|   0|  0|  179|          64|          64|
    |temp_79_fu_2193_p2              |      ashr|   0|  0|  179|          64|          64|
    |temp_84_fu_2243_p2              |      ashr|   0|  0|  179|          64|          64|
    |temp_89_fu_2293_p2              |      ashr|   0|  0|  179|          64|          64|
    |temp_94_fu_2343_p2              |      ashr|   0|  0|  179|          64|          64|
    |temp_99_fu_2393_p2              |      ashr|   0|  0|  179|          64|          64|
    |cmp15_fu_771_p2                 |      icmp|   0|  0|   20|          32|           1|
    |cmp56_fu_839_p2                 |      icmp|   0|  0|   20|          32|           1|
    |cmp67_fu_871_p2                 |      icmp|   0|  0|   20|          32|           1|
    |icmp_ln37_fu_723_p2             |      icmp|   0|  0|   20|          32|           1|
    |icmp_ln43_fu_819_p2             |      icmp|   0|  0|   17|          27|          27|
    |icmp_ln58_10_fu_2261_p2         |      icmp|   0|  0|   17|          26|           1|
    |icmp_ln58_11_fu_2311_p2         |      icmp|   0|  0|   17|          26|           1|
    |icmp_ln58_12_fu_2361_p2         |      icmp|   0|  0|   17|          26|           1|
    |icmp_ln58_13_fu_2411_p2         |      icmp|   0|  0|   17|          26|           1|
    |icmp_ln58_14_fu_2461_p2         |      icmp|   0|  0|   17|          26|           1|
    |icmp_ln58_15_fu_2511_p2         |      icmp|   0|  0|   17|          26|           1|
    |icmp_ln58_16_fu_2561_p2         |      icmp|   0|  0|   17|          26|           1|
    |icmp_ln58_17_fu_2611_p2         |      icmp|   0|  0|   17|          26|           1|
    |icmp_ln58_18_fu_2661_p2         |      icmp|   0|  0|   17|          26|           1|
    |icmp_ln58_19_fu_2711_p2         |      icmp|   0|  0|   17|          26|           1|
    |icmp_ln58_1_fu_1811_p2          |      icmp|   0|  0|   17|          26|           1|
    |icmp_ln58_20_fu_2761_p2         |      icmp|   0|  0|   17|          26|           1|
    |icmp_ln58_21_fu_2811_p2         |      icmp|   0|  0|   17|          26|           1|
    |icmp_ln58_22_fu_2861_p2         |      icmp|   0|  0|   17|          26|           1|
    |icmp_ln58_23_fu_2911_p2         |      icmp|   0|  0|   17|          26|           1|
    |icmp_ln58_24_fu_2961_p2         |      icmp|   0|  0|   17|          26|           1|
    |icmp_ln58_25_fu_3011_p2         |      icmp|   0|  0|   17|          26|           1|
    |icmp_ln58_26_fu_3061_p2         |      icmp|   0|  0|   17|          26|           1|
    |icmp_ln58_27_fu_3111_p2         |      icmp|   0|  0|   17|          26|           1|
    |icmp_ln58_28_fu_3161_p2         |      icmp|   0|  0|   17|          26|           1|
    |icmp_ln58_29_fu_3211_p2         |      icmp|   0|  0|   17|          26|           1|
    |icmp_ln58_2_fu_1861_p2          |      icmp|   0|  0|   17|          26|           1|
    |icmp_ln58_30_fu_3261_p2         |      icmp|   0|  0|   17|          26|           1|
    |icmp_ln58_31_fu_3311_p2         |      icmp|   0|  0|   17|          26|           1|
    |icmp_ln58_3_fu_1911_p2          |      icmp|   0|  0|   17|          26|           1|
    |icmp_ln58_4_fu_1961_p2          |      icmp|   0|  0|   17|          26|           1|
    |icmp_ln58_5_fu_2011_p2          |      icmp|   0|  0|   17|          26|           1|
    |icmp_ln58_6_fu_2061_p2          |      icmp|   0|  0|   17|          26|           1|
    |icmp_ln58_7_fu_2111_p2          |      icmp|   0|  0|   17|          26|           1|
    |icmp_ln58_8_fu_2161_p2          |      icmp|   0|  0|   17|          26|           1|
    |icmp_ln58_9_fu_2211_p2          |      icmp|   0|  0|   17|          26|           1|
    |icmp_ln58_fu_1761_p2            |      icmp|   0|  0|   17|          26|           1|
    |icmp_ln59_10_fu_2275_p2         |      icmp|   0|  0|   20|          33|           9|
    |icmp_ln59_11_fu_2325_p2         |      icmp|   0|  0|   20|          33|           9|
    |icmp_ln59_12_fu_2375_p2         |      icmp|   0|  0|   20|          33|           9|
    |icmp_ln59_13_fu_2425_p2         |      icmp|   0|  0|   20|          33|           9|
    |icmp_ln59_14_fu_2475_p2         |      icmp|   0|  0|   20|          33|           9|
    |icmp_ln59_15_fu_2525_p2         |      icmp|   0|  0|   20|          33|           9|
    |icmp_ln59_16_fu_2575_p2         |      icmp|   0|  0|   20|          33|           9|
    |icmp_ln59_17_fu_2625_p2         |      icmp|   0|  0|   20|          33|           9|
    |icmp_ln59_18_fu_2675_p2         |      icmp|   0|  0|   20|          33|           9|
    |icmp_ln59_19_fu_2725_p2         |      icmp|   0|  0|   20|          33|           9|
    |icmp_ln59_1_fu_1825_p2          |      icmp|   0|  0|   20|          33|           9|
    |icmp_ln59_20_fu_2775_p2         |      icmp|   0|  0|   20|          33|           9|
    |icmp_ln59_21_fu_2825_p2         |      icmp|   0|  0|   20|          33|           9|
    |icmp_ln59_22_fu_2875_p2         |      icmp|   0|  0|   20|          33|           9|
    |icmp_ln59_23_fu_2925_p2         |      icmp|   0|  0|   20|          33|           9|
    |icmp_ln59_24_fu_2975_p2         |      icmp|   0|  0|   20|          33|           9|
    |icmp_ln59_25_fu_3025_p2         |      icmp|   0|  0|   20|          33|           9|
    |icmp_ln59_26_fu_3075_p2         |      icmp|   0|  0|   20|          33|           9|
    |icmp_ln59_27_fu_3125_p2         |      icmp|   0|  0|   20|          33|           9|
    |icmp_ln59_28_fu_3175_p2         |      icmp|   0|  0|   20|          33|           9|
    |icmp_ln59_29_fu_3225_p2         |      icmp|   0|  0|   20|          33|           9|
    |icmp_ln59_2_fu_1875_p2          |      icmp|   0|  0|   20|          33|           9|
    |icmp_ln59_30_fu_3275_p2         |      icmp|   0|  0|   20|          33|           9|
    |icmp_ln59_31_fu_3325_p2         |      icmp|   0|  0|   20|          33|           9|
    |icmp_ln59_3_fu_1925_p2          |      icmp|   0|  0|   20|          33|           9|
    |icmp_ln59_4_fu_1975_p2          |      icmp|   0|  0|   20|          33|           9|
    |icmp_ln59_5_fu_2025_p2          |      icmp|   0|  0|   20|          33|           9|
    |icmp_ln59_6_fu_2075_p2          |      icmp|   0|  0|   20|          33|           9|
    |icmp_ln59_7_fu_2125_p2          |      icmp|   0|  0|   20|          33|           9|
    |icmp_ln59_8_fu_2175_p2          |      icmp|   0|  0|   20|          33|           9|
    |icmp_ln59_9_fu_2225_p2          |      icmp|   0|  0|   20|          33|           9|
    |icmp_ln59_fu_1775_p2            |      icmp|   0|  0|   20|          33|           9|
    |icmp_ln68_fu_3415_p2            |      icmp|   0|  0|   17|          27|          27|
    |icmp_ln85_10_fu_4784_p2         |      icmp|   0|  0|   17|          26|           1|
    |icmp_ln85_11_fu_4834_p2         |      icmp|   0|  0|   17|          26|           1|
    |icmp_ln85_12_fu_4884_p2         |      icmp|   0|  0|   17|          26|           1|
    |icmp_ln85_13_fu_4934_p2         |      icmp|   0|  0|   17|          26|           1|
    |icmp_ln85_14_fu_4984_p2         |      icmp|   0|  0|   17|          26|           1|
    |icmp_ln85_15_fu_5034_p2         |      icmp|   0|  0|   17|          26|           1|
    |icmp_ln85_16_fu_5084_p2         |      icmp|   0|  0|   17|          26|           1|
    |icmp_ln85_17_fu_5134_p2         |      icmp|   0|  0|   17|          26|           1|
    |icmp_ln85_18_fu_5184_p2         |      icmp|   0|  0|   17|          26|           1|
    |icmp_ln85_19_fu_5234_p2         |      icmp|   0|  0|   17|          26|           1|
    |icmp_ln85_1_fu_4334_p2          |      icmp|   0|  0|   17|          26|           1|
    |icmp_ln85_20_fu_5284_p2         |      icmp|   0|  0|   17|          26|           1|
    |icmp_ln85_21_fu_5334_p2         |      icmp|   0|  0|   17|          26|           1|
    |icmp_ln85_22_fu_5384_p2         |      icmp|   0|  0|   17|          26|           1|
    |icmp_ln85_23_fu_5434_p2         |      icmp|   0|  0|   17|          26|           1|
    |icmp_ln85_24_fu_5484_p2         |      icmp|   0|  0|   17|          26|           1|
    |icmp_ln85_25_fu_5534_p2         |      icmp|   0|  0|   17|          26|           1|
    |icmp_ln85_26_fu_5584_p2         |      icmp|   0|  0|   17|          26|           1|
    |icmp_ln85_27_fu_5634_p2         |      icmp|   0|  0|   17|          26|           1|
    |icmp_ln85_28_fu_5684_p2         |      icmp|   0|  0|   17|          26|           1|
    |icmp_ln85_29_fu_5734_p2         |      icmp|   0|  0|   17|          26|           1|
    |icmp_ln85_2_fu_4384_p2          |      icmp|   0|  0|   17|          26|           1|
    |icmp_ln85_30_fu_5784_p2         |      icmp|   0|  0|   17|          26|           1|
    |icmp_ln85_31_fu_5834_p2         |      icmp|   0|  0|   17|          26|           1|
    |icmp_ln85_3_fu_4434_p2          |      icmp|   0|  0|   17|          26|           1|
    |icmp_ln85_4_fu_4484_p2          |      icmp|   0|  0|   17|          26|           1|
    |icmp_ln85_5_fu_4534_p2          |      icmp|   0|  0|   17|          26|           1|
    |icmp_ln85_6_fu_4584_p2          |      icmp|   0|  0|   17|          26|           1|
    |icmp_ln85_7_fu_4634_p2          |      icmp|   0|  0|   17|          26|           1|
    |icmp_ln85_8_fu_4684_p2          |      icmp|   0|  0|   17|          26|           1|
    |icmp_ln85_9_fu_4734_p2          |      icmp|   0|  0|   17|          26|           1|
    |icmp_ln85_fu_4284_p2            |      icmp|   0|  0|   17|          26|           1|
    |icmp_ln86_10_fu_4798_p2         |      icmp|   0|  0|   20|          33|           9|
    |icmp_ln86_11_fu_4848_p2         |      icmp|   0|  0|   20|          33|           9|
    |icmp_ln86_12_fu_4898_p2         |      icmp|   0|  0|   20|          33|           9|
    |icmp_ln86_13_fu_4948_p2         |      icmp|   0|  0|   20|          33|           9|
    |icmp_ln86_14_fu_4998_p2         |      icmp|   0|  0|   20|          33|           9|
    |icmp_ln86_15_fu_5048_p2         |      icmp|   0|  0|   20|          33|           9|
    |icmp_ln86_16_fu_5098_p2         |      icmp|   0|  0|   20|          33|           9|
    |icmp_ln86_17_fu_5148_p2         |      icmp|   0|  0|   20|          33|           9|
    |icmp_ln86_18_fu_5198_p2         |      icmp|   0|  0|   20|          33|           9|
    |icmp_ln86_19_fu_5248_p2         |      icmp|   0|  0|   20|          33|           9|
    |icmp_ln86_1_fu_4348_p2          |      icmp|   0|  0|   20|          33|           9|
    |icmp_ln86_20_fu_5298_p2         |      icmp|   0|  0|   20|          33|           9|
    |icmp_ln86_21_fu_5348_p2         |      icmp|   0|  0|   20|          33|           9|
    |icmp_ln86_22_fu_5398_p2         |      icmp|   0|  0|   20|          33|           9|
    |icmp_ln86_23_fu_5448_p2         |      icmp|   0|  0|   20|          33|           9|
    |icmp_ln86_24_fu_5498_p2         |      icmp|   0|  0|   20|          33|           9|
    |icmp_ln86_25_fu_5548_p2         |      icmp|   0|  0|   20|          33|           9|
    |icmp_ln86_26_fu_5598_p2         |      icmp|   0|  0|   20|          33|           9|
    |icmp_ln86_27_fu_5648_p2         |      icmp|   0|  0|   20|          33|           9|
    |icmp_ln86_28_fu_5698_p2         |      icmp|   0|  0|   20|          33|           9|
    |icmp_ln86_29_fu_5748_p2         |      icmp|   0|  0|   20|          33|           9|
    |icmp_ln86_2_fu_4398_p2          |      icmp|   0|  0|   20|          33|           9|
    |icmp_ln86_30_fu_5798_p2         |      icmp|   0|  0|   20|          33|           9|
    |icmp_ln86_31_fu_5848_p2         |      icmp|   0|  0|   20|          33|           9|
    |icmp_ln86_3_fu_4448_p2          |      icmp|   0|  0|   20|          33|           9|
    |icmp_ln86_4_fu_4498_p2          |      icmp|   0|  0|   20|          33|           9|
    |icmp_ln86_5_fu_4548_p2          |      icmp|   0|  0|   20|          33|           9|
    |icmp_ln86_6_fu_4598_p2          |      icmp|   0|  0|   20|          33|           9|
    |icmp_ln86_7_fu_4648_p2          |      icmp|   0|  0|   20|          33|           9|
    |icmp_ln86_8_fu_4698_p2          |      icmp|   0|  0|   20|          33|           9|
    |icmp_ln86_9_fu_4748_p2          |      icmp|   0|  0|   20|          33|           9|
    |icmp_ln86_fu_4298_p2            |      icmp|   0|  0|   20|          33|           9|
    |ap_block_state1                 |        or|   0|  0|    2|           1|           1|
    |left_shift_1_fu_863_p3          |    select|   0|  0|   32|           1|           1|
    |left_shift_fu_747_p3            |    select|   0|  0|   32|           1|           1|
    |right_shift_1_fu_852_p3         |    select|   0|  0|   31|           1|          31|
    |right_shift_fu_729_p3           |    select|   0|  0|   31|           1|          31|
    |select_ln216_10_fu_2285_p3      |    select|   0|  0|    9|           1|           9|
    |select_ln216_11_fu_2335_p3      |    select|   0|  0|    9|           1|           9|
    |select_ln216_12_fu_2385_p3      |    select|   0|  0|    9|           1|           9|
    |select_ln216_13_fu_2435_p3      |    select|   0|  0|    9|           1|           9|
    |select_ln216_14_fu_2485_p3      |    select|   0|  0|    9|           1|           9|
    |select_ln216_15_fu_2535_p3      |    select|   0|  0|    9|           1|           9|
    |select_ln216_16_fu_2585_p3      |    select|   0|  0|    9|           1|           9|
    |select_ln216_17_fu_2635_p3      |    select|   0|  0|    9|           1|           9|
    |select_ln216_18_fu_2685_p3      |    select|   0|  0|    9|           1|           9|
    |select_ln216_19_fu_2735_p3      |    select|   0|  0|    9|           1|           9|
    |select_ln216_1_fu_1835_p3       |    select|   0|  0|    9|           1|           9|
    |select_ln216_20_fu_2785_p3      |    select|   0|  0|    9|           1|           9|
    |select_ln216_21_fu_2835_p3      |    select|   0|  0|    9|           1|           9|
    |select_ln216_22_fu_2885_p3      |    select|   0|  0|    9|           1|           9|
    |select_ln216_23_fu_2935_p3      |    select|   0|  0|    9|           1|           9|
    |select_ln216_24_fu_2985_p3      |    select|   0|  0|    9|           1|           9|
    |select_ln216_25_fu_3035_p3      |    select|   0|  0|    9|           1|           9|
    |select_ln216_26_fu_3085_p3      |    select|   0|  0|    9|           1|           9|
    |select_ln216_27_fu_3135_p3      |    select|   0|  0|    9|           1|           9|
    |select_ln216_28_fu_3185_p3      |    select|   0|  0|    9|           1|           9|
    |select_ln216_29_fu_3235_p3      |    select|   0|  0|    9|           1|           9|
    |select_ln216_2_fu_1885_p3       |    select|   0|  0|    9|           1|           9|
    |select_ln216_30_fu_3285_p3      |    select|   0|  0|    9|           1|           9|
    |select_ln216_31_fu_3335_p3      |    select|   0|  0|    9|           1|           9|
    |select_ln216_32_fu_4308_p3      |    select|   0|  0|    9|           1|           9|
    |select_ln216_33_fu_4358_p3      |    select|   0|  0|    9|           1|           9|
    |select_ln216_34_fu_4408_p3      |    select|   0|  0|    9|           1|           9|
    |select_ln216_35_fu_4458_p3      |    select|   0|  0|    9|           1|           9|
    |select_ln216_36_fu_4508_p3      |    select|   0|  0|    9|           1|           9|
    |select_ln216_37_fu_4558_p3      |    select|   0|  0|    9|           1|           9|
    |select_ln216_38_fu_4608_p3      |    select|   0|  0|    9|           1|           9|
    |select_ln216_39_fu_4658_p3      |    select|   0|  0|    9|           1|           9|
    |select_ln216_3_fu_1935_p3       |    select|   0|  0|    9|           1|           9|
    |select_ln216_40_fu_4708_p3      |    select|   0|  0|    9|           1|           9|
    |select_ln216_41_fu_4758_p3      |    select|   0|  0|    9|           1|           9|
    |select_ln216_42_fu_4808_p3      |    select|   0|  0|    9|           1|           9|
    |select_ln216_43_fu_4858_p3      |    select|   0|  0|    9|           1|           9|
    |select_ln216_44_fu_4908_p3      |    select|   0|  0|    9|           1|           9|
    |select_ln216_45_fu_4958_p3      |    select|   0|  0|    9|           1|           9|
    |select_ln216_46_fu_5008_p3      |    select|   0|  0|    9|           1|           9|
    |select_ln216_47_fu_5058_p3      |    select|   0|  0|    9|           1|           9|
    |select_ln216_48_fu_5108_p3      |    select|   0|  0|    9|           1|           9|
    |select_ln216_49_fu_5158_p3      |    select|   0|  0|    9|           1|           9|
    |select_ln216_4_fu_1985_p3       |    select|   0|  0|    9|           1|           9|
    |select_ln216_50_fu_5208_p3      |    select|   0|  0|    9|           1|           9|
    |select_ln216_51_fu_5258_p3      |    select|   0|  0|    9|           1|           9|
    |select_ln216_52_fu_5308_p3      |    select|   0|  0|    9|           1|           9|
    |select_ln216_53_fu_5358_p3      |    select|   0|  0|    9|           1|           9|
    |select_ln216_54_fu_5408_p3      |    select|   0|  0|    9|           1|           9|
    |select_ln216_55_fu_5458_p3      |    select|   0|  0|    9|           1|           9|
    |select_ln216_56_fu_5508_p3      |    select|   0|  0|    9|           1|           9|
    |select_ln216_57_fu_5558_p3      |    select|   0|  0|    9|           1|           9|
    |select_ln216_58_fu_5608_p3      |    select|   0|  0|    9|           1|           9|
    |select_ln216_59_fu_5658_p3      |    select|   0|  0|    9|           1|           9|
    |select_ln216_5_fu_2035_p3       |    select|   0|  0|    9|           1|           9|
    |select_ln216_60_fu_5708_p3      |    select|   0|  0|    9|           1|           9|
    |select_ln216_61_fu_5758_p3      |    select|   0|  0|    9|           1|           9|
    |select_ln216_62_fu_5808_p3      |    select|   0|  0|    9|           1|           9|
    |select_ln216_63_fu_5858_p3      |    select|   0|  0|    9|           1|           9|
    |select_ln216_6_fu_2085_p3       |    select|   0|  0|    9|           1|           9|
    |select_ln216_7_fu_2135_p3       |    select|   0|  0|    9|           1|           9|
    |select_ln216_8_fu_2185_p3       |    select|   0|  0|    9|           1|           9|
    |select_ln216_9_fu_2235_p3       |    select|   0|  0|    9|           1|           9|
    |select_ln216_fu_1785_p3         |    select|   0|  0|    9|           1|           9|
    |temp_100_fu_2417_p3             |    select|   0|  0|   32|           1|           7|
    |temp_102_fu_1291_p0             |    select|   0|  0|   64|           1|          64|
    |temp_105_fu_2467_p3             |    select|   0|  0|   32|           1|           7|
    |temp_107_fu_1317_p0             |    select|   0|  0|   64|           1|          64|
    |temp_110_fu_2517_p3             |    select|   0|  0|   32|           1|           7|
    |temp_112_fu_1343_p0             |    select|   0|  0|   64|           1|          64|
    |temp_115_fu_2567_p3             |    select|   0|  0|   32|           1|           7|
    |temp_117_fu_1369_p0             |    select|   0|  0|   64|           1|          64|
    |temp_11_fu_1817_p3              |    select|   0|  0|   32|           1|           7|
    |temp_120_fu_2617_p3             |    select|   0|  0|   32|           1|           7|
    |temp_122_fu_1395_p0             |    select|   0|  0|   64|           1|          64|
    |temp_125_fu_2667_p3             |    select|   0|  0|   32|           1|           7|
    |temp_127_fu_1421_p0             |    select|   0|  0|   64|           1|          64|
    |temp_130_fu_2717_p3             |    select|   0|  0|   32|           1|           7|
    |temp_132_fu_1447_p0             |    select|   0|  0|   64|           1|          64|
    |temp_135_fu_2767_p3             |    select|   0|  0|   32|           1|           7|
    |temp_137_fu_1473_p0             |    select|   0|  0|   64|           1|          64|
    |temp_140_fu_2817_p3             |    select|   0|  0|   32|           1|           7|
    |temp_142_fu_1499_p0             |    select|   0|  0|   64|           1|          64|
    |temp_145_fu_2867_p3             |    select|   0|  0|   32|           1|           7|
    |temp_147_fu_1525_p0             |    select|   0|  0|   64|           1|          64|
    |temp_150_fu_2917_p3             |    select|   0|  0|   32|           1|           7|
    |temp_152_fu_1551_p0             |    select|   0|  0|   64|           1|          64|
    |temp_155_fu_2967_p3             |    select|   0|  0|   32|           1|           7|
    |temp_157_fu_1577_p0             |    select|   0|  0|   64|           1|          64|
    |temp_160_fu_3017_p3             |    select|   0|  0|   32|           1|           7|
    |temp_162_fu_1603_p0             |    select|   0|  0|   64|           1|          64|
    |temp_165_fu_3067_p3             |    select|   0|  0|   32|           1|           7|
    |temp_167_fu_1629_p0             |    select|   0|  0|   64|           1|          64|
    |temp_180_fu_3117_p3             |    select|   0|  0|   32|           1|           7|
    |temp_193_fu_1655_p0             |    select|   0|  0|   64|           1|          64|
    |temp_196_fu_3167_p3             |    select|   0|  0|   32|           1|           7|
    |temp_198_fu_1681_p0             |    select|   0|  0|   64|           1|          64|
    |temp_202_fu_3217_p3             |    select|   0|  0|   32|           1|           7|
    |temp_205_fu_1707_p0             |    select|   0|  0|   64|           1|          64|
    |temp_209_fu_3267_p3             |    select|   0|  0|   32|           1|           7|
    |temp_211_fu_1733_p0             |    select|   0|  0|   64|           1|          64|
    |temp_215_fu_3317_p3             |    select|   0|  0|   32|           1|           7|
    |temp_225_fu_3450_p0             |    select|   0|  0|   64|           1|          64|
    |temp_228_fu_4290_p3             |    select|   0|  0|   32|           1|           7|
    |temp_231_fu_3476_p0             |    select|   0|  0|   64|           1|          64|
    |temp_234_fu_4340_p3             |    select|   0|  0|   32|           1|           7|
    |temp_237_fu_3502_p0             |    select|   0|  0|   64|           1|          64|
    |temp_240_fu_4390_p3             |    select|   0|  0|   32|           1|           7|
    |temp_243_fu_3528_p0             |    select|   0|  0|   64|           1|          64|
    |temp_246_fu_4440_p3             |    select|   0|  0|   32|           1|           7|
    |temp_249_fu_3554_p0             |    select|   0|  0|   64|           1|          64|
    |temp_252_fu_4490_p3             |    select|   0|  0|   32|           1|           7|
    |temp_255_fu_3580_p0             |    select|   0|  0|   64|           1|          64|
    |temp_258_fu_4540_p3             |    select|   0|  0|   32|           1|           7|
    |temp_261_fu_3606_p0             |    select|   0|  0|   64|           1|          64|
    |temp_264_fu_4590_p3             |    select|   0|  0|   32|           1|           7|
    |temp_267_fu_3632_p0             |    select|   0|  0|   64|           1|          64|
    |temp_270_fu_4640_p3             |    select|   0|  0|   32|           1|           7|
    |temp_273_fu_3658_p0             |    select|   0|  0|   64|           1|          64|
    |temp_276_fu_4690_p3             |    select|   0|  0|   32|           1|           7|
    |temp_279_fu_3684_p0             |    select|   0|  0|   64|           1|          64|
    |temp_282_fu_4740_p3             |    select|   0|  0|   32|           1|           7|
    |temp_285_fu_3710_p0             |    select|   0|  0|   64|           1|          64|
    |temp_288_fu_4790_p3             |    select|   0|  0|   32|           1|           7|
    |temp_291_fu_3736_p0             |    select|   0|  0|   64|           1|          64|
    |temp_294_fu_4840_p3             |    select|   0|  0|   32|           1|           7|
    |temp_297_fu_3762_p0             |    select|   0|  0|   64|           1|          64|
    |temp_2_fu_927_p0                |    select|   0|  0|   64|           1|          64|
    |temp_300_fu_4890_p3             |    select|   0|  0|   32|           1|           7|
    |temp_303_fu_3788_p0             |    select|   0|  0|   64|           1|          64|
    |temp_306_fu_4940_p3             |    select|   0|  0|   32|           1|           7|
    |temp_309_fu_3814_p0             |    select|   0|  0|   64|           1|          64|
    |temp_312_fu_4990_p3             |    select|   0|  0|   32|           1|           7|
    |temp_315_fu_3840_p0             |    select|   0|  0|   64|           1|          64|
    |temp_318_fu_5040_p3             |    select|   0|  0|   32|           1|           7|
    |temp_321_fu_3866_p0             |    select|   0|  0|   64|           1|          64|
    |temp_324_fu_5090_p3             |    select|   0|  0|   32|           1|           7|
    |temp_327_fu_3892_p0             |    select|   0|  0|   64|           1|          64|
    |temp_330_fu_5140_p3             |    select|   0|  0|   32|           1|           7|
    |temp_333_fu_3918_p0             |    select|   0|  0|   64|           1|          64|
    |temp_336_fu_5190_p3             |    select|   0|  0|   32|           1|           7|
    |temp_339_fu_3944_p0             |    select|   0|  0|   64|           1|          64|
    |temp_342_fu_5240_p3             |    select|   0|  0|   32|           1|           7|
    |temp_345_fu_3970_p0             |    select|   0|  0|   64|           1|          64|
    |temp_348_fu_5290_p3             |    select|   0|  0|   32|           1|           7|
    |temp_351_fu_3996_p0             |    select|   0|  0|   64|           1|          64|
    |temp_354_fu_5340_p3             |    select|   0|  0|   32|           1|           7|
    |temp_357_fu_4022_p0             |    select|   0|  0|   64|           1|          64|
    |temp_360_fu_5390_p3             |    select|   0|  0|   32|           1|           7|
    |temp_363_fu_4048_p0             |    select|   0|  0|   64|           1|          64|
    |temp_366_fu_5440_p3             |    select|   0|  0|   32|           1|           7|
    |temp_369_fu_4074_p0             |    select|   0|  0|   64|           1|          64|
    |temp_372_fu_5490_p3             |    select|   0|  0|   32|           1|           7|
    |temp_375_fu_4100_p0             |    select|   0|  0|   64|           1|          64|
    |temp_378_fu_5540_p3             |    select|   0|  0|   32|           1|           7|
    |temp_381_fu_4126_p0             |    select|   0|  0|   64|           1|          64|
    |temp_384_fu_5590_p3             |    select|   0|  0|   32|           1|           7|
    |temp_387_fu_4152_p0             |    select|   0|  0|   64|           1|          64|
    |temp_390_fu_5640_p3             |    select|   0|  0|   32|           1|           7|
    |temp_393_fu_4178_p0             |    select|   0|  0|   64|           1|          64|
    |temp_396_fu_5690_p3             |    select|   0|  0|   32|           1|           7|
    |temp_399_fu_4204_p0             |    select|   0|  0|   64|           1|          64|
    |temp_402_fu_5740_p3             |    select|   0|  0|   32|           1|           7|
    |temp_406_fu_4230_p0             |    select|   0|  0|   64|           1|          64|
    |temp_409_fu_5790_p3             |    select|   0|  0|   32|           1|           7|
    |temp_412_fu_4256_p0             |    select|   0|  0|   64|           1|          64|
    |temp_415_fu_5840_p3             |    select|   0|  0|   32|           1|           7|
    |temp_42_fu_979_p0               |    select|   0|  0|   64|           1|          64|
    |temp_45_fu_1867_p3              |    select|   0|  0|   32|           1|           7|
    |temp_47_fu_1005_p0              |    select|   0|  0|   64|           1|          64|
    |temp_50_fu_1917_p3              |    select|   0|  0|   32|           1|           7|
    |temp_52_fu_1031_p0              |    select|   0|  0|   64|           1|          64|
    |temp_55_fu_1967_p3              |    select|   0|  0|   32|           1|           7|
    |temp_57_fu_1057_p0              |    select|   0|  0|   64|           1|          64|
    |temp_5_fu_1767_p3               |    select|   0|  0|   32|           1|           7|
    |temp_60_fu_2017_p3              |    select|   0|  0|   32|           1|           7|
    |temp_62_fu_1083_p0              |    select|   0|  0|   64|           1|          64|
    |temp_65_fu_2067_p3              |    select|   0|  0|   32|           1|           7|
    |temp_67_fu_1109_p0              |    select|   0|  0|   64|           1|          64|
    |temp_70_fu_2117_p3              |    select|   0|  0|   32|           1|           7|
    |temp_72_fu_1135_p0              |    select|   0|  0|   64|           1|          64|
    |temp_75_fu_2167_p3              |    select|   0|  0|   32|           1|           7|
    |temp_77_fu_1161_p0              |    select|   0|  0|   64|           1|          64|
    |temp_80_fu_2217_p3              |    select|   0|  0|   32|           1|           7|
    |temp_82_fu_1187_p0              |    select|   0|  0|   64|           1|          64|
    |temp_85_fu_2267_p3              |    select|   0|  0|   32|           1|           7|
    |temp_87_fu_1213_p0              |    select|   0|  0|   64|           1|          64|
    |temp_8_fu_953_p0                |    select|   0|  0|   64|           1|          64|
    |temp_90_fu_2317_p3              |    select|   0|  0|   32|           1|           7|
    |temp_92_fu_1239_p0              |    select|   0|  0|   64|           1|          64|
    |temp_95_fu_2367_p3              |    select|   0|  0|   32|           1|           7|
    |temp_97_fu_1265_p0              |    select|   0|  0|   64|           1|          64|
    |pos_rounding_value_2_fu_797_p2  |       shl|   0|  0|   96|           1|          32|
    |pos_rounding_value_3_fu_893_p2  |       shl|   0|  0|   96|           1|          32|
    |shl_ln50_10_fu_1175_p2          |       shl|   0|  0|  179|          64|          64|
    |shl_ln50_11_fu_1201_p2          |       shl|   0|  0|  179|          64|          64|
    |shl_ln50_12_fu_1227_p2          |       shl|   0|  0|  179|          64|          64|
    |shl_ln50_13_fu_1253_p2          |       shl|   0|  0|  179|          64|          64|
    |shl_ln50_14_fu_1279_p2          |       shl|   0|  0|  179|          64|          64|
    |shl_ln50_15_fu_1305_p2          |       shl|   0|  0|  179|          64|          64|
    |shl_ln50_16_fu_1331_p2          |       shl|   0|  0|  179|          64|          64|
    |shl_ln50_17_fu_1357_p2          |       shl|   0|  0|  179|          64|          64|
    |shl_ln50_18_fu_1383_p2          |       shl|   0|  0|  179|          64|          64|
    |shl_ln50_19_fu_1409_p2          |       shl|   0|  0|  179|          64|          64|
    |shl_ln50_1_fu_941_p2            |       shl|   0|  0|  179|          64|          64|
    |shl_ln50_20_fu_1435_p2          |       shl|   0|  0|  179|          64|          64|
    |shl_ln50_21_fu_1461_p2          |       shl|   0|  0|  179|          64|          64|
    |shl_ln50_22_fu_1487_p2          |       shl|   0|  0|  179|          64|          64|
    |shl_ln50_23_fu_1513_p2          |       shl|   0|  0|  179|          64|          64|
    |shl_ln50_24_fu_1539_p2          |       shl|   0|  0|  179|          64|          64|
    |shl_ln50_25_fu_1565_p2          |       shl|   0|  0|  179|          64|          64|
    |shl_ln50_26_fu_1591_p2          |       shl|   0|  0|  179|          64|          64|
    |shl_ln50_27_fu_1617_p2          |       shl|   0|  0|  179|          64|          64|
    |shl_ln50_28_fu_1643_p2          |       shl|   0|  0|  179|          64|          64|
    |shl_ln50_29_fu_1669_p2          |       shl|   0|  0|  179|          64|          64|
    |shl_ln50_2_fu_967_p2            |       shl|   0|  0|  179|          64|          64|
    |shl_ln50_30_fu_1695_p2          |       shl|   0|  0|  179|          64|          64|
    |shl_ln50_31_fu_1721_p2          |       shl|   0|  0|  179|          64|          64|
    |shl_ln50_3_fu_993_p2            |       shl|   0|  0|  179|          64|          64|
    |shl_ln50_4_fu_1019_p2           |       shl|   0|  0|  179|          64|          64|
    |shl_ln50_5_fu_1045_p2           |       shl|   0|  0|  179|          64|          64|
    |shl_ln50_6_fu_1071_p2           |       shl|   0|  0|  179|          64|          64|
    |shl_ln50_7_fu_1097_p2           |       shl|   0|  0|  179|          64|          64|
    |shl_ln50_8_fu_1123_p2           |       shl|   0|  0|  179|          64|          64|
    |shl_ln50_9_fu_1149_p2           |       shl|   0|  0|  179|          64|          64|
    |shl_ln50_fu_915_p2              |       shl|   0|  0|  179|          64|          64|
    |temp_223_fu_3438_p2             |       shl|   0|  0|  179|          64|          64|
    |temp_229_fu_3464_p2             |       shl|   0|  0|  179|          64|          64|
    |temp_235_fu_3490_p2             |       shl|   0|  0|  179|          64|          64|
    |temp_241_fu_3516_p2             |       shl|   0|  0|  179|          64|          64|
    |temp_247_fu_3542_p2             |       shl|   0|  0|  179|          64|          64|
    |temp_253_fu_3568_p2             |       shl|   0|  0|  179|          64|          64|
    |temp_259_fu_3594_p2             |       shl|   0|  0|  179|          64|          64|
    |temp_265_fu_3620_p2             |       shl|   0|  0|  179|          64|          64|
    |temp_271_fu_3646_p2             |       shl|   0|  0|  179|          64|          64|
    |temp_277_fu_3672_p2             |       shl|   0|  0|  179|          64|          64|
    |temp_283_fu_3698_p2             |       shl|   0|  0|  179|          64|          64|
    |temp_289_fu_3724_p2             |       shl|   0|  0|  179|          64|          64|
    |temp_295_fu_3750_p2             |       shl|   0|  0|  179|          64|          64|
    |temp_301_fu_3776_p2             |       shl|   0|  0|  179|          64|          64|
    |temp_307_fu_3802_p2             |       shl|   0|  0|  179|          64|          64|
    |temp_313_fu_3828_p2             |       shl|   0|  0|  179|          64|          64|
    |temp_319_fu_3854_p2             |       shl|   0|  0|  179|          64|          64|
    |temp_325_fu_3880_p2             |       shl|   0|  0|  179|          64|          64|
    |temp_331_fu_3906_p2             |       shl|   0|  0|  179|          64|          64|
    |temp_337_fu_3932_p2             |       shl|   0|  0|  179|          64|          64|
    |temp_343_fu_3958_p2             |       shl|   0|  0|  179|          64|          64|
    |temp_349_fu_3984_p2             |       shl|   0|  0|  179|          64|          64|
    |temp_355_fu_4010_p2             |       shl|   0|  0|  179|          64|          64|
    |temp_361_fu_4036_p2             |       shl|   0|  0|  179|          64|          64|
    |temp_367_fu_4062_p2             |       shl|   0|  0|  179|          64|          64|
    |temp_373_fu_4088_p2             |       shl|   0|  0|  179|          64|          64|
    |temp_379_fu_4114_p2             |       shl|   0|  0|  179|          64|          64|
    |temp_385_fu_4140_p2             |       shl|   0|  0|  179|          64|          64|
    |temp_391_fu_4166_p2             |       shl|   0|  0|  179|          64|          64|
    |temp_397_fu_4192_p2             |       shl|   0|  0|  179|          64|          64|
    |temp_404_fu_4218_p2             |       shl|   0|  0|  179|          64|          64|
    |temp_410_fu_4244_p2             |       shl|   0|  0|  179|          64|          64|
    +--------------------------------+----------+----+---+-----+------------+------------+
    |Total                           |          |   0|  0|37284|       16631|       18323|
    +--------------------------------+----------+----+---+-----+------------+------------+

    * Multiplexer: 
    +---------------------+----+-----------+-----+-----------+
    |         Name        | LUT| Input Size| Bits| Total Bits|
    +---------------------+----+-----------+-----+-----------+
    |COLS_blk_n           |   9|          2|    1|          2|
    |COLS_c_blk_n         |   9|          2|    1|          2|
    |ROWS_blk_n           |   9|          2|    1|          2|
    |ROWS_c_blk_n         |   9|          2|    1|          2|
    |ap_NS_fsm            |  43|          8|    1|          8|
    |ap_done              |   9|          2|    1|          2|
    |i_1_fu_212           |   9|          2|   27|         54|
    |i_fu_208             |   9|          2|   27|         54|
    |input_stream_blk_n   |   9|          2|    1|          2|
    |mul1_blk_n           |   9|          2|    1|          2|
    |mul2_blk_n           |   9|          2|    1|          2|
    |output_stream_blk_n  |   9|          2|    1|          2|
    |output_stream_din    |  14|          3|  256|        768|
    |shift1_blk_n         |   9|          2|    1|          2|
    |shift2_blk_n         |   9|          2|    1|          2|
    +---------------------+----+-----------+-----+-----------+
    |Total                | 174|         37|  322|        906|
    +---------------------+----+-----------+-----+-----------+

    * Register: 
    +-------------------------------+----+----+-----+-----------+
    |              Name             | FF | LUT| Bits| Const Bits|
    +-------------------------------+----+----+-----+-----------+
    |ap_CS_fsm                      |   7|   0|    7|          0|
    |ap_done_reg                    |   1|   0|    1|          0|
    |cmp15_reg_5964                 |   1|   0|    1|          0|
    |cmp67_reg_6195                 |   1|   0|    1|          0|
    |conv16_reg_6036                |  64|   0|   64|          0|
    |conv72_reg_6159                |  64|   0|   64|          0|
    |div_cast_reg_5958              |  27|   0|   27|          0|
    |empty_reg_5953                 |  31|   0|   31|          0|
    |i_1_fu_212                     |  27|   0|   27|          0|
    |i_fu_208                       |  27|   0|   27|          0|
    |mul2_read_reg_5948             |  32|   0|   32|          0|
    |pos_rounding_value_1_reg_6267  |  64|   0|   64|          0|
    |pos_rounding_value_reg_6072    |  64|   0|   64|          0|
    |reg_591                        |   8|   0|    8|          0|
    |reg_595                        |   8|   0|    8|          0|
    |reg_599                        |   8|   0|    8|          0|
    |reg_603                        |   8|   0|    8|          0|
    |reg_607                        |   8|   0|    8|          0|
    |reg_611                        |   8|   0|    8|          0|
    |reg_615                        |   8|   0|    8|          0|
    |reg_619                        |   8|   0|    8|          0|
    |reg_623                        |   8|   0|    8|          0|
    |reg_627                        |   8|   0|    8|          0|
    |reg_631                        |   8|   0|    8|          0|
    |reg_635                        |   8|   0|    8|          0|
    |reg_639                        |   8|   0|    8|          0|
    |reg_643                        |   8|   0|    8|          0|
    |reg_647                        |   8|   0|    8|          0|
    |reg_651                        |   8|   0|    8|          0|
    |reg_655                        |   8|   0|    8|          0|
    |reg_659                        |   8|   0|    8|          0|
    |reg_663                        |   8|   0|    8|          0|
    |reg_667                        |   8|   0|    8|          0|
    |reg_671                        |   8|   0|    8|          0|
    |reg_675                        |   8|   0|    8|          0|
    |reg_679                        |   8|   0|    8|          0|
    |reg_683                        |   8|   0|    8|          0|
    |reg_687                        |   8|   0|    8|          0|
    |reg_691                        |   8|   0|    8|          0|
    |reg_695                        |   8|   0|    8|          0|
    |reg_699                        |   8|   0|    8|          0|
    |reg_703                        |   8|   0|    8|          0|
    |reg_707                        |   8|   0|    8|          0|
    |reg_711                        |   8|   0|    8|          0|
    |sh_prom22_reg_6108             |  32|   0|   64|         32|
    |sh_prom69_reg_6231             |  32|   0|   64|         32|
    |sh_prom81_reg_6303             |  32|   0|   64|         32|
    |sh_prom_reg_6000               |  32|   0|   64|         32|
    |shift2_read_reg_5942           |  32|   0|   32|          0|
    |temp_103_reg_6409              |  64|   0|   64|          0|
    |temp_108_reg_6414              |  64|   0|   64|          0|
    |temp_113_reg_6419              |  64|   0|   64|          0|
    |temp_118_reg_6424              |  64|   0|   64|          0|
    |temp_123_reg_6429              |  64|   0|   64|          0|
    |temp_128_reg_6434              |  64|   0|   64|          0|
    |temp_133_reg_6439              |  64|   0|   64|          0|
    |temp_138_reg_6444              |  64|   0|   64|          0|
    |temp_143_reg_6449              |  64|   0|   64|          0|
    |temp_148_reg_6454              |  64|   0|   64|          0|
    |temp_153_reg_6459              |  64|   0|   64|          0|
    |temp_158_reg_6464              |  64|   0|   64|          0|
    |temp_163_reg_6469              |  64|   0|   64|          0|
    |temp_168_reg_6474              |  64|   0|   64|          0|
    |temp_194_reg_6479              |  64|   0|   64|          0|
    |temp_200_reg_6484              |  64|   0|   64|          0|
    |temp_207_reg_6489              |  64|   0|   64|          0|
    |temp_212_reg_6494              |  64|   0|   64|          0|
    |temp_222_reg_6502              |   8|   0|    8|          0|
    |temp_226_reg_6507              |  64|   0|   64|          0|
    |temp_232_reg_6512              |  64|   0|   64|          0|
    |temp_238_reg_6517              |  64|   0|   64|          0|
    |temp_244_reg_6522              |  64|   0|   64|          0|
    |temp_250_reg_6527              |  64|   0|   64|          0|
    |temp_256_reg_6532              |  64|   0|   64|          0|
    |temp_262_reg_6537              |  64|   0|   64|          0|
    |temp_268_reg_6542              |  64|   0|   64|          0|
    |temp_274_reg_6547              |  64|   0|   64|          0|
    |temp_280_reg_6552              |  64|   0|   64|          0|
    |temp_286_reg_6557              |  64|   0|   64|          0|
    |temp_292_reg_6562              |  64|   0|   64|          0|
    |temp_298_reg_6567              |  64|   0|   64|          0|
    |temp_304_reg_6572              |  64|   0|   64|          0|
    |temp_310_reg_6577              |  64|   0|   64|          0|
    |temp_316_reg_6582              |  64|   0|   64|          0|
    |temp_322_reg_6587              |  64|   0|   64|          0|
    |temp_328_reg_6592              |  64|   0|   64|          0|
    |temp_334_reg_6597              |  64|   0|   64|          0|
    |temp_340_reg_6602              |  64|   0|   64|          0|
    |temp_346_reg_6607              |  64|   0|   64|          0|
    |temp_352_reg_6612              |  64|   0|   64|          0|
    |temp_358_reg_6617              |  64|   0|   64|          0|
    |temp_364_reg_6622              |  64|   0|   64|          0|
    |temp_370_reg_6627              |  64|   0|   64|          0|
    |temp_376_reg_6632              |  64|   0|   64|          0|
    |temp_382_reg_6637              |  64|   0|   64|          0|
    |temp_388_reg_6642              |  64|   0|   64|          0|
    |temp_394_reg_6647              |  64|   0|   64|          0|
    |temp_3_reg_6339                |  64|   0|   64|          0|
    |temp_400_reg_6652              |  64|   0|   64|          0|
    |temp_407_reg_6657              |  64|   0|   64|          0|
    |temp_413_reg_6662              |  64|   0|   64|          0|
    |temp_43_reg_6349               |  64|   0|   64|          0|
    |temp_48_reg_6354               |  64|   0|   64|          0|
    |temp_53_reg_6359               |  64|   0|   64|          0|
    |temp_58_reg_6364               |  64|   0|   64|          0|
    |temp_63_reg_6369               |  64|   0|   64|          0|
    |temp_68_reg_6374               |  64|   0|   64|          0|
    |temp_73_reg_6379               |  64|   0|   64|          0|
    |temp_78_reg_6384               |  64|   0|   64|          0|
    |temp_83_reg_6389               |  64|   0|   64|          0|
    |temp_88_reg_6394               |  64|   0|   64|          0|
    |temp_93_reg_6399               |  64|   0|   64|          0|
    |temp_98_reg_6404               |  64|   0|   64|          0|
    |temp_9_reg_6344                |  64|   0|   64|          0|
    |temp_reg_6147                  |   8|   0|    8|          0|
    +-------------------------------+----+----+-----+-----------+
    |Total                          |4930|   0| 5058|        128|
    +-------------------------------+----+----+-----+-----------+



================================================================
== Interface
================================================================
* Summary: 
+------------------------------+-----+-----+------------+--------------------------------------------------+--------------+
|           RTL Ports          | Dir | Bits|  Protocol  |                   Source Object                  |    C Type    |
+------------------------------+-----+-----+------------+--------------------------------------------------+--------------+
|ap_clk                        |   in|    1|  ap_ctrl_hs|  requant<ap_uint<256>, ap_int<8>, ap_int<8>, 32u>|  return value|
|ap_rst                        |   in|    1|  ap_ctrl_hs|  requant<ap_uint<256>, ap_int<8>, ap_int<8>, 32u>|  return value|
|ap_start                      |   in|    1|  ap_ctrl_hs|  requant<ap_uint<256>, ap_int<8>, ap_int<8>, 32u>|  return value|
|ap_done                       |  out|    1|  ap_ctrl_hs|  requant<ap_uint<256>, ap_int<8>, ap_int<8>, 32u>|  return value|
|ap_continue                   |   in|    1|  ap_ctrl_hs|  requant<ap_uint<256>, ap_int<8>, ap_int<8>, 32u>|  return value|
|ap_idle                       |  out|    1|  ap_ctrl_hs|  requant<ap_uint<256>, ap_int<8>, ap_int<8>, 32u>|  return value|
|ap_ready                      |  out|    1|  ap_ctrl_hs|  requant<ap_uint<256>, ap_int<8>, ap_int<8>, 32u>|  return value|
|input_stream_dout             |   in|  256|     ap_fifo|                                      input_stream|       pointer|
|input_stream_num_data_valid   |   in|    7|     ap_fifo|                                      input_stream|       pointer|
|input_stream_fifo_cap         |   in|    7|     ap_fifo|                                      input_stream|       pointer|
|input_stream_empty_n          |   in|    1|     ap_fifo|                                      input_stream|       pointer|
|input_stream_read             |  out|    1|     ap_fifo|                                      input_stream|       pointer|
|ROWS_dout                     |   in|   32|     ap_fifo|                                              ROWS|       pointer|
|ROWS_num_data_valid           |   in|    2|     ap_fifo|                                              ROWS|       pointer|
|ROWS_fifo_cap                 |   in|    2|     ap_fifo|                                              ROWS|       pointer|
|ROWS_empty_n                  |   in|    1|     ap_fifo|                                              ROWS|       pointer|
|ROWS_read                     |  out|    1|     ap_fifo|                                              ROWS|       pointer|
|COLS_dout                     |   in|   32|     ap_fifo|                                              COLS|       pointer|
|COLS_num_data_valid           |   in|    2|     ap_fifo|                                              COLS|       pointer|
|COLS_fifo_cap                 |   in|    2|     ap_fifo|                                              COLS|       pointer|
|COLS_empty_n                  |   in|    1|     ap_fifo|                                              COLS|       pointer|
|COLS_read                     |  out|    1|     ap_fifo|                                              COLS|       pointer|
|mul1_dout                     |   in|   32|     ap_fifo|                                              mul1|       pointer|
|mul1_num_data_valid           |   in|    3|     ap_fifo|                                              mul1|       pointer|
|mul1_fifo_cap                 |   in|    3|     ap_fifo|                                              mul1|       pointer|
|mul1_empty_n                  |   in|    1|     ap_fifo|                                              mul1|       pointer|
|mul1_read                     |  out|    1|     ap_fifo|                                              mul1|       pointer|
|shift1_dout                   |   in|   32|     ap_fifo|                                            shift1|       pointer|
|shift1_num_data_valid         |   in|    3|     ap_fifo|                                            shift1|       pointer|
|shift1_fifo_cap               |   in|    3|     ap_fifo|                                            shift1|       pointer|
|shift1_empty_n                |   in|    1|     ap_fifo|                                            shift1|       pointer|
|shift1_read                   |  out|    1|     ap_fifo|                                            shift1|       pointer|
|mul2_dout                     |   in|   32|     ap_fifo|                                              mul2|       pointer|
|mul2_num_data_valid           |   in|    3|     ap_fifo|                                              mul2|       pointer|
|mul2_fifo_cap                 |   in|    3|     ap_fifo|                                              mul2|       pointer|
|mul2_empty_n                  |   in|    1|     ap_fifo|                                              mul2|       pointer|
|mul2_read                     |  out|    1|     ap_fifo|                                              mul2|       pointer|
|shift2_dout                   |   in|   32|     ap_fifo|                                            shift2|       pointer|
|shift2_num_data_valid         |   in|    3|     ap_fifo|                                            shift2|       pointer|
|shift2_fifo_cap               |   in|    3|     ap_fifo|                                            shift2|       pointer|
|shift2_empty_n                |   in|    1|     ap_fifo|                                            shift2|       pointer|
|shift2_read                   |  out|    1|     ap_fifo|                                            shift2|       pointer|
|output_stream_din             |  out|  256|     ap_fifo|                                     output_stream|       pointer|
|output_stream_num_data_valid  |   in|    7|     ap_fifo|                                     output_stream|       pointer|
|output_stream_fifo_cap        |   in|    7|     ap_fifo|                                     output_stream|       pointer|
|output_stream_full_n          |   in|    1|     ap_fifo|                                     output_stream|       pointer|
|output_stream_write           |  out|    1|     ap_fifo|                                     output_stream|       pointer|
|ROWS_c_din                    |  out|   32|     ap_fifo|                                            ROWS_c|       pointer|
|ROWS_c_num_data_valid         |   in|    2|     ap_fifo|                                            ROWS_c|       pointer|
|ROWS_c_fifo_cap               |   in|    2|     ap_fifo|                                            ROWS_c|       pointer|
|ROWS_c_full_n                 |   in|    1|     ap_fifo|                                            ROWS_c|       pointer|
|ROWS_c_write                  |  out|    1|     ap_fifo|                                            ROWS_c|       pointer|
|COLS_c_din                    |  out|   32|     ap_fifo|                                            COLS_c|       pointer|
|COLS_c_num_data_valid         |   in|    2|     ap_fifo|                                            COLS_c|       pointer|
|COLS_c_fifo_cap               |   in|    2|     ap_fifo|                                            COLS_c|       pointer|
|COLS_c_full_n                 |   in|    1|     ap_fifo|                                            COLS_c|       pointer|
|COLS_c_write                  |  out|    1|     ap_fifo|                                            COLS_c|       pointer|
+------------------------------+-----+-----+------------+--------------------------------------------------+--------------+

