remark: src/../include/../include/types.hpp:99:2: Inlining function 'WideType<ap_int<8>, 32u, 8u, void>::constructor(ap_uint<256> const&)' into 'WideType<ap_int<8>, 32u, 8u, void>::WideType(ap_uint<256> const&)'
remark: src/../include/helpers.hpp:33:44: Inlining function 'WideType<ap_int<8>, 32u, 8u, void>::WideType(ap_uint<256> const&)' into 'void load<ap_uint<256>, ap_int<8>, ap_int<8>, 32u>(unsigned int, unsigned int, unsigned int, unsigned int, ap_uint<256>*, hls::stream<unsigned char, 0>&, hls::stream<unsigned char, 0>&, hls::stream<WideType<ap_int<8>, 32u, (sizeof (ap_int<8>)) * (8), void>::t_TypeInt, 0>&, unsigned int, unsigned int)'
remark: src/../include/helpers.hpp:36:8: Inlining function 'WideType<ap_int<8>, 32u, 8u, void>::operator[](unsigned int)' into 'void load<ap_uint<256>, ap_int<8>, ap_int<8>, 32u>(unsigned int, unsigned int, unsigned int, unsigned int, ap_uint<256>*, hls::stream<unsigned char, 0>&, hls::stream<unsigned char, 0>&, hls::stream<WideType<ap_int<8>, 32u, (sizeof (ap_int<8>)) * (8), void>::t_TypeInt, 0>&, unsigned int, unsigned int)'
remark: src/../include/helpers.hpp:39:46: Inlining function 'WideType<ap_int<8>, 32u, 8u, void>::WideType(ap_uint<256> const&)' into 'void load<ap_uint<256>, ap_int<8>, ap_int<8>, 32u>(unsigned int, unsigned int, unsigned int, unsigned int, ap_uint<256>*, hls::stream<unsigned char, 0>&, hls::stream<unsigned char, 0>&, hls::stream<WideType<ap_int<8>, 32u, (sizeof (ap_int<8>)) * (8), void>::t_TypeInt, 0>&, unsigned int, unsigned int)'
remark: src/../include/../include/types.hpp:113:2: Inlining function 'WideType<ap_int<8>, 32u, 8u, void>::constructor(ap_int<8>)' into 'WideType<ap_int<8>, 32u, 8u, void>::WideType(ap_int<8>)'
remark: src/../include/helpers.hpp:71:2: Inlining function 'WideType<ap_int<8>, 32u, 8u, void>::operator[](unsigned int)' into 'void mul<ap_uint<256>, ap_int<8>, ap_int<8>, 32u>(unsigned int, unsigned int, unsigned int, unsigned int, hls::stream<WideType<ap_int<8>, 32u, (sizeof (ap_int<8>)) * (8), void>::t_TypeInt, 0>&, hls::stream<unsigned char, 0>&, hls::stream<unsigned char, 0>&, hls::stream<WideType<ap_int<8>, 32u, (sizeof (ap_int<8>)) * (8), void>::t_TypeInt, 0>&)'
remark: src/../include/helpers.hpp:71:28: Inlining function 'WideType<ap_int<8>, 32u, 8u, void>::operator[](unsigned int)' into 'void mul<ap_uint<256>, ap_int<8>, ap_int<8>, 32u>(unsigned int, unsigned int, unsigned int, unsigned int, hls::stream<WideType<ap_int<8>, 32u, (sizeof (ap_int<8>)) * (8), void>::t_TypeInt, 0>&, hls::stream<unsigned char, 0>&, hls::stream<unsigned char, 0>&, hls::stream<WideType<ap_int<8>, 32u, (sizeof (ap_int<8>)) * (8), void>::t_TypeInt, 0>&)'
remark: src/../include/helpers.hpp:71:15: Inlining function 'WideType<ap_int<8>, 32u, 8u, void>::operator[](unsigned int)' into 'void mul<ap_uint<256>, ap_int<8>, ap_int<8>, 32u>(unsigned int, unsigned int, unsigned int, unsigned int, hls::stream<WideType<ap_int<8>, 32u, (sizeof (ap_int<8>)) * (8), void>::t_TypeInt, 0>&, hls::stream<unsigned char, 0>&, hls::stream<unsigned char, 0>&, hls::stream<WideType<ap_int<8>, 32u, (sizeof (ap_int<8>)) * (8), void>::t_TypeInt, 0>&)'
remark: src/../include/helpers.hpp:68:44: Inlining function 'WideType<ap_int<8>, 32u, 8u, void>::WideType(ap_uint<256> const&)' into 'void mul<ap_uint<256>, ap_int<8>, ap_int<8>, 32u>(unsigned int, unsigned int, unsigned int, unsigned int, hls::stream<WideType<ap_int<8>, 32u, (sizeof (ap_int<8>)) * (8), void>::t_TypeInt, 0>&, hls::stream<unsigned char, 0>&, hls::stream<unsigned char, 0>&, hls::stream<WideType<ap_int<8>, 32u, (sizeof (ap_int<8>)) * (8), void>::t_TypeInt, 0>&)'
remark: src/../include/helpers.hpp:64:43: Inlining function 'WideType<ap_int<8>, 32u, 8u, void>::WideType(ap_int<8>)' into 'void mul<ap_uint<256>, ap_int<8>, ap_int<8>, 32u>(unsigned int, unsigned int, unsigned int, unsigned int, hls::stream<WideType<ap_int<8>, 32u, (sizeof (ap_int<8>)) * (8), void>::t_TypeInt, 0>&, hls::stream<unsigned char, 0>&, hls::stream<unsigned char, 0>&, hls::stream<WideType<ap_int<8>, 32u, (sizeof (ap_int<8>)) * (8), void>::t_TypeInt, 0>&)'
remark: src/../include/helpers.hpp:93:31: Inlining function 'WideType<ap_int<8>, 32u, 8u, void>::WideType()' into 'void store<ap_uint<256>, ap_int<8>, ap_int<8>, 32u>(hls::stream<WideType<ap_int<8>, 32u, (sizeof (ap_int<8>)) * (8), void>::t_TypeInt, 0>&, ap_uint<256>*, unsigned int, unsigned int, unsigned int, bool&)'
remark: src/../include/helpers.hpp:98:9: Inlining function 'WideType<ap_int<8>, 32u, 8u, void>::WideType(ap_uint<256> const&)' into 'void store<ap_uint<256>, ap_int<8>, ap_int<8>, 32u>(hls::stream<WideType<ap_int<8>, 32u, (sizeof (ap_int<8>)) * (8), void>::t_TypeInt, 0>&, ap_uint<256>*, unsigned int, unsigned int, unsigned int, bool&)'
remark: src/../include/../include/types.hpp:98:9: Adding 'ref.tmp' into disaggregation list because there's array-partition pragma applied on the struct field
remark: src/../include/../include/types.hpp:80:9: Adding 'data' into disaggregation list because there's array-partition pragma applied on the struct field
remark: src/../include/../include/types.hpp:112:9: Adding 'result' into disaggregation list because there's array-partition pragma applied on the struct field
remark: src/../include/../include/types.hpp:98:9: Adding 'fm_value' into disaggregation list because there's array-partition pragma applied on the struct field
remark: src/../include/../include/types.hpp:98:9: Adding 'fm_value' into disaggregation list because there's array-partition pragma applied on the struct field
remark: src/../include/../include/types.hpp:98:9: Adding 'am_value' into disaggregation list because there's array-partition pragma applied on the struct field
remark: src/../include/helpers.hpp:39:35: Disaggregating variable 'fm_value'
remark: src/../include/helpers.hpp:33:33: Disaggregating variable 'am_value'
remark: src/../include/helpers.hpp:68:33: Disaggregating variable 'fm_value'
remark: src/../include/helpers.hpp:64:34: Disaggregating variable 'result'
remark: <unknown>:0:0: Disaggregating variable 'ref.tmp'
remark: src/../include/helpers.hpp:93:31: Disaggregating variable 'data'
remark: src/../include/../include/types.hpp:96:5: Loop 'anonymous' is marked as complete unroll implied by the pipeline pragma
remark: src/../include/../include/types.hpp:103:20: Loop 'VITIS_LOOP_103_1' is marked as complete unroll implied by the pipeline pragma
remark: src/../include/helpers.hpp:60:19: Loop 'VITIS_LOOP_60_1' is marked as complete unroll implied by the pipeline pragma
remark: src/../include/helpers.hpp:61:20: Loop 'VITIS_LOOP_61_2' is marked as complete unroll implied by the pipeline pragma
remark: src/../include/../include/types.hpp:110:5: Loop 'anonymous' is marked as complete unroll implied by the pipeline pragma
remark: src/../include/../include/types.hpp:117:20: Loop 'VITIS_LOOP_117_1' is marked as complete unroll implied by the pipeline pragma
remark: src/../include/helpers.hpp:65:21: Loop 'VITIS_LOOP_65_3' is marked as complete unroll implied by the pipeline pragma
remark: src/../include/../include/types.hpp:96:5: Loop 'anonymous' is marked as complete unroll implied by the pipeline pragma
remark: src/../include/../include/types.hpp:103:20: Loop 'VITIS_LOOP_103_1' is marked as complete unroll implied by the pipeline pragma
remark: src/../include/helpers.hpp:69:22: Loop 'VITIS_LOOP_69_4' is marked as complete unroll implied by the pipeline pragma
remark: src/../include/helpers.hpp:30:19: Loop 'VITIS_LOOP_30_3' is marked as complete unroll implied by the pipeline pragma
remark: src/../include/helpers.hpp:31:20: Loop 'VITIS_LOOP_31_4' is marked as complete unroll implied by the pipeline pragma
remark: src/../include/../include/types.hpp:96:5: Loop 'anonymous' is marked as complete unroll implied by the pipeline pragma
remark: src/../include/../include/types.hpp:103:20: Loop 'VITIS_LOOP_103_1' is marked as complete unroll implied by the pipeline pragma
remark: src/../include/helpers.hpp:35:19: Loop 'VITIS_LOOP_35_5' is marked as complete unroll implied by the pipeline pragma
remark: src/../include/../include/types.hpp:96:5: Loop 'anonymous' is marked as complete unroll implied by the pipeline pragma
remark: src/../include/../include/types.hpp:103:20: Loop 'VITIS_LOOP_103_1' is marked as complete unroll implied by the pipeline pragma
remark: src/../include/helpers.hpp:26:19: Loop 'VITIS_LOOP_26_2' is marked as complete unroll implied by the pipeline pragma
remark: src/../include/helpers.hpp:23:19: Loop 'VITIS_LOOP_23_1' is marked as complete unroll implied by the pipeline pragma
remark: src/../include/helpers.hpp:19:51: Loop 'anonymous' is marked as complete unroll implied by the pipeline pragma
remark: src/../include/helpers.hpp:18:51: Loop 'anonymous' is marked as complete unroll implied by the pipeline pragma
remark: src/../include/../include/types.hpp:125:27: Loop 'VITIS_LOOP_125_1' is marked as complete unroll implied by the pipeline pragma
remark: src/../include/helpers.hpp:88:0: Unrolling loop 'anonymous' (src/../include/../include/types.hpp:96:5) in function 'store<ap_uint<256>, ap_int<8>, ap_int<8>, 32u>' completely with a factor of 32
remark: src/../include/helpers.hpp:88:0: Unrolling loop 'VITIS_LOOP_103_1' (src/../include/../include/types.hpp:103:20) in function 'store<ap_uint<256>, ap_int<8>, ap_int<8>, 32u>' completely with a factor of 32
remark: src/../include/helpers.hpp:58:0: Unrolling loop 'anonymous' (src/../include/../include/types.hpp:110:5) in function 'mul<ap_uint<256>, ap_int<8>, ap_int<8>, 32u>' completely with a factor of 32
remark: src/../include/helpers.hpp:58:0: Unrolling loop 'VITIS_LOOP_117_1' (src/../include/../include/types.hpp:117:20) in function 'mul<ap_uint<256>, ap_int<8>, ap_int<8>, 32u>' completely with a factor of 32
remark: src/../include/helpers.hpp:58:0: Unrolling loop 'anonymous' (src/../include/../include/types.hpp:96:5) in function 'mul<ap_uint<256>, ap_int<8>, ap_int<8>, 32u>' completely with a factor of 32
remark: src/../include/helpers.hpp:58:0: Unrolling loop 'VITIS_LOOP_103_1' (src/../include/../include/types.hpp:103:20) in function 'mul<ap_uint<256>, ap_int<8>, ap_int<8>, 32u>' completely with a factor of 32
remark: src/../include/helpers.hpp:58:0: Unrolling loop 'VITIS_LOOP_69_4' (src/../include/helpers.hpp:69:22) in function 'mul<ap_uint<256>, ap_int<8>, ap_int<8>, 32u>' completely with a factor of 32
remark: src/../include/helpers.hpp:17:0: Unrolling loop 'anonymous' (src/../include/../include/types.hpp:96:5) in function 'load<ap_uint<256>, ap_int<8>, ap_int<8>, 32u>' completely with a factor of 32
remark: src/../include/helpers.hpp:17:0: Unrolling loop 'VITIS_LOOP_103_1' (src/../include/../include/types.hpp:103:20) in function 'load<ap_uint<256>, ap_int<8>, ap_int<8>, 32u>' completely with a factor of 32
remark: src/../include/helpers.hpp:17:0: Unrolling loop 'anonymous' (src/../include/../include/types.hpp:96:5) in function 'load<ap_uint<256>, ap_int<8>, ap_int<8>, 32u>' completely with a factor of 32
remark: src/../include/helpers.hpp:17:0: Unrolling loop 'VITIS_LOOP_103_1' (src/../include/../include/types.hpp:103:20) in function 'load<ap_uint<256>, ap_int<8>, ap_int<8>, 32u>' completely with a factor of 32
remark: src/../include/helpers.hpp:17:0: Unrolling loop 'anonymous' (src/../include/helpers.hpp:19:51) in function 'load<ap_uint<256>, ap_int<8>, ap_int<8>, 32u>' completely with a factor of 512
remark: src/../include/helpers.hpp:17:0: Unrolling loop 'anonymous' (src/../include/helpers.hpp:18:51) in function 'load<ap_uint<256>, ap_int<8>, ap_int<8>, 32u>' completely with a factor of 64
remark: src/../include/../include/types.hpp:123:0: Unrolling loop 'VITIS_LOOP_125_1' (src/../include/../include/types.hpp:125:27) in function 'WideType<ap_int<8>, 32u, 8u, void>::operator ap_uint<256> const' completely with a factor of 32
remark: src/../include/helpers.hpp:17:0: Inlining function 'WideType<ap_int<8>, 32u, 8u, void>::operator ap_uint<256> const()' into 'void load<ap_uint<256>, ap_int<8>, ap_int<8>, 32u>(unsigned int, unsigned int, unsigned int, unsigned int, ap_uint<256>*, hls::stream<unsigned char, 0>&, hls::stream<unsigned char, 0>&, hls::stream<WideType<ap_int<8>, 32u, (sizeof (ap_int<8>)) * (8), void>::t_TypeInt, 0>&, unsigned int, unsigned int)'
remark: src/../include/helpers.hpp:58:0: Inlining function 'WideType<ap_int<8>, 32u, 8u, void>::operator ap_uint<256> const()' into 'void mul<ap_uint<256>, ap_int<8>, ap_int<8>, 32u>(unsigned int, unsigned int, unsigned int, unsigned int, hls::stream<WideType<ap_int<8>, 32u, (sizeof (ap_int<8>)) * (8), void>::t_TypeInt, 0>&, hls::stream<unsigned char, 0>&, hls::stream<unsigned char, 0>&, hls::stream<WideType<ap_int<8>, 32u, (sizeof (ap_int<8>)) * (8), void>::t_TypeInt, 0>&)'
remark: src/../include/helpers.hpp:88:0: Inlining function 'WideType<ap_int<8>, 32u, 8u, void>::operator ap_uint<256> const()' into 'void store<ap_uint<256>, ap_int<8>, ap_int<8>, 32u>(hls::stream<WideType<ap_int<8>, 32u, (sizeof (ap_int<8>)) * (8), void>::t_TypeInt, 0>&, ap_uint<256>*, unsigned int, unsigned int, unsigned int, bool&)'
remark: src/../include/helpers.hpp:33:33: Applying array_partition to 'am_value': Complete partitioning on dimension 1.
remark: src/../include/helpers.hpp:64:34: Applying array_partition to 'result': Complete partitioning on dimension 1.
remark: src/../include/helpers.hpp:23:19: Sequential read of variable length has been inferred _XLX_SEP_ OldID=for.inc.load.8,  _XLX_SEP_ scevgepseq inputs sparse_data VITIS_LOOP_23_1 src/../include/helpers.hpp:23:19 void load<ap_uint<256>, ap_int<8>, ap_int<8>, 32u>(unsigned int, unsigned int, unsigned int, unsigned int, ap_uint<256>*, hls::stream<unsigned char, 0>&, hls::stream<unsigned char, 0>&, hls::stream<WideType<ap_int<8>, 32u, (sizeof (ap_int<8>)) * (8), void>::t_TypeInt, 0>&, unsigned int, unsigned int) 
remark: src/../include/helpers.hpp:26:19: Sequential read of variable length has been inferred _XLX_SEP_ OldID=for.inc28.load.8,  _XLX_SEP_ scevgep32seq inputs sparse_data VITIS_LOOP_26_2 src/../include/helpers.hpp:26:19 void load<ap_uint<256>, ap_int<8>, ap_int<8>, 32u>(unsigned int, unsigned int, unsigned int, unsigned int, ap_uint<256>*, hls::stream<unsigned char, 0>&, hls::stream<unsigned char, 0>&, hls::stream<WideType<ap_int<8>, 32u, (sizeof (ap_int<8>)) * (8), void>::t_TypeInt, 0>&, unsigned int, unsigned int) 
remark: src/../include/helpers.hpp:95:19: Sequential write of variable length has been inferred _XLX_SEP_ OldID=for.body.i.i.store.335,  _XLX_SEP_ scevgepseq outputs sparse_data VITIS_LOOP_95_1 src/../include/helpers.hpp:95:19 void store<ap_uint<256>, ap_int<8>, ap_int<8>, 32u>(hls::stream<WideType<ap_int<8>, 32u, (sizeof (ap_int<8>)) * (8), void>::t_TypeInt, 0>&, ap_uint<256>*, unsigned int, unsigned int, unsigned int, bool&) 
remark: src/../include/helpers.hpp:26:19: Could not widen since type i256 size is greater than or equal to the max_widen_bitwidth threshold of 0 _XLX_SEP_ scevgep32seq inputs sparse_data VITIS_LOOP_26_2 src/../include/helpers.hpp:26:19 void load<ap_uint<256>, ap_int<8>, ap_int<8>, 32u>(unsigned int, unsigned int, unsigned int, unsigned int, ap_uint<256>*, hls::stream<unsigned char, 0>&, hls::stream<unsigned char, 0>&, hls::stream<WideType<ap_int<8>, 32u, (sizeof (ap_int<8>)) * (8), void>::t_TypeInt, 0>&, unsigned int, unsigned int) 
remark: src/../include/helpers.hpp:23:19: Could not widen since type i256 size is greater than or equal to the max_widen_bitwidth threshold of 0 _XLX_SEP_ scevgepseq inputs sparse_data VITIS_LOOP_23_1 src/../include/helpers.hpp:23:19 void load<ap_uint<256>, ap_int<8>, ap_int<8>, 32u>(unsigned int, unsigned int, unsigned int, unsigned int, ap_uint<256>*, hls::stream<unsigned char, 0>&, hls::stream<unsigned char, 0>&, hls::stream<WideType<ap_int<8>, 32u, (sizeof (ap_int<8>)) * (8), void>::t_TypeInt, 0>&, unsigned int, unsigned int) 
remark: src/../include/helpers.hpp:95:19: Could not widen since type i256 size is greater than or equal to the max_widen_bitwidth threshold of 0 _XLX_SEP_ scevgepseq outputs sparse_data VITIS_LOOP_95_1 src/../include/helpers.hpp:95:19 void store<ap_uint<256>, ap_int<8>, ap_int<8>, 32u>(hls::stream<WideType<ap_int<8>, 32u, (sizeof (ap_int<8>)) * (8), void>::t_TypeInt, 0>&, ap_uint<256>*, unsigned int, unsigned int, unsigned int, bool&) 
remark: src/../include/helpers.hpp:60:19: Loop 'VITIS_LOOP_60_1' is marked as complete unroll implied by the pipeline pragma
remark: src/../include/helpers.hpp:61:20: Loop 'VITIS_LOOP_61_2' is marked as complete unroll implied by the pipeline pragma
remark: src/../include/helpers.hpp:65:21: Loop 'VITIS_LOOP_65_3' is marked as complete unroll implied by the pipeline pragma
remark: src/../include/helpers.hpp:30:19: Loop 'VITIS_LOOP_30_3' is marked as complete unroll implied by the pipeline pragma
remark: src/../include/helpers.hpp:31:20: Loop 'VITIS_LOOP_31_4' is marked as complete unroll implied by the pipeline pragma
remark: src/../include/helpers.hpp:35:19: Loop 'VITIS_LOOP_35_5' is marked as complete unroll implied by the pipeline pragma
remark: src/../include/helpers.hpp:26:19: Loop 'VITIS_LOOP_26_2' is marked as complete unroll implied by the pipeline pragma
remark: src/../include/helpers.hpp:23:19: Loop 'VITIS_LOOP_23_1' is marked as complete unroll implied by the pipeline pragma
remark: src/../include/helpers.hpp:23:19: Multiple burst reads of variable length and bit width 256 has been inferred. These burst requests might be further partitioned into multiple requests during RTL generation, based on max_read_burst_length or max_write_burst_length settings. _XLX_SEP_ seq  sparse_data VITIS_LOOP_23_1 src/../include/helpers.hpp:23:19 void load<ap_uint<256>, ap_int<8>, ap_int<8>, 32u>(unsigned int, unsigned int, unsigned int, unsigned int, ap_uint<256>*, hls::stream<unsigned char, 0>&, hls::stream<unsigned char, 0>&, hls::stream<WideType<ap_int<8>, 32u, (sizeof (ap_int<8>)) * (8), void>::t_TypeInt, 0>&, unsigned int, unsigned int) (.1) 
remark: src/../include/helpers.hpp:23:19: Multiple burst reads of variable length and bit width 256 in loop 'VITIS_LOOP_23_1'(src/../include/helpers.hpp:23:19) has been inferred on bundle 'sparse_data'. These burst requests might be further partitioned into multiple requests during RTL generation, based on max_read_burst_length or max_write_burst_length settings.
remark: src/../include/helpers.hpp:26:19: Multiple burst reads of variable length and bit width 256 has been inferred. These burst requests might be further partitioned into multiple requests during RTL generation, based on max_read_burst_length or max_write_burst_length settings. _XLX_SEP_ seq1  sparse_data VITIS_LOOP_26_2 src/../include/helpers.hpp:26:19 void load<ap_uint<256>, ap_int<8>, ap_int<8>, 32u>(unsigned int, unsigned int, unsigned int, unsigned int, ap_uint<256>*, hls::stream<unsigned char, 0>&, hls::stream<unsigned char, 0>&, hls::stream<WideType<ap_int<8>, 32u, (sizeof (ap_int<8>)) * (8), void>::t_TypeInt, 0>&, unsigned int, unsigned int) (.1) 
remark: src/../include/helpers.hpp:26:19: Multiple burst reads of variable length and bit width 256 in loop 'VITIS_LOOP_26_2'(src/../include/helpers.hpp:26:19) has been inferred on bundle 'sparse_data'. These burst requests might be further partitioned into multiple requests during RTL generation, based on max_read_burst_length or max_write_burst_length settings.
remark: src/../include/helpers.hpp:95:19: Multiple burst writes of variable length and bit width 256 has been inferred. These burst requests might be further partitioned into multiple requests during RTL generation, based on max_read_burst_length or max_write_burst_length settings. _XLX_SEP_ seq  sparse_data VITIS_LOOP_95_1 src/../include/helpers.hpp:95:19 void store<ap_uint<256>, ap_int<8>, ap_int<8>, 32u>(hls::stream<WideType<ap_int<8>, 32u, (sizeof (ap_int<8>)) * (8), void>::t_TypeInt, 0>&, ap_uint<256>*, unsigned int, unsigned int, unsigned int, bool&) (.1) 
remark: src/../include/helpers.hpp:95:19: Multiple burst writes of variable length and bit width 256 in loop 'VITIS_LOOP_95_1'(src/../include/helpers.hpp:95:19) has been inferred on bundle 'sparse_data'. These burst requests might be further partitioned into multiple requests during RTL generation, based on max_read_burst_length or max_write_burst_length settings.
remark: src/../include/helpers.hpp:60:19: Loop 'VITIS_LOOP_60_1' is marked as complete unroll implied by the pipeline pragma
remark: src/../include/helpers.hpp:61:20: Loop 'VITIS_LOOP_61_2' is marked as complete unroll implied by the pipeline pragma
remark: src/../include/helpers.hpp:65:21: Loop 'VITIS_LOOP_65_3' is marked as complete unroll implied by the pipeline pragma
remark: src/../include/helpers.hpp:30:19: Loop 'VITIS_LOOP_30_3' is marked as complete unroll implied by the pipeline pragma
remark: src/../include/helpers.hpp:31:20: Loop 'VITIS_LOOP_31_4' is marked as complete unroll implied by the pipeline pragma
remark: src/../include/helpers.hpp:35:19: Loop 'VITIS_LOOP_35_5' is marked as complete unroll implied by the pipeline pragma
remark: src/../include/helpers.hpp:26:19: Loop 'VITIS_LOOP_26_2' is marked as complete unroll implied by the pipeline pragma
remark: src/../include/helpers.hpp:23:19: Loop 'VITIS_LOOP_23_1' is marked as complete unroll implied by the pipeline pragma
