#-----------------------------------------------------------
# Vivado v2022.2 (64-bit)
# SW Build 3671981 on Fri Oct 14 04:59:54 MDT 2022
# IP Build 3669848 on Fri Oct 14 08:30:02 MDT 2022
# Start of session at: Tue Jun 25 13:53:43 2024
# Process ID: 12665
# Current directory: /home/ytq/codeField/Prediction_Model_Accelerator/CSIM/Layer_Norm_0612/Layer_Norm.prj/sol/impl/ip
# Command line: vivado -notrace -mode batch -source run_ippack.tcl
# Log file: /home/ytq/codeField/Prediction_Model_Accelerator/CSIM/Layer_Norm_0612/Layer_Norm.prj/sol/impl/ip/vivado.log
# Journal file: /home/ytq/codeField/Prediction_Model_Accelerator/CSIM/Layer_Norm_0612/Layer_Norm.prj/sol/impl/ip/vivado.jou
# Running On: ytq, OS: Linux, CPU Frequency: 4772.497 MHz, CPU Physical cores: 8, Host memory: 67255 MB
#-----------------------------------------------------------
source run_ippack.tcl -notrace
INFO: [IP_Flow 19-234] Refreshing IP repositories
INFO: [IP_Flow 19-1704] No user IP repositories specified
INFO: [IP_Flow 19-2313] Loaded Vivado IP repository '/home/ytq/source/Xilinx/Vivado/2022.2/data/ip'.
WARNING: [IP_Flow 19-4832] The IP name 'layernorm_dadd_64ns_64ns_64_5_full_dsp_1_ip' you have specified is long. The Windows operating system has path length limitations. It is recommended you use shorter names to reduce the likelihood of issues.
INFO: [IP_Flow 19-1686] Generating 'Synthesis' target for IP 'layernorm_dadd_64ns_64ns_64_5_full_dsp_1_ip'...
INFO: [IP_Flow 19-1686] Generating 'Simulation' target for IP 'layernorm_dadd_64ns_64ns_64_5_full_dsp_1_ip'...
WARNING: [IP_Flow 19-4832] The IP name 'layernorm_ddiv_64ns_64ns_64_22_no_dsp_1_ip' you have specified is long. The Windows operating system has path length limitations. It is recommended you use shorter names to reduce the likelihood of issues.
INFO: [IP_Flow 19-1686] Generating 'Synthesis' target for IP 'layernorm_ddiv_64ns_64ns_64_22_no_dsp_1_ip'...
INFO: [IP_Flow 19-1686] Generating 'Simulation' target for IP 'layernorm_ddiv_64ns_64ns_64_22_no_dsp_1_ip'...
WARNING: [IP_Flow 19-4832] The IP name 'layernorm_dsqrt_64ns_64ns_64_21_no_dsp_1_ip' you have specified is long. The Windows operating system has path length limitations. It is recommended you use shorter names to reduce the likelihood of issues.
INFO: [IP_Flow 19-1686] Generating 'Synthesis' target for IP 'layernorm_dsqrt_64ns_64ns_64_21_no_dsp_1_ip'...
INFO: [IP_Flow 19-1686] Generating 'Simulation' target for IP 'layernorm_dsqrt_64ns_64ns_64_21_no_dsp_1_ip'...
WARNING: [IP_Flow 19-4832] The IP name 'layernorm_fdiv_32ns_32ns_32_9_no_dsp_1_ip' you have specified is long. The Windows operating system has path length limitations. It is recommended you use shorter names to reduce the likelihood of issues.
INFO: [IP_Flow 19-1686] Generating 'Synthesis' target for IP 'layernorm_fdiv_32ns_32ns_32_9_no_dsp_1_ip'...
INFO: [IP_Flow 19-1686] Generating 'Simulation' target for IP 'layernorm_fdiv_32ns_32ns_32_9_no_dsp_1_ip'...
WARNING: [IP_Flow 19-4832] The IP name 'layernorm_fmul_32ns_32ns_32_3_max_dsp_1_ip' you have specified is long. The Windows operating system has path length limitations. It is recommended you use shorter names to reduce the likelihood of issues.
INFO: [IP_Flow 19-1686] Generating 'Synthesis' target for IP 'layernorm_fmul_32ns_32ns_32_3_max_dsp_1_ip'...
INFO: [IP_Flow 19-1686] Generating 'Simulation' target for IP 'layernorm_fmul_32ns_32ns_32_3_max_dsp_1_ip'...
WARNING: [IP_Flow 19-4832] The IP name 'layernorm_fptrunc_64ns_32_2_no_dsp_1_ip' you have specified is long. The Windows operating system has path length limitations. It is recommended you use shorter names to reduce the likelihood of issues.
INFO: [IP_Flow 19-1686] Generating 'Synthesis' target for IP 'layernorm_fptrunc_64ns_32_2_no_dsp_1_ip'...
INFO: [IP_Flow 19-1686] Generating 'Simulation' target for IP 'layernorm_fptrunc_64ns_32_2_no_dsp_1_ip'...
WARNING: [IP_Flow 19-4832] The IP name 'layernorm_sitodp_32ns_64_4_no_dsp_1_ip' you have specified is long. The Windows operating system has path length limitations. It is recommended you use shorter names to reduce the likelihood of issues.
INFO: [IP_Flow 19-1686] Generating 'Synthesis' target for IP 'layernorm_sitodp_32ns_64_4_no_dsp_1_ip'...
INFO: [IP_Flow 19-1686] Generating 'Simulation' target for IP 'layernorm_sitodp_32ns_64_4_no_dsp_1_ip'...
WARNING: [IP_Flow 19-4832] The IP name 'layernorm_sitofp_32s_32_4_no_dsp_1_ip' you have specified is long. The Windows operating system has path length limitations. It is recommended you use shorter names to reduce the likelihood of issues.
INFO: [IP_Flow 19-1686] Generating 'Synthesis' target for IP 'layernorm_sitofp_32s_32_4_no_dsp_1_ip'...
INFO: [IP_Flow 19-1686] Generating 'Simulation' target for IP 'layernorm_sitofp_32s_32_4_no_dsp_1_ip'...
WARNING: [IP_Flow 19-4832] The IP name 'layernorm_uitodp_32ns_64_4_no_dsp_1_ip' you have specified is long. The Windows operating system has path length limitations. It is recommended you use shorter names to reduce the likelihood of issues.
INFO: [IP_Flow 19-1686] Generating 'Synthesis' target for IP 'layernorm_uitodp_32ns_64_4_no_dsp_1_ip'...
INFO: [IP_Flow 19-1686] Generating 'Simulation' target for IP 'layernorm_uitodp_32ns_64_4_no_dsp_1_ip'...
INFO: [IP_Flow 19-234] Refreshing IP repositories
INFO: [IP_Flow 19-1704] No user IP repositories specified
INFO: [IP_Flow 19-2313] Loaded Vivado IP repository '/home/ytq/source/Xilinx/Vivado/2022.2/data/ip'.
INFO: [Common 17-206] Exiting Vivado at Tue Jun 25 13:53:52 2024...
