remark: /home/ytq/codeField/Prediction_Model_Accelerator/CSIM/Sparse_HLS/Sparse_HLS/include/./../include/types.hpp:113:2: Inlining function 'WideType<ap_int<8>, 32u, 8u, void>::constructor(ap_int<8>)' into 'WideType<ap_int<8>, 32u, 8u, void>::WideType(ap_int<8>)'
remark: /home/ytq/codeField/Prediction_Model_Accelerator/CSIM/Sparse_HLS/Sparse_HLS/src/../include/helpers.hpp:54:43: Inlining function 'WideType<ap_int<8>, 32u, 8u, void>::WideType(ap_int<8>)' into 'void mul<ap_uint<256>, ap_int<8>, ap_int<8>, 32u>(unsigned int, unsigned int, unsigned int, unsigned int, ap_int<8> (*) [32], unsigned char*, unsigned char*, hls::stream<WideType<ap_int<8>, 32u, (sizeof (ap_int<8>)) * (8), void>::t_TypeInt, 0>&, ap_uint<256>*)'
remark: /home/ytq/codeField/Prediction_Model_Accelerator/CSIM/Sparse_HLS/Sparse_HLS/src/../include/helpers.hpp:59:6: Inlining function 'WideType<ap_int<8>, 32u, 8u, void>::operator[](unsigned int)' into 'void mul<ap_uint<256>, ap_int<8>, ap_int<8>, 32u>(unsigned int, unsigned int, unsigned int, unsigned int, ap_int<8> (*) [32], unsigned char*, unsigned char*, hls::stream<WideType<ap_int<8>, 32u, (sizeof (ap_int<8>)) * (8), void>::t_TypeInt, 0>&, ap_uint<256>*)'
remark: /home/ytq/codeField/Prediction_Model_Accelerator/CSIM/Sparse_HLS/Sparse_HLS/src/../include/helpers.hpp:59:19: Inlining function 'WideType<ap_int<8>, 32u, 8u, void>::operator[](unsigned int)' into 'void mul<ap_uint<256>, ap_int<8>, ap_int<8>, 32u>(unsigned int, unsigned int, unsigned int, unsigned int, ap_int<8> (*) [32], unsigned char*, unsigned char*, hls::stream<WideType<ap_int<8>, 32u, (sizeof (ap_int<8>)) * (8), void>::t_TypeInt, 0>&, ap_uint<256>*)'
remark: /home/ytq/codeField/Prediction_Model_Accelerator/CSIM/Sparse_HLS/Sparse_HLS/include/./../include/types.hpp:99:2: Inlining function 'WideType<ap_int<8>, 32u, 8u, void>::constructor(ap_uint<256> const&)' into 'WideType<ap_int<8>, 32u, 8u, void>::WideType(ap_uint<256> const&)'
remark: /home/ytq/codeField/Prediction_Model_Accelerator/CSIM/Sparse_HLS/Sparse_HLS/src/../include/helpers.hpp:82:31: Inlining function 'WideType<ap_int<8>, 32u, 8u, void>::WideType()' into 'void store<ap_uint<256>, ap_int<8>, ap_int<8>, 32u>(hls::stream<WideType<ap_int<8>, 32u, (sizeof (ap_int<8>)) * (8), void>::t_TypeInt, 0>&, ap_uint<256>*, unsigned int, unsigned int, unsigned int, bool&)'
remark: /home/ytq/codeField/Prediction_Model_Accelerator/CSIM/Sparse_HLS/Sparse_HLS/src/../include/helpers.hpp:87:9: Inlining function 'WideType<ap_int<8>, 32u, 8u, void>::WideType(ap_uint<256> const&)' into 'void store<ap_uint<256>, ap_int<8>, ap_int<8>, 32u>(hls::stream<WideType<ap_int<8>, 32u, (sizeof (ap_int<8>)) * (8), void>::t_TypeInt, 0>&, ap_uint<256>*, unsigned int, unsigned int, unsigned int, bool&)'
remark: /home/ytq/codeField/Prediction_Model_Accelerator/CSIM/Sparse_HLS/Sparse_HLS/include/./../include/types.hpp:98:9: Adding 'ref.tmp' into disaggregation list because there's array-partition pragma applied on the struct field
remark: /home/ytq/codeField/Prediction_Model_Accelerator/CSIM/Sparse_HLS/Sparse_HLS/include/./../include/types.hpp:80:9: Adding 'data' into disaggregation list because there's array-partition pragma applied on the struct field
remark: /home/ytq/codeField/Prediction_Model_Accelerator/CSIM/Sparse_HLS/Sparse_HLS/include/./../include/types.hpp:112:9: Adding 'result' into disaggregation list because there's array-partition pragma applied on the struct field
remark: /home/ytq/codeField/Prediction_Model_Accelerator/CSIM/Sparse_HLS/Sparse_HLS/src/../include/helpers.hpp:54:34: Disaggregating variable 'result'
remark: <unknown>:0:0: Disaggregating variable 'ref.tmp'
remark: /home/ytq/codeField/Prediction_Model_Accelerator/CSIM/Sparse_HLS/Sparse_HLS/src/../include/helpers.hpp:82:31: Disaggregating variable 'data'
remark: /home/ytq/codeField/Prediction_Model_Accelerator/CSIM/Sparse_HLS/Sparse_HLS/include/./../include/types.hpp:96:5: Loop 'anonymous' is marked as complete unroll implied by the pipeline pragma
remark: /home/ytq/codeField/Prediction_Model_Accelerator/CSIM/Sparse_HLS/Sparse_HLS/include/./../include/types.hpp:103:20: Loop 'VITIS_LOOP_103_1' is marked as complete unroll implied by the pipeline pragma
remark: /home/ytq/codeField/Prediction_Model_Accelerator/CSIM/Sparse_HLS/Sparse_HLS/src/../include/helpers.hpp:49:19: Loop 'VITIS_LOOP_49_1' is marked as complete unroll implied by the pipeline pragma
remark: /home/ytq/codeField/Prediction_Model_Accelerator/CSIM/Sparse_HLS/Sparse_HLS/src/../include/helpers.hpp:51:20: Loop 'VITIS_LOOP_51_2' is marked as complete unroll implied by the pipeline pragma
remark: /home/ytq/codeField/Prediction_Model_Accelerator/CSIM/Sparse_HLS/Sparse_HLS/include/./../include/types.hpp:110:5: Loop 'anonymous' is marked as complete unroll implied by the pipeline pragma
remark: /home/ytq/codeField/Prediction_Model_Accelerator/CSIM/Sparse_HLS/Sparse_HLS/include/./../include/types.hpp:117:20: Loop 'VITIS_LOOP_117_1' is marked as complete unroll implied by the pipeline pragma
remark: /home/ytq/codeField/Prediction_Model_Accelerator/CSIM/Sparse_HLS/Sparse_HLS/src/../include/helpers.hpp:56:19: Loop 'VITIS_LOOP_56_3' is marked as complete unroll implied by the pipeline pragma
remark: /home/ytq/codeField/Prediction_Model_Accelerator/CSIM/Sparse_HLS/Sparse_HLS/src/../include/helpers.hpp:58:22: Loop 'VITIS_LOOP_58_4' is marked as complete unroll implied by the pipeline pragma
remark: /home/ytq/codeField/Prediction_Model_Accelerator/CSIM/Sparse_HLS/Sparse_HLS/include/./../include/types.hpp:125:27: Loop 'VITIS_LOOP_125_1' is marked as complete unroll implied by the pipeline pragma
remark: /home/ytq/codeField/Prediction_Model_Accelerator/CSIM/Sparse_HLS/Sparse_HLS/src/../include/helpers.hpp:23:19: Loop 'VITIS_LOOP_23_1' is marked as complete unroll implied by the pipeline pragma
remark: /home/ytq/codeField/Prediction_Model_Accelerator/CSIM/Sparse_HLS/Sparse_HLS/src/../include/helpers.hpp:26:19: Loop 'VITIS_LOOP_26_2' is marked as complete unroll implied by the pipeline pragma
remark: <unknown>:0:0: Loop 'anonymous' is marked as complete unroll implied by the pipeline pragma
remark: <unknown>:0:0: Loop 'anonymous' is marked as complete unroll implied by the pipeline pragma
remark: /home/ytq/codeField/Prediction_Model_Accelerator/CSIM/Sparse_HLS/Sparse_HLS/src/../include/helpers.hpp:18:16: Loop 'anonymous' is marked as complete unroll implied by the pipeline pragma
remark: /home/ytq/codeField/Prediction_Model_Accelerator/CSIM/Sparse_HLS/Sparse_HLS/src/../include/helpers.hpp:77:0: Unrolling loop 'anonymous' (/home/ytq/codeField/Prediction_Model_Accelerator/CSIM/Sparse_HLS/Sparse_HLS/include/./../include/types.hpp:96:5) in function 'store<ap_uint<256>, ap_int<8>, ap_int<8>, 32u>' completely with a factor of 32
remark: /home/ytq/codeField/Prediction_Model_Accelerator/CSIM/Sparse_HLS/Sparse_HLS/src/../include/helpers.hpp:77:0: Unrolling loop 'VITIS_LOOP_103_1' (/home/ytq/codeField/Prediction_Model_Accelerator/CSIM/Sparse_HLS/Sparse_HLS/include/./../include/types.hpp:103:20) in function 'store<ap_uint<256>, ap_int<8>, ap_int<8>, 32u>' completely with a factor of 32
remark: /home/ytq/codeField/Prediction_Model_Accelerator/CSIM/Sparse_HLS/Sparse_HLS/src/../include/helpers.hpp:47:0: Unrolling loop 'anonymous' (/home/ytq/codeField/Prediction_Model_Accelerator/CSIM/Sparse_HLS/Sparse_HLS/include/./../include/types.hpp:110:5) in function 'mul<ap_uint<256>, ap_int<8>, ap_int<8>, 32u>' completely with a factor of 32
remark: /home/ytq/codeField/Prediction_Model_Accelerator/CSIM/Sparse_HLS/Sparse_HLS/src/../include/helpers.hpp:47:0: Unrolling loop 'VITIS_LOOP_117_1' (/home/ytq/codeField/Prediction_Model_Accelerator/CSIM/Sparse_HLS/Sparse_HLS/include/./../include/types.hpp:117:20) in function 'mul<ap_uint<256>, ap_int<8>, ap_int<8>, 32u>' completely with a factor of 32
remark: /home/ytq/codeField/Prediction_Model_Accelerator/CSIM/Sparse_HLS/Sparse_HLS/src/../include/helpers.hpp:47:0: Unrolling loop 'VITIS_LOOP_58_4' (/home/ytq/codeField/Prediction_Model_Accelerator/CSIM/Sparse_HLS/Sparse_HLS/src/../include/helpers.hpp:58:22) in function 'mul<ap_uint<256>, ap_int<8>, ap_int<8>, 32u>' completely with a factor of 32
remark: /home/ytq/codeField/Prediction_Model_Accelerator/CSIM/Sparse_HLS/Sparse_HLS/include/./../include/types.hpp:123:0: Unrolling loop 'VITIS_LOOP_125_1' (/home/ytq/codeField/Prediction_Model_Accelerator/CSIM/Sparse_HLS/Sparse_HLS/include/./../include/types.hpp:125:27) in function 'WideType<ap_int<8>, 32u, 8u, void>::operator ap_uint<256> const' completely with a factor of 32
remark: /home/ytq/codeField/Prediction_Model_Accelerator/CSIM/Sparse_HLS/Sparse_HLS/src/../include/helpers.hpp:47:0: Inlining function 'WideType<ap_int<8>, 32u, 8u, void>::operator ap_uint<256> const()' into 'void mul<ap_uint<256>, ap_int<8>, ap_int<8>, 32u>(unsigned int, unsigned int, unsigned int, unsigned int, ap_int<8> (*) [32], unsigned char*, unsigned char*, hls::stream<WideType<ap_int<8>, 32u, (sizeof (ap_int<8>)) * (8), void>::t_TypeInt, 0>&, ap_uint<256>*)'
remark: /home/ytq/codeField/Prediction_Model_Accelerator/CSIM/Sparse_HLS/Sparse_HLS/src/../include/helpers.hpp:77:0: Inlining function 'WideType<ap_int<8>, 32u, 8u, void>::operator ap_uint<256> const()' into 'void store<ap_uint<256>, ap_int<8>, ap_int<8>, 32u>(hls::stream<WideType<ap_int<8>, 32u, (sizeof (ap_int<8>)) * (8), void>::t_TypeInt, 0>&, ap_uint<256>*, unsigned int, unsigned int, unsigned int, bool&)'
remark: /home/ytq/codeField/Prediction_Model_Accelerator/CSIM/Sparse_HLS/Sparse_HLS/src/../include/helpers.hpp:54:34: Applying array_partition to 'result': Complete partitioning on dimension 1.
remark: <unknown>:0:0: Sequential read of variable length has been inferred _XLX_SEP_ OldID=loop-memcpy-expansion4.load.3,  _XLX_SEP_ seq inputs sparse_data anonymous  void load<ap_uint<256>, ap_int<8>, 32u>(unsigned int, unsigned int, unsigned int, unsigned int, ap_uint<256>*, unsigned char*, unsigned char*, ap_int<8> (*) [32], unsigned int, unsigned int) 
remark: <unknown>:0:0: Sequential read of variable length has been inferred _XLX_SEP_ OldID=loop-memcpy-expansion.load.3,  _XLX_SEP_ seq20 inputs sparse_data anonymous  void load<ap_uint<256>, ap_int<8>, 32u>(unsigned int, unsigned int, unsigned int, unsigned int, ap_uint<256>*, unsigned char*, unsigned char*, ap_int<8> (*) [32], unsigned int, unsigned int) 
remark: /home/ytq/codeField/Prediction_Model_Accelerator/CSIM/Sparse_HLS/Sparse_HLS/src/../include/helpers.hpp:84:19: Sequential write of variable length has been inferred _XLX_SEP_ OldID=for.body.i.i.store.335,  _XLX_SEP_ scevgepseq outputs sparse_data VITIS_LOOP_84_1 /home/ytq/codeField/Prediction_Model_Accelerator/CSIM/Sparse_HLS/Sparse_HLS/src/../include/helpers.hpp:84:19 void store<ap_uint<256>, ap_int<8>, ap_int<8>, 32u>(hls::stream<WideType<ap_int<8>, 32u, (sizeof (ap_int<8>)) * (8), void>::t_TypeInt, 0>&, ap_uint<256>*, unsigned int, unsigned int, unsigned int, bool&) 
remark: <unknown>:0:0: Could not widen since type i8 size is greater than or equal to the max_widen_bitwidth threshold of 0 _XLX_SEP_ seq20 inputs sparse_data anonymous  void load<ap_uint<256>, ap_int<8>, 32u>(unsigned int, unsigned int, unsigned int, unsigned int, ap_uint<256>*, unsigned char*, unsigned char*, ap_int<8> (*) [32], unsigned int, unsigned int) 
remark: <unknown>:0:0: Could not widen since type i8 size is greater than or equal to the max_widen_bitwidth threshold of 0 _XLX_SEP_ seq inputs sparse_data anonymous  void load<ap_uint<256>, ap_int<8>, 32u>(unsigned int, unsigned int, unsigned int, unsigned int, ap_uint<256>*, unsigned char*, unsigned char*, ap_int<8> (*) [32], unsigned int, unsigned int) 
remark: /home/ytq/codeField/Prediction_Model_Accelerator/CSIM/Sparse_HLS/Sparse_HLS/src/../include/helpers.hpp:84:19: Could not widen since type i256 size is greater than or equal to the max_widen_bitwidth threshold of 0 _XLX_SEP_ scevgepseq outputs sparse_data VITIS_LOOP_84_1 /home/ytq/codeField/Prediction_Model_Accelerator/CSIM/Sparse_HLS/Sparse_HLS/src/../include/helpers.hpp:84:19 void store<ap_uint<256>, ap_int<8>, ap_int<8>, 32u>(hls::stream<WideType<ap_int<8>, 32u, (sizeof (ap_int<8>)) * (8), void>::t_TypeInt, 0>&, ap_uint<256>*, unsigned int, unsigned int, unsigned int, bool&) 
remark: /home/ytq/codeField/Prediction_Model_Accelerator/CSIM/Sparse_HLS/Sparse_HLS/src/../include/helpers.hpp:49:19: Loop 'VITIS_LOOP_49_1' is marked as complete unroll implied by the pipeline pragma
remark: /home/ytq/codeField/Prediction_Model_Accelerator/CSIM/Sparse_HLS/Sparse_HLS/src/../include/helpers.hpp:51:20: Loop 'VITIS_LOOP_51_2' is marked as complete unroll implied by the pipeline pragma
remark: /home/ytq/codeField/Prediction_Model_Accelerator/CSIM/Sparse_HLS/Sparse_HLS/src/../include/helpers.hpp:56:19: Loop 'VITIS_LOOP_56_3' is marked as complete unroll implied by the pipeline pragma
remark: /home/ytq/codeField/Prediction_Model_Accelerator/CSIM/Sparse_HLS/Sparse_HLS/src/../include/helpers.hpp:23:19: Loop 'VITIS_LOOP_23_1' is marked as complete unroll implied by the pipeline pragma
remark: /home/ytq/codeField/Prediction_Model_Accelerator/CSIM/Sparse_HLS/Sparse_HLS/src/../include/helpers.hpp:26:19: Loop 'VITIS_LOOP_26_2' is marked as complete unroll implied by the pipeline pragma
remark: <unknown>:0:0: Loop 'anonymous' is marked as complete unroll implied by the pipeline pragma
remark: <unknown>:0:0: Loop 'anonymous' is marked as complete unroll implied by the pipeline pragma
remark: <unknown>:0:0: Inferred burst reverted due to burst accesses data width is different from m_axi port width _XLX_SEP_ seq  inputs void load<ap_uint<256>, ap_int<8>, 32u>(unsigned int, unsigned int, unsigned int, unsigned int, ap_uint<256>*, unsigned char*, unsigned char*, ap_int<8> (*) [32], unsigned int, unsigned int) 
remark: <unknown>:0:0: Inferred burst reverted due to burst accesses data width is different from m_axi port width _XLX_SEP_ seq20  inputs void load<ap_uint<256>, ap_int<8>, 32u>(unsigned int, unsigned int, unsigned int, unsigned int, ap_uint<256>*, unsigned char*, unsigned char*, ap_int<8> (*) [32], unsigned int, unsigned int) 
remark: /home/ytq/codeField/Prediction_Model_Accelerator/CSIM/Sparse_HLS/Sparse_HLS/src/../include/helpers.hpp:84:19: Multiple burst writes of variable length and bit width 256 has been inferred. These burst requests might be further partitioned into multiple requests during RTL generation, based on max_read_burst_length or max_write_burst_length settings. _XLX_SEP_ seq  sparse_data VITIS_LOOP_84_1 /home/ytq/codeField/Prediction_Model_Accelerator/CSIM/Sparse_HLS/Sparse_HLS/src/../include/helpers.hpp:84:19 void store<ap_uint<256>, ap_int<8>, ap_int<8>, 32u>(hls::stream<WideType<ap_int<8>, 32u, (sizeof (ap_int<8>)) * (8), void>::t_TypeInt, 0>&, ap_uint<256>*, unsigned int, unsigned int, unsigned int, bool&) (.1) 
remark: /home/ytq/codeField/Prediction_Model_Accelerator/CSIM/Sparse_HLS/Sparse_HLS/src/../include/helpers.hpp:84:19: Multiple burst writes of variable length and bit width 256 in loop 'VITIS_LOOP_84_1'(/home/ytq/codeField/Prediction_Model_Accelerator/CSIM/Sparse_HLS/Sparse_HLS/src/../include/helpers.hpp:84:19) has been inferred on bundle 'sparse_data'. These burst requests might be further partitioned into multiple requests during RTL generation, based on max_read_burst_length or max_write_burst_length settings.
remark: /home/ytq/codeField/Prediction_Model_Accelerator/CSIM/Sparse_HLS/Sparse_HLS/src/../include/helpers.hpp:49:19: Loop 'VITIS_LOOP_49_1' is marked as complete unroll implied by the pipeline pragma
remark: /home/ytq/codeField/Prediction_Model_Accelerator/CSIM/Sparse_HLS/Sparse_HLS/src/../include/helpers.hpp:51:20: Loop 'VITIS_LOOP_51_2' is marked as complete unroll implied by the pipeline pragma
remark: /home/ytq/codeField/Prediction_Model_Accelerator/CSIM/Sparse_HLS/Sparse_HLS/src/../include/helpers.hpp:56:19: Loop 'VITIS_LOOP_56_3' is marked as complete unroll implied by the pipeline pragma
remark: /home/ytq/codeField/Prediction_Model_Accelerator/CSIM/Sparse_HLS/Sparse_HLS/src/../include/helpers.hpp:23:19: Loop 'VITIS_LOOP_23_1' is marked as complete unroll implied by the pipeline pragma
remark: /home/ytq/codeField/Prediction_Model_Accelerator/CSIM/Sparse_HLS/Sparse_HLS/src/../include/helpers.hpp:26:19: Loop 'VITIS_LOOP_26_2' is marked as complete unroll implied by the pipeline pragma
remark: <unknown>:0:0: Loop 'anonymous' is marked as complete unroll implied by the pipeline pragma
remark: <unknown>:0:0: Loop 'anonymous' is marked as complete unroll implied by the pipeline pragma
