

================================================================
== Vitis HLS Report for 'entry_proc'
================================================================
* Date:           Thu May 30 14:40:35 2024

* Version:        2022.2 (Build 3670227 on Oct 13 2022)
* Project:        Sparse_HLS.prj
* Solution:       sol (Vivado IP Flow Target)
* Product family: zynquplus
* Target device:  xczu7ev-ffvc1156-2-e


================================================================
== Performance Estimates
================================================================
+ Timing: 
    * Summary: 
    +--------+----------+----------+------------+
    |  Clock |  Target  | Estimated| Uncertainty|
    +--------+----------+----------+------------+
    |ap_clk  |  10.00 ns|  1.861 ns|     2.70 ns|
    +--------+----------+----------+------------+

+ Latency: 
    * Summary: 
    +---------+---------+----------+----------+-----+-----+---------+
    |  Latency (cycles) |  Latency (absolute) |  Interval | Pipeline|
    |   min   |   max   |    min   |    max   | min | max |   Type  |
    +---------+---------+----------+----------+-----+-----+---------+
    |        0|        0|      0 ns|      0 ns|    0|    0|       no|
    +---------+---------+----------+----------+-----+-----+---------+

    + Detail: 
        * Instance: 
        N/A

        * Loop: 
        N/A



================================================================
== Utilization Estimates
================================================================
* Summary: 
+-----------------+---------+------+--------+--------+-----+
|       Name      | BRAM_18K|  DSP |   FF   |   LUT  | URAM|
+-----------------+---------+------+--------+--------+-----+
|DSP              |        -|     -|       -|       -|    -|
|Expression       |        -|     -|       0|       2|    -|
|FIFO             |        -|     -|       -|       -|    -|
|Instance         |        -|     -|       -|       -|    -|
|Memory           |        -|     -|       -|       -|    -|
|Multiplexer      |        -|     -|       -|      54|    -|
|Register         |        -|     -|       3|       -|    -|
+-----------------+---------+------+--------+--------+-----+
|Total            |        0|     0|       3|      56|    0|
+-----------------+---------+------+--------+--------+-----+
|Available        |      624|  1728|  460800|  230400|   96|
+-----------------+---------+------+--------+--------+-----+
|Utilization (%)  |        0|     0|      ~0|      ~0|    0|
+-----------------+---------+------+--------+--------+-----+

+ Detail: 
    * Instance: 
    N/A

    * DSP: 
    N/A

    * Memory: 
    N/A

    * FIFO: 
    N/A

    * Expression: 
    +-----------------+----------+----+---+----+------------+------------+
    |  Variable Name  | Operation| DSP| FF| LUT| Bitwidth P0| Bitwidth P1|
    +-----------------+----------+----+---+----+------------+------------+
    |ap_block_state1  |        or|   0|  0|   2|           1|           1|
    +-----------------+----------+----+---+----+------------+------------+
    |Total            |          |   0|  0|   2|           1|           1|
    +-----------------+----------+----+---+----+------------+------------+

    * Multiplexer: 
    +---------------------------+----+-----------+-----+-----------+
    |            Name           | LUT| Input Size| Bits| Total Bits|
    +---------------------------+----+-----------+-----+-----------+
    |ap_done                    |   9|          2|    1|          2|
    |output_data_addr3_c_blk_n  |   9|          2|    1|          2|
    |outputs_c_blk_n            |   9|          2|    1|          2|
    |quant_mul_c_blk_n          |   9|          2|    1|          2|
    |quant_shift_c_blk_n        |   9|          2|    1|          2|
    |real_start                 |   9|          2|    1|          2|
    +---------------------------+----+-----------+-----+-----------+
    |Total                      |  54|         12|    6|         12|
    +---------------------------+----+-----------+-----+-----------+

    * Register: 
    +----------------+---+----+-----+-----------+
    |      Name      | FF| LUT| Bits| Const Bits|
    +----------------+---+----+-----+-----------+
    |ap_CS_fsm       |  1|   0|    1|          0|
    |ap_done_reg     |  1|   0|    1|          0|
    |start_once_reg  |  1|   0|    1|          0|
    +----------------+---+----+-----+-----------+
    |Total           |  3|   0|    3|          0|
    +----------------+---+----+-----+-----------+



================================================================
== Interface
================================================================
* Summary: 
+------------------------------------+-----+-----+------------+---------------------+--------------+
|              RTL Ports             | Dir | Bits|  Protocol  |    Source Object    |    C Type    |
+------------------------------------+-----+-----+------------+---------------------+--------------+
|ap_clk                              |   in|    1|  ap_ctrl_hs|           entry_proc|  return value|
|ap_rst                              |   in|    1|  ap_ctrl_hs|           entry_proc|  return value|
|ap_start                            |   in|    1|  ap_ctrl_hs|           entry_proc|  return value|
|start_full_n                        |   in|    1|  ap_ctrl_hs|           entry_proc|  return value|
|ap_done                             |  out|    1|  ap_ctrl_hs|           entry_proc|  return value|
|ap_continue                         |   in|    1|  ap_ctrl_hs|           entry_proc|  return value|
|ap_idle                             |  out|    1|  ap_ctrl_hs|           entry_proc|  return value|
|ap_ready                            |  out|    1|  ap_ctrl_hs|           entry_proc|  return value|
|start_out                           |  out|    1|  ap_ctrl_hs|           entry_proc|  return value|
|start_write                         |  out|    1|  ap_ctrl_hs|           entry_proc|  return value|
|output_data_addr3                   |   in|   32|     ap_none|    output_data_addr3|        scalar|
|output_data_addr3_c_din             |  out|   32|     ap_fifo|  output_data_addr3_c|       pointer|
|output_data_addr3_c_num_data_valid  |   in|    4|     ap_fifo|  output_data_addr3_c|       pointer|
|output_data_addr3_c_fifo_cap        |   in|    4|     ap_fifo|  output_data_addr3_c|       pointer|
|output_data_addr3_c_full_n          |   in|    1|     ap_fifo|  output_data_addr3_c|       pointer|
|output_data_addr3_c_write           |  out|    1|     ap_fifo|  output_data_addr3_c|       pointer|
|outputs                             |   in|   64|     ap_none|              outputs|        scalar|
|outputs_c_din                       |  out|   64|     ap_fifo|            outputs_c|       pointer|
|outputs_c_num_data_valid            |   in|    4|     ap_fifo|            outputs_c|       pointer|
|outputs_c_fifo_cap                  |   in|    4|     ap_fifo|            outputs_c|       pointer|
|outputs_c_full_n                    |   in|    1|     ap_fifo|            outputs_c|       pointer|
|outputs_c_write                     |  out|    1|     ap_fifo|            outputs_c|       pointer|
|quant_shift                         |   in|   32|     ap_none|          quant_shift|        scalar|
|quant_shift_c_din                   |  out|   32|     ap_fifo|        quant_shift_c|       pointer|
|quant_shift_c_num_data_valid        |   in|    3|     ap_fifo|        quant_shift_c|       pointer|
|quant_shift_c_fifo_cap              |   in|    3|     ap_fifo|        quant_shift_c|       pointer|
|quant_shift_c_full_n                |   in|    1|     ap_fifo|        quant_shift_c|       pointer|
|quant_shift_c_write                 |  out|    1|     ap_fifo|        quant_shift_c|       pointer|
|quant_mul                           |   in|   32|     ap_none|            quant_mul|        scalar|
|quant_mul_c_din                     |  out|   32|     ap_fifo|          quant_mul_c|       pointer|
|quant_mul_c_num_data_valid          |   in|    3|     ap_fifo|          quant_mul_c|       pointer|
|quant_mul_c_fifo_cap                |   in|    3|     ap_fifo|          quant_mul_c|       pointer|
|quant_mul_c_full_n                  |   in|    1|     ap_fifo|          quant_mul_c|       pointer|
|quant_mul_c_write                   |  out|    1|     ap_fifo|          quant_mul_c|       pointer|
+------------------------------------+-----+-----+------------+---------------------+--------------+

============================================================
+ Verbose Summary: Synthesis Manager
============================================================
InlineROM: 1
ExposeGlobal: 0
============================================================
+ Verbose Summary: CDFG Model
============================================================
IsTopModel: 0
ResetActiveHigh: 1
IsCombinational: 2
IsDatapathOnly: 0
HasWiredReturn: 1
HasMFsm: 0
HasVarLatency: 0
IsPipeline: 0
IsRtlPipelined: 0
IsInstanceOverlapped: 0
IsDontTouch: 0
HasImplIP: 0
IsGatedGlobalClock: 0


============================================================
+ Verbose Summary: Schedule
============================================================
* Number of FSM states : 1
* Pipeline : 0
* Dataflow Pipeline: 0

* FSM state transitions: 
1 --> 

* FSM state operations: 

State 1 <SV = 0> <Delay = 1.86>
ST_1 : Operation 2 [1/1] (0.00ns)   --->   "%specinterface_ln0 = specinterface void @_ssdm_op_SpecInterface, i32 %quant_mul_c, void @ap_fifo_str, i32 0, i32 0, void @p_str, i32 0, i32 0, void @p_str, void @p_str, void @p_str, i32 2, i32 2, i32 16, i32 16, void @p_str, void @ScalarProp_str, i32 4294967295, i32 0"   --->   Operation 2 'specinterface' 'specinterface_ln0' <Predicate = true> <Delay = 0.00>
ST_1 : Operation 3 [1/1] (0.00ns)   --->   "%quant_mul_read = read i32 @_ssdm_op_Read.ap_auto.i32, i32 %quant_mul"   --->   Operation 3 'read' 'quant_mul_read' <Predicate = true> <Delay = 0.00>
ST_1 : Operation 4 [1/1] (0.00ns)   --->   "%quant_shift_read = read i32 @_ssdm_op_Read.ap_auto.i32, i32 %quant_shift"   --->   Operation 4 'read' 'quant_shift_read' <Predicate = true> <Delay = 0.00>
ST_1 : Operation 5 [1/1] (0.00ns)   --->   "%outputs_read = read i64 @_ssdm_op_Read.ap_auto.i64, i64 %outputs"   --->   Operation 5 'read' 'outputs_read' <Predicate = true> <Delay = 0.00>
ST_1 : Operation 6 [1/1] (0.00ns)   --->   "%output_data_addr3_read = read i32 @_ssdm_op_Read.ap_auto.i32, i32 %output_data_addr3"   --->   Operation 6 'read' 'output_data_addr3_read' <Predicate = true> <Delay = 0.00>
ST_1 : Operation 7 [1/1] (1.83ns)   --->   "%write_ln0 = write void @_ssdm_op_Write.ap_fifo.i32P0A, i32 %quant_mul_c, i32 %quant_mul_read"   --->   Operation 7 'write' 'write_ln0' <Predicate = true> <Delay = 1.83> <CoreInst = "FIFO_SRL">   --->   Core 81 'FIFO_SRL' <Latency = 0> <II = 1> <Delay = 1.83> <Storage> <Opcode : 'read' 'write' 'nbread' 'nbwrite'> <Ports = 0> <Width = 32> <Depth = 4> <FIFO>
ST_1 : Operation 8 [1/1] (0.00ns)   --->   "%specinterface_ln0 = specinterface void @_ssdm_op_SpecInterface, i32 %quant_shift_c, void @ap_fifo_str, i32 0, i32 0, void @p_str, i32 0, i32 0, void @p_str, void @p_str, void @p_str, i32 2, i32 2, i32 16, i32 16, void @p_str, void @ScalarProp_str, i32 4294967295, i32 0"   --->   Operation 8 'specinterface' 'specinterface_ln0' <Predicate = true> <Delay = 0.00>
ST_1 : Operation 9 [1/1] (1.83ns)   --->   "%write_ln0 = write void @_ssdm_op_Write.ap_fifo.i32P0A, i32 %quant_shift_c, i32 %quant_shift_read"   --->   Operation 9 'write' 'write_ln0' <Predicate = true> <Delay = 1.83> <CoreInst = "FIFO_SRL">   --->   Core 81 'FIFO_SRL' <Latency = 0> <II = 1> <Delay = 1.83> <Storage> <Opcode : 'read' 'write' 'nbread' 'nbwrite'> <Ports = 0> <Width = 32> <Depth = 4> <FIFO>
ST_1 : Operation 10 [1/1] (0.00ns)   --->   "%specinterface_ln0 = specinterface void @_ssdm_op_SpecInterface, i64 %outputs_c, void @ap_fifo_str, i32 0, i32 0, void @p_str, i32 0, i32 0, void @p_str, void @p_str, void @p_str, i32 2, i32 2, i32 16, i32 16, void @p_str, void @ScalarProp_str, i32 4294967295, i32 0"   --->   Operation 10 'specinterface' 'specinterface_ln0' <Predicate = true> <Delay = 0.00>
ST_1 : Operation 11 [1/1] (1.86ns)   --->   "%write_ln0 = write void @_ssdm_op_Write.ap_fifo.i64P0A, i64 %outputs_c, i64 %outputs_read"   --->   Operation 11 'write' 'write_ln0' <Predicate = true> <Delay = 1.86> <CoreInst = "FIFO_SRL">   --->   Core 81 'FIFO_SRL' <Latency = 0> <II = 1> <Delay = 1.86> <Storage> <Opcode : 'read' 'write' 'nbread' 'nbwrite'> <Ports = 0> <Width = 64> <Depth = 5> <FIFO>
ST_1 : Operation 12 [1/1] (0.00ns)   --->   "%specinterface_ln0 = specinterface void @_ssdm_op_SpecInterface, i32 %output_data_addr3_c, void @ap_fifo_str, i32 0, i32 0, void @p_str, i32 0, i32 0, void @p_str, void @p_str, void @p_str, i32 2, i32 2, i32 16, i32 16, void @p_str, void @ScalarProp_str, i32 4294967295, i32 0"   --->   Operation 12 'specinterface' 'specinterface_ln0' <Predicate = true> <Delay = 0.00>
ST_1 : Operation 13 [1/1] (1.86ns)   --->   "%write_ln0 = write void @_ssdm_op_Write.ap_fifo.i32P0A, i32 %output_data_addr3_c, i32 %output_data_addr3_read"   --->   Operation 13 'write' 'write_ln0' <Predicate = true> <Delay = 1.86> <CoreInst = "FIFO_SRL">   --->   Core 81 'FIFO_SRL' <Latency = 0> <II = 1> <Delay = 1.86> <Storage> <Opcode : 'read' 'write' 'nbread' 'nbwrite'> <Ports = 0> <Width = 32> <Depth = 5> <FIFO>
ST_1 : Operation 14 [1/1] (0.00ns)   --->   "%ret_ln0 = ret"   --->   Operation 14 'ret' 'ret_ln0' <Predicate = true> <Delay = 0.00>


============================================================
+ Verbose Summary: Binding
============================================================
STG Binding: 
---------------- STG Properties BEGIN ----------------
- Is combinational: 0
- Is one-state seq: 1
- Is datapath-only: 0
- Is pipelined: 0
- Is top level: 0
Port [ Return ] is wired: 1; IO mode=ap_ctrl_hs:ce=0
Port [ output_data_addr3]:  wired=1; compound=0; hidden=0; nouse=0; global=0; static=0; extern=0; dir=0; type=0; pingpong=0; private_global=0; IO mode=ap_none:ce=0
Port [ output_data_addr3_c]:  wired=1; compound=1; hidden=0; nouse=0; global=0; static=0; extern=0; dir=1; type=3; pingpong=0; private_global=0; IO mode=ap_fifo:ce=0
Port [ outputs]:  wired=1; compound=0; hidden=0; nouse=0; global=0; static=0; extern=0; dir=0; type=0; pingpong=0; private_global=0; IO mode=ap_none:ce=0
Port [ outputs_c]:  wired=1; compound=1; hidden=0; nouse=0; global=0; static=0; extern=0; dir=1; type=3; pingpong=0; private_global=0; IO mode=ap_fifo:ce=0
Port [ quant_shift]:  wired=1; compound=0; hidden=0; nouse=0; global=0; static=0; extern=0; dir=0; type=0; pingpong=0; private_global=0; IO mode=ap_none:ce=0
Port [ quant_shift_c]:  wired=1; compound=1; hidden=0; nouse=0; global=0; static=0; extern=0; dir=1; type=3; pingpong=0; private_global=0; IO mode=ap_fifo:ce=0
Port [ quant_mul]:  wired=1; compound=0; hidden=0; nouse=0; global=0; static=0; extern=0; dir=0; type=0; pingpong=0; private_global=0; IO mode=ap_none:ce=0
Port [ quant_mul_c]:  wired=1; compound=1; hidden=0; nouse=0; global=0; static=0; extern=0; dir=1; type=3; pingpong=0; private_global=0; IO mode=ap_fifo:ce=0
---------------- STG Properties END ------------------

---------------- Datapath Model BEGIN ----------------

<LifeTime>
<method=bitvector/>
specinterface_ln0      (specinterface) [ 00]
quant_mul_read         (read         ) [ 00]
quant_shift_read       (read         ) [ 00]
outputs_read           (read         ) [ 00]
output_data_addr3_read (read         ) [ 00]
write_ln0              (write        ) [ 00]
specinterface_ln0      (specinterface) [ 00]
write_ln0              (write        ) [ 00]
specinterface_ln0      (specinterface) [ 00]
write_ln0              (write        ) [ 00]
specinterface_ln0      (specinterface) [ 00]
write_ln0              (write        ) [ 00]
ret_ln0                (ret          ) [ 00]
</LifeTime>

<model>

<comp_list>
<comp id="0" class="1000" name="output_data_addr3">
<pin_list>
<pin id="1" dir="1" index="0" bw="1" slack="0"/>
</pin_list>
<bind>
<StgValue><ssdm name="output_data_addr3"/></StgValue>
</bind>
</comp>

<comp id="2" class="1000" name="output_data_addr3_c">
<pin_list>
<pin id="3" dir="1" index="0" bw="1" slack="0"/>
</pin_list>
<bind>
<StgValue><ssdm name="output_data_addr3_c"/></StgValue>
</bind>
</comp>

<comp id="4" class="1000" name="outputs">
<pin_list>
<pin id="5" dir="1" index="0" bw="1" slack="0"/>
</pin_list>
<bind>
<StgValue><ssdm name="outputs"/></StgValue>
</bind>
</comp>

<comp id="6" class="1000" name="outputs_c">
<pin_list>
<pin id="7" dir="1" index="0" bw="1" slack="0"/>
</pin_list>
<bind>
<StgValue><ssdm name="outputs_c"/></StgValue>
</bind>
</comp>

<comp id="8" class="1000" name="quant_shift">
<pin_list>
<pin id="9" dir="1" index="0" bw="1" slack="0"/>
</pin_list>
<bind>
<StgValue><ssdm name="quant_shift"/></StgValue>
</bind>
</comp>

<comp id="10" class="1000" name="quant_shift_c">
<pin_list>
<pin id="11" dir="1" index="0" bw="1" slack="0"/>
</pin_list>
<bind>
<StgValue><ssdm name="quant_shift_c"/></StgValue>
</bind>
</comp>

<comp id="12" class="1000" name="quant_mul">
<pin_list>
<pin id="13" dir="1" index="0" bw="1" slack="0"/>
</pin_list>
<bind>
<StgValue><ssdm name="quant_mul"/></StgValue>
</bind>
</comp>

<comp id="14" class="1000" name="quant_mul_c">
<pin_list>
<pin id="15" dir="1" index="0" bw="1" slack="0"/>
</pin_list>
<bind>
<StgValue><ssdm name="quant_mul_c"/></StgValue>
</bind>
</comp>

<comp id="16" class="1001" name="const_16">
<pin_list>
<pin id="17" dir="1" index="0" bw="1" slack="2147483647"/>
</pin_list>
<bind>
<StgValue><ssdm name="_ssdm_op_SpecInterface"/></StgValue>
</bind>
</comp>

<comp id="18" class="1001" name="const_18">
<pin_list>
<pin id="19" dir="1" index="0" bw="1" slack="2147483647"/>
</pin_list>
<bind>
<StgValue><ssdm name="ap_fifo_str"/></StgValue>
</bind>
</comp>

<comp id="20" class="1001" name="const_20">
<pin_list>
<pin id="21" dir="1" index="0" bw="1" slack="2147483647"/>
</pin_list>
<bind>
<StgValue><ssdm name=""/></StgValue>
</bind>
</comp>

<comp id="22" class="1001" name="const_22">
<pin_list>
<pin id="23" dir="1" index="0" bw="1" slack="2147483647"/>
</pin_list>
<bind>
<StgValue><ssdm name="p_str"/></StgValue>
</bind>
</comp>

<comp id="24" class="1001" name="const_24">
<pin_list>
<pin id="25" dir="1" index="0" bw="1" slack="2147483647"/>
</pin_list>
<bind>
<StgValue><ssdm name=""/></StgValue>
</bind>
</comp>

<comp id="26" class="1001" name="const_26">
<pin_list>
<pin id="27" dir="1" index="0" bw="1" slack="2147483647"/>
</pin_list>
<bind>
<StgValue><ssdm name=""/></StgValue>
</bind>
</comp>

<comp id="28" class="1001" name="const_28">
<pin_list>
<pin id="29" dir="1" index="0" bw="1" slack="2147483647"/>
</pin_list>
<bind>
<StgValue><ssdm name="ScalarProp_str"/></StgValue>
</bind>
</comp>

<comp id="30" class="1001" name="const_30">
<pin_list>
<pin id="31" dir="1" index="0" bw="1" slack="2147483647"/>
</pin_list>
<bind>
<StgValue><ssdm name=""/></StgValue>
</bind>
</comp>

<comp id="32" class="1001" name="const_32">
<pin_list>
<pin id="33" dir="1" index="0" bw="1" slack="0"/>
</pin_list>
<bind>
<StgValue><ssdm name="_ssdm_op_Read.ap_auto.i32"/></StgValue>
</bind>
</comp>

<comp id="34" class="1001" name="const_34">
<pin_list>
<pin id="35" dir="1" index="0" bw="1" slack="0"/>
</pin_list>
<bind>
<StgValue><ssdm name="_ssdm_op_Read.ap_auto.i64"/></StgValue>
</bind>
</comp>

<comp id="36" class="1001" name="const_36">
<pin_list>
<pin id="37" dir="1" index="0" bw="1" slack="0"/>
</pin_list>
<bind>
<StgValue><ssdm name="_ssdm_op_Write.ap_fifo.i32P0A"/></StgValue>
</bind>
</comp>

<comp id="38" class="1001" name="const_38">
<pin_list>
<pin id="39" dir="1" index="0" bw="1" slack="0"/>
</pin_list>
<bind>
<StgValue><ssdm name="_ssdm_op_Write.ap_fifo.i64P0A"/></StgValue>
</bind>
</comp>

<comp id="40" class="1004" name="quant_mul_read_read_fu_40">
<pin_list>
<pin id="41" dir="0" index="0" bw="32" slack="0"/>
<pin id="42" dir="0" index="1" bw="32" slack="0"/>
<pin id="43" dir="1" index="2" bw="32" slack="0"/>
</pin_list>
<bind>
<opcode="read(1150) " fcode="read"/>
<opset="quant_mul_read/1 "/>
</bind>
</comp>

<comp id="46" class="1004" name="quant_shift_read_read_fu_46">
<pin_list>
<pin id="47" dir="0" index="0" bw="32" slack="0"/>
<pin id="48" dir="0" index="1" bw="32" slack="0"/>
<pin id="49" dir="1" index="2" bw="32" slack="0"/>
</pin_list>
<bind>
<opcode="read(1150) " fcode="read"/>
<opset="quant_shift_read/1 "/>
</bind>
</comp>

<comp id="52" class="1004" name="outputs_read_read_fu_52">
<pin_list>
<pin id="53" dir="0" index="0" bw="64" slack="0"/>
<pin id="54" dir="0" index="1" bw="64" slack="0"/>
<pin id="55" dir="1" index="2" bw="64" slack="0"/>
</pin_list>
<bind>
<opcode="read(1150) " fcode="read"/>
<opset="outputs_read/1 "/>
</bind>
</comp>

<comp id="58" class="1004" name="output_data_addr3_read_read_fu_58">
<pin_list>
<pin id="59" dir="0" index="0" bw="32" slack="0"/>
<pin id="60" dir="0" index="1" bw="32" slack="0"/>
<pin id="61" dir="1" index="2" bw="32" slack="0"/>
</pin_list>
<bind>
<opcode="read(1150) " fcode="read"/>
<opset="output_data_addr3_read/1 "/>
</bind>
</comp>

<comp id="64" class="1004" name="write_ln0_write_fu_64">
<pin_list>
<pin id="65" dir="0" index="0" bw="0" slack="0"/>
<pin id="66" dir="0" index="1" bw="32" slack="0"/>
<pin id="67" dir="0" index="2" bw="32" slack="0"/>
<pin id="68" dir="1" index="3" bw="0" slack="2147483647"/>
</pin_list>
<bind>
<opcode="write(1151) " fcode="write"/>
<opset="write_ln0/1 "/>
</bind>
</comp>

<comp id="72" class="1004" name="write_ln0_write_fu_72">
<pin_list>
<pin id="73" dir="0" index="0" bw="0" slack="0"/>
<pin id="74" dir="0" index="1" bw="32" slack="0"/>
<pin id="75" dir="0" index="2" bw="32" slack="0"/>
<pin id="76" dir="1" index="3" bw="0" slack="2147483647"/>
</pin_list>
<bind>
<opcode="write(1151) " fcode="write"/>
<opset="write_ln0/1 "/>
</bind>
</comp>

<comp id="80" class="1004" name="write_ln0_write_fu_80">
<pin_list>
<pin id="81" dir="0" index="0" bw="0" slack="0"/>
<pin id="82" dir="0" index="1" bw="64" slack="0"/>
<pin id="83" dir="0" index="2" bw="64" slack="0"/>
<pin id="84" dir="1" index="3" bw="0" slack="2147483647"/>
</pin_list>
<bind>
<opcode="write(1151) " fcode="write"/>
<opset="write_ln0/1 "/>
</bind>
</comp>

<comp id="88" class="1004" name="write_ln0_write_fu_88">
<pin_list>
<pin id="89" dir="0" index="0" bw="0" slack="0"/>
<pin id="90" dir="0" index="1" bw="32" slack="0"/>
<pin id="91" dir="0" index="2" bw="32" slack="0"/>
<pin id="92" dir="1" index="3" bw="0" slack="2147483647"/>
</pin_list>
<bind>
<opcode="write(1151) " fcode="write"/>
<opset="write_ln0/1 "/>
</bind>
</comp>

</comp_list>

<net_list>
<net id="44"><net_src comp="32" pin="0"/><net_sink comp="40" pin=0"/></net>

<net id="45"><net_src comp="12" pin="0"/><net_sink comp="40" pin=1"/></net>

<net id="50"><net_src comp="32" pin="0"/><net_sink comp="46" pin=0"/></net>

<net id="51"><net_src comp="8" pin="0"/><net_sink comp="46" pin=1"/></net>

<net id="56"><net_src comp="34" pin="0"/><net_sink comp="52" pin=0"/></net>

<net id="57"><net_src comp="4" pin="0"/><net_sink comp="52" pin=1"/></net>

<net id="62"><net_src comp="32" pin="0"/><net_sink comp="58" pin=0"/></net>

<net id="63"><net_src comp="0" pin="0"/><net_sink comp="58" pin=1"/></net>

<net id="69"><net_src comp="36" pin="0"/><net_sink comp="64" pin=0"/></net>

<net id="70"><net_src comp="14" pin="0"/><net_sink comp="64" pin=1"/></net>

<net id="71"><net_src comp="40" pin="2"/><net_sink comp="64" pin=2"/></net>

<net id="77"><net_src comp="36" pin="0"/><net_sink comp="72" pin=0"/></net>

<net id="78"><net_src comp="10" pin="0"/><net_sink comp="72" pin=1"/></net>

<net id="79"><net_src comp="46" pin="2"/><net_sink comp="72" pin=2"/></net>

<net id="85"><net_src comp="38" pin="0"/><net_sink comp="80" pin=0"/></net>

<net id="86"><net_src comp="6" pin="0"/><net_sink comp="80" pin=1"/></net>

<net id="87"><net_src comp="52" pin="2"/><net_sink comp="80" pin=2"/></net>

<net id="93"><net_src comp="36" pin="0"/><net_sink comp="88" pin=0"/></net>

<net id="94"><net_src comp="2" pin="0"/><net_sink comp="88" pin=1"/></net>

<net id="95"><net_src comp="58" pin="2"/><net_sink comp="88" pin=2"/></net>

</net_list>

</model> 
---------------- Datapath Model END ------------------

* FSMD analyzer results:
  - Output states:
	Port: output_data_addr3_c | {1 }
	Port: outputs_c | {1 }
	Port: quant_shift_c | {1 }
	Port: quant_mul_c | {1 }
 - Input state : 
	Port: entry_proc : output_data_addr3 | {1 }
	Port: entry_proc : output_data_addr3_c | {}
	Port: entry_proc : outputs | {1 }
	Port: entry_proc : outputs_c | {}
	Port: entry_proc : quant_shift | {1 }
	Port: entry_proc : quant_shift_c | {}
	Port: entry_proc : quant_mul | {1 }
	Port: entry_proc : quant_mul_c | {}
  - Chain level:
	State 1


============================================================
+ Verbose Summary: Datapath Resource usage 
============================================================

* Functional unit list:
|----------|-----------------------------------|
| Operation|          Functional Unit          |
|----------|-----------------------------------|
|          |     quant_mul_read_read_fu_40     |
|   read   |    quant_shift_read_read_fu_46    |
|          |      outputs_read_read_fu_52      |
|          | output_data_addr3_read_read_fu_58 |
|----------|-----------------------------------|
|          |       write_ln0_write_fu_64       |
|   write  |       write_ln0_write_fu_72       |
|          |       write_ln0_write_fu_80       |
|          |       write_ln0_write_fu_88       |
|----------|-----------------------------------|
|   Total  |                                   |
|----------|-----------------------------------|

Memories:
N/A

* Register list:
N/A

* Multiplexer (MUX) list: 
|--------|------|------|------|--------|
|  Comp  |  Pin | Size |  BW  | S x BW |
|--------|------|------|------|--------|
|  Total |      |      |      |    0   |
|--------|------|------|------|--------|



* Summary:
+-----------+
|           |
+-----------+
|  Function |
|   Memory  |
|Multiplexer|
|  Register |
+-----------+
|   Total   |
+-----------+
