

================================================================
== Vitis HLS Report for 'mul_ap_uint_256_ap_int_8_ap_int_8_32u_s'
================================================================
* Date:           Wed May 22 15:26:02 2024

* Version:        2022.2 (Build 3670227 on Oct 13 2022)
* Project:        Sparse_HLS.prj
* Solution:       sol (Vivado IP Flow Target)
* Product family: zynquplus
* Target device:  xczu7ev-ffvc1156-2-e


================================================================
== Performance Estimates
================================================================
+ Timing: 
    * Summary: 
    +--------+----------+----------+------------+
    |  Clock |  Target  | Estimated| Uncertainty|
    +--------+----------+----------+------------+
    |ap_clk  |  10.00 ns|  3.676 ns|     2.70 ns|
    +--------+----------+----------+------------+

+ Latency: 
    * Summary: 
    +---------+---------+----------+----------+-----+-----+---------+
    |  Latency (cycles) |  Latency (absolute) |  Interval | Pipeline|
    |   min   |   max   |    min   |    max   | min | max |   Type  |
    +---------+---------+----------+----------+-----+-----+---------+
    |        ?|        ?|         ?|         ?|    ?|    ?|       no|
    +---------+---------+----------+----------+-----+-----+---------+

    + Detail: 
        * Instance: 
        N/A

        * Loop: 
        +----------------------+---------+---------+----------+-----------+-----------+---------+----------+
        |                      |  Latency (cycles) | Iteration|  Initiation Interval  |   Trip  |          |
        |       Loop Name      |   min   |   max   |  Latency |  achieved |   target  |  Count  | Pipelined|
        +----------------------+---------+---------+----------+-----------+-----------+---------+----------+
        |- VITIS_LOOP_49_1     |        ?|        ?|         ?|          -|          -|        ?|        no|
        | + VITIS_LOOP_51_2    |        ?|        ?|  3 ~ 4593|          -|          -|        ?|        no|
        |  ++ VITIS_LOOP_56_3  |        0|     4590|        18|          -|          -|  0 ~ 255|        no|
        +----------------------+---------+---------+----------+-----------+-----------+---------+----------+

============================================================
+ Verbose Summary: Synthesis Manager
============================================================
InlineROM: 1
ExposeGlobal: 0
============================================================
+ Verbose Summary: CDFG Model
============================================================
IsTopModel: 0
ResetActiveHigh: 1
IsCombinational: 2
IsDatapathOnly: 0
HasWiredReturn: 1
HasMFsm: 0
HasVarLatency: 1
IsPipeline: 0
IsRtlPipelined: 0
IsInstanceOverlapped: 0
IsDontTouch: 0
HasImplIP: 0
IsGatedGlobalClock: 0


============================================================
+ Verbose Summary: Schedule
============================================================
* Number of FSM states : 22
* Pipeline : 0
* Dataflow Pipeline: 0

* FSM state transitions: 
1 --> 2 
2 --> 3 
3 --> 4 2 
4 --> 5 
5 --> 6 3 
6 --> 7 
7 --> 8 
8 --> 9 
9 --> 10 
10 --> 11 
11 --> 12 
12 --> 13 
13 --> 14 
14 --> 15 
15 --> 16 
16 --> 17 
17 --> 18 
18 --> 19 
19 --> 20 
20 --> 21 
21 --> 22 
22 --> 5 

* FSM state operations: 

State 1 <SV = 0> <Delay = 3.67>
ST_1 : Operation 23 [1/1] (0.00ns)   --->   "%block = alloca i32 1"   --->   Operation 23 'alloca' 'block' <Predicate = true> <Delay = 0.00>
ST_1 : Operation 24 [1/1] (0.00ns)   --->   "%specinterface_ln0 = specinterface void @_ssdm_op_SpecInterface, i32 %fm_COLS_c, void @ap_fifo_str, i32 0, i32 0, void @p_str, i32 0, i32 0, void @p_str, void @p_str, void @p_str, i32 2, i32 2, i32 16, i32 16, void @p_str, void @ScalarProp_str, i32 4294967295, i32 0"   --->   Operation 24 'specinterface' 'specinterface_ln0' <Predicate = true> <Delay = 0.00>
ST_1 : Operation 25 [1/1] (1.83ns)   --->   "%p_read_1 = read i32 @_ssdm_op_Read.ap_auto.i32, i32 %p_read1"   --->   Operation 25 'read' 'p_read_1' <Predicate = true> <Delay = 1.83> <CoreInst = "FIFO_SRL">   --->   Core 81 'FIFO_SRL' <Latency = 0> <II = 1> <Delay = 1.83> <Storage> <Opcode : 'read' 'write' 'nbread' 'nbwrite'> <Ports = 0> <Width = -1> <Depth = -1> <FIFO>
ST_1 : Operation 26 [1/1] (1.83ns)   --->   "%p_read_2 = read i32 @_ssdm_op_Read.ap_auto.i32, i32 %p_read"   --->   Operation 26 'read' 'p_read_2' <Predicate = true> <Delay = 1.83> <CoreInst = "FIFO_SRL">   --->   Core 81 'FIFO_SRL' <Latency = 0> <II = 1> <Delay = 1.83> <Storage> <Opcode : 'read' 'write' 'nbread' 'nbwrite'> <Ports = 0> <Width = -1> <Depth = -1> <FIFO>
ST_1 : Operation 27 [1/1] (1.83ns)   --->   "%write_ln0 = write void @_ssdm_op_Write.ap_fifo.i32P0A, i32 %fm_COLS_c, i32 %p_read_1"   --->   Operation 27 'write' 'write_ln0' <Predicate = true> <Delay = 1.83> <CoreInst = "FIFO_SRL">   --->   Core 81 'FIFO_SRL' <Latency = 0> <II = 1> <Delay = 1.83> <Storage> <Opcode : 'read' 'write' 'nbread' 'nbwrite'> <Ports = 0> <Width = 32> <Depth = 2> <FIFO>
ST_1 : Operation 28 [1/1] (0.00ns)   --->   "%specinterface_ln0 = specinterface void @_ssdm_op_SpecInterface, i32 %am_ROWS_c, void @ap_fifo_str, i32 0, i32 0, void @p_str, i32 0, i32 0, void @p_str, void @p_str, void @p_str, i32 2, i32 2, i32 16, i32 16, void @p_str, void @ScalarProp_str, i32 4294967295, i32 0"   --->   Operation 28 'specinterface' 'specinterface_ln0' <Predicate = true> <Delay = 0.00>
ST_1 : Operation 29 [1/1] (1.83ns)   --->   "%write_ln0 = write void @_ssdm_op_Write.ap_fifo.i32P0A, i32 %am_ROWS_c, i32 %p_read_2"   --->   Operation 29 'write' 'write_ln0' <Predicate = true> <Delay = 1.83> <CoreInst = "FIFO_SRL">   --->   Core 81 'FIFO_SRL' <Latency = 0> <II = 1> <Delay = 1.83> <Storage> <Opcode : 'read' 'write' 'nbread' 'nbwrite'> <Ports = 0> <Width = 32> <Depth = 2> <FIFO>
ST_1 : Operation 30 [1/1] (0.00ns)   --->   "%specinterface_ln0 = specinterface void @_ssdm_op_SpecInterface, i256 %data_out1, void @empty_17, i32 0, i32 0, void @empty_3, i32 0, i32 0, void @empty_3, void @empty_3, void @empty_3, i32 0, i32 0, i32 0, i32 0, void @empty_3, void @empty_3, i32 4294967295, i32 0"   --->   Operation 30 'specinterface' 'specinterface_ln0' <Predicate = true> <Delay = 0.00>
ST_1 : Operation 31 [1/1] (0.00ns)   --->   "%specpipeline_ln40 = specpipeline void @_ssdm_op_SpecPipeline, i32 1, i32 0, i32 0, i32 0, void @empty_3" [/home/ytq/codeField/Prediction_Model_Accelerator/CSIM/Sparse_HLS/Sparse_HLS/src/../include/helpers.hpp:40]   --->   Operation 31 'specpipeline' 'specpipeline_ln40' <Predicate = true> <Delay = 0.00>
ST_1 : Operation 32 [1/1] (0.00ns)   --->   "%trunc_ln = partselect i27 @_ssdm_op_PartSelect.i27.i32.i32.i32, i32 %p_read_1, i32 5, i32 31" [/home/ytq/codeField/Prediction_Model_Accelerator/CSIM/Sparse_HLS/Sparse_HLS/src/../include/helpers.hpp:49]   --->   Operation 32 'partselect' 'trunc_ln' <Predicate = true> <Delay = 0.00>
ST_1 : Operation 33 [1/1] (0.42ns)   --->   "%store_ln49 = store i27 0, i27 %block" [/home/ytq/codeField/Prediction_Model_Accelerator/CSIM/Sparse_HLS/Sparse_HLS/src/../include/helpers.hpp:49]   --->   Operation 33 'store' 'store_ln49' <Predicate = true> <Delay = 0.42>
ST_1 : Operation 34 [1/1] (0.00ns)   --->   "%br_ln49 = br void %VITIS_LOOP_51_2" [/home/ytq/codeField/Prediction_Model_Accelerator/CSIM/Sparse_HLS/Sparse_HLS/src/../include/helpers.hpp:49]   --->   Operation 34 'br' 'br_ln49' <Predicate = true> <Delay = 0.00>

State 2 <SV = 1> <Delay = 1.02>
ST_2 : Operation 35 [1/1] (0.00ns)   --->   "%block_1 = load i27 %block"   --->   Operation 35 'load' 'block_1' <Predicate = true> <Delay = 0.00>
ST_2 : Operation 36 [1/1] (1.02ns)   --->   "%icmp_ln49 = icmp_eq  i27 %block_1, i27 %trunc_ln" [/home/ytq/codeField/Prediction_Model_Accelerator/CSIM/Sparse_HLS/Sparse_HLS/src/../include/helpers.hpp:49]   --->   Operation 36 'icmp' 'icmp_ln49' <Predicate = true> <Delay = 1.02> <CoreInst = "Cmp">   --->   Core 9 'Cmp' <Latency = 0> <II = 1> <Delay = 1.02> <FuncUnit> <Opcode : 'icmp'> <InPorts = 2> <OutPorts = 1>
ST_2 : Operation 37 [1/1] (0.96ns)   --->   "%block_2 = add i27 %block_1, i27 1" [/home/ytq/codeField/Prediction_Model_Accelerator/CSIM/Sparse_HLS/Sparse_HLS/src/../include/helpers.hpp:49]   --->   Operation 37 'add' 'block_2' <Predicate = true> <Delay = 0.96> <CoreInst = "Adder">   --->   Core 1 'Adder' <Latency = 0> <II = 1> <Delay = 0.96> <FuncUnit> <Opcode : 'add' 'sub'> <InPorts = 2> <OutPorts = 1>
ST_2 : Operation 38 [1/1] (0.00ns)   --->   "%br_ln49 = br i1 %icmp_ln49, void %VITIS_LOOP_51_2.split, void %for.end33.loopexit" [/home/ytq/codeField/Prediction_Model_Accelerator/CSIM/Sparse_HLS/Sparse_HLS/src/../include/helpers.hpp:49]   --->   Operation 38 'br' 'br_ln49' <Predicate = true> <Delay = 0.00>
ST_2 : Operation 39 [1/1] (0.00ns)   --->   "%specloopname_ln49 = specloopname void @_ssdm_op_SpecLoopName, void @empty_15" [/home/ytq/codeField/Prediction_Model_Accelerator/CSIM/Sparse_HLS/Sparse_HLS/src/../include/helpers.hpp:49]   --->   Operation 39 'specloopname' 'specloopname_ln49' <Predicate = (!icmp_ln49)> <Delay = 0.00>
ST_2 : Operation 40 [1/1] (0.00ns)   --->   "%empty = trunc i27 %block_1"   --->   Operation 40 'trunc' 'empty' <Predicate = (!icmp_ln49)> <Delay = 0.00>
ST_2 : Operation 41 [1/1] (0.00ns)   --->   "%mul = bitconcatenate i9 @_ssdm_op_BitConcatenate.i9.i4.i5, i4 %empty, i5 0"   --->   Operation 41 'bitconcatenate' 'mul' <Predicate = (!icmp_ln49)> <Delay = 0.00>
ST_2 : Operation 42 [1/1] (0.42ns)   --->   "%br_ln51 = br void %for.body.i.i" [/home/ytq/codeField/Prediction_Model_Accelerator/CSIM/Sparse_HLS/Sparse_HLS/src/../include/helpers.hpp:51]   --->   Operation 42 'br' 'br_ln51' <Predicate = (!icmp_ln49)> <Delay = 0.42>
ST_2 : Operation 43 [1/1] (0.00ns)   --->   "%ret_ln66 = ret" [/home/ytq/codeField/Prediction_Model_Accelerator/CSIM/Sparse_HLS/Sparse_HLS/src/../include/helpers.hpp:66]   --->   Operation 43 'ret' 'ret_ln66' <Predicate = (icmp_ln49)> <Delay = 0.00>

State 3 <SV = 2> <Delay = 1.41>
ST_3 : Operation 44 [1/1] (0.00ns)   --->   "%row = phi i32 0, void %VITIS_LOOP_51_2.split, i32 %add_ln51, void %for.inc28.loopexit" [/home/ytq/codeField/Prediction_Model_Accelerator/CSIM/Sparse_HLS/Sparse_HLS/src/../include/helpers.hpp:51]   --->   Operation 44 'phi' 'row' <Predicate = true> <Delay = 0.00>
ST_3 : Operation 45 [1/1] (0.00ns)   --->   "%idx_ram_base = phi i32 0, void %VITIS_LOOP_51_2.split, i32 %idx_ram_base_1, void %for.inc28.loopexit"   --->   Operation 45 'phi' 'idx_ram_base' <Predicate = true> <Delay = 0.00>
ST_3 : Operation 46 [1/1] (0.00ns)   --->   "%zext_ln51 = zext i32 %row" [/home/ytq/codeField/Prediction_Model_Accelerator/CSIM/Sparse_HLS/Sparse_HLS/src/../include/helpers.hpp:51]   --->   Operation 46 'zext' 'zext_ln51' <Predicate = true> <Delay = 0.00>
ST_3 : Operation 47 [1/1] (0.99ns)   --->   "%icmp_ln51 = icmp_eq  i32 %row, i32 %p_read_2" [/home/ytq/codeField/Prediction_Model_Accelerator/CSIM/Sparse_HLS/Sparse_HLS/src/../include/helpers.hpp:51]   --->   Operation 47 'icmp' 'icmp_ln51' <Predicate = true> <Delay = 0.99> <CoreInst = "Cmp">   --->   Core 9 'Cmp' <Latency = 0> <II = 1> <Delay = 0.99> <FuncUnit> <Opcode : 'icmp'> <InPorts = 2> <OutPorts = 1>
ST_3 : Operation 48 [1/1] (1.01ns)   --->   "%add_ln51 = add i32 %row, i32 1" [/home/ytq/codeField/Prediction_Model_Accelerator/CSIM/Sparse_HLS/Sparse_HLS/src/../include/helpers.hpp:51]   --->   Operation 48 'add' 'add_ln51' <Predicate = true> <Delay = 1.01> <CoreInst = "Adder">   --->   Core 1 'Adder' <Latency = 0> <II = 1> <Delay = 1.01> <FuncUnit> <Opcode : 'add' 'sub'> <InPorts = 2> <OutPorts = 1>
ST_3 : Operation 49 [1/1] (0.00ns)   --->   "%br_ln51 = br i1 %icmp_ln51, void %for.body.i.i.split, void %for.inc31.loopexit" [/home/ytq/codeField/Prediction_Model_Accelerator/CSIM/Sparse_HLS/Sparse_HLS/src/../include/helpers.hpp:51]   --->   Operation 49 'br' 'br_ln51' <Predicate = true> <Delay = 0.00>
ST_3 : Operation 50 [1/1] (0.00ns)   --->   "%count_ram_addr = getelementptr i8 %count_ram, i64 0, i64 %zext_ln51" [/home/ytq/codeField/Prediction_Model_Accelerator/CSIM/Sparse_HLS/Sparse_HLS/src/../include/helpers.hpp:52]   --->   Operation 50 'getelementptr' 'count_ram_addr' <Predicate = (!icmp_ln51)> <Delay = 0.00>
ST_3 : Operation 51 [2/2] (0.67ns)   --->   "%idx_count = load i5 %count_ram_addr" [/home/ytq/codeField/Prediction_Model_Accelerator/CSIM/Sparse_HLS/Sparse_HLS/src/../include/helpers.hpp:52]   --->   Operation 51 'load' 'idx_count' <Predicate = (!icmp_ln51)> <Delay = 0.67> <CoreInst = "RAM">   --->   Core 83 'RAM' <Latency = 1> <II = 1> <Delay = 0.67> <Storage> <Opcode : 'load' 'store'> <Ports = 2> <Width = 8> <Depth = 32> <RAM>
ST_3 : Operation 52 [1/1] (0.42ns)   --->   "%store_ln49 = store i27 %block_2, i27 %block" [/home/ytq/codeField/Prediction_Model_Accelerator/CSIM/Sparse_HLS/Sparse_HLS/src/../include/helpers.hpp:49]   --->   Operation 52 'store' 'store_ln49' <Predicate = (icmp_ln51)> <Delay = 0.42>
ST_3 : Operation 53 [1/1] (0.00ns)   --->   "%br_ln49 = br void %VITIS_LOOP_51_2" [/home/ytq/codeField/Prediction_Model_Accelerator/CSIM/Sparse_HLS/Sparse_HLS/src/../include/helpers.hpp:49]   --->   Operation 53 'br' 'br_ln49' <Predicate = (icmp_ln51)> <Delay = 0.00>

State 4 <SV = 3> <Delay = 0.67>
ST_4 : Operation 54 [1/1] (0.00ns)   --->   "%specloopname_ln50 = specloopname void @_ssdm_op_SpecLoopName, void @empty_16" [/home/ytq/codeField/Prediction_Model_Accelerator/CSIM/Sparse_HLS/Sparse_HLS/src/../include/helpers.hpp:50]   --->   Operation 54 'specloopname' 'specloopname_ln50' <Predicate = true> <Delay = 0.00>
ST_4 : Operation 55 [1/2] (0.67ns)   --->   "%idx_count = load i5 %count_ram_addr" [/home/ytq/codeField/Prediction_Model_Accelerator/CSIM/Sparse_HLS/Sparse_HLS/src/../include/helpers.hpp:52]   --->   Operation 55 'load' 'idx_count' <Predicate = true> <Delay = 0.67> <CoreInst = "RAM">   --->   Core 83 'RAM' <Latency = 1> <II = 1> <Delay = 0.67> <Storage> <Opcode : 'load' 'store'> <Ports = 2> <Width = 8> <Depth = 32> <RAM>
ST_4 : Operation 56 [1/1] (0.00ns)   --->   "%zext_ln52 = zext i8 %idx_count" [/home/ytq/codeField/Prediction_Model_Accelerator/CSIM/Sparse_HLS/Sparse_HLS/src/../include/helpers.hpp:52]   --->   Operation 56 'zext' 'zext_ln52' <Predicate = true> <Delay = 0.00>
ST_4 : Operation 57 [1/1] (0.00ns)   --->   "%trunc_ln56 = trunc i32 %idx_ram_base" [/home/ytq/codeField/Prediction_Model_Accelerator/CSIM/Sparse_HLS/Sparse_HLS/src/../include/helpers.hpp:56]   --->   Operation 57 'trunc' 'trunc_ln56' <Predicate = true> <Delay = 0.00>
ST_4 : Operation 58 [1/1] (0.42ns)   --->   "%br_ln56 = br void %for.inc" [/home/ytq/codeField/Prediction_Model_Accelerator/CSIM/Sparse_HLS/Sparse_HLS/src/../include/helpers.hpp:56]   --->   Operation 58 'br' 'br_ln56' <Predicate = true> <Delay = 0.42>

State 5 <SV = 4> <Delay = 2.56>
ST_5 : Operation 59 [1/1] (0.00ns)   --->   "%count = phi i8 0, void %for.body.i.i.split, i8 %add_ln56, void %for.inc.split" [/home/ytq/codeField/Prediction_Model_Accelerator/CSIM/Sparse_HLS/Sparse_HLS/src/../include/helpers.hpp:56]   --->   Operation 59 'phi' 'count' <Predicate = true> <Delay = 0.00>
ST_5 : Operation 60 [1/1] (0.00ns)   --->   "%result_m_Val_V_62 = phi i8 0, void %for.body.i.i.split, i8 %add_ln59_31, void %for.inc.split" [/home/ytq/codeField/Prediction_Model_Accelerator/CSIM/Sparse_HLS/Sparse_HLS/src/../include/helpers.hpp:59]   --->   Operation 60 'phi' 'result_m_Val_V_62' <Predicate = true> <Delay = 0.00>
ST_5 : Operation 61 [1/1] (0.00ns)   --->   "%result_m_Val_V_61 = phi i8 0, void %for.body.i.i.split, i8 %add_ln59_30, void %for.inc.split" [/home/ytq/codeField/Prediction_Model_Accelerator/CSIM/Sparse_HLS/Sparse_HLS/src/../include/helpers.hpp:59]   --->   Operation 61 'phi' 'result_m_Val_V_61' <Predicate = true> <Delay = 0.00>
ST_5 : Operation 62 [1/1] (0.00ns)   --->   "%result_m_Val_V_60 = phi i8 0, void %for.body.i.i.split, i8 %add_ln59_29, void %for.inc.split" [/home/ytq/codeField/Prediction_Model_Accelerator/CSIM/Sparse_HLS/Sparse_HLS/src/../include/helpers.hpp:59]   --->   Operation 62 'phi' 'result_m_Val_V_60' <Predicate = true> <Delay = 0.00>
ST_5 : Operation 63 [1/1] (0.00ns)   --->   "%result_m_Val_V_59 = phi i8 0, void %for.body.i.i.split, i8 %add_ln59_28, void %for.inc.split" [/home/ytq/codeField/Prediction_Model_Accelerator/CSIM/Sparse_HLS/Sparse_HLS/src/../include/helpers.hpp:59]   --->   Operation 63 'phi' 'result_m_Val_V_59' <Predicate = true> <Delay = 0.00>
ST_5 : Operation 64 [1/1] (0.00ns)   --->   "%result_m_Val_V_58 = phi i8 0, void %for.body.i.i.split, i8 %add_ln59_27, void %for.inc.split" [/home/ytq/codeField/Prediction_Model_Accelerator/CSIM/Sparse_HLS/Sparse_HLS/src/../include/helpers.hpp:59]   --->   Operation 64 'phi' 'result_m_Val_V_58' <Predicate = true> <Delay = 0.00>
ST_5 : Operation 65 [1/1] (0.00ns)   --->   "%result_m_Val_V_57 = phi i8 0, void %for.body.i.i.split, i8 %add_ln59_26, void %for.inc.split" [/home/ytq/codeField/Prediction_Model_Accelerator/CSIM/Sparse_HLS/Sparse_HLS/src/../include/helpers.hpp:59]   --->   Operation 65 'phi' 'result_m_Val_V_57' <Predicate = true> <Delay = 0.00>
ST_5 : Operation 66 [1/1] (0.00ns)   --->   "%result_m_Val_V_56 = phi i8 0, void %for.body.i.i.split, i8 %add_ln59_25, void %for.inc.split" [/home/ytq/codeField/Prediction_Model_Accelerator/CSIM/Sparse_HLS/Sparse_HLS/src/../include/helpers.hpp:59]   --->   Operation 66 'phi' 'result_m_Val_V_56' <Predicate = true> <Delay = 0.00>
ST_5 : Operation 67 [1/1] (0.00ns)   --->   "%result_m_Val_V_55 = phi i8 0, void %for.body.i.i.split, i8 %add_ln59_24, void %for.inc.split" [/home/ytq/codeField/Prediction_Model_Accelerator/CSIM/Sparse_HLS/Sparse_HLS/src/../include/helpers.hpp:59]   --->   Operation 67 'phi' 'result_m_Val_V_55' <Predicate = true> <Delay = 0.00>
ST_5 : Operation 68 [1/1] (0.00ns)   --->   "%result_m_Val_V_54 = phi i8 0, void %for.body.i.i.split, i8 %add_ln59_23, void %for.inc.split" [/home/ytq/codeField/Prediction_Model_Accelerator/CSIM/Sparse_HLS/Sparse_HLS/src/../include/helpers.hpp:59]   --->   Operation 68 'phi' 'result_m_Val_V_54' <Predicate = true> <Delay = 0.00>
ST_5 : Operation 69 [1/1] (0.00ns)   --->   "%result_m_Val_V_53 = phi i8 0, void %for.body.i.i.split, i8 %add_ln59_22, void %for.inc.split" [/home/ytq/codeField/Prediction_Model_Accelerator/CSIM/Sparse_HLS/Sparse_HLS/src/../include/helpers.hpp:59]   --->   Operation 69 'phi' 'result_m_Val_V_53' <Predicate = true> <Delay = 0.00>
ST_5 : Operation 70 [1/1] (0.00ns)   --->   "%result_m_Val_V_52 = phi i8 0, void %for.body.i.i.split, i8 %add_ln59_21, void %for.inc.split" [/home/ytq/codeField/Prediction_Model_Accelerator/CSIM/Sparse_HLS/Sparse_HLS/src/../include/helpers.hpp:59]   --->   Operation 70 'phi' 'result_m_Val_V_52' <Predicate = true> <Delay = 0.00>
ST_5 : Operation 71 [1/1] (0.00ns)   --->   "%result_m_Val_V_51 = phi i8 0, void %for.body.i.i.split, i8 %add_ln59_20, void %for.inc.split" [/home/ytq/codeField/Prediction_Model_Accelerator/CSIM/Sparse_HLS/Sparse_HLS/src/../include/helpers.hpp:59]   --->   Operation 71 'phi' 'result_m_Val_V_51' <Predicate = true> <Delay = 0.00>
ST_5 : Operation 72 [1/1] (0.00ns)   --->   "%result_m_Val_V_50 = phi i8 0, void %for.body.i.i.split, i8 %add_ln59_19, void %for.inc.split" [/home/ytq/codeField/Prediction_Model_Accelerator/CSIM/Sparse_HLS/Sparse_HLS/src/../include/helpers.hpp:59]   --->   Operation 72 'phi' 'result_m_Val_V_50' <Predicate = true> <Delay = 0.00>
ST_5 : Operation 73 [1/1] (0.00ns)   --->   "%result_m_Val_V_49 = phi i8 0, void %for.body.i.i.split, i8 %add_ln59_18, void %for.inc.split" [/home/ytq/codeField/Prediction_Model_Accelerator/CSIM/Sparse_HLS/Sparse_HLS/src/../include/helpers.hpp:59]   --->   Operation 73 'phi' 'result_m_Val_V_49' <Predicate = true> <Delay = 0.00>
ST_5 : Operation 74 [1/1] (0.00ns)   --->   "%result_m_Val_V_48 = phi i8 0, void %for.body.i.i.split, i8 %add_ln59_17, void %for.inc.split" [/home/ytq/codeField/Prediction_Model_Accelerator/CSIM/Sparse_HLS/Sparse_HLS/src/../include/helpers.hpp:59]   --->   Operation 74 'phi' 'result_m_Val_V_48' <Predicate = true> <Delay = 0.00>
ST_5 : Operation 75 [1/1] (0.00ns)   --->   "%result_m_Val_V_47 = phi i8 0, void %for.body.i.i.split, i8 %add_ln59_16, void %for.inc.split" [/home/ytq/codeField/Prediction_Model_Accelerator/CSIM/Sparse_HLS/Sparse_HLS/src/../include/helpers.hpp:59]   --->   Operation 75 'phi' 'result_m_Val_V_47' <Predicate = true> <Delay = 0.00>
ST_5 : Operation 76 [1/1] (0.00ns)   --->   "%result_m_Val_V_46 = phi i8 0, void %for.body.i.i.split, i8 %add_ln59_15, void %for.inc.split" [/home/ytq/codeField/Prediction_Model_Accelerator/CSIM/Sparse_HLS/Sparse_HLS/src/../include/helpers.hpp:59]   --->   Operation 76 'phi' 'result_m_Val_V_46' <Predicate = true> <Delay = 0.00>
ST_5 : Operation 77 [1/1] (0.00ns)   --->   "%result_m_Val_V_45 = phi i8 0, void %for.body.i.i.split, i8 %add_ln59_14, void %for.inc.split" [/home/ytq/codeField/Prediction_Model_Accelerator/CSIM/Sparse_HLS/Sparse_HLS/src/../include/helpers.hpp:59]   --->   Operation 77 'phi' 'result_m_Val_V_45' <Predicate = true> <Delay = 0.00>
ST_5 : Operation 78 [1/1] (0.00ns)   --->   "%result_m_Val_V_44 = phi i8 0, void %for.body.i.i.split, i8 %add_ln59_13, void %for.inc.split" [/home/ytq/codeField/Prediction_Model_Accelerator/CSIM/Sparse_HLS/Sparse_HLS/src/../include/helpers.hpp:59]   --->   Operation 78 'phi' 'result_m_Val_V_44' <Predicate = true> <Delay = 0.00>
ST_5 : Operation 79 [1/1] (0.00ns)   --->   "%result_m_Val_V_43 = phi i8 0, void %for.body.i.i.split, i8 %add_ln59_12, void %for.inc.split" [/home/ytq/codeField/Prediction_Model_Accelerator/CSIM/Sparse_HLS/Sparse_HLS/src/../include/helpers.hpp:59]   --->   Operation 79 'phi' 'result_m_Val_V_43' <Predicate = true> <Delay = 0.00>
ST_5 : Operation 80 [1/1] (0.00ns)   --->   "%result_m_Val_V_42 = phi i8 0, void %for.body.i.i.split, i8 %add_ln59_11, void %for.inc.split" [/home/ytq/codeField/Prediction_Model_Accelerator/CSIM/Sparse_HLS/Sparse_HLS/src/../include/helpers.hpp:59]   --->   Operation 80 'phi' 'result_m_Val_V_42' <Predicate = true> <Delay = 0.00>
ST_5 : Operation 81 [1/1] (0.00ns)   --->   "%result_m_Val_V_41 = phi i8 0, void %for.body.i.i.split, i8 %add_ln59_10, void %for.inc.split" [/home/ytq/codeField/Prediction_Model_Accelerator/CSIM/Sparse_HLS/Sparse_HLS/src/../include/helpers.hpp:59]   --->   Operation 81 'phi' 'result_m_Val_V_41' <Predicate = true> <Delay = 0.00>
ST_5 : Operation 82 [1/1] (0.00ns)   --->   "%result_m_Val_V_40 = phi i8 0, void %for.body.i.i.split, i8 %add_ln59_9, void %for.inc.split" [/home/ytq/codeField/Prediction_Model_Accelerator/CSIM/Sparse_HLS/Sparse_HLS/src/../include/helpers.hpp:59]   --->   Operation 82 'phi' 'result_m_Val_V_40' <Predicate = true> <Delay = 0.00>
ST_5 : Operation 83 [1/1] (0.00ns)   --->   "%result_m_Val_V_39 = phi i8 0, void %for.body.i.i.split, i8 %add_ln59_8, void %for.inc.split" [/home/ytq/codeField/Prediction_Model_Accelerator/CSIM/Sparse_HLS/Sparse_HLS/src/../include/helpers.hpp:59]   --->   Operation 83 'phi' 'result_m_Val_V_39' <Predicate = true> <Delay = 0.00>
ST_5 : Operation 84 [1/1] (0.00ns)   --->   "%result_m_Val_V_38 = phi i8 0, void %for.body.i.i.split, i8 %add_ln59_7, void %for.inc.split" [/home/ytq/codeField/Prediction_Model_Accelerator/CSIM/Sparse_HLS/Sparse_HLS/src/../include/helpers.hpp:59]   --->   Operation 84 'phi' 'result_m_Val_V_38' <Predicate = true> <Delay = 0.00>
ST_5 : Operation 85 [1/1] (0.00ns)   --->   "%result_m_Val_V_37 = phi i8 0, void %for.body.i.i.split, i8 %add_ln59_6, void %for.inc.split" [/home/ytq/codeField/Prediction_Model_Accelerator/CSIM/Sparse_HLS/Sparse_HLS/src/../include/helpers.hpp:59]   --->   Operation 85 'phi' 'result_m_Val_V_37' <Predicate = true> <Delay = 0.00>
ST_5 : Operation 86 [1/1] (0.00ns)   --->   "%result_m_Val_V_36 = phi i8 0, void %for.body.i.i.split, i8 %add_ln59_5, void %for.inc.split" [/home/ytq/codeField/Prediction_Model_Accelerator/CSIM/Sparse_HLS/Sparse_HLS/src/../include/helpers.hpp:59]   --->   Operation 86 'phi' 'result_m_Val_V_36' <Predicate = true> <Delay = 0.00>
ST_5 : Operation 87 [1/1] (0.00ns)   --->   "%result_m_Val_V_35 = phi i8 0, void %for.body.i.i.split, i8 %add_ln59_4, void %for.inc.split" [/home/ytq/codeField/Prediction_Model_Accelerator/CSIM/Sparse_HLS/Sparse_HLS/src/../include/helpers.hpp:59]   --->   Operation 87 'phi' 'result_m_Val_V_35' <Predicate = true> <Delay = 0.00>
ST_5 : Operation 88 [1/1] (0.00ns)   --->   "%result_m_Val_V_34 = phi i8 0, void %for.body.i.i.split, i8 %add_ln59_3, void %for.inc.split" [/home/ytq/codeField/Prediction_Model_Accelerator/CSIM/Sparse_HLS/Sparse_HLS/src/../include/helpers.hpp:59]   --->   Operation 88 'phi' 'result_m_Val_V_34' <Predicate = true> <Delay = 0.00>
ST_5 : Operation 89 [1/1] (0.00ns)   --->   "%result_m_Val_V_33 = phi i8 0, void %for.body.i.i.split, i8 %add_ln59_2, void %for.inc.split" [/home/ytq/codeField/Prediction_Model_Accelerator/CSIM/Sparse_HLS/Sparse_HLS/src/../include/helpers.hpp:59]   --->   Operation 89 'phi' 'result_m_Val_V_33' <Predicate = true> <Delay = 0.00>
ST_5 : Operation 90 [1/1] (0.00ns)   --->   "%result_m_Val_V_32 = phi i8 0, void %for.body.i.i.split, i8 %add_ln59_1, void %for.inc.split" [/home/ytq/codeField/Prediction_Model_Accelerator/CSIM/Sparse_HLS/Sparse_HLS/src/../include/helpers.hpp:59]   --->   Operation 90 'phi' 'result_m_Val_V_32' <Predicate = true> <Delay = 0.00>
ST_5 : Operation 91 [1/1] (0.00ns)   --->   "%result_m_Val_V = phi i8 0, void %for.body.i.i.split, i8 %add_ln59, void %for.inc.split" [/home/ytq/codeField/Prediction_Model_Accelerator/CSIM/Sparse_HLS/Sparse_HLS/src/../include/helpers.hpp:59]   --->   Operation 91 'phi' 'result_m_Val_V' <Predicate = true> <Delay = 0.00>
ST_5 : Operation 92 [1/1] (0.00ns)   --->   "%zext_ln56 = zext i8 %count" [/home/ytq/codeField/Prediction_Model_Accelerator/CSIM/Sparse_HLS/Sparse_HLS/src/../include/helpers.hpp:56]   --->   Operation 92 'zext' 'zext_ln56' <Predicate = true> <Delay = 0.00>
ST_5 : Operation 93 [1/1] (0.84ns)   --->   "%icmp_ln56 = icmp_eq  i8 %count, i8 %idx_count" [/home/ytq/codeField/Prediction_Model_Accelerator/CSIM/Sparse_HLS/Sparse_HLS/src/../include/helpers.hpp:56]   --->   Operation 93 'icmp' 'icmp_ln56' <Predicate = true> <Delay = 0.84> <CoreInst = "Cmp">   --->   Core 9 'Cmp' <Latency = 0> <II = 1> <Delay = 0.84> <FuncUnit> <Opcode : 'icmp'> <InPorts = 2> <OutPorts = 1>
ST_5 : Operation 94 [1/1] (0.00ns)   --->   "%empty_41 = speclooptripcount i32 @_ssdm_op_SpecLoopTripCount, i64 0, i64 255, i64 0"   --->   Operation 94 'speclooptripcount' 'empty_41' <Predicate = true> <Delay = 0.00>
ST_5 : Operation 95 [1/1] (0.76ns)   --->   "%add_ln56 = add i8 %count, i8 1" [/home/ytq/codeField/Prediction_Model_Accelerator/CSIM/Sparse_HLS/Sparse_HLS/src/../include/helpers.hpp:56]   --->   Operation 95 'add' 'add_ln56' <Predicate = true> <Delay = 0.76> <CoreInst = "Adder">   --->   Core 1 'Adder' <Latency = 0> <II = 1> <Delay = 0.76> <FuncUnit> <Opcode : 'add' 'sub'> <InPorts = 2> <OutPorts = 1>
ST_5 : Operation 96 [1/1] (0.00ns)   --->   "%br_ln56 = br i1 %icmp_ln56, void %for.inc.split, void %for.inc28.loopexit" [/home/ytq/codeField/Prediction_Model_Accelerator/CSIM/Sparse_HLS/Sparse_HLS/src/../include/helpers.hpp:56]   --->   Operation 96 'br' 'br_ln56' <Predicate = true> <Delay = 0.00>
ST_5 : Operation 97 [1/1] (0.78ns)   --->   "%add_ln57 = add i10 %trunc_ln56, i10 %zext_ln56" [/home/ytq/codeField/Prediction_Model_Accelerator/CSIM/Sparse_HLS/Sparse_HLS/src/../include/helpers.hpp:57]   --->   Operation 97 'add' 'add_ln57' <Predicate = (!icmp_ln56)> <Delay = 0.78> <CoreInst = "Adder">   --->   Core 1 'Adder' <Latency = 0> <II = 1> <Delay = 0.78> <FuncUnit> <Opcode : 'add' 'sub'> <InPorts = 2> <OutPorts = 1>
ST_5 : Operation 98 [1/1] (0.00ns)   --->   "%zext_ln57 = zext i10 %add_ln57" [/home/ytq/codeField/Prediction_Model_Accelerator/CSIM/Sparse_HLS/Sparse_HLS/src/../include/helpers.hpp:57]   --->   Operation 98 'zext' 'zext_ln57' <Predicate = (!icmp_ln56)> <Delay = 0.00>
ST_5 : Operation 99 [1/1] (0.00ns)   --->   "%idx_ram_addr = getelementptr i8 %idx_ram, i64 0, i64 %zext_ln57" [/home/ytq/codeField/Prediction_Model_Accelerator/CSIM/Sparse_HLS/Sparse_HLS/src/../include/helpers.hpp:57]   --->   Operation 99 'getelementptr' 'idx_ram_addr' <Predicate = (!icmp_ln56)> <Delay = 0.00>
ST_5 : Operation 100 [2/2] (1.23ns)   --->   "%idx = load i10 %idx_ram_addr" [/home/ytq/codeField/Prediction_Model_Accelerator/CSIM/Sparse_HLS/Sparse_HLS/src/../include/helpers.hpp:57]   --->   Operation 100 'load' 'idx' <Predicate = (!icmp_ln56)> <Delay = 1.23> <CoreInst = "RAM">   --->   Core 83 'RAM' <Latency = 1> <II = 1> <Delay = 1.23> <Storage> <Opcode : 'load' 'store'> <Ports = 2> <Width = 8> <Depth = 1024> <RAM>
ST_5 : Operation 101 [1/1] (1.01ns)   --->   "%idx_ram_base_1 = add i32 %zext_ln52, i32 %idx_ram_base" [/home/ytq/codeField/Prediction_Model_Accelerator/CSIM/Sparse_HLS/Sparse_HLS/src/../include/helpers.hpp:62]   --->   Operation 101 'add' 'idx_ram_base_1' <Predicate = (icmp_ln56)> <Delay = 1.01> <CoreInst = "Adder">   --->   Core 1 'Adder' <Latency = 0> <II = 1> <Delay = 1.01> <FuncUnit> <Opcode : 'add' 'sub'> <InPorts = 2> <OutPorts = 1>
ST_5 : Operation 102 [1/1] (0.00ns)   --->   "%p_Result_s = bitconcatenate i256 @_ssdm_op_BitConcatenate.i256.i8.i8.i8.i8.i8.i8.i8.i8.i8.i8.i8.i8.i8.i8.i8.i8.i8.i8.i8.i8.i8.i8.i8.i8.i8.i8.i8.i8.i8.i8.i8.i8, i8 %result_m_Val_V_62, i8 %result_m_Val_V_61, i8 %result_m_Val_V_60, i8 %result_m_Val_V_59, i8 %result_m_Val_V_58, i8 %result_m_Val_V_57, i8 %result_m_Val_V_56, i8 %result_m_Val_V_55, i8 %result_m_Val_V_54, i8 %result_m_Val_V_53, i8 %result_m_Val_V_52, i8 %result_m_Val_V_51, i8 %result_m_Val_V_50, i8 %result_m_Val_V_49, i8 %result_m_Val_V_48, i8 %result_m_Val_V_47, i8 %result_m_Val_V_46, i8 %result_m_Val_V_45, i8 %result_m_Val_V_44, i8 %result_m_Val_V_43, i8 %result_m_Val_V_42, i8 %result_m_Val_V_41, i8 %result_m_Val_V_40, i8 %result_m_Val_V_39, i8 %result_m_Val_V_38, i8 %result_m_Val_V_37, i8 %result_m_Val_V_36, i8 %result_m_Val_V_35, i8 %result_m_Val_V_34, i8 %result_m_Val_V_33, i8 %result_m_Val_V_32, i8 %result_m_Val_V"   --->   Operation 102 'bitconcatenate' 'p_Result_s' <Predicate = (icmp_ln56)> <Delay = 0.00>
ST_5 : Operation 103 [1/1] (1.71ns)   --->   "%write_ln63 = write void @_ssdm_op_Write.ap_fifo.volatile.i256P0A, i256 %data_out1, i256 %p_Result_s" [/home/ytq/codeField/Prediction_Model_Accelerator/CSIM/Sparse_HLS/Sparse_HLS/src/../include/helpers.hpp:63]   --->   Operation 103 'write' 'write_ln63' <Predicate = (icmp_ln56)> <Delay = 1.71> <CoreInst = "FIFO">   --->   Core 78 'FIFO' <Latency = 0> <II = 1> <Delay = 1.71> <Storage> <Opcode : 'read' 'write' 'nbread' 'nbwrite'> <Ports = 0> <Width = 256> <Depth = 512> <FIFO>
ST_5 : Operation 104 [1/1] (0.00ns)   --->   "%br_ln51 = br void %for.body.i.i" [/home/ytq/codeField/Prediction_Model_Accelerator/CSIM/Sparse_HLS/Sparse_HLS/src/../include/helpers.hpp:51]   --->   Operation 104 'br' 'br_ln51' <Predicate = (icmp_ln56)> <Delay = 0.00>

State 6 <SV = 5> <Delay = 3.25>
ST_6 : Operation 105 [1/2] (1.23ns)   --->   "%idx = load i10 %idx_ram_addr" [/home/ytq/codeField/Prediction_Model_Accelerator/CSIM/Sparse_HLS/Sparse_HLS/src/../include/helpers.hpp:57]   --->   Operation 105 'load' 'idx' <Predicate = true> <Delay = 1.23> <CoreInst = "RAM">   --->   Core 83 'RAM' <Latency = 1> <II = 1> <Delay = 1.23> <Storage> <Opcode : 'load' 'store'> <Ports = 2> <Width = 8> <Depth = 1024> <RAM>
ST_6 : Operation 106 [1/1] (0.00ns)   --->   "%idx_cast = zext i8 %idx" [/home/ytq/codeField/Prediction_Model_Accelerator/CSIM/Sparse_HLS/Sparse_HLS/src/../include/helpers.hpp:57]   --->   Operation 106 'zext' 'idx_cast' <Predicate = true> <Delay = 0.00>
ST_6 : Operation 107 [1/1] (0.77ns)   --->   "%add17 = add i9 %mul, i9 %idx_cast" [/home/ytq/codeField/Prediction_Model_Accelerator/CSIM/Sparse_HLS/Sparse_HLS/src/../include/helpers.hpp:57]   --->   Operation 107 'add' 'add17' <Predicate = true> <Delay = 0.77> <CoreInst = "Adder">   --->   Core 1 'Adder' <Latency = 0> <II = 1> <Delay = 0.77> <FuncUnit> <Opcode : 'add' 'sub'> <InPorts = 2> <OutPorts = 1>
ST_6 : Operation 108 [1/1] (0.00ns)   --->   "%tmp_1 = bitconcatenate i14 @_ssdm_op_BitConcatenate.i14.i9.i5, i9 %add17, i5 0"   --->   Operation 108 'bitconcatenate' 'tmp_1' <Predicate = true> <Delay = 0.00>
ST_6 : Operation 109 [1/1] (0.00ns)   --->   "%zext_ln186 = zext i14 %tmp_1"   --->   Operation 109 'zext' 'zext_ln186' <Predicate = true> <Delay = 0.00>
ST_6 : Operation 110 [1/1] (0.00ns)   --->   "%fm_ram_addr = getelementptr i8 %fm_ram, i64 0, i64 %zext_ln186"   --->   Operation 110 'getelementptr' 'fm_ram_addr' <Predicate = true> <Delay = 0.00>
ST_6 : Operation 111 [1/1] (0.00ns)   --->   "%or_ln186 = or i14 %tmp_1, i14 1"   --->   Operation 111 'or' 'or_ln186' <Predicate = true> <Delay = 0.00>
ST_6 : Operation 112 [1/1] (0.00ns)   --->   "%zext_ln186_1 = zext i14 %or_ln186"   --->   Operation 112 'zext' 'zext_ln186_1' <Predicate = true> <Delay = 0.00>
ST_6 : Operation 113 [1/1] (0.00ns)   --->   "%fm_ram_addr_1 = getelementptr i8 %fm_ram, i64 0, i64 %zext_ln186_1"   --->   Operation 113 'getelementptr' 'fm_ram_addr_1' <Predicate = true> <Delay = 0.00>
ST_6 : Operation 114 [2/2] (1.23ns)   --->   "%fm_ram_load = load i14 %fm_ram_addr"   --->   Operation 114 'load' 'fm_ram_load' <Predicate = true> <Delay = 1.23> <CoreInst = "RAM">   --->   Core 83 'RAM' <Latency = 1> <II = 1> <Delay = 1.23> <Storage> <Opcode : 'load' 'store'> <Ports = 2> <Width = 8> <Depth = 16384> <RAM>
ST_6 : Operation 115 [2/2] (1.23ns)   --->   "%fm_ram_load_1 = load i14 %fm_ram_addr_1"   --->   Operation 115 'load' 'fm_ram_load_1' <Predicate = true> <Delay = 1.23> <CoreInst = "RAM">   --->   Core 83 'RAM' <Latency = 1> <II = 1> <Delay = 1.23> <Storage> <Opcode : 'load' 'store'> <Ports = 2> <Width = 8> <Depth = 16384> <RAM>

State 7 <SV = 6> <Delay = 2.00>
ST_7 : Operation 116 [1/1] (0.00ns)   --->   "%or_ln186_1 = or i14 %tmp_1, i14 2"   --->   Operation 116 'or' 'or_ln186_1' <Predicate = true> <Delay = 0.00>
ST_7 : Operation 117 [1/1] (0.00ns)   --->   "%zext_ln186_2 = zext i14 %or_ln186_1"   --->   Operation 117 'zext' 'zext_ln186_2' <Predicate = true> <Delay = 0.00>
ST_7 : Operation 118 [1/1] (0.00ns)   --->   "%fm_ram_addr_2 = getelementptr i8 %fm_ram, i64 0, i64 %zext_ln186_2"   --->   Operation 118 'getelementptr' 'fm_ram_addr_2' <Predicate = true> <Delay = 0.00>
ST_7 : Operation 119 [1/1] (0.00ns)   --->   "%or_ln186_2 = or i14 %tmp_1, i14 3"   --->   Operation 119 'or' 'or_ln186_2' <Predicate = true> <Delay = 0.00>
ST_7 : Operation 120 [1/1] (0.00ns)   --->   "%zext_ln186_3 = zext i14 %or_ln186_2"   --->   Operation 120 'zext' 'zext_ln186_3' <Predicate = true> <Delay = 0.00>
ST_7 : Operation 121 [1/1] (0.00ns)   --->   "%fm_ram_addr_3 = getelementptr i8 %fm_ram, i64 0, i64 %zext_ln186_3"   --->   Operation 121 'getelementptr' 'fm_ram_addr_3' <Predicate = true> <Delay = 0.00>
ST_7 : Operation 122 [1/2] (1.23ns)   --->   "%fm_ram_load = load i14 %fm_ram_addr"   --->   Operation 122 'load' 'fm_ram_load' <Predicate = true> <Delay = 1.23> <CoreInst = "RAM">   --->   Core 83 'RAM' <Latency = 1> <II = 1> <Delay = 1.23> <Storage> <Opcode : 'load' 'store'> <Ports = 2> <Width = 8> <Depth = 16384> <RAM>
ST_7 : Operation 123 [1/1] (0.76ns)   --->   "%add_ln59 = add i8 %fm_ram_load, i8 %result_m_Val_V" [/home/ytq/codeField/Prediction_Model_Accelerator/CSIM/Sparse_HLS/Sparse_HLS/src/../include/helpers.hpp:59]   --->   Operation 123 'add' 'add_ln59' <Predicate = true> <Delay = 0.76> <CoreInst = "Adder">   --->   Core 1 'Adder' <Latency = 0> <II = 1> <Delay = 0.76> <FuncUnit> <Opcode : 'add' 'sub'> <InPorts = 2> <OutPorts = 1>
ST_7 : Operation 124 [1/2] (1.23ns)   --->   "%fm_ram_load_1 = load i14 %fm_ram_addr_1"   --->   Operation 124 'load' 'fm_ram_load_1' <Predicate = true> <Delay = 1.23> <CoreInst = "RAM">   --->   Core 83 'RAM' <Latency = 1> <II = 1> <Delay = 1.23> <Storage> <Opcode : 'load' 'store'> <Ports = 2> <Width = 8> <Depth = 16384> <RAM>
ST_7 : Operation 125 [1/1] (0.76ns)   --->   "%add_ln59_1 = add i8 %fm_ram_load_1, i8 %result_m_Val_V_32" [/home/ytq/codeField/Prediction_Model_Accelerator/CSIM/Sparse_HLS/Sparse_HLS/src/../include/helpers.hpp:59]   --->   Operation 125 'add' 'add_ln59_1' <Predicate = true> <Delay = 0.76> <CoreInst = "Adder">   --->   Core 1 'Adder' <Latency = 0> <II = 1> <Delay = 0.76> <FuncUnit> <Opcode : 'add' 'sub'> <InPorts = 2> <OutPorts = 1>
ST_7 : Operation 126 [2/2] (1.23ns)   --->   "%fm_ram_load_2 = load i14 %fm_ram_addr_2"   --->   Operation 126 'load' 'fm_ram_load_2' <Predicate = true> <Delay = 1.23> <CoreInst = "RAM">   --->   Core 83 'RAM' <Latency = 1> <II = 1> <Delay = 1.23> <Storage> <Opcode : 'load' 'store'> <Ports = 2> <Width = 8> <Depth = 16384> <RAM>
ST_7 : Operation 127 [2/2] (1.23ns)   --->   "%fm_ram_load_3 = load i14 %fm_ram_addr_3"   --->   Operation 127 'load' 'fm_ram_load_3' <Predicate = true> <Delay = 1.23> <CoreInst = "RAM">   --->   Core 83 'RAM' <Latency = 1> <II = 1> <Delay = 1.23> <Storage> <Opcode : 'load' 'store'> <Ports = 2> <Width = 8> <Depth = 16384> <RAM>

State 8 <SV = 7> <Delay = 2.00>
ST_8 : Operation 128 [1/1] (0.00ns)   --->   "%or_ln186_3 = or i14 %tmp_1, i14 4"   --->   Operation 128 'or' 'or_ln186_3' <Predicate = true> <Delay = 0.00>
ST_8 : Operation 129 [1/1] (0.00ns)   --->   "%zext_ln186_4 = zext i14 %or_ln186_3"   --->   Operation 129 'zext' 'zext_ln186_4' <Predicate = true> <Delay = 0.00>
ST_8 : Operation 130 [1/1] (0.00ns)   --->   "%fm_ram_addr_4 = getelementptr i8 %fm_ram, i64 0, i64 %zext_ln186_4"   --->   Operation 130 'getelementptr' 'fm_ram_addr_4' <Predicate = true> <Delay = 0.00>
ST_8 : Operation 131 [1/1] (0.00ns)   --->   "%or_ln186_4 = or i14 %tmp_1, i14 5"   --->   Operation 131 'or' 'or_ln186_4' <Predicate = true> <Delay = 0.00>
ST_8 : Operation 132 [1/1] (0.00ns)   --->   "%zext_ln186_5 = zext i14 %or_ln186_4"   --->   Operation 132 'zext' 'zext_ln186_5' <Predicate = true> <Delay = 0.00>
ST_8 : Operation 133 [1/1] (0.00ns)   --->   "%fm_ram_addr_5 = getelementptr i8 %fm_ram, i64 0, i64 %zext_ln186_5"   --->   Operation 133 'getelementptr' 'fm_ram_addr_5' <Predicate = true> <Delay = 0.00>
ST_8 : Operation 134 [1/2] (1.23ns)   --->   "%fm_ram_load_2 = load i14 %fm_ram_addr_2"   --->   Operation 134 'load' 'fm_ram_load_2' <Predicate = true> <Delay = 1.23> <CoreInst = "RAM">   --->   Core 83 'RAM' <Latency = 1> <II = 1> <Delay = 1.23> <Storage> <Opcode : 'load' 'store'> <Ports = 2> <Width = 8> <Depth = 16384> <RAM>
ST_8 : Operation 135 [1/1] (0.76ns)   --->   "%add_ln59_2 = add i8 %fm_ram_load_2, i8 %result_m_Val_V_33" [/home/ytq/codeField/Prediction_Model_Accelerator/CSIM/Sparse_HLS/Sparse_HLS/src/../include/helpers.hpp:59]   --->   Operation 135 'add' 'add_ln59_2' <Predicate = true> <Delay = 0.76> <CoreInst = "Adder">   --->   Core 1 'Adder' <Latency = 0> <II = 1> <Delay = 0.76> <FuncUnit> <Opcode : 'add' 'sub'> <InPorts = 2> <OutPorts = 1>
ST_8 : Operation 136 [1/2] (1.23ns)   --->   "%fm_ram_load_3 = load i14 %fm_ram_addr_3"   --->   Operation 136 'load' 'fm_ram_load_3' <Predicate = true> <Delay = 1.23> <CoreInst = "RAM">   --->   Core 83 'RAM' <Latency = 1> <II = 1> <Delay = 1.23> <Storage> <Opcode : 'load' 'store'> <Ports = 2> <Width = 8> <Depth = 16384> <RAM>
ST_8 : Operation 137 [1/1] (0.76ns)   --->   "%add_ln59_3 = add i8 %fm_ram_load_3, i8 %result_m_Val_V_34" [/home/ytq/codeField/Prediction_Model_Accelerator/CSIM/Sparse_HLS/Sparse_HLS/src/../include/helpers.hpp:59]   --->   Operation 137 'add' 'add_ln59_3' <Predicate = true> <Delay = 0.76> <CoreInst = "Adder">   --->   Core 1 'Adder' <Latency = 0> <II = 1> <Delay = 0.76> <FuncUnit> <Opcode : 'add' 'sub'> <InPorts = 2> <OutPorts = 1>
ST_8 : Operation 138 [2/2] (1.23ns)   --->   "%fm_ram_load_4 = load i14 %fm_ram_addr_4"   --->   Operation 138 'load' 'fm_ram_load_4' <Predicate = true> <Delay = 1.23> <CoreInst = "RAM">   --->   Core 83 'RAM' <Latency = 1> <II = 1> <Delay = 1.23> <Storage> <Opcode : 'load' 'store'> <Ports = 2> <Width = 8> <Depth = 16384> <RAM>
ST_8 : Operation 139 [2/2] (1.23ns)   --->   "%fm_ram_load_5 = load i14 %fm_ram_addr_5"   --->   Operation 139 'load' 'fm_ram_load_5' <Predicate = true> <Delay = 1.23> <CoreInst = "RAM">   --->   Core 83 'RAM' <Latency = 1> <II = 1> <Delay = 1.23> <Storage> <Opcode : 'load' 'store'> <Ports = 2> <Width = 8> <Depth = 16384> <RAM>

State 9 <SV = 8> <Delay = 2.00>
ST_9 : Operation 140 [1/1] (0.00ns)   --->   "%or_ln186_5 = or i14 %tmp_1, i14 6"   --->   Operation 140 'or' 'or_ln186_5' <Predicate = true> <Delay = 0.00>
ST_9 : Operation 141 [1/1] (0.00ns)   --->   "%zext_ln186_6 = zext i14 %or_ln186_5"   --->   Operation 141 'zext' 'zext_ln186_6' <Predicate = true> <Delay = 0.00>
ST_9 : Operation 142 [1/1] (0.00ns)   --->   "%fm_ram_addr_6 = getelementptr i8 %fm_ram, i64 0, i64 %zext_ln186_6"   --->   Operation 142 'getelementptr' 'fm_ram_addr_6' <Predicate = true> <Delay = 0.00>
ST_9 : Operation 143 [1/1] (0.00ns)   --->   "%or_ln186_6 = or i14 %tmp_1, i14 7"   --->   Operation 143 'or' 'or_ln186_6' <Predicate = true> <Delay = 0.00>
ST_9 : Operation 144 [1/1] (0.00ns)   --->   "%zext_ln186_7 = zext i14 %or_ln186_6"   --->   Operation 144 'zext' 'zext_ln186_7' <Predicate = true> <Delay = 0.00>
ST_9 : Operation 145 [1/1] (0.00ns)   --->   "%fm_ram_addr_7 = getelementptr i8 %fm_ram, i64 0, i64 %zext_ln186_7"   --->   Operation 145 'getelementptr' 'fm_ram_addr_7' <Predicate = true> <Delay = 0.00>
ST_9 : Operation 146 [1/2] (1.23ns)   --->   "%fm_ram_load_4 = load i14 %fm_ram_addr_4"   --->   Operation 146 'load' 'fm_ram_load_4' <Predicate = true> <Delay = 1.23> <CoreInst = "RAM">   --->   Core 83 'RAM' <Latency = 1> <II = 1> <Delay = 1.23> <Storage> <Opcode : 'load' 'store'> <Ports = 2> <Width = 8> <Depth = 16384> <RAM>
ST_9 : Operation 147 [1/1] (0.76ns)   --->   "%add_ln59_4 = add i8 %fm_ram_load_4, i8 %result_m_Val_V_35" [/home/ytq/codeField/Prediction_Model_Accelerator/CSIM/Sparse_HLS/Sparse_HLS/src/../include/helpers.hpp:59]   --->   Operation 147 'add' 'add_ln59_4' <Predicate = true> <Delay = 0.76> <CoreInst = "Adder">   --->   Core 1 'Adder' <Latency = 0> <II = 1> <Delay = 0.76> <FuncUnit> <Opcode : 'add' 'sub'> <InPorts = 2> <OutPorts = 1>
ST_9 : Operation 148 [1/2] (1.23ns)   --->   "%fm_ram_load_5 = load i14 %fm_ram_addr_5"   --->   Operation 148 'load' 'fm_ram_load_5' <Predicate = true> <Delay = 1.23> <CoreInst = "RAM">   --->   Core 83 'RAM' <Latency = 1> <II = 1> <Delay = 1.23> <Storage> <Opcode : 'load' 'store'> <Ports = 2> <Width = 8> <Depth = 16384> <RAM>
ST_9 : Operation 149 [1/1] (0.76ns)   --->   "%add_ln59_5 = add i8 %fm_ram_load_5, i8 %result_m_Val_V_36" [/home/ytq/codeField/Prediction_Model_Accelerator/CSIM/Sparse_HLS/Sparse_HLS/src/../include/helpers.hpp:59]   --->   Operation 149 'add' 'add_ln59_5' <Predicate = true> <Delay = 0.76> <CoreInst = "Adder">   --->   Core 1 'Adder' <Latency = 0> <II = 1> <Delay = 0.76> <FuncUnit> <Opcode : 'add' 'sub'> <InPorts = 2> <OutPorts = 1>
ST_9 : Operation 150 [2/2] (1.23ns)   --->   "%fm_ram_load_6 = load i14 %fm_ram_addr_6"   --->   Operation 150 'load' 'fm_ram_load_6' <Predicate = true> <Delay = 1.23> <CoreInst = "RAM">   --->   Core 83 'RAM' <Latency = 1> <II = 1> <Delay = 1.23> <Storage> <Opcode : 'load' 'store'> <Ports = 2> <Width = 8> <Depth = 16384> <RAM>
ST_9 : Operation 151 [2/2] (1.23ns)   --->   "%fm_ram_load_7 = load i14 %fm_ram_addr_7"   --->   Operation 151 'load' 'fm_ram_load_7' <Predicate = true> <Delay = 1.23> <CoreInst = "RAM">   --->   Core 83 'RAM' <Latency = 1> <II = 1> <Delay = 1.23> <Storage> <Opcode : 'load' 'store'> <Ports = 2> <Width = 8> <Depth = 16384> <RAM>

State 10 <SV = 9> <Delay = 2.00>
ST_10 : Operation 152 [1/1] (0.00ns)   --->   "%or_ln186_7 = or i14 %tmp_1, i14 8"   --->   Operation 152 'or' 'or_ln186_7' <Predicate = true> <Delay = 0.00>
ST_10 : Operation 153 [1/1] (0.00ns)   --->   "%zext_ln186_8 = zext i14 %or_ln186_7"   --->   Operation 153 'zext' 'zext_ln186_8' <Predicate = true> <Delay = 0.00>
ST_10 : Operation 154 [1/1] (0.00ns)   --->   "%fm_ram_addr_8 = getelementptr i8 %fm_ram, i64 0, i64 %zext_ln186_8"   --->   Operation 154 'getelementptr' 'fm_ram_addr_8' <Predicate = true> <Delay = 0.00>
ST_10 : Operation 155 [1/1] (0.00ns)   --->   "%or_ln186_8 = or i14 %tmp_1, i14 9"   --->   Operation 155 'or' 'or_ln186_8' <Predicate = true> <Delay = 0.00>
ST_10 : Operation 156 [1/1] (0.00ns)   --->   "%zext_ln186_9 = zext i14 %or_ln186_8"   --->   Operation 156 'zext' 'zext_ln186_9' <Predicate = true> <Delay = 0.00>
ST_10 : Operation 157 [1/1] (0.00ns)   --->   "%fm_ram_addr_9 = getelementptr i8 %fm_ram, i64 0, i64 %zext_ln186_9"   --->   Operation 157 'getelementptr' 'fm_ram_addr_9' <Predicate = true> <Delay = 0.00>
ST_10 : Operation 158 [1/2] (1.23ns)   --->   "%fm_ram_load_6 = load i14 %fm_ram_addr_6"   --->   Operation 158 'load' 'fm_ram_load_6' <Predicate = true> <Delay = 1.23> <CoreInst = "RAM">   --->   Core 83 'RAM' <Latency = 1> <II = 1> <Delay = 1.23> <Storage> <Opcode : 'load' 'store'> <Ports = 2> <Width = 8> <Depth = 16384> <RAM>
ST_10 : Operation 159 [1/1] (0.76ns)   --->   "%add_ln59_6 = add i8 %fm_ram_load_6, i8 %result_m_Val_V_37" [/home/ytq/codeField/Prediction_Model_Accelerator/CSIM/Sparse_HLS/Sparse_HLS/src/../include/helpers.hpp:59]   --->   Operation 159 'add' 'add_ln59_6' <Predicate = true> <Delay = 0.76> <CoreInst = "Adder">   --->   Core 1 'Adder' <Latency = 0> <II = 1> <Delay = 0.76> <FuncUnit> <Opcode : 'add' 'sub'> <InPorts = 2> <OutPorts = 1>
ST_10 : Operation 160 [1/2] (1.23ns)   --->   "%fm_ram_load_7 = load i14 %fm_ram_addr_7"   --->   Operation 160 'load' 'fm_ram_load_7' <Predicate = true> <Delay = 1.23> <CoreInst = "RAM">   --->   Core 83 'RAM' <Latency = 1> <II = 1> <Delay = 1.23> <Storage> <Opcode : 'load' 'store'> <Ports = 2> <Width = 8> <Depth = 16384> <RAM>
ST_10 : Operation 161 [1/1] (0.76ns)   --->   "%add_ln59_7 = add i8 %fm_ram_load_7, i8 %result_m_Val_V_38" [/home/ytq/codeField/Prediction_Model_Accelerator/CSIM/Sparse_HLS/Sparse_HLS/src/../include/helpers.hpp:59]   --->   Operation 161 'add' 'add_ln59_7' <Predicate = true> <Delay = 0.76> <CoreInst = "Adder">   --->   Core 1 'Adder' <Latency = 0> <II = 1> <Delay = 0.76> <FuncUnit> <Opcode : 'add' 'sub'> <InPorts = 2> <OutPorts = 1>
ST_10 : Operation 162 [2/2] (1.23ns)   --->   "%fm_ram_load_8 = load i14 %fm_ram_addr_8"   --->   Operation 162 'load' 'fm_ram_load_8' <Predicate = true> <Delay = 1.23> <CoreInst = "RAM">   --->   Core 83 'RAM' <Latency = 1> <II = 1> <Delay = 1.23> <Storage> <Opcode : 'load' 'store'> <Ports = 2> <Width = 8> <Depth = 16384> <RAM>
ST_10 : Operation 163 [2/2] (1.23ns)   --->   "%fm_ram_load_9 = load i14 %fm_ram_addr_9"   --->   Operation 163 'load' 'fm_ram_load_9' <Predicate = true> <Delay = 1.23> <CoreInst = "RAM">   --->   Core 83 'RAM' <Latency = 1> <II = 1> <Delay = 1.23> <Storage> <Opcode : 'load' 'store'> <Ports = 2> <Width = 8> <Depth = 16384> <RAM>

State 11 <SV = 10> <Delay = 2.00>
ST_11 : Operation 164 [1/1] (0.00ns)   --->   "%or_ln186_9 = or i14 %tmp_1, i14 10"   --->   Operation 164 'or' 'or_ln186_9' <Predicate = true> <Delay = 0.00>
ST_11 : Operation 165 [1/1] (0.00ns)   --->   "%zext_ln186_10 = zext i14 %or_ln186_9"   --->   Operation 165 'zext' 'zext_ln186_10' <Predicate = true> <Delay = 0.00>
ST_11 : Operation 166 [1/1] (0.00ns)   --->   "%fm_ram_addr_10 = getelementptr i8 %fm_ram, i64 0, i64 %zext_ln186_10"   --->   Operation 166 'getelementptr' 'fm_ram_addr_10' <Predicate = true> <Delay = 0.00>
ST_11 : Operation 167 [1/1] (0.00ns)   --->   "%or_ln186_10 = or i14 %tmp_1, i14 11"   --->   Operation 167 'or' 'or_ln186_10' <Predicate = true> <Delay = 0.00>
ST_11 : Operation 168 [1/1] (0.00ns)   --->   "%zext_ln186_11 = zext i14 %or_ln186_10"   --->   Operation 168 'zext' 'zext_ln186_11' <Predicate = true> <Delay = 0.00>
ST_11 : Operation 169 [1/1] (0.00ns)   --->   "%fm_ram_addr_11 = getelementptr i8 %fm_ram, i64 0, i64 %zext_ln186_11"   --->   Operation 169 'getelementptr' 'fm_ram_addr_11' <Predicate = true> <Delay = 0.00>
ST_11 : Operation 170 [1/2] (1.23ns)   --->   "%fm_ram_load_8 = load i14 %fm_ram_addr_8"   --->   Operation 170 'load' 'fm_ram_load_8' <Predicate = true> <Delay = 1.23> <CoreInst = "RAM">   --->   Core 83 'RAM' <Latency = 1> <II = 1> <Delay = 1.23> <Storage> <Opcode : 'load' 'store'> <Ports = 2> <Width = 8> <Depth = 16384> <RAM>
ST_11 : Operation 171 [1/1] (0.76ns)   --->   "%add_ln59_8 = add i8 %fm_ram_load_8, i8 %result_m_Val_V_39" [/home/ytq/codeField/Prediction_Model_Accelerator/CSIM/Sparse_HLS/Sparse_HLS/src/../include/helpers.hpp:59]   --->   Operation 171 'add' 'add_ln59_8' <Predicate = true> <Delay = 0.76> <CoreInst = "Adder">   --->   Core 1 'Adder' <Latency = 0> <II = 1> <Delay = 0.76> <FuncUnit> <Opcode : 'add' 'sub'> <InPorts = 2> <OutPorts = 1>
ST_11 : Operation 172 [1/2] (1.23ns)   --->   "%fm_ram_load_9 = load i14 %fm_ram_addr_9"   --->   Operation 172 'load' 'fm_ram_load_9' <Predicate = true> <Delay = 1.23> <CoreInst = "RAM">   --->   Core 83 'RAM' <Latency = 1> <II = 1> <Delay = 1.23> <Storage> <Opcode : 'load' 'store'> <Ports = 2> <Width = 8> <Depth = 16384> <RAM>
ST_11 : Operation 173 [1/1] (0.76ns)   --->   "%add_ln59_9 = add i8 %fm_ram_load_9, i8 %result_m_Val_V_40" [/home/ytq/codeField/Prediction_Model_Accelerator/CSIM/Sparse_HLS/Sparse_HLS/src/../include/helpers.hpp:59]   --->   Operation 173 'add' 'add_ln59_9' <Predicate = true> <Delay = 0.76> <CoreInst = "Adder">   --->   Core 1 'Adder' <Latency = 0> <II = 1> <Delay = 0.76> <FuncUnit> <Opcode : 'add' 'sub'> <InPorts = 2> <OutPorts = 1>
ST_11 : Operation 174 [2/2] (1.23ns)   --->   "%fm_ram_load_10 = load i14 %fm_ram_addr_10"   --->   Operation 174 'load' 'fm_ram_load_10' <Predicate = true> <Delay = 1.23> <CoreInst = "RAM">   --->   Core 83 'RAM' <Latency = 1> <II = 1> <Delay = 1.23> <Storage> <Opcode : 'load' 'store'> <Ports = 2> <Width = 8> <Depth = 16384> <RAM>
ST_11 : Operation 175 [2/2] (1.23ns)   --->   "%fm_ram_load_11 = load i14 %fm_ram_addr_11"   --->   Operation 175 'load' 'fm_ram_load_11' <Predicate = true> <Delay = 1.23> <CoreInst = "RAM">   --->   Core 83 'RAM' <Latency = 1> <II = 1> <Delay = 1.23> <Storage> <Opcode : 'load' 'store'> <Ports = 2> <Width = 8> <Depth = 16384> <RAM>

State 12 <SV = 11> <Delay = 2.00>
ST_12 : Operation 176 [1/1] (0.00ns)   --->   "%or_ln186_11 = or i14 %tmp_1, i14 12"   --->   Operation 176 'or' 'or_ln186_11' <Predicate = true> <Delay = 0.00>
ST_12 : Operation 177 [1/1] (0.00ns)   --->   "%zext_ln186_12 = zext i14 %or_ln186_11"   --->   Operation 177 'zext' 'zext_ln186_12' <Predicate = true> <Delay = 0.00>
ST_12 : Operation 178 [1/1] (0.00ns)   --->   "%fm_ram_addr_12 = getelementptr i8 %fm_ram, i64 0, i64 %zext_ln186_12"   --->   Operation 178 'getelementptr' 'fm_ram_addr_12' <Predicate = true> <Delay = 0.00>
ST_12 : Operation 179 [1/1] (0.00ns)   --->   "%or_ln186_12 = or i14 %tmp_1, i14 13"   --->   Operation 179 'or' 'or_ln186_12' <Predicate = true> <Delay = 0.00>
ST_12 : Operation 180 [1/1] (0.00ns)   --->   "%zext_ln186_13 = zext i14 %or_ln186_12"   --->   Operation 180 'zext' 'zext_ln186_13' <Predicate = true> <Delay = 0.00>
ST_12 : Operation 181 [1/1] (0.00ns)   --->   "%fm_ram_addr_13 = getelementptr i8 %fm_ram, i64 0, i64 %zext_ln186_13"   --->   Operation 181 'getelementptr' 'fm_ram_addr_13' <Predicate = true> <Delay = 0.00>
ST_12 : Operation 182 [1/2] (1.23ns)   --->   "%fm_ram_load_10 = load i14 %fm_ram_addr_10"   --->   Operation 182 'load' 'fm_ram_load_10' <Predicate = true> <Delay = 1.23> <CoreInst = "RAM">   --->   Core 83 'RAM' <Latency = 1> <II = 1> <Delay = 1.23> <Storage> <Opcode : 'load' 'store'> <Ports = 2> <Width = 8> <Depth = 16384> <RAM>
ST_12 : Operation 183 [1/1] (0.76ns)   --->   "%add_ln59_10 = add i8 %fm_ram_load_10, i8 %result_m_Val_V_41" [/home/ytq/codeField/Prediction_Model_Accelerator/CSIM/Sparse_HLS/Sparse_HLS/src/../include/helpers.hpp:59]   --->   Operation 183 'add' 'add_ln59_10' <Predicate = true> <Delay = 0.76> <CoreInst = "Adder">   --->   Core 1 'Adder' <Latency = 0> <II = 1> <Delay = 0.76> <FuncUnit> <Opcode : 'add' 'sub'> <InPorts = 2> <OutPorts = 1>
ST_12 : Operation 184 [1/2] (1.23ns)   --->   "%fm_ram_load_11 = load i14 %fm_ram_addr_11"   --->   Operation 184 'load' 'fm_ram_load_11' <Predicate = true> <Delay = 1.23> <CoreInst = "RAM">   --->   Core 83 'RAM' <Latency = 1> <II = 1> <Delay = 1.23> <Storage> <Opcode : 'load' 'store'> <Ports = 2> <Width = 8> <Depth = 16384> <RAM>
ST_12 : Operation 185 [1/1] (0.76ns)   --->   "%add_ln59_11 = add i8 %fm_ram_load_11, i8 %result_m_Val_V_42" [/home/ytq/codeField/Prediction_Model_Accelerator/CSIM/Sparse_HLS/Sparse_HLS/src/../include/helpers.hpp:59]   --->   Operation 185 'add' 'add_ln59_11' <Predicate = true> <Delay = 0.76> <CoreInst = "Adder">   --->   Core 1 'Adder' <Latency = 0> <II = 1> <Delay = 0.76> <FuncUnit> <Opcode : 'add' 'sub'> <InPorts = 2> <OutPorts = 1>
ST_12 : Operation 186 [2/2] (1.23ns)   --->   "%fm_ram_load_12 = load i14 %fm_ram_addr_12"   --->   Operation 186 'load' 'fm_ram_load_12' <Predicate = true> <Delay = 1.23> <CoreInst = "RAM">   --->   Core 83 'RAM' <Latency = 1> <II = 1> <Delay = 1.23> <Storage> <Opcode : 'load' 'store'> <Ports = 2> <Width = 8> <Depth = 16384> <RAM>
ST_12 : Operation 187 [2/2] (1.23ns)   --->   "%fm_ram_load_13 = load i14 %fm_ram_addr_13"   --->   Operation 187 'load' 'fm_ram_load_13' <Predicate = true> <Delay = 1.23> <CoreInst = "RAM">   --->   Core 83 'RAM' <Latency = 1> <II = 1> <Delay = 1.23> <Storage> <Opcode : 'load' 'store'> <Ports = 2> <Width = 8> <Depth = 16384> <RAM>

State 13 <SV = 12> <Delay = 2.00>
ST_13 : Operation 188 [1/1] (0.00ns)   --->   "%or_ln186_13 = or i14 %tmp_1, i14 14"   --->   Operation 188 'or' 'or_ln186_13' <Predicate = true> <Delay = 0.00>
ST_13 : Operation 189 [1/1] (0.00ns)   --->   "%zext_ln186_14 = zext i14 %or_ln186_13"   --->   Operation 189 'zext' 'zext_ln186_14' <Predicate = true> <Delay = 0.00>
ST_13 : Operation 190 [1/1] (0.00ns)   --->   "%fm_ram_addr_14 = getelementptr i8 %fm_ram, i64 0, i64 %zext_ln186_14"   --->   Operation 190 'getelementptr' 'fm_ram_addr_14' <Predicate = true> <Delay = 0.00>
ST_13 : Operation 191 [1/1] (0.00ns)   --->   "%or_ln186_14 = or i14 %tmp_1, i14 15"   --->   Operation 191 'or' 'or_ln186_14' <Predicate = true> <Delay = 0.00>
ST_13 : Operation 192 [1/1] (0.00ns)   --->   "%zext_ln186_15 = zext i14 %or_ln186_14"   --->   Operation 192 'zext' 'zext_ln186_15' <Predicate = true> <Delay = 0.00>
ST_13 : Operation 193 [1/1] (0.00ns)   --->   "%fm_ram_addr_15 = getelementptr i8 %fm_ram, i64 0, i64 %zext_ln186_15"   --->   Operation 193 'getelementptr' 'fm_ram_addr_15' <Predicate = true> <Delay = 0.00>
ST_13 : Operation 194 [1/2] (1.23ns)   --->   "%fm_ram_load_12 = load i14 %fm_ram_addr_12"   --->   Operation 194 'load' 'fm_ram_load_12' <Predicate = true> <Delay = 1.23> <CoreInst = "RAM">   --->   Core 83 'RAM' <Latency = 1> <II = 1> <Delay = 1.23> <Storage> <Opcode : 'load' 'store'> <Ports = 2> <Width = 8> <Depth = 16384> <RAM>
ST_13 : Operation 195 [1/1] (0.76ns)   --->   "%add_ln59_12 = add i8 %fm_ram_load_12, i8 %result_m_Val_V_43" [/home/ytq/codeField/Prediction_Model_Accelerator/CSIM/Sparse_HLS/Sparse_HLS/src/../include/helpers.hpp:59]   --->   Operation 195 'add' 'add_ln59_12' <Predicate = true> <Delay = 0.76> <CoreInst = "Adder">   --->   Core 1 'Adder' <Latency = 0> <II = 1> <Delay = 0.76> <FuncUnit> <Opcode : 'add' 'sub'> <InPorts = 2> <OutPorts = 1>
ST_13 : Operation 196 [1/2] (1.23ns)   --->   "%fm_ram_load_13 = load i14 %fm_ram_addr_13"   --->   Operation 196 'load' 'fm_ram_load_13' <Predicate = true> <Delay = 1.23> <CoreInst = "RAM">   --->   Core 83 'RAM' <Latency = 1> <II = 1> <Delay = 1.23> <Storage> <Opcode : 'load' 'store'> <Ports = 2> <Width = 8> <Depth = 16384> <RAM>
ST_13 : Operation 197 [1/1] (0.76ns)   --->   "%add_ln59_13 = add i8 %fm_ram_load_13, i8 %result_m_Val_V_44" [/home/ytq/codeField/Prediction_Model_Accelerator/CSIM/Sparse_HLS/Sparse_HLS/src/../include/helpers.hpp:59]   --->   Operation 197 'add' 'add_ln59_13' <Predicate = true> <Delay = 0.76> <CoreInst = "Adder">   --->   Core 1 'Adder' <Latency = 0> <II = 1> <Delay = 0.76> <FuncUnit> <Opcode : 'add' 'sub'> <InPorts = 2> <OutPorts = 1>
ST_13 : Operation 198 [2/2] (1.23ns)   --->   "%fm_ram_load_14 = load i14 %fm_ram_addr_14"   --->   Operation 198 'load' 'fm_ram_load_14' <Predicate = true> <Delay = 1.23> <CoreInst = "RAM">   --->   Core 83 'RAM' <Latency = 1> <II = 1> <Delay = 1.23> <Storage> <Opcode : 'load' 'store'> <Ports = 2> <Width = 8> <Depth = 16384> <RAM>
ST_13 : Operation 199 [2/2] (1.23ns)   --->   "%fm_ram_load_15 = load i14 %fm_ram_addr_15"   --->   Operation 199 'load' 'fm_ram_load_15' <Predicate = true> <Delay = 1.23> <CoreInst = "RAM">   --->   Core 83 'RAM' <Latency = 1> <II = 1> <Delay = 1.23> <Storage> <Opcode : 'load' 'store'> <Ports = 2> <Width = 8> <Depth = 16384> <RAM>

State 14 <SV = 13> <Delay = 2.00>
ST_14 : Operation 200 [1/1] (0.00ns)   --->   "%or_ln186_15 = or i14 %tmp_1, i14 16"   --->   Operation 200 'or' 'or_ln186_15' <Predicate = true> <Delay = 0.00>
ST_14 : Operation 201 [1/1] (0.00ns)   --->   "%zext_ln186_16 = zext i14 %or_ln186_15"   --->   Operation 201 'zext' 'zext_ln186_16' <Predicate = true> <Delay = 0.00>
ST_14 : Operation 202 [1/1] (0.00ns)   --->   "%fm_ram_addr_16 = getelementptr i8 %fm_ram, i64 0, i64 %zext_ln186_16"   --->   Operation 202 'getelementptr' 'fm_ram_addr_16' <Predicate = true> <Delay = 0.00>
ST_14 : Operation 203 [1/1] (0.00ns)   --->   "%or_ln186_16 = or i14 %tmp_1, i14 17"   --->   Operation 203 'or' 'or_ln186_16' <Predicate = true> <Delay = 0.00>
ST_14 : Operation 204 [1/1] (0.00ns)   --->   "%zext_ln186_17 = zext i14 %or_ln186_16"   --->   Operation 204 'zext' 'zext_ln186_17' <Predicate = true> <Delay = 0.00>
ST_14 : Operation 205 [1/1] (0.00ns)   --->   "%fm_ram_addr_17 = getelementptr i8 %fm_ram, i64 0, i64 %zext_ln186_17"   --->   Operation 205 'getelementptr' 'fm_ram_addr_17' <Predicate = true> <Delay = 0.00>
ST_14 : Operation 206 [1/2] (1.23ns)   --->   "%fm_ram_load_14 = load i14 %fm_ram_addr_14"   --->   Operation 206 'load' 'fm_ram_load_14' <Predicate = true> <Delay = 1.23> <CoreInst = "RAM">   --->   Core 83 'RAM' <Latency = 1> <II = 1> <Delay = 1.23> <Storage> <Opcode : 'load' 'store'> <Ports = 2> <Width = 8> <Depth = 16384> <RAM>
ST_14 : Operation 207 [1/1] (0.76ns)   --->   "%add_ln59_14 = add i8 %fm_ram_load_14, i8 %result_m_Val_V_45" [/home/ytq/codeField/Prediction_Model_Accelerator/CSIM/Sparse_HLS/Sparse_HLS/src/../include/helpers.hpp:59]   --->   Operation 207 'add' 'add_ln59_14' <Predicate = true> <Delay = 0.76> <CoreInst = "Adder">   --->   Core 1 'Adder' <Latency = 0> <II = 1> <Delay = 0.76> <FuncUnit> <Opcode : 'add' 'sub'> <InPorts = 2> <OutPorts = 1>
ST_14 : Operation 208 [1/2] (1.23ns)   --->   "%fm_ram_load_15 = load i14 %fm_ram_addr_15"   --->   Operation 208 'load' 'fm_ram_load_15' <Predicate = true> <Delay = 1.23> <CoreInst = "RAM">   --->   Core 83 'RAM' <Latency = 1> <II = 1> <Delay = 1.23> <Storage> <Opcode : 'load' 'store'> <Ports = 2> <Width = 8> <Depth = 16384> <RAM>
ST_14 : Operation 209 [1/1] (0.76ns)   --->   "%add_ln59_15 = add i8 %fm_ram_load_15, i8 %result_m_Val_V_46" [/home/ytq/codeField/Prediction_Model_Accelerator/CSIM/Sparse_HLS/Sparse_HLS/src/../include/helpers.hpp:59]   --->   Operation 209 'add' 'add_ln59_15' <Predicate = true> <Delay = 0.76> <CoreInst = "Adder">   --->   Core 1 'Adder' <Latency = 0> <II = 1> <Delay = 0.76> <FuncUnit> <Opcode : 'add' 'sub'> <InPorts = 2> <OutPorts = 1>
ST_14 : Operation 210 [2/2] (1.23ns)   --->   "%fm_ram_load_16 = load i14 %fm_ram_addr_16"   --->   Operation 210 'load' 'fm_ram_load_16' <Predicate = true> <Delay = 1.23> <CoreInst = "RAM">   --->   Core 83 'RAM' <Latency = 1> <II = 1> <Delay = 1.23> <Storage> <Opcode : 'load' 'store'> <Ports = 2> <Width = 8> <Depth = 16384> <RAM>
ST_14 : Operation 211 [2/2] (1.23ns)   --->   "%fm_ram_load_17 = load i14 %fm_ram_addr_17"   --->   Operation 211 'load' 'fm_ram_load_17' <Predicate = true> <Delay = 1.23> <CoreInst = "RAM">   --->   Core 83 'RAM' <Latency = 1> <II = 1> <Delay = 1.23> <Storage> <Opcode : 'load' 'store'> <Ports = 2> <Width = 8> <Depth = 16384> <RAM>

State 15 <SV = 14> <Delay = 2.00>
ST_15 : Operation 212 [1/1] (0.00ns)   --->   "%or_ln186_17 = or i14 %tmp_1, i14 18"   --->   Operation 212 'or' 'or_ln186_17' <Predicate = true> <Delay = 0.00>
ST_15 : Operation 213 [1/1] (0.00ns)   --->   "%zext_ln186_18 = zext i14 %or_ln186_17"   --->   Operation 213 'zext' 'zext_ln186_18' <Predicate = true> <Delay = 0.00>
ST_15 : Operation 214 [1/1] (0.00ns)   --->   "%fm_ram_addr_18 = getelementptr i8 %fm_ram, i64 0, i64 %zext_ln186_18"   --->   Operation 214 'getelementptr' 'fm_ram_addr_18' <Predicate = true> <Delay = 0.00>
ST_15 : Operation 215 [1/1] (0.00ns)   --->   "%or_ln186_18 = or i14 %tmp_1, i14 19"   --->   Operation 215 'or' 'or_ln186_18' <Predicate = true> <Delay = 0.00>
ST_15 : Operation 216 [1/1] (0.00ns)   --->   "%zext_ln186_19 = zext i14 %or_ln186_18"   --->   Operation 216 'zext' 'zext_ln186_19' <Predicate = true> <Delay = 0.00>
ST_15 : Operation 217 [1/1] (0.00ns)   --->   "%fm_ram_addr_19 = getelementptr i8 %fm_ram, i64 0, i64 %zext_ln186_19"   --->   Operation 217 'getelementptr' 'fm_ram_addr_19' <Predicate = true> <Delay = 0.00>
ST_15 : Operation 218 [1/2] (1.23ns)   --->   "%fm_ram_load_16 = load i14 %fm_ram_addr_16"   --->   Operation 218 'load' 'fm_ram_load_16' <Predicate = true> <Delay = 1.23> <CoreInst = "RAM">   --->   Core 83 'RAM' <Latency = 1> <II = 1> <Delay = 1.23> <Storage> <Opcode : 'load' 'store'> <Ports = 2> <Width = 8> <Depth = 16384> <RAM>
ST_15 : Operation 219 [1/1] (0.76ns)   --->   "%add_ln59_16 = add i8 %fm_ram_load_16, i8 %result_m_Val_V_47" [/home/ytq/codeField/Prediction_Model_Accelerator/CSIM/Sparse_HLS/Sparse_HLS/src/../include/helpers.hpp:59]   --->   Operation 219 'add' 'add_ln59_16' <Predicate = true> <Delay = 0.76> <CoreInst = "Adder">   --->   Core 1 'Adder' <Latency = 0> <II = 1> <Delay = 0.76> <FuncUnit> <Opcode : 'add' 'sub'> <InPorts = 2> <OutPorts = 1>
ST_15 : Operation 220 [1/2] (1.23ns)   --->   "%fm_ram_load_17 = load i14 %fm_ram_addr_17"   --->   Operation 220 'load' 'fm_ram_load_17' <Predicate = true> <Delay = 1.23> <CoreInst = "RAM">   --->   Core 83 'RAM' <Latency = 1> <II = 1> <Delay = 1.23> <Storage> <Opcode : 'load' 'store'> <Ports = 2> <Width = 8> <Depth = 16384> <RAM>
ST_15 : Operation 221 [1/1] (0.76ns)   --->   "%add_ln59_17 = add i8 %fm_ram_load_17, i8 %result_m_Val_V_48" [/home/ytq/codeField/Prediction_Model_Accelerator/CSIM/Sparse_HLS/Sparse_HLS/src/../include/helpers.hpp:59]   --->   Operation 221 'add' 'add_ln59_17' <Predicate = true> <Delay = 0.76> <CoreInst = "Adder">   --->   Core 1 'Adder' <Latency = 0> <II = 1> <Delay = 0.76> <FuncUnit> <Opcode : 'add' 'sub'> <InPorts = 2> <OutPorts = 1>
ST_15 : Operation 222 [2/2] (1.23ns)   --->   "%fm_ram_load_18 = load i14 %fm_ram_addr_18"   --->   Operation 222 'load' 'fm_ram_load_18' <Predicate = true> <Delay = 1.23> <CoreInst = "RAM">   --->   Core 83 'RAM' <Latency = 1> <II = 1> <Delay = 1.23> <Storage> <Opcode : 'load' 'store'> <Ports = 2> <Width = 8> <Depth = 16384> <RAM>
ST_15 : Operation 223 [2/2] (1.23ns)   --->   "%fm_ram_load_19 = load i14 %fm_ram_addr_19"   --->   Operation 223 'load' 'fm_ram_load_19' <Predicate = true> <Delay = 1.23> <CoreInst = "RAM">   --->   Core 83 'RAM' <Latency = 1> <II = 1> <Delay = 1.23> <Storage> <Opcode : 'load' 'store'> <Ports = 2> <Width = 8> <Depth = 16384> <RAM>

State 16 <SV = 15> <Delay = 2.00>
ST_16 : Operation 224 [1/1] (0.00ns)   --->   "%or_ln186_19 = or i14 %tmp_1, i14 20"   --->   Operation 224 'or' 'or_ln186_19' <Predicate = true> <Delay = 0.00>
ST_16 : Operation 225 [1/1] (0.00ns)   --->   "%zext_ln186_20 = zext i14 %or_ln186_19"   --->   Operation 225 'zext' 'zext_ln186_20' <Predicate = true> <Delay = 0.00>
ST_16 : Operation 226 [1/1] (0.00ns)   --->   "%fm_ram_addr_20 = getelementptr i8 %fm_ram, i64 0, i64 %zext_ln186_20"   --->   Operation 226 'getelementptr' 'fm_ram_addr_20' <Predicate = true> <Delay = 0.00>
ST_16 : Operation 227 [1/1] (0.00ns)   --->   "%or_ln186_20 = or i14 %tmp_1, i14 21"   --->   Operation 227 'or' 'or_ln186_20' <Predicate = true> <Delay = 0.00>
ST_16 : Operation 228 [1/1] (0.00ns)   --->   "%zext_ln186_21 = zext i14 %or_ln186_20"   --->   Operation 228 'zext' 'zext_ln186_21' <Predicate = true> <Delay = 0.00>
ST_16 : Operation 229 [1/1] (0.00ns)   --->   "%fm_ram_addr_21 = getelementptr i8 %fm_ram, i64 0, i64 %zext_ln186_21"   --->   Operation 229 'getelementptr' 'fm_ram_addr_21' <Predicate = true> <Delay = 0.00>
ST_16 : Operation 230 [1/2] (1.23ns)   --->   "%fm_ram_load_18 = load i14 %fm_ram_addr_18"   --->   Operation 230 'load' 'fm_ram_load_18' <Predicate = true> <Delay = 1.23> <CoreInst = "RAM">   --->   Core 83 'RAM' <Latency = 1> <II = 1> <Delay = 1.23> <Storage> <Opcode : 'load' 'store'> <Ports = 2> <Width = 8> <Depth = 16384> <RAM>
ST_16 : Operation 231 [1/1] (0.76ns)   --->   "%add_ln59_18 = add i8 %fm_ram_load_18, i8 %result_m_Val_V_49" [/home/ytq/codeField/Prediction_Model_Accelerator/CSIM/Sparse_HLS/Sparse_HLS/src/../include/helpers.hpp:59]   --->   Operation 231 'add' 'add_ln59_18' <Predicate = true> <Delay = 0.76> <CoreInst = "Adder">   --->   Core 1 'Adder' <Latency = 0> <II = 1> <Delay = 0.76> <FuncUnit> <Opcode : 'add' 'sub'> <InPorts = 2> <OutPorts = 1>
ST_16 : Operation 232 [1/2] (1.23ns)   --->   "%fm_ram_load_19 = load i14 %fm_ram_addr_19"   --->   Operation 232 'load' 'fm_ram_load_19' <Predicate = true> <Delay = 1.23> <CoreInst = "RAM">   --->   Core 83 'RAM' <Latency = 1> <II = 1> <Delay = 1.23> <Storage> <Opcode : 'load' 'store'> <Ports = 2> <Width = 8> <Depth = 16384> <RAM>
ST_16 : Operation 233 [1/1] (0.76ns)   --->   "%add_ln59_19 = add i8 %fm_ram_load_19, i8 %result_m_Val_V_50" [/home/ytq/codeField/Prediction_Model_Accelerator/CSIM/Sparse_HLS/Sparse_HLS/src/../include/helpers.hpp:59]   --->   Operation 233 'add' 'add_ln59_19' <Predicate = true> <Delay = 0.76> <CoreInst = "Adder">   --->   Core 1 'Adder' <Latency = 0> <II = 1> <Delay = 0.76> <FuncUnit> <Opcode : 'add' 'sub'> <InPorts = 2> <OutPorts = 1>
ST_16 : Operation 234 [2/2] (1.23ns)   --->   "%fm_ram_load_20 = load i14 %fm_ram_addr_20"   --->   Operation 234 'load' 'fm_ram_load_20' <Predicate = true> <Delay = 1.23> <CoreInst = "RAM">   --->   Core 83 'RAM' <Latency = 1> <II = 1> <Delay = 1.23> <Storage> <Opcode : 'load' 'store'> <Ports = 2> <Width = 8> <Depth = 16384> <RAM>
ST_16 : Operation 235 [2/2] (1.23ns)   --->   "%fm_ram_load_21 = load i14 %fm_ram_addr_21"   --->   Operation 235 'load' 'fm_ram_load_21' <Predicate = true> <Delay = 1.23> <CoreInst = "RAM">   --->   Core 83 'RAM' <Latency = 1> <II = 1> <Delay = 1.23> <Storage> <Opcode : 'load' 'store'> <Ports = 2> <Width = 8> <Depth = 16384> <RAM>

State 17 <SV = 16> <Delay = 2.00>
ST_17 : Operation 236 [1/1] (0.00ns)   --->   "%or_ln186_21 = or i14 %tmp_1, i14 22"   --->   Operation 236 'or' 'or_ln186_21' <Predicate = true> <Delay = 0.00>
ST_17 : Operation 237 [1/1] (0.00ns)   --->   "%zext_ln186_22 = zext i14 %or_ln186_21"   --->   Operation 237 'zext' 'zext_ln186_22' <Predicate = true> <Delay = 0.00>
ST_17 : Operation 238 [1/1] (0.00ns)   --->   "%fm_ram_addr_22 = getelementptr i8 %fm_ram, i64 0, i64 %zext_ln186_22"   --->   Operation 238 'getelementptr' 'fm_ram_addr_22' <Predicate = true> <Delay = 0.00>
ST_17 : Operation 239 [1/1] (0.00ns)   --->   "%or_ln186_22 = or i14 %tmp_1, i14 23"   --->   Operation 239 'or' 'or_ln186_22' <Predicate = true> <Delay = 0.00>
ST_17 : Operation 240 [1/1] (0.00ns)   --->   "%zext_ln186_23 = zext i14 %or_ln186_22"   --->   Operation 240 'zext' 'zext_ln186_23' <Predicate = true> <Delay = 0.00>
ST_17 : Operation 241 [1/1] (0.00ns)   --->   "%fm_ram_addr_23 = getelementptr i8 %fm_ram, i64 0, i64 %zext_ln186_23"   --->   Operation 241 'getelementptr' 'fm_ram_addr_23' <Predicate = true> <Delay = 0.00>
ST_17 : Operation 242 [1/2] (1.23ns)   --->   "%fm_ram_load_20 = load i14 %fm_ram_addr_20"   --->   Operation 242 'load' 'fm_ram_load_20' <Predicate = true> <Delay = 1.23> <CoreInst = "RAM">   --->   Core 83 'RAM' <Latency = 1> <II = 1> <Delay = 1.23> <Storage> <Opcode : 'load' 'store'> <Ports = 2> <Width = 8> <Depth = 16384> <RAM>
ST_17 : Operation 243 [1/1] (0.76ns)   --->   "%add_ln59_20 = add i8 %fm_ram_load_20, i8 %result_m_Val_V_51" [/home/ytq/codeField/Prediction_Model_Accelerator/CSIM/Sparse_HLS/Sparse_HLS/src/../include/helpers.hpp:59]   --->   Operation 243 'add' 'add_ln59_20' <Predicate = true> <Delay = 0.76> <CoreInst = "Adder">   --->   Core 1 'Adder' <Latency = 0> <II = 1> <Delay = 0.76> <FuncUnit> <Opcode : 'add' 'sub'> <InPorts = 2> <OutPorts = 1>
ST_17 : Operation 244 [1/2] (1.23ns)   --->   "%fm_ram_load_21 = load i14 %fm_ram_addr_21"   --->   Operation 244 'load' 'fm_ram_load_21' <Predicate = true> <Delay = 1.23> <CoreInst = "RAM">   --->   Core 83 'RAM' <Latency = 1> <II = 1> <Delay = 1.23> <Storage> <Opcode : 'load' 'store'> <Ports = 2> <Width = 8> <Depth = 16384> <RAM>
ST_17 : Operation 245 [1/1] (0.76ns)   --->   "%add_ln59_21 = add i8 %fm_ram_load_21, i8 %result_m_Val_V_52" [/home/ytq/codeField/Prediction_Model_Accelerator/CSIM/Sparse_HLS/Sparse_HLS/src/../include/helpers.hpp:59]   --->   Operation 245 'add' 'add_ln59_21' <Predicate = true> <Delay = 0.76> <CoreInst = "Adder">   --->   Core 1 'Adder' <Latency = 0> <II = 1> <Delay = 0.76> <FuncUnit> <Opcode : 'add' 'sub'> <InPorts = 2> <OutPorts = 1>
ST_17 : Operation 246 [2/2] (1.23ns)   --->   "%fm_ram_load_22 = load i14 %fm_ram_addr_22"   --->   Operation 246 'load' 'fm_ram_load_22' <Predicate = true> <Delay = 1.23> <CoreInst = "RAM">   --->   Core 83 'RAM' <Latency = 1> <II = 1> <Delay = 1.23> <Storage> <Opcode : 'load' 'store'> <Ports = 2> <Width = 8> <Depth = 16384> <RAM>
ST_17 : Operation 247 [2/2] (1.23ns)   --->   "%fm_ram_load_23 = load i14 %fm_ram_addr_23"   --->   Operation 247 'load' 'fm_ram_load_23' <Predicate = true> <Delay = 1.23> <CoreInst = "RAM">   --->   Core 83 'RAM' <Latency = 1> <II = 1> <Delay = 1.23> <Storage> <Opcode : 'load' 'store'> <Ports = 2> <Width = 8> <Depth = 16384> <RAM>

State 18 <SV = 17> <Delay = 2.00>
ST_18 : Operation 248 [1/1] (0.00ns)   --->   "%or_ln186_23 = or i14 %tmp_1, i14 24"   --->   Operation 248 'or' 'or_ln186_23' <Predicate = true> <Delay = 0.00>
ST_18 : Operation 249 [1/1] (0.00ns)   --->   "%zext_ln186_24 = zext i14 %or_ln186_23"   --->   Operation 249 'zext' 'zext_ln186_24' <Predicate = true> <Delay = 0.00>
ST_18 : Operation 250 [1/1] (0.00ns)   --->   "%fm_ram_addr_24 = getelementptr i8 %fm_ram, i64 0, i64 %zext_ln186_24"   --->   Operation 250 'getelementptr' 'fm_ram_addr_24' <Predicate = true> <Delay = 0.00>
ST_18 : Operation 251 [1/1] (0.00ns)   --->   "%or_ln186_24 = or i14 %tmp_1, i14 25"   --->   Operation 251 'or' 'or_ln186_24' <Predicate = true> <Delay = 0.00>
ST_18 : Operation 252 [1/1] (0.00ns)   --->   "%zext_ln186_25 = zext i14 %or_ln186_24"   --->   Operation 252 'zext' 'zext_ln186_25' <Predicate = true> <Delay = 0.00>
ST_18 : Operation 253 [1/1] (0.00ns)   --->   "%fm_ram_addr_25 = getelementptr i8 %fm_ram, i64 0, i64 %zext_ln186_25"   --->   Operation 253 'getelementptr' 'fm_ram_addr_25' <Predicate = true> <Delay = 0.00>
ST_18 : Operation 254 [1/2] (1.23ns)   --->   "%fm_ram_load_22 = load i14 %fm_ram_addr_22"   --->   Operation 254 'load' 'fm_ram_load_22' <Predicate = true> <Delay = 1.23> <CoreInst = "RAM">   --->   Core 83 'RAM' <Latency = 1> <II = 1> <Delay = 1.23> <Storage> <Opcode : 'load' 'store'> <Ports = 2> <Width = 8> <Depth = 16384> <RAM>
ST_18 : Operation 255 [1/1] (0.76ns)   --->   "%add_ln59_22 = add i8 %fm_ram_load_22, i8 %result_m_Val_V_53" [/home/ytq/codeField/Prediction_Model_Accelerator/CSIM/Sparse_HLS/Sparse_HLS/src/../include/helpers.hpp:59]   --->   Operation 255 'add' 'add_ln59_22' <Predicate = true> <Delay = 0.76> <CoreInst = "Adder">   --->   Core 1 'Adder' <Latency = 0> <II = 1> <Delay = 0.76> <FuncUnit> <Opcode : 'add' 'sub'> <InPorts = 2> <OutPorts = 1>
ST_18 : Operation 256 [1/2] (1.23ns)   --->   "%fm_ram_load_23 = load i14 %fm_ram_addr_23"   --->   Operation 256 'load' 'fm_ram_load_23' <Predicate = true> <Delay = 1.23> <CoreInst = "RAM">   --->   Core 83 'RAM' <Latency = 1> <II = 1> <Delay = 1.23> <Storage> <Opcode : 'load' 'store'> <Ports = 2> <Width = 8> <Depth = 16384> <RAM>
ST_18 : Operation 257 [1/1] (0.76ns)   --->   "%add_ln59_23 = add i8 %fm_ram_load_23, i8 %result_m_Val_V_54" [/home/ytq/codeField/Prediction_Model_Accelerator/CSIM/Sparse_HLS/Sparse_HLS/src/../include/helpers.hpp:59]   --->   Operation 257 'add' 'add_ln59_23' <Predicate = true> <Delay = 0.76> <CoreInst = "Adder">   --->   Core 1 'Adder' <Latency = 0> <II = 1> <Delay = 0.76> <FuncUnit> <Opcode : 'add' 'sub'> <InPorts = 2> <OutPorts = 1>
ST_18 : Operation 258 [2/2] (1.23ns)   --->   "%fm_ram_load_24 = load i14 %fm_ram_addr_24"   --->   Operation 258 'load' 'fm_ram_load_24' <Predicate = true> <Delay = 1.23> <CoreInst = "RAM">   --->   Core 83 'RAM' <Latency = 1> <II = 1> <Delay = 1.23> <Storage> <Opcode : 'load' 'store'> <Ports = 2> <Width = 8> <Depth = 16384> <RAM>
ST_18 : Operation 259 [2/2] (1.23ns)   --->   "%fm_ram_load_25 = load i14 %fm_ram_addr_25"   --->   Operation 259 'load' 'fm_ram_load_25' <Predicate = true> <Delay = 1.23> <CoreInst = "RAM">   --->   Core 83 'RAM' <Latency = 1> <II = 1> <Delay = 1.23> <Storage> <Opcode : 'load' 'store'> <Ports = 2> <Width = 8> <Depth = 16384> <RAM>

State 19 <SV = 18> <Delay = 2.00>
ST_19 : Operation 260 [1/1] (0.00ns)   --->   "%or_ln186_25 = or i14 %tmp_1, i14 26"   --->   Operation 260 'or' 'or_ln186_25' <Predicate = true> <Delay = 0.00>
ST_19 : Operation 261 [1/1] (0.00ns)   --->   "%zext_ln186_26 = zext i14 %or_ln186_25"   --->   Operation 261 'zext' 'zext_ln186_26' <Predicate = true> <Delay = 0.00>
ST_19 : Operation 262 [1/1] (0.00ns)   --->   "%fm_ram_addr_26 = getelementptr i8 %fm_ram, i64 0, i64 %zext_ln186_26"   --->   Operation 262 'getelementptr' 'fm_ram_addr_26' <Predicate = true> <Delay = 0.00>
ST_19 : Operation 263 [1/1] (0.00ns)   --->   "%or_ln186_26 = or i14 %tmp_1, i14 27"   --->   Operation 263 'or' 'or_ln186_26' <Predicate = true> <Delay = 0.00>
ST_19 : Operation 264 [1/1] (0.00ns)   --->   "%zext_ln186_27 = zext i14 %or_ln186_26"   --->   Operation 264 'zext' 'zext_ln186_27' <Predicate = true> <Delay = 0.00>
ST_19 : Operation 265 [1/1] (0.00ns)   --->   "%fm_ram_addr_27 = getelementptr i8 %fm_ram, i64 0, i64 %zext_ln186_27"   --->   Operation 265 'getelementptr' 'fm_ram_addr_27' <Predicate = true> <Delay = 0.00>
ST_19 : Operation 266 [1/2] (1.23ns)   --->   "%fm_ram_load_24 = load i14 %fm_ram_addr_24"   --->   Operation 266 'load' 'fm_ram_load_24' <Predicate = true> <Delay = 1.23> <CoreInst = "RAM">   --->   Core 83 'RAM' <Latency = 1> <II = 1> <Delay = 1.23> <Storage> <Opcode : 'load' 'store'> <Ports = 2> <Width = 8> <Depth = 16384> <RAM>
ST_19 : Operation 267 [1/1] (0.76ns)   --->   "%add_ln59_24 = add i8 %fm_ram_load_24, i8 %result_m_Val_V_55" [/home/ytq/codeField/Prediction_Model_Accelerator/CSIM/Sparse_HLS/Sparse_HLS/src/../include/helpers.hpp:59]   --->   Operation 267 'add' 'add_ln59_24' <Predicate = true> <Delay = 0.76> <CoreInst = "Adder">   --->   Core 1 'Adder' <Latency = 0> <II = 1> <Delay = 0.76> <FuncUnit> <Opcode : 'add' 'sub'> <InPorts = 2> <OutPorts = 1>
ST_19 : Operation 268 [1/2] (1.23ns)   --->   "%fm_ram_load_25 = load i14 %fm_ram_addr_25"   --->   Operation 268 'load' 'fm_ram_load_25' <Predicate = true> <Delay = 1.23> <CoreInst = "RAM">   --->   Core 83 'RAM' <Latency = 1> <II = 1> <Delay = 1.23> <Storage> <Opcode : 'load' 'store'> <Ports = 2> <Width = 8> <Depth = 16384> <RAM>
ST_19 : Operation 269 [1/1] (0.76ns)   --->   "%add_ln59_25 = add i8 %fm_ram_load_25, i8 %result_m_Val_V_56" [/home/ytq/codeField/Prediction_Model_Accelerator/CSIM/Sparse_HLS/Sparse_HLS/src/../include/helpers.hpp:59]   --->   Operation 269 'add' 'add_ln59_25' <Predicate = true> <Delay = 0.76> <CoreInst = "Adder">   --->   Core 1 'Adder' <Latency = 0> <II = 1> <Delay = 0.76> <FuncUnit> <Opcode : 'add' 'sub'> <InPorts = 2> <OutPorts = 1>
ST_19 : Operation 270 [2/2] (1.23ns)   --->   "%fm_ram_load_26 = load i14 %fm_ram_addr_26"   --->   Operation 270 'load' 'fm_ram_load_26' <Predicate = true> <Delay = 1.23> <CoreInst = "RAM">   --->   Core 83 'RAM' <Latency = 1> <II = 1> <Delay = 1.23> <Storage> <Opcode : 'load' 'store'> <Ports = 2> <Width = 8> <Depth = 16384> <RAM>
ST_19 : Operation 271 [2/2] (1.23ns)   --->   "%fm_ram_load_27 = load i14 %fm_ram_addr_27"   --->   Operation 271 'load' 'fm_ram_load_27' <Predicate = true> <Delay = 1.23> <CoreInst = "RAM">   --->   Core 83 'RAM' <Latency = 1> <II = 1> <Delay = 1.23> <Storage> <Opcode : 'load' 'store'> <Ports = 2> <Width = 8> <Depth = 16384> <RAM>

State 20 <SV = 19> <Delay = 2.00>
ST_20 : Operation 272 [1/1] (0.00ns)   --->   "%or_ln186_27 = or i14 %tmp_1, i14 28"   --->   Operation 272 'or' 'or_ln186_27' <Predicate = true> <Delay = 0.00>
ST_20 : Operation 273 [1/1] (0.00ns)   --->   "%zext_ln186_28 = zext i14 %or_ln186_27"   --->   Operation 273 'zext' 'zext_ln186_28' <Predicate = true> <Delay = 0.00>
ST_20 : Operation 274 [1/1] (0.00ns)   --->   "%fm_ram_addr_28 = getelementptr i8 %fm_ram, i64 0, i64 %zext_ln186_28"   --->   Operation 274 'getelementptr' 'fm_ram_addr_28' <Predicate = true> <Delay = 0.00>
ST_20 : Operation 275 [1/1] (0.00ns)   --->   "%or_ln186_28 = or i14 %tmp_1, i14 29"   --->   Operation 275 'or' 'or_ln186_28' <Predicate = true> <Delay = 0.00>
ST_20 : Operation 276 [1/1] (0.00ns)   --->   "%zext_ln186_29 = zext i14 %or_ln186_28"   --->   Operation 276 'zext' 'zext_ln186_29' <Predicate = true> <Delay = 0.00>
ST_20 : Operation 277 [1/1] (0.00ns)   --->   "%fm_ram_addr_29 = getelementptr i8 %fm_ram, i64 0, i64 %zext_ln186_29"   --->   Operation 277 'getelementptr' 'fm_ram_addr_29' <Predicate = true> <Delay = 0.00>
ST_20 : Operation 278 [1/2] (1.23ns)   --->   "%fm_ram_load_26 = load i14 %fm_ram_addr_26"   --->   Operation 278 'load' 'fm_ram_load_26' <Predicate = true> <Delay = 1.23> <CoreInst = "RAM">   --->   Core 83 'RAM' <Latency = 1> <II = 1> <Delay = 1.23> <Storage> <Opcode : 'load' 'store'> <Ports = 2> <Width = 8> <Depth = 16384> <RAM>
ST_20 : Operation 279 [1/1] (0.76ns)   --->   "%add_ln59_26 = add i8 %fm_ram_load_26, i8 %result_m_Val_V_57" [/home/ytq/codeField/Prediction_Model_Accelerator/CSIM/Sparse_HLS/Sparse_HLS/src/../include/helpers.hpp:59]   --->   Operation 279 'add' 'add_ln59_26' <Predicate = true> <Delay = 0.76> <CoreInst = "Adder">   --->   Core 1 'Adder' <Latency = 0> <II = 1> <Delay = 0.76> <FuncUnit> <Opcode : 'add' 'sub'> <InPorts = 2> <OutPorts = 1>
ST_20 : Operation 280 [1/2] (1.23ns)   --->   "%fm_ram_load_27 = load i14 %fm_ram_addr_27"   --->   Operation 280 'load' 'fm_ram_load_27' <Predicate = true> <Delay = 1.23> <CoreInst = "RAM">   --->   Core 83 'RAM' <Latency = 1> <II = 1> <Delay = 1.23> <Storage> <Opcode : 'load' 'store'> <Ports = 2> <Width = 8> <Depth = 16384> <RAM>
ST_20 : Operation 281 [1/1] (0.76ns)   --->   "%add_ln59_27 = add i8 %fm_ram_load_27, i8 %result_m_Val_V_58" [/home/ytq/codeField/Prediction_Model_Accelerator/CSIM/Sparse_HLS/Sparse_HLS/src/../include/helpers.hpp:59]   --->   Operation 281 'add' 'add_ln59_27' <Predicate = true> <Delay = 0.76> <CoreInst = "Adder">   --->   Core 1 'Adder' <Latency = 0> <II = 1> <Delay = 0.76> <FuncUnit> <Opcode : 'add' 'sub'> <InPorts = 2> <OutPorts = 1>
ST_20 : Operation 282 [2/2] (1.23ns)   --->   "%fm_ram_load_28 = load i14 %fm_ram_addr_28"   --->   Operation 282 'load' 'fm_ram_load_28' <Predicate = true> <Delay = 1.23> <CoreInst = "RAM">   --->   Core 83 'RAM' <Latency = 1> <II = 1> <Delay = 1.23> <Storage> <Opcode : 'load' 'store'> <Ports = 2> <Width = 8> <Depth = 16384> <RAM>
ST_20 : Operation 283 [2/2] (1.23ns)   --->   "%fm_ram_load_29 = load i14 %fm_ram_addr_29"   --->   Operation 283 'load' 'fm_ram_load_29' <Predicate = true> <Delay = 1.23> <CoreInst = "RAM">   --->   Core 83 'RAM' <Latency = 1> <II = 1> <Delay = 1.23> <Storage> <Opcode : 'load' 'store'> <Ports = 2> <Width = 8> <Depth = 16384> <RAM>

State 21 <SV = 20> <Delay = 2.00>
ST_21 : Operation 284 [1/1] (0.00ns)   --->   "%or_ln186_29 = or i14 %tmp_1, i14 30"   --->   Operation 284 'or' 'or_ln186_29' <Predicate = true> <Delay = 0.00>
ST_21 : Operation 285 [1/1] (0.00ns)   --->   "%zext_ln186_30 = zext i14 %or_ln186_29"   --->   Operation 285 'zext' 'zext_ln186_30' <Predicate = true> <Delay = 0.00>
ST_21 : Operation 286 [1/1] (0.00ns)   --->   "%fm_ram_addr_30 = getelementptr i8 %fm_ram, i64 0, i64 %zext_ln186_30"   --->   Operation 286 'getelementptr' 'fm_ram_addr_30' <Predicate = true> <Delay = 0.00>
ST_21 : Operation 287 [1/1] (0.00ns)   --->   "%or_ln186_30 = or i14 %tmp_1, i14 31"   --->   Operation 287 'or' 'or_ln186_30' <Predicate = true> <Delay = 0.00>
ST_21 : Operation 288 [1/1] (0.00ns)   --->   "%zext_ln186_31 = zext i14 %or_ln186_30"   --->   Operation 288 'zext' 'zext_ln186_31' <Predicate = true> <Delay = 0.00>
ST_21 : Operation 289 [1/1] (0.00ns)   --->   "%fm_ram_addr_31 = getelementptr i8 %fm_ram, i64 0, i64 %zext_ln186_31"   --->   Operation 289 'getelementptr' 'fm_ram_addr_31' <Predicate = true> <Delay = 0.00>
ST_21 : Operation 290 [1/2] (1.23ns)   --->   "%fm_ram_load_28 = load i14 %fm_ram_addr_28"   --->   Operation 290 'load' 'fm_ram_load_28' <Predicate = true> <Delay = 1.23> <CoreInst = "RAM">   --->   Core 83 'RAM' <Latency = 1> <II = 1> <Delay = 1.23> <Storage> <Opcode : 'load' 'store'> <Ports = 2> <Width = 8> <Depth = 16384> <RAM>
ST_21 : Operation 291 [1/1] (0.76ns)   --->   "%add_ln59_28 = add i8 %fm_ram_load_28, i8 %result_m_Val_V_59" [/home/ytq/codeField/Prediction_Model_Accelerator/CSIM/Sparse_HLS/Sparse_HLS/src/../include/helpers.hpp:59]   --->   Operation 291 'add' 'add_ln59_28' <Predicate = true> <Delay = 0.76> <CoreInst = "Adder">   --->   Core 1 'Adder' <Latency = 0> <II = 1> <Delay = 0.76> <FuncUnit> <Opcode : 'add' 'sub'> <InPorts = 2> <OutPorts = 1>
ST_21 : Operation 292 [1/2] (1.23ns)   --->   "%fm_ram_load_29 = load i14 %fm_ram_addr_29"   --->   Operation 292 'load' 'fm_ram_load_29' <Predicate = true> <Delay = 1.23> <CoreInst = "RAM">   --->   Core 83 'RAM' <Latency = 1> <II = 1> <Delay = 1.23> <Storage> <Opcode : 'load' 'store'> <Ports = 2> <Width = 8> <Depth = 16384> <RAM>
ST_21 : Operation 293 [1/1] (0.76ns)   --->   "%add_ln59_29 = add i8 %fm_ram_load_29, i8 %result_m_Val_V_60" [/home/ytq/codeField/Prediction_Model_Accelerator/CSIM/Sparse_HLS/Sparse_HLS/src/../include/helpers.hpp:59]   --->   Operation 293 'add' 'add_ln59_29' <Predicate = true> <Delay = 0.76> <CoreInst = "Adder">   --->   Core 1 'Adder' <Latency = 0> <II = 1> <Delay = 0.76> <FuncUnit> <Opcode : 'add' 'sub'> <InPorts = 2> <OutPorts = 1>
ST_21 : Operation 294 [2/2] (1.23ns)   --->   "%fm_ram_load_30 = load i14 %fm_ram_addr_30"   --->   Operation 294 'load' 'fm_ram_load_30' <Predicate = true> <Delay = 1.23> <CoreInst = "RAM">   --->   Core 83 'RAM' <Latency = 1> <II = 1> <Delay = 1.23> <Storage> <Opcode : 'load' 'store'> <Ports = 2> <Width = 8> <Depth = 16384> <RAM>
ST_21 : Operation 295 [2/2] (1.23ns)   --->   "%fm_ram_load_31 = load i14 %fm_ram_addr_31"   --->   Operation 295 'load' 'fm_ram_load_31' <Predicate = true> <Delay = 1.23> <CoreInst = "RAM">   --->   Core 83 'RAM' <Latency = 1> <II = 1> <Delay = 1.23> <Storage> <Opcode : 'load' 'store'> <Ports = 2> <Width = 8> <Depth = 16384> <RAM>

State 22 <SV = 21> <Delay = 2.00>
ST_22 : Operation 296 [1/1] (0.00ns)   --->   "%specloopname_ln56 = specloopname void @_ssdm_op_SpecLoopName, void @empty_8" [/home/ytq/codeField/Prediction_Model_Accelerator/CSIM/Sparse_HLS/Sparse_HLS/src/../include/helpers.hpp:56]   --->   Operation 296 'specloopname' 'specloopname_ln56' <Predicate = true> <Delay = 0.00>
ST_22 : Operation 297 [1/2] (1.23ns)   --->   "%fm_ram_load_30 = load i14 %fm_ram_addr_30"   --->   Operation 297 'load' 'fm_ram_load_30' <Predicate = true> <Delay = 1.23> <CoreInst = "RAM">   --->   Core 83 'RAM' <Latency = 1> <II = 1> <Delay = 1.23> <Storage> <Opcode : 'load' 'store'> <Ports = 2> <Width = 8> <Depth = 16384> <RAM>
ST_22 : Operation 298 [1/1] (0.76ns)   --->   "%add_ln59_30 = add i8 %fm_ram_load_30, i8 %result_m_Val_V_61" [/home/ytq/codeField/Prediction_Model_Accelerator/CSIM/Sparse_HLS/Sparse_HLS/src/../include/helpers.hpp:59]   --->   Operation 298 'add' 'add_ln59_30' <Predicate = true> <Delay = 0.76> <CoreInst = "Adder">   --->   Core 1 'Adder' <Latency = 0> <II = 1> <Delay = 0.76> <FuncUnit> <Opcode : 'add' 'sub'> <InPorts = 2> <OutPorts = 1>
ST_22 : Operation 299 [1/2] (1.23ns)   --->   "%fm_ram_load_31 = load i14 %fm_ram_addr_31"   --->   Operation 299 'load' 'fm_ram_load_31' <Predicate = true> <Delay = 1.23> <CoreInst = "RAM">   --->   Core 83 'RAM' <Latency = 1> <II = 1> <Delay = 1.23> <Storage> <Opcode : 'load' 'store'> <Ports = 2> <Width = 8> <Depth = 16384> <RAM>
ST_22 : Operation 300 [1/1] (0.76ns)   --->   "%add_ln59_31 = add i8 %fm_ram_load_31, i8 %result_m_Val_V_62" [/home/ytq/codeField/Prediction_Model_Accelerator/CSIM/Sparse_HLS/Sparse_HLS/src/../include/helpers.hpp:59]   --->   Operation 300 'add' 'add_ln59_31' <Predicate = true> <Delay = 0.76> <CoreInst = "Adder">   --->   Core 1 'Adder' <Latency = 0> <II = 1> <Delay = 0.76> <FuncUnit> <Opcode : 'add' 'sub'> <InPorts = 2> <OutPorts = 1>
ST_22 : Operation 301 [1/1] (0.00ns)   --->   "%br_ln56 = br void %for.inc" [/home/ytq/codeField/Prediction_Model_Accelerator/CSIM/Sparse_HLS/Sparse_HLS/src/../include/helpers.hpp:56]   --->   Operation 301 'br' 'br_ln56' <Predicate = true> <Delay = 0.00>


============================================================
+ Verbose Summary: Timing violations
============================================================
Target clock period: 10ns, clock uncertainty: 2.7ns.

 <State 1>: 3.68ns
The critical path consists of the following:
	wire read operation ('p_read_1') on port 'p_read1' [11]  (1.84 ns)
	fifo write operation ('write_ln0') on port 'fm_COLS_c' [13]  (1.84 ns)

 <State 2>: 1.03ns
The critical path consists of the following:
	'load' operation ('block') on local variable 'block' [22]  (0 ns)
	'icmp' operation ('icmp_ln49', /home/ytq/codeField/Prediction_Model_Accelerator/CSIM/Sparse_HLS/Sparse_HLS/src/../include/helpers.hpp:49) [23]  (1.03 ns)

 <State 3>: 1.42ns
The critical path consists of the following:
	'phi' operation ('row', /home/ytq/codeField/Prediction_Model_Accelerator/CSIM/Sparse_HLS/Sparse_HLS/src/../include/helpers.hpp:51) with incoming values : ('add_ln51', /home/ytq/codeField/Prediction_Model_Accelerator/CSIM/Sparse_HLS/Sparse_HLS/src/../include/helpers.hpp:51) [32]  (0 ns)
	'add' operation ('add_ln51', /home/ytq/codeField/Prediction_Model_Accelerator/CSIM/Sparse_HLS/Sparse_HLS/src/../include/helpers.hpp:51) [36]  (1.02 ns)
	blocking operation 0.402 ns on control path)

 <State 4>: 0.677ns
The critical path consists of the following:
	'load' operation ('idx_count', /home/ytq/codeField/Prediction_Model_Accelerator/CSIM/Sparse_HLS/Sparse_HLS/src/../include/helpers.hpp:52) on array 'count_ram' [41]  (0.677 ns)

 <State 5>: 2.56ns
The critical path consists of the following:
	'phi' operation ('count', /home/ytq/codeField/Prediction_Model_Accelerator/CSIM/Sparse_HLS/Sparse_HLS/src/../include/helpers.hpp:56) with incoming values : ('add_ln56', /home/ytq/codeField/Prediction_Model_Accelerator/CSIM/Sparse_HLS/Sparse_HLS/src/../include/helpers.hpp:56) [46]  (0 ns)
	'add' operation ('add_ln57', /home/ytq/codeField/Prediction_Model_Accelerator/CSIM/Sparse_HLS/Sparse_HLS/src/../include/helpers.hpp:57) [86]  (0.787 ns)
	'getelementptr' operation ('idx_ram_addr', /home/ytq/codeField/Prediction_Model_Accelerator/CSIM/Sparse_HLS/Sparse_HLS/src/../include/helpers.hpp:57) [88]  (0 ns)
	'load' operation ('idx', /home/ytq/codeField/Prediction_Model_Accelerator/CSIM/Sparse_HLS/Sparse_HLS/src/../include/helpers.hpp:57) on array 'idx_ram' [89]  (1.24 ns)
	blocking operation 0.538 ns on control path)

 <State 6>: 3.25ns
The critical path consists of the following:
	'load' operation ('idx', /home/ytq/codeField/Prediction_Model_Accelerator/CSIM/Sparse_HLS/Sparse_HLS/src/../include/helpers.hpp:57) on array 'idx_ram' [89]  (1.24 ns)
	'add' operation ('add17', /home/ytq/codeField/Prediction_Model_Accelerator/CSIM/Sparse_HLS/Sparse_HLS/src/../include/helpers.hpp:57) [91]  (0.776 ns)
	'getelementptr' operation ('fm_ram_addr') [94]  (0 ns)
	'load' operation ('fm_ram_load') on array 'fm_ram' [188]  (1.24 ns)

 <State 7>: 2ns
The critical path consists of the following:
	'load' operation ('fm_ram_load') on array 'fm_ram' [188]  (1.24 ns)
	'add' operation ('add_ln59', /home/ytq/codeField/Prediction_Model_Accelerator/CSIM/Sparse_HLS/Sparse_HLS/src/../include/helpers.hpp:59) [189]  (0.765 ns)

 <State 8>: 2ns
The critical path consists of the following:
	'load' operation ('fm_ram_load_2') on array 'fm_ram' [192]  (1.24 ns)
	'add' operation ('add_ln59_2', /home/ytq/codeField/Prediction_Model_Accelerator/CSIM/Sparse_HLS/Sparse_HLS/src/../include/helpers.hpp:59) [193]  (0.765 ns)

 <State 9>: 2ns
The critical path consists of the following:
	'load' operation ('fm_ram_load_4') on array 'fm_ram' [196]  (1.24 ns)
	'add' operation ('add_ln59_4', /home/ytq/codeField/Prediction_Model_Accelerator/CSIM/Sparse_HLS/Sparse_HLS/src/../include/helpers.hpp:59) [197]  (0.765 ns)

 <State 10>: 2ns
The critical path consists of the following:
	'load' operation ('fm_ram_load_6') on array 'fm_ram' [200]  (1.24 ns)
	'add' operation ('add_ln59_6', /home/ytq/codeField/Prediction_Model_Accelerator/CSIM/Sparse_HLS/Sparse_HLS/src/../include/helpers.hpp:59) [201]  (0.765 ns)

 <State 11>: 2ns
The critical path consists of the following:
	'load' operation ('fm_ram_load_8') on array 'fm_ram' [204]  (1.24 ns)
	'add' operation ('add_ln59_8', /home/ytq/codeField/Prediction_Model_Accelerator/CSIM/Sparse_HLS/Sparse_HLS/src/../include/helpers.hpp:59) [205]  (0.765 ns)

 <State 12>: 2ns
The critical path consists of the following:
	'load' operation ('fm_ram_load_10') on array 'fm_ram' [208]  (1.24 ns)
	'add' operation ('add_ln59_10', /home/ytq/codeField/Prediction_Model_Accelerator/CSIM/Sparse_HLS/Sparse_HLS/src/../include/helpers.hpp:59) [209]  (0.765 ns)

 <State 13>: 2ns
The critical path consists of the following:
	'load' operation ('fm_ram_load_12') on array 'fm_ram' [212]  (1.24 ns)
	'add' operation ('add_ln59_12', /home/ytq/codeField/Prediction_Model_Accelerator/CSIM/Sparse_HLS/Sparse_HLS/src/../include/helpers.hpp:59) [213]  (0.765 ns)

 <State 14>: 2ns
The critical path consists of the following:
	'load' operation ('fm_ram_load_14') on array 'fm_ram' [216]  (1.24 ns)
	'add' operation ('add_ln59_14', /home/ytq/codeField/Prediction_Model_Accelerator/CSIM/Sparse_HLS/Sparse_HLS/src/../include/helpers.hpp:59) [217]  (0.765 ns)

 <State 15>: 2ns
The critical path consists of the following:
	'load' operation ('fm_ram_load_16') on array 'fm_ram' [220]  (1.24 ns)
	'add' operation ('add_ln59_16', /home/ytq/codeField/Prediction_Model_Accelerator/CSIM/Sparse_HLS/Sparse_HLS/src/../include/helpers.hpp:59) [221]  (0.765 ns)

 <State 16>: 2ns
The critical path consists of the following:
	'load' operation ('fm_ram_load_18') on array 'fm_ram' [224]  (1.24 ns)
	'add' operation ('add_ln59_18', /home/ytq/codeField/Prediction_Model_Accelerator/CSIM/Sparse_HLS/Sparse_HLS/src/../include/helpers.hpp:59) [225]  (0.765 ns)

 <State 17>: 2ns
The critical path consists of the following:
	'load' operation ('fm_ram_load_20') on array 'fm_ram' [228]  (1.24 ns)
	'add' operation ('add_ln59_20', /home/ytq/codeField/Prediction_Model_Accelerator/CSIM/Sparse_HLS/Sparse_HLS/src/../include/helpers.hpp:59) [229]  (0.765 ns)

 <State 18>: 2ns
The critical path consists of the following:
	'load' operation ('fm_ram_load_22') on array 'fm_ram' [232]  (1.24 ns)
	'add' operation ('add_ln59_22', /home/ytq/codeField/Prediction_Model_Accelerator/CSIM/Sparse_HLS/Sparse_HLS/src/../include/helpers.hpp:59) [233]  (0.765 ns)

 <State 19>: 2ns
The critical path consists of the following:
	'load' operation ('fm_ram_load_24') on array 'fm_ram' [236]  (1.24 ns)
	'add' operation ('add_ln59_24', /home/ytq/codeField/Prediction_Model_Accelerator/CSIM/Sparse_HLS/Sparse_HLS/src/../include/helpers.hpp:59) [237]  (0.765 ns)

 <State 20>: 2ns
The critical path consists of the following:
	'load' operation ('fm_ram_load_26') on array 'fm_ram' [240]  (1.24 ns)
	'add' operation ('add_ln59_26', /home/ytq/codeField/Prediction_Model_Accelerator/CSIM/Sparse_HLS/Sparse_HLS/src/../include/helpers.hpp:59) [241]  (0.765 ns)

 <State 21>: 2ns
The critical path consists of the following:
	'load' operation ('fm_ram_load_28') on array 'fm_ram' [244]  (1.24 ns)
	'add' operation ('add_ln59_28', /home/ytq/codeField/Prediction_Model_Accelerator/CSIM/Sparse_HLS/Sparse_HLS/src/../include/helpers.hpp:59) [245]  (0.765 ns)

 <State 22>: 2ns
The critical path consists of the following:
	'load' operation ('fm_ram_load_30') on array 'fm_ram' [248]  (1.24 ns)
	'add' operation ('add_ln59_30', /home/ytq/codeField/Prediction_Model_Accelerator/CSIM/Sparse_HLS/Sparse_HLS/src/../include/helpers.hpp:59) [249]  (0.765 ns)


============================================================
+ Verbose Summary: Binding
============================================================
N/A
* FSMD analyzer results:
  - Output states:
 - Input state : 
  - Chain level:
	State 1
	State 2
	State 3
	State 4
	State 5
	State 6
	State 7
	State 8
	State 9
	State 10
	State 11
	State 12
	State 13
	State 14
	State 15
	State 16
	State 17
	State 18
	State 19
	State 20
	State 21
	State 22


============================================================
+ Verbose Summary: Datapath Resource usage 
============================================================
N/A
