

================================================================
== Vitis HLS Report for 'sparse'
================================================================
* Date:           Wed May 22 21:11:25 2024

* Version:        2022.2 (Build 3670227 on Oct 13 2022)
* Project:        Sparse_HLS.prj
* Solution:       sol (Vivado IP Flow Target)
* Product family: zynquplus
* Target device:  xczu7ev-ffvc1156-2-e


================================================================
== Performance Estimates
================================================================
+ Timing: 
    * Summary: 
    +--------+----------+----------+------------+
    |  Clock |  Target  | Estimated| Uncertainty|
    +--------+----------+----------+------------+
    |ap_clk  |  10.00 ns|  7.300 ns|     2.70 ns|
    +--------+----------+----------+------------+

+ Latency: 
    * Summary: 
    +---------+---------+----------+----------+-----+-----+----------+
    |  Latency (cycles) |  Latency (absolute) |  Interval | Pipeline |
    |   min   |   max   |    min   |    max   | min | max |   Type   |
    +---------+---------+----------+----------+-----+-----+----------+
    |        ?|        ?|         ?|         ?|    ?|    ?|  dataflow|
    +---------+---------+----------+----------+-----+-----+----------+

    + Detail: 
        * Instance: 
        N/A

        * Loop: 
        N/A

============================================================
+ Verbose Summary: Synthesis Manager
============================================================
InlineROM: 1
ExposeGlobal: 0
============================================================
+ Verbose Summary: CDFG Model
============================================================
IsTopModel: 1
ResetActiveHigh: 1
IsCombinational: 2
IsDatapathOnly: 0
HasWiredReturn: 1
HasMFsm: 0
HasVarLatency: 1
IsPipeline: 0
IsRtlPipelined: 0
IsInstanceOverlapped: 0
IsDontTouch: 0
HasImplIP: 0
IsGatedGlobalClock: 0


============================================================
+ Verbose Summary: Schedule
============================================================
* Number of FSM states : 6
* Pipeline : 0
* Dataflow Pipeline: 1
  DF-Pipeline-0: Size = 6, States = { 1 2 3 4 5 6 }

* FSM state transitions: 
1 --> 2 
2 --> 3 
3 --> 4 
4 --> 5 
5 --> 6 
6 --> 

* FSM state operations: 

State 1 <SV = 0> <Delay = 4.42>
ST_1 : Operation 7 [1/1] (1.00ns)   --->   "%outputs_read = read i64 @_ssdm_op_Read.s_axilite.i64, i64 %outputs" [/home/ytq/codeField/Prediction_Model_Accelerator/CSIM/Sparse_HLS/Sparse_HLS/src/sparse.cpp:40]   --->   Operation 7 'read' 'outputs_read' <Predicate = true> <Delay = 1.00> <CoreInst = "s_axilite">   --->   Core 122 's_axilite' <Latency = 0> <II = 1> <Delay = 1.00> <Adapter> <Opcode : 'read' 'write'>
ST_1 : Operation 8 [1/1] (1.00ns)   --->   "%inputs_read = read i64 @_ssdm_op_Read.s_axilite.i64, i64 %inputs" [/home/ytq/codeField/Prediction_Model_Accelerator/CSIM/Sparse_HLS/Sparse_HLS/src/sparse.cpp:40]   --->   Operation 8 'read' 'inputs_read' <Predicate = true> <Delay = 1.00> <CoreInst = "s_axilite">   --->   Core 122 's_axilite' <Latency = 0> <II = 1> <Delay = 1.00> <Adapter> <Opcode : 'read' 'write'>
ST_1 : Operation 9 [1/1] (1.00ns)   --->   "%fm_COLS_read = read i32 @_ssdm_op_Read.s_axilite.i32, i32 %fm_COLS" [/home/ytq/codeField/Prediction_Model_Accelerator/CSIM/Sparse_HLS/Sparse_HLS/src/sparse.cpp:40]   --->   Operation 9 'read' 'fm_COLS_read' <Predicate = true> <Delay = 1.00> <CoreInst = "s_axilite">   --->   Core 122 's_axilite' <Latency = 0> <II = 1> <Delay = 1.00> <Adapter> <Opcode : 'read' 'write'>
ST_1 : Operation 10 [1/1] (1.00ns)   --->   "%fm_ROWS_read = read i32 @_ssdm_op_Read.s_axilite.i32, i32 %fm_ROWS" [/home/ytq/codeField/Prediction_Model_Accelerator/CSIM/Sparse_HLS/Sparse_HLS/src/sparse.cpp:40]   --->   Operation 10 'read' 'fm_ROWS_read' <Predicate = true> <Delay = 1.00> <CoreInst = "s_axilite">   --->   Core 122 's_axilite' <Latency = 0> <II = 1> <Delay = 1.00> <Adapter> <Opcode : 'read' 'write'>
ST_1 : Operation 11 [1/1] (1.00ns)   --->   "%am_COLS_read = read i32 @_ssdm_op_Read.s_axilite.i32, i32 %am_COLS" [/home/ytq/codeField/Prediction_Model_Accelerator/CSIM/Sparse_HLS/Sparse_HLS/src/sparse.cpp:40]   --->   Operation 11 'read' 'am_COLS_read' <Predicate = true> <Delay = 1.00> <CoreInst = "s_axilite">   --->   Core 122 's_axilite' <Latency = 0> <II = 1> <Delay = 1.00> <Adapter> <Opcode : 'read' 'write'>
ST_1 : Operation 12 [1/1] (1.00ns)   --->   "%am_ROWS_read = read i32 @_ssdm_op_Read.s_axilite.i32, i32 %am_ROWS" [/home/ytq/codeField/Prediction_Model_Accelerator/CSIM/Sparse_HLS/Sparse_HLS/src/sparse.cpp:40]   --->   Operation 12 'read' 'am_ROWS_read' <Predicate = true> <Delay = 1.00> <CoreInst = "s_axilite">   --->   Core 122 's_axilite' <Latency = 0> <II = 1> <Delay = 1.00> <Adapter> <Opcode : 'read' 'write'>
ST_1 : Operation 13 [1/1] (1.00ns)   --->   "%output_data_addr3_read = read i32 @_ssdm_op_Read.s_axilite.i32, i32 %output_data_addr3" [/home/ytq/codeField/Prediction_Model_Accelerator/CSIM/Sparse_HLS/Sparse_HLS/src/sparse.cpp:40]   --->   Operation 13 'read' 'output_data_addr3_read' <Predicate = true> <Delay = 1.00> <CoreInst = "s_axilite">   --->   Core 122 's_axilite' <Latency = 0> <II = 1> <Delay = 1.00> <Adapter> <Opcode : 'read' 'write'>
ST_1 : Operation 14 [1/1] (1.00ns)   --->   "%input_data_addr2_read = read i32 @_ssdm_op_Read.s_axilite.i32, i32 %input_data_addr2" [/home/ytq/codeField/Prediction_Model_Accelerator/CSIM/Sparse_HLS/Sparse_HLS/src/sparse.cpp:40]   --->   Operation 14 'read' 'input_data_addr2_read' <Predicate = true> <Delay = 1.00> <CoreInst = "s_axilite">   --->   Core 122 's_axilite' <Latency = 0> <II = 1> <Delay = 1.00> <Adapter> <Opcode : 'read' 'write'>
ST_1 : Operation 15 [1/1] (1.00ns)   --->   "%input_data_addr1_read = read i32 @_ssdm_op_Read.s_axilite.i32, i32 %input_data_addr1" [/home/ytq/codeField/Prediction_Model_Accelerator/CSIM/Sparse_HLS/Sparse_HLS/src/sparse.cpp:40]   --->   Operation 15 'read' 'input_data_addr1_read' <Predicate = true> <Delay = 1.00> <CoreInst = "s_axilite">   --->   Core 122 's_axilite' <Latency = 0> <II = 1> <Delay = 1.00> <Adapter> <Opcode : 'read' 'write'>
ST_1 : Operation 16 [1/1] (0.00ns)   --->   "%outputs_c = alloca i64 1" [/home/ytq/codeField/Prediction_Model_Accelerator/CSIM/Sparse_HLS/Sparse_HLS/src/sparse.cpp:40]   --->   Operation 16 'alloca' 'outputs_c' <Predicate = true> <Delay = 0.00> <CoreInst = "FIFO_SRL">   --->   Core 81 'FIFO_SRL' <Latency = 0> <II = 1> <Delay = 1.83> <Storage> <Opcode : 'read' 'write' 'nbread' 'nbwrite'> <Ports = 0> <Width = 64> <Depth = 4> <FIFO>
ST_1 : Operation 17 [1/1] (0.00ns)   --->   "%fm_COLS_c9 = alloca i64 1" [/home/ytq/codeField/Prediction_Model_Accelerator/CSIM/Sparse_HLS/Sparse_HLS/src/sparse.cpp:40]   --->   Operation 17 'alloca' 'fm_COLS_c9' <Predicate = true> <Delay = 0.00> <CoreInst = "FIFO_SRL">   --->   Core 81 'FIFO_SRL' <Latency = 0> <II = 1> <Delay = 1.83> <Storage> <Opcode : 'read' 'write' 'nbread' 'nbwrite'> <Ports = 0> <Width = 32> <Depth = 2> <FIFO>
ST_1 : Operation 18 [1/1] (0.00ns)   --->   "%fm_COLS_c = alloca i64 1" [/home/ytq/codeField/Prediction_Model_Accelerator/CSIM/Sparse_HLS/Sparse_HLS/src/sparse.cpp:40]   --->   Operation 18 'alloca' 'fm_COLS_c' <Predicate = true> <Delay = 0.00> <CoreInst = "FIFO_SRL">   --->   Core 81 'FIFO_SRL' <Latency = 0> <II = 1> <Delay = 1.83> <Storage> <Opcode : 'read' 'write' 'nbread' 'nbwrite'> <Ports = 0> <Width = 32> <Depth = 2> <FIFO>
ST_1 : Operation 19 [1/1] (0.00ns)   --->   "%fm_ROWS_c = alloca i64 1" [/home/ytq/codeField/Prediction_Model_Accelerator/CSIM/Sparse_HLS/Sparse_HLS/src/sparse.cpp:40]   --->   Operation 19 'alloca' 'fm_ROWS_c' <Predicate = true> <Delay = 0.00> <CoreInst = "FIFO_SRL">   --->   Core 81 'FIFO_SRL' <Latency = 0> <II = 1> <Delay = 1.83> <Storage> <Opcode : 'read' 'write' 'nbread' 'nbwrite'> <Ports = 0> <Width = 32> <Depth = 3> <FIFO>
ST_1 : Operation 20 [1/1] (0.00ns)   --->   "%am_ROWS_c = alloca i64 1" [/home/ytq/codeField/Prediction_Model_Accelerator/CSIM/Sparse_HLS/Sparse_HLS/src/sparse.cpp:40]   --->   Operation 20 'alloca' 'am_ROWS_c' <Predicate = true> <Delay = 0.00> <CoreInst = "FIFO_SRL">   --->   Core 81 'FIFO_SRL' <Latency = 0> <II = 1> <Delay = 1.83> <Storage> <Opcode : 'read' 'write' 'nbread' 'nbwrite'> <Ports = 0> <Width = 32> <Depth = 2> <FIFO>
ST_1 : Operation 21 [1/1] (0.00ns)   --->   "%output_data_addr3_c = alloca i64 1" [/home/ytq/codeField/Prediction_Model_Accelerator/CSIM/Sparse_HLS/Sparse_HLS/src/sparse.cpp:40]   --->   Operation 21 'alloca' 'output_data_addr3_c' <Predicate = true> <Delay = 0.00> <CoreInst = "FIFO_SRL">   --->   Core 81 'FIFO_SRL' <Latency = 0> <II = 1> <Delay = 1.83> <Storage> <Opcode : 'read' 'write' 'nbread' 'nbwrite'> <Ports = 0> <Width = 32> <Depth = 4> <FIFO>
ST_1 : Operation 22 [1/1] (0.00ns)   --->   "%data_out = alloca i64 1" [/home/ytq/codeField/Prediction_Model_Accelerator/CSIM/Sparse_HLS/Sparse_HLS/src/sparse.cpp:29]   --->   Operation 22 'alloca' 'data_out' <Predicate = true> <Delay = 0.00> <CoreInst = "FIFO">   --->   Core 78 'FIFO' <Latency = 0> <II = 1> <Delay = 1.55> <Storage> <Opcode : 'read' 'write' 'nbread' 'nbwrite'> <Ports = 0> <Width = 256> <Depth = 64> <FIFO>
ST_1 : Operation 23 [1/1] (0.00ns)   --->   "%fm_stream = alloca i64 1" [/home/ytq/codeField/Prediction_Model_Accelerator/CSIM/Sparse_HLS/Sparse_HLS/src/sparse.cpp:31]   --->   Operation 23 'alloca' 'fm_stream' <Predicate = true> <Delay = 0.00> <CoreInst = "FIFO">   --->   Core 78 'FIFO' <Latency = 0> <II = 1> <Delay = 1.64> <Storage> <Opcode : 'read' 'write' 'nbread' 'nbwrite'> <Ports = 0> <Width = 256> <Depth = 128> <FIFO>
ST_1 : Operation 24 [1/1] (0.00ns)   --->   "%idx_stream = alloca i64 1" [/home/ytq/codeField/Prediction_Model_Accelerator/CSIM/Sparse_HLS/Sparse_HLS/src/sparse.cpp:33]   --->   Operation 24 'alloca' 'idx_stream' <Predicate = true> <Delay = 0.00> <CoreInst = "FIFO_SRL">   --->   Core 81 'FIFO_SRL' <Latency = 0> <II = 1> <Delay = 2.37> <Storage> <Opcode : 'read' 'write' 'nbread' 'nbwrite'> <Ports = 0> <Width = 8> <Depth = 128> <FIFO>
ST_1 : Operation 25 [1/1] (0.00ns)   --->   "%count_stream = alloca i64 1" [/home/ytq/codeField/Prediction_Model_Accelerator/CSIM/Sparse_HLS/Sparse_HLS/src/sparse.cpp:35]   --->   Operation 25 'alloca' 'count_stream' <Predicate = true> <Delay = 0.00> <CoreInst = "FIFO_SRL">   --->   Core 81 'FIFO_SRL' <Latency = 0> <II = 1> <Delay = 2.16> <Storage> <Opcode : 'read' 'write' 'nbread' 'nbwrite'> <Ports = 0> <Width = 8> <Depth = 64> <FIFO>
ST_1 : Operation 26 [1/1] (1.83ns)   --->   "%call_ln40 = call void @entry_proc, i32 %output_data_addr3_read, i32 %output_data_addr3_c, i64 %outputs_read, i64 %outputs_c" [/home/ytq/codeField/Prediction_Model_Accelerator/CSIM/Sparse_HLS/Sparse_HLS/src/sparse.cpp:40]   --->   Operation 26 'call' 'call_ln40' <Predicate = true> <Delay = 1.83> <CoreType = "Generic">   --->   Core 0 '' <Latency = 0> <II = 1> <Delay = 1.00> <Generic> <Opcode : >
ST_1 : Operation 27 [2/2] (3.42ns)   --->   "%call_ln41 = call void @load<ap_uint<256>, ap_int<8>, ap_int<8>, 32u>, i32 %am_ROWS_read, i32 %am_COLS_read, i32 %fm_ROWS_read, i32 %fm_COLS_read, i256 %sparse_data, i64 %inputs_read, i8 %idx_stream, i8 %count_stream, i256 %fm_stream, i32 %input_data_addr1_read, i32 %input_data_addr2_read, i32 %am_ROWS_c, i32 %fm_ROWS_c, i32 %fm_COLS_c9" [/home/ytq/codeField/Prediction_Model_Accelerator/CSIM/Sparse_HLS/Sparse_HLS/src/sparse.cpp:41]   --->   Operation 27 'call' 'call_ln41' <Predicate = true> <Delay = 3.42> <CoreType = "Generic">   --->   Core 0 '' <Latency = 0> <II = 1> <Delay = 1.00> <Generic> <Opcode : >

State 2 <SV = 1> <Delay = 0.00>
ST_2 : Operation 28 [1/2] (0.00ns)   --->   "%call_ln41 = call void @load<ap_uint<256>, ap_int<8>, ap_int<8>, 32u>, i32 %am_ROWS_read, i32 %am_COLS_read, i32 %fm_ROWS_read, i32 %fm_COLS_read, i256 %sparse_data, i64 %inputs_read, i8 %idx_stream, i8 %count_stream, i256 %fm_stream, i32 %input_data_addr1_read, i32 %input_data_addr2_read, i32 %am_ROWS_c, i32 %fm_ROWS_c, i32 %fm_COLS_c9" [/home/ytq/codeField/Prediction_Model_Accelerator/CSIM/Sparse_HLS/Sparse_HLS/src/sparse.cpp:41]   --->   Operation 28 'call' 'call_ln41' <Predicate = true> <Delay = 0.00> <CoreType = "Generic">   --->   Core 0 '' <Latency = 0> <II = 1> <Delay = 1.00> <Generic> <Opcode : >

State 3 <SV = 2> <Delay = 0.00>
ST_3 : Operation 29 [2/2] (0.00ns)   --->   "%call_ln42 = call void @mul<ap_uint<256>, ap_int<8>, ap_int<8>, 32u>, i32 %am_ROWS_c, i32 %fm_COLS_c9, i256 %fm_stream, i8 %idx_stream, i8 %count_stream, i256 %data_out, i32 %fm_COLS_c" [/home/ytq/codeField/Prediction_Model_Accelerator/CSIM/Sparse_HLS/Sparse_HLS/src/sparse.cpp:42]   --->   Operation 29 'call' 'call_ln42' <Predicate = true> <Delay = 0.00> <CoreType = "Generic">   --->   Core 0 '' <Latency = 0> <II = 1> <Delay = 1.00> <Generic> <Opcode : >

State 4 <SV = 3> <Delay = 0.00>
ST_4 : Operation 30 [1/2] (0.00ns)   --->   "%call_ln42 = call void @mul<ap_uint<256>, ap_int<8>, ap_int<8>, 32u>, i32 %am_ROWS_c, i32 %fm_COLS_c9, i256 %fm_stream, i8 %idx_stream, i8 %count_stream, i256 %data_out, i32 %fm_COLS_c" [/home/ytq/codeField/Prediction_Model_Accelerator/CSIM/Sparse_HLS/Sparse_HLS/src/sparse.cpp:42]   --->   Operation 30 'call' 'call_ln42' <Predicate = true> <Delay = 0.00> <CoreType = "Generic">   --->   Core 0 '' <Latency = 0> <II = 1> <Delay = 1.00> <Generic> <Opcode : >

State 5 <SV = 4> <Delay = 0.00>
ST_5 : Operation 31 [2/2] (0.00ns)   --->   "%call_ln43 = call void @store<ap_uint<256>, ap_int<8>, ap_int<8>, 32u>, i256 %data_out, i256 %sparse_data, i64 %outputs_c, i32 %output_data_addr3_c, i32 %fm_ROWS_c, i32 %fm_COLS_c, i1 %sparse_flag" [/home/ytq/codeField/Prediction_Model_Accelerator/CSIM/Sparse_HLS/Sparse_HLS/src/sparse.cpp:43]   --->   Operation 31 'call' 'call_ln43' <Predicate = true> <Delay = 0.00> <CoreType = "Generic">   --->   Core 0 '' <Latency = 0> <II = 1> <Delay = 1.00> <Generic> <Opcode : >

State 6 <SV = 5> <Delay = 1.45>
ST_6 : Operation 32 [1/1] (0.00ns)   --->   "%empty = specchannel i32 @_ssdm_op_SpecChannel, void @outputs_c_str, i32 1, void @p_str, void @p_str, i32 4, i32 0, i64 %outputs_c, i64 %outputs_c" [/home/ytq/codeField/Prediction_Model_Accelerator/CSIM/Sparse_HLS/Sparse_HLS/src/sparse.cpp:40]   --->   Operation 32 'specchannel' 'empty' <Predicate = true> <Delay = 0.00>
ST_6 : Operation 33 [1/1] (0.00ns)   --->   "%specinterface_ln40 = specinterface void @_ssdm_op_SpecInterface, i64 %outputs_c, void @ap_fifo_str, i32 0, i32 0, void @p_str, i32 0, i32 0, void @p_str, void @p_str, void @p_str, i32 2, i32 2, i32 16, i32 16, void @p_str, void @p_str, i32 4294967295, i32 0" [/home/ytq/codeField/Prediction_Model_Accelerator/CSIM/Sparse_HLS/Sparse_HLS/src/sparse.cpp:40]   --->   Operation 33 'specinterface' 'specinterface_ln40' <Predicate = true> <Delay = 0.00>
ST_6 : Operation 34 [1/1] (0.00ns)   --->   "%empty_43 = specchannel i32 @_ssdm_op_SpecChannel, void @fm_COLS_c9_str, i32 1, void @p_str, void @p_str, i32 2, i32 0, i32 %fm_COLS_c9, i32 %fm_COLS_c9" [/home/ytq/codeField/Prediction_Model_Accelerator/CSIM/Sparse_HLS/Sparse_HLS/src/sparse.cpp:40]   --->   Operation 34 'specchannel' 'empty_43' <Predicate = true> <Delay = 0.00>
ST_6 : Operation 35 [1/1] (0.00ns)   --->   "%specinterface_ln40 = specinterface void @_ssdm_op_SpecInterface, i32 %fm_COLS_c9, void @ap_fifo_str, i32 0, i32 0, void @p_str, i32 0, i32 0, void @p_str, void @p_str, void @p_str, i32 2, i32 2, i32 16, i32 16, void @p_str, void @p_str, i32 4294967295, i32 0" [/home/ytq/codeField/Prediction_Model_Accelerator/CSIM/Sparse_HLS/Sparse_HLS/src/sparse.cpp:40]   --->   Operation 35 'specinterface' 'specinterface_ln40' <Predicate = true> <Delay = 0.00>
ST_6 : Operation 36 [1/1] (0.00ns)   --->   "%empty_44 = specchannel i32 @_ssdm_op_SpecChannel, void @fm_COLS_c_str, i32 1, void @p_str, void @p_str, i32 2, i32 0, i32 %fm_COLS_c, i32 %fm_COLS_c" [/home/ytq/codeField/Prediction_Model_Accelerator/CSIM/Sparse_HLS/Sparse_HLS/src/sparse.cpp:40]   --->   Operation 36 'specchannel' 'empty_44' <Predicate = true> <Delay = 0.00>
ST_6 : Operation 37 [1/1] (0.00ns)   --->   "%specinterface_ln40 = specinterface void @_ssdm_op_SpecInterface, i32 %fm_COLS_c, void @ap_fifo_str, i32 0, i32 0, void @p_str, i32 0, i32 0, void @p_str, void @p_str, void @p_str, i32 2, i32 2, i32 16, i32 16, void @p_str, void @p_str, i32 4294967295, i32 0" [/home/ytq/codeField/Prediction_Model_Accelerator/CSIM/Sparse_HLS/Sparse_HLS/src/sparse.cpp:40]   --->   Operation 37 'specinterface' 'specinterface_ln40' <Predicate = true> <Delay = 0.00>
ST_6 : Operation 38 [1/1] (0.00ns)   --->   "%empty_45 = specchannel i32 @_ssdm_op_SpecChannel, void @fm_ROWS_c_str, i32 1, void @p_str, void @p_str, i32 3, i32 0, i32 %fm_ROWS_c, i32 %fm_ROWS_c" [/home/ytq/codeField/Prediction_Model_Accelerator/CSIM/Sparse_HLS/Sparse_HLS/src/sparse.cpp:40]   --->   Operation 38 'specchannel' 'empty_45' <Predicate = true> <Delay = 0.00>
ST_6 : Operation 39 [1/1] (0.00ns)   --->   "%specinterface_ln40 = specinterface void @_ssdm_op_SpecInterface, i32 %fm_ROWS_c, void @ap_fifo_str, i32 0, i32 0, void @p_str, i32 0, i32 0, void @p_str, void @p_str, void @p_str, i32 2, i32 2, i32 16, i32 16, void @p_str, void @p_str, i32 4294967295, i32 0" [/home/ytq/codeField/Prediction_Model_Accelerator/CSIM/Sparse_HLS/Sparse_HLS/src/sparse.cpp:40]   --->   Operation 39 'specinterface' 'specinterface_ln40' <Predicate = true> <Delay = 0.00>
ST_6 : Operation 40 [1/1] (0.00ns)   --->   "%empty_46 = specchannel i32 @_ssdm_op_SpecChannel, void @am_ROWS_c_str, i32 1, void @p_str, void @p_str, i32 2, i32 0, i32 %am_ROWS_c, i32 %am_ROWS_c" [/home/ytq/codeField/Prediction_Model_Accelerator/CSIM/Sparse_HLS/Sparse_HLS/src/sparse.cpp:40]   --->   Operation 40 'specchannel' 'empty_46' <Predicate = true> <Delay = 0.00>
ST_6 : Operation 41 [1/1] (0.00ns)   --->   "%specinterface_ln40 = specinterface void @_ssdm_op_SpecInterface, i32 %am_ROWS_c, void @ap_fifo_str, i32 0, i32 0, void @p_str, i32 0, i32 0, void @p_str, void @p_str, void @p_str, i32 2, i32 2, i32 16, i32 16, void @p_str, void @p_str, i32 4294967295, i32 0" [/home/ytq/codeField/Prediction_Model_Accelerator/CSIM/Sparse_HLS/Sparse_HLS/src/sparse.cpp:40]   --->   Operation 41 'specinterface' 'specinterface_ln40' <Predicate = true> <Delay = 0.00>
ST_6 : Operation 42 [1/1] (0.00ns)   --->   "%empty_47 = specchannel i32 @_ssdm_op_SpecChannel, void @output_data_addr3_c_str, i32 1, void @p_str, void @p_str, i32 4, i32 0, i32 %output_data_addr3_c, i32 %output_data_addr3_c" [/home/ytq/codeField/Prediction_Model_Accelerator/CSIM/Sparse_HLS/Sparse_HLS/src/sparse.cpp:40]   --->   Operation 42 'specchannel' 'empty_47' <Predicate = true> <Delay = 0.00>
ST_6 : Operation 43 [1/1] (0.00ns)   --->   "%specinterface_ln40 = specinterface void @_ssdm_op_SpecInterface, i32 %output_data_addr3_c, void @ap_fifo_str, i32 0, i32 0, void @p_str, i32 0, i32 0, void @p_str, void @p_str, void @p_str, i32 2, i32 2, i32 16, i32 16, void @p_str, void @p_str, i32 4294967295, i32 0" [/home/ytq/codeField/Prediction_Model_Accelerator/CSIM/Sparse_HLS/Sparse_HLS/src/sparse.cpp:40]   --->   Operation 43 'specinterface' 'specinterface_ln40' <Predicate = true> <Delay = 0.00>
ST_6 : Operation 44 [1/1] (0.00ns)   --->   "%specdataflowpipeline_ln40 = specdataflowpipeline void @_ssdm_op_SpecDataflowPipeline, i32 4294967295, i32 0, void @empty_2" [/home/ytq/codeField/Prediction_Model_Accelerator/CSIM/Sparse_HLS/Sparse_HLS/src/sparse.cpp:40]   --->   Operation 44 'specdataflowpipeline' 'specdataflowpipeline_ln40' <Predicate = true> <Delay = 0.00>
ST_6 : Operation 45 [1/1] (0.00ns)   --->   "%spectopmodule_ln3 = spectopmodule void @_ssdm_op_SpecTopModule, void @empty_18" [/home/ytq/codeField/Prediction_Model_Accelerator/CSIM/Sparse_HLS/Sparse_HLS/src/sparse.cpp:3]   --->   Operation 45 'spectopmodule' 'spectopmodule_ln3' <Predicate = true> <Delay = 0.00>
ST_6 : Operation 46 [1/1] (0.00ns)   --->   "%specinterface_ln0 = specinterface void @_ssdm_op_SpecInterface, i256 %sparse_data, void @empty_3, i32 0, i32 0, void @empty_2, i32 32, i32 0, void @empty_1, void @empty_0, void @empty_2, i32 16, i32 16, i32 16, i32 16, void @empty_2, void @empty_2, i32 4294967295, i32 0"   --->   Operation 46 'specinterface' 'specinterface_ln0' <Predicate = true> <Delay = 0.00>
ST_6 : Operation 47 [1/1] (0.00ns)   --->   "%specbitsmap_ln0 = specbitsmap void @_ssdm_op_SpecBitsMap, i256 %sparse_data"   --->   Operation 47 'specbitsmap' 'specbitsmap_ln0' <Predicate = true> <Delay = 0.00>
ST_6 : Operation 48 [1/1] (0.00ns)   --->   "%specbitsmap_ln0 = specbitsmap void @_ssdm_op_SpecBitsMap, i32 %input_data_addr1"   --->   Operation 48 'specbitsmap' 'specbitsmap_ln0' <Predicate = true> <Delay = 0.00>
ST_6 : Operation 49 [1/1] (0.00ns)   --->   "%specinterface_ln0 = specinterface void @_ssdm_op_SpecInterface, i32 %input_data_addr1, void @empty, i32 0, i32 0, void @empty_2, i32 0, i32 0, void @empty_21, void @empty_23, void @empty_2, i32 0, i32 0, i32 0, i32 0, void @empty_2, void @empty_2, i32 4294967295, i32 0"   --->   Operation 49 'specinterface' 'specinterface_ln0' <Predicate = true> <Delay = 0.00>
ST_6 : Operation 50 [1/1] (0.00ns)   --->   "%specinterface_ln0 = specinterface void @_ssdm_op_SpecInterface, i32 %input_data_addr1, void @empty_6, i32 0, i32 0, void @empty_2, i32 0, i32 0, void @empty_2, void @empty_2, void @empty_2, i32 0, i32 0, i32 0, i32 0, void @empty_2, void @empty_2, i32 4294967295, i32 0"   --->   Operation 50 'specinterface' 'specinterface_ln0' <Predicate = true> <Delay = 0.00>
ST_6 : Operation 51 [1/1] (0.00ns)   --->   "%specbitsmap_ln0 = specbitsmap void @_ssdm_op_SpecBitsMap, i32 %input_data_addr2"   --->   Operation 51 'specbitsmap' 'specbitsmap_ln0' <Predicate = true> <Delay = 0.00>
ST_6 : Operation 52 [1/1] (0.00ns)   --->   "%specinterface_ln0 = specinterface void @_ssdm_op_SpecInterface, i32 %input_data_addr2, void @empty, i32 0, i32 0, void @empty_2, i32 0, i32 0, void @empty_21, void @empty_24, void @empty_2, i32 0, i32 0, i32 0, i32 0, void @empty_2, void @empty_2, i32 4294967295, i32 0"   --->   Operation 52 'specinterface' 'specinterface_ln0' <Predicate = true> <Delay = 0.00>
ST_6 : Operation 53 [1/1] (0.00ns)   --->   "%specinterface_ln0 = specinterface void @_ssdm_op_SpecInterface, i32 %input_data_addr2, void @empty_6, i32 0, i32 0, void @empty_2, i32 0, i32 0, void @empty_2, void @empty_2, void @empty_2, i32 0, i32 0, i32 0, i32 0, void @empty_2, void @empty_2, i32 4294967295, i32 0"   --->   Operation 53 'specinterface' 'specinterface_ln0' <Predicate = true> <Delay = 0.00>
ST_6 : Operation 54 [1/1] (0.00ns)   --->   "%specbitsmap_ln0 = specbitsmap void @_ssdm_op_SpecBitsMap, i32 %output_data_addr3"   --->   Operation 54 'specbitsmap' 'specbitsmap_ln0' <Predicate = true> <Delay = 0.00>
ST_6 : Operation 55 [1/1] (0.00ns)   --->   "%specinterface_ln0 = specinterface void @_ssdm_op_SpecInterface, i32 %output_data_addr3, void @empty, i32 0, i32 0, void @empty_2, i32 0, i32 0, void @empty_21, void @empty_25, void @empty_2, i32 0, i32 0, i32 0, i32 0, void @empty_2, void @empty_2, i32 4294967295, i32 0"   --->   Operation 55 'specinterface' 'specinterface_ln0' <Predicate = true> <Delay = 0.00>
ST_6 : Operation 56 [1/1] (0.00ns)   --->   "%specinterface_ln0 = specinterface void @_ssdm_op_SpecInterface, i32 %output_data_addr3, void @empty_6, i32 0, i32 0, void @empty_2, i32 0, i32 0, void @empty_2, void @empty_2, void @empty_2, i32 0, i32 0, i32 0, i32 0, void @empty_2, void @empty_2, i32 4294967295, i32 0"   --->   Operation 56 'specinterface' 'specinterface_ln0' <Predicate = true> <Delay = 0.00>
ST_6 : Operation 57 [1/1] (0.00ns)   --->   "%specbitsmap_ln0 = specbitsmap void @_ssdm_op_SpecBitsMap, i32 %am_ROWS"   --->   Operation 57 'specbitsmap' 'specbitsmap_ln0' <Predicate = true> <Delay = 0.00>
ST_6 : Operation 58 [1/1] (0.00ns)   --->   "%specinterface_ln0 = specinterface void @_ssdm_op_SpecInterface, i32 %am_ROWS, void @empty, i32 0, i32 0, void @empty_2, i32 0, i32 0, void @empty_21, void @empty_26, void @empty_2, i32 0, i32 0, i32 0, i32 0, void @empty_2, void @empty_2, i32 4294967295, i32 0"   --->   Operation 58 'specinterface' 'specinterface_ln0' <Predicate = true> <Delay = 0.00>
ST_6 : Operation 59 [1/1] (0.00ns)   --->   "%specinterface_ln0 = specinterface void @_ssdm_op_SpecInterface, i32 %am_ROWS, void @empty_6, i32 0, i32 0, void @empty_2, i32 0, i32 0, void @empty_2, void @empty_2, void @empty_2, i32 0, i32 0, i32 0, i32 0, void @empty_2, void @empty_2, i32 4294967295, i32 0"   --->   Operation 59 'specinterface' 'specinterface_ln0' <Predicate = true> <Delay = 0.00>
ST_6 : Operation 60 [1/1] (0.00ns)   --->   "%specbitsmap_ln0 = specbitsmap void @_ssdm_op_SpecBitsMap, i32 %am_COLS"   --->   Operation 60 'specbitsmap' 'specbitsmap_ln0' <Predicate = true> <Delay = 0.00>
ST_6 : Operation 61 [1/1] (0.00ns)   --->   "%specinterface_ln0 = specinterface void @_ssdm_op_SpecInterface, i32 %am_COLS, void @empty, i32 0, i32 0, void @empty_2, i32 0, i32 0, void @empty_21, void @empty_27, void @empty_2, i32 0, i32 0, i32 0, i32 0, void @empty_2, void @empty_2, i32 4294967295, i32 0"   --->   Operation 61 'specinterface' 'specinterface_ln0' <Predicate = true> <Delay = 0.00>
ST_6 : Operation 62 [1/1] (0.00ns)   --->   "%specinterface_ln0 = specinterface void @_ssdm_op_SpecInterface, i32 %am_COLS, void @empty_6, i32 0, i32 0, void @empty_2, i32 0, i32 0, void @empty_2, void @empty_2, void @empty_2, i32 0, i32 0, i32 0, i32 0, void @empty_2, void @empty_2, i32 4294967295, i32 0"   --->   Operation 62 'specinterface' 'specinterface_ln0' <Predicate = true> <Delay = 0.00>
ST_6 : Operation 63 [1/1] (0.00ns)   --->   "%specbitsmap_ln0 = specbitsmap void @_ssdm_op_SpecBitsMap, i32 %fm_ROWS"   --->   Operation 63 'specbitsmap' 'specbitsmap_ln0' <Predicate = true> <Delay = 0.00>
ST_6 : Operation 64 [1/1] (0.00ns)   --->   "%specinterface_ln0 = specinterface void @_ssdm_op_SpecInterface, i32 %fm_ROWS, void @empty, i32 0, i32 0, void @empty_2, i32 0, i32 0, void @empty_21, void @empty_5, void @empty_2, i32 0, i32 0, i32 0, i32 0, void @empty_2, void @empty_2, i32 4294967295, i32 0"   --->   Operation 64 'specinterface' 'specinterface_ln0' <Predicate = true> <Delay = 0.00>
ST_6 : Operation 65 [1/1] (0.00ns)   --->   "%specinterface_ln0 = specinterface void @_ssdm_op_SpecInterface, i32 %fm_ROWS, void @empty_6, i32 0, i32 0, void @empty_2, i32 0, i32 0, void @empty_2, void @empty_2, void @empty_2, i32 0, i32 0, i32 0, i32 0, void @empty_2, void @empty_2, i32 4294967295, i32 0"   --->   Operation 65 'specinterface' 'specinterface_ln0' <Predicate = true> <Delay = 0.00>
ST_6 : Operation 66 [1/1] (0.00ns)   --->   "%specbitsmap_ln0 = specbitsmap void @_ssdm_op_SpecBitsMap, i32 %fm_COLS"   --->   Operation 66 'specbitsmap' 'specbitsmap_ln0' <Predicate = true> <Delay = 0.00>
ST_6 : Operation 67 [1/1] (0.00ns)   --->   "%specinterface_ln0 = specinterface void @_ssdm_op_SpecInterface, i32 %fm_COLS, void @empty, i32 0, i32 0, void @empty_2, i32 0, i32 0, void @empty_21, void @empty_4, void @empty_2, i32 0, i32 0, i32 0, i32 0, void @empty_2, void @empty_2, i32 4294967295, i32 0"   --->   Operation 67 'specinterface' 'specinterface_ln0' <Predicate = true> <Delay = 0.00>
ST_6 : Operation 68 [1/1] (0.00ns)   --->   "%specinterface_ln0 = specinterface void @_ssdm_op_SpecInterface, i32 %fm_COLS, void @empty_6, i32 0, i32 0, void @empty_2, i32 0, i32 0, void @empty_2, void @empty_2, void @empty_2, i32 0, i32 0, i32 0, i32 0, void @empty_2, void @empty_2, i32 4294967295, i32 0"   --->   Operation 68 'specinterface' 'specinterface_ln0' <Predicate = true> <Delay = 0.00>
ST_6 : Operation 69 [1/1] (0.00ns)   --->   "%specinterface_ln0 = specinterface void @_ssdm_op_SpecInterface, i64 %inputs, void @empty, i32 0, i32 0, void @empty_2, i32 0, i32 0, void @empty_21, void @empty_12, void @empty_2, i32 0, i32 0, i32 0, i32 0, void @empty_2, void @empty_11, i32 4294967295, i32 0"   --->   Operation 69 'specinterface' 'specinterface_ln0' <Predicate = true> <Delay = 0.00>
ST_6 : Operation 70 [1/1] (0.00ns)   --->   "%specinterface_ln0 = specinterface void @_ssdm_op_SpecInterface, i64 %inputs, void @empty_6, i32 0, i32 0, void @empty_2, i32 0, i32 0, void @empty_2, void @empty_2, void @empty_2, i32 0, i32 0, i32 0, i32 0, void @empty_2, void @empty_11, i32 4294967295, i32 0"   --->   Operation 70 'specinterface' 'specinterface_ln0' <Predicate = true> <Delay = 0.00>
ST_6 : Operation 71 [1/1] (0.00ns)   --->   "%specinterface_ln0 = specinterface void @_ssdm_op_SpecInterface, i64 %outputs, void @empty, i32 0, i32 0, void @empty_2, i32 0, i32 0, void @empty_21, void @empty_10, void @empty_2, i32 0, i32 0, i32 0, i32 0, void @empty_2, void @empty_11, i32 4294967295, i32 0"   --->   Operation 71 'specinterface' 'specinterface_ln0' <Predicate = true> <Delay = 0.00>
ST_6 : Operation 72 [1/1] (0.00ns)   --->   "%specinterface_ln0 = specinterface void @_ssdm_op_SpecInterface, i64 %outputs, void @empty_6, i32 0, i32 0, void @empty_2, i32 0, i32 0, void @empty_2, void @empty_2, void @empty_2, i32 0, i32 0, i32 0, i32 0, void @empty_2, void @empty_11, i32 4294967295, i32 0"   --->   Operation 72 'specinterface' 'specinterface_ln0' <Predicate = true> <Delay = 0.00>
ST_6 : Operation 73 [1/1] (0.00ns)   --->   "%specbitsmap_ln0 = specbitsmap void @_ssdm_op_SpecBitsMap, i1 %sparse_flag"   --->   Operation 73 'specbitsmap' 'specbitsmap_ln0' <Predicate = true> <Delay = 0.00>
ST_6 : Operation 74 [1/1] (0.00ns)   --->   "%specinterface_ln0 = specinterface void @_ssdm_op_SpecInterface, i1 %sparse_flag, void @empty, i32 0, i32 0, void @empty_2, i32 0, i32 0, void @empty_21, void @empty_9, void @empty_2, i32 0, i32 0, i32 0, i32 0, void @empty_2, void @empty_2, i32 4294967295, i32 0"   --->   Operation 74 'specinterface' 'specinterface_ln0' <Predicate = true> <Delay = 0.00>
ST_6 : Operation 75 [1/1] (0.00ns)   --->   "%specinterface_ln0 = specinterface void @_ssdm_op_SpecInterface, i1 %sparse_flag, void @empty_6, i32 0, i32 0, void @empty_2, i32 0, i32 0, void @empty_2, void @empty_2, void @empty_2, i32 0, i32 0, i32 0, i32 0, void @empty_2, void @empty_2, i32 4294967295, i32 0"   --->   Operation 75 'specinterface' 'specinterface_ln0' <Predicate = true> <Delay = 0.00>
ST_6 : Operation 76 [1/1] (0.00ns)   --->   "%specinterface_ln0 = specinterface void @_ssdm_op_SpecInterface, i32 0, void @empty, i32 0, i32 0, void @empty_2, i32 0, i32 0, void @empty_21, void @empty_2, void @empty_2, i32 0, i32 0, i32 0, i32 0, void @empty_2, void @empty_2, i32 4294967295, i32 0"   --->   Operation 76 'specinterface' 'specinterface_ln0' <Predicate = true> <Delay = 0.00>
ST_6 : Operation 77 [1/1] (0.00ns)   --->   "%empty_48 = specchannel i32 @_ssdm_op_SpecChannel, void @data_out_str, i32 1, void @p_str, void @p_str, i32 64, i32 64, i256 %data_out, i256 %data_out"   --->   Operation 77 'specchannel' 'empty_48' <Predicate = true> <Delay = 0.00>
ST_6 : Operation 78 [1/1] (0.00ns)   --->   "%specinterface_ln0 = specinterface void @_ssdm_op_SpecInterface, i256 %data_out, void @empty_8, i32 0, i32 0, void @empty_2, i32 0, i32 0, void @empty_2, void @empty_2, void @empty_2, i32 0, i32 0, i32 0, i32 0, void @empty_2, void @empty_2, i32 4294967295, i32 0"   --->   Operation 78 'specinterface' 'specinterface_ln0' <Predicate = true> <Delay = 0.00>
ST_6 : Operation 79 [1/1] (0.00ns)   --->   "%empty_49 = specchannel i32 @_ssdm_op_SpecChannel, void @fm_stream_str, i32 1, void @p_str, void @p_str, i32 128, i32 128, i256 %fm_stream, i256 %fm_stream"   --->   Operation 79 'specchannel' 'empty_49' <Predicate = true> <Delay = 0.00>
ST_6 : Operation 80 [1/1] (0.00ns)   --->   "%specinterface_ln0 = specinterface void @_ssdm_op_SpecInterface, i256 %fm_stream, void @empty_8, i32 0, i32 0, void @empty_2, i32 0, i32 0, void @empty_2, void @empty_2, void @empty_2, i32 0, i32 0, i32 0, i32 0, void @empty_2, void @empty_2, i32 4294967295, i32 0"   --->   Operation 80 'specinterface' 'specinterface_ln0' <Predicate = true> <Delay = 0.00>
ST_6 : Operation 81 [1/1] (0.00ns)   --->   "%empty_50 = specchannel i32 @_ssdm_op_SpecChannel, void @idx_stream_str, i32 1, void @p_str, void @p_str, i32 128, i32 128, i8 %idx_stream, i8 %idx_stream"   --->   Operation 81 'specchannel' 'empty_50' <Predicate = true> <Delay = 0.00>
ST_6 : Operation 82 [1/1] (0.00ns)   --->   "%specinterface_ln0 = specinterface void @_ssdm_op_SpecInterface, i8 %idx_stream, void @empty_8, i32 0, i32 0, void @empty_2, i32 0, i32 0, void @empty_2, void @empty_2, void @empty_2, i32 0, i32 0, i32 0, i32 0, void @empty_2, void @empty_2, i32 4294967295, i32 0"   --->   Operation 82 'specinterface' 'specinterface_ln0' <Predicate = true> <Delay = 0.00>
ST_6 : Operation 83 [1/1] (0.00ns)   --->   "%empty_51 = specchannel i32 @_ssdm_op_SpecChannel, void @count_stream_str, i32 1, void @p_str, void @p_str, i32 64, i32 64, i8 %count_stream, i8 %count_stream"   --->   Operation 83 'specchannel' 'empty_51' <Predicate = true> <Delay = 0.00>
ST_6 : Operation 84 [1/1] (0.00ns)   --->   "%specinterface_ln0 = specinterface void @_ssdm_op_SpecInterface, i8 %count_stream, void @empty_8, i32 0, i32 0, void @empty_2, i32 0, i32 0, void @empty_2, void @empty_2, void @empty_2, i32 0, i32 0, i32 0, i32 0, void @empty_2, void @empty_2, i32 4294967295, i32 0"   --->   Operation 84 'specinterface' 'specinterface_ln0' <Predicate = true> <Delay = 0.00>
ST_6 : Operation 85 [1/2] (1.45ns)   --->   "%call_ln43 = call void @store<ap_uint<256>, ap_int<8>, ap_int<8>, 32u>, i256 %data_out, i256 %sparse_data, i64 %outputs_c, i32 %output_data_addr3_c, i32 %fm_ROWS_c, i32 %fm_COLS_c, i1 %sparse_flag" [/home/ytq/codeField/Prediction_Model_Accelerator/CSIM/Sparse_HLS/Sparse_HLS/src/sparse.cpp:43]   --->   Operation 85 'call' 'call_ln43' <Predicate = true> <Delay = 1.45> <CoreType = "Generic">   --->   Core 0 '' <Latency = 0> <II = 1> <Delay = 1.00> <Generic> <Opcode : >
ST_6 : Operation 86 [1/1] (0.00ns)   --->   "%ret_ln44 = ret" [/home/ytq/codeField/Prediction_Model_Accelerator/CSIM/Sparse_HLS/Sparse_HLS/src/sparse.cpp:44]   --->   Operation 86 'ret' 'ret_ln44' <Predicate = true> <Delay = 0.00>


============================================================
+ Verbose Summary: Timing violations
============================================================
Target clock period: 10ns, clock uncertainty: 2.7ns.

 <State 1>: 4.42ns
The critical path consists of the following:
	s_axi read operation ('inputs_read', /home/ytq/codeField/Prediction_Model_Accelerator/CSIM/Sparse_HLS/Sparse_HLS/src/sparse.cpp:40) on port 'inputs' (/home/ytq/codeField/Prediction_Model_Accelerator/CSIM/Sparse_HLS/Sparse_HLS/src/sparse.cpp:40) [13]  (1 ns)
	'call' operation ('call_ln41', /home/ytq/codeField/Prediction_Model_Accelerator/CSIM/Sparse_HLS/Sparse_HLS/src/sparse.cpp:41) to 'load<ap_uint<256>, ap_int<8>, ap_int<8>, 32u>' [85]  (3.42 ns)

 <State 2>: 0ns
The critical path consists of the following:

 <State 3>: 0ns
The critical path consists of the following:

 <State 4>: 0ns
The critical path consists of the following:

 <State 5>: 0ns
The critical path consists of the following:

 <State 6>: 1.45ns
The critical path consists of the following:
	'call' operation ('call_ln43', /home/ytq/codeField/Prediction_Model_Accelerator/CSIM/Sparse_HLS/Sparse_HLS/src/sparse.cpp:43) to 'store<ap_uint<256>, ap_int<8>, ap_int<8>, 32u>' [87]  (1.45 ns)


============================================================
+ Verbose Summary: Binding
============================================================
N/A
* FSMD analyzer results:
  - Output states:
 - Input state : 
  - Chain level:
	State 1
	State 2
	State 3
	State 4
	State 5
	State 6


============================================================
+ Verbose Summary: Datapath Resource usage 
============================================================
N/A
