

================================================================
== Vitis HLS Report for 'store_ap_uint_256_ap_int_8_ap_int_8_32u_Pipeline_VITIS_LOOP_91_1'
================================================================
* Date:           Tue May 14 16:05:28 2024

* Version:        2022.2 (Build 3670227 on Oct 13 2022)
* Project:        Concat_HLS
* Solution:       solution1 (Vivado IP Flow Target)
* Product family: zynquplus
* Target device:  xczu7ev-ffvc1156-2-e


================================================================
== Performance Estimates
================================================================
+ Timing: 
    * Summary: 
    +--------+----------+----------+------------+
    |  Clock |  Target  | Estimated| Uncertainty|
    +--------+----------+----------+------------+
    |ap_clk  |  10.00 ns|  7.300 ns|     2.70 ns|
    +--------+----------+----------+------------+

+ Latency: 
    * Summary: 
    +---------+-----------+-----------+-----------+-----+-----------+---------+
    |   Latency (cycles)  |   Latency (absolute)  |     Interval    | Pipeline|
    |   min   |    max    |    min    |    max    | min |    max    |   Type  |
    +---------+-----------+-----------+-----------+-----+-----------+---------+
    |        2|  134217767|  20.000 ns|  1.342 sec|    2|  134217767|       no|
    +---------+-----------+-----------+-----------+-----+-----------+---------+

    + Detail: 
        * Instance: 
        N/A

        * Loop: 
        +-------------------+---------+-----------+----------+-----------+-----------+---------------+----------+
        |                   |   Latency (cycles)  | Iteration|  Initiation Interval  |      Trip     |          |
        |     Loop Name     |   min   |    max    |  Latency |  achieved |   target  |     Count     | Pipelined|
        +-------------------+---------+-----------+----------+-----------+-----------+---------------+----------+
        |- VITIS_LOOP_91_1  |        0|  134217765|        40|          1|          1|  0 ~ 134217727|       yes|
        +-------------------+---------+-----------+----------+-----------+-----------+---------------+----------+



================================================================
== Utilization Estimates
================================================================
* Summary: 
+-----------------+---------+------+--------+--------+-----+
|       Name      | BRAM_18K|  DSP |   FF   |   LUT  | URAM|
+-----------------+---------+------+--------+--------+-----+
|DSP              |        -|     -|       -|       -|    -|
|Expression       |        -|     -|       0|     212|    -|
|FIFO             |        -|     -|       -|       -|    -|
|Instance         |        -|     -|       -|       -|    -|
|Memory           |        -|     -|       -|       -|    -|
|Multiplexer      |        -|     -|       -|      81|    -|
|Register         |        -|     -|     893|      64|    -|
+-----------------+---------+------+--------+--------+-----+
|Total            |        0|     0|     893|     357|    0|
+-----------------+---------+------+--------+--------+-----+
|Available        |      624|  1728|  460800|  230400|   96|
+-----------------+---------+------+--------+--------+-----+
|Utilization (%)  |        0|     0|      ~0|      ~0|    0|
+-----------------+---------+------+--------+--------+-----+

+ Detail: 
    * Instance: 
    N/A

    * DSP: 
    N/A

    * Memory: 
    N/A

    * FIFO: 
    N/A

    * Expression: 
    +------------------------------------+----------+----+---+----+------------+------------+
    |            Variable Name           | Operation| DSP| FF| LUT| Bitwidth P0| Bitwidth P1|
    +------------------------------------+----------+----+---+----+------------+------------+
    |add_ln91_fu_162_p2                  |         +|   0|  0|  34|          27|           1|
    |add_ln96_1_fu_196_p2                |         +|   0|  0|  71|          64|          64|
    |add_ln96_fu_179_p2                  |         +|   0|  0|  35|          28|          28|
    |count_1_fu_211_p2                   |         +|   0|  0|  39|          32|           1|
    |ap_block_state2_pp0_stage0_iter1    |       and|   0|  0|   2|           1|           1|
    |ap_block_state3_io                  |       and|   0|  0|   2|           1|           1|
    |ap_block_state40_pp0_stage0_iter39  |       and|   0|  0|   2|           1|           1|
    |ap_block_state4_io                  |       and|   0|  0|   2|           1|           1|
    |tmp_nbreadreq_fu_102_p3             |       and|   0|  0|   2|           1|           0|
    |icmp_ln91_fu_156_p2                 |      icmp|   0|  0|  17|          27|          27|
    |ap_block_pp0_stage0_01001           |        or|   0|  0|   2|           1|           1|
    |ap_block_pp0_stage0_11001           |        or|   0|  0|   2|           1|           1|
    |ap_enable_pp0                       |       xor|   0|  0|   2|           1|           2|
    +------------------------------------+----------+----+---+----+------------+------------+
    |Total                               |          |   0|  0| 212|         186|         129|
    +------------------------------------+----------+----+---+----+------------+------------+

    * Multiplexer: 
    +-------------------------+----+-----------+-----+-----------+
    |           Name          | LUT| Input Size| Bits| Total Bits|
    +-------------------------+----+-----------+-----+-----------+
    |ap_done_int              |   9|          2|    1|          2|
    |ap_enable_reg_pp0_iter1  |   9|          2|    1|          2|
    |ap_sig_allocacmp_i_1     |   9|          2|   27|         54|
    |concat_data_blk_n_AW     |   9|          2|    1|          2|
    |concat_data_blk_n_B      |   9|          2|    1|          2|
    |concat_data_blk_n_W      |   9|          2|    1|          2|
    |count_fu_80              |   9|          2|   32|         64|
    |data_out1_blk_n          |   9|          2|    1|          2|
    |i_fu_76                  |   9|          2|   27|         54|
    +-------------------------+----+-----------+-----+-----------+
    |Total                    |  81|         18|   92|        184|
    +-------------------------+----+-----------+-----+-----------+

    * Register: 
    +-----------------------------------+-----+----+-----+-----------+
    |                Name               |  FF | LUT| Bits| Const Bits|
    +-----------------------------------+-----+----+-----+-----------+
    |ap_CS_fsm                          |    1|   0|    1|          0|
    |ap_done_reg                        |    1|   0|    1|          0|
    |ap_enable_reg_pp0_iter1            |    1|   0|    1|          0|
    |ap_enable_reg_pp0_iter10           |    1|   0|    1|          0|
    |ap_enable_reg_pp0_iter11           |    1|   0|    1|          0|
    |ap_enable_reg_pp0_iter12           |    1|   0|    1|          0|
    |ap_enable_reg_pp0_iter13           |    1|   0|    1|          0|
    |ap_enable_reg_pp0_iter14           |    1|   0|    1|          0|
    |ap_enable_reg_pp0_iter15           |    1|   0|    1|          0|
    |ap_enable_reg_pp0_iter16           |    1|   0|    1|          0|
    |ap_enable_reg_pp0_iter17           |    1|   0|    1|          0|
    |ap_enable_reg_pp0_iter18           |    1|   0|    1|          0|
    |ap_enable_reg_pp0_iter19           |    1|   0|    1|          0|
    |ap_enable_reg_pp0_iter2            |    1|   0|    1|          0|
    |ap_enable_reg_pp0_iter20           |    1|   0|    1|          0|
    |ap_enable_reg_pp0_iter21           |    1|   0|    1|          0|
    |ap_enable_reg_pp0_iter22           |    1|   0|    1|          0|
    |ap_enable_reg_pp0_iter23           |    1|   0|    1|          0|
    |ap_enable_reg_pp0_iter24           |    1|   0|    1|          0|
    |ap_enable_reg_pp0_iter25           |    1|   0|    1|          0|
    |ap_enable_reg_pp0_iter26           |    1|   0|    1|          0|
    |ap_enable_reg_pp0_iter27           |    1|   0|    1|          0|
    |ap_enable_reg_pp0_iter28           |    1|   0|    1|          0|
    |ap_enable_reg_pp0_iter29           |    1|   0|    1|          0|
    |ap_enable_reg_pp0_iter3            |    1|   0|    1|          0|
    |ap_enable_reg_pp0_iter30           |    1|   0|    1|          0|
    |ap_enable_reg_pp0_iter31           |    1|   0|    1|          0|
    |ap_enable_reg_pp0_iter32           |    1|   0|    1|          0|
    |ap_enable_reg_pp0_iter33           |    1|   0|    1|          0|
    |ap_enable_reg_pp0_iter34           |    1|   0|    1|          0|
    |ap_enable_reg_pp0_iter35           |    1|   0|    1|          0|
    |ap_enable_reg_pp0_iter36           |    1|   0|    1|          0|
    |ap_enable_reg_pp0_iter37           |    1|   0|    1|          0|
    |ap_enable_reg_pp0_iter38           |    1|   0|    1|          0|
    |ap_enable_reg_pp0_iter39           |    1|   0|    1|          0|
    |ap_enable_reg_pp0_iter4            |    1|   0|    1|          0|
    |ap_enable_reg_pp0_iter5            |    1|   0|    1|          0|
    |ap_enable_reg_pp0_iter6            |    1|   0|    1|          0|
    |ap_enable_reg_pp0_iter7            |    1|   0|    1|          0|
    |ap_enable_reg_pp0_iter8            |    1|   0|    1|          0|
    |ap_enable_reg_pp0_iter9            |    1|   0|    1|          0|
    |ap_loop_exit_ready_pp0_iter10_reg  |    1|   0|    1|          0|
    |ap_loop_exit_ready_pp0_iter11_reg  |    1|   0|    1|          0|
    |ap_loop_exit_ready_pp0_iter12_reg  |    1|   0|    1|          0|
    |ap_loop_exit_ready_pp0_iter13_reg  |    1|   0|    1|          0|
    |ap_loop_exit_ready_pp0_iter14_reg  |    1|   0|    1|          0|
    |ap_loop_exit_ready_pp0_iter15_reg  |    1|   0|    1|          0|
    |ap_loop_exit_ready_pp0_iter16_reg  |    1|   0|    1|          0|
    |ap_loop_exit_ready_pp0_iter17_reg  |    1|   0|    1|          0|
    |ap_loop_exit_ready_pp0_iter18_reg  |    1|   0|    1|          0|
    |ap_loop_exit_ready_pp0_iter19_reg  |    1|   0|    1|          0|
    |ap_loop_exit_ready_pp0_iter1_reg   |    1|   0|    1|          0|
    |ap_loop_exit_ready_pp0_iter20_reg  |    1|   0|    1|          0|
    |ap_loop_exit_ready_pp0_iter21_reg  |    1|   0|    1|          0|
    |ap_loop_exit_ready_pp0_iter22_reg  |    1|   0|    1|          0|
    |ap_loop_exit_ready_pp0_iter23_reg  |    1|   0|    1|          0|
    |ap_loop_exit_ready_pp0_iter24_reg  |    1|   0|    1|          0|
    |ap_loop_exit_ready_pp0_iter25_reg  |    1|   0|    1|          0|
    |ap_loop_exit_ready_pp0_iter26_reg  |    1|   0|    1|          0|
    |ap_loop_exit_ready_pp0_iter27_reg  |    1|   0|    1|          0|
    |ap_loop_exit_ready_pp0_iter28_reg  |    1|   0|    1|          0|
    |ap_loop_exit_ready_pp0_iter29_reg  |    1|   0|    1|          0|
    |ap_loop_exit_ready_pp0_iter2_reg   |    1|   0|    1|          0|
    |ap_loop_exit_ready_pp0_iter30_reg  |    1|   0|    1|          0|
    |ap_loop_exit_ready_pp0_iter31_reg  |    1|   0|    1|          0|
    |ap_loop_exit_ready_pp0_iter32_reg  |    1|   0|    1|          0|
    |ap_loop_exit_ready_pp0_iter33_reg  |    1|   0|    1|          0|
    |ap_loop_exit_ready_pp0_iter34_reg  |    1|   0|    1|          0|
    |ap_loop_exit_ready_pp0_iter35_reg  |    1|   0|    1|          0|
    |ap_loop_exit_ready_pp0_iter36_reg  |    1|   0|    1|          0|
    |ap_loop_exit_ready_pp0_iter37_reg  |    1|   0|    1|          0|
    |ap_loop_exit_ready_pp0_iter38_reg  |    1|   0|    1|          0|
    |ap_loop_exit_ready_pp0_iter3_reg   |    1|   0|    1|          0|
    |ap_loop_exit_ready_pp0_iter4_reg   |    1|   0|    1|          0|
    |ap_loop_exit_ready_pp0_iter5_reg   |    1|   0|    1|          0|
    |ap_loop_exit_ready_pp0_iter6_reg   |    1|   0|    1|          0|
    |ap_loop_exit_ready_pp0_iter7_reg   |    1|   0|    1|          0|
    |ap_loop_exit_ready_pp0_iter8_reg   |    1|   0|    1|          0|
    |ap_loop_exit_ready_pp0_iter9_reg   |    1|   0|    1|          0|
    |count_fu_80                        |   32|   0|   32|          0|
    |i_1_reg_261                        |   27|   0|   27|          0|
    |i_fu_76                            |   27|   0|   27|          0|
    |icmp_ln91_reg_266                  |    1|   0|    1|          0|
    |p_Val2_s_reg_274                   |  256|   0|  256|          0|
    |p_Val2_s_reg_274_pp0_iter2_reg     |  256|   0|  256|          0|
    |tmp_reg_270                        |    1|   0|    1|          0|
    |trunc_ln96_1_reg_279               |   59|   0|   59|          0|
    |zext_ln96_cast_reg_256             |   27|   0|   28|          1|
    |icmp_ln91_reg_266                  |   64|  32|    1|          0|
    |tmp_reg_270                        |   64|  32|    1|          0|
    +-----------------------------------+-----+----+-----+-----------+
    |Total                              |  893|  64|  768|          1|
    +-----------------------------------+-----+----+-----+-----------+



================================================================
== Interface
================================================================
* Summary: 
+----------------------------+-----+-----+------------+-------------------------------------------------------------------------+--------------+
|          RTL Ports         | Dir | Bits|  Protocol  |                              Source Object                              |    C Type    |
+----------------------------+-----+-----+------------+-------------------------------------------------------------------------+--------------+
|ap_clk                      |   in|    1|  ap_ctrl_hs|  store<ap_uint<256>, ap_int<8>, ap_int<8>, 32u>_Pipeline_VITIS_LOOP_91_1|  return value|
|ap_rst                      |   in|    1|  ap_ctrl_hs|  store<ap_uint<256>, ap_int<8>, ap_int<8>, 32u>_Pipeline_VITIS_LOOP_91_1|  return value|
|ap_start                    |   in|    1|  ap_ctrl_hs|  store<ap_uint<256>, ap_int<8>, ap_int<8>, 32u>_Pipeline_VITIS_LOOP_91_1|  return value|
|ap_done                     |  out|    1|  ap_ctrl_hs|  store<ap_uint<256>, ap_int<8>, ap_int<8>, 32u>_Pipeline_VITIS_LOOP_91_1|  return value|
|ap_idle                     |  out|    1|  ap_ctrl_hs|  store<ap_uint<256>, ap_int<8>, ap_int<8>, 32u>_Pipeline_VITIS_LOOP_91_1|  return value|
|ap_ready                    |  out|    1|  ap_ctrl_hs|  store<ap_uint<256>, ap_int<8>, ap_int<8>, 32u>_Pipeline_VITIS_LOOP_91_1|  return value|
|data_out1_dout              |   in|  256|     ap_fifo|                                                                data_out1|       pointer|
|data_out1_num_data_valid    |   in|    8|     ap_fifo|                                                                data_out1|       pointer|
|data_out1_fifo_cap          |   in|    8|     ap_fifo|                                                                data_out1|       pointer|
|data_out1_empty_n           |   in|    1|     ap_fifo|                                                                data_out1|       pointer|
|data_out1_read              |  out|    1|     ap_fifo|                                                                data_out1|       pointer|
|m_axi_concat_data_AWVALID   |  out|    1|       m_axi|                                                              concat_data|       pointer|
|m_axi_concat_data_AWREADY   |   in|    1|       m_axi|                                                              concat_data|       pointer|
|m_axi_concat_data_AWADDR    |  out|   64|       m_axi|                                                              concat_data|       pointer|
|m_axi_concat_data_AWID      |  out|    1|       m_axi|                                                              concat_data|       pointer|
|m_axi_concat_data_AWLEN     |  out|   32|       m_axi|                                                              concat_data|       pointer|
|m_axi_concat_data_AWSIZE    |  out|    3|       m_axi|                                                              concat_data|       pointer|
|m_axi_concat_data_AWBURST   |  out|    2|       m_axi|                                                              concat_data|       pointer|
|m_axi_concat_data_AWLOCK    |  out|    2|       m_axi|                                                              concat_data|       pointer|
|m_axi_concat_data_AWCACHE   |  out|    4|       m_axi|                                                              concat_data|       pointer|
|m_axi_concat_data_AWPROT    |  out|    3|       m_axi|                                                              concat_data|       pointer|
|m_axi_concat_data_AWQOS     |  out|    4|       m_axi|                                                              concat_data|       pointer|
|m_axi_concat_data_AWREGION  |  out|    4|       m_axi|                                                              concat_data|       pointer|
|m_axi_concat_data_AWUSER    |  out|    1|       m_axi|                                                              concat_data|       pointer|
|m_axi_concat_data_WVALID    |  out|    1|       m_axi|                                                              concat_data|       pointer|
|m_axi_concat_data_WREADY    |   in|    1|       m_axi|                                                              concat_data|       pointer|
|m_axi_concat_data_WDATA     |  out|  256|       m_axi|                                                              concat_data|       pointer|
|m_axi_concat_data_WSTRB     |  out|   32|       m_axi|                                                              concat_data|       pointer|
|m_axi_concat_data_WLAST     |  out|    1|       m_axi|                                                              concat_data|       pointer|
|m_axi_concat_data_WID       |  out|    1|       m_axi|                                                              concat_data|       pointer|
|m_axi_concat_data_WUSER     |  out|    1|       m_axi|                                                              concat_data|       pointer|
|m_axi_concat_data_ARVALID   |  out|    1|       m_axi|                                                              concat_data|       pointer|
|m_axi_concat_data_ARREADY   |   in|    1|       m_axi|                                                              concat_data|       pointer|
|m_axi_concat_data_ARADDR    |  out|   64|       m_axi|                                                              concat_data|       pointer|
|m_axi_concat_data_ARID      |  out|    1|       m_axi|                                                              concat_data|       pointer|
|m_axi_concat_data_ARLEN     |  out|   32|       m_axi|                                                              concat_data|       pointer|
|m_axi_concat_data_ARSIZE    |  out|    3|       m_axi|                                                              concat_data|       pointer|
|m_axi_concat_data_ARBURST   |  out|    2|       m_axi|                                                              concat_data|       pointer|
|m_axi_concat_data_ARLOCK    |  out|    2|       m_axi|                                                              concat_data|       pointer|
|m_axi_concat_data_ARCACHE   |  out|    4|       m_axi|                                                              concat_data|       pointer|
|m_axi_concat_data_ARPROT    |  out|    3|       m_axi|                                                              concat_data|       pointer|
|m_axi_concat_data_ARQOS     |  out|    4|       m_axi|                                                              concat_data|       pointer|
|m_axi_concat_data_ARREGION  |  out|    4|       m_axi|                                                              concat_data|       pointer|
|m_axi_concat_data_ARUSER    |  out|    1|       m_axi|                                                              concat_data|       pointer|
|m_axi_concat_data_RVALID    |   in|    1|       m_axi|                                                              concat_data|       pointer|
|m_axi_concat_data_RREADY    |  out|    1|       m_axi|                                                              concat_data|       pointer|
|m_axi_concat_data_RDATA     |   in|  256|       m_axi|                                                              concat_data|       pointer|
|m_axi_concat_data_RLAST     |   in|    1|       m_axi|                                                              concat_data|       pointer|
|m_axi_concat_data_RID       |   in|    1|       m_axi|                                                              concat_data|       pointer|
|m_axi_concat_data_RFIFONUM  |   in|    9|       m_axi|                                                              concat_data|       pointer|
|m_axi_concat_data_RUSER     |   in|    1|       m_axi|                                                              concat_data|       pointer|
|m_axi_concat_data_RRESP     |   in|    2|       m_axi|                                                              concat_data|       pointer|
|m_axi_concat_data_BVALID    |   in|    1|       m_axi|                                                              concat_data|       pointer|
|m_axi_concat_data_BREADY    |  out|    1|       m_axi|                                                              concat_data|       pointer|
|m_axi_concat_data_BRESP     |   in|    2|       m_axi|                                                              concat_data|       pointer|
|m_axi_concat_data_BID       |   in|    1|       m_axi|                                                              concat_data|       pointer|
|m_axi_concat_data_BUSER     |   in|    1|       m_axi|                                                              concat_data|       pointer|
|loop_num                    |   in|   27|     ap_none|                                                                 loop_num|        scalar|
|zext_ln96                   |   in|   27|     ap_none|                                                                zext_ln96|        scalar|
|outputs_load                |   in|   64|     ap_none|                                                             outputs_load|        scalar|
|count_out                   |  out|   32|      ap_vld|                                                                count_out|       pointer|
|count_out_ap_vld            |  out|    1|      ap_vld|                                                                count_out|       pointer|
+----------------------------+-----+-----+------------+-------------------------------------------------------------------------+--------------+

