

================================================================
== Vitis HLS Report for 'store_ap_uint_256_ap_int_8_ap_int_8_32u_s'
================================================================
* Date:           Tue May 14 16:05:28 2024

* Version:        2022.2 (Build 3670227 on Oct 13 2022)
* Project:        Concat_HLS
* Solution:       solution1 (Vivado IP Flow Target)
* Product family: zynquplus
* Target device:  xczu7ev-ffvc1156-2-e


================================================================
== Performance Estimates
================================================================
+ Timing: 
    * Summary: 
    +--------+----------+----------+------------+
    |  Clock |  Target  | Estimated| Uncertainty|
    +--------+----------+----------+------------+
    |ap_clk  |  10.00 ns|  7.300 ns|     2.70 ns|
    +--------+----------+----------+------------+

+ Latency: 
    * Summary: 
    +---------+-----------+-----------+-----------+-----+-----------+---------+
    |   Latency (cycles)  |   Latency (absolute)  |     Interval    | Pipeline|
    |   min   |    max    |    min    |    max    | min |    max    |   Type  |
    +---------+-----------+-----------+-----------+-----+-----------+---------+
    |        5|  134217770|  50.000 ns|  1.342 sec|    5|  134217770|       no|
    +---------+-----------+-----------+-----------+-----+-----------+---------+

    + Detail: 
        * Instance: 
        +-----------------------------------------------------------------------------+------------------------------------------------------------------+---------+-----------+-----------+-----------+-----+-----------+---------+
        |                                                                             |                                                                  |   Latency (cycles)  |   Latency (absolute)  |     Interval    | Pipeline|
        |                                   Instance                                  |                              Module                              |   min   |    max    |    min    |    max    | min |    max    |   Type  |
        +-----------------------------------------------------------------------------+------------------------------------------------------------------+---------+-----------+-----------+-----------+-----+-----------+---------+
        |grp_store_ap_uint_256_ap_int_8_ap_int_8_32u_Pipeline_VITIS_LOOP_91_1_fu_102  |store_ap_uint_256_ap_int_8_ap_int_8_32u_Pipeline_VITIS_LOOP_91_1  |        2|  134217767|  20.000 ns|  1.342 sec|    2|  134217767|       no|
        +-----------------------------------------------------------------------------+------------------------------------------------------------------+---------+-----------+-----------+-----------+-----+-----------+---------+

        * Loop: 
        N/A



================================================================
== Utilization Estimates
================================================================
* Summary: 
+-----------------+---------+------+--------+--------+-----+
|       Name      | BRAM_18K|  DSP |   FF   |   LUT  | URAM|
+-----------------+---------+------+--------+--------+-----+
|DSP              |        -|     -|       -|       -|    -|
|Expression       |        -|     -|       0|      22|    -|
|FIFO             |        -|     -|       -|       -|    -|
|Instance         |        -|     3|     893|     377|    -|
|Memory           |        -|     -|       -|       -|    -|
|Multiplexer      |        -|     -|       -|     116|    -|
|Register         |        -|     -|     125|       -|    -|
+-----------------+---------+------+--------+--------+-----+
|Total            |        0|     3|    1018|     515|    0|
+-----------------+---------+------+--------+--------+-----+
|Available        |      624|  1728|  460800|  230400|   96|
+-----------------+---------+------+--------+--------+-----+
|Utilization (%)  |        0|    ~0|      ~0|      ~0|    0|
+-----------------+---------+------+--------+--------+-----+

+ Detail: 
    * Instance: 
    +-----------------------------------------------------------------------------+------------------------------------------------------------------+---------+----+-----+-----+-----+
    |                                   Instance                                  |                              Module                              | BRAM_18K| DSP|  FF | LUT | URAM|
    +-----------------------------------------------------------------------------+------------------------------------------------------------------+---------+----+-----+-----+-----+
    |mul_32s_32s_32_1_1_U22                                                       |mul_32s_32s_32_1_1                                                |        0|   3|    0|   20|    0|
    |grp_store_ap_uint_256_ap_int_8_ap_int_8_32u_Pipeline_VITIS_LOOP_91_1_fu_102  |store_ap_uint_256_ap_int_8_ap_int_8_32u_Pipeline_VITIS_LOOP_91_1  |        0|   0|  893|  357|    0|
    +-----------------------------------------------------------------------------+------------------------------------------------------------------+---------+----+-----+-----+-----+
    |Total                                                                        |                                                                  |        0|   3|  893|  377|    0|
    +-----------------------------------------------------------------------------+------------------------------------------------------------------+---------+----+-----+-----+-----+

    * DSP: 
    N/A

    * Memory: 
    N/A

    * FIFO: 
    N/A

    * Expression: 
    +----------------------+----------+----+---+----+------------+------------+
    |     Variable Name    | Operation| DSP| FF| LUT| Bitwidth P0| Bitwidth P1|
    +----------------------+----------+----+---+----+------------+------------+
    |icmp_ln100_fu_146_p2  |      icmp|   0|  0|  20|          32|          32|
    |ap_block_state1       |        or|   0|  0|   2|           1|           1|
    +----------------------+----------+----+---+----+------------+------------+
    |Total                 |          |   0|  0|  22|          33|          33|
    +----------------------+----------+----+---+----+------------+------------+

    * Multiplexer: 
    +---------------------------+----+-----------+-----+-----------+
    |            Name           | LUT| Input Size| Bits| Total Bits|
    +---------------------------+----+-----------+-----+-----------+
    |COLS_blk_n                 |   9|          2|    1|          2|
    |ROWS_blk_n                 |   9|          2|    1|          2|
    |ap_NS_fsm                  |  26|          5|    1|          5|
    |ap_done                    |   9|          2|    1|          2|
    |concat_flag                |   9|          2|    1|          2|
    |data_out1_read             |   9|          2|    1|          2|
    |m_axi_concat_data_AWVALID  |   9|          2|    1|          2|
    |m_axi_concat_data_BREADY   |   9|          2|    1|          2|
    |m_axi_concat_data_WVALID   |   9|          2|    1|          2|
    |output_data_addr3_blk_n    |   9|          2|    1|          2|
    |outputs_blk_n              |   9|          2|    1|          2|
    +---------------------------+----+-----------+-----+-----------+
    |Total                      | 116|         25|   11|         25|
    +---------------------------+----+-----------+-----+-----------+

    * Register: 
    +------------------------------------------------------------------------------------------+----+----+-----+-----------+
    |                                           Name                                           | FF | LUT| Bits| Const Bits|
    +------------------------------------------------------------------------------------------+----+----+-----+-----------+
    |ap_CS_fsm                                                                                 |   4|   0|    4|          0|
    |ap_done_reg                                                                               |   1|   0|    1|          0|
    |concat_flag_preg                                                                          |   1|   0|    1|          0|
    |grp_store_ap_uint_256_ap_int_8_ap_int_8_32u_Pipeline_VITIS_LOOP_91_1_fu_102_ap_start_reg  |   1|   0|    1|          0|
    |loop_num_reg_163                                                                          |  27|   0|   27|          0|
    |outputs_read_reg_158                                                                      |  64|   0|   64|          0|
    |trunc_ln_reg_169                                                                          |  27|   0|   27|          0|
    +------------------------------------------------------------------------------------------+----+----+-----+-----------+
    |Total                                                                                     | 125|   0|  125|          0|
    +------------------------------------------------------------------------------------------+----+----+-----+-----------+



================================================================
== Interface
================================================================
* Summary: 
+----------------------------------+-----+-----+------------+------------------------------------------------+--------------+
|             RTL Ports            | Dir | Bits|  Protocol  |                  Source Object                 |    C Type    |
+----------------------------------+-----+-----+------------+------------------------------------------------+--------------+
|ap_clk                            |   in|    1|  ap_ctrl_hs|  store<ap_uint<256>, ap_int<8>, ap_int<8>, 32u>|  return value|
|ap_rst                            |   in|    1|  ap_ctrl_hs|  store<ap_uint<256>, ap_int<8>, ap_int<8>, 32u>|  return value|
|ap_start                          |   in|    1|  ap_ctrl_hs|  store<ap_uint<256>, ap_int<8>, ap_int<8>, 32u>|  return value|
|ap_done                           |  out|    1|  ap_ctrl_hs|  store<ap_uint<256>, ap_int<8>, ap_int<8>, 32u>|  return value|
|ap_continue                       |   in|    1|  ap_ctrl_hs|  store<ap_uint<256>, ap_int<8>, ap_int<8>, 32u>|  return value|
|ap_idle                           |  out|    1|  ap_ctrl_hs|  store<ap_uint<256>, ap_int<8>, ap_int<8>, 32u>|  return value|
|ap_ready                          |  out|    1|  ap_ctrl_hs|  store<ap_uint<256>, ap_int<8>, ap_int<8>, 32u>|  return value|
|data_out1_dout                    |   in|  256|     ap_fifo|                                       data_out1|       pointer|
|data_out1_num_data_valid          |   in|    8|     ap_fifo|                                       data_out1|       pointer|
|data_out1_fifo_cap                |   in|    8|     ap_fifo|                                       data_out1|       pointer|
|data_out1_empty_n                 |   in|    1|     ap_fifo|                                       data_out1|       pointer|
|data_out1_read                    |  out|    1|     ap_fifo|                                       data_out1|       pointer|
|m_axi_concat_data_AWVALID         |  out|    1|       m_axi|                                     concat_data|       pointer|
|m_axi_concat_data_AWREADY         |   in|    1|       m_axi|                                     concat_data|       pointer|
|m_axi_concat_data_AWADDR          |  out|   64|       m_axi|                                     concat_data|       pointer|
|m_axi_concat_data_AWID            |  out|    1|       m_axi|                                     concat_data|       pointer|
|m_axi_concat_data_AWLEN           |  out|   32|       m_axi|                                     concat_data|       pointer|
|m_axi_concat_data_AWSIZE          |  out|    3|       m_axi|                                     concat_data|       pointer|
|m_axi_concat_data_AWBURST         |  out|    2|       m_axi|                                     concat_data|       pointer|
|m_axi_concat_data_AWLOCK          |  out|    2|       m_axi|                                     concat_data|       pointer|
|m_axi_concat_data_AWCACHE         |  out|    4|       m_axi|                                     concat_data|       pointer|
|m_axi_concat_data_AWPROT          |  out|    3|       m_axi|                                     concat_data|       pointer|
|m_axi_concat_data_AWQOS           |  out|    4|       m_axi|                                     concat_data|       pointer|
|m_axi_concat_data_AWREGION        |  out|    4|       m_axi|                                     concat_data|       pointer|
|m_axi_concat_data_AWUSER          |  out|    1|       m_axi|                                     concat_data|       pointer|
|m_axi_concat_data_WVALID          |  out|    1|       m_axi|                                     concat_data|       pointer|
|m_axi_concat_data_WREADY          |   in|    1|       m_axi|                                     concat_data|       pointer|
|m_axi_concat_data_WDATA           |  out|  256|       m_axi|                                     concat_data|       pointer|
|m_axi_concat_data_WSTRB           |  out|   32|       m_axi|                                     concat_data|       pointer|
|m_axi_concat_data_WLAST           |  out|    1|       m_axi|                                     concat_data|       pointer|
|m_axi_concat_data_WID             |  out|    1|       m_axi|                                     concat_data|       pointer|
|m_axi_concat_data_WUSER           |  out|    1|       m_axi|                                     concat_data|       pointer|
|m_axi_concat_data_ARVALID         |  out|    1|       m_axi|                                     concat_data|       pointer|
|m_axi_concat_data_ARREADY         |   in|    1|       m_axi|                                     concat_data|       pointer|
|m_axi_concat_data_ARADDR          |  out|   64|       m_axi|                                     concat_data|       pointer|
|m_axi_concat_data_ARID            |  out|    1|       m_axi|                                     concat_data|       pointer|
|m_axi_concat_data_ARLEN           |  out|   32|       m_axi|                                     concat_data|       pointer|
|m_axi_concat_data_ARSIZE          |  out|    3|       m_axi|                                     concat_data|       pointer|
|m_axi_concat_data_ARBURST         |  out|    2|       m_axi|                                     concat_data|       pointer|
|m_axi_concat_data_ARLOCK          |  out|    2|       m_axi|                                     concat_data|       pointer|
|m_axi_concat_data_ARCACHE         |  out|    4|       m_axi|                                     concat_data|       pointer|
|m_axi_concat_data_ARPROT          |  out|    3|       m_axi|                                     concat_data|       pointer|
|m_axi_concat_data_ARQOS           |  out|    4|       m_axi|                                     concat_data|       pointer|
|m_axi_concat_data_ARREGION        |  out|    4|       m_axi|                                     concat_data|       pointer|
|m_axi_concat_data_ARUSER          |  out|    1|       m_axi|                                     concat_data|       pointer|
|m_axi_concat_data_RVALID          |   in|    1|       m_axi|                                     concat_data|       pointer|
|m_axi_concat_data_RREADY          |  out|    1|       m_axi|                                     concat_data|       pointer|
|m_axi_concat_data_RDATA           |   in|  256|       m_axi|                                     concat_data|       pointer|
|m_axi_concat_data_RLAST           |   in|    1|       m_axi|                                     concat_data|       pointer|
|m_axi_concat_data_RID             |   in|    1|       m_axi|                                     concat_data|       pointer|
|m_axi_concat_data_RFIFONUM        |   in|    9|       m_axi|                                     concat_data|       pointer|
|m_axi_concat_data_RUSER           |   in|    1|       m_axi|                                     concat_data|       pointer|
|m_axi_concat_data_RRESP           |   in|    2|       m_axi|                                     concat_data|       pointer|
|m_axi_concat_data_BVALID          |   in|    1|       m_axi|                                     concat_data|       pointer|
|m_axi_concat_data_BREADY          |  out|    1|       m_axi|                                     concat_data|       pointer|
|m_axi_concat_data_BRESP           |   in|    2|       m_axi|                                     concat_data|       pointer|
|m_axi_concat_data_BID             |   in|    1|       m_axi|                                     concat_data|       pointer|
|m_axi_concat_data_BUSER           |   in|    1|       m_axi|                                     concat_data|       pointer|
|outputs_dout                      |   in|   64|     ap_fifo|                                         outputs|       pointer|
|outputs_num_data_valid            |   in|    3|     ap_fifo|                                         outputs|       pointer|
|outputs_fifo_cap                  |   in|    3|     ap_fifo|                                         outputs|       pointer|
|outputs_empty_n                   |   in|    1|     ap_fifo|                                         outputs|       pointer|
|outputs_read                      |  out|    1|     ap_fifo|                                         outputs|       pointer|
|output_data_addr3_dout            |   in|   32|     ap_fifo|                               output_data_addr3|       pointer|
|output_data_addr3_num_data_valid  |   in|    3|     ap_fifo|                               output_data_addr3|       pointer|
|output_data_addr3_fifo_cap        |   in|    3|     ap_fifo|                               output_data_addr3|       pointer|
|output_data_addr3_empty_n         |   in|    1|     ap_fifo|                               output_data_addr3|       pointer|
|output_data_addr3_read            |  out|    1|     ap_fifo|                               output_data_addr3|       pointer|
|ROWS_dout                         |   in|   32|     ap_fifo|                                            ROWS|       pointer|
|ROWS_num_data_valid               |   in|    2|     ap_fifo|                                            ROWS|       pointer|
|ROWS_fifo_cap                     |   in|    2|     ap_fifo|                                            ROWS|       pointer|
|ROWS_empty_n                      |   in|    1|     ap_fifo|                                            ROWS|       pointer|
|ROWS_read                         |  out|    1|     ap_fifo|                                            ROWS|       pointer|
|COLS_dout                         |   in|   32|     ap_fifo|                                            COLS|       pointer|
|COLS_num_data_valid               |   in|    2|     ap_fifo|                                            COLS|       pointer|
|COLS_fifo_cap                     |   in|    2|     ap_fifo|                                            COLS|       pointer|
|COLS_empty_n                      |   in|    1|     ap_fifo|                                            COLS|       pointer|
|COLS_read                         |  out|    1|     ap_fifo|                                            COLS|       pointer|
|concat_flag                       |  out|    1|      ap_vld|                                     concat_flag|       pointer|
|concat_flag_ap_vld                |  out|    1|      ap_vld|                                     concat_flag|       pointer|
+----------------------------------+-----+-----+------------+------------------------------------------------+--------------+

