/home/ytq/codeField/Prediction_Model_Accelerator/CSIM/Concat_HLS/Concat_HLS/Concat_HLS.prj/sol/.autopilot/db/concat.pp.0.cpp:1332:7: warning: Added loop label VITIS_LOOP_1211_1:   [xilinx-label-all-loops]
      for (i = 0; i < __N - 1; ++i) {
      ^~~
      VITIS_LOOP_1211_1: 
/home/ytq/codeField/Prediction_Model_Accelerator/CSIM/Concat_HLS/Concat_HLS/Concat_HLS.prj/sol/.autopilot/db/concat.pp.0.cpp:1332:7: note: FIX-IT applied suggested code changes
/home/ytq/codeField/Prediction_Model_Accelerator/CSIM/Concat_HLS/Concat_HLS/Concat_HLS.prj/sol/.autopilot/db/concat.pp.0.cpp:2306:5: warning: Added loop label VITIS_LOOP_676_1:   [xilinx-label-all-loops]
    for (unsigned i = low; i != high; ++i) {
    ^~~
    VITIS_LOOP_676_1: 
/home/ytq/codeField/Prediction_Model_Accelerator/CSIM/Concat_HLS/Concat_HLS/Concat_HLS.prj/sol/.autopilot/db/concat.pp.0.cpp:2306:5: note: FIX-IT applied suggested code changes
/home/ytq/codeField/Prediction_Model_Accelerator/CSIM/Concat_HLS/Concat_HLS/Concat_HLS.prj/sol/.autopilot/db/concat.pp.0.cpp:2320:5: warning: Added loop label VITIS_LOOP_690_1:   [xilinx-label-all-loops]
    for (unsigned i = low; i != high; ++i) {
    ^~~
    VITIS_LOOP_690_1: 
/home/ytq/codeField/Prediction_Model_Accelerator/CSIM/Concat_HLS/Concat_HLS/Concat_HLS.prj/sol/.autopilot/db/concat.pp.0.cpp:2320:5: note: FIX-IT applied suggested code changes
/home/ytq/codeField/Prediction_Model_Accelerator/CSIM/Concat_HLS/Concat_HLS/Concat_HLS.prj/sol/.autopilot/db/concat.pp.0.cpp:2334:5: warning: Added loop label VITIS_LOOP_704_1:   [xilinx-label-all-loops]
    for (unsigned i = low; i != high; ++i) {
    ^~~
    VITIS_LOOP_704_1: 
/home/ytq/codeField/Prediction_Model_Accelerator/CSIM/Concat_HLS/Concat_HLS/Concat_HLS.prj/sol/.autopilot/db/concat.pp.0.cpp:2334:5: note: FIX-IT applied suggested code changes
/home/ytq/codeField/Prediction_Model_Accelerator/CSIM/Concat_HLS/Concat_HLS/Concat_HLS.prj/sol/.autopilot/db/concat.pp.0.cpp:3933:7: warning: Added loop label VITIS_LOOP_1245_1:   [xilinx-label-all-loops]
      for (i = 0; i < __N - 1; ++i) {
      ^~~
      VITIS_LOOP_1245_1: 
/home/ytq/codeField/Prediction_Model_Accelerator/CSIM/Concat_HLS/Concat_HLS/Concat_HLS.prj/sol/.autopilot/db/concat.pp.0.cpp:3933:7: note: FIX-IT applied suggested code changes
/home/ytq/codeField/Prediction_Model_Accelerator/CSIM/Concat_HLS/Concat_HLS/Concat_HLS.prj/sol/.autopilot/db/concat.pp.0.cpp:47808:72: error: Invalid Directive: for current device, ROM_1P + LUTRAM is invalid combination for BIND_STORAGE's option 'type + impl' [clang-diagnostic-error]
#pragma HLS BIND_STORAGE variable=fourth_order_double::sin_cos_K0 type=ROM_1P impl=LUTRAM
                                                                       ^
/home/ytq/codeField/Prediction_Model_Accelerator/CSIM/Concat_HLS/Concat_HLS/Concat_HLS.prj/sol/.autopilot/db/concat.pp.0.cpp:47809:72: error: Invalid Directive: for current device, ROM_1P + LUTRAM is invalid combination for BIND_STORAGE's option 'type + impl' [clang-diagnostic-error]
#pragma HLS BIND_STORAGE variable=fourth_order_double::sin_cos_K1 type=ROM_1P impl=LUTRAM
                                                                       ^
/home/ytq/codeField/Prediction_Model_Accelerator/CSIM/Concat_HLS/Concat_HLS/Concat_HLS.prj/sol/.autopilot/db/concat.pp.0.cpp:47810:72: error: Invalid Directive: for current device, ROM_1P + LUTRAM is invalid combination for BIND_STORAGE's option 'type + impl' [clang-diagnostic-error]
#pragma HLS BIND_STORAGE variable=fourth_order_double::sin_cos_K2 type=ROM_1P impl=LUTRAM
                                                                       ^
/home/ytq/codeField/Prediction_Model_Accelerator/CSIM/Concat_HLS/Concat_HLS/Concat_HLS.prj/sol/.autopilot/db/concat.pp.0.cpp:47811:72: error: Invalid Directive: for current device, ROM_1P + LUTRAM is invalid combination for BIND_STORAGE's option 'type + impl' [clang-diagnostic-error]
#pragma HLS BIND_STORAGE variable=fourth_order_double::sin_cos_K3 type=ROM_1P impl=LUTRAM
                                                                       ^
/home/ytq/codeField/Prediction_Model_Accelerator/CSIM/Concat_HLS/Concat_HLS/Concat_HLS.prj/sol/.autopilot/db/concat.pp.0.cpp:47812:72: error: Invalid Directive: for current device, ROM_1P + LUTRAM is invalid combination for BIND_STORAGE's option 'type + impl' [clang-diagnostic-error]
#pragma HLS BIND_STORAGE variable=fourth_order_double::sin_cos_K4 type=ROM_1P impl=LUTRAM
                                                                       ^
/home/ytq/codeField/Prediction_Model_Accelerator/CSIM/Concat_HLS/Concat_HLS/Concat_HLS.prj/sol/.autopilot/db/concat.pp.0.cpp:47842:68: error: Invalid Directive: for current device, ROM_1P + LUTRAM is invalid combination for BIND_STORAGE's option 'type + impl' [clang-diagnostic-error]
#pragma HLS BIND_STORAGE variable=fourth_order_double::cos_K0 type=ROM_1P impl=LUTRAM
                                                                   ^
/home/ytq/codeField/Prediction_Model_Accelerator/CSIM/Concat_HLS/Concat_HLS/Concat_HLS.prj/sol/.autopilot/db/concat.pp.0.cpp:47843:68: error: Invalid Directive: for current device, ROM_1P + LUTRAM is invalid combination for BIND_STORAGE's option 'type + impl' [clang-diagnostic-error]
#pragma HLS BIND_STORAGE variable=fourth_order_double::cos_K1 type=ROM_1P impl=LUTRAM
                                                                   ^
/home/ytq/codeField/Prediction_Model_Accelerator/CSIM/Concat_HLS/Concat_HLS/Concat_HLS.prj/sol/.autopilot/db/concat.pp.0.cpp:47844:68: error: Invalid Directive: for current device, ROM_1P + LUTRAM is invalid combination for BIND_STORAGE's option 'type + impl' [clang-diagnostic-error]
#pragma HLS BIND_STORAGE variable=fourth_order_double::cos_K2 type=ROM_1P impl=LUTRAM
                                                                   ^
/home/ytq/codeField/Prediction_Model_Accelerator/CSIM/Concat_HLS/Concat_HLS/Concat_HLS.prj/sol/.autopilot/db/concat.pp.0.cpp:47845:68: error: Invalid Directive: for current device, ROM_1P + LUTRAM is invalid combination for BIND_STORAGE's option 'type + impl' [clang-diagnostic-error]
#pragma HLS BIND_STORAGE variable=fourth_order_double::cos_K3 type=ROM_1P impl=LUTRAM
                                                                   ^
/home/ytq/codeField/Prediction_Model_Accelerator/CSIM/Concat_HLS/Concat_HLS/Concat_HLS.prj/sol/.autopilot/db/concat.pp.0.cpp:47846:68: error: Invalid Directive: for current device, ROM_1P + LUTRAM is invalid combination for BIND_STORAGE's option 'type + impl' [clang-diagnostic-error]
#pragma HLS BIND_STORAGE variable=fourth_order_double::cos_K4 type=ROM_1P impl=LUTRAM
                                                                   ^
/home/ytq/codeField/Prediction_Model_Accelerator/CSIM/Concat_HLS/Concat_HLS/Concat_HLS.prj/sol/.autopilot/db/concat.pp.0.cpp:47847:68: error: Invalid Directive: for current device, ROM_1P + LUTRAM is invalid combination for BIND_STORAGE's option 'type + impl' [clang-diagnostic-error]
#pragma HLS BIND_STORAGE variable=fourth_order_double::sin_K0 type=ROM_1P impl=LUTRAM
                                                                   ^
/home/ytq/codeField/Prediction_Model_Accelerator/CSIM/Concat_HLS/Concat_HLS/Concat_HLS.prj/sol/.autopilot/db/concat.pp.0.cpp:47848:68: error: Invalid Directive: for current device, ROM_1P + LUTRAM is invalid combination for BIND_STORAGE's option 'type + impl' [clang-diagnostic-error]
#pragma HLS BIND_STORAGE variable=fourth_order_double::sin_K1 type=ROM_1P impl=LUTRAM
                                                                   ^
/home/ytq/codeField/Prediction_Model_Accelerator/CSIM/Concat_HLS/Concat_HLS/Concat_HLS.prj/sol/.autopilot/db/concat.pp.0.cpp:47849:68: error: Invalid Directive: for current device, ROM_1P + LUTRAM is invalid combination for BIND_STORAGE's option 'type + impl' [clang-diagnostic-error]
#pragma HLS BIND_STORAGE variable=fourth_order_double::sin_K2 type=ROM_1P impl=LUTRAM
                                                                   ^
/home/ytq/codeField/Prediction_Model_Accelerator/CSIM/Concat_HLS/Concat_HLS/Concat_HLS.prj/sol/.autopilot/db/concat.pp.0.cpp:47850:68: error: Invalid Directive: for current device, ROM_1P + LUTRAM is invalid combination for BIND_STORAGE's option 'type + impl' [clang-diagnostic-error]
#pragma HLS BIND_STORAGE variable=fourth_order_double::sin_K3 type=ROM_1P impl=LUTRAM
                                                                   ^
/home/ytq/codeField/Prediction_Model_Accelerator/CSIM/Concat_HLS/Concat_HLS/Concat_HLS.prj/sol/.autopilot/db/concat.pp.0.cpp:47851:68: error: Invalid Directive: for current device, ROM_1P + LUTRAM is invalid combination for BIND_STORAGE's option 'type + impl' [clang-diagnostic-error]
#pragma HLS BIND_STORAGE variable=fourth_order_double::sin_K4 type=ROM_1P impl=LUTRAM
                                                                   ^
/home/ytq/codeField/Prediction_Model_Accelerator/CSIM/Concat_HLS/Concat_HLS/Concat_HLS.prj/sol/.autopilot/db/concat.pp.0.cpp:47901:71: error: Invalid Directive: for current device, ROM_1P + LUTRAM is invalid combination for BIND_STORAGE's option 'type + impl' [clang-diagnostic-error]
#pragma HLS BIND_STORAGE variable=second_order_float::sin_cos_K0 type=ROM_1P impl=LUTRAM
                                                                      ^
/home/ytq/codeField/Prediction_Model_Accelerator/CSIM/Concat_HLS/Concat_HLS/Concat_HLS.prj/sol/.autopilot/db/concat.pp.0.cpp:47902:71: error: Invalid Directive: for current device, ROM_1P + LUTRAM is invalid combination for BIND_STORAGE's option 'type + impl' [clang-diagnostic-error]
#pragma HLS BIND_STORAGE variable=second_order_float::sin_cos_K1 type=ROM_1P impl=LUTRAM
                                                                      ^
/home/ytq/codeField/Prediction_Model_Accelerator/CSIM/Concat_HLS/Concat_HLS/Concat_HLS.prj/sol/.autopilot/db/concat.pp.0.cpp:47903:71: error: Invalid Directive: for current device, ROM_1P + LUTRAM is invalid combination for BIND_STORAGE's option 'type + impl' [clang-diagnostic-error]
#pragma HLS BIND_STORAGE variable=second_order_float::sin_cos_K2 type=ROM_1P impl=LUTRAM
                                                                      ^
/home/ytq/codeField/Prediction_Model_Accelerator/CSIM/Concat_HLS/Concat_HLS/Concat_HLS.prj/sol/.autopilot/db/concat.pp.0.cpp:47930:67: error: Invalid Directive: for current device, ROM_1P + LUTRAM is invalid combination for BIND_STORAGE's option 'type + impl' [clang-diagnostic-error]
#pragma HLS BIND_STORAGE variable=second_order_float::cos_K0 type=ROM_1P impl=LUTRAM
                                                                  ^
/home/ytq/codeField/Prediction_Model_Accelerator/CSIM/Concat_HLS/Concat_HLS/Concat_HLS.prj/sol/.autopilot/db/concat.pp.0.cpp:47931:67: error: Invalid Directive: for current device, ROM_1P + LUTRAM is invalid combination for BIND_STORAGE's option 'type + impl' [clang-diagnostic-error]
#pragma HLS BIND_STORAGE variable=second_order_float::cos_K1 type=ROM_1P impl=LUTRAM
                                                                  ^
/home/ytq/codeField/Prediction_Model_Accelerator/CSIM/Concat_HLS/Concat_HLS/Concat_HLS.prj/sol/.autopilot/db/concat.pp.0.cpp:47932:67: error: Invalid Directive: for current device, ROM_1P + LUTRAM is invalid combination for BIND_STORAGE's option 'type + impl' [clang-diagnostic-error]
#pragma HLS BIND_STORAGE variable=second_order_float::cos_K2 type=ROM_1P impl=LUTRAM
                                                                  ^
/home/ytq/codeField/Prediction_Model_Accelerator/CSIM/Concat_HLS/Concat_HLS/Concat_HLS.prj/sol/.autopilot/db/concat.pp.0.cpp:47933:67: error: Invalid Directive: for current device, ROM_1P + LUTRAM is invalid combination for BIND_STORAGE's option 'type + impl' [clang-diagnostic-error]
#pragma HLS BIND_STORAGE variable=second_order_float::sin_K0 type=ROM_1P impl=LUTRAM
                                                                  ^
/home/ytq/codeField/Prediction_Model_Accelerator/CSIM/Concat_HLS/Concat_HLS/Concat_HLS.prj/sol/.autopilot/db/concat.pp.0.cpp:47934:67: error: Invalid Directive: for current device, ROM_1P + LUTRAM is invalid combination for BIND_STORAGE's option 'type + impl' [clang-diagnostic-error]
#pragma HLS BIND_STORAGE variable=second_order_float::sin_K1 type=ROM_1P impl=LUTRAM
                                                                  ^
/home/ytq/codeField/Prediction_Model_Accelerator/CSIM/Concat_HLS/Concat_HLS/Concat_HLS.prj/sol/.autopilot/db/concat.pp.0.cpp:47935:67: error: Invalid Directive: for current device, ROM_1P + LUTRAM is invalid combination for BIND_STORAGE's option 'type + impl' [clang-diagnostic-error]
#pragma HLS BIND_STORAGE variable=second_order_float::sin_K2 type=ROM_1P impl=LUTRAM
                                                                  ^
/home/ytq/codeField/Prediction_Model_Accelerator/CSIM/Concat_HLS/Concat_HLS/Concat_HLS.prj/sol/.autopilot/db/concat.pp.0.cpp:47971:73: error: Invalid Directive: for current device, ROM_1P + LUTRAM is invalid combination for BIND_STORAGE's option 'type + impl' [clang-diagnostic-error]
#pragma HLS BIND_STORAGE variable=first_order_fixed_16::sin_cos_K0 type=ROM_1P impl=LUTRAM
                                                                        ^
/home/ytq/codeField/Prediction_Model_Accelerator/CSIM/Concat_HLS/Concat_HLS/Concat_HLS.prj/sol/.autopilot/db/concat.pp.0.cpp:47972:73: error: Invalid Directive: for current device, ROM_1P + LUTRAM is invalid combination for BIND_STORAGE's option 'type + impl' [clang-diagnostic-error]
#pragma HLS BIND_STORAGE variable=first_order_fixed_16::sin_cos_K1 type=ROM_1P impl=LUTRAM
                                                                        ^
/home/ytq/codeField/Prediction_Model_Accelerator/CSIM/Concat_HLS/Concat_HLS/Concat_HLS.prj/sol/.autopilot/db/concat.pp.0.cpp:48246:5: warning: Added loop label VITIS_LOOP_87_1:   [xilinx-label-all-loops]
    for (int n=0; n<Nmax; n++){
    ^~~
    VITIS_LOOP_87_1: 
/home/ytq/codeField/Prediction_Model_Accelerator/CSIM/Concat_HLS/Concat_HLS/Concat_HLS.prj/sol/.autopilot/db/concat.pp.0.cpp:48246:5: note: FIX-IT applied suggested code changes
/home/ytq/codeField/Prediction_Model_Accelerator/CSIM/Concat_HLS/Concat_HLS/Concat_HLS.prj/sol/.autopilot/db/concat.pp.0.cpp:48292:5: warning: Added loop label VITIS_LOOP_143_1:   [xilinx-label-all-loops]
    for (int n=0; n<Nmax; n++){
    ^~~
    VITIS_LOOP_143_1: 
/home/ytq/codeField/Prediction_Model_Accelerator/CSIM/Concat_HLS/Concat_HLS/Concat_HLS.prj/sol/.autopilot/db/concat.pp.0.cpp:48292:5: note: FIX-IT applied suggested code changes
/home/ytq/codeField/Prediction_Model_Accelerator/CSIM/Concat_HLS/Concat_HLS/Concat_HLS.prj/sol/.autopilot/db/concat.pp.0.cpp:48455:9: warning: Added loop label VITIS_LOOP_315_1:   [xilinx-label-all-loops]
        for(int i=0;i<W-1;i++){
        ^~~
        VITIS_LOOP_315_1: 
/home/ytq/codeField/Prediction_Model_Accelerator/CSIM/Concat_HLS/Concat_HLS/Concat_HLS.prj/sol/.autopilot/db/concat.pp.0.cpp:48455:9: note: FIX-IT applied suggested code changes
/home/ytq/codeField/Prediction_Model_Accelerator/CSIM/Concat_HLS/Concat_HLS/Concat_HLS.prj/sol/.autopilot/db/concat.pp.0.cpp:48607:9: warning: Added loop label VITIS_LOOP_475_1:   [xilinx-label-all-loops]
        for(int i=0;i<W-1;i++){
        ^~~
        VITIS_LOOP_475_1: 
/home/ytq/codeField/Prediction_Model_Accelerator/CSIM/Concat_HLS/Concat_HLS/Concat_HLS.prj/sol/.autopilot/db/concat.pp.0.cpp:48607:9: note: FIX-IT applied suggested code changes
/home/ytq/codeField/Prediction_Model_Accelerator/CSIM/Concat_HLS/Concat_HLS/Concat_HLS.prj/sol/.autopilot/db/concat.pp.0.cpp:48787:5: warning: Added loop label VITIS_LOOP_655_1:   [xilinx-label-all-loops]
    for(int i=0;i<W+1;i++){
    ^~~
    VITIS_LOOP_655_1: 
/home/ytq/codeField/Prediction_Model_Accelerator/CSIM/Concat_HLS/Concat_HLS/Concat_HLS.prj/sol/.autopilot/db/concat.pp.0.cpp:48787:5: note: FIX-IT applied suggested code changes
/home/ytq/codeField/Prediction_Model_Accelerator/CSIM/Concat_HLS/Concat_HLS/Concat_HLS.prj/sol/.autopilot/db/concat.pp.0.cpp:48791:5: warning: Added loop label VITIS_LOOP_659_2:   [xilinx-label-all-loops]
    for(int i=0;i<W+1;i++){
    ^~~
    VITIS_LOOP_659_2: 
/home/ytq/codeField/Prediction_Model_Accelerator/CSIM/Concat_HLS/Concat_HLS/Concat_HLS.prj/sol/.autopilot/db/concat.pp.0.cpp:48791:5: note: FIX-IT applied suggested code changes
/home/ytq/codeField/Prediction_Model_Accelerator/CSIM/Concat_HLS/Concat_HLS/Concat_HLS.prj/sol/.autopilot/db/concat.pp.0.cpp:48901:5: warning: Added loop label VITIS_LOOP_769_1:   [xilinx-label-all-loops]
    for (int n=0; n<Nmax; n++){
    ^~~
    VITIS_LOOP_769_1: 
/home/ytq/codeField/Prediction_Model_Accelerator/CSIM/Concat_HLS/Concat_HLS/Concat_HLS.prj/sol/.autopilot/db/concat.pp.0.cpp:48901:5: note: FIX-IT applied suggested code changes
/home/ytq/codeField/Prediction_Model_Accelerator/CSIM/Concat_HLS/Concat_HLS/Concat_HLS.prj/sol/.autopilot/db/concat.pp.0.cpp:48991:7: warning: Added loop label VITIS_LOOP_866_1:   [xilinx-label-all-loops]
      for(int i=0;i<W-1;i++){
      ^~~
      VITIS_LOOP_866_1: 
/home/ytq/codeField/Prediction_Model_Accelerator/CSIM/Concat_HLS/Concat_HLS/Concat_HLS.prj/sol/.autopilot/db/concat.pp.0.cpp:48991:7: note: FIX-IT applied suggested code changes
/home/ytq/codeField/Prediction_Model_Accelerator/CSIM/Concat_HLS/Concat_HLS/Concat_HLS.prj/sol/.autopilot/db/concat.pp.0.cpp:49010:7: warning: Added loop label VITIS_LOOP_885_2:   [xilinx-label-all-loops]
      for(int i=0;i<W-1;i++){
      ^~~
      VITIS_LOOP_885_2: 
/home/ytq/codeField/Prediction_Model_Accelerator/CSIM/Concat_HLS/Concat_HLS/Concat_HLS.prj/sol/.autopilot/db/concat.pp.0.cpp:49010:7: note: FIX-IT applied suggested code changes
/home/ytq/codeField/Prediction_Model_Accelerator/CSIM/Concat_HLS/Concat_HLS/Concat_HLS.prj/sol/.autopilot/db/concat.pp.0.cpp:49300:5: warning: Added loop label VITIS_LOOP_1199_1:   [xilinx-label-all-loops]
    for(int i=0; i<Nmax; i++) {
    ^~~
    VITIS_LOOP_1199_1: 
/home/ytq/codeField/Prediction_Model_Accelerator/CSIM/Concat_HLS/Concat_HLS/Concat_HLS.prj/sol/.autopilot/db/concat.pp.0.cpp:49300:5: note: FIX-IT applied suggested code changes
/home/ytq/codeField/Prediction_Model_Accelerator/CSIM/Concat_HLS/Concat_HLS/Concat_HLS.prj/sol/.autopilot/db/concat.pp.0.cpp:49383:5: warning: Added loop label VITIS_LOOP_1282_1:   [xilinx-label-all-loops]
    for(int i=0; i<Nmax; i++) {
    ^~~
    VITIS_LOOP_1282_1: 
/home/ytq/codeField/Prediction_Model_Accelerator/CSIM/Concat_HLS/Concat_HLS/Concat_HLS.prj/sol/.autopilot/db/concat.pp.0.cpp:49383:5: note: FIX-IT applied suggested code changes
/home/ytq/codeField/Prediction_Model_Accelerator/CSIM/Concat_HLS/Concat_HLS/Concat_HLS.prj/sol/.autopilot/db/concat.pp.0.cpp:49789:13: warning: Added loop label VITIS_LOOP_94_1:   [xilinx-label-all-loops]
            for (int j = 3; j >= I_+1; j--) {
            ^~~
            VITIS_LOOP_94_1: 
/home/ytq/codeField/Prediction_Model_Accelerator/CSIM/Concat_HLS/Concat_HLS/Concat_HLS.prj/sol/.autopilot/db/concat.pp.0.cpp:49789:13: note: FIX-IT applied suggested code changes
/home/ytq/codeField/Prediction_Model_Accelerator/CSIM/Concat_HLS/Concat_HLS/Concat_HLS.prj/sol/.autopilot/db/concat.pp.0.cpp:49795:17: warning: Added loop label VITIS_LOOP_100_2:   [xilinx-label-all-loops]
                for (int j = 3; j >= I_+1; j--){
                ^~~
                VITIS_LOOP_100_2: 
/home/ytq/codeField/Prediction_Model_Accelerator/CSIM/Concat_HLS/Concat_HLS/Concat_HLS.prj/sol/.autopilot/db/concat.pp.0.cpp:49795:17: note: FIX-IT applied suggested code changes
/home/ytq/codeField/Prediction_Model_Accelerator/CSIM/Concat_HLS/Concat_HLS/Concat_HLS.prj/sol/.autopilot/db/concat.pp.0.cpp:49799:17: warning: Added loop label VITIS_LOOP_104_3:   [xilinx-label-all-loops]
                for (int j = I_; j >= 0; j--){
                ^~~
                VITIS_LOOP_104_3: 
/home/ytq/codeField/Prediction_Model_Accelerator/CSIM/Concat_HLS/Concat_HLS/Concat_HLS.prj/sol/.autopilot/db/concat.pp.0.cpp:49799:17: note: FIX-IT applied suggested code changes
/home/ytq/codeField/Prediction_Model_Accelerator/CSIM/Concat_HLS/Concat_HLS/Concat_HLS.prj/sol/.autopilot/db/concat.pp.0.cpp:49847:13: warning: Added loop label VITIS_LOOP_171_4:   [xilinx-label-all-loops]
            for (int j = 9; j >= I_+4; j--) {
            ^~~
            VITIS_LOOP_171_4: 
/home/ytq/codeField/Prediction_Model_Accelerator/CSIM/Concat_HLS/Concat_HLS/Concat_HLS.prj/sol/.autopilot/db/concat.pp.0.cpp:49847:13: note: FIX-IT applied suggested code changes
/home/ytq/codeField/Prediction_Model_Accelerator/CSIM/Concat_HLS/Concat_HLS/Concat_HLS.prj/sol/.autopilot/db/concat.pp.0.cpp:49853:17: warning: Added loop label VITIS_LOOP_177_5:   [xilinx-label-all-loops]
                for (int j = 9; j >= I_+4; j--){
                ^~~
                VITIS_LOOP_177_5: 
/home/ytq/codeField/Prediction_Model_Accelerator/CSIM/Concat_HLS/Concat_HLS/Concat_HLS.prj/sol/.autopilot/db/concat.pp.0.cpp:49853:17: note: FIX-IT applied suggested code changes
/home/ytq/codeField/Prediction_Model_Accelerator/CSIM/Concat_HLS/Concat_HLS/Concat_HLS.prj/sol/.autopilot/db/concat.pp.0.cpp:49857:17: warning: Added loop label VITIS_LOOP_181_6:   [xilinx-label-all-loops]
                for (int j = I_+3; j >= 0; j--){
                ^~~
                VITIS_LOOP_181_6: 
/home/ytq/codeField/Prediction_Model_Accelerator/CSIM/Concat_HLS/Concat_HLS/Concat_HLS.prj/sol/.autopilot/db/concat.pp.0.cpp:49857:17: note: FIX-IT applied suggested code changes
/home/ytq/codeField/Prediction_Model_Accelerator/CSIM/Concat_HLS/Concat_HLS/Concat_HLS.prj/sol/.autopilot/db/concat.pp.0.cpp:49872:9: warning: Added loop label VITIS_LOOP_196_7:   [xilinx-label-all-loops]
        for (int j = 14; j < 22; j++){
        ^~~
        VITIS_LOOP_196_7: 
/home/ytq/codeField/Prediction_Model_Accelerator/CSIM/Concat_HLS/Concat_HLS/Concat_HLS.prj/sol/.autopilot/db/concat.pp.0.cpp:49872:9: note: FIX-IT applied suggested code changes
/home/ytq/codeField/Prediction_Model_Accelerator/CSIM/Concat_HLS/Concat_HLS/Concat_HLS.prj/sol/.autopilot/db/concat.pp.0.cpp:49880:17: warning: Added loop label VITIS_LOOP_204_8:   [xilinx-label-all-loops]
                for (int j = 0; j < 22; j++){
                ^~~
                VITIS_LOOP_204_8: 
/home/ytq/codeField/Prediction_Model_Accelerator/CSIM/Concat_HLS/Concat_HLS/Concat_HLS.prj/sol/.autopilot/db/concat.pp.0.cpp:49880:17: note: FIX-IT applied suggested code changes
/home/ytq/codeField/Prediction_Model_Accelerator/CSIM/Concat_HLS/Concat_HLS/Concat_HLS.prj/sol/.autopilot/db/concat.pp.0.cpp:49945:13: warning: Added loop label VITIS_LOOP_269_9:   [xilinx-label-all-loops]
            for (int j = 21; j >= I_+10; j--) {
            ^~~
            VITIS_LOOP_269_9: 
/home/ytq/codeField/Prediction_Model_Accelerator/CSIM/Concat_HLS/Concat_HLS/Concat_HLS.prj/sol/.autopilot/db/concat.pp.0.cpp:49945:13: note: FIX-IT applied suggested code changes
/home/ytq/codeField/Prediction_Model_Accelerator/CSIM/Concat_HLS/Concat_HLS/Concat_HLS.prj/sol/.autopilot/db/concat.pp.0.cpp:49951:17: warning: Added loop label VITIS_LOOP_275_10:   [xilinx-label-all-loops]
                for (int j = 21; j >= I_+10; j--) {
                ^~~
                VITIS_LOOP_275_10: 
/home/ytq/codeField/Prediction_Model_Accelerator/CSIM/Concat_HLS/Concat_HLS/Concat_HLS.prj/sol/.autopilot/db/concat.pp.0.cpp:49951:17: note: FIX-IT applied suggested code changes
/home/ytq/codeField/Prediction_Model_Accelerator/CSIM/Concat_HLS/Concat_HLS/Concat_HLS.prj/sol/.autopilot/db/concat.pp.0.cpp:49955:17: warning: Added loop label VITIS_LOOP_279_11:   [xilinx-label-all-loops]
                for (int j = I_+9; j >= 0; j--) {
                ^~~
                VITIS_LOOP_279_11: 
/home/ytq/codeField/Prediction_Model_Accelerator/CSIM/Concat_HLS/Concat_HLS/Concat_HLS.prj/sol/.autopilot/db/concat.pp.0.cpp:49955:17: note: FIX-IT applied suggested code changes
/home/ytq/codeField/Prediction_Model_Accelerator/CSIM/Concat_HLS/Concat_HLS/Concat_HLS.prj/sol/.autopilot/db/concat.pp.0.cpp:49970:9: warning: Added loop label VITIS_LOOP_294_12:   [xilinx-label-all-loops]
        for (int j = 27; j < 46; j++){
        ^~~
        VITIS_LOOP_294_12: 
/home/ytq/codeField/Prediction_Model_Accelerator/CSIM/Concat_HLS/Concat_HLS/Concat_HLS.prj/sol/.autopilot/db/concat.pp.0.cpp:49970:9: note: FIX-IT applied suggested code changes
/home/ytq/codeField/Prediction_Model_Accelerator/CSIM/Concat_HLS/Concat_HLS/Concat_HLS.prj/sol/.autopilot/db/concat.pp.0.cpp:49978:17: warning: Added loop label VITIS_LOOP_302_13:   [xilinx-label-all-loops]
                for (int j = 0; j < 46; j++) {
                ^~~
                VITIS_LOOP_302_13: 
/home/ytq/codeField/Prediction_Model_Accelerator/CSIM/Concat_HLS/Concat_HLS/Concat_HLS.prj/sol/.autopilot/db/concat.pp.0.cpp:49978:17: note: FIX-IT applied suggested code changes
/home/ytq/codeField/Prediction_Model_Accelerator/CSIM/Concat_HLS/Concat_HLS/Concat_HLS.prj/sol/.autopilot/db/concat.pp.0.cpp:50207:13: warning: Added loop label VITIS_LOOP_531_14:   [xilinx-label-all-loops]
            for (int j = 45; j >= I_+22; j--) {
            ^~~
            VITIS_LOOP_531_14: 
/home/ytq/codeField/Prediction_Model_Accelerator/CSIM/Concat_HLS/Concat_HLS/Concat_HLS.prj/sol/.autopilot/db/concat.pp.0.cpp:50207:13: note: FIX-IT applied suggested code changes
/home/ytq/codeField/Prediction_Model_Accelerator/CSIM/Concat_HLS/Concat_HLS/Concat_HLS.prj/sol/.autopilot/db/concat.pp.0.cpp:50213:17: warning: Added loop label VITIS_LOOP_537_15:   [xilinx-label-all-loops]
                for (int j = 45; j >= I_+22; j--){
                ^~~
                VITIS_LOOP_537_15: 
/home/ytq/codeField/Prediction_Model_Accelerator/CSIM/Concat_HLS/Concat_HLS/Concat_HLS.prj/sol/.autopilot/db/concat.pp.0.cpp:50213:17: note: FIX-IT applied suggested code changes
/home/ytq/codeField/Prediction_Model_Accelerator/CSIM/Concat_HLS/Concat_HLS/Concat_HLS.prj/sol/.autopilot/db/concat.pp.0.cpp:50217:17: warning: Added loop label VITIS_LOOP_541_16:   [xilinx-label-all-loops]
                for (int j = I_+21; j >= 0; j--) {
                ^~~
                VITIS_LOOP_541_16: 
/home/ytq/codeField/Prediction_Model_Accelerator/CSIM/Concat_HLS/Concat_HLS/Concat_HLS.prj/sol/.autopilot/db/concat.pp.0.cpp:50217:17: note: FIX-IT applied suggested code changes
/home/ytq/codeField/Prediction_Model_Accelerator/CSIM/Concat_HLS/Concat_HLS/Concat_HLS.prj/sol/.autopilot/db/concat.pp.0.cpp:50227:9: warning: Added loop label VITIS_LOOP_551_17:   [xilinx-label-all-loops]
        for (int j = 32-F_; j < 32+I_; j++){
        ^~~
        VITIS_LOOP_551_17: 
/home/ytq/codeField/Prediction_Model_Accelerator/CSIM/Concat_HLS/Concat_HLS/Concat_HLS.prj/sol/.autopilot/db/concat.pp.0.cpp:50227:9: note: FIX-IT applied suggested code changes
/home/ytq/codeField/Prediction_Model_Accelerator/CSIM/Concat_HLS/Concat_HLS/Concat_HLS.prj/sol/.autopilot/db/concat.pp.0.cpp:50231:9: warning: Added loop label VITIS_LOOP_555_18:   [xilinx-label-all-loops]
        for (int j = 32+I_; j <= 64; j++){
        ^~~
        VITIS_LOOP_555_18: 
/home/ytq/codeField/Prediction_Model_Accelerator/CSIM/Concat_HLS/Concat_HLS/Concat_HLS.prj/sol/.autopilot/db/concat.pp.0.cpp:50231:9: note: FIX-IT applied suggested code changes
/home/ytq/codeField/Prediction_Model_Accelerator/CSIM/Concat_HLS/Concat_HLS/Concat_HLS.prj/sol/.autopilot/db/concat.pp.0.cpp:50241:9: warning: Added loop label VITIS_LOOP_565_19:   [xilinx-label-all-loops]
        for (int j = 37; j < 64; j++) {
        ^~~
        VITIS_LOOP_565_19: 
/home/ytq/codeField/Prediction_Model_Accelerator/CSIM/Concat_HLS/Concat_HLS/Concat_HLS.prj/sol/.autopilot/db/concat.pp.0.cpp:50241:9: note: FIX-IT applied suggested code changes
/home/ytq/codeField/Prediction_Model_Accelerator/CSIM/Concat_HLS/Concat_HLS/Concat_HLS.prj/sol/.autopilot/db/concat.pp.0.cpp:50249:17: warning: Added loop label VITIS_LOOP_573_20:   [xilinx-label-all-loops]
                for (int j = 0; j < 64; j++){
                ^~~
                VITIS_LOOP_573_20: 
/home/ytq/codeField/Prediction_Model_Accelerator/CSIM/Concat_HLS/Concat_HLS/Concat_HLS.prj/sol/.autopilot/db/concat.pp.0.cpp:50249:17: note: FIX-IT applied suggested code changes
/home/ytq/codeField/Prediction_Model_Accelerator/CSIM/Concat_HLS/Concat_HLS/Concat_HLS.prj/sol/.autopilot/db/concat.pp.0.cpp:50610:13: warning: Added loop label VITIS_LOOP_934_21:   [xilinx-label-all-loops]
            for (int j = 63; j >= I_+31; j--) {
            ^~~
            VITIS_LOOP_934_21: 
/home/ytq/codeField/Prediction_Model_Accelerator/CSIM/Concat_HLS/Concat_HLS/Concat_HLS.prj/sol/.autopilot/db/concat.pp.0.cpp:50610:13: note: FIX-IT applied suggested code changes
/home/ytq/codeField/Prediction_Model_Accelerator/CSIM/Concat_HLS/Concat_HLS/Concat_HLS.prj/sol/.autopilot/db/concat.pp.0.cpp:50616:17: warning: Added loop label VITIS_LOOP_940_22:   [xilinx-label-all-loops]
                for (int j = 63; j >= I_+31; j--) {
                ^~~
                VITIS_LOOP_940_22: 
/home/ytq/codeField/Prediction_Model_Accelerator/CSIM/Concat_HLS/Concat_HLS/Concat_HLS.prj/sol/.autopilot/db/concat.pp.0.cpp:50616:17: note: FIX-IT applied suggested code changes
/home/ytq/codeField/Prediction_Model_Accelerator/CSIM/Concat_HLS/Concat_HLS/Concat_HLS.prj/sol/.autopilot/db/concat.pp.0.cpp:50620:17: warning: Added loop label VITIS_LOOP_944_23:   [xilinx-label-all-loops]
                for (int j = I_+30; j >= 0; j--) {
                ^~~
                VITIS_LOOP_944_23: 
/home/ytq/codeField/Prediction_Model_Accelerator/CSIM/Concat_HLS/Concat_HLS/Concat_HLS.prj/sol/.autopilot/db/concat.pp.0.cpp:50620:17: note: FIX-IT applied suggested code changes
/home/ytq/codeField/Prediction_Model_Accelerator/CSIM/Concat_HLS/Concat_HLS/Concat_HLS.prj/sol/.autopilot/db/concat.pp.0.cpp:50736:13: warning: Added loop label VITIS_LOOP_1060_1:   [xilinx-label-all-loops]
            for (int j = 4; j >= I_+1; j--) {
            ^~~
            VITIS_LOOP_1060_1: 
/home/ytq/codeField/Prediction_Model_Accelerator/CSIM/Concat_HLS/Concat_HLS/Concat_HLS.prj/sol/.autopilot/db/concat.pp.0.cpp:50736:13: note: FIX-IT applied suggested code changes
/home/ytq/codeField/Prediction_Model_Accelerator/CSIM/Concat_HLS/Concat_HLS/Concat_HLS.prj/sol/.autopilot/db/concat.pp.0.cpp:50742:17: warning: Added loop label VITIS_LOOP_1066_2:   [xilinx-label-all-loops]
                for (int j = 4; j >= I_+1; j--) {
                ^~~
                VITIS_LOOP_1066_2: 
/home/ytq/codeField/Prediction_Model_Accelerator/CSIM/Concat_HLS/Concat_HLS/Concat_HLS.prj/sol/.autopilot/db/concat.pp.0.cpp:50742:17: note: FIX-IT applied suggested code changes
/home/ytq/codeField/Prediction_Model_Accelerator/CSIM/Concat_HLS/Concat_HLS/Concat_HLS.prj/sol/.autopilot/db/concat.pp.0.cpp:50746:17: warning: Added loop label VITIS_LOOP_1070_3:   [xilinx-label-all-loops]
                for (int j = I_; j >= 0; j--) {
                ^~~
                VITIS_LOOP_1070_3: 
/home/ytq/codeField/Prediction_Model_Accelerator/CSIM/Concat_HLS/Concat_HLS/Concat_HLS.prj/sol/.autopilot/db/concat.pp.0.cpp:50746:17: note: FIX-IT applied suggested code changes
/home/ytq/codeField/Prediction_Model_Accelerator/CSIM/Concat_HLS/Concat_HLS/Concat_HLS.prj/sol/.autopilot/db/concat.pp.0.cpp:50833:13: warning: Added loop label VITIS_LOOP_1157_4:   [xilinx-label-all-loops]
            for (int j = 10; j >= I_+4; j--) {
            ^~~
            VITIS_LOOP_1157_4: 
/home/ytq/codeField/Prediction_Model_Accelerator/CSIM/Concat_HLS/Concat_HLS/Concat_HLS.prj/sol/.autopilot/db/concat.pp.0.cpp:50833:13: note: FIX-IT applied suggested code changes
/home/ytq/codeField/Prediction_Model_Accelerator/CSIM/Concat_HLS/Concat_HLS/Concat_HLS.prj/sol/.autopilot/db/concat.pp.0.cpp:50839:17: warning: Added loop label VITIS_LOOP_1163_5:   [xilinx-label-all-loops]
                for (int j = 10; j >= I_+4; j--) {
                ^~~
                VITIS_LOOP_1163_5: 
/home/ytq/codeField/Prediction_Model_Accelerator/CSIM/Concat_HLS/Concat_HLS/Concat_HLS.prj/sol/.autopilot/db/concat.pp.0.cpp:50839:17: note: FIX-IT applied suggested code changes
/home/ytq/codeField/Prediction_Model_Accelerator/CSIM/Concat_HLS/Concat_HLS/Concat_HLS.prj/sol/.autopilot/db/concat.pp.0.cpp:50843:17: warning: Added loop label VITIS_LOOP_1167_6:   [xilinx-label-all-loops]
                for (int j = I_+3; j >= 0; j--) {
                ^~~
                VITIS_LOOP_1167_6: 
/home/ytq/codeField/Prediction_Model_Accelerator/CSIM/Concat_HLS/Concat_HLS/Concat_HLS.prj/sol/.autopilot/db/concat.pp.0.cpp:50843:17: note: FIX-IT applied suggested code changes
/home/ytq/codeField/Prediction_Model_Accelerator/CSIM/Concat_HLS/Concat_HLS/Concat_HLS.prj/sol/.autopilot/db/concat.pp.0.cpp:50862:9: warning: Added loop label VITIS_LOOP_1186_7:   [xilinx-label-all-loops]
        for (int j = wf+3; j < w-1; j++) {
        ^~~
        VITIS_LOOP_1186_7: 
/home/ytq/codeField/Prediction_Model_Accelerator/CSIM/Concat_HLS/Concat_HLS/Concat_HLS.prj/sol/.autopilot/db/concat.pp.0.cpp:50862:9: note: FIX-IT applied suggested code changes
/home/ytq/codeField/Prediction_Model_Accelerator/CSIM/Concat_HLS/Concat_HLS/Concat_HLS.prj/sol/.autopilot/db/concat.pp.0.cpp:50869:17: warning: Added loop label VITIS_LOOP_1193_8:   [xilinx-label-all-loops]
                for (int j = 0; j < 22; j++) {
                ^~~
                VITIS_LOOP_1193_8: 
/home/ytq/codeField/Prediction_Model_Accelerator/CSIM/Concat_HLS/Concat_HLS/Concat_HLS.prj/sol/.autopilot/db/concat.pp.0.cpp:50869:17: note: FIX-IT applied suggested code changes
/home/ytq/codeField/Prediction_Model_Accelerator/CSIM/Concat_HLS/Concat_HLS/Concat_HLS.prj/sol/.autopilot/db/concat.pp.0.cpp:50985:13: warning: Added loop label VITIS_LOOP_1309_9:   [xilinx-label-all-loops]
            for (int j = 22; j >= I_+10; j--) {
            ^~~
            VITIS_LOOP_1309_9: 
/home/ytq/codeField/Prediction_Model_Accelerator/CSIM/Concat_HLS/Concat_HLS/Concat_HLS.prj/sol/.autopilot/db/concat.pp.0.cpp:50985:13: note: FIX-IT applied suggested code changes
/home/ytq/codeField/Prediction_Model_Accelerator/CSIM/Concat_HLS/Concat_HLS/Concat_HLS.prj/sol/.autopilot/db/concat.pp.0.cpp:50991:17: warning: Added loop label VITIS_LOOP_1315_10:   [xilinx-label-all-loops]
                for (int j = 22; j >= I_+10; j--){
                ^~~
                VITIS_LOOP_1315_10: 
/home/ytq/codeField/Prediction_Model_Accelerator/CSIM/Concat_HLS/Concat_HLS/Concat_HLS.prj/sol/.autopilot/db/concat.pp.0.cpp:50991:17: note: FIX-IT applied suggested code changes
/home/ytq/codeField/Prediction_Model_Accelerator/CSIM/Concat_HLS/Concat_HLS/Concat_HLS.prj/sol/.autopilot/db/concat.pp.0.cpp:50995:17: warning: Added loop label VITIS_LOOP_1319_11:   [xilinx-label-all-loops]
                for (int j = I_+9; j >= 0; j--) {
                ^~~
                VITIS_LOOP_1319_11: 
/home/ytq/codeField/Prediction_Model_Accelerator/CSIM/Concat_HLS/Concat_HLS/Concat_HLS.prj/sol/.autopilot/db/concat.pp.0.cpp:50995:17: note: FIX-IT applied suggested code changes
/home/ytq/codeField/Prediction_Model_Accelerator/CSIM/Concat_HLS/Concat_HLS/Concat_HLS.prj/sol/.autopilot/db/concat.pp.0.cpp:51015:9: warning: Added loop label VITIS_LOOP_1339_12:   [xilinx-label-all-loops]
        for (int j = wf+4; j < w-1; j++){
        ^~~
        VITIS_LOOP_1339_12: 
/home/ytq/codeField/Prediction_Model_Accelerator/CSIM/Concat_HLS/Concat_HLS/Concat_HLS.prj/sol/.autopilot/db/concat.pp.0.cpp:51015:9: note: FIX-IT applied suggested code changes
/home/ytq/codeField/Prediction_Model_Accelerator/CSIM/Concat_HLS/Concat_HLS/Concat_HLS.prj/sol/.autopilot/db/concat.pp.0.cpp:51022:17: warning: Added loop label VITIS_LOOP_1346_13:   [xilinx-label-all-loops]
                for (int j = 0; j < 46; j++) {
                ^~~
                VITIS_LOOP_1346_13: 
/home/ytq/codeField/Prediction_Model_Accelerator/CSIM/Concat_HLS/Concat_HLS/Concat_HLS.prj/sol/.autopilot/db/concat.pp.0.cpp:51022:17: note: FIX-IT applied suggested code changes
/home/ytq/codeField/Prediction_Model_Accelerator/CSIM/Concat_HLS/Concat_HLS/Concat_HLS.prj/sol/.autopilot/db/concat.pp.0.cpp:51284:13: warning: Added loop label VITIS_LOOP_1608_14:   [xilinx-label-all-loops]
            for (int j = 46; j >= I_+22; j--) {
            ^~~
            VITIS_LOOP_1608_14: 
/home/ytq/codeField/Prediction_Model_Accelerator/CSIM/Concat_HLS/Concat_HLS/Concat_HLS.prj/sol/.autopilot/db/concat.pp.0.cpp:51284:13: note: FIX-IT applied suggested code changes
/home/ytq/codeField/Prediction_Model_Accelerator/CSIM/Concat_HLS/Concat_HLS/Concat_HLS.prj/sol/.autopilot/db/concat.pp.0.cpp:51290:17: warning: Added loop label VITIS_LOOP_1614_15:   [xilinx-label-all-loops]
                for (int j = 46; j >= I_+22; j--) {
                ^~~
                VITIS_LOOP_1614_15: 
/home/ytq/codeField/Prediction_Model_Accelerator/CSIM/Concat_HLS/Concat_HLS/Concat_HLS.prj/sol/.autopilot/db/concat.pp.0.cpp:51290:17: note: FIX-IT applied suggested code changes
/home/ytq/codeField/Prediction_Model_Accelerator/CSIM/Concat_HLS/Concat_HLS/Concat_HLS.prj/sol/.autopilot/db/concat.pp.0.cpp:51294:17: warning: Added loop label VITIS_LOOP_1618_16:   [xilinx-label-all-loops]
                for (int j = I_+21; j >= 0; j--) {
                ^~~
                VITIS_LOOP_1618_16: 
/home/ytq/codeField/Prediction_Model_Accelerator/CSIM/Concat_HLS/Concat_HLS/Concat_HLS.prj/sol/.autopilot/db/concat.pp.0.cpp:51294:17: note: FIX-IT applied suggested code changes
/home/ytq/codeField/Prediction_Model_Accelerator/CSIM/Concat_HLS/Concat_HLS/Concat_HLS.prj/sol/.autopilot/db/concat.pp.0.cpp:51318:9: warning: Added loop label VITIS_LOOP_1642_17:   [xilinx-label-all-loops]
        for (int j = wf+5; j < w-1; j++){
        ^~~
        VITIS_LOOP_1642_17: 
/home/ytq/codeField/Prediction_Model_Accelerator/CSIM/Concat_HLS/Concat_HLS/Concat_HLS.prj/sol/.autopilot/db/concat.pp.0.cpp:51318:9: note: FIX-IT applied suggested code changes
/home/ytq/codeField/Prediction_Model_Accelerator/CSIM/Concat_HLS/Concat_HLS/Concat_HLS.prj/sol/.autopilot/db/concat.pp.0.cpp:51325:17: warning: Added loop label VITIS_LOOP_1649_18:   [xilinx-label-all-loops]
                for (int j = 0; j < 64; j++) {
                ^~~
                VITIS_LOOP_1649_18: 
/home/ytq/codeField/Prediction_Model_Accelerator/CSIM/Concat_HLS/Concat_HLS/Concat_HLS.prj/sol/.autopilot/db/concat.pp.0.cpp:51325:17: note: FIX-IT applied suggested code changes
/home/ytq/codeField/Prediction_Model_Accelerator/CSIM/Concat_HLS/Concat_HLS/Concat_HLS.prj/sol/.autopilot/db/concat.pp.0.cpp:51755:13: warning: Added loop label VITIS_LOOP_2079_19:   [xilinx-label-all-loops]
            for (int j = 64; j >= I_+31; j--) {
            ^~~
            VITIS_LOOP_2079_19: 
/home/ytq/codeField/Prediction_Model_Accelerator/CSIM/Concat_HLS/Concat_HLS/Concat_HLS.prj/sol/.autopilot/db/concat.pp.0.cpp:51755:13: note: FIX-IT applied suggested code changes
/home/ytq/codeField/Prediction_Model_Accelerator/CSIM/Concat_HLS/Concat_HLS/Concat_HLS.prj/sol/.autopilot/db/concat.pp.0.cpp:51761:17: warning: Added loop label VITIS_LOOP_2085_20:   [xilinx-label-all-loops]
                for (int j = 64; j >= I_+31; j--) {
                ^~~
                VITIS_LOOP_2085_20: 
/home/ytq/codeField/Prediction_Model_Accelerator/CSIM/Concat_HLS/Concat_HLS/Concat_HLS.prj/sol/.autopilot/db/concat.pp.0.cpp:51761:17: note: FIX-IT applied suggested code changes
/home/ytq/codeField/Prediction_Model_Accelerator/CSIM/Concat_HLS/Concat_HLS/Concat_HLS.prj/sol/.autopilot/db/concat.pp.0.cpp:51765:17: warning: Added loop label VITIS_LOOP_2089_21:   [xilinx-label-all-loops]
                for (int j = I_+30; j >= 0; j--) {
                ^~~
                VITIS_LOOP_2089_21: 
/home/ytq/codeField/Prediction_Model_Accelerator/CSIM/Concat_HLS/Concat_HLS/Concat_HLS.prj/sol/.autopilot/db/concat.pp.0.cpp:51765:17: note: FIX-IT applied suggested code changes
/home/ytq/codeField/Prediction_Model_Accelerator/CSIM/Concat_HLS/Concat_HLS/Concat_HLS.prj/sol/.autopilot/db/concat.pp.0.cpp:51895:13: warning: Added loop label VITIS_LOOP_2219_1:   [xilinx-label-all-loops]
            for(int j=3; j>=I+1; j--) {
            ^~~
            VITIS_LOOP_2219_1: 
/home/ytq/codeField/Prediction_Model_Accelerator/CSIM/Concat_HLS/Concat_HLS/Concat_HLS.prj/sol/.autopilot/db/concat.pp.0.cpp:51895:13: note: FIX-IT applied suggested code changes
/home/ytq/codeField/Prediction_Model_Accelerator/CSIM/Concat_HLS/Concat_HLS/Concat_HLS.prj/sol/.autopilot/db/concat.pp.0.cpp:51902:17: warning: Added loop label VITIS_LOOP_2226_2:   [xilinx-label-all-loops]
                for(int j=3; j>=I+1; j--) {
                ^~~
                VITIS_LOOP_2226_2: 
/home/ytq/codeField/Prediction_Model_Accelerator/CSIM/Concat_HLS/Concat_HLS/Concat_HLS.prj/sol/.autopilot/db/concat.pp.0.cpp:51902:17: note: FIX-IT applied suggested code changes
/home/ytq/codeField/Prediction_Model_Accelerator/CSIM/Concat_HLS/Concat_HLS/Concat_HLS.prj/sol/.autopilot/db/concat.pp.0.cpp:51906:17: warning: Added loop label VITIS_LOOP_2230_3:   [xilinx-label-all-loops]
                for(int j=I; j>=0; j--) {
                ^~~
                VITIS_LOOP_2230_3: 
/home/ytq/codeField/Prediction_Model_Accelerator/CSIM/Concat_HLS/Concat_HLS/Concat_HLS.prj/sol/.autopilot/db/concat.pp.0.cpp:51906:17: note: FIX-IT applied suggested code changes
/home/ytq/codeField/Prediction_Model_Accelerator/CSIM/Concat_HLS/Concat_HLS/Concat_HLS.prj/sol/.autopilot/db/concat.pp.0.cpp:51953:13: warning: Added loop label VITIS_LOOP_2277_4:   [xilinx-label-all-loops]
            for(int j=7; j>=3+I; j--) {
            ^~~
            VITIS_LOOP_2277_4: 
/home/ytq/codeField/Prediction_Model_Accelerator/CSIM/Concat_HLS/Concat_HLS/Concat_HLS.prj/sol/.autopilot/db/concat.pp.0.cpp:51953:13: note: FIX-IT applied suggested code changes
/home/ytq/codeField/Prediction_Model_Accelerator/CSIM/Concat_HLS/Concat_HLS/Concat_HLS.prj/sol/.autopilot/db/concat.pp.0.cpp:51960:17: warning: Added loop label VITIS_LOOP_2284_5:   [xilinx-label-all-loops]
                for(int j=7; j>=3+I; j--) {
                ^~~
                VITIS_LOOP_2284_5: 
/home/ytq/codeField/Prediction_Model_Accelerator/CSIM/Concat_HLS/Concat_HLS/Concat_HLS.prj/sol/.autopilot/db/concat.pp.0.cpp:51960:17: note: FIX-IT applied suggested code changes
/home/ytq/codeField/Prediction_Model_Accelerator/CSIM/Concat_HLS/Concat_HLS/Concat_HLS.prj/sol/.autopilot/db/concat.pp.0.cpp:51964:17: warning: Added loop label VITIS_LOOP_2288_6:   [xilinx-label-all-loops]
                for(int j=I+2; j>=0; j--) {
                ^~~
                VITIS_LOOP_2288_6: 
/home/ytq/codeField/Prediction_Model_Accelerator/CSIM/Concat_HLS/Concat_HLS/Concat_HLS.prj/sol/.autopilot/db/concat.pp.0.cpp:51964:17: note: FIX-IT applied suggested code changes
/home/ytq/codeField/Prediction_Model_Accelerator/CSIM/Concat_HLS/Concat_HLS/Concat_HLS.prj/sol/.autopilot/db/concat.pp.0.cpp:51982:9: warning: Added loop label VITIS_LOOP_2306_7:   [xilinx-label-all-loops]
        for(int j=11; j<16; j++) {
        ^~~
        VITIS_LOOP_2306_7: 
/home/ytq/codeField/Prediction_Model_Accelerator/CSIM/Concat_HLS/Concat_HLS/Concat_HLS.prj/sol/.autopilot/db/concat.pp.0.cpp:51982:9: note: FIX-IT applied suggested code changes
/home/ytq/codeField/Prediction_Model_Accelerator/CSIM/Concat_HLS/Concat_HLS/Concat_HLS.prj/sol/.autopilot/db/concat.pp.0.cpp:52037:13: warning: Added loop label VITIS_LOOP_2361_8:   [xilinx-label-all-loops]
            for(int j=15; j>=7+I; j--) {
            ^~~
            VITIS_LOOP_2361_8: 
/home/ytq/codeField/Prediction_Model_Accelerator/CSIM/Concat_HLS/Concat_HLS/Concat_HLS.prj/sol/.autopilot/db/concat.pp.0.cpp:52037:13: note: FIX-IT applied suggested code changes
/home/ytq/codeField/Prediction_Model_Accelerator/CSIM/Concat_HLS/Concat_HLS/Concat_HLS.prj/sol/.autopilot/db/concat.pp.0.cpp:52044:17: warning: Added loop label VITIS_LOOP_2368_9:   [xilinx-label-all-loops]
                for(int j=15; j>=7+I; j--) {
                ^~~
                VITIS_LOOP_2368_9: 
/home/ytq/codeField/Prediction_Model_Accelerator/CSIM/Concat_HLS/Concat_HLS/Concat_HLS.prj/sol/.autopilot/db/concat.pp.0.cpp:52044:17: note: FIX-IT applied suggested code changes
/home/ytq/codeField/Prediction_Model_Accelerator/CSIM/Concat_HLS/Concat_HLS/Concat_HLS.prj/sol/.autopilot/db/concat.pp.0.cpp:52048:17: warning: Added loop label VITIS_LOOP_2372_10:   [xilinx-label-all-loops]
                for(int j=6+I; j>=0; j--) {
                ^~~
                VITIS_LOOP_2372_10: 
/home/ytq/codeField/Prediction_Model_Accelerator/CSIM/Concat_HLS/Concat_HLS/Concat_HLS.prj/sol/.autopilot/db/concat.pp.0.cpp:52048:17: note: FIX-IT applied suggested code changes
/home/ytq/codeField/Prediction_Model_Accelerator/CSIM/Concat_HLS/Concat_HLS/Concat_HLS.prj/sol/.autopilot/db/concat.pp.0.cpp:52066:9: warning: Added loop label VITIS_LOOP_2390_11:   [xilinx-label-all-loops]
        for(int j=20; j<32; j++) {
        ^~~
        VITIS_LOOP_2390_11: 
/home/ytq/codeField/Prediction_Model_Accelerator/CSIM/Concat_HLS/Concat_HLS/Concat_HLS.prj/sol/.autopilot/db/concat.pp.0.cpp:52066:9: note: FIX-IT applied suggested code changes
/home/ytq/codeField/Prediction_Model_Accelerator/CSIM/Concat_HLS/Concat_HLS/Concat_HLS.prj/sol/.autopilot/db/concat.pp.0.cpp:52155:13: warning: Added loop label VITIS_LOOP_2479_12:   [xilinx-label-all-loops]
            for(int j=31; j>=I+15; j--) {
            ^~~
            VITIS_LOOP_2479_12: 
/home/ytq/codeField/Prediction_Model_Accelerator/CSIM/Concat_HLS/Concat_HLS/Concat_HLS.prj/sol/.autopilot/db/concat.pp.0.cpp:52155:13: note: FIX-IT applied suggested code changes
/home/ytq/codeField/Prediction_Model_Accelerator/CSIM/Concat_HLS/Concat_HLS/Concat_HLS.prj/sol/.autopilot/db/concat.pp.0.cpp:52162:17: warning: Added loop label VITIS_LOOP_2486_13:   [xilinx-label-all-loops]
                for(int j=31; j>=I+15; j--) {
                ^~~
                VITIS_LOOP_2486_13: 
/home/ytq/codeField/Prediction_Model_Accelerator/CSIM/Concat_HLS/Concat_HLS/Concat_HLS.prj/sol/.autopilot/db/concat.pp.0.cpp:52162:17: note: FIX-IT applied suggested code changes
/home/ytq/codeField/Prediction_Model_Accelerator/CSIM/Concat_HLS/Concat_HLS/Concat_HLS.prj/sol/.autopilot/db/concat.pp.0.cpp:52166:17: warning: Added loop label VITIS_LOOP_2490_14:   [xilinx-label-all-loops]
                for(int j=I+14; j>=0; j--) {
                ^~~
                VITIS_LOOP_2490_14: 
/home/ytq/codeField/Prediction_Model_Accelerator/CSIM/Concat_HLS/Concat_HLS/Concat_HLS.prj/sol/.autopilot/db/concat.pp.0.cpp:52166:17: note: FIX-IT applied suggested code changes
/home/ytq/codeField/Prediction_Model_Accelerator/CSIM/Concat_HLS/Concat_HLS/Concat_HLS.prj/sol/.autopilot/db/concat.pp.0.cpp:52176:9: warning: Added loop label VITIS_LOOP_2500_15:   [xilinx-label-all-loops]
        for(int j=32-F; j<32+I; j++) {
        ^~~
        VITIS_LOOP_2500_15: 
/home/ytq/codeField/Prediction_Model_Accelerator/CSIM/Concat_HLS/Concat_HLS/Concat_HLS.prj/sol/.autopilot/db/concat.pp.0.cpp:52176:9: note: FIX-IT applied suggested code changes
/home/ytq/codeField/Prediction_Model_Accelerator/CSIM/Concat_HLS/Concat_HLS/Concat_HLS.prj/sol/.autopilot/db/concat.pp.0.cpp:52180:9: warning: Added loop label VITIS_LOOP_2504_16:   [xilinx-label-all-loops]
        for(int j=32+I; j<=64; j++) {
        ^~~
        VITIS_LOOP_2504_16: 
/home/ytq/codeField/Prediction_Model_Accelerator/CSIM/Concat_HLS/Concat_HLS/Concat_HLS.prj/sol/.autopilot/db/concat.pp.0.cpp:52180:9: note: FIX-IT applied suggested code changes
/home/ytq/codeField/Prediction_Model_Accelerator/CSIM/Concat_HLS/Concat_HLS/Concat_HLS.prj/sol/.autopilot/db/concat.pp.0.cpp:52191:9: warning: Added loop label VITIS_LOOP_2515_17:   [xilinx-label-all-loops]
        for(int j=37; j<64; j++) {
        ^~~
        VITIS_LOOP_2515_17: 
/home/ytq/codeField/Prediction_Model_Accelerator/CSIM/Concat_HLS/Concat_HLS/Concat_HLS.prj/sol/.autopilot/db/concat.pp.0.cpp:52191:9: note: FIX-IT applied suggested code changes
/home/ytq/codeField/Prediction_Model_Accelerator/CSIM/Concat_HLS/Concat_HLS/Concat_HLS.prj/sol/.autopilot/db/concat.pp.0.cpp:52199:17: warning: Added loop label VITIS_LOOP_2523_18:   [xilinx-label-all-loops]
                for(int j=0; j<64; j++) {
                ^~~
                VITIS_LOOP_2523_18: 
/home/ytq/codeField/Prediction_Model_Accelerator/CSIM/Concat_HLS/Concat_HLS/Concat_HLS.prj/sol/.autopilot/db/concat.pp.0.cpp:52199:17: note: FIX-IT applied suggested code changes
/home/ytq/codeField/Prediction_Model_Accelerator/CSIM/Concat_HLS/Concat_HLS/Concat_HLS.prj/sol/.autopilot/db/concat.pp.0.cpp:52524:13: warning: Added loop label VITIS_LOOP_2848_19:   [xilinx-label-all-loops]
            for(int j=63; j>=I+31; j--) {
            ^~~
            VITIS_LOOP_2848_19: 
/home/ytq/codeField/Prediction_Model_Accelerator/CSIM/Concat_HLS/Concat_HLS/Concat_HLS.prj/sol/.autopilot/db/concat.pp.0.cpp:52524:13: note: FIX-IT applied suggested code changes
/home/ytq/codeField/Prediction_Model_Accelerator/CSIM/Concat_HLS/Concat_HLS/Concat_HLS.prj/sol/.autopilot/db/concat.pp.0.cpp:52531:17: warning: Added loop label VITIS_LOOP_2855_20:   [xilinx-label-all-loops]
                for(int j=63; j>=I+31; j--) {
                ^~~
                VITIS_LOOP_2855_20: 
/home/ytq/codeField/Prediction_Model_Accelerator/CSIM/Concat_HLS/Concat_HLS/Concat_HLS.prj/sol/.autopilot/db/concat.pp.0.cpp:52531:17: note: FIX-IT applied suggested code changes
/home/ytq/codeField/Prediction_Model_Accelerator/CSIM/Concat_HLS/Concat_HLS/Concat_HLS.prj/sol/.autopilot/db/concat.pp.0.cpp:52535:17: warning: Added loop label VITIS_LOOP_2859_21:   [xilinx-label-all-loops]
                for(int j=I+30; j>=0; j--) {
                ^~~
                VITIS_LOOP_2859_21: 
/home/ytq/codeField/Prediction_Model_Accelerator/CSIM/Concat_HLS/Concat_HLS/Concat_HLS.prj/sol/.autopilot/db/concat.pp.0.cpp:52535:17: note: FIX-IT applied suggested code changes
/home/ytq/codeField/Prediction_Model_Accelerator/CSIM/Concat_HLS/Concat_HLS/Concat_HLS.prj/sol/.autopilot/db/concat.pp.0.cpp:52623:4: warning: Added loop label VITIS_LOOP_2947_1:   [xilinx-label-all-loops]
   for(int j = 5; j>=I_+2; j--) {
   ^~~
   VITIS_LOOP_2947_1: 
/home/ytq/codeField/Prediction_Model_Accelerator/CSIM/Concat_HLS/Concat_HLS/Concat_HLS.prj/sol/.autopilot/db/concat.pp.0.cpp:52623:4: note: FIX-IT applied suggested code changes
/home/ytq/codeField/Prediction_Model_Accelerator/CSIM/Concat_HLS/Concat_HLS/Concat_HLS.prj/sol/.autopilot/db/concat.pp.0.cpp:52630:5: warning: Added loop label VITIS_LOOP_2954_2:   [xilinx-label-all-loops]
    for(int j = 5; j>=I_+2; j--) {
    ^~~
    VITIS_LOOP_2954_2: 
/home/ytq/codeField/Prediction_Model_Accelerator/CSIM/Concat_HLS/Concat_HLS/Concat_HLS.prj/sol/.autopilot/db/concat.pp.0.cpp:52630:5: note: FIX-IT applied suggested code changes
/home/ytq/codeField/Prediction_Model_Accelerator/CSIM/Concat_HLS/Concat_HLS/Concat_HLS.prj/sol/.autopilot/db/concat.pp.0.cpp:52634:5: warning: Added loop label VITIS_LOOP_2958_3:   [xilinx-label-all-loops]
    for(int j = I_+1; j>=0; j--) {
    ^~~
    VITIS_LOOP_2958_3: 
/home/ytq/codeField/Prediction_Model_Accelerator/CSIM/Concat_HLS/Concat_HLS/Concat_HLS.prj/sol/.autopilot/db/concat.pp.0.cpp:52634:5: note: FIX-IT applied suggested code changes
/home/ytq/codeField/Prediction_Model_Accelerator/CSIM/Concat_HLS/Concat_HLS/Concat_HLS.prj/sol/.autopilot/db/concat.pp.0.cpp:52649:3: warning: Added loop label VITIS_LOOP_2973_4:   [xilinx-label-all-loops]
  for(int j = 11; j >=7; j--) {
  ^~~
  VITIS_LOOP_2973_4: 
/home/ytq/codeField/Prediction_Model_Accelerator/CSIM/Concat_HLS/Concat_HLS/Concat_HLS.prj/sol/.autopilot/db/concat.pp.0.cpp:52649:3: note: FIX-IT applied suggested code changes
/home/ytq/codeField/Prediction_Model_Accelerator/CSIM/Concat_HLS/Concat_HLS/Concat_HLS.prj/sol/.autopilot/db/concat.pp.0.cpp:52681:4: warning: Added loop label VITIS_LOOP_3005_5:   [xilinx-label-all-loops]
   for(int j = 11; j >= I_+5; j--) {
   ^~~
   VITIS_LOOP_3005_5: 
/home/ytq/codeField/Prediction_Model_Accelerator/CSIM/Concat_HLS/Concat_HLS/Concat_HLS.prj/sol/.autopilot/db/concat.pp.0.cpp:52681:4: note: FIX-IT applied suggested code changes
/home/ytq/codeField/Prediction_Model_Accelerator/CSIM/Concat_HLS/Concat_HLS/Concat_HLS.prj/sol/.autopilot/db/concat.pp.0.cpp:52688:5: warning: Added loop label VITIS_LOOP_3012_6:   [xilinx-label-all-loops]
    for(int j = 11; j>= I_+5; j--) {
    ^~~
    VITIS_LOOP_3012_6: 
/home/ytq/codeField/Prediction_Model_Accelerator/CSIM/Concat_HLS/Concat_HLS/Concat_HLS.prj/sol/.autopilot/db/concat.pp.0.cpp:52688:5: note: FIX-IT applied suggested code changes
/home/ytq/codeField/Prediction_Model_Accelerator/CSIM/Concat_HLS/Concat_HLS/Concat_HLS.prj/sol/.autopilot/db/concat.pp.0.cpp:52692:5: warning: Added loop label VITIS_LOOP_3016_7:   [xilinx-label-all-loops]
    for(int j = I_+4; j>=0; j--) {
    ^~~
    VITIS_LOOP_3016_7: 
/home/ytq/codeField/Prediction_Model_Accelerator/CSIM/Concat_HLS/Concat_HLS/Concat_HLS.prj/sol/.autopilot/db/concat.pp.0.cpp:52692:5: note: FIX-IT applied suggested code changes
/home/ytq/codeField/Prediction_Model_Accelerator/CSIM/Concat_HLS/Concat_HLS/Concat_HLS.prj/sol/.autopilot/db/concat.pp.0.cpp:52707:3: warning: Added loop label VITIS_LOOP_3031_8:   [xilinx-label-all-loops]
  for(int j = 25; j>=15; j--) {
  ^~~
  VITIS_LOOP_3031_8: 
/home/ytq/codeField/Prediction_Model_Accelerator/CSIM/Concat_HLS/Concat_HLS/Concat_HLS.prj/sol/.autopilot/db/concat.pp.0.cpp:52707:3: note: FIX-IT applied suggested code changes
/home/ytq/codeField/Prediction_Model_Accelerator/CSIM/Concat_HLS/Concat_HLS/Concat_HLS.prj/sol/.autopilot/db/concat.pp.0.cpp:52757:4: warning: Added loop label VITIS_LOOP_3081_9:   [xilinx-label-all-loops]
   for(int j = 25; j>= I_+12; j--) {
   ^~~
   VITIS_LOOP_3081_9: 
/home/ytq/codeField/Prediction_Model_Accelerator/CSIM/Concat_HLS/Concat_HLS/Concat_HLS.prj/sol/.autopilot/db/concat.pp.0.cpp:52757:4: note: FIX-IT applied suggested code changes
/home/ytq/codeField/Prediction_Model_Accelerator/CSIM/Concat_HLS/Concat_HLS/Concat_HLS.prj/sol/.autopilot/db/concat.pp.0.cpp:52764:5: warning: Added loop label VITIS_LOOP_3088_10:   [xilinx-label-all-loops]
    for(int j = 25; j>=I_+12; j--) {
    ^~~
    VITIS_LOOP_3088_10: 
/home/ytq/codeField/Prediction_Model_Accelerator/CSIM/Concat_HLS/Concat_HLS/Concat_HLS.prj/sol/.autopilot/db/concat.pp.0.cpp:52764:5: note: FIX-IT applied suggested code changes
/home/ytq/codeField/Prediction_Model_Accelerator/CSIM/Concat_HLS/Concat_HLS/Concat_HLS.prj/sol/.autopilot/db/concat.pp.0.cpp:52768:5: warning: Added loop label VITIS_LOOP_3092_11:   [xilinx-label-all-loops]
    for(int j = I_+11; j>=0; j--) {
    ^~~
    VITIS_LOOP_3092_11: 
/home/ytq/codeField/Prediction_Model_Accelerator/CSIM/Concat_HLS/Concat_HLS/Concat_HLS.prj/sol/.autopilot/db/concat.pp.0.cpp:52768:5: note: FIX-IT applied suggested code changes
/home/ytq/codeField/Prediction_Model_Accelerator/CSIM/Concat_HLS/Concat_HLS/Concat_HLS.prj/sol/.autopilot/db/concat.pp.0.cpp:52783:3: warning: Added loop label VITIS_LOOP_3107_12:   [xilinx-label-all-loops]
  for(int j = 51; j >= 29; j--) {
  ^~~
  VITIS_LOOP_3107_12: 
/home/ytq/codeField/Prediction_Model_Accelerator/CSIM/Concat_HLS/Concat_HLS/Concat_HLS.prj/sol/.autopilot/db/concat.pp.0.cpp:52783:3: note: FIX-IT applied suggested code changes
/home/ytq/codeField/Prediction_Model_Accelerator/CSIM/Concat_HLS/Concat_HLS/Concat_HLS.prj/sol/.autopilot/db/concat.pp.0.cpp:52920:4: warning: Added loop label VITIS_LOOP_3244_13:   [xilinx-label-all-loops]
   for(int j = 51; j >= 25 + I_; j--) {
   ^~~
   VITIS_LOOP_3244_13: 
/home/ytq/codeField/Prediction_Model_Accelerator/CSIM/Concat_HLS/Concat_HLS/Concat_HLS.prj/sol/.autopilot/db/concat.pp.0.cpp:52920:4: note: FIX-IT applied suggested code changes
/home/ytq/codeField/Prediction_Model_Accelerator/CSIM/Concat_HLS/Concat_HLS/Concat_HLS.prj/sol/.autopilot/db/concat.pp.0.cpp:52927:5: warning: Added loop label VITIS_LOOP_3251_14:   [xilinx-label-all-loops]
    for(int j = 51; j>=25 + I_; j--) {
    ^~~
    VITIS_LOOP_3251_14: 
/home/ytq/codeField/Prediction_Model_Accelerator/CSIM/Concat_HLS/Concat_HLS/Concat_HLS.prj/sol/.autopilot/db/concat.pp.0.cpp:52927:5: note: FIX-IT applied suggested code changes
/home/ytq/codeField/Prediction_Model_Accelerator/CSIM/Concat_HLS/Concat_HLS/Concat_HLS.prj/sol/.autopilot/db/concat.pp.0.cpp:52931:5: warning: Added loop label VITIS_LOOP_3255_15:   [xilinx-label-all-loops]
    for(int j = 24 + I_; j >= 0; j--) {
    ^~~
    VITIS_LOOP_3255_15: 
/home/ytq/codeField/Prediction_Model_Accelerator/CSIM/Concat_HLS/Concat_HLS/Concat_HLS.prj/sol/.autopilot/db/concat.pp.0.cpp:52931:5: note: FIX-IT applied suggested code changes
/home/ytq/codeField/Prediction_Model_Accelerator/CSIM/Concat_HLS/Concat_HLS/Concat_HLS.prj/sol/.autopilot/db/concat.pp.0.cpp:52946:3: warning: Added loop label VITIS_LOOP_3270_16:   [xilinx-label-all-loops]
  for(int j = 63; j >= 36; j--) {
  ^~~
  VITIS_LOOP_3270_16: 
/home/ytq/codeField/Prediction_Model_Accelerator/CSIM/Concat_HLS/Concat_HLS/Concat_HLS.prj/sol/.autopilot/db/concat.pp.0.cpp:52946:3: note: FIX-IT applied suggested code changes
/home/ytq/codeField/Prediction_Model_Accelerator/CSIM/Concat_HLS/Concat_HLS/Concat_HLS.prj/sol/.autopilot/db/concat.pp.0.cpp:53106:4: warning: Added loop label VITIS_LOOP_3430_17:   [xilinx-label-all-loops]
   for(int j = 63; j >= 31 + I_; j--) {
   ^~~
   VITIS_LOOP_3430_17: 
/home/ytq/codeField/Prediction_Model_Accelerator/CSIM/Concat_HLS/Concat_HLS/Concat_HLS.prj/sol/.autopilot/db/concat.pp.0.cpp:53106:4: note: FIX-IT applied suggested code changes
/home/ytq/codeField/Prediction_Model_Accelerator/CSIM/Concat_HLS/Concat_HLS/Concat_HLS.prj/sol/.autopilot/db/concat.pp.0.cpp:53113:5: warning: Added loop label VITIS_LOOP_3437_18:   [xilinx-label-all-loops]
    for(int j = 63; j >= 31 + I_; j--) {
    ^~~
    VITIS_LOOP_3437_18: 
/home/ytq/codeField/Prediction_Model_Accelerator/CSIM/Concat_HLS/Concat_HLS/Concat_HLS.prj/sol/.autopilot/db/concat.pp.0.cpp:53113:5: note: FIX-IT applied suggested code changes
/home/ytq/codeField/Prediction_Model_Accelerator/CSIM/Concat_HLS/Concat_HLS/Concat_HLS.prj/sol/.autopilot/db/concat.pp.0.cpp:53117:5: warning: Added loop label VITIS_LOOP_3441_19:   [xilinx-label-all-loops]
    for(int j = 30 + I_; j >= 0; j--) {
    ^~~
    VITIS_LOOP_3441_19: 
/home/ytq/codeField/Prediction_Model_Accelerator/CSIM/Concat_HLS/Concat_HLS/Concat_HLS.prj/sol/.autopilot/db/concat.pp.0.cpp:53117:5: note: FIX-IT applied suggested code changes
/home/ytq/codeField/Prediction_Model_Accelerator/CSIM/Concat_HLS/Concat_HLS/Concat_HLS.prj/sol/.autopilot/db/concat.pp.0.cpp:53832:13: warning: Added loop label VITIS_LOOP_729_1:   [xilinx-label-all-loops]
            for (b_exp = I_-1; b_exp >= -F_; b_exp--) {
            ^~~
            VITIS_LOOP_729_1: 
/home/ytq/codeField/Prediction_Model_Accelerator/CSIM/Concat_HLS/Concat_HLS/Concat_HLS.prj/sol/.autopilot/db/concat.pp.0.cpp:53832:13: note: FIX-IT applied suggested code changes
/home/ytq/codeField/Prediction_Model_Accelerator/CSIM/Concat_HLS/Concat_HLS/Concat_HLS.prj/sol/.autopilot/db/concat.pp.0.cpp:54050:13: warning: Added loop label VITIS_LOOP_947_1:   [xilinx-label-all-loops]
            for (b_exp = I_-1; b_exp >= -F_; b_exp--) {
            ^~~
            VITIS_LOOP_947_1: 
/home/ytq/codeField/Prediction_Model_Accelerator/CSIM/Concat_HLS/Concat_HLS/Concat_HLS.prj/sol/.autopilot/db/concat.pp.0.cpp:54050:13: note: FIX-IT applied suggested code changes
/home/ytq/codeField/Prediction_Model_Accelerator/CSIM/Concat_HLS/Concat_HLS/Concat_HLS.prj/sol/.autopilot/db/concat.pp.0.cpp:54467:13: warning: Added loop label VITIS_LOOP_1371_1:   [xilinx-label-all-loops]
            for (b_exp = I_-1; b_exp >= -F_; b_exp--) {
            ^~~
            VITIS_LOOP_1371_1: 
/home/ytq/codeField/Prediction_Model_Accelerator/CSIM/Concat_HLS/Concat_HLS/Concat_HLS.prj/sol/.autopilot/db/concat.pp.0.cpp:54467:13: note: FIX-IT applied suggested code changes
/home/ytq/codeField/Prediction_Model_Accelerator/CSIM/Concat_HLS/Concat_HLS/Concat_HLS.prj/sol/.autopilot/db/concat.pp.0.cpp:54781:9: warning: Added loop label VITIS_LOOP_266_1:   [xilinx-label-all-loops]
        for ( int pos = msbr-1; pos >= 0; pos-- ) {
        ^~~
        VITIS_LOOP_266_1: 
/home/ytq/codeField/Prediction_Model_Accelerator/CSIM/Concat_HLS/Concat_HLS/Concat_HLS.prj/sol/.autopilot/db/concat.pp.0.cpp:54781:9: note: FIX-IT applied suggested code changes
/home/ytq/codeField/Prediction_Model_Accelerator/CSIM/Concat_HLS/Concat_HLS/Concat_HLS.prj/sol/.autopilot/db/concat.pp.0.cpp:54809:9: warning: Added loop label VITIS_LOOP_294_2:   [xilinx-label-all-loops]
        for ( int pos = -1; pos >= -F_-1; pos-- ) {
        ^~~
        VITIS_LOOP_294_2: 
/home/ytq/codeField/Prediction_Model_Accelerator/CSIM/Concat_HLS/Concat_HLS/Concat_HLS.prj/sol/.autopilot/db/concat.pp.0.cpp:54809:9: note: FIX-IT applied suggested code changes
/home/ytq/codeField/Prediction_Model_Accelerator/CSIM/Concat_HLS/Concat_HLS/Concat_HLS.prj/sol/.autopilot/db/concat.pp.0.cpp:55504:13: warning: Added loop label VITIS_LOOP_74_1:   [xilinx-label-all-loops]
            for (int j = 0; j < W_-1; j++){
            ^~~
            VITIS_LOOP_74_1: 
/home/ytq/codeField/Prediction_Model_Accelerator/CSIM/Concat_HLS/Concat_HLS/Concat_HLS.prj/sol/.autopilot/db/concat.pp.0.cpp:55504:13: note: FIX-IT applied suggested code changes
/home/ytq/codeField/Prediction_Model_Accelerator/CSIM/Concat_HLS/Concat_HLS/Concat_HLS.prj/sol/.autopilot/db/concat.pp.0.cpp:55557:5: warning: Added loop label VITIS_LOOP_135_2:   [xilinx-label-all-loops]
    for (int j = F_l+F_+I_m-1; j < F_l+W_+5; j++){
    ^~~
    VITIS_LOOP_135_2: 
/home/ytq/codeField/Prediction_Model_Accelerator/CSIM/Concat_HLS/Concat_HLS/Concat_HLS.prj/sol/.autopilot/db/concat.pp.0.cpp:55557:5: note: FIX-IT applied suggested code changes
/home/ytq/codeField/Prediction_Model_Accelerator/CSIM/Concat_HLS/Concat_HLS/Concat_HLS.prj/sol/.autopilot/db/concat.pp.0.cpp:55571:13: warning: Added loop label VITIS_LOOP_149_3:   [xilinx-label-all-loops]
            for (int j = WO_m-1; j >= W_-1; j--) {
            ^~~
            VITIS_LOOP_149_3: 
/home/ytq/codeField/Prediction_Model_Accelerator/CSIM/Concat_HLS/Concat_HLS/Concat_HLS.prj/sol/.autopilot/db/concat.pp.0.cpp:55571:13: note: FIX-IT applied suggested code changes
/home/ytq/codeField/Prediction_Model_Accelerator/CSIM/Concat_HLS/Concat_HLS/Concat_HLS.prj/sol/.autopilot/db/concat.pp.0.cpp:55601:13: warning: Added loop label VITIS_LOOP_179_4:   [xilinx-label-all-loops]
            for (int j = W_-2; j >= 0; j--){
            ^~~
            VITIS_LOOP_179_4: 
/home/ytq/codeField/Prediction_Model_Accelerator/CSIM/Concat_HLS/Concat_HLS/Concat_HLS.prj/sol/.autopilot/db/concat.pp.0.cpp:55601:13: note: FIX-IT applied suggested code changes
/home/ytq/codeField/Prediction_Model_Accelerator/CSIM/Concat_HLS/Concat_HLS/Concat_HLS.prj/sol/.autopilot/db/concat.pp.0.cpp:55686:12: warning: Added loop label VITIS_LOOP_307_1:   [xilinx-label-all-loops]
           for(int i = wf_log+we_log-2; i > WI_e - 2; --i) {
           ^~~
           VITIS_LOOP_307_1: 
/home/ytq/codeField/Prediction_Model_Accelerator/CSIM/Concat_HLS/Concat_HLS/Concat_HLS.prj/sol/.autopilot/db/concat.pp.0.cpp:55686:12: note: FIX-IT applied suggested code changes
/home/ytq/codeField/Prediction_Model_Accelerator/CSIM/Concat_HLS/Concat_HLS/Concat_HLS.prj/sol/.autopilot/db/concat.pp.0.cpp:55706:16: warning: Added loop label VITIS_LOOP_327_2:   [xilinx-label-all-loops]
               for (int j = WO_e-1; j >= W_-1; j--) {
               ^~~
               VITIS_LOOP_327_2: 
/home/ytq/codeField/Prediction_Model_Accelerator/CSIM/Concat_HLS/Concat_HLS/Concat_HLS.prj/sol/.autopilot/db/concat.pp.0.cpp:55706:16: note: FIX-IT applied suggested code changes
/home/ytq/codeField/Prediction_Model_Accelerator/CSIM/Concat_HLS/Concat_HLS/Concat_HLS.prj/sol/.autopilot/db/concat.pp.0.cpp:55720:20: warning: Added loop label VITIS_LOOP_341_3:   [xilinx-label-all-loops]
                   for(int i = 0; i < W_-1; ++i) {
                   ^~~
                   VITIS_LOOP_341_3: 
/home/ytq/codeField/Prediction_Model_Accelerator/CSIM/Concat_HLS/Concat_HLS/Concat_HLS.prj/sol/.autopilot/db/concat.pp.0.cpp:55720:20: note: FIX-IT applied suggested code changes
/home/ytq/codeField/Prediction_Model_Accelerator/CSIM/Concat_HLS/Concat_HLS/Concat_HLS.prj/sol/.autopilot/db/concat.pp.0.cpp:55813:12: warning: Added loop label VITIS_LOOP_459_1:   [xilinx-label-all-loops]
           for (int j =WO_d-1; j >= W_-1; j--) {
           ^~~
           VITIS_LOOP_459_1: 
/home/ytq/codeField/Prediction_Model_Accelerator/CSIM/Concat_HLS/Concat_HLS/Concat_HLS.prj/sol/.autopilot/db/concat.pp.0.cpp:55813:12: note: FIX-IT applied suggested code changes
/home/ytq/codeField/Prediction_Model_Accelerator/CSIM/Concat_HLS/Concat_HLS/Concat_HLS.prj/sol/.autopilot/db/concat.pp.0.cpp:55827:15: warning: Added loop label VITIS_LOOP_473_2:   [xilinx-label-all-loops]
              for(int i = 0; i < W_-1; ++i) {
              ^~~
              VITIS_LOOP_473_2: 
/home/ytq/codeField/Prediction_Model_Accelerator/CSIM/Concat_HLS/Concat_HLS/Concat_HLS.prj/sol/.autopilot/db/concat.pp.0.cpp:55827:15: note: FIX-IT applied suggested code changes
/home/ytq/codeField/Prediction_Model_Accelerator/CSIM/Concat_HLS/Concat_HLS/Concat_HLS.prj/sol/.autopilot/db/concat.pp.0.cpp:55940:13: warning: Added loop label VITIS_LOOP_59_1:   [xilinx-label-all-loops]
            for (int i = 0; i < W_-1; i++){
            ^~~
            VITIS_LOOP_59_1: 
/home/ytq/codeField/Prediction_Model_Accelerator/CSIM/Concat_HLS/Concat_HLS/Concat_HLS.prj/sol/.autopilot/db/concat.pp.0.cpp:55940:13: note: FIX-IT applied suggested code changes
/home/ytq/codeField/Prediction_Model_Accelerator/CSIM/Concat_HLS/Concat_HLS/Concat_HLS.prj/sol/.autopilot/db/concat.pp.0.cpp:56064:13: warning: Added loop label VITIS_LOOP_209_1:   [xilinx-label-all-loops]
            for (int i = 0; i < W_-1; i++){
            ^~~
            VITIS_LOOP_209_1: 
/home/ytq/codeField/Prediction_Model_Accelerator/CSIM/Concat_HLS/Concat_HLS/Concat_HLS.prj/sol/.autopilot/db/concat.pp.0.cpp:56064:13: note: FIX-IT applied suggested code changes
/home/ytq/codeField/Prediction_Model_Accelerator/CSIM/Concat_HLS/Concat_HLS/Concat_HLS.prj/sol/.autopilot/db/concat.pp.0.cpp:56119:13: warning: Added loop label VITIS_LOOP_274_1:   [xilinx-label-all-loops]
            for (int i = 0; i < W_-1; i++){
            ^~~
            VITIS_LOOP_274_1: 
/home/ytq/codeField/Prediction_Model_Accelerator/CSIM/Concat_HLS/Concat_HLS/Concat_HLS.prj/sol/.autopilot/db/concat.pp.0.cpp:56119:13: note: FIX-IT applied suggested code changes
/home/ytq/codeField/Prediction_Model_Accelerator/CSIM/Concat_HLS/Concat_HLS/Concat_HLS.prj/sol/.autopilot/db/concat.pp.0.cpp:56624:2: warning: Added loop label VITIS_LOOP_42_1:   [xilinx-label-all-loops]
 for (int i=0; i<W_;i++)
 ^~~
 VITIS_LOOP_42_1: 
/home/ytq/codeField/Prediction_Model_Accelerator/CSIM/Concat_HLS/Concat_HLS/Concat_HLS.prj/sol/.autopilot/db/concat.pp.0.cpp:56624:2: note: FIX-IT applied suggested code changes
/home/ytq/codeField/Prediction_Model_Accelerator/CSIM/Concat_HLS/Concat_HLS/Concat_HLS.prj/sol/.autopilot/db/concat.pp.0.cpp:56635:2: warning: Added loop label VITIS_LOOP_53_1:   [xilinx-label-all-loops]
 for (int i=0; i<W_;i++)
 ^~~
 VITIS_LOOP_53_1: 
/home/ytq/codeField/Prediction_Model_Accelerator/CSIM/Concat_HLS/Concat_HLS/Concat_HLS.prj/sol/.autopilot/db/concat.pp.0.cpp:56635:2: note: FIX-IT applied suggested code changes
/home/ytq/codeField/Prediction_Model_Accelerator/CSIM/Concat_HLS/Concat_HLS/Concat_HLS.prj/sol/.autopilot/db/concat.pp.0.cpp:56646:2: warning: Added loop label VITIS_LOOP_64_1:   [xilinx-label-all-loops]
 for (int i=0; i<I_;i++)
 ^~~
 VITIS_LOOP_64_1: 
/home/ytq/codeField/Prediction_Model_Accelerator/CSIM/Concat_HLS/Concat_HLS/Concat_HLS.prj/sol/.autopilot/db/concat.pp.0.cpp:56646:2: note: FIX-IT applied suggested code changes
/home/ytq/codeField/Prediction_Model_Accelerator/CSIM/Concat_HLS/Concat_HLS/Concat_HLS.prj/sol/.autopilot/db/concat.pp.0.cpp:56657:2: warning: Added loop label VITIS_LOOP_75_1:   [xilinx-label-all-loops]
 for (int i=0; i<I_;i++)
 ^~~
 VITIS_LOOP_75_1: 
/home/ytq/codeField/Prediction_Model_Accelerator/CSIM/Concat_HLS/Concat_HLS/Concat_HLS.prj/sol/.autopilot/db/concat.pp.0.cpp:56657:2: note: FIX-IT applied suggested code changes
/home/ytq/codeField/Prediction_Model_Accelerator/CSIM/Concat_HLS/Concat_HLS/Concat_HLS.prj/sol/.autopilot/db/concat.pp.0.cpp:56668:2: warning: Added loop label VITIS_LOOP_86_1:   [xilinx-label-all-loops]
 for (int i=0; i<W_;i++)
 ^~~
 VITIS_LOOP_86_1: 
/home/ytq/codeField/Prediction_Model_Accelerator/CSIM/Concat_HLS/Concat_HLS/Concat_HLS.prj/sol/.autopilot/db/concat.pp.0.cpp:56668:2: note: FIX-IT applied suggested code changes
/home/ytq/codeField/Prediction_Model_Accelerator/CSIM/Concat_HLS/Concat_HLS/Concat_HLS.prj/sol/.autopilot/db/concat.pp.0.cpp:56679:2: warning: Added loop label VITIS_LOOP_97_1:   [xilinx-label-all-loops]
 for (int i=0; i<W_;i++)
 ^~~
 VITIS_LOOP_97_1: 
/home/ytq/codeField/Prediction_Model_Accelerator/CSIM/Concat_HLS/Concat_HLS/Concat_HLS.prj/sol/.autopilot/db/concat.pp.0.cpp:56679:2: note: FIX-IT applied suggested code changes
/home/ytq/codeField/Prediction_Model_Accelerator/CSIM/Concat_HLS/Concat_HLS/Concat_HLS.prj/sol/.autopilot/db/concat.pp.0.cpp:56690:2: warning: Added loop label VITIS_LOOP_108_1:   [xilinx-label-all-loops]
 for (int i=0; i<I_;i++)
 ^~~
 VITIS_LOOP_108_1: 
/home/ytq/codeField/Prediction_Model_Accelerator/CSIM/Concat_HLS/Concat_HLS/Concat_HLS.prj/sol/.autopilot/db/concat.pp.0.cpp:56690:2: note: FIX-IT applied suggested code changes
/home/ytq/codeField/Prediction_Model_Accelerator/CSIM/Concat_HLS/Concat_HLS/Concat_HLS.prj/sol/.autopilot/db/concat.pp.0.cpp:56701:2: warning: Added loop label VITIS_LOOP_119_1:   [xilinx-label-all-loops]
 for (int i=0; i<I_;i++)
 ^~~
 VITIS_LOOP_119_1: 
/home/ytq/codeField/Prediction_Model_Accelerator/CSIM/Concat_HLS/Concat_HLS/Concat_HLS.prj/sol/.autopilot/db/concat.pp.0.cpp:56701:2: note: FIX-IT applied suggested code changes
/home/ytq/codeField/Prediction_Model_Accelerator/CSIM/Concat_HLS/Concat_HLS/Concat_HLS.prj/sol/.autopilot/db/concat.pp.0.cpp:59002:12: warning: Added loop label VITIS_LOOP_23_1:   [xilinx-label-all-loops]
           for(int i = 0; i < W_-1; ++i) {
           ^~~
           VITIS_LOOP_23_1: 
/home/ytq/codeField/Prediction_Model_Accelerator/CSIM/Concat_HLS/Concat_HLS/Concat_HLS.prj/sol/.autopilot/db/concat.pp.0.cpp:59002:12: note: FIX-IT applied suggested code changes
/home/ytq/codeField/Prediction_Model_Accelerator/CSIM/Concat_HLS/Concat_HLS/Concat_HLS.prj/sol/.autopilot/db/concat.pp.0.cpp:59066:7: warning: Added loop label VITIS_LOOP_66_1:   [xilinx-label-all-loops]
      for(int pos = msbr - 1 ; pos >= -F-1; pos--) {
      ^~~
      VITIS_LOOP_66_1: 
/home/ytq/codeField/Prediction_Model_Accelerator/CSIM/Concat_HLS/Concat_HLS/Concat_HLS.prj/sol/.autopilot/db/concat.pp.0.cpp:59066:7: note: FIX-IT applied suggested code changes
/home/ytq/codeField/Prediction_Model_Accelerator/CSIM/Concat_HLS/Concat_HLS/Concat_HLS.prj/sol/.autopilot/db/concat.pp.0.cpp:59183:9: warning: Added loop label VITIS_LOOP_75_1:   [xilinx-label-all-loops]
        for(int pos = msbr - 1; pos >= 0; pos--) {
        ^~~
        VITIS_LOOP_75_1: 
/home/ytq/codeField/Prediction_Model_Accelerator/CSIM/Concat_HLS/Concat_HLS/Concat_HLS.prj/sol/.autopilot/db/concat.pp.0.cpp:59183:9: note: FIX-IT applied suggested code changes
/home/ytq/codeField/Prediction_Model_Accelerator/CSIM/Concat_HLS/Concat_HLS/Concat_HLS.prj/sol/.autopilot/db/concat.pp.0.cpp:59208:5: warning: Added loop label VITIS_LOOP_107_2:   [xilinx-label-all-loops]
    for(int pos = -1; pos >= -F-1; pos--) {
    ^~~
    VITIS_LOOP_107_2: 
/home/ytq/codeField/Prediction_Model_Accelerator/CSIM/Concat_HLS/Concat_HLS/Concat_HLS.prj/sol/.autopilot/db/concat.pp.0.cpp:59208:5: note: FIX-IT applied suggested code changes
/home/ytq/codeField/Prediction_Model_Accelerator/CSIM/Concat_HLS/Concat_HLS/Concat_HLS.prj/sol/.autopilot/db/concat.pp.0.cpp:59278:8: warning: Added loop label VITIS_LOOP_195_3:   [xilinx-label-all-loops]
       for(int i = 0; i < W - 1; ++i) {
       ^~~
       VITIS_LOOP_195_3: 
/home/ytq/codeField/Prediction_Model_Accelerator/CSIM/Concat_HLS/Concat_HLS/Concat_HLS.prj/sol/.autopilot/db/concat.pp.0.cpp:59278:8: note: FIX-IT applied suggested code changes
/home/ytq/codeField/Prediction_Model_Accelerator/CSIM/Concat_HLS/Concat_HLS/Concat_HLS.prj/sol/.autopilot/db/concat.pp.0.cpp:69455:9: warning: Added loop label VITIS_LOOP_62_1:   [xilinx-label-all-loops]
        for (unsigned i = 0; i < __SHIFT_DEPTH__; ++i)
        ^~~
        VITIS_LOOP_62_1: 
/home/ytq/codeField/Prediction_Model_Accelerator/CSIM/Concat_HLS/Concat_HLS/Concat_HLS.prj/sol/.autopilot/db/concat.pp.0.cpp:69455:9: note: FIX-IT applied suggested code changes
/home/ytq/codeField/Prediction_Model_Accelerator/CSIM/Concat_HLS/Concat_HLS/Concat_HLS.prj/sol/.autopilot/db/concat.pp.0.cpp:69462:9: warning: Added loop label VITIS_LOOP_69_1:   [xilinx-label-all-loops]
        for (unsigned i = 0; i < __SHIFT_DEPTH__; ++i)
        ^~~
        VITIS_LOOP_69_1: 
/home/ytq/codeField/Prediction_Model_Accelerator/CSIM/Concat_HLS/Concat_HLS/Concat_HLS.prj/sol/.autopilot/db/concat.pp.0.cpp:69462:9: note: FIX-IT applied suggested code changes
/home/ytq/codeField/Prediction_Model_Accelerator/CSIM/Concat_HLS/Concat_HLS/Concat_HLS.prj/sol/.autopilot/db/concat.pp.0.cpp:69557:2: warning: Added loop label VITIS_LOOP_91_1:   [xilinx-label-all-loops]
 for (unsigned int i = 0; i < t_Width; i++)
 ^~~
 VITIS_LOOP_91_1: 
/home/ytq/codeField/Prediction_Model_Accelerator/CSIM/Concat_HLS/Concat_HLS/Concat_HLS.prj/sol/.autopilot/db/concat.pp.0.cpp:69557:2: note: FIX-IT applied suggested code changes
/home/ytq/codeField/Prediction_Model_Accelerator/CSIM/Concat_HLS/Concat_HLS/Concat_HLS.prj/sol/.autopilot/db/concat.pp.0.cpp:69569:2: warning: Added loop label VITIS_LOOP_103_1:   [xilinx-label-all-loops]
 for (int i = 0; i < t_Width; ++i) {
 ^~~
 VITIS_LOOP_103_1: 
/home/ytq/codeField/Prediction_Model_Accelerator/CSIM/Concat_HLS/Concat_HLS/Concat_HLS.prj/sol/.autopilot/db/concat.pp.0.cpp:69569:2: note: FIX-IT applied suggested code changes
/home/ytq/codeField/Prediction_Model_Accelerator/CSIM/Concat_HLS/Concat_HLS/Concat_HLS.prj/sol/.autopilot/db/concat.pp.0.cpp:69583:2: warning: Added loop label VITIS_LOOP_117_1:   [xilinx-label-all-loops]
 for (int i = 0; i < t_Width; ++i) {
 ^~~
 VITIS_LOOP_117_1: 
/home/ytq/codeField/Prediction_Model_Accelerator/CSIM/Concat_HLS/Concat_HLS/Concat_HLS.prj/sol/.autopilot/db/concat.pp.0.cpp:69583:2: note: FIX-IT applied suggested code changes
/home/ytq/codeField/Prediction_Model_Accelerator/CSIM/Concat_HLS/Concat_HLS/Concat_HLS.prj/sol/.autopilot/db/concat.pp.0.cpp:69591:9: warning: Added loop label VITIS_LOOP_125_1:   [xilinx-label-all-loops]
        for (int i = 0; i < t_Width; ++i) {
        ^~~
        VITIS_LOOP_125_1: 
/home/ytq/codeField/Prediction_Model_Accelerator/CSIM/Concat_HLS/Concat_HLS/Concat_HLS.prj/sol/.autopilot/db/concat.pp.0.cpp:69591:9: note: FIX-IT applied suggested code changes
/home/ytq/codeField/Prediction_Model_Accelerator/CSIM/Concat_HLS/Concat_HLS/Concat_HLS.prj/sol/.autopilot/db/concat.pp.0.cpp:69602:9: warning: Added loop label VITIS_LOOP_136_1:   [xilinx-label-all-loops]
        for (int i = 0; i < t_Width; ++i) {
        ^~~
        VITIS_LOOP_136_1: 
/home/ytq/codeField/Prediction_Model_Accelerator/CSIM/Concat_HLS/Concat_HLS/Concat_HLS.prj/sol/.autopilot/db/concat.pp.0.cpp:69602:9: note: FIX-IT applied suggested code changes
/home/ytq/codeField/Prediction_Model_Accelerator/CSIM/Concat_HLS/Concat_HLS/Concat_HLS.prj/sol/.autopilot/db/concat.pp.0.cpp:69624:9: warning: Added loop label VITIS_LOOP_158_1:   [xilinx-label-all-loops]
        for (int i = t_Width - 1; i > 0; --i) {
        ^~~
        VITIS_LOOP_158_1: 
/home/ytq/codeField/Prediction_Model_Accelerator/CSIM/Concat_HLS/Concat_HLS/Concat_HLS.prj/sol/.autopilot/db/concat.pp.0.cpp:69624:9: note: FIX-IT applied suggested code changes
/home/ytq/codeField/Prediction_Model_Accelerator/CSIM/Concat_HLS/Concat_HLS/Concat_HLS.prj/sol/.autopilot/db/concat.pp.0.cpp:69635:9: warning: Added loop label VITIS_LOOP_169_1:   [xilinx-label-all-loops]
        for (int i = 0; i < t_Width - 1; ++i) {
        ^~~
        VITIS_LOOP_169_1: 
/home/ytq/codeField/Prediction_Model_Accelerator/CSIM/Concat_HLS/Concat_HLS/Concat_HLS.prj/sol/.autopilot/db/concat.pp.0.cpp:69635:9: note: FIX-IT applied suggested code changes
/home/ytq/codeField/Prediction_Model_Accelerator/CSIM/Concat_HLS/Concat_HLS/Concat_HLS.prj/sol/.autopilot/db/concat.pp.0.cpp:69646:9: warning: Added loop label VITIS_LOOP_180_1:   [xilinx-label-all-loops]
        for (int i = 0; i < t_Width - 1; ++i) {
        ^~~
        VITIS_LOOP_180_1: 
/home/ytq/codeField/Prediction_Model_Accelerator/CSIM/Concat_HLS/Concat_HLS/Concat_HLS.prj/sol/.autopilot/db/concat.pp.0.cpp:69646:9: note: FIX-IT applied suggested code changes
/home/ytq/codeField/Prediction_Model_Accelerator/CSIM/Concat_HLS/Concat_HLS/Concat_HLS.prj/sol/.autopilot/db/concat.pp.0.cpp:69657:9: warning: Added loop label VITIS_LOOP_191_1:   [xilinx-label-all-loops]
        for (int i = 0; i < t_Width; ++i) {
        ^~~
        VITIS_LOOP_191_1: 
/home/ytq/codeField/Prediction_Model_Accelerator/CSIM/Concat_HLS/Concat_HLS/Concat_HLS.prj/sol/.autopilot/db/concat.pp.0.cpp:69657:9: note: FIX-IT applied suggested code changes
/home/ytq/codeField/Prediction_Model_Accelerator/CSIM/Concat_HLS/Concat_HLS/Concat_HLS.prj/sol/.autopilot/db/concat.pp.0.cpp:69666:9: warning: Added loop label VITIS_LOOP_200_1:   [xilinx-label-all-loops]
        for (int i = 0; i < t_Width; ++i) {
        ^~~
        VITIS_LOOP_200_1: 
/home/ytq/codeField/Prediction_Model_Accelerator/CSIM/Concat_HLS/Concat_HLS/Concat_HLS.prj/sol/.autopilot/db/concat.pp.0.cpp:69666:9: note: FIX-IT applied suggested code changes
/home/ytq/codeField/Prediction_Model_Accelerator/CSIM/Concat_HLS/Concat_HLS/Concat_HLS.prj/sol/.autopilot/db/concat.pp.0.cpp:69788:2: warning: Added loop label VITIS_LOOP_322_1:   [xilinx-label-all-loops]
 for (unsigned int i = 0; i < W; ++i) {
 ^~~
 VITIS_LOOP_322_1: 
/home/ytq/codeField/Prediction_Model_Accelerator/CSIM/Concat_HLS/Concat_HLS/Concat_HLS.prj/sol/.autopilot/db/concat.pp.0.cpp:69788:2: note: FIX-IT applied suggested code changes
/home/ytq/codeField/Prediction_Model_Accelerator/CSIM/Concat_HLS/Concat_HLS/Concat_HLS.prj/sol/.autopilot/db/concat.pp.0.cpp:69800:9: warning: Added loop label VITIS_LOOP_334_1:   [xilinx-label-all-loops]
        for (unsigned int i = 0; i < W; ++i) {
        ^~~
        VITIS_LOOP_334_1: 
/home/ytq/codeField/Prediction_Model_Accelerator/CSIM/Concat_HLS/Concat_HLS/Concat_HLS.prj/sol/.autopilot/db/concat.pp.0.cpp:69800:9: note: FIX-IT applied suggested code changes
/home/ytq/codeField/Prediction_Model_Accelerator/CSIM/Concat_HLS/Concat_HLS/Concat_HLS.prj/sol/.autopilot/db/concat.pp.0.cpp:69809:9: warning: Added loop label VITIS_LOOP_343_1:   [xilinx-label-all-loops]
        for (unsigned int i = 0; i < W; ++i) {
        ^~~
        VITIS_LOOP_343_1: 
/home/ytq/codeField/Prediction_Model_Accelerator/CSIM/Concat_HLS/Concat_HLS/Concat_HLS.prj/sol/.autopilot/db/concat.pp.0.cpp:69809:9: note: FIX-IT applied suggested code changes
/home/ytq/codeField/Prediction_Model_Accelerator/CSIM/Concat_HLS/Concat_HLS/Concat_HLS.prj/sol/.autopilot/db/concat.pp.0.cpp:69817:2: warning: Added loop label VITIS_LOOP_351_1:   [xilinx-label-all-loops]
 for (unsigned int i = 0; i < W; ++i) {
 ^~~
 VITIS_LOOP_351_1: 
/home/ytq/codeField/Prediction_Model_Accelerator/CSIM/Concat_HLS/Concat_HLS/Concat_HLS.prj/sol/.autopilot/db/concat.pp.0.cpp:69817:2: note: FIX-IT applied suggested code changes
/home/ytq/codeField/Prediction_Model_Accelerator/CSIM/Concat_HLS/Concat_HLS/Concat_HLS.prj/sol/.autopilot/db/concat.pp.0.cpp:69898:5: warning: Added loop label VITIS_LOOP_432_1:   [xilinx-label-all-loops]
    for (unsigned int i = 0; i < t_Width; ++i) {
    ^~~
    VITIS_LOOP_432_1: 
/home/ytq/codeField/Prediction_Model_Accelerator/CSIM/Concat_HLS/Concat_HLS/Concat_HLS.prj/sol/.autopilot/db/concat.pp.0.cpp:69898:5: note: FIX-IT applied suggested code changes
/home/ytq/codeField/Prediction_Model_Accelerator/CSIM/Concat_HLS/Concat_HLS/Concat_HLS.prj/sol/.autopilot/db/concat.pp.0.cpp:69917:5: warning: Added loop label VITIS_LOOP_451_1:   [xilinx-label-all-loops]
    for (unsigned int i = 0; i < t_Width; ++i) {
    ^~~
    VITIS_LOOP_451_1: 
/home/ytq/codeField/Prediction_Model_Accelerator/CSIM/Concat_HLS/Concat_HLS/Concat_HLS.prj/sol/.autopilot/db/concat.pp.0.cpp:69917:5: note: FIX-IT applied suggested code changes
/home/ytq/codeField/Prediction_Model_Accelerator/CSIM/Concat_HLS/Concat_HLS/Concat_HLS.prj/sol/.autopilot/db/concat.pp.0.cpp:69949:9: warning: Added loop label VITIS_LOOP_483_1:   [xilinx-label-all-loops]
        for (int ws = 0; ws < t_ws; ++ws) {
        ^~~
        VITIS_LOOP_483_1: 
/home/ytq/codeField/Prediction_Model_Accelerator/CSIM/Concat_HLS/Concat_HLS/Concat_HLS.prj/sol/.autopilot/db/concat.pp.0.cpp:69949:9: note: FIX-IT applied suggested code changes
/home/ytq/codeField/Prediction_Model_Accelerator/CSIM/Concat_HLS/Concat_HLS/Concat_HLS.prj/sol/.autopilot/db/concat.pp.0.cpp:69953:9: warning: Added loop label VITIS_LOOP_487_2:   [xilinx-label-all-loops]
        for (int wd = 0; wd < t_wd; ++wd) {
        ^~~
        VITIS_LOOP_487_2: 
/home/ytq/codeField/Prediction_Model_Accelerator/CSIM/Concat_HLS/Concat_HLS/Concat_HLS.prj/sol/.autopilot/db/concat.pp.0.cpp:69953:9: note: FIX-IT applied suggested code changes
/home/ytq/codeField/Prediction_Model_Accelerator/CSIM/Concat_HLS/Concat_HLS/Concat_HLS.prj/sol/.autopilot/db/concat.pp.0.cpp:70095:2: warning: Added loop label VITIS_LOOP_629_1:   [xilinx-label-all-loops]
 for (unsigned int row = 0; row < t_Width; ++row) {
 ^~~
 VITIS_LOOP_629_1: 
/home/ytq/codeField/Prediction_Model_Accelerator/CSIM/Concat_HLS/Concat_HLS/Concat_HLS.prj/sol/.autopilot/db/concat.pp.0.cpp:70095:2: note: FIX-IT applied suggested code changes
/home/ytq/codeField/Prediction_Model_Accelerator/CSIM/Concat_HLS/Concat_HLS/Concat_HLS.prj/sol/.autopilot/db/concat.pp.0.cpp:70096:13: warning: Added loop label VITIS_LOOP_630_2:   [xilinx-label-all-loops]
            for (unsigned int col = 0; col < t_Width; ++col) {
            ^~~
            VITIS_LOOP_630_2: 
/home/ytq/codeField/Prediction_Model_Accelerator/CSIM/Concat_HLS/Concat_HLS/Concat_HLS.prj/sol/.autopilot/db/concat.pp.0.cpp:70096:13: note: FIX-IT applied suggested code changes
/home/ytq/codeField/Prediction_Model_Accelerator/CSIM/Concat_HLS/Concat_HLS/Concat_HLS.prj/sol/.autopilot/db/concat.pp.0.cpp:70103:9: warning: Added loop label VITIS_LOOP_637_1:   [xilinx-label-all-loops]
        for (unsigned int row = 0; row < t_Width; ++row) {
        ^~~
        VITIS_LOOP_637_1: 
/home/ytq/codeField/Prediction_Model_Accelerator/CSIM/Concat_HLS/Concat_HLS/Concat_HLS.prj/sol/.autopilot/db/concat.pp.0.cpp:70103:9: note: FIX-IT applied suggested code changes
/home/ytq/codeField/Prediction_Model_Accelerator/CSIM/Concat_HLS/Concat_HLS/Concat_HLS.prj/sol/.autopilot/db/concat.pp.0.cpp:70104:13: warning: Added loop label VITIS_LOOP_638_2:   [xilinx-label-all-loops]
            for (unsigned int col = 0; col < t_Width; ++col) {
            ^~~
            VITIS_LOOP_638_2: 
/home/ytq/codeField/Prediction_Model_Accelerator/CSIM/Concat_HLS/Concat_HLS/Concat_HLS.prj/sol/.autopilot/db/concat.pp.0.cpp:70104:13: note: FIX-IT applied suggested code changes
/home/ytq/codeField/Prediction_Model_Accelerator/CSIM/Concat_HLS/Concat_HLS/Concat_HLS.prj/sol/.autopilot/db/concat.pp.0.cpp:70176:9: warning: Added loop label VITIS_LOOP_710_1:   [xilinx-label-all-loops]
        for (int i = 0; i < t_Rows; ++i) {
        ^~~
        VITIS_LOOP_710_1: 
/home/ytq/codeField/Prediction_Model_Accelerator/CSIM/Concat_HLS/Concat_HLS/Concat_HLS.prj/sol/.autopilot/db/concat.pp.0.cpp:70176:9: note: FIX-IT applied suggested code changes
/home/ytq/codeField/Prediction_Model_Accelerator/CSIM/Concat_HLS/Concat_HLS/Concat_HLS.prj/sol/.autopilot/db/concat.pp.0.cpp:70235:2: warning: Added loop label VITIS_LOOP_15_1:   [xilinx-label-all-loops]
 for (int i = 0; i < ROWS * COLS * sizeof(t_DataType_IN) / sizeof(t_AXI_DataType); i++){
 ^~~
 VITIS_LOOP_15_1: 
/home/ytq/codeField/Prediction_Model_Accelerator/CSIM/Concat_HLS/Concat_HLS/Concat_HLS.prj/sol/.autopilot/db/concat.pp.0.cpp:70235:2: note: FIX-IT applied suggested code changes
/home/ytq/codeField/Prediction_Model_Accelerator/CSIM/Concat_HLS/Concat_HLS/Concat_HLS.prj/sol/.autopilot/db/concat.pp.0.cpp:70240:2: warning: Added loop label VITIS_LOOP_20_2:   [xilinx-label-all-loops]
 for (int i = 0; i < ROWS * COLS * sizeof(t_DataType_IN) / sizeof(t_AXI_DataType); i++){
 ^~~
 VITIS_LOOP_20_2: 
/home/ytq/codeField/Prediction_Model_Accelerator/CSIM/Concat_HLS/Concat_HLS/Concat_HLS.prj/sol/.autopilot/db/concat.pp.0.cpp:70240:2: note: FIX-IT applied suggested code changes
/home/ytq/codeField/Prediction_Model_Accelerator/CSIM/Concat_HLS/Concat_HLS/Concat_HLS.prj/sol/.autopilot/db/concat.pp.0.cpp:70265:2: warning: Added loop label VITIS_LOOP_45_1:   [xilinx-label-all-loops]
 for (int i = 0; i < ROWS * COLS * sizeof(t_DataType_IN) / sizeof(t_AXI_DataType); i++){
 ^~~
 VITIS_LOOP_45_1: 
/home/ytq/codeField/Prediction_Model_Accelerator/CSIM/Concat_HLS/Concat_HLS/Concat_HLS.prj/sol/.autopilot/db/concat.pp.0.cpp:70265:2: note: FIX-IT applied suggested code changes
/home/ytq/codeField/Prediction_Model_Accelerator/CSIM/Concat_HLS/Concat_HLS/Concat_HLS.prj/sol/.autopilot/db/concat.pp.0.cpp:70267:3: warning: Added loop label VITIS_LOOP_47_2:   [xilinx-label-all-loops]
  for(int j = 0; j < sizeof(t_AXI_DataType) / sizeof(t_DataType_IN); j++){
  ^~~
  VITIS_LOOP_47_2: 
/home/ytq/codeField/Prediction_Model_Accelerator/CSIM/Concat_HLS/Concat_HLS/Concat_HLS.prj/sol/.autopilot/db/concat.pp.0.cpp:70267:3: note: FIX-IT applied suggested code changes
/home/ytq/codeField/Prediction_Model_Accelerator/CSIM/Concat_HLS/Concat_HLS/Concat_HLS.prj/sol/.autopilot/db/concat.pp.0.cpp:70290:2: warning: Added loop label VITIS_LOOP_70_3:   [xilinx-label-all-loops]
 for (int i = 0; i < ROWS * COLS * sizeof(t_DataType_IN) / sizeof(t_AXI_DataType); i++){
 ^~~
 VITIS_LOOP_70_3: 
/home/ytq/codeField/Prediction_Model_Accelerator/CSIM/Concat_HLS/Concat_HLS/Concat_HLS.prj/sol/.autopilot/db/concat.pp.0.cpp:70290:2: note: FIX-IT applied suggested code changes
/home/ytq/codeField/Prediction_Model_Accelerator/CSIM/Concat_HLS/Concat_HLS/Concat_HLS.prj/sol/.autopilot/db/concat.pp.0.cpp:70292:3: warning: Added loop label VITIS_LOOP_72_4:   [xilinx-label-all-loops]
  for(int j = 0; j < sizeof(t_AXI_DataType) / sizeof(t_DataType_IN); j++){
  ^~~
  VITIS_LOOP_72_4: 
/home/ytq/codeField/Prediction_Model_Accelerator/CSIM/Concat_HLS/Concat_HLS/Concat_HLS.prj/sol/.autopilot/db/concat.pp.0.cpp:70292:3: note: FIX-IT applied suggested code changes
/home/ytq/codeField/Prediction_Model_Accelerator/CSIM/Concat_HLS/Concat_HLS/Concat_HLS.prj/sol/.autopilot/db/concat.pp.0.cpp:70325:2: warning: Added loop label VITIS_LOOP_105_1:   [xilinx-label-all-loops]
 for (int i = 0; i < ROWS * COLS * 2 * sizeof(t_DataType_OUT) / sizeof(t_AXI_DataType); i++){
 ^~~
 VITIS_LOOP_105_1: 
/home/ytq/codeField/Prediction_Model_Accelerator/CSIM/Concat_HLS/Concat_HLS/Concat_HLS.prj/sol/.autopilot/db/concat.pp.0.cpp:70325:2: note: FIX-IT applied suggested code changes
