

================================================================
== Vitis HLS Report for 'read_inputs_ap_uint_256_ap_int_8_32u_s'
================================================================
* Date:           Mon May 27 19:24:09 2024

* Version:        2022.2 (Build 3670227 on Oct 13 2022)
* Project:        Concat_HLS.prj
* Solution:       sol (Vivado IP Flow Target)
* Product family: zynquplus
* Target device:  xczu7ev-ffvc1156-2-e


================================================================
== Performance Estimates
================================================================
+ Timing: 
    * Summary: 
    +--------+----------+----------+------------+
    |  Clock |  Target  | Estimated| Uncertainty|
    +--------+----------+----------+------------+
    |ap_clk  |  10.00 ns|  7.300 ns|     2.70 ns|
    +--------+----------+----------+------------+

+ Latency: 
    * Summary: 
    +---------+---------+-----------+----------+-----+-----+---------+
    |  Latency (cycles) |  Latency (absolute)  |  Interval | Pipeline|
    |   min   |   max   |    min    |    max   | min | max |   Type  |
    +---------+---------+-----------+----------+-----+-----+---------+
    |        1|        ?|  10.000 ns|         ?|    1|    ?|       no|
    +---------+---------+-----------+----------+-----+-----+---------+

    + Detail: 
        * Instance: 
        N/A

        * Loop: 
        +-------------------+---------+---------+----------+-----------+-----------+-------+----------+
        |                   |  Latency (cycles) | Iteration|  Initiation Interval  |  Trip |          |
        |     Loop Name     |   min   |   max   |  Latency |  achieved |   target  | Count | Pipelined|
        +-------------------+---------+---------+----------+-----------+-----------+-------+----------+
        |- VITIS_LOOP_15_1  |        3|        ?|         3|          -|          -|  1 ~ ?|        no|
        |- VITIS_LOOP_20_2  |        3|        ?|         3|          -|          -|  1 ~ ?|        no|
        +-------------------+---------+---------+----------+-----------+-----------+-------+----------+

============================================================
+ Verbose Summary: Synthesis Manager
============================================================
InlineROM: 1
ExposeGlobal: 0
============================================================
+ Verbose Summary: CDFG Model
============================================================
IsTopModel: 0
ResetActiveHigh: 1
IsCombinational: 2
IsDatapathOnly: 0
HasWiredReturn: 1
HasMFsm: 0
HasVarLatency: 1
IsPipeline: 0
IsRtlPipelined: 0
IsInstanceOverlapped: 0
IsDontTouch: 0
HasImplIP: 0
IsGatedGlobalClock: 0


============================================================
+ Verbose Summary: Schedule
============================================================
* Number of FSM states : 83
* Pipeline : 0
* Dataflow Pipeline: 0

* FSM state transitions: 
1 --> 2 81 
2 --> 3 
3 --> 4 
4 --> 5 
5 --> 6 
6 --> 7 
7 --> 8 
8 --> 9 
9 --> 10 
10 --> 11 
11 --> 12 
12 --> 13 
13 --> 14 
14 --> 15 
15 --> 16 
16 --> 17 
17 --> 18 
18 --> 19 
19 --> 20 
20 --> 21 
21 --> 22 
22 --> 23 
23 --> 24 
24 --> 25 
25 --> 26 
26 --> 27 
27 --> 28 
28 --> 29 
29 --> 30 
30 --> 31 
31 --> 32 
32 --> 33 
33 --> 34 
34 --> 35 
35 --> 36 
36 --> 37 
37 --> 38 
38 --> 39 
39 --> 40 
40 --> 41 43 
41 --> 42 
42 --> 40 
43 --> 44 
44 --> 45 
45 --> 46 
46 --> 47 
47 --> 48 
48 --> 49 
49 --> 50 
50 --> 51 
51 --> 52 
52 --> 53 
53 --> 54 
54 --> 55 
55 --> 56 
56 --> 57 
57 --> 58 
58 --> 59 
59 --> 60 
60 --> 61 
61 --> 62 
62 --> 63 
63 --> 64 
64 --> 65 
65 --> 66 
66 --> 67 
67 --> 68 
68 --> 69 
69 --> 70 
70 --> 71 
71 --> 72 
72 --> 73 
73 --> 74 
74 --> 75 
75 --> 76 
76 --> 77 
77 --> 78 
78 --> 79 
79 --> 80 
80 --> 81 
81 --> 82 
82 --> 83 
83 --> 81 

* FSM state operations: 

State 1 <SV = 0> <Delay = 4.87>
ST_1 : Operation 84 [1/1] (0.00ns)   --->   "%specinterface_ln0 = specinterface void @_ssdm_op_SpecInterface, i32 %COLS_c10, void @ap_fifo_str, i32 0, i32 0, void @p_str, i32 0, i32 0, void @p_str, void @p_str, void @p_str, i32 2, i32 2, i32 16, i32 16, void @p_str, void @ScalarProp_str, i32 4294967295, i32 0"   --->   Operation 84 'specinterface' 'specinterface_ln0' <Predicate = true> <Delay = 0.00>
ST_1 : Operation 85 [1/1] (0.00ns)   --->   "%COLS_read = read i32 @_ssdm_op_Read.ap_auto.i32, i32 %COLS"   --->   Operation 85 'read' 'COLS_read' <Predicate = true> <Delay = 0.00>
ST_1 : Operation 86 [1/1] (0.00ns)   --->   "%ROWS_read = read i32 @_ssdm_op_Read.ap_auto.i32, i32 %ROWS"   --->   Operation 86 'read' 'ROWS_read' <Predicate = true> <Delay = 0.00>
ST_1 : Operation 87 [1/1] (0.00ns)   --->   "%input_data_addr2_read = read i32 @_ssdm_op_Read.ap_auto.i32, i32 %input_data_addr2"   --->   Operation 87 'read' 'input_data_addr2_read' <Predicate = true> <Delay = 0.00>
ST_1 : Operation 88 [1/1] (0.00ns)   --->   "%input_data_addr1_read = read i32 @_ssdm_op_Read.ap_auto.i32, i32 %input_data_addr1"   --->   Operation 88 'read' 'input_data_addr1_read' <Predicate = true> <Delay = 0.00>
ST_1 : Operation 89 [1/1] (0.00ns)   --->   "%inputs_read = read i64 @_ssdm_op_Read.ap_auto.i64, i64 %inputs"   --->   Operation 89 'read' 'inputs_read' <Predicate = true> <Delay = 0.00>
ST_1 : Operation 90 [1/1] (1.83ns)   --->   "%write_ln0 = write void @_ssdm_op_Write.ap_fifo.i32P0A, i32 %COLS_c10, i32 %COLS_read"   --->   Operation 90 'write' 'write_ln0' <Predicate = true> <Delay = 1.83> <CoreInst = "FIFO_SRL">   --->   Core 81 'FIFO_SRL' <Latency = 0> <II = 1> <Delay = 1.83> <Storage> <Opcode : 'read' 'write' 'nbread' 'nbwrite'> <Ports = 0> <Width = 32> <Depth = 2> <FIFO>
ST_1 : Operation 91 [1/1] (0.00ns)   --->   "%specinterface_ln0 = specinterface void @_ssdm_op_SpecInterface, i32 %ROWS_c9, void @ap_fifo_str, i32 0, i32 0, void @p_str, i32 0, i32 0, void @p_str, void @p_str, void @p_str, i32 2, i32 2, i32 16, i32 16, void @p_str, void @ScalarProp_str, i32 4294967295, i32 0"   --->   Operation 91 'specinterface' 'specinterface_ln0' <Predicate = true> <Delay = 0.00>
ST_1 : Operation 92 [1/1] (1.83ns)   --->   "%write_ln0 = write void @_ssdm_op_Write.ap_fifo.i32P0A, i32 %ROWS_c9, i32 %ROWS_read"   --->   Operation 92 'write' 'write_ln0' <Predicate = true> <Delay = 1.83> <CoreInst = "FIFO_SRL">   --->   Core 81 'FIFO_SRL' <Latency = 0> <II = 1> <Delay = 1.83> <Storage> <Opcode : 'read' 'write' 'nbread' 'nbwrite'> <Ports = 0> <Width = 32> <Depth = 2> <FIFO>
ST_1 : Operation 93 [1/1] (0.00ns)   --->   "%specinterface_ln0 = specinterface void @_ssdm_op_SpecInterface, i256 %input_stream, void @empty_14, i32 0, i32 0, void @empty_20, i32 0, i32 0, void @empty_20, void @empty_20, void @empty_20, i32 0, i32 0, i32 0, i32 0, void @empty_20, void @empty_20, i32 4294967295, i32 0"   --->   Operation 93 'specinterface' 'specinterface_ln0' <Predicate = true> <Delay = 0.00>
ST_1 : Operation 94 [1/1] (0.00ns)   --->   "%specinterface_ln0 = specinterface void @_ssdm_op_SpecInterface, i256 %concat_data, void @empty_21, i32 0, i32 0, void @empty_20, i32 32, i32 0, void @empty_19, void @empty_18, void @empty_20, i32 16, i32 16, i32 16, i32 16, void @empty_20, void @empty_20, i32 4294967295, i32 0"   --->   Operation 94 'specinterface' 'specinterface_ln0' <Predicate = true> <Delay = 0.00>
ST_1 : Operation 95 [1/1] (0.00ns)   --->   "%specpipeline_ln14 = specpipeline void @_ssdm_op_SpecPipeline, i32 4294967295, i32 0, i32 0, i32 0, void @empty_20" [/home/ytq/codeField/Prediction_Model_Accelerator/CSIM/Concat_HLS/Concat_HLS/src/../include/helpers.hpp:14]   --->   Operation 95 'specpipeline' 'specpipeline_ln14' <Predicate = true> <Delay = 0.00>
ST_1 : Operation 96 [1/1] (3.42ns)   --->   "%mul = mul i32 %COLS_read, i32 %ROWS_read"   --->   Operation 96 'mul' 'mul' <Predicate = true> <Delay = 3.42> <CoreInst = "Multiplier">   --->   Core 3 'Multiplier' <Latency = 0> <II = 1> <Delay = 3.42> <FuncUnit> <Opcode : 'mul'> <InPorts = 2> <OutPorts = 1>
ST_1 : Operation 97 [1/1] (0.00ns)   --->   "%div = partselect i27 @_ssdm_op_PartSelect.i27.i32.i32.i32, i32 %mul, i32 5, i32 31"   --->   Operation 97 'partselect' 'div' <Predicate = true> <Delay = 0.00>
ST_1 : Operation 98 [1/1] (0.00ns)   --->   "%div_cast = zext i27 %div"   --->   Operation 98 'zext' 'div_cast' <Predicate = true> <Delay = 0.00>
ST_1 : Operation 99 [1/1] (1.02ns)   --->   "%icmp_ln15 = icmp_eq  i27 %div, i27 0" [/home/ytq/codeField/Prediction_Model_Accelerator/CSIM/Concat_HLS/Concat_HLS/src/../include/helpers.hpp:15]   --->   Operation 99 'icmp' 'icmp_ln15' <Predicate = true> <Delay = 1.02> <CoreInst = "Cmp">   --->   Core 9 'Cmp' <Latency = 0> <II = 1> <Delay = 1.02> <FuncUnit> <Opcode : 'icmp'> <InPorts = 2> <OutPorts = 1>
ST_1 : Operation 100 [1/1] (0.00ns)   --->   "%br_ln15 = br i1 %icmp_ln15, void %for.body.lr.ph, void %for.end18" [/home/ytq/codeField/Prediction_Model_Accelerator/CSIM/Concat_HLS/Concat_HLS/src/../include/helpers.hpp:15]   --->   Operation 100 'br' 'br_ln15' <Predicate = true> <Delay = 0.00>
ST_1 : Operation 101 [1/1] (0.00ns)   --->   "%i = alloca i32 1"   --->   Operation 101 'alloca' 'i' <Predicate = (!icmp_ln15)> <Delay = 0.00>
ST_1 : Operation 102 [1/1] (0.00ns)   --->   "%shl_ln = bitconcatenate i37 @_ssdm_op_BitConcatenate.i37.i32.i5, i32 %input_data_addr1_read, i5 0" [/home/ytq/codeField/Prediction_Model_Accelerator/CSIM/Concat_HLS/Concat_HLS/src/../include/helpers.hpp:15]   --->   Operation 102 'bitconcatenate' 'shl_ln' <Predicate = (!icmp_ln15)> <Delay = 0.00>
ST_1 : Operation 103 [1/1] (0.00ns)   --->   "%zext_ln15 = zext i37 %shl_ln" [/home/ytq/codeField/Prediction_Model_Accelerator/CSIM/Concat_HLS/Concat_HLS/src/../include/helpers.hpp:15]   --->   Operation 103 'zext' 'zext_ln15' <Predicate = (!icmp_ln15)> <Delay = 0.00>
ST_1 : Operation 104 [1/1] (1.08ns)   --->   "%add_ln15 = add i64 %zext_ln15, i64 %inputs_read" [/home/ytq/codeField/Prediction_Model_Accelerator/CSIM/Concat_HLS/Concat_HLS/src/../include/helpers.hpp:15]   --->   Operation 104 'add' 'add_ln15' <Predicate = (!icmp_ln15)> <Delay = 1.08> <CoreInst = "Adder">   --->   Core 1 'Adder' <Latency = 0> <II = 1> <Delay = 1.08> <FuncUnit> <Opcode : 'add' 'sub'> <InPorts = 2> <OutPorts = 1>
ST_1 : Operation 105 [1/1] (0.00ns)   --->   "%trunc_ln15_1 = partselect i59 @_ssdm_op_PartSelect.i59.i64.i32.i32, i64 %add_ln15, i32 5, i32 63" [/home/ytq/codeField/Prediction_Model_Accelerator/CSIM/Concat_HLS/Concat_HLS/src/../include/helpers.hpp:15]   --->   Operation 105 'partselect' 'trunc_ln15_1' <Predicate = (!icmp_ln15)> <Delay = 0.00>
ST_1 : Operation 106 [1/1] (0.42ns)   --->   "%store_ln15 = store i27 0, i27 %i" [/home/ytq/codeField/Prediction_Model_Accelerator/CSIM/Concat_HLS/Concat_HLS/src/../include/helpers.hpp:15]   --->   Operation 106 'store' 'store_ln15' <Predicate = (!icmp_ln15)> <Delay = 0.42>

State 2 <SV = 1> <Delay = 7.30>
ST_2 : Operation 107 [1/1] (0.00ns)   --->   "%sext_ln15 = sext i59 %trunc_ln15_1" [/home/ytq/codeField/Prediction_Model_Accelerator/CSIM/Concat_HLS/Concat_HLS/src/../include/helpers.hpp:15]   --->   Operation 107 'sext' 'sext_ln15' <Predicate = true> <Delay = 0.00>
ST_2 : Operation 108 [1/1] (0.00ns)   --->   "%concat_data_addr = getelementptr i256 %concat_data, i64 %sext_ln15" [/home/ytq/codeField/Prediction_Model_Accelerator/CSIM/Concat_HLS/Concat_HLS/src/../include/helpers.hpp:15]   --->   Operation 108 'getelementptr' 'concat_data_addr' <Predicate = true> <Delay = 0.00>
ST_2 : Operation 109 [38/38] (7.30ns)   --->   "%empty = readreq i1 @_ssdm_op_ReadReq.m_axi.p1i256, i256 %concat_data_addr, i32 %div_cast" [/home/ytq/codeField/Prediction_Model_Accelerator/CSIM/Concat_HLS/Concat_HLS/src/../include/helpers.hpp:15]   --->   Operation 109 'readreq' 'empty' <Predicate = true> <Delay = 7.30> <CoreInst = "m_axi">   --->   Core 121 'm_axi' <Latency = 0> <II = 1> <Delay = 1.00> <Adapter> <Opcode : 'read' 'write' 'readreq' 'writereq' 'writeresp'>

State 3 <SV = 2> <Delay = 7.30>
ST_3 : Operation 110 [37/38] (7.30ns)   --->   "%empty = readreq i1 @_ssdm_op_ReadReq.m_axi.p1i256, i256 %concat_data_addr, i32 %div_cast" [/home/ytq/codeField/Prediction_Model_Accelerator/CSIM/Concat_HLS/Concat_HLS/src/../include/helpers.hpp:15]   --->   Operation 110 'readreq' 'empty' <Predicate = true> <Delay = 7.30> <CoreInst = "m_axi">   --->   Core 121 'm_axi' <Latency = 0> <II = 1> <Delay = 1.00> <Adapter> <Opcode : 'read' 'write' 'readreq' 'writereq' 'writeresp'>

State 4 <SV = 3> <Delay = 7.30>
ST_4 : Operation 111 [36/38] (7.30ns)   --->   "%empty = readreq i1 @_ssdm_op_ReadReq.m_axi.p1i256, i256 %concat_data_addr, i32 %div_cast" [/home/ytq/codeField/Prediction_Model_Accelerator/CSIM/Concat_HLS/Concat_HLS/src/../include/helpers.hpp:15]   --->   Operation 111 'readreq' 'empty' <Predicate = true> <Delay = 7.30> <CoreInst = "m_axi">   --->   Core 121 'm_axi' <Latency = 0> <II = 1> <Delay = 1.00> <Adapter> <Opcode : 'read' 'write' 'readreq' 'writereq' 'writeresp'>

State 5 <SV = 4> <Delay = 7.30>
ST_5 : Operation 112 [35/38] (7.30ns)   --->   "%empty = readreq i1 @_ssdm_op_ReadReq.m_axi.p1i256, i256 %concat_data_addr, i32 %div_cast" [/home/ytq/codeField/Prediction_Model_Accelerator/CSIM/Concat_HLS/Concat_HLS/src/../include/helpers.hpp:15]   --->   Operation 112 'readreq' 'empty' <Predicate = true> <Delay = 7.30> <CoreInst = "m_axi">   --->   Core 121 'm_axi' <Latency = 0> <II = 1> <Delay = 1.00> <Adapter> <Opcode : 'read' 'write' 'readreq' 'writereq' 'writeresp'>

State 6 <SV = 5> <Delay = 7.30>
ST_6 : Operation 113 [34/38] (7.30ns)   --->   "%empty = readreq i1 @_ssdm_op_ReadReq.m_axi.p1i256, i256 %concat_data_addr, i32 %div_cast" [/home/ytq/codeField/Prediction_Model_Accelerator/CSIM/Concat_HLS/Concat_HLS/src/../include/helpers.hpp:15]   --->   Operation 113 'readreq' 'empty' <Predicate = true> <Delay = 7.30> <CoreInst = "m_axi">   --->   Core 121 'm_axi' <Latency = 0> <II = 1> <Delay = 1.00> <Adapter> <Opcode : 'read' 'write' 'readreq' 'writereq' 'writeresp'>

State 7 <SV = 6> <Delay = 7.30>
ST_7 : Operation 114 [33/38] (7.30ns)   --->   "%empty = readreq i1 @_ssdm_op_ReadReq.m_axi.p1i256, i256 %concat_data_addr, i32 %div_cast" [/home/ytq/codeField/Prediction_Model_Accelerator/CSIM/Concat_HLS/Concat_HLS/src/../include/helpers.hpp:15]   --->   Operation 114 'readreq' 'empty' <Predicate = true> <Delay = 7.30> <CoreInst = "m_axi">   --->   Core 121 'm_axi' <Latency = 0> <II = 1> <Delay = 1.00> <Adapter> <Opcode : 'read' 'write' 'readreq' 'writereq' 'writeresp'>

State 8 <SV = 7> <Delay = 7.30>
ST_8 : Operation 115 [32/38] (7.30ns)   --->   "%empty = readreq i1 @_ssdm_op_ReadReq.m_axi.p1i256, i256 %concat_data_addr, i32 %div_cast" [/home/ytq/codeField/Prediction_Model_Accelerator/CSIM/Concat_HLS/Concat_HLS/src/../include/helpers.hpp:15]   --->   Operation 115 'readreq' 'empty' <Predicate = true> <Delay = 7.30> <CoreInst = "m_axi">   --->   Core 121 'm_axi' <Latency = 0> <II = 1> <Delay = 1.00> <Adapter> <Opcode : 'read' 'write' 'readreq' 'writereq' 'writeresp'>

State 9 <SV = 8> <Delay = 7.30>
ST_9 : Operation 116 [31/38] (7.30ns)   --->   "%empty = readreq i1 @_ssdm_op_ReadReq.m_axi.p1i256, i256 %concat_data_addr, i32 %div_cast" [/home/ytq/codeField/Prediction_Model_Accelerator/CSIM/Concat_HLS/Concat_HLS/src/../include/helpers.hpp:15]   --->   Operation 116 'readreq' 'empty' <Predicate = true> <Delay = 7.30> <CoreInst = "m_axi">   --->   Core 121 'm_axi' <Latency = 0> <II = 1> <Delay = 1.00> <Adapter> <Opcode : 'read' 'write' 'readreq' 'writereq' 'writeresp'>

State 10 <SV = 9> <Delay = 7.30>
ST_10 : Operation 117 [30/38] (7.30ns)   --->   "%empty = readreq i1 @_ssdm_op_ReadReq.m_axi.p1i256, i256 %concat_data_addr, i32 %div_cast" [/home/ytq/codeField/Prediction_Model_Accelerator/CSIM/Concat_HLS/Concat_HLS/src/../include/helpers.hpp:15]   --->   Operation 117 'readreq' 'empty' <Predicate = true> <Delay = 7.30> <CoreInst = "m_axi">   --->   Core 121 'm_axi' <Latency = 0> <II = 1> <Delay = 1.00> <Adapter> <Opcode : 'read' 'write' 'readreq' 'writereq' 'writeresp'>

State 11 <SV = 10> <Delay = 7.30>
ST_11 : Operation 118 [29/38] (7.30ns)   --->   "%empty = readreq i1 @_ssdm_op_ReadReq.m_axi.p1i256, i256 %concat_data_addr, i32 %div_cast" [/home/ytq/codeField/Prediction_Model_Accelerator/CSIM/Concat_HLS/Concat_HLS/src/../include/helpers.hpp:15]   --->   Operation 118 'readreq' 'empty' <Predicate = true> <Delay = 7.30> <CoreInst = "m_axi">   --->   Core 121 'm_axi' <Latency = 0> <II = 1> <Delay = 1.00> <Adapter> <Opcode : 'read' 'write' 'readreq' 'writereq' 'writeresp'>

State 12 <SV = 11> <Delay = 7.30>
ST_12 : Operation 119 [28/38] (7.30ns)   --->   "%empty = readreq i1 @_ssdm_op_ReadReq.m_axi.p1i256, i256 %concat_data_addr, i32 %div_cast" [/home/ytq/codeField/Prediction_Model_Accelerator/CSIM/Concat_HLS/Concat_HLS/src/../include/helpers.hpp:15]   --->   Operation 119 'readreq' 'empty' <Predicate = true> <Delay = 7.30> <CoreInst = "m_axi">   --->   Core 121 'm_axi' <Latency = 0> <II = 1> <Delay = 1.00> <Adapter> <Opcode : 'read' 'write' 'readreq' 'writereq' 'writeresp'>

State 13 <SV = 12> <Delay = 7.30>
ST_13 : Operation 120 [27/38] (7.30ns)   --->   "%empty = readreq i1 @_ssdm_op_ReadReq.m_axi.p1i256, i256 %concat_data_addr, i32 %div_cast" [/home/ytq/codeField/Prediction_Model_Accelerator/CSIM/Concat_HLS/Concat_HLS/src/../include/helpers.hpp:15]   --->   Operation 120 'readreq' 'empty' <Predicate = true> <Delay = 7.30> <CoreInst = "m_axi">   --->   Core 121 'm_axi' <Latency = 0> <II = 1> <Delay = 1.00> <Adapter> <Opcode : 'read' 'write' 'readreq' 'writereq' 'writeresp'>

State 14 <SV = 13> <Delay = 7.30>
ST_14 : Operation 121 [26/38] (7.30ns)   --->   "%empty = readreq i1 @_ssdm_op_ReadReq.m_axi.p1i256, i256 %concat_data_addr, i32 %div_cast" [/home/ytq/codeField/Prediction_Model_Accelerator/CSIM/Concat_HLS/Concat_HLS/src/../include/helpers.hpp:15]   --->   Operation 121 'readreq' 'empty' <Predicate = true> <Delay = 7.30> <CoreInst = "m_axi">   --->   Core 121 'm_axi' <Latency = 0> <II = 1> <Delay = 1.00> <Adapter> <Opcode : 'read' 'write' 'readreq' 'writereq' 'writeresp'>

State 15 <SV = 14> <Delay = 7.30>
ST_15 : Operation 122 [25/38] (7.30ns)   --->   "%empty = readreq i1 @_ssdm_op_ReadReq.m_axi.p1i256, i256 %concat_data_addr, i32 %div_cast" [/home/ytq/codeField/Prediction_Model_Accelerator/CSIM/Concat_HLS/Concat_HLS/src/../include/helpers.hpp:15]   --->   Operation 122 'readreq' 'empty' <Predicate = true> <Delay = 7.30> <CoreInst = "m_axi">   --->   Core 121 'm_axi' <Latency = 0> <II = 1> <Delay = 1.00> <Adapter> <Opcode : 'read' 'write' 'readreq' 'writereq' 'writeresp'>

State 16 <SV = 15> <Delay = 7.30>
ST_16 : Operation 123 [24/38] (7.30ns)   --->   "%empty = readreq i1 @_ssdm_op_ReadReq.m_axi.p1i256, i256 %concat_data_addr, i32 %div_cast" [/home/ytq/codeField/Prediction_Model_Accelerator/CSIM/Concat_HLS/Concat_HLS/src/../include/helpers.hpp:15]   --->   Operation 123 'readreq' 'empty' <Predicate = true> <Delay = 7.30> <CoreInst = "m_axi">   --->   Core 121 'm_axi' <Latency = 0> <II = 1> <Delay = 1.00> <Adapter> <Opcode : 'read' 'write' 'readreq' 'writereq' 'writeresp'>

State 17 <SV = 16> <Delay = 7.30>
ST_17 : Operation 124 [23/38] (7.30ns)   --->   "%empty = readreq i1 @_ssdm_op_ReadReq.m_axi.p1i256, i256 %concat_data_addr, i32 %div_cast" [/home/ytq/codeField/Prediction_Model_Accelerator/CSIM/Concat_HLS/Concat_HLS/src/../include/helpers.hpp:15]   --->   Operation 124 'readreq' 'empty' <Predicate = true> <Delay = 7.30> <CoreInst = "m_axi">   --->   Core 121 'm_axi' <Latency = 0> <II = 1> <Delay = 1.00> <Adapter> <Opcode : 'read' 'write' 'readreq' 'writereq' 'writeresp'>

State 18 <SV = 17> <Delay = 7.30>
ST_18 : Operation 125 [22/38] (7.30ns)   --->   "%empty = readreq i1 @_ssdm_op_ReadReq.m_axi.p1i256, i256 %concat_data_addr, i32 %div_cast" [/home/ytq/codeField/Prediction_Model_Accelerator/CSIM/Concat_HLS/Concat_HLS/src/../include/helpers.hpp:15]   --->   Operation 125 'readreq' 'empty' <Predicate = true> <Delay = 7.30> <CoreInst = "m_axi">   --->   Core 121 'm_axi' <Latency = 0> <II = 1> <Delay = 1.00> <Adapter> <Opcode : 'read' 'write' 'readreq' 'writereq' 'writeresp'>

State 19 <SV = 18> <Delay = 7.30>
ST_19 : Operation 126 [21/38] (7.30ns)   --->   "%empty = readreq i1 @_ssdm_op_ReadReq.m_axi.p1i256, i256 %concat_data_addr, i32 %div_cast" [/home/ytq/codeField/Prediction_Model_Accelerator/CSIM/Concat_HLS/Concat_HLS/src/../include/helpers.hpp:15]   --->   Operation 126 'readreq' 'empty' <Predicate = true> <Delay = 7.30> <CoreInst = "m_axi">   --->   Core 121 'm_axi' <Latency = 0> <II = 1> <Delay = 1.00> <Adapter> <Opcode : 'read' 'write' 'readreq' 'writereq' 'writeresp'>

State 20 <SV = 19> <Delay = 7.30>
ST_20 : Operation 127 [20/38] (7.30ns)   --->   "%empty = readreq i1 @_ssdm_op_ReadReq.m_axi.p1i256, i256 %concat_data_addr, i32 %div_cast" [/home/ytq/codeField/Prediction_Model_Accelerator/CSIM/Concat_HLS/Concat_HLS/src/../include/helpers.hpp:15]   --->   Operation 127 'readreq' 'empty' <Predicate = true> <Delay = 7.30> <CoreInst = "m_axi">   --->   Core 121 'm_axi' <Latency = 0> <II = 1> <Delay = 1.00> <Adapter> <Opcode : 'read' 'write' 'readreq' 'writereq' 'writeresp'>

State 21 <SV = 20> <Delay = 7.30>
ST_21 : Operation 128 [19/38] (7.30ns)   --->   "%empty = readreq i1 @_ssdm_op_ReadReq.m_axi.p1i256, i256 %concat_data_addr, i32 %div_cast" [/home/ytq/codeField/Prediction_Model_Accelerator/CSIM/Concat_HLS/Concat_HLS/src/../include/helpers.hpp:15]   --->   Operation 128 'readreq' 'empty' <Predicate = true> <Delay = 7.30> <CoreInst = "m_axi">   --->   Core 121 'm_axi' <Latency = 0> <II = 1> <Delay = 1.00> <Adapter> <Opcode : 'read' 'write' 'readreq' 'writereq' 'writeresp'>

State 22 <SV = 21> <Delay = 7.30>
ST_22 : Operation 129 [18/38] (7.30ns)   --->   "%empty = readreq i1 @_ssdm_op_ReadReq.m_axi.p1i256, i256 %concat_data_addr, i32 %div_cast" [/home/ytq/codeField/Prediction_Model_Accelerator/CSIM/Concat_HLS/Concat_HLS/src/../include/helpers.hpp:15]   --->   Operation 129 'readreq' 'empty' <Predicate = true> <Delay = 7.30> <CoreInst = "m_axi">   --->   Core 121 'm_axi' <Latency = 0> <II = 1> <Delay = 1.00> <Adapter> <Opcode : 'read' 'write' 'readreq' 'writereq' 'writeresp'>

State 23 <SV = 22> <Delay = 7.30>
ST_23 : Operation 130 [17/38] (7.30ns)   --->   "%empty = readreq i1 @_ssdm_op_ReadReq.m_axi.p1i256, i256 %concat_data_addr, i32 %div_cast" [/home/ytq/codeField/Prediction_Model_Accelerator/CSIM/Concat_HLS/Concat_HLS/src/../include/helpers.hpp:15]   --->   Operation 130 'readreq' 'empty' <Predicate = true> <Delay = 7.30> <CoreInst = "m_axi">   --->   Core 121 'm_axi' <Latency = 0> <II = 1> <Delay = 1.00> <Adapter> <Opcode : 'read' 'write' 'readreq' 'writereq' 'writeresp'>

State 24 <SV = 23> <Delay = 7.30>
ST_24 : Operation 131 [16/38] (7.30ns)   --->   "%empty = readreq i1 @_ssdm_op_ReadReq.m_axi.p1i256, i256 %concat_data_addr, i32 %div_cast" [/home/ytq/codeField/Prediction_Model_Accelerator/CSIM/Concat_HLS/Concat_HLS/src/../include/helpers.hpp:15]   --->   Operation 131 'readreq' 'empty' <Predicate = true> <Delay = 7.30> <CoreInst = "m_axi">   --->   Core 121 'm_axi' <Latency = 0> <II = 1> <Delay = 1.00> <Adapter> <Opcode : 'read' 'write' 'readreq' 'writereq' 'writeresp'>

State 25 <SV = 24> <Delay = 7.30>
ST_25 : Operation 132 [15/38] (7.30ns)   --->   "%empty = readreq i1 @_ssdm_op_ReadReq.m_axi.p1i256, i256 %concat_data_addr, i32 %div_cast" [/home/ytq/codeField/Prediction_Model_Accelerator/CSIM/Concat_HLS/Concat_HLS/src/../include/helpers.hpp:15]   --->   Operation 132 'readreq' 'empty' <Predicate = true> <Delay = 7.30> <CoreInst = "m_axi">   --->   Core 121 'm_axi' <Latency = 0> <II = 1> <Delay = 1.00> <Adapter> <Opcode : 'read' 'write' 'readreq' 'writereq' 'writeresp'>

State 26 <SV = 25> <Delay = 7.30>
ST_26 : Operation 133 [14/38] (7.30ns)   --->   "%empty = readreq i1 @_ssdm_op_ReadReq.m_axi.p1i256, i256 %concat_data_addr, i32 %div_cast" [/home/ytq/codeField/Prediction_Model_Accelerator/CSIM/Concat_HLS/Concat_HLS/src/../include/helpers.hpp:15]   --->   Operation 133 'readreq' 'empty' <Predicate = true> <Delay = 7.30> <CoreInst = "m_axi">   --->   Core 121 'm_axi' <Latency = 0> <II = 1> <Delay = 1.00> <Adapter> <Opcode : 'read' 'write' 'readreq' 'writereq' 'writeresp'>

State 27 <SV = 26> <Delay = 7.30>
ST_27 : Operation 134 [13/38] (7.30ns)   --->   "%empty = readreq i1 @_ssdm_op_ReadReq.m_axi.p1i256, i256 %concat_data_addr, i32 %div_cast" [/home/ytq/codeField/Prediction_Model_Accelerator/CSIM/Concat_HLS/Concat_HLS/src/../include/helpers.hpp:15]   --->   Operation 134 'readreq' 'empty' <Predicate = true> <Delay = 7.30> <CoreInst = "m_axi">   --->   Core 121 'm_axi' <Latency = 0> <II = 1> <Delay = 1.00> <Adapter> <Opcode : 'read' 'write' 'readreq' 'writereq' 'writeresp'>

State 28 <SV = 27> <Delay = 7.30>
ST_28 : Operation 135 [12/38] (7.30ns)   --->   "%empty = readreq i1 @_ssdm_op_ReadReq.m_axi.p1i256, i256 %concat_data_addr, i32 %div_cast" [/home/ytq/codeField/Prediction_Model_Accelerator/CSIM/Concat_HLS/Concat_HLS/src/../include/helpers.hpp:15]   --->   Operation 135 'readreq' 'empty' <Predicate = true> <Delay = 7.30> <CoreInst = "m_axi">   --->   Core 121 'm_axi' <Latency = 0> <II = 1> <Delay = 1.00> <Adapter> <Opcode : 'read' 'write' 'readreq' 'writereq' 'writeresp'>

State 29 <SV = 28> <Delay = 7.30>
ST_29 : Operation 136 [11/38] (7.30ns)   --->   "%empty = readreq i1 @_ssdm_op_ReadReq.m_axi.p1i256, i256 %concat_data_addr, i32 %div_cast" [/home/ytq/codeField/Prediction_Model_Accelerator/CSIM/Concat_HLS/Concat_HLS/src/../include/helpers.hpp:15]   --->   Operation 136 'readreq' 'empty' <Predicate = true> <Delay = 7.30> <CoreInst = "m_axi">   --->   Core 121 'm_axi' <Latency = 0> <II = 1> <Delay = 1.00> <Adapter> <Opcode : 'read' 'write' 'readreq' 'writereq' 'writeresp'>

State 30 <SV = 29> <Delay = 7.30>
ST_30 : Operation 137 [10/38] (7.30ns)   --->   "%empty = readreq i1 @_ssdm_op_ReadReq.m_axi.p1i256, i256 %concat_data_addr, i32 %div_cast" [/home/ytq/codeField/Prediction_Model_Accelerator/CSIM/Concat_HLS/Concat_HLS/src/../include/helpers.hpp:15]   --->   Operation 137 'readreq' 'empty' <Predicate = true> <Delay = 7.30> <CoreInst = "m_axi">   --->   Core 121 'm_axi' <Latency = 0> <II = 1> <Delay = 1.00> <Adapter> <Opcode : 'read' 'write' 'readreq' 'writereq' 'writeresp'>

State 31 <SV = 30> <Delay = 7.30>
ST_31 : Operation 138 [9/38] (7.30ns)   --->   "%empty = readreq i1 @_ssdm_op_ReadReq.m_axi.p1i256, i256 %concat_data_addr, i32 %div_cast" [/home/ytq/codeField/Prediction_Model_Accelerator/CSIM/Concat_HLS/Concat_HLS/src/../include/helpers.hpp:15]   --->   Operation 138 'readreq' 'empty' <Predicate = true> <Delay = 7.30> <CoreInst = "m_axi">   --->   Core 121 'm_axi' <Latency = 0> <II = 1> <Delay = 1.00> <Adapter> <Opcode : 'read' 'write' 'readreq' 'writereq' 'writeresp'>

State 32 <SV = 31> <Delay = 7.30>
ST_32 : Operation 139 [8/38] (7.30ns)   --->   "%empty = readreq i1 @_ssdm_op_ReadReq.m_axi.p1i256, i256 %concat_data_addr, i32 %div_cast" [/home/ytq/codeField/Prediction_Model_Accelerator/CSIM/Concat_HLS/Concat_HLS/src/../include/helpers.hpp:15]   --->   Operation 139 'readreq' 'empty' <Predicate = true> <Delay = 7.30> <CoreInst = "m_axi">   --->   Core 121 'm_axi' <Latency = 0> <II = 1> <Delay = 1.00> <Adapter> <Opcode : 'read' 'write' 'readreq' 'writereq' 'writeresp'>

State 33 <SV = 32> <Delay = 7.30>
ST_33 : Operation 140 [7/38] (7.30ns)   --->   "%empty = readreq i1 @_ssdm_op_ReadReq.m_axi.p1i256, i256 %concat_data_addr, i32 %div_cast" [/home/ytq/codeField/Prediction_Model_Accelerator/CSIM/Concat_HLS/Concat_HLS/src/../include/helpers.hpp:15]   --->   Operation 140 'readreq' 'empty' <Predicate = true> <Delay = 7.30> <CoreInst = "m_axi">   --->   Core 121 'm_axi' <Latency = 0> <II = 1> <Delay = 1.00> <Adapter> <Opcode : 'read' 'write' 'readreq' 'writereq' 'writeresp'>

State 34 <SV = 33> <Delay = 7.30>
ST_34 : Operation 141 [6/38] (7.30ns)   --->   "%empty = readreq i1 @_ssdm_op_ReadReq.m_axi.p1i256, i256 %concat_data_addr, i32 %div_cast" [/home/ytq/codeField/Prediction_Model_Accelerator/CSIM/Concat_HLS/Concat_HLS/src/../include/helpers.hpp:15]   --->   Operation 141 'readreq' 'empty' <Predicate = true> <Delay = 7.30> <CoreInst = "m_axi">   --->   Core 121 'm_axi' <Latency = 0> <II = 1> <Delay = 1.00> <Adapter> <Opcode : 'read' 'write' 'readreq' 'writereq' 'writeresp'>

State 35 <SV = 34> <Delay = 7.30>
ST_35 : Operation 142 [5/38] (7.30ns)   --->   "%empty = readreq i1 @_ssdm_op_ReadReq.m_axi.p1i256, i256 %concat_data_addr, i32 %div_cast" [/home/ytq/codeField/Prediction_Model_Accelerator/CSIM/Concat_HLS/Concat_HLS/src/../include/helpers.hpp:15]   --->   Operation 142 'readreq' 'empty' <Predicate = true> <Delay = 7.30> <CoreInst = "m_axi">   --->   Core 121 'm_axi' <Latency = 0> <II = 1> <Delay = 1.00> <Adapter> <Opcode : 'read' 'write' 'readreq' 'writereq' 'writeresp'>

State 36 <SV = 35> <Delay = 7.30>
ST_36 : Operation 143 [4/38] (7.30ns)   --->   "%empty = readreq i1 @_ssdm_op_ReadReq.m_axi.p1i256, i256 %concat_data_addr, i32 %div_cast" [/home/ytq/codeField/Prediction_Model_Accelerator/CSIM/Concat_HLS/Concat_HLS/src/../include/helpers.hpp:15]   --->   Operation 143 'readreq' 'empty' <Predicate = true> <Delay = 7.30> <CoreInst = "m_axi">   --->   Core 121 'm_axi' <Latency = 0> <II = 1> <Delay = 1.00> <Adapter> <Opcode : 'read' 'write' 'readreq' 'writereq' 'writeresp'>

State 37 <SV = 36> <Delay = 7.30>
ST_37 : Operation 144 [3/38] (7.30ns)   --->   "%empty = readreq i1 @_ssdm_op_ReadReq.m_axi.p1i256, i256 %concat_data_addr, i32 %div_cast" [/home/ytq/codeField/Prediction_Model_Accelerator/CSIM/Concat_HLS/Concat_HLS/src/../include/helpers.hpp:15]   --->   Operation 144 'readreq' 'empty' <Predicate = true> <Delay = 7.30> <CoreInst = "m_axi">   --->   Core 121 'm_axi' <Latency = 0> <II = 1> <Delay = 1.00> <Adapter> <Opcode : 'read' 'write' 'readreq' 'writereq' 'writeresp'>

State 38 <SV = 37> <Delay = 7.30>
ST_38 : Operation 145 [2/38] (7.30ns)   --->   "%empty = readreq i1 @_ssdm_op_ReadReq.m_axi.p1i256, i256 %concat_data_addr, i32 %div_cast" [/home/ytq/codeField/Prediction_Model_Accelerator/CSIM/Concat_HLS/Concat_HLS/src/../include/helpers.hpp:15]   --->   Operation 145 'readreq' 'empty' <Predicate = true> <Delay = 7.30> <CoreInst = "m_axi">   --->   Core 121 'm_axi' <Latency = 0> <II = 1> <Delay = 1.00> <Adapter> <Opcode : 'read' 'write' 'readreq' 'writereq' 'writeresp'>

State 39 <SV = 38> <Delay = 7.30>
ST_39 : Operation 146 [1/38] (7.30ns)   --->   "%empty = readreq i1 @_ssdm_op_ReadReq.m_axi.p1i256, i256 %concat_data_addr, i32 %div_cast" [/home/ytq/codeField/Prediction_Model_Accelerator/CSIM/Concat_HLS/Concat_HLS/src/../include/helpers.hpp:15]   --->   Operation 146 'readreq' 'empty' <Predicate = true> <Delay = 7.30> <CoreInst = "m_axi">   --->   Core 121 'm_axi' <Latency = 0> <II = 1> <Delay = 1.00> <Adapter> <Opcode : 'read' 'write' 'readreq' 'writereq' 'writeresp'>
ST_39 : Operation 147 [1/1] (0.00ns)   --->   "%br_ln15 = br void %for.body.i.i" [/home/ytq/codeField/Prediction_Model_Accelerator/CSIM/Concat_HLS/Concat_HLS/src/../include/helpers.hpp:15]   --->   Operation 147 'br' 'br_ln15' <Predicate = true> <Delay = 0.00>

State 40 <SV = 39> <Delay = 1.45>
ST_40 : Operation 148 [1/1] (0.00ns)   --->   "%i_4 = load i27 %i" [/home/ytq/codeField/Prediction_Model_Accelerator/CSIM/Concat_HLS/Concat_HLS/src/../include/helpers.hpp:15]   --->   Operation 148 'load' 'i_4' <Predicate = true> <Delay = 0.00>
ST_40 : Operation 149 [1/1] (1.02ns)   --->   "%icmp_ln15_1 = icmp_eq  i27 %i_4, i27 %div" [/home/ytq/codeField/Prediction_Model_Accelerator/CSIM/Concat_HLS/Concat_HLS/src/../include/helpers.hpp:15]   --->   Operation 149 'icmp' 'icmp_ln15_1' <Predicate = true> <Delay = 1.02> <CoreInst = "Cmp">   --->   Core 9 'Cmp' <Latency = 0> <II = 1> <Delay = 1.02> <FuncUnit> <Opcode : 'icmp'> <InPorts = 2> <OutPorts = 1>
ST_40 : Operation 150 [1/1] (0.00ns)   --->   "%empty_41 = speclooptripcount i32 @_ssdm_op_SpecLoopTripCount, i64 1, i64 18446744073709551615, i64 0"   --->   Operation 150 'speclooptripcount' 'empty_41' <Predicate = true> <Delay = 0.00>
ST_40 : Operation 151 [1/1] (0.96ns)   --->   "%add_ln15_1 = add i27 %i_4, i27 1" [/home/ytq/codeField/Prediction_Model_Accelerator/CSIM/Concat_HLS/Concat_HLS/src/../include/helpers.hpp:15]   --->   Operation 151 'add' 'add_ln15_1' <Predicate = true> <Delay = 0.96> <CoreInst = "Adder">   --->   Core 1 'Adder' <Latency = 0> <II = 1> <Delay = 0.96> <FuncUnit> <Opcode : 'add' 'sub'> <InPorts = 2> <OutPorts = 1>
ST_40 : Operation 152 [1/1] (0.00ns)   --->   "%br_ln15 = br i1 %icmp_ln15_1, void %for.body.i.i.split, void %for.body12.lr.ph" [/home/ytq/codeField/Prediction_Model_Accelerator/CSIM/Concat_HLS/Concat_HLS/src/../include/helpers.hpp:15]   --->   Operation 152 'br' 'br_ln15' <Predicate = true> <Delay = 0.00>
ST_40 : Operation 153 [1/1] (0.42ns)   --->   "%store_ln15 = store i27 %add_ln15_1, i27 %i" [/home/ytq/codeField/Prediction_Model_Accelerator/CSIM/Concat_HLS/Concat_HLS/src/../include/helpers.hpp:15]   --->   Operation 153 'store' 'store_ln15' <Predicate = (!icmp_ln15_1)> <Delay = 0.42>
ST_40 : Operation 154 [1/1] (0.00ns)   --->   "%i_2 = alloca i32 1"   --->   Operation 154 'alloca' 'i_2' <Predicate = (icmp_ln15_1)> <Delay = 0.00>
ST_40 : Operation 155 [1/1] (0.00ns)   --->   "%shl_ln1 = bitconcatenate i37 @_ssdm_op_BitConcatenate.i37.i32.i5, i32 %input_data_addr2_read, i5 0" [/home/ytq/codeField/Prediction_Model_Accelerator/CSIM/Concat_HLS/Concat_HLS/src/../include/helpers.hpp:20]   --->   Operation 155 'bitconcatenate' 'shl_ln1' <Predicate = (icmp_ln15_1)> <Delay = 0.00>
ST_40 : Operation 156 [1/1] (0.00ns)   --->   "%zext_ln20 = zext i37 %shl_ln1" [/home/ytq/codeField/Prediction_Model_Accelerator/CSIM/Concat_HLS/Concat_HLS/src/../include/helpers.hpp:20]   --->   Operation 156 'zext' 'zext_ln20' <Predicate = (icmp_ln15_1)> <Delay = 0.00>
ST_40 : Operation 157 [1/1] (1.08ns)   --->   "%add_ln20 = add i64 %zext_ln20, i64 %inputs_read" [/home/ytq/codeField/Prediction_Model_Accelerator/CSIM/Concat_HLS/Concat_HLS/src/../include/helpers.hpp:20]   --->   Operation 157 'add' 'add_ln20' <Predicate = (icmp_ln15_1)> <Delay = 1.08> <CoreInst = "Adder">   --->   Core 1 'Adder' <Latency = 0> <II = 1> <Delay = 1.08> <FuncUnit> <Opcode : 'add' 'sub'> <InPorts = 2> <OutPorts = 1>
ST_40 : Operation 158 [1/1] (0.00ns)   --->   "%trunc_ln2 = partselect i59 @_ssdm_op_PartSelect.i59.i64.i32.i32, i64 %add_ln20, i32 5, i32 63" [/home/ytq/codeField/Prediction_Model_Accelerator/CSIM/Concat_HLS/Concat_HLS/src/../include/helpers.hpp:20]   --->   Operation 158 'partselect' 'trunc_ln2' <Predicate = (icmp_ln15_1)> <Delay = 0.00>
ST_40 : Operation 159 [1/1] (0.42ns)   --->   "%store_ln20 = store i27 0, i27 %i_2" [/home/ytq/codeField/Prediction_Model_Accelerator/CSIM/Concat_HLS/Concat_HLS/src/../include/helpers.hpp:20]   --->   Operation 159 'store' 'store_ln20' <Predicate = (icmp_ln15_1)> <Delay = 0.42>

State 41 <SV = 40> <Delay = 7.30>
ST_41 : Operation 160 [1/1] (7.30ns)   --->   "%p_Val2_s = read i256 @_ssdm_op_Read.m_axi.p1i256, i256 %concat_data_addr"   --->   Operation 160 'read' 'p_Val2_s' <Predicate = true> <Delay = 7.30> <CoreInst = "m_axi">   --->   Core 121 'm_axi' <Latency = 0> <II = 1> <Delay = 1.00> <Adapter> <Opcode : 'read' 'write' 'readreq' 'writereq' 'writeresp'>

State 42 <SV = 41> <Delay = 1.55>
ST_42 : Operation 161 [1/1] (0.00ns)   --->   "%specloopname_ln15 = specloopname void @_ssdm_op_SpecLoopName, void @empty_5" [/home/ytq/codeField/Prediction_Model_Accelerator/CSIM/Concat_HLS/Concat_HLS/src/../include/helpers.hpp:15]   --->   Operation 161 'specloopname' 'specloopname_ln15' <Predicate = true> <Delay = 0.00>
ST_42 : Operation 162 [1/1] (1.55ns)   --->   "%write_ln17 = write void @_ssdm_op_Write.ap_fifo.volatile.i256P0A, i256 %input_stream, i256 %p_Val2_s" [/home/ytq/codeField/Prediction_Model_Accelerator/CSIM/Concat_HLS/Concat_HLS/src/../include/helpers.hpp:17]   --->   Operation 162 'write' 'write_ln17' <Predicate = true> <Delay = 1.55> <CoreInst = "FIFO">   --->   Core 78 'FIFO' <Latency = 0> <II = 1> <Delay = 1.55> <Storage> <Opcode : 'read' 'write' 'nbread' 'nbwrite'> <Ports = 0> <Width = 256> <Depth = 64> <FIFO>
ST_42 : Operation 163 [1/1] (0.00ns)   --->   "%br_ln15 = br void %for.body.i.i" [/home/ytq/codeField/Prediction_Model_Accelerator/CSIM/Concat_HLS/Concat_HLS/src/../include/helpers.hpp:15]   --->   Operation 163 'br' 'br_ln15' <Predicate = true> <Delay = 0.00>

State 43 <SV = 40> <Delay = 7.30>
ST_43 : Operation 164 [1/1] (0.00ns)   --->   "%sext_ln20 = sext i59 %trunc_ln2" [/home/ytq/codeField/Prediction_Model_Accelerator/CSIM/Concat_HLS/Concat_HLS/src/../include/helpers.hpp:20]   --->   Operation 164 'sext' 'sext_ln20' <Predicate = true> <Delay = 0.00>
ST_43 : Operation 165 [1/1] (0.00ns)   --->   "%concat_data_addr_1 = getelementptr i256 %concat_data, i64 %sext_ln20" [/home/ytq/codeField/Prediction_Model_Accelerator/CSIM/Concat_HLS/Concat_HLS/src/../include/helpers.hpp:20]   --->   Operation 165 'getelementptr' 'concat_data_addr_1' <Predicate = true> <Delay = 0.00>
ST_43 : Operation 166 [38/38] (7.30ns)   --->   "%empty_42 = readreq i1 @_ssdm_op_ReadReq.m_axi.p1i256, i256 %concat_data_addr_1, i32 %div_cast" [/home/ytq/codeField/Prediction_Model_Accelerator/CSIM/Concat_HLS/Concat_HLS/src/../include/helpers.hpp:20]   --->   Operation 166 'readreq' 'empty_42' <Predicate = true> <Delay = 7.30> <CoreInst = "m_axi">   --->   Core 121 'm_axi' <Latency = 0> <II = 1> <Delay = 1.00> <Adapter> <Opcode : 'read' 'write' 'readreq' 'writereq' 'writeresp'>

State 44 <SV = 41> <Delay = 7.30>
ST_44 : Operation 167 [37/38] (7.30ns)   --->   "%empty_42 = readreq i1 @_ssdm_op_ReadReq.m_axi.p1i256, i256 %concat_data_addr_1, i32 %div_cast" [/home/ytq/codeField/Prediction_Model_Accelerator/CSIM/Concat_HLS/Concat_HLS/src/../include/helpers.hpp:20]   --->   Operation 167 'readreq' 'empty_42' <Predicate = true> <Delay = 7.30> <CoreInst = "m_axi">   --->   Core 121 'm_axi' <Latency = 0> <II = 1> <Delay = 1.00> <Adapter> <Opcode : 'read' 'write' 'readreq' 'writereq' 'writeresp'>

State 45 <SV = 42> <Delay = 7.30>
ST_45 : Operation 168 [36/38] (7.30ns)   --->   "%empty_42 = readreq i1 @_ssdm_op_ReadReq.m_axi.p1i256, i256 %concat_data_addr_1, i32 %div_cast" [/home/ytq/codeField/Prediction_Model_Accelerator/CSIM/Concat_HLS/Concat_HLS/src/../include/helpers.hpp:20]   --->   Operation 168 'readreq' 'empty_42' <Predicate = true> <Delay = 7.30> <CoreInst = "m_axi">   --->   Core 121 'm_axi' <Latency = 0> <II = 1> <Delay = 1.00> <Adapter> <Opcode : 'read' 'write' 'readreq' 'writereq' 'writeresp'>

State 46 <SV = 43> <Delay = 7.30>
ST_46 : Operation 169 [35/38] (7.30ns)   --->   "%empty_42 = readreq i1 @_ssdm_op_ReadReq.m_axi.p1i256, i256 %concat_data_addr_1, i32 %div_cast" [/home/ytq/codeField/Prediction_Model_Accelerator/CSIM/Concat_HLS/Concat_HLS/src/../include/helpers.hpp:20]   --->   Operation 169 'readreq' 'empty_42' <Predicate = true> <Delay = 7.30> <CoreInst = "m_axi">   --->   Core 121 'm_axi' <Latency = 0> <II = 1> <Delay = 1.00> <Adapter> <Opcode : 'read' 'write' 'readreq' 'writereq' 'writeresp'>

State 47 <SV = 44> <Delay = 7.30>
ST_47 : Operation 170 [34/38] (7.30ns)   --->   "%empty_42 = readreq i1 @_ssdm_op_ReadReq.m_axi.p1i256, i256 %concat_data_addr_1, i32 %div_cast" [/home/ytq/codeField/Prediction_Model_Accelerator/CSIM/Concat_HLS/Concat_HLS/src/../include/helpers.hpp:20]   --->   Operation 170 'readreq' 'empty_42' <Predicate = true> <Delay = 7.30> <CoreInst = "m_axi">   --->   Core 121 'm_axi' <Latency = 0> <II = 1> <Delay = 1.00> <Adapter> <Opcode : 'read' 'write' 'readreq' 'writereq' 'writeresp'>

State 48 <SV = 45> <Delay = 7.30>
ST_48 : Operation 171 [33/38] (7.30ns)   --->   "%empty_42 = readreq i1 @_ssdm_op_ReadReq.m_axi.p1i256, i256 %concat_data_addr_1, i32 %div_cast" [/home/ytq/codeField/Prediction_Model_Accelerator/CSIM/Concat_HLS/Concat_HLS/src/../include/helpers.hpp:20]   --->   Operation 171 'readreq' 'empty_42' <Predicate = true> <Delay = 7.30> <CoreInst = "m_axi">   --->   Core 121 'm_axi' <Latency = 0> <II = 1> <Delay = 1.00> <Adapter> <Opcode : 'read' 'write' 'readreq' 'writereq' 'writeresp'>

State 49 <SV = 46> <Delay = 7.30>
ST_49 : Operation 172 [32/38] (7.30ns)   --->   "%empty_42 = readreq i1 @_ssdm_op_ReadReq.m_axi.p1i256, i256 %concat_data_addr_1, i32 %div_cast" [/home/ytq/codeField/Prediction_Model_Accelerator/CSIM/Concat_HLS/Concat_HLS/src/../include/helpers.hpp:20]   --->   Operation 172 'readreq' 'empty_42' <Predicate = true> <Delay = 7.30> <CoreInst = "m_axi">   --->   Core 121 'm_axi' <Latency = 0> <II = 1> <Delay = 1.00> <Adapter> <Opcode : 'read' 'write' 'readreq' 'writereq' 'writeresp'>

State 50 <SV = 47> <Delay = 7.30>
ST_50 : Operation 173 [31/38] (7.30ns)   --->   "%empty_42 = readreq i1 @_ssdm_op_ReadReq.m_axi.p1i256, i256 %concat_data_addr_1, i32 %div_cast" [/home/ytq/codeField/Prediction_Model_Accelerator/CSIM/Concat_HLS/Concat_HLS/src/../include/helpers.hpp:20]   --->   Operation 173 'readreq' 'empty_42' <Predicate = true> <Delay = 7.30> <CoreInst = "m_axi">   --->   Core 121 'm_axi' <Latency = 0> <II = 1> <Delay = 1.00> <Adapter> <Opcode : 'read' 'write' 'readreq' 'writereq' 'writeresp'>

State 51 <SV = 48> <Delay = 7.30>
ST_51 : Operation 174 [30/38] (7.30ns)   --->   "%empty_42 = readreq i1 @_ssdm_op_ReadReq.m_axi.p1i256, i256 %concat_data_addr_1, i32 %div_cast" [/home/ytq/codeField/Prediction_Model_Accelerator/CSIM/Concat_HLS/Concat_HLS/src/../include/helpers.hpp:20]   --->   Operation 174 'readreq' 'empty_42' <Predicate = true> <Delay = 7.30> <CoreInst = "m_axi">   --->   Core 121 'm_axi' <Latency = 0> <II = 1> <Delay = 1.00> <Adapter> <Opcode : 'read' 'write' 'readreq' 'writereq' 'writeresp'>

State 52 <SV = 49> <Delay = 7.30>
ST_52 : Operation 175 [29/38] (7.30ns)   --->   "%empty_42 = readreq i1 @_ssdm_op_ReadReq.m_axi.p1i256, i256 %concat_data_addr_1, i32 %div_cast" [/home/ytq/codeField/Prediction_Model_Accelerator/CSIM/Concat_HLS/Concat_HLS/src/../include/helpers.hpp:20]   --->   Operation 175 'readreq' 'empty_42' <Predicate = true> <Delay = 7.30> <CoreInst = "m_axi">   --->   Core 121 'm_axi' <Latency = 0> <II = 1> <Delay = 1.00> <Adapter> <Opcode : 'read' 'write' 'readreq' 'writereq' 'writeresp'>

State 53 <SV = 50> <Delay = 7.30>
ST_53 : Operation 176 [28/38] (7.30ns)   --->   "%empty_42 = readreq i1 @_ssdm_op_ReadReq.m_axi.p1i256, i256 %concat_data_addr_1, i32 %div_cast" [/home/ytq/codeField/Prediction_Model_Accelerator/CSIM/Concat_HLS/Concat_HLS/src/../include/helpers.hpp:20]   --->   Operation 176 'readreq' 'empty_42' <Predicate = true> <Delay = 7.30> <CoreInst = "m_axi">   --->   Core 121 'm_axi' <Latency = 0> <II = 1> <Delay = 1.00> <Adapter> <Opcode : 'read' 'write' 'readreq' 'writereq' 'writeresp'>

State 54 <SV = 51> <Delay = 7.30>
ST_54 : Operation 177 [27/38] (7.30ns)   --->   "%empty_42 = readreq i1 @_ssdm_op_ReadReq.m_axi.p1i256, i256 %concat_data_addr_1, i32 %div_cast" [/home/ytq/codeField/Prediction_Model_Accelerator/CSIM/Concat_HLS/Concat_HLS/src/../include/helpers.hpp:20]   --->   Operation 177 'readreq' 'empty_42' <Predicate = true> <Delay = 7.30> <CoreInst = "m_axi">   --->   Core 121 'm_axi' <Latency = 0> <II = 1> <Delay = 1.00> <Adapter> <Opcode : 'read' 'write' 'readreq' 'writereq' 'writeresp'>

State 55 <SV = 52> <Delay = 7.30>
ST_55 : Operation 178 [26/38] (7.30ns)   --->   "%empty_42 = readreq i1 @_ssdm_op_ReadReq.m_axi.p1i256, i256 %concat_data_addr_1, i32 %div_cast" [/home/ytq/codeField/Prediction_Model_Accelerator/CSIM/Concat_HLS/Concat_HLS/src/../include/helpers.hpp:20]   --->   Operation 178 'readreq' 'empty_42' <Predicate = true> <Delay = 7.30> <CoreInst = "m_axi">   --->   Core 121 'm_axi' <Latency = 0> <II = 1> <Delay = 1.00> <Adapter> <Opcode : 'read' 'write' 'readreq' 'writereq' 'writeresp'>

State 56 <SV = 53> <Delay = 7.30>
ST_56 : Operation 179 [25/38] (7.30ns)   --->   "%empty_42 = readreq i1 @_ssdm_op_ReadReq.m_axi.p1i256, i256 %concat_data_addr_1, i32 %div_cast" [/home/ytq/codeField/Prediction_Model_Accelerator/CSIM/Concat_HLS/Concat_HLS/src/../include/helpers.hpp:20]   --->   Operation 179 'readreq' 'empty_42' <Predicate = true> <Delay = 7.30> <CoreInst = "m_axi">   --->   Core 121 'm_axi' <Latency = 0> <II = 1> <Delay = 1.00> <Adapter> <Opcode : 'read' 'write' 'readreq' 'writereq' 'writeresp'>

State 57 <SV = 54> <Delay = 7.30>
ST_57 : Operation 180 [24/38] (7.30ns)   --->   "%empty_42 = readreq i1 @_ssdm_op_ReadReq.m_axi.p1i256, i256 %concat_data_addr_1, i32 %div_cast" [/home/ytq/codeField/Prediction_Model_Accelerator/CSIM/Concat_HLS/Concat_HLS/src/../include/helpers.hpp:20]   --->   Operation 180 'readreq' 'empty_42' <Predicate = true> <Delay = 7.30> <CoreInst = "m_axi">   --->   Core 121 'm_axi' <Latency = 0> <II = 1> <Delay = 1.00> <Adapter> <Opcode : 'read' 'write' 'readreq' 'writereq' 'writeresp'>

State 58 <SV = 55> <Delay = 7.30>
ST_58 : Operation 181 [23/38] (7.30ns)   --->   "%empty_42 = readreq i1 @_ssdm_op_ReadReq.m_axi.p1i256, i256 %concat_data_addr_1, i32 %div_cast" [/home/ytq/codeField/Prediction_Model_Accelerator/CSIM/Concat_HLS/Concat_HLS/src/../include/helpers.hpp:20]   --->   Operation 181 'readreq' 'empty_42' <Predicate = true> <Delay = 7.30> <CoreInst = "m_axi">   --->   Core 121 'm_axi' <Latency = 0> <II = 1> <Delay = 1.00> <Adapter> <Opcode : 'read' 'write' 'readreq' 'writereq' 'writeresp'>

State 59 <SV = 56> <Delay = 7.30>
ST_59 : Operation 182 [22/38] (7.30ns)   --->   "%empty_42 = readreq i1 @_ssdm_op_ReadReq.m_axi.p1i256, i256 %concat_data_addr_1, i32 %div_cast" [/home/ytq/codeField/Prediction_Model_Accelerator/CSIM/Concat_HLS/Concat_HLS/src/../include/helpers.hpp:20]   --->   Operation 182 'readreq' 'empty_42' <Predicate = true> <Delay = 7.30> <CoreInst = "m_axi">   --->   Core 121 'm_axi' <Latency = 0> <II = 1> <Delay = 1.00> <Adapter> <Opcode : 'read' 'write' 'readreq' 'writereq' 'writeresp'>

State 60 <SV = 57> <Delay = 7.30>
ST_60 : Operation 183 [21/38] (7.30ns)   --->   "%empty_42 = readreq i1 @_ssdm_op_ReadReq.m_axi.p1i256, i256 %concat_data_addr_1, i32 %div_cast" [/home/ytq/codeField/Prediction_Model_Accelerator/CSIM/Concat_HLS/Concat_HLS/src/../include/helpers.hpp:20]   --->   Operation 183 'readreq' 'empty_42' <Predicate = true> <Delay = 7.30> <CoreInst = "m_axi">   --->   Core 121 'm_axi' <Latency = 0> <II = 1> <Delay = 1.00> <Adapter> <Opcode : 'read' 'write' 'readreq' 'writereq' 'writeresp'>

State 61 <SV = 58> <Delay = 7.30>
ST_61 : Operation 184 [20/38] (7.30ns)   --->   "%empty_42 = readreq i1 @_ssdm_op_ReadReq.m_axi.p1i256, i256 %concat_data_addr_1, i32 %div_cast" [/home/ytq/codeField/Prediction_Model_Accelerator/CSIM/Concat_HLS/Concat_HLS/src/../include/helpers.hpp:20]   --->   Operation 184 'readreq' 'empty_42' <Predicate = true> <Delay = 7.30> <CoreInst = "m_axi">   --->   Core 121 'm_axi' <Latency = 0> <II = 1> <Delay = 1.00> <Adapter> <Opcode : 'read' 'write' 'readreq' 'writereq' 'writeresp'>

State 62 <SV = 59> <Delay = 7.30>
ST_62 : Operation 185 [19/38] (7.30ns)   --->   "%empty_42 = readreq i1 @_ssdm_op_ReadReq.m_axi.p1i256, i256 %concat_data_addr_1, i32 %div_cast" [/home/ytq/codeField/Prediction_Model_Accelerator/CSIM/Concat_HLS/Concat_HLS/src/../include/helpers.hpp:20]   --->   Operation 185 'readreq' 'empty_42' <Predicate = true> <Delay = 7.30> <CoreInst = "m_axi">   --->   Core 121 'm_axi' <Latency = 0> <II = 1> <Delay = 1.00> <Adapter> <Opcode : 'read' 'write' 'readreq' 'writereq' 'writeresp'>

State 63 <SV = 60> <Delay = 7.30>
ST_63 : Operation 186 [18/38] (7.30ns)   --->   "%empty_42 = readreq i1 @_ssdm_op_ReadReq.m_axi.p1i256, i256 %concat_data_addr_1, i32 %div_cast" [/home/ytq/codeField/Prediction_Model_Accelerator/CSIM/Concat_HLS/Concat_HLS/src/../include/helpers.hpp:20]   --->   Operation 186 'readreq' 'empty_42' <Predicate = true> <Delay = 7.30> <CoreInst = "m_axi">   --->   Core 121 'm_axi' <Latency = 0> <II = 1> <Delay = 1.00> <Adapter> <Opcode : 'read' 'write' 'readreq' 'writereq' 'writeresp'>

State 64 <SV = 61> <Delay = 7.30>
ST_64 : Operation 187 [17/38] (7.30ns)   --->   "%empty_42 = readreq i1 @_ssdm_op_ReadReq.m_axi.p1i256, i256 %concat_data_addr_1, i32 %div_cast" [/home/ytq/codeField/Prediction_Model_Accelerator/CSIM/Concat_HLS/Concat_HLS/src/../include/helpers.hpp:20]   --->   Operation 187 'readreq' 'empty_42' <Predicate = true> <Delay = 7.30> <CoreInst = "m_axi">   --->   Core 121 'm_axi' <Latency = 0> <II = 1> <Delay = 1.00> <Adapter> <Opcode : 'read' 'write' 'readreq' 'writereq' 'writeresp'>

State 65 <SV = 62> <Delay = 7.30>
ST_65 : Operation 188 [16/38] (7.30ns)   --->   "%empty_42 = readreq i1 @_ssdm_op_ReadReq.m_axi.p1i256, i256 %concat_data_addr_1, i32 %div_cast" [/home/ytq/codeField/Prediction_Model_Accelerator/CSIM/Concat_HLS/Concat_HLS/src/../include/helpers.hpp:20]   --->   Operation 188 'readreq' 'empty_42' <Predicate = true> <Delay = 7.30> <CoreInst = "m_axi">   --->   Core 121 'm_axi' <Latency = 0> <II = 1> <Delay = 1.00> <Adapter> <Opcode : 'read' 'write' 'readreq' 'writereq' 'writeresp'>

State 66 <SV = 63> <Delay = 7.30>
ST_66 : Operation 189 [15/38] (7.30ns)   --->   "%empty_42 = readreq i1 @_ssdm_op_ReadReq.m_axi.p1i256, i256 %concat_data_addr_1, i32 %div_cast" [/home/ytq/codeField/Prediction_Model_Accelerator/CSIM/Concat_HLS/Concat_HLS/src/../include/helpers.hpp:20]   --->   Operation 189 'readreq' 'empty_42' <Predicate = true> <Delay = 7.30> <CoreInst = "m_axi">   --->   Core 121 'm_axi' <Latency = 0> <II = 1> <Delay = 1.00> <Adapter> <Opcode : 'read' 'write' 'readreq' 'writereq' 'writeresp'>

State 67 <SV = 64> <Delay = 7.30>
ST_67 : Operation 190 [14/38] (7.30ns)   --->   "%empty_42 = readreq i1 @_ssdm_op_ReadReq.m_axi.p1i256, i256 %concat_data_addr_1, i32 %div_cast" [/home/ytq/codeField/Prediction_Model_Accelerator/CSIM/Concat_HLS/Concat_HLS/src/../include/helpers.hpp:20]   --->   Operation 190 'readreq' 'empty_42' <Predicate = true> <Delay = 7.30> <CoreInst = "m_axi">   --->   Core 121 'm_axi' <Latency = 0> <II = 1> <Delay = 1.00> <Adapter> <Opcode : 'read' 'write' 'readreq' 'writereq' 'writeresp'>

State 68 <SV = 65> <Delay = 7.30>
ST_68 : Operation 191 [13/38] (7.30ns)   --->   "%empty_42 = readreq i1 @_ssdm_op_ReadReq.m_axi.p1i256, i256 %concat_data_addr_1, i32 %div_cast" [/home/ytq/codeField/Prediction_Model_Accelerator/CSIM/Concat_HLS/Concat_HLS/src/../include/helpers.hpp:20]   --->   Operation 191 'readreq' 'empty_42' <Predicate = true> <Delay = 7.30> <CoreInst = "m_axi">   --->   Core 121 'm_axi' <Latency = 0> <II = 1> <Delay = 1.00> <Adapter> <Opcode : 'read' 'write' 'readreq' 'writereq' 'writeresp'>

State 69 <SV = 66> <Delay = 7.30>
ST_69 : Operation 192 [12/38] (7.30ns)   --->   "%empty_42 = readreq i1 @_ssdm_op_ReadReq.m_axi.p1i256, i256 %concat_data_addr_1, i32 %div_cast" [/home/ytq/codeField/Prediction_Model_Accelerator/CSIM/Concat_HLS/Concat_HLS/src/../include/helpers.hpp:20]   --->   Operation 192 'readreq' 'empty_42' <Predicate = true> <Delay = 7.30> <CoreInst = "m_axi">   --->   Core 121 'm_axi' <Latency = 0> <II = 1> <Delay = 1.00> <Adapter> <Opcode : 'read' 'write' 'readreq' 'writereq' 'writeresp'>

State 70 <SV = 67> <Delay = 7.30>
ST_70 : Operation 193 [11/38] (7.30ns)   --->   "%empty_42 = readreq i1 @_ssdm_op_ReadReq.m_axi.p1i256, i256 %concat_data_addr_1, i32 %div_cast" [/home/ytq/codeField/Prediction_Model_Accelerator/CSIM/Concat_HLS/Concat_HLS/src/../include/helpers.hpp:20]   --->   Operation 193 'readreq' 'empty_42' <Predicate = true> <Delay = 7.30> <CoreInst = "m_axi">   --->   Core 121 'm_axi' <Latency = 0> <II = 1> <Delay = 1.00> <Adapter> <Opcode : 'read' 'write' 'readreq' 'writereq' 'writeresp'>

State 71 <SV = 68> <Delay = 7.30>
ST_71 : Operation 194 [10/38] (7.30ns)   --->   "%empty_42 = readreq i1 @_ssdm_op_ReadReq.m_axi.p1i256, i256 %concat_data_addr_1, i32 %div_cast" [/home/ytq/codeField/Prediction_Model_Accelerator/CSIM/Concat_HLS/Concat_HLS/src/../include/helpers.hpp:20]   --->   Operation 194 'readreq' 'empty_42' <Predicate = true> <Delay = 7.30> <CoreInst = "m_axi">   --->   Core 121 'm_axi' <Latency = 0> <II = 1> <Delay = 1.00> <Adapter> <Opcode : 'read' 'write' 'readreq' 'writereq' 'writeresp'>

State 72 <SV = 69> <Delay = 7.30>
ST_72 : Operation 195 [9/38] (7.30ns)   --->   "%empty_42 = readreq i1 @_ssdm_op_ReadReq.m_axi.p1i256, i256 %concat_data_addr_1, i32 %div_cast" [/home/ytq/codeField/Prediction_Model_Accelerator/CSIM/Concat_HLS/Concat_HLS/src/../include/helpers.hpp:20]   --->   Operation 195 'readreq' 'empty_42' <Predicate = true> <Delay = 7.30> <CoreInst = "m_axi">   --->   Core 121 'm_axi' <Latency = 0> <II = 1> <Delay = 1.00> <Adapter> <Opcode : 'read' 'write' 'readreq' 'writereq' 'writeresp'>

State 73 <SV = 70> <Delay = 7.30>
ST_73 : Operation 196 [8/38] (7.30ns)   --->   "%empty_42 = readreq i1 @_ssdm_op_ReadReq.m_axi.p1i256, i256 %concat_data_addr_1, i32 %div_cast" [/home/ytq/codeField/Prediction_Model_Accelerator/CSIM/Concat_HLS/Concat_HLS/src/../include/helpers.hpp:20]   --->   Operation 196 'readreq' 'empty_42' <Predicate = true> <Delay = 7.30> <CoreInst = "m_axi">   --->   Core 121 'm_axi' <Latency = 0> <II = 1> <Delay = 1.00> <Adapter> <Opcode : 'read' 'write' 'readreq' 'writereq' 'writeresp'>

State 74 <SV = 71> <Delay = 7.30>
ST_74 : Operation 197 [7/38] (7.30ns)   --->   "%empty_42 = readreq i1 @_ssdm_op_ReadReq.m_axi.p1i256, i256 %concat_data_addr_1, i32 %div_cast" [/home/ytq/codeField/Prediction_Model_Accelerator/CSIM/Concat_HLS/Concat_HLS/src/../include/helpers.hpp:20]   --->   Operation 197 'readreq' 'empty_42' <Predicate = true> <Delay = 7.30> <CoreInst = "m_axi">   --->   Core 121 'm_axi' <Latency = 0> <II = 1> <Delay = 1.00> <Adapter> <Opcode : 'read' 'write' 'readreq' 'writereq' 'writeresp'>

State 75 <SV = 72> <Delay = 7.30>
ST_75 : Operation 198 [6/38] (7.30ns)   --->   "%empty_42 = readreq i1 @_ssdm_op_ReadReq.m_axi.p1i256, i256 %concat_data_addr_1, i32 %div_cast" [/home/ytq/codeField/Prediction_Model_Accelerator/CSIM/Concat_HLS/Concat_HLS/src/../include/helpers.hpp:20]   --->   Operation 198 'readreq' 'empty_42' <Predicate = true> <Delay = 7.30> <CoreInst = "m_axi">   --->   Core 121 'm_axi' <Latency = 0> <II = 1> <Delay = 1.00> <Adapter> <Opcode : 'read' 'write' 'readreq' 'writereq' 'writeresp'>

State 76 <SV = 73> <Delay = 7.30>
ST_76 : Operation 199 [5/38] (7.30ns)   --->   "%empty_42 = readreq i1 @_ssdm_op_ReadReq.m_axi.p1i256, i256 %concat_data_addr_1, i32 %div_cast" [/home/ytq/codeField/Prediction_Model_Accelerator/CSIM/Concat_HLS/Concat_HLS/src/../include/helpers.hpp:20]   --->   Operation 199 'readreq' 'empty_42' <Predicate = true> <Delay = 7.30> <CoreInst = "m_axi">   --->   Core 121 'm_axi' <Latency = 0> <II = 1> <Delay = 1.00> <Adapter> <Opcode : 'read' 'write' 'readreq' 'writereq' 'writeresp'>

State 77 <SV = 74> <Delay = 7.30>
ST_77 : Operation 200 [4/38] (7.30ns)   --->   "%empty_42 = readreq i1 @_ssdm_op_ReadReq.m_axi.p1i256, i256 %concat_data_addr_1, i32 %div_cast" [/home/ytq/codeField/Prediction_Model_Accelerator/CSIM/Concat_HLS/Concat_HLS/src/../include/helpers.hpp:20]   --->   Operation 200 'readreq' 'empty_42' <Predicate = true> <Delay = 7.30> <CoreInst = "m_axi">   --->   Core 121 'm_axi' <Latency = 0> <II = 1> <Delay = 1.00> <Adapter> <Opcode : 'read' 'write' 'readreq' 'writereq' 'writeresp'>

State 78 <SV = 75> <Delay = 7.30>
ST_78 : Operation 201 [3/38] (7.30ns)   --->   "%empty_42 = readreq i1 @_ssdm_op_ReadReq.m_axi.p1i256, i256 %concat_data_addr_1, i32 %div_cast" [/home/ytq/codeField/Prediction_Model_Accelerator/CSIM/Concat_HLS/Concat_HLS/src/../include/helpers.hpp:20]   --->   Operation 201 'readreq' 'empty_42' <Predicate = true> <Delay = 7.30> <CoreInst = "m_axi">   --->   Core 121 'm_axi' <Latency = 0> <II = 1> <Delay = 1.00> <Adapter> <Opcode : 'read' 'write' 'readreq' 'writereq' 'writeresp'>

State 79 <SV = 76> <Delay = 7.30>
ST_79 : Operation 202 [2/38] (7.30ns)   --->   "%empty_42 = readreq i1 @_ssdm_op_ReadReq.m_axi.p1i256, i256 %concat_data_addr_1, i32 %div_cast" [/home/ytq/codeField/Prediction_Model_Accelerator/CSIM/Concat_HLS/Concat_HLS/src/../include/helpers.hpp:20]   --->   Operation 202 'readreq' 'empty_42' <Predicate = true> <Delay = 7.30> <CoreInst = "m_axi">   --->   Core 121 'm_axi' <Latency = 0> <II = 1> <Delay = 1.00> <Adapter> <Opcode : 'read' 'write' 'readreq' 'writereq' 'writeresp'>

State 80 <SV = 77> <Delay = 7.30>
ST_80 : Operation 203 [1/38] (7.30ns)   --->   "%empty_42 = readreq i1 @_ssdm_op_ReadReq.m_axi.p1i256, i256 %concat_data_addr_1, i32 %div_cast" [/home/ytq/codeField/Prediction_Model_Accelerator/CSIM/Concat_HLS/Concat_HLS/src/../include/helpers.hpp:20]   --->   Operation 203 'readreq' 'empty_42' <Predicate = true> <Delay = 7.30> <CoreInst = "m_axi">   --->   Core 121 'm_axi' <Latency = 0> <II = 1> <Delay = 1.00> <Adapter> <Opcode : 'read' 'write' 'readreq' 'writereq' 'writeresp'>
ST_80 : Operation 204 [1/1] (0.00ns)   --->   "%br_ln20 = br void %for.body.i.i34" [/home/ytq/codeField/Prediction_Model_Accelerator/CSIM/Concat_HLS/Concat_HLS/src/../include/helpers.hpp:20]   --->   Operation 204 'br' 'br_ln20' <Predicate = true> <Delay = 0.00>

State 81 <SV = 78> <Delay = 1.45>
ST_81 : Operation 205 [1/1] (0.00ns)   --->   "%i_5 = load i27 %i_2" [/home/ytq/codeField/Prediction_Model_Accelerator/CSIM/Concat_HLS/Concat_HLS/src/../include/helpers.hpp:20]   --->   Operation 205 'load' 'i_5' <Predicate = (!icmp_ln15)> <Delay = 0.00>
ST_81 : Operation 206 [1/1] (1.02ns)   --->   "%icmp_ln20 = icmp_eq  i27 %i_5, i27 %div" [/home/ytq/codeField/Prediction_Model_Accelerator/CSIM/Concat_HLS/Concat_HLS/src/../include/helpers.hpp:20]   --->   Operation 206 'icmp' 'icmp_ln20' <Predicate = (!icmp_ln15)> <Delay = 1.02> <CoreInst = "Cmp">   --->   Core 9 'Cmp' <Latency = 0> <II = 1> <Delay = 1.02> <FuncUnit> <Opcode : 'icmp'> <InPorts = 2> <OutPorts = 1>
ST_81 : Operation 207 [1/1] (0.00ns)   --->   "%empty_43 = speclooptripcount i32 @_ssdm_op_SpecLoopTripCount, i64 1, i64 18446744073709551615, i64 0"   --->   Operation 207 'speclooptripcount' 'empty_43' <Predicate = (!icmp_ln15)> <Delay = 0.00>
ST_81 : Operation 208 [1/1] (0.96ns)   --->   "%add_ln20_1 = add i27 %i_5, i27 1" [/home/ytq/codeField/Prediction_Model_Accelerator/CSIM/Concat_HLS/Concat_HLS/src/../include/helpers.hpp:20]   --->   Operation 208 'add' 'add_ln20_1' <Predicate = (!icmp_ln15)> <Delay = 0.96> <CoreInst = "Adder">   --->   Core 1 'Adder' <Latency = 0> <II = 1> <Delay = 0.96> <FuncUnit> <Opcode : 'add' 'sub'> <InPorts = 2> <OutPorts = 1>
ST_81 : Operation 209 [1/1] (0.00ns)   --->   "%br_ln20 = br i1 %icmp_ln20, void %for.body.i.i34.split, void %for.end18.loopexit" [/home/ytq/codeField/Prediction_Model_Accelerator/CSIM/Concat_HLS/Concat_HLS/src/../include/helpers.hpp:20]   --->   Operation 209 'br' 'br_ln20' <Predicate = (!icmp_ln15)> <Delay = 0.00>
ST_81 : Operation 210 [1/1] (0.42ns)   --->   "%store_ln20 = store i27 %add_ln20_1, i27 %i_2" [/home/ytq/codeField/Prediction_Model_Accelerator/CSIM/Concat_HLS/Concat_HLS/src/../include/helpers.hpp:20]   --->   Operation 210 'store' 'store_ln20' <Predicate = (!icmp_ln15 & !icmp_ln20)> <Delay = 0.42>
ST_81 : Operation 211 [1/1] (0.00ns)   --->   "%br_ln0 = br void %for.end18"   --->   Operation 211 'br' 'br_ln0' <Predicate = (!icmp_ln15 & icmp_ln20)> <Delay = 0.00>
ST_81 : Operation 212 [1/1] (0.00ns)   --->   "%ret_ln24 = ret" [/home/ytq/codeField/Prediction_Model_Accelerator/CSIM/Concat_HLS/Concat_HLS/src/../include/helpers.hpp:24]   --->   Operation 212 'ret' 'ret_ln24' <Predicate = (icmp_ln20) | (icmp_ln15)> <Delay = 0.00>

State 82 <SV = 79> <Delay = 7.30>
ST_82 : Operation 213 [1/1] (7.30ns)   --->   "%p_Val2_1 = read i256 @_ssdm_op_Read.m_axi.p1i256, i256 %concat_data_addr_1"   --->   Operation 213 'read' 'p_Val2_1' <Predicate = true> <Delay = 7.30> <CoreInst = "m_axi">   --->   Core 121 'm_axi' <Latency = 0> <II = 1> <Delay = 1.00> <Adapter> <Opcode : 'read' 'write' 'readreq' 'writereq' 'writeresp'>

State 83 <SV = 80> <Delay = 1.55>
ST_83 : Operation 214 [1/1] (0.00ns)   --->   "%specloopname_ln20 = specloopname void @_ssdm_op_SpecLoopName, void @empty_15" [/home/ytq/codeField/Prediction_Model_Accelerator/CSIM/Concat_HLS/Concat_HLS/src/../include/helpers.hpp:20]   --->   Operation 214 'specloopname' 'specloopname_ln20' <Predicate = true> <Delay = 0.00>
ST_83 : Operation 215 [1/1] (1.55ns)   --->   "%write_ln22 = write void @_ssdm_op_Write.ap_fifo.volatile.i256P0A, i256 %input_stream, i256 %p_Val2_1" [/home/ytq/codeField/Prediction_Model_Accelerator/CSIM/Concat_HLS/Concat_HLS/src/../include/helpers.hpp:22]   --->   Operation 215 'write' 'write_ln22' <Predicate = true> <Delay = 1.55> <CoreInst = "FIFO">   --->   Core 78 'FIFO' <Latency = 0> <II = 1> <Delay = 1.55> <Storage> <Opcode : 'read' 'write' 'nbread' 'nbwrite'> <Ports = 0> <Width = 256> <Depth = 64> <FIFO>
ST_83 : Operation 216 [1/1] (0.00ns)   --->   "%br_ln20 = br void %for.body.i.i34" [/home/ytq/codeField/Prediction_Model_Accelerator/CSIM/Concat_HLS/Concat_HLS/src/../include/helpers.hpp:20]   --->   Operation 216 'br' 'br_ln20' <Predicate = true> <Delay = 0.00>


============================================================
+ Verbose Summary: Timing violations
============================================================
Target clock period: 10ns, clock uncertainty: 2.7ns.

 <State 1>: 4.87ns
The critical path consists of the following:
	wire read operation ('COLS_read') on port 'COLS' [11]  (0 ns)
	'mul' operation ('mul') [22]  (3.42 ns)
	'icmp' operation ('icmp_ln15', /home/ytq/codeField/Prediction_Model_Accelerator/CSIM/Concat_HLS/Concat_HLS/src/../include/helpers.hpp:15) [25]  (1.03 ns)
	blocking operation 0.427 ns on control path)

 <State 2>: 7.3ns
The critical path consists of the following:
	'getelementptr' operation ('concat_data_addr', /home/ytq/codeField/Prediction_Model_Accelerator/CSIM/Concat_HLS/Concat_HLS/src/../include/helpers.hpp:15) [34]  (0 ns)
	bus request operation ('empty', /home/ytq/codeField/Prediction_Model_Accelerator/CSIM/Concat_HLS/Concat_HLS/src/../include/helpers.hpp:15) on port 'concat_data' (/home/ytq/codeField/Prediction_Model_Accelerator/CSIM/Concat_HLS/Concat_HLS/src/../include/helpers.hpp:15) [35]  (7.3 ns)

 <State 3>: 7.3ns
The critical path consists of the following:
	bus request operation ('empty', /home/ytq/codeField/Prediction_Model_Accelerator/CSIM/Concat_HLS/Concat_HLS/src/../include/helpers.hpp:15) on port 'concat_data' (/home/ytq/codeField/Prediction_Model_Accelerator/CSIM/Concat_HLS/Concat_HLS/src/../include/helpers.hpp:15) [35]  (7.3 ns)

 <State 4>: 7.3ns
The critical path consists of the following:
	bus request operation ('empty', /home/ytq/codeField/Prediction_Model_Accelerator/CSIM/Concat_HLS/Concat_HLS/src/../include/helpers.hpp:15) on port 'concat_data' (/home/ytq/codeField/Prediction_Model_Accelerator/CSIM/Concat_HLS/Concat_HLS/src/../include/helpers.hpp:15) [35]  (7.3 ns)

 <State 5>: 7.3ns
The critical path consists of the following:
	bus request operation ('empty', /home/ytq/codeField/Prediction_Model_Accelerator/CSIM/Concat_HLS/Concat_HLS/src/../include/helpers.hpp:15) on port 'concat_data' (/home/ytq/codeField/Prediction_Model_Accelerator/CSIM/Concat_HLS/Concat_HLS/src/../include/helpers.hpp:15) [35]  (7.3 ns)

 <State 6>: 7.3ns
The critical path consists of the following:
	bus request operation ('empty', /home/ytq/codeField/Prediction_Model_Accelerator/CSIM/Concat_HLS/Concat_HLS/src/../include/helpers.hpp:15) on port 'concat_data' (/home/ytq/codeField/Prediction_Model_Accelerator/CSIM/Concat_HLS/Concat_HLS/src/../include/helpers.hpp:15) [35]  (7.3 ns)

 <State 7>: 7.3ns
The critical path consists of the following:
	bus request operation ('empty', /home/ytq/codeField/Prediction_Model_Accelerator/CSIM/Concat_HLS/Concat_HLS/src/../include/helpers.hpp:15) on port 'concat_data' (/home/ytq/codeField/Prediction_Model_Accelerator/CSIM/Concat_HLS/Concat_HLS/src/../include/helpers.hpp:15) [35]  (7.3 ns)

 <State 8>: 7.3ns
The critical path consists of the following:
	bus request operation ('empty', /home/ytq/codeField/Prediction_Model_Accelerator/CSIM/Concat_HLS/Concat_HLS/src/../include/helpers.hpp:15) on port 'concat_data' (/home/ytq/codeField/Prediction_Model_Accelerator/CSIM/Concat_HLS/Concat_HLS/src/../include/helpers.hpp:15) [35]  (7.3 ns)

 <State 9>: 7.3ns
The critical path consists of the following:
	bus request operation ('empty', /home/ytq/codeField/Prediction_Model_Accelerator/CSIM/Concat_HLS/Concat_HLS/src/../include/helpers.hpp:15) on port 'concat_data' (/home/ytq/codeField/Prediction_Model_Accelerator/CSIM/Concat_HLS/Concat_HLS/src/../include/helpers.hpp:15) [35]  (7.3 ns)

 <State 10>: 7.3ns
The critical path consists of the following:
	bus request operation ('empty', /home/ytq/codeField/Prediction_Model_Accelerator/CSIM/Concat_HLS/Concat_HLS/src/../include/helpers.hpp:15) on port 'concat_data' (/home/ytq/codeField/Prediction_Model_Accelerator/CSIM/Concat_HLS/Concat_HLS/src/../include/helpers.hpp:15) [35]  (7.3 ns)

 <State 11>: 7.3ns
The critical path consists of the following:
	bus request operation ('empty', /home/ytq/codeField/Prediction_Model_Accelerator/CSIM/Concat_HLS/Concat_HLS/src/../include/helpers.hpp:15) on port 'concat_data' (/home/ytq/codeField/Prediction_Model_Accelerator/CSIM/Concat_HLS/Concat_HLS/src/../include/helpers.hpp:15) [35]  (7.3 ns)

 <State 12>: 7.3ns
The critical path consists of the following:
	bus request operation ('empty', /home/ytq/codeField/Prediction_Model_Accelerator/CSIM/Concat_HLS/Concat_HLS/src/../include/helpers.hpp:15) on port 'concat_data' (/home/ytq/codeField/Prediction_Model_Accelerator/CSIM/Concat_HLS/Concat_HLS/src/../include/helpers.hpp:15) [35]  (7.3 ns)

 <State 13>: 7.3ns
The critical path consists of the following:
	bus request operation ('empty', /home/ytq/codeField/Prediction_Model_Accelerator/CSIM/Concat_HLS/Concat_HLS/src/../include/helpers.hpp:15) on port 'concat_data' (/home/ytq/codeField/Prediction_Model_Accelerator/CSIM/Concat_HLS/Concat_HLS/src/../include/helpers.hpp:15) [35]  (7.3 ns)

 <State 14>: 7.3ns
The critical path consists of the following:
	bus request operation ('empty', /home/ytq/codeField/Prediction_Model_Accelerator/CSIM/Concat_HLS/Concat_HLS/src/../include/helpers.hpp:15) on port 'concat_data' (/home/ytq/codeField/Prediction_Model_Accelerator/CSIM/Concat_HLS/Concat_HLS/src/../include/helpers.hpp:15) [35]  (7.3 ns)

 <State 15>: 7.3ns
The critical path consists of the following:
	bus request operation ('empty', /home/ytq/codeField/Prediction_Model_Accelerator/CSIM/Concat_HLS/Concat_HLS/src/../include/helpers.hpp:15) on port 'concat_data' (/home/ytq/codeField/Prediction_Model_Accelerator/CSIM/Concat_HLS/Concat_HLS/src/../include/helpers.hpp:15) [35]  (7.3 ns)

 <State 16>: 7.3ns
The critical path consists of the following:
	bus request operation ('empty', /home/ytq/codeField/Prediction_Model_Accelerator/CSIM/Concat_HLS/Concat_HLS/src/../include/helpers.hpp:15) on port 'concat_data' (/home/ytq/codeField/Prediction_Model_Accelerator/CSIM/Concat_HLS/Concat_HLS/src/../include/helpers.hpp:15) [35]  (7.3 ns)

 <State 17>: 7.3ns
The critical path consists of the following:
	bus request operation ('empty', /home/ytq/codeField/Prediction_Model_Accelerator/CSIM/Concat_HLS/Concat_HLS/src/../include/helpers.hpp:15) on port 'concat_data' (/home/ytq/codeField/Prediction_Model_Accelerator/CSIM/Concat_HLS/Concat_HLS/src/../include/helpers.hpp:15) [35]  (7.3 ns)

 <State 18>: 7.3ns
The critical path consists of the following:
	bus request operation ('empty', /home/ytq/codeField/Prediction_Model_Accelerator/CSIM/Concat_HLS/Concat_HLS/src/../include/helpers.hpp:15) on port 'concat_data' (/home/ytq/codeField/Prediction_Model_Accelerator/CSIM/Concat_HLS/Concat_HLS/src/../include/helpers.hpp:15) [35]  (7.3 ns)

 <State 19>: 7.3ns
The critical path consists of the following:
	bus request operation ('empty', /home/ytq/codeField/Prediction_Model_Accelerator/CSIM/Concat_HLS/Concat_HLS/src/../include/helpers.hpp:15) on port 'concat_data' (/home/ytq/codeField/Prediction_Model_Accelerator/CSIM/Concat_HLS/Concat_HLS/src/../include/helpers.hpp:15) [35]  (7.3 ns)

 <State 20>: 7.3ns
The critical path consists of the following:
	bus request operation ('empty', /home/ytq/codeField/Prediction_Model_Accelerator/CSIM/Concat_HLS/Concat_HLS/src/../include/helpers.hpp:15) on port 'concat_data' (/home/ytq/codeField/Prediction_Model_Accelerator/CSIM/Concat_HLS/Concat_HLS/src/../include/helpers.hpp:15) [35]  (7.3 ns)

 <State 21>: 7.3ns
The critical path consists of the following:
	bus request operation ('empty', /home/ytq/codeField/Prediction_Model_Accelerator/CSIM/Concat_HLS/Concat_HLS/src/../include/helpers.hpp:15) on port 'concat_data' (/home/ytq/codeField/Prediction_Model_Accelerator/CSIM/Concat_HLS/Concat_HLS/src/../include/helpers.hpp:15) [35]  (7.3 ns)

 <State 22>: 7.3ns
The critical path consists of the following:
	bus request operation ('empty', /home/ytq/codeField/Prediction_Model_Accelerator/CSIM/Concat_HLS/Concat_HLS/src/../include/helpers.hpp:15) on port 'concat_data' (/home/ytq/codeField/Prediction_Model_Accelerator/CSIM/Concat_HLS/Concat_HLS/src/../include/helpers.hpp:15) [35]  (7.3 ns)

 <State 23>: 7.3ns
The critical path consists of the following:
	bus request operation ('empty', /home/ytq/codeField/Prediction_Model_Accelerator/CSIM/Concat_HLS/Concat_HLS/src/../include/helpers.hpp:15) on port 'concat_data' (/home/ytq/codeField/Prediction_Model_Accelerator/CSIM/Concat_HLS/Concat_HLS/src/../include/helpers.hpp:15) [35]  (7.3 ns)

 <State 24>: 7.3ns
The critical path consists of the following:
	bus request operation ('empty', /home/ytq/codeField/Prediction_Model_Accelerator/CSIM/Concat_HLS/Concat_HLS/src/../include/helpers.hpp:15) on port 'concat_data' (/home/ytq/codeField/Prediction_Model_Accelerator/CSIM/Concat_HLS/Concat_HLS/src/../include/helpers.hpp:15) [35]  (7.3 ns)

 <State 25>: 7.3ns
The critical path consists of the following:
	bus request operation ('empty', /home/ytq/codeField/Prediction_Model_Accelerator/CSIM/Concat_HLS/Concat_HLS/src/../include/helpers.hpp:15) on port 'concat_data' (/home/ytq/codeField/Prediction_Model_Accelerator/CSIM/Concat_HLS/Concat_HLS/src/../include/helpers.hpp:15) [35]  (7.3 ns)

 <State 26>: 7.3ns
The critical path consists of the following:
	bus request operation ('empty', /home/ytq/codeField/Prediction_Model_Accelerator/CSIM/Concat_HLS/Concat_HLS/src/../include/helpers.hpp:15) on port 'concat_data' (/home/ytq/codeField/Prediction_Model_Accelerator/CSIM/Concat_HLS/Concat_HLS/src/../include/helpers.hpp:15) [35]  (7.3 ns)

 <State 27>: 7.3ns
The critical path consists of the following:
	bus request operation ('empty', /home/ytq/codeField/Prediction_Model_Accelerator/CSIM/Concat_HLS/Concat_HLS/src/../include/helpers.hpp:15) on port 'concat_data' (/home/ytq/codeField/Prediction_Model_Accelerator/CSIM/Concat_HLS/Concat_HLS/src/../include/helpers.hpp:15) [35]  (7.3 ns)

 <State 28>: 7.3ns
The critical path consists of the following:
	bus request operation ('empty', /home/ytq/codeField/Prediction_Model_Accelerator/CSIM/Concat_HLS/Concat_HLS/src/../include/helpers.hpp:15) on port 'concat_data' (/home/ytq/codeField/Prediction_Model_Accelerator/CSIM/Concat_HLS/Concat_HLS/src/../include/helpers.hpp:15) [35]  (7.3 ns)

 <State 29>: 7.3ns
The critical path consists of the following:
	bus request operation ('empty', /home/ytq/codeField/Prediction_Model_Accelerator/CSIM/Concat_HLS/Concat_HLS/src/../include/helpers.hpp:15) on port 'concat_data' (/home/ytq/codeField/Prediction_Model_Accelerator/CSIM/Concat_HLS/Concat_HLS/src/../include/helpers.hpp:15) [35]  (7.3 ns)

 <State 30>: 7.3ns
The critical path consists of the following:
	bus request operation ('empty', /home/ytq/codeField/Prediction_Model_Accelerator/CSIM/Concat_HLS/Concat_HLS/src/../include/helpers.hpp:15) on port 'concat_data' (/home/ytq/codeField/Prediction_Model_Accelerator/CSIM/Concat_HLS/Concat_HLS/src/../include/helpers.hpp:15) [35]  (7.3 ns)

 <State 31>: 7.3ns
The critical path consists of the following:
	bus request operation ('empty', /home/ytq/codeField/Prediction_Model_Accelerator/CSIM/Concat_HLS/Concat_HLS/src/../include/helpers.hpp:15) on port 'concat_data' (/home/ytq/codeField/Prediction_Model_Accelerator/CSIM/Concat_HLS/Concat_HLS/src/../include/helpers.hpp:15) [35]  (7.3 ns)

 <State 32>: 7.3ns
The critical path consists of the following:
	bus request operation ('empty', /home/ytq/codeField/Prediction_Model_Accelerator/CSIM/Concat_HLS/Concat_HLS/src/../include/helpers.hpp:15) on port 'concat_data' (/home/ytq/codeField/Prediction_Model_Accelerator/CSIM/Concat_HLS/Concat_HLS/src/../include/helpers.hpp:15) [35]  (7.3 ns)

 <State 33>: 7.3ns
The critical path consists of the following:
	bus request operation ('empty', /home/ytq/codeField/Prediction_Model_Accelerator/CSIM/Concat_HLS/Concat_HLS/src/../include/helpers.hpp:15) on port 'concat_data' (/home/ytq/codeField/Prediction_Model_Accelerator/CSIM/Concat_HLS/Concat_HLS/src/../include/helpers.hpp:15) [35]  (7.3 ns)

 <State 34>: 7.3ns
The critical path consists of the following:
	bus request operation ('empty', /home/ytq/codeField/Prediction_Model_Accelerator/CSIM/Concat_HLS/Concat_HLS/src/../include/helpers.hpp:15) on port 'concat_data' (/home/ytq/codeField/Prediction_Model_Accelerator/CSIM/Concat_HLS/Concat_HLS/src/../include/helpers.hpp:15) [35]  (7.3 ns)

 <State 35>: 7.3ns
The critical path consists of the following:
	bus request operation ('empty', /home/ytq/codeField/Prediction_Model_Accelerator/CSIM/Concat_HLS/Concat_HLS/src/../include/helpers.hpp:15) on port 'concat_data' (/home/ytq/codeField/Prediction_Model_Accelerator/CSIM/Concat_HLS/Concat_HLS/src/../include/helpers.hpp:15) [35]  (7.3 ns)

 <State 36>: 7.3ns
The critical path consists of the following:
	bus request operation ('empty', /home/ytq/codeField/Prediction_Model_Accelerator/CSIM/Concat_HLS/Concat_HLS/src/../include/helpers.hpp:15) on port 'concat_data' (/home/ytq/codeField/Prediction_Model_Accelerator/CSIM/Concat_HLS/Concat_HLS/src/../include/helpers.hpp:15) [35]  (7.3 ns)

 <State 37>: 7.3ns
The critical path consists of the following:
	bus request operation ('empty', /home/ytq/codeField/Prediction_Model_Accelerator/CSIM/Concat_HLS/Concat_HLS/src/../include/helpers.hpp:15) on port 'concat_data' (/home/ytq/codeField/Prediction_Model_Accelerator/CSIM/Concat_HLS/Concat_HLS/src/../include/helpers.hpp:15) [35]  (7.3 ns)

 <State 38>: 7.3ns
The critical path consists of the following:
	bus request operation ('empty', /home/ytq/codeField/Prediction_Model_Accelerator/CSIM/Concat_HLS/Concat_HLS/src/../include/helpers.hpp:15) on port 'concat_data' (/home/ytq/codeField/Prediction_Model_Accelerator/CSIM/Concat_HLS/Concat_HLS/src/../include/helpers.hpp:15) [35]  (7.3 ns)

 <State 39>: 7.3ns
The critical path consists of the following:
	bus request operation ('empty', /home/ytq/codeField/Prediction_Model_Accelerator/CSIM/Concat_HLS/Concat_HLS/src/../include/helpers.hpp:15) on port 'concat_data' (/home/ytq/codeField/Prediction_Model_Accelerator/CSIM/Concat_HLS/Concat_HLS/src/../include/helpers.hpp:15) [35]  (7.3 ns)

 <State 40>: 1.45ns
The critical path consists of the following:
	'load' operation ('i', /home/ytq/codeField/Prediction_Model_Accelerator/CSIM/Concat_HLS/Concat_HLS/src/../include/helpers.hpp:15) on local variable 'i' [39]  (0 ns)
	'add' operation ('add_ln15_1', /home/ytq/codeField/Prediction_Model_Accelerator/CSIM/Concat_HLS/Concat_HLS/src/../include/helpers.hpp:15) [42]  (0.965 ns)
	'store' operation ('store_ln15', /home/ytq/codeField/Prediction_Model_Accelerator/CSIM/Concat_HLS/Concat_HLS/src/../include/helpers.hpp:15) of variable 'add_ln15_1', /home/ytq/codeField/Prediction_Model_Accelerator/CSIM/Concat_HLS/Concat_HLS/src/../include/helpers.hpp:15 on local variable 'i' [48]  (0.427 ns)
	blocking operation 0.0606 ns on control path)

 <State 41>: 7.3ns
The critical path consists of the following:
	bus read operation ('__Val2__') on port 'concat_data' [46]  (7.3 ns)

 <State 42>: 1.56ns
The critical path consists of the following:
	fifo write operation ('write_ln17', /home/ytq/codeField/Prediction_Model_Accelerator/CSIM/Concat_HLS/Concat_HLS/src/../include/helpers.hpp:17) on port 'input_stream' (/home/ytq/codeField/Prediction_Model_Accelerator/CSIM/Concat_HLS/Concat_HLS/src/../include/helpers.hpp:17) [47]  (1.56 ns)

 <State 43>: 7.3ns
The critical path consists of the following:
	'getelementptr' operation ('concat_data_addr_1', /home/ytq/codeField/Prediction_Model_Accelerator/CSIM/Concat_HLS/Concat_HLS/src/../include/helpers.hpp:20) [57]  (0 ns)
	bus request operation ('empty_42', /home/ytq/codeField/Prediction_Model_Accelerator/CSIM/Concat_HLS/Concat_HLS/src/../include/helpers.hpp:20) on port 'concat_data' (/home/ytq/codeField/Prediction_Model_Accelerator/CSIM/Concat_HLS/Concat_HLS/src/../include/helpers.hpp:20) [58]  (7.3 ns)

 <State 44>: 7.3ns
The critical path consists of the following:
	bus request operation ('empty_42', /home/ytq/codeField/Prediction_Model_Accelerator/CSIM/Concat_HLS/Concat_HLS/src/../include/helpers.hpp:20) on port 'concat_data' (/home/ytq/codeField/Prediction_Model_Accelerator/CSIM/Concat_HLS/Concat_HLS/src/../include/helpers.hpp:20) [58]  (7.3 ns)

 <State 45>: 7.3ns
The critical path consists of the following:
	bus request operation ('empty_42', /home/ytq/codeField/Prediction_Model_Accelerator/CSIM/Concat_HLS/Concat_HLS/src/../include/helpers.hpp:20) on port 'concat_data' (/home/ytq/codeField/Prediction_Model_Accelerator/CSIM/Concat_HLS/Concat_HLS/src/../include/helpers.hpp:20) [58]  (7.3 ns)

 <State 46>: 7.3ns
The critical path consists of the following:
	bus request operation ('empty_42', /home/ytq/codeField/Prediction_Model_Accelerator/CSIM/Concat_HLS/Concat_HLS/src/../include/helpers.hpp:20) on port 'concat_data' (/home/ytq/codeField/Prediction_Model_Accelerator/CSIM/Concat_HLS/Concat_HLS/src/../include/helpers.hpp:20) [58]  (7.3 ns)

 <State 47>: 7.3ns
The critical path consists of the following:
	bus request operation ('empty_42', /home/ytq/codeField/Prediction_Model_Accelerator/CSIM/Concat_HLS/Concat_HLS/src/../include/helpers.hpp:20) on port 'concat_data' (/home/ytq/codeField/Prediction_Model_Accelerator/CSIM/Concat_HLS/Concat_HLS/src/../include/helpers.hpp:20) [58]  (7.3 ns)

 <State 48>: 7.3ns
The critical path consists of the following:
	bus request operation ('empty_42', /home/ytq/codeField/Prediction_Model_Accelerator/CSIM/Concat_HLS/Concat_HLS/src/../include/helpers.hpp:20) on port 'concat_data' (/home/ytq/codeField/Prediction_Model_Accelerator/CSIM/Concat_HLS/Concat_HLS/src/../include/helpers.hpp:20) [58]  (7.3 ns)

 <State 49>: 7.3ns
The critical path consists of the following:
	bus request operation ('empty_42', /home/ytq/codeField/Prediction_Model_Accelerator/CSIM/Concat_HLS/Concat_HLS/src/../include/helpers.hpp:20) on port 'concat_data' (/home/ytq/codeField/Prediction_Model_Accelerator/CSIM/Concat_HLS/Concat_HLS/src/../include/helpers.hpp:20) [58]  (7.3 ns)

 <State 50>: 7.3ns
The critical path consists of the following:
	bus request operation ('empty_42', /home/ytq/codeField/Prediction_Model_Accelerator/CSIM/Concat_HLS/Concat_HLS/src/../include/helpers.hpp:20) on port 'concat_data' (/home/ytq/codeField/Prediction_Model_Accelerator/CSIM/Concat_HLS/Concat_HLS/src/../include/helpers.hpp:20) [58]  (7.3 ns)

 <State 51>: 7.3ns
The critical path consists of the following:
	bus request operation ('empty_42', /home/ytq/codeField/Prediction_Model_Accelerator/CSIM/Concat_HLS/Concat_HLS/src/../include/helpers.hpp:20) on port 'concat_data' (/home/ytq/codeField/Prediction_Model_Accelerator/CSIM/Concat_HLS/Concat_HLS/src/../include/helpers.hpp:20) [58]  (7.3 ns)

 <State 52>: 7.3ns
The critical path consists of the following:
	bus request operation ('empty_42', /home/ytq/codeField/Prediction_Model_Accelerator/CSIM/Concat_HLS/Concat_HLS/src/../include/helpers.hpp:20) on port 'concat_data' (/home/ytq/codeField/Prediction_Model_Accelerator/CSIM/Concat_HLS/Concat_HLS/src/../include/helpers.hpp:20) [58]  (7.3 ns)

 <State 53>: 7.3ns
The critical path consists of the following:
	bus request operation ('empty_42', /home/ytq/codeField/Prediction_Model_Accelerator/CSIM/Concat_HLS/Concat_HLS/src/../include/helpers.hpp:20) on port 'concat_data' (/home/ytq/codeField/Prediction_Model_Accelerator/CSIM/Concat_HLS/Concat_HLS/src/../include/helpers.hpp:20) [58]  (7.3 ns)

 <State 54>: 7.3ns
The critical path consists of the following:
	bus request operation ('empty_42', /home/ytq/codeField/Prediction_Model_Accelerator/CSIM/Concat_HLS/Concat_HLS/src/../include/helpers.hpp:20) on port 'concat_data' (/home/ytq/codeField/Prediction_Model_Accelerator/CSIM/Concat_HLS/Concat_HLS/src/../include/helpers.hpp:20) [58]  (7.3 ns)

 <State 55>: 7.3ns
The critical path consists of the following:
	bus request operation ('empty_42', /home/ytq/codeField/Prediction_Model_Accelerator/CSIM/Concat_HLS/Concat_HLS/src/../include/helpers.hpp:20) on port 'concat_data' (/home/ytq/codeField/Prediction_Model_Accelerator/CSIM/Concat_HLS/Concat_HLS/src/../include/helpers.hpp:20) [58]  (7.3 ns)

 <State 56>: 7.3ns
The critical path consists of the following:
	bus request operation ('empty_42', /home/ytq/codeField/Prediction_Model_Accelerator/CSIM/Concat_HLS/Concat_HLS/src/../include/helpers.hpp:20) on port 'concat_data' (/home/ytq/codeField/Prediction_Model_Accelerator/CSIM/Concat_HLS/Concat_HLS/src/../include/helpers.hpp:20) [58]  (7.3 ns)

 <State 57>: 7.3ns
The critical path consists of the following:
	bus request operation ('empty_42', /home/ytq/codeField/Prediction_Model_Accelerator/CSIM/Concat_HLS/Concat_HLS/src/../include/helpers.hpp:20) on port 'concat_data' (/home/ytq/codeField/Prediction_Model_Accelerator/CSIM/Concat_HLS/Concat_HLS/src/../include/helpers.hpp:20) [58]  (7.3 ns)

 <State 58>: 7.3ns
The critical path consists of the following:
	bus request operation ('empty_42', /home/ytq/codeField/Prediction_Model_Accelerator/CSIM/Concat_HLS/Concat_HLS/src/../include/helpers.hpp:20) on port 'concat_data' (/home/ytq/codeField/Prediction_Model_Accelerator/CSIM/Concat_HLS/Concat_HLS/src/../include/helpers.hpp:20) [58]  (7.3 ns)

 <State 59>: 7.3ns
The critical path consists of the following:
	bus request operation ('empty_42', /home/ytq/codeField/Prediction_Model_Accelerator/CSIM/Concat_HLS/Concat_HLS/src/../include/helpers.hpp:20) on port 'concat_data' (/home/ytq/codeField/Prediction_Model_Accelerator/CSIM/Concat_HLS/Concat_HLS/src/../include/helpers.hpp:20) [58]  (7.3 ns)

 <State 60>: 7.3ns
The critical path consists of the following:
	bus request operation ('empty_42', /home/ytq/codeField/Prediction_Model_Accelerator/CSIM/Concat_HLS/Concat_HLS/src/../include/helpers.hpp:20) on port 'concat_data' (/home/ytq/codeField/Prediction_Model_Accelerator/CSIM/Concat_HLS/Concat_HLS/src/../include/helpers.hpp:20) [58]  (7.3 ns)

 <State 61>: 7.3ns
The critical path consists of the following:
	bus request operation ('empty_42', /home/ytq/codeField/Prediction_Model_Accelerator/CSIM/Concat_HLS/Concat_HLS/src/../include/helpers.hpp:20) on port 'concat_data' (/home/ytq/codeField/Prediction_Model_Accelerator/CSIM/Concat_HLS/Concat_HLS/src/../include/helpers.hpp:20) [58]  (7.3 ns)

 <State 62>: 7.3ns
The critical path consists of the following:
	bus request operation ('empty_42', /home/ytq/codeField/Prediction_Model_Accelerator/CSIM/Concat_HLS/Concat_HLS/src/../include/helpers.hpp:20) on port 'concat_data' (/home/ytq/codeField/Prediction_Model_Accelerator/CSIM/Concat_HLS/Concat_HLS/src/../include/helpers.hpp:20) [58]  (7.3 ns)

 <State 63>: 7.3ns
The critical path consists of the following:
	bus request operation ('empty_42', /home/ytq/codeField/Prediction_Model_Accelerator/CSIM/Concat_HLS/Concat_HLS/src/../include/helpers.hpp:20) on port 'concat_data' (/home/ytq/codeField/Prediction_Model_Accelerator/CSIM/Concat_HLS/Concat_HLS/src/../include/helpers.hpp:20) [58]  (7.3 ns)

 <State 64>: 7.3ns
The critical path consists of the following:
	bus request operation ('empty_42', /home/ytq/codeField/Prediction_Model_Accelerator/CSIM/Concat_HLS/Concat_HLS/src/../include/helpers.hpp:20) on port 'concat_data' (/home/ytq/codeField/Prediction_Model_Accelerator/CSIM/Concat_HLS/Concat_HLS/src/../include/helpers.hpp:20) [58]  (7.3 ns)

 <State 65>: 7.3ns
The critical path consists of the following:
	bus request operation ('empty_42', /home/ytq/codeField/Prediction_Model_Accelerator/CSIM/Concat_HLS/Concat_HLS/src/../include/helpers.hpp:20) on port 'concat_data' (/home/ytq/codeField/Prediction_Model_Accelerator/CSIM/Concat_HLS/Concat_HLS/src/../include/helpers.hpp:20) [58]  (7.3 ns)

 <State 66>: 7.3ns
The critical path consists of the following:
	bus request operation ('empty_42', /home/ytq/codeField/Prediction_Model_Accelerator/CSIM/Concat_HLS/Concat_HLS/src/../include/helpers.hpp:20) on port 'concat_data' (/home/ytq/codeField/Prediction_Model_Accelerator/CSIM/Concat_HLS/Concat_HLS/src/../include/helpers.hpp:20) [58]  (7.3 ns)

 <State 67>: 7.3ns
The critical path consists of the following:
	bus request operation ('empty_42', /home/ytq/codeField/Prediction_Model_Accelerator/CSIM/Concat_HLS/Concat_HLS/src/../include/helpers.hpp:20) on port 'concat_data' (/home/ytq/codeField/Prediction_Model_Accelerator/CSIM/Concat_HLS/Concat_HLS/src/../include/helpers.hpp:20) [58]  (7.3 ns)

 <State 68>: 7.3ns
The critical path consists of the following:
	bus request operation ('empty_42', /home/ytq/codeField/Prediction_Model_Accelerator/CSIM/Concat_HLS/Concat_HLS/src/../include/helpers.hpp:20) on port 'concat_data' (/home/ytq/codeField/Prediction_Model_Accelerator/CSIM/Concat_HLS/Concat_HLS/src/../include/helpers.hpp:20) [58]  (7.3 ns)

 <State 69>: 7.3ns
The critical path consists of the following:
	bus request operation ('empty_42', /home/ytq/codeField/Prediction_Model_Accelerator/CSIM/Concat_HLS/Concat_HLS/src/../include/helpers.hpp:20) on port 'concat_data' (/home/ytq/codeField/Prediction_Model_Accelerator/CSIM/Concat_HLS/Concat_HLS/src/../include/helpers.hpp:20) [58]  (7.3 ns)

 <State 70>: 7.3ns
The critical path consists of the following:
	bus request operation ('empty_42', /home/ytq/codeField/Prediction_Model_Accelerator/CSIM/Concat_HLS/Concat_HLS/src/../include/helpers.hpp:20) on port 'concat_data' (/home/ytq/codeField/Prediction_Model_Accelerator/CSIM/Concat_HLS/Concat_HLS/src/../include/helpers.hpp:20) [58]  (7.3 ns)

 <State 71>: 7.3ns
The critical path consists of the following:
	bus request operation ('empty_42', /home/ytq/codeField/Prediction_Model_Accelerator/CSIM/Concat_HLS/Concat_HLS/src/../include/helpers.hpp:20) on port 'concat_data' (/home/ytq/codeField/Prediction_Model_Accelerator/CSIM/Concat_HLS/Concat_HLS/src/../include/helpers.hpp:20) [58]  (7.3 ns)

 <State 72>: 7.3ns
The critical path consists of the following:
	bus request operation ('empty_42', /home/ytq/codeField/Prediction_Model_Accelerator/CSIM/Concat_HLS/Concat_HLS/src/../include/helpers.hpp:20) on port 'concat_data' (/home/ytq/codeField/Prediction_Model_Accelerator/CSIM/Concat_HLS/Concat_HLS/src/../include/helpers.hpp:20) [58]  (7.3 ns)

 <State 73>: 7.3ns
The critical path consists of the following:
	bus request operation ('empty_42', /home/ytq/codeField/Prediction_Model_Accelerator/CSIM/Concat_HLS/Concat_HLS/src/../include/helpers.hpp:20) on port 'concat_data' (/home/ytq/codeField/Prediction_Model_Accelerator/CSIM/Concat_HLS/Concat_HLS/src/../include/helpers.hpp:20) [58]  (7.3 ns)

 <State 74>: 7.3ns
The critical path consists of the following:
	bus request operation ('empty_42', /home/ytq/codeField/Prediction_Model_Accelerator/CSIM/Concat_HLS/Concat_HLS/src/../include/helpers.hpp:20) on port 'concat_data' (/home/ytq/codeField/Prediction_Model_Accelerator/CSIM/Concat_HLS/Concat_HLS/src/../include/helpers.hpp:20) [58]  (7.3 ns)

 <State 75>: 7.3ns
The critical path consists of the following:
	bus request operation ('empty_42', /home/ytq/codeField/Prediction_Model_Accelerator/CSIM/Concat_HLS/Concat_HLS/src/../include/helpers.hpp:20) on port 'concat_data' (/home/ytq/codeField/Prediction_Model_Accelerator/CSIM/Concat_HLS/Concat_HLS/src/../include/helpers.hpp:20) [58]  (7.3 ns)

 <State 76>: 7.3ns
The critical path consists of the following:
	bus request operation ('empty_42', /home/ytq/codeField/Prediction_Model_Accelerator/CSIM/Concat_HLS/Concat_HLS/src/../include/helpers.hpp:20) on port 'concat_data' (/home/ytq/codeField/Prediction_Model_Accelerator/CSIM/Concat_HLS/Concat_HLS/src/../include/helpers.hpp:20) [58]  (7.3 ns)

 <State 77>: 7.3ns
The critical path consists of the following:
	bus request operation ('empty_42', /home/ytq/codeField/Prediction_Model_Accelerator/CSIM/Concat_HLS/Concat_HLS/src/../include/helpers.hpp:20) on port 'concat_data' (/home/ytq/codeField/Prediction_Model_Accelerator/CSIM/Concat_HLS/Concat_HLS/src/../include/helpers.hpp:20) [58]  (7.3 ns)

 <State 78>: 7.3ns
The critical path consists of the following:
	bus request operation ('empty_42', /home/ytq/codeField/Prediction_Model_Accelerator/CSIM/Concat_HLS/Concat_HLS/src/../include/helpers.hpp:20) on port 'concat_data' (/home/ytq/codeField/Prediction_Model_Accelerator/CSIM/Concat_HLS/Concat_HLS/src/../include/helpers.hpp:20) [58]  (7.3 ns)

 <State 79>: 7.3ns
The critical path consists of the following:
	bus request operation ('empty_42', /home/ytq/codeField/Prediction_Model_Accelerator/CSIM/Concat_HLS/Concat_HLS/src/../include/helpers.hpp:20) on port 'concat_data' (/home/ytq/codeField/Prediction_Model_Accelerator/CSIM/Concat_HLS/Concat_HLS/src/../include/helpers.hpp:20) [58]  (7.3 ns)

 <State 80>: 7.3ns
The critical path consists of the following:
	bus request operation ('empty_42', /home/ytq/codeField/Prediction_Model_Accelerator/CSIM/Concat_HLS/Concat_HLS/src/../include/helpers.hpp:20) on port 'concat_data' (/home/ytq/codeField/Prediction_Model_Accelerator/CSIM/Concat_HLS/Concat_HLS/src/../include/helpers.hpp:20) [58]  (7.3 ns)

 <State 81>: 1.45ns
The critical path consists of the following:
	'load' operation ('i', /home/ytq/codeField/Prediction_Model_Accelerator/CSIM/Concat_HLS/Concat_HLS/src/../include/helpers.hpp:20) on local variable 'i' [62]  (0 ns)
	'add' operation ('add_ln20_1', /home/ytq/codeField/Prediction_Model_Accelerator/CSIM/Concat_HLS/Concat_HLS/src/../include/helpers.hpp:20) [65]  (0.965 ns)
	'store' operation ('store_ln20', /home/ytq/codeField/Prediction_Model_Accelerator/CSIM/Concat_HLS/Concat_HLS/src/../include/helpers.hpp:20) of variable 'add_ln20_1', /home/ytq/codeField/Prediction_Model_Accelerator/CSIM/Concat_HLS/Concat_HLS/src/../include/helpers.hpp:20 on local variable 'i' [71]  (0.427 ns)
	blocking operation 0.0606 ns on control path)

 <State 82>: 7.3ns
The critical path consists of the following:
	bus read operation ('__Val2__') on port 'concat_data' [69]  (7.3 ns)

 <State 83>: 1.56ns
The critical path consists of the following:
	fifo write operation ('write_ln22', /home/ytq/codeField/Prediction_Model_Accelerator/CSIM/Concat_HLS/Concat_HLS/src/../include/helpers.hpp:22) on port 'input_stream' (/home/ytq/codeField/Prediction_Model_Accelerator/CSIM/Concat_HLS/Concat_HLS/src/../include/helpers.hpp:22) [70]  (1.56 ns)


============================================================
+ Verbose Summary: Binding
============================================================
N/A
* FSMD analyzer results:
  - Output states:
 - Input state : 
  - Chain level:
	State 1
	State 2
	State 3
	State 4
	State 5
	State 6
	State 7
	State 8
	State 9
	State 10
	State 11
	State 12
	State 13
	State 14
	State 15
	State 16
	State 17
	State 18
	State 19
	State 20
	State 21
	State 22
	State 23
	State 24
	State 25
	State 26
	State 27
	State 28
	State 29
	State 30
	State 31
	State 32
	State 33
	State 34
	State 35
	State 36
	State 37
	State 38
	State 39
	State 40
	State 41
	State 42
	State 43
	State 44
	State 45
	State 46
	State 47
	State 48
	State 49
	State 50
	State 51
	State 52
	State 53
	State 54
	State 55
	State 56
	State 57
	State 58
	State 59
	State 60
	State 61
	State 62
	State 63
	State 64
	State 65
	State 66
	State 67
	State 68
	State 69
	State 70
	State 71
	State 72
	State 73
	State 74
	State 75
	State 76
	State 77
	State 78
	State 79
	State 80
	State 81
	State 82
	State 83


============================================================
+ Verbose Summary: Datapath Resource usage 
============================================================
N/A
