

================================================================
== Vitis HLS Report for 'read_inputs_ap_uint_256_ap_int_8_32u_Pipeline_4'
================================================================
* Date:           Wed May 22 10:27:43 2024

* Version:        2022.2 (Build 3670227 on Oct 13 2022)
* Project:        Concat_HLS.prj
* Solution:       sol (Vivado IP Flow Target)
* Product family: zynquplus
* Target device:  xczu7ev-ffvc1156-2-e


================================================================
== Performance Estimates
================================================================
+ Timing: 
    * Summary: 
    +--------+----------+----------+------------+
    |  Clock |  Target  | Estimated| Uncertainty|
    +--------+----------+----------+------------+
    |ap_clk  |  10.00 ns|  7.300 ns|     2.70 ns|
    +--------+----------+----------+------------+

+ Latency: 
    * Summary: 
    +---------+---------+----------+----------+-----+-----+---------+
    |  Latency (cycles) |  Latency (absolute) |  Interval | Pipeline|
    |   min   |   max   |    min   |    max   | min | max |   Type  |
    +---------+---------+----------+----------+-----+-----+---------+
    |       80|      110|  0.800 us|  1.100 us|   80|  110|       no|
    +---------+---------+----------+----------+-----+-----+---------+

    + Detail: 
        * Instance: 
        N/A

        * Loop: 
        +----------+---------+---------+----------+-----------+-----------+--------+----------+
        |          |  Latency (cycles) | Iteration|  Initiation Interval  |  Trip  |          |
        | Loop Name|   min   |   max   |  Latency |  achieved |   target  |  Count | Pipelined|
        +----------+---------+---------+----------+-----------+-----------+--------+----------+
        |- Loop 1  |       78|      108|        78|          1|          1|  1 ~ 31|       yes|
        +----------+---------+---------+----------+-----------+-----------+--------+----------+

============================================================
+ Verbose Summary: Synthesis Manager
============================================================
InlineROM: 1
ExposeGlobal: 0
============================================================
+ Verbose Summary: CDFG Model
============================================================
IsTopModel: 0
ResetActiveHigh: 1
IsCombinational: 0
IsDatapathOnly: 0
HasWiredReturn: 1
HasMFsm: 2
HasVarLatency: 1
IsPipeline: 0
IsRtlPipelined: 0
IsInstanceOverlapped: 0
IsDontTouch: 0
HasImplIP: 0
IsGatedGlobalClock: 0

+ Individual pipeline summary: 
  * Pipeline-0: initiation interval (II) = 1, depth = 78


============================================================
+ Verbose Summary: Schedule
============================================================
* Number of FSM states : 78
* Pipeline : 1
  Pipeline-0 : II = 1, D = 78, States = { 1 2 3 4 5 6 7 8 9 10 11 12 13 14 15 16 17 18 19 20 21 22 23 24 25 26 27 28 29 30 31 32 33 34 35 36 37 38 39 40 41 42 43 44 45 46 47 48 49 50 51 52 53 54 55 56 57 58 59 60 61 62 63 64 65 66 67 68 69 70 71 72 73 74 75 76 77 78 }
* Dataflow Pipeline: 0

* FSM state transitions: 
1 --> 2 
2 --> 3 
3 --> 4 
4 --> 5 
5 --> 6 
6 --> 7 
7 --> 8 
8 --> 9 
9 --> 10 
10 --> 11 
11 --> 12 
12 --> 13 
13 --> 14 
14 --> 15 
15 --> 16 
16 --> 17 
17 --> 18 
18 --> 19 
19 --> 20 
20 --> 21 
21 --> 22 
22 --> 23 
23 --> 24 
24 --> 25 
25 --> 26 
26 --> 27 
27 --> 28 
28 --> 29 
29 --> 30 
30 --> 31 
31 --> 32 
32 --> 33 
33 --> 34 
34 --> 35 
35 --> 36 
36 --> 37 
37 --> 38 
38 --> 39 
39 --> 40 
40 --> 41 
41 --> 42 
42 --> 43 
43 --> 44 
44 --> 45 
45 --> 46 
46 --> 47 
47 --> 48 
48 --> 49 
49 --> 50 
50 --> 51 
51 --> 52 
52 --> 53 
53 --> 54 
54 --> 55 
55 --> 56 
56 --> 57 
57 --> 58 
58 --> 59 
59 --> 60 
60 --> 61 
61 --> 62 
62 --> 63 
63 --> 64 
64 --> 65 
65 --> 66 
66 --> 67 
67 --> 68 
68 --> 69 
69 --> 70 
70 --> 71 
71 --> 72 
72 --> 73 
73 --> 74 
74 --> 75 
75 --> 76 
76 --> 77 
77 --> 78 
78 --> 

* FSM state operations: 

State 1 <SV = 0> <Delay = 2.10>
ST_1 : Operation 81 [1/1] (0.00ns)   --->   "%residual_loop_index = alloca i32 1"   --->   Operation 81 'alloca' 'residual_loop_index' <Predicate = true> <Delay = 0.00>
ST_1 : Operation 82 [1/1] (0.00ns)   --->   "%trunc_ln_read = read i5 @_ssdm_op_Read.ap_auto.i5, i5 %trunc_ln"   --->   Operation 82 'read' 'trunc_ln_read' <Predicate = true> <Delay = 0.00>
ST_1 : Operation 83 [1/1] (0.00ns)   --->   "%trunc_ln1_read = read i5 @_ssdm_op_Read.ap_auto.i5, i5 %trunc_ln1"   --->   Operation 83 'read' 'trunc_ln1_read' <Predicate = true> <Delay = 0.00>
ST_1 : Operation 84 [1/1] (0.00ns)   --->   "%add_ln20_1_read = read i64 @_ssdm_op_Read.ap_auto.i64, i64 %add_ln20_1"   --->   Operation 84 'read' 'add_ln20_1_read' <Predicate = true> <Delay = 0.00>
ST_1 : Operation 85 [1/1] (0.00ns)   --->   "%sub_ln19_cast1_read = read i5 @_ssdm_op_Read.ap_auto.i5, i5 %sub_ln19_cast1"   --->   Operation 85 'read' 'sub_ln19_cast1_read' <Predicate = true> <Delay = 0.00>
ST_1 : Operation 86 [1/1] (0.00ns)   --->   "%trunc_ln19_1_read = read i5 @_ssdm_op_Read.ap_auto.i5, i5 %trunc_ln19_1"   --->   Operation 86 'read' 'trunc_ln19_1_read' <Predicate = true> <Delay = 0.00>
ST_1 : Operation 87 [1/1] (0.00ns)   --->   "%add_ln20_2_read = read i64 @_ssdm_op_Read.ap_auto.i64, i64 %add_ln20_2"   --->   Operation 87 'read' 'add_ln20_2_read' <Predicate = true> <Delay = 0.00>
ST_1 : Operation 88 [1/1] (0.00ns)   --->   "%sext_ln19_read = read i33 @_ssdm_op_Read.ap_auto.i33, i33 %sext_ln19"   --->   Operation 88 'read' 'sext_ln19_read' <Predicate = true> <Delay = 0.00>
ST_1 : Operation 89 [1/1] (0.00ns)   --->   "%sext_ln19_cast = sext i33 %sext_ln19_read"   --->   Operation 89 'sext' 'sext_ln19_cast' <Predicate = true> <Delay = 0.00>
ST_1 : Operation 90 [1/1] (0.00ns)   --->   "%specinterface_ln0 = specinterface void @_ssdm_op_SpecInterface, i256 %concat_data, void @empty_1, i32 0, i32 0, void @empty_2, i32 32, i32 0, void @empty_3, void @empty_4, void @empty_2, i32 16, i32 16, i32 16, i32 16, void @empty_2, void @empty_2, i32 4294967295, i32 0"   --->   Operation 90 'specinterface' 'specinterface_ln0' <Predicate = true> <Delay = 0.00>
ST_1 : Operation 91 [1/1] (0.42ns)   --->   "%store_ln0 = store i5 0, i5 %residual_loop_index"   --->   Operation 91 'store' 'store_ln0' <Predicate = true> <Delay = 0.42>
ST_1 : Operation 92 [1/1] (0.00ns)   --->   "%br_ln0 = br void %loop-memcpy-residual"   --->   Operation 92 'br' 'br_ln0' <Predicate = true> <Delay = 0.00>
ST_1 : Operation 93 [1/1] (0.00ns)   --->   "%residual_loop_index_load = load i5 %residual_loop_index"   --->   Operation 93 'load' 'residual_loop_index_load' <Predicate = true> <Delay = 0.00>
ST_1 : Operation 94 [1/1] (0.00ns)   --->   "%residual_loop_index_cast29 = zext i5 %residual_loop_index_load"   --->   Operation 94 'zext' 'residual_loop_index_cast29' <Predicate = true> <Delay = 0.00>
ST_1 : Operation 95 [1/1] (1.01ns)   --->   "%tmp4 = add i34 %sext_ln19_cast, i34 %residual_loop_index_cast29"   --->   Operation 95 'add' 'tmp4' <Predicate = true> <Delay = 1.01> <CoreInst = "Adder">   --->   Core 1 'Adder' <Latency = 0> <II = 1> <Delay = 1.01> <FuncUnit> <Opcode : 'add' 'sub'> <InPorts = 2> <OutPorts = 1>
ST_1 : Operation 96 [1/1] (0.00ns)   --->   "%tmp4_cast = sext i34 %tmp4"   --->   Operation 96 'sext' 'tmp4_cast' <Predicate = true> <Delay = 0.00>
ST_1 : Operation 97 [1/1] (1.08ns)   --->   "%empty = add i64 %tmp4_cast, i64 %add_ln20_2_read"   --->   Operation 97 'add' 'empty' <Predicate = true> <Delay = 1.08> <CoreInst = "Adder">   --->   Core 1 'Adder' <Latency = 0> <II = 1> <Delay = 1.08> <FuncUnit> <Opcode : 'add' 'sub'> <InPorts = 2> <OutPorts = 1>
ST_1 : Operation 98 [1/1] (0.00ns)   --->   "%p_cast1 = partselect i59 @_ssdm_op_PartSelect.i59.i64.i32.i32, i64 %empty, i32 5, i32 63"   --->   Operation 98 'partselect' 'p_cast1' <Predicate = true> <Delay = 0.00>
ST_1 : Operation 99 [1/1] (1.08ns)   --->   "%empty_25 = add i64 %tmp4_cast, i64 %add_ln20_1_read"   --->   Operation 99 'add' 'empty_25' <Predicate = true> <Delay = 1.08> <CoreInst = "Adder">   --->   Core 1 'Adder' <Latency = 0> <II = 1> <Delay = 1.08> <FuncUnit> <Opcode : 'add' 'sub'> <InPorts = 2> <OutPorts = 1>
ST_1 : Operation 100 [1/1] (0.00ns)   --->   "%p_cast6 = partselect i59 @_ssdm_op_PartSelect.i59.i64.i32.i32, i64 %empty_25, i32 5, i32 63"   --->   Operation 100 'partselect' 'p_cast6' <Predicate = true> <Delay = 0.00>
ST_1 : Operation 101 [1/1] (0.78ns)   --->   "%empty_31 = add i5 %residual_loop_index_load, i5 1"   --->   Operation 101 'add' 'empty_31' <Predicate = true> <Delay = 0.78> <CoreInst = "Adder">   --->   Core 1 'Adder' <Latency = 0> <II = 1> <Delay = 0.78> <FuncUnit> <Opcode : 'add' 'sub'> <InPorts = 2> <OutPorts = 1>
ST_1 : Operation 102 [1/1] (0.75ns)   --->   "%exitcond = icmp_eq  i5 %empty_31, i5 %trunc_ln_read"   --->   Operation 102 'icmp' 'exitcond' <Predicate = true> <Delay = 0.75> <CoreInst = "Cmp">   --->   Core 9 'Cmp' <Latency = 0> <II = 1> <Delay = 0.75> <FuncUnit> <Opcode : 'icmp'> <InPorts = 2> <OutPorts = 1>
ST_1 : Operation 103 [1/1] (0.00ns)   --->   "%br_ln0 = br i1 %exitcond, void %loop-memcpy-residual.loop-memcpy-residual_crit_edge, void %post-loop-memcpy-expansion.loopexit.exitStub"   --->   Operation 103 'br' 'br_ln0' <Predicate = true> <Delay = 0.00>
ST_1 : Operation 104 [1/1] (0.42ns)   --->   "%store_ln0 = store i5 %empty_31, i5 %residual_loop_index"   --->   Operation 104 'store' 'store_ln0' <Predicate = (!exitcond)> <Delay = 0.42>
ST_1 : Operation 105 [1/1] (0.00ns)   --->   "%br_ln0 = br void %loop-memcpy-residual"   --->   Operation 105 'br' 'br_ln0' <Predicate = (!exitcond)> <Delay = 0.00>

State 2 <SV = 1> <Delay = 7.30>
ST_2 : Operation 106 [1/1] (0.00ns)   --->   "%p_cast11_cast = sext i59 %p_cast1"   --->   Operation 106 'sext' 'p_cast11_cast' <Predicate = true> <Delay = 0.00>
ST_2 : Operation 107 [1/1] (0.00ns)   --->   "%concat_data_addr = getelementptr i256 %concat_data, i64 %p_cast11_cast"   --->   Operation 107 'getelementptr' 'concat_data_addr' <Predicate = true> <Delay = 0.00>
ST_2 : Operation 108 [38/38] (7.30ns)   --->   "%concat_data_load_1_req = readreq i1 @_ssdm_op_ReadReq.m_axi.i256P1A, i256 %concat_data_addr, i32 1"   --->   Operation 108 'readreq' 'concat_data_load_1_req' <Predicate = true> <Delay = 7.30> <CoreInst = "m_axi">   --->   Core 121 'm_axi' <Latency = 0> <II = 1> <Delay = 1.00> <Adapter> <Opcode : 'read' 'write' 'readreq' 'writereq' 'writeresp'>

State 3 <SV = 2> <Delay = 7.30>
ST_3 : Operation 109 [37/38] (7.30ns)   --->   "%concat_data_load_1_req = readreq i1 @_ssdm_op_ReadReq.m_axi.i256P1A, i256 %concat_data_addr, i32 1"   --->   Operation 109 'readreq' 'concat_data_load_1_req' <Predicate = true> <Delay = 7.30> <CoreInst = "m_axi">   --->   Core 121 'm_axi' <Latency = 0> <II = 1> <Delay = 1.00> <Adapter> <Opcode : 'read' 'write' 'readreq' 'writereq' 'writeresp'>

State 4 <SV = 3> <Delay = 7.30>
ST_4 : Operation 110 [36/38] (7.30ns)   --->   "%concat_data_load_1_req = readreq i1 @_ssdm_op_ReadReq.m_axi.i256P1A, i256 %concat_data_addr, i32 1"   --->   Operation 110 'readreq' 'concat_data_load_1_req' <Predicate = true> <Delay = 7.30> <CoreInst = "m_axi">   --->   Core 121 'm_axi' <Latency = 0> <II = 1> <Delay = 1.00> <Adapter> <Opcode : 'read' 'write' 'readreq' 'writereq' 'writeresp'>

State 5 <SV = 4> <Delay = 7.30>
ST_5 : Operation 111 [35/38] (7.30ns)   --->   "%concat_data_load_1_req = readreq i1 @_ssdm_op_ReadReq.m_axi.i256P1A, i256 %concat_data_addr, i32 1"   --->   Operation 111 'readreq' 'concat_data_load_1_req' <Predicate = true> <Delay = 7.30> <CoreInst = "m_axi">   --->   Core 121 'm_axi' <Latency = 0> <II = 1> <Delay = 1.00> <Adapter> <Opcode : 'read' 'write' 'readreq' 'writereq' 'writeresp'>

State 6 <SV = 5> <Delay = 7.30>
ST_6 : Operation 112 [34/38] (7.30ns)   --->   "%concat_data_load_1_req = readreq i1 @_ssdm_op_ReadReq.m_axi.i256P1A, i256 %concat_data_addr, i32 1"   --->   Operation 112 'readreq' 'concat_data_load_1_req' <Predicate = true> <Delay = 7.30> <CoreInst = "m_axi">   --->   Core 121 'm_axi' <Latency = 0> <II = 1> <Delay = 1.00> <Adapter> <Opcode : 'read' 'write' 'readreq' 'writereq' 'writeresp'>

State 7 <SV = 6> <Delay = 7.30>
ST_7 : Operation 113 [33/38] (7.30ns)   --->   "%concat_data_load_1_req = readreq i1 @_ssdm_op_ReadReq.m_axi.i256P1A, i256 %concat_data_addr, i32 1"   --->   Operation 113 'readreq' 'concat_data_load_1_req' <Predicate = true> <Delay = 7.30> <CoreInst = "m_axi">   --->   Core 121 'm_axi' <Latency = 0> <II = 1> <Delay = 1.00> <Adapter> <Opcode : 'read' 'write' 'readreq' 'writereq' 'writeresp'>

State 8 <SV = 7> <Delay = 7.30>
ST_8 : Operation 114 [32/38] (7.30ns)   --->   "%concat_data_load_1_req = readreq i1 @_ssdm_op_ReadReq.m_axi.i256P1A, i256 %concat_data_addr, i32 1"   --->   Operation 114 'readreq' 'concat_data_load_1_req' <Predicate = true> <Delay = 7.30> <CoreInst = "m_axi">   --->   Core 121 'm_axi' <Latency = 0> <II = 1> <Delay = 1.00> <Adapter> <Opcode : 'read' 'write' 'readreq' 'writereq' 'writeresp'>

State 9 <SV = 8> <Delay = 7.30>
ST_9 : Operation 115 [31/38] (7.30ns)   --->   "%concat_data_load_1_req = readreq i1 @_ssdm_op_ReadReq.m_axi.i256P1A, i256 %concat_data_addr, i32 1"   --->   Operation 115 'readreq' 'concat_data_load_1_req' <Predicate = true> <Delay = 7.30> <CoreInst = "m_axi">   --->   Core 121 'm_axi' <Latency = 0> <II = 1> <Delay = 1.00> <Adapter> <Opcode : 'read' 'write' 'readreq' 'writereq' 'writeresp'>

State 10 <SV = 9> <Delay = 7.30>
ST_10 : Operation 116 [30/38] (7.30ns)   --->   "%concat_data_load_1_req = readreq i1 @_ssdm_op_ReadReq.m_axi.i256P1A, i256 %concat_data_addr, i32 1"   --->   Operation 116 'readreq' 'concat_data_load_1_req' <Predicate = true> <Delay = 7.30> <CoreInst = "m_axi">   --->   Core 121 'm_axi' <Latency = 0> <II = 1> <Delay = 1.00> <Adapter> <Opcode : 'read' 'write' 'readreq' 'writereq' 'writeresp'>

State 11 <SV = 10> <Delay = 7.30>
ST_11 : Operation 117 [29/38] (7.30ns)   --->   "%concat_data_load_1_req = readreq i1 @_ssdm_op_ReadReq.m_axi.i256P1A, i256 %concat_data_addr, i32 1"   --->   Operation 117 'readreq' 'concat_data_load_1_req' <Predicate = true> <Delay = 7.30> <CoreInst = "m_axi">   --->   Core 121 'm_axi' <Latency = 0> <II = 1> <Delay = 1.00> <Adapter> <Opcode : 'read' 'write' 'readreq' 'writereq' 'writeresp'>

State 12 <SV = 11> <Delay = 7.30>
ST_12 : Operation 118 [28/38] (7.30ns)   --->   "%concat_data_load_1_req = readreq i1 @_ssdm_op_ReadReq.m_axi.i256P1A, i256 %concat_data_addr, i32 1"   --->   Operation 118 'readreq' 'concat_data_load_1_req' <Predicate = true> <Delay = 7.30> <CoreInst = "m_axi">   --->   Core 121 'm_axi' <Latency = 0> <II = 1> <Delay = 1.00> <Adapter> <Opcode : 'read' 'write' 'readreq' 'writereq' 'writeresp'>

State 13 <SV = 12> <Delay = 7.30>
ST_13 : Operation 119 [27/38] (7.30ns)   --->   "%concat_data_load_1_req = readreq i1 @_ssdm_op_ReadReq.m_axi.i256P1A, i256 %concat_data_addr, i32 1"   --->   Operation 119 'readreq' 'concat_data_load_1_req' <Predicate = true> <Delay = 7.30> <CoreInst = "m_axi">   --->   Core 121 'm_axi' <Latency = 0> <II = 1> <Delay = 1.00> <Adapter> <Opcode : 'read' 'write' 'readreq' 'writereq' 'writeresp'>

State 14 <SV = 13> <Delay = 7.30>
ST_14 : Operation 120 [26/38] (7.30ns)   --->   "%concat_data_load_1_req = readreq i1 @_ssdm_op_ReadReq.m_axi.i256P1A, i256 %concat_data_addr, i32 1"   --->   Operation 120 'readreq' 'concat_data_load_1_req' <Predicate = true> <Delay = 7.30> <CoreInst = "m_axi">   --->   Core 121 'm_axi' <Latency = 0> <II = 1> <Delay = 1.00> <Adapter> <Opcode : 'read' 'write' 'readreq' 'writereq' 'writeresp'>

State 15 <SV = 14> <Delay = 7.30>
ST_15 : Operation 121 [25/38] (7.30ns)   --->   "%concat_data_load_1_req = readreq i1 @_ssdm_op_ReadReq.m_axi.i256P1A, i256 %concat_data_addr, i32 1"   --->   Operation 121 'readreq' 'concat_data_load_1_req' <Predicate = true> <Delay = 7.30> <CoreInst = "m_axi">   --->   Core 121 'm_axi' <Latency = 0> <II = 1> <Delay = 1.00> <Adapter> <Opcode : 'read' 'write' 'readreq' 'writereq' 'writeresp'>

State 16 <SV = 15> <Delay = 7.30>
ST_16 : Operation 122 [24/38] (7.30ns)   --->   "%concat_data_load_1_req = readreq i1 @_ssdm_op_ReadReq.m_axi.i256P1A, i256 %concat_data_addr, i32 1"   --->   Operation 122 'readreq' 'concat_data_load_1_req' <Predicate = true> <Delay = 7.30> <CoreInst = "m_axi">   --->   Core 121 'm_axi' <Latency = 0> <II = 1> <Delay = 1.00> <Adapter> <Opcode : 'read' 'write' 'readreq' 'writereq' 'writeresp'>

State 17 <SV = 16> <Delay = 7.30>
ST_17 : Operation 123 [23/38] (7.30ns)   --->   "%concat_data_load_1_req = readreq i1 @_ssdm_op_ReadReq.m_axi.i256P1A, i256 %concat_data_addr, i32 1"   --->   Operation 123 'readreq' 'concat_data_load_1_req' <Predicate = true> <Delay = 7.30> <CoreInst = "m_axi">   --->   Core 121 'm_axi' <Latency = 0> <II = 1> <Delay = 1.00> <Adapter> <Opcode : 'read' 'write' 'readreq' 'writereq' 'writeresp'>

State 18 <SV = 17> <Delay = 7.30>
ST_18 : Operation 124 [22/38] (7.30ns)   --->   "%concat_data_load_1_req = readreq i1 @_ssdm_op_ReadReq.m_axi.i256P1A, i256 %concat_data_addr, i32 1"   --->   Operation 124 'readreq' 'concat_data_load_1_req' <Predicate = true> <Delay = 7.30> <CoreInst = "m_axi">   --->   Core 121 'm_axi' <Latency = 0> <II = 1> <Delay = 1.00> <Adapter> <Opcode : 'read' 'write' 'readreq' 'writereq' 'writeresp'>

State 19 <SV = 18> <Delay = 7.30>
ST_19 : Operation 125 [21/38] (7.30ns)   --->   "%concat_data_load_1_req = readreq i1 @_ssdm_op_ReadReq.m_axi.i256P1A, i256 %concat_data_addr, i32 1"   --->   Operation 125 'readreq' 'concat_data_load_1_req' <Predicate = true> <Delay = 7.30> <CoreInst = "m_axi">   --->   Core 121 'm_axi' <Latency = 0> <II = 1> <Delay = 1.00> <Adapter> <Opcode : 'read' 'write' 'readreq' 'writereq' 'writeresp'>

State 20 <SV = 19> <Delay = 7.30>
ST_20 : Operation 126 [20/38] (7.30ns)   --->   "%concat_data_load_1_req = readreq i1 @_ssdm_op_ReadReq.m_axi.i256P1A, i256 %concat_data_addr, i32 1"   --->   Operation 126 'readreq' 'concat_data_load_1_req' <Predicate = true> <Delay = 7.30> <CoreInst = "m_axi">   --->   Core 121 'm_axi' <Latency = 0> <II = 1> <Delay = 1.00> <Adapter> <Opcode : 'read' 'write' 'readreq' 'writereq' 'writeresp'>

State 21 <SV = 20> <Delay = 7.30>
ST_21 : Operation 127 [19/38] (7.30ns)   --->   "%concat_data_load_1_req = readreq i1 @_ssdm_op_ReadReq.m_axi.i256P1A, i256 %concat_data_addr, i32 1"   --->   Operation 127 'readreq' 'concat_data_load_1_req' <Predicate = true> <Delay = 7.30> <CoreInst = "m_axi">   --->   Core 121 'm_axi' <Latency = 0> <II = 1> <Delay = 1.00> <Adapter> <Opcode : 'read' 'write' 'readreq' 'writereq' 'writeresp'>

State 22 <SV = 21> <Delay = 7.30>
ST_22 : Operation 128 [18/38] (7.30ns)   --->   "%concat_data_load_1_req = readreq i1 @_ssdm_op_ReadReq.m_axi.i256P1A, i256 %concat_data_addr, i32 1"   --->   Operation 128 'readreq' 'concat_data_load_1_req' <Predicate = true> <Delay = 7.30> <CoreInst = "m_axi">   --->   Core 121 'm_axi' <Latency = 0> <II = 1> <Delay = 1.00> <Adapter> <Opcode : 'read' 'write' 'readreq' 'writereq' 'writeresp'>

State 23 <SV = 22> <Delay = 7.30>
ST_23 : Operation 129 [17/38] (7.30ns)   --->   "%concat_data_load_1_req = readreq i1 @_ssdm_op_ReadReq.m_axi.i256P1A, i256 %concat_data_addr, i32 1"   --->   Operation 129 'readreq' 'concat_data_load_1_req' <Predicate = true> <Delay = 7.30> <CoreInst = "m_axi">   --->   Core 121 'm_axi' <Latency = 0> <II = 1> <Delay = 1.00> <Adapter> <Opcode : 'read' 'write' 'readreq' 'writereq' 'writeresp'>

State 24 <SV = 23> <Delay = 7.30>
ST_24 : Operation 130 [16/38] (7.30ns)   --->   "%concat_data_load_1_req = readreq i1 @_ssdm_op_ReadReq.m_axi.i256P1A, i256 %concat_data_addr, i32 1"   --->   Operation 130 'readreq' 'concat_data_load_1_req' <Predicate = true> <Delay = 7.30> <CoreInst = "m_axi">   --->   Core 121 'm_axi' <Latency = 0> <II = 1> <Delay = 1.00> <Adapter> <Opcode : 'read' 'write' 'readreq' 'writereq' 'writeresp'>

State 25 <SV = 24> <Delay = 7.30>
ST_25 : Operation 131 [15/38] (7.30ns)   --->   "%concat_data_load_1_req = readreq i1 @_ssdm_op_ReadReq.m_axi.i256P1A, i256 %concat_data_addr, i32 1"   --->   Operation 131 'readreq' 'concat_data_load_1_req' <Predicate = true> <Delay = 7.30> <CoreInst = "m_axi">   --->   Core 121 'm_axi' <Latency = 0> <II = 1> <Delay = 1.00> <Adapter> <Opcode : 'read' 'write' 'readreq' 'writereq' 'writeresp'>

State 26 <SV = 25> <Delay = 7.30>
ST_26 : Operation 132 [14/38] (7.30ns)   --->   "%concat_data_load_1_req = readreq i1 @_ssdm_op_ReadReq.m_axi.i256P1A, i256 %concat_data_addr, i32 1"   --->   Operation 132 'readreq' 'concat_data_load_1_req' <Predicate = true> <Delay = 7.30> <CoreInst = "m_axi">   --->   Core 121 'm_axi' <Latency = 0> <II = 1> <Delay = 1.00> <Adapter> <Opcode : 'read' 'write' 'readreq' 'writereq' 'writeresp'>

State 27 <SV = 26> <Delay = 7.30>
ST_27 : Operation 133 [13/38] (7.30ns)   --->   "%concat_data_load_1_req = readreq i1 @_ssdm_op_ReadReq.m_axi.i256P1A, i256 %concat_data_addr, i32 1"   --->   Operation 133 'readreq' 'concat_data_load_1_req' <Predicate = true> <Delay = 7.30> <CoreInst = "m_axi">   --->   Core 121 'm_axi' <Latency = 0> <II = 1> <Delay = 1.00> <Adapter> <Opcode : 'read' 'write' 'readreq' 'writereq' 'writeresp'>

State 28 <SV = 27> <Delay = 7.30>
ST_28 : Operation 134 [12/38] (7.30ns)   --->   "%concat_data_load_1_req = readreq i1 @_ssdm_op_ReadReq.m_axi.i256P1A, i256 %concat_data_addr, i32 1"   --->   Operation 134 'readreq' 'concat_data_load_1_req' <Predicate = true> <Delay = 7.30> <CoreInst = "m_axi">   --->   Core 121 'm_axi' <Latency = 0> <II = 1> <Delay = 1.00> <Adapter> <Opcode : 'read' 'write' 'readreq' 'writereq' 'writeresp'>

State 29 <SV = 28> <Delay = 7.30>
ST_29 : Operation 135 [11/38] (7.30ns)   --->   "%concat_data_load_1_req = readreq i1 @_ssdm_op_ReadReq.m_axi.i256P1A, i256 %concat_data_addr, i32 1"   --->   Operation 135 'readreq' 'concat_data_load_1_req' <Predicate = true> <Delay = 7.30> <CoreInst = "m_axi">   --->   Core 121 'm_axi' <Latency = 0> <II = 1> <Delay = 1.00> <Adapter> <Opcode : 'read' 'write' 'readreq' 'writereq' 'writeresp'>

State 30 <SV = 29> <Delay = 7.30>
ST_30 : Operation 136 [10/38] (7.30ns)   --->   "%concat_data_load_1_req = readreq i1 @_ssdm_op_ReadReq.m_axi.i256P1A, i256 %concat_data_addr, i32 1"   --->   Operation 136 'readreq' 'concat_data_load_1_req' <Predicate = true> <Delay = 7.30> <CoreInst = "m_axi">   --->   Core 121 'm_axi' <Latency = 0> <II = 1> <Delay = 1.00> <Adapter> <Opcode : 'read' 'write' 'readreq' 'writereq' 'writeresp'>

State 31 <SV = 30> <Delay = 7.30>
ST_31 : Operation 137 [9/38] (7.30ns)   --->   "%concat_data_load_1_req = readreq i1 @_ssdm_op_ReadReq.m_axi.i256P1A, i256 %concat_data_addr, i32 1"   --->   Operation 137 'readreq' 'concat_data_load_1_req' <Predicate = true> <Delay = 7.30> <CoreInst = "m_axi">   --->   Core 121 'm_axi' <Latency = 0> <II = 1> <Delay = 1.00> <Adapter> <Opcode : 'read' 'write' 'readreq' 'writereq' 'writeresp'>

State 32 <SV = 31> <Delay = 7.30>
ST_32 : Operation 138 [8/38] (7.30ns)   --->   "%concat_data_load_1_req = readreq i1 @_ssdm_op_ReadReq.m_axi.i256P1A, i256 %concat_data_addr, i32 1"   --->   Operation 138 'readreq' 'concat_data_load_1_req' <Predicate = true> <Delay = 7.30> <CoreInst = "m_axi">   --->   Core 121 'm_axi' <Latency = 0> <II = 1> <Delay = 1.00> <Adapter> <Opcode : 'read' 'write' 'readreq' 'writereq' 'writeresp'>

State 33 <SV = 32> <Delay = 7.30>
ST_33 : Operation 139 [7/38] (7.30ns)   --->   "%concat_data_load_1_req = readreq i1 @_ssdm_op_ReadReq.m_axi.i256P1A, i256 %concat_data_addr, i32 1"   --->   Operation 139 'readreq' 'concat_data_load_1_req' <Predicate = true> <Delay = 7.30> <CoreInst = "m_axi">   --->   Core 121 'm_axi' <Latency = 0> <II = 1> <Delay = 1.00> <Adapter> <Opcode : 'read' 'write' 'readreq' 'writereq' 'writeresp'>

State 34 <SV = 33> <Delay = 7.30>
ST_34 : Operation 140 [6/38] (7.30ns)   --->   "%concat_data_load_1_req = readreq i1 @_ssdm_op_ReadReq.m_axi.i256P1A, i256 %concat_data_addr, i32 1"   --->   Operation 140 'readreq' 'concat_data_load_1_req' <Predicate = true> <Delay = 7.30> <CoreInst = "m_axi">   --->   Core 121 'm_axi' <Latency = 0> <II = 1> <Delay = 1.00> <Adapter> <Opcode : 'read' 'write' 'readreq' 'writereq' 'writeresp'>

State 35 <SV = 34> <Delay = 7.30>
ST_35 : Operation 141 [5/38] (7.30ns)   --->   "%concat_data_load_1_req = readreq i1 @_ssdm_op_ReadReq.m_axi.i256P1A, i256 %concat_data_addr, i32 1"   --->   Operation 141 'readreq' 'concat_data_load_1_req' <Predicate = true> <Delay = 7.30> <CoreInst = "m_axi">   --->   Core 121 'm_axi' <Latency = 0> <II = 1> <Delay = 1.00> <Adapter> <Opcode : 'read' 'write' 'readreq' 'writereq' 'writeresp'>

State 36 <SV = 35> <Delay = 7.30>
ST_36 : Operation 142 [4/38] (7.30ns)   --->   "%concat_data_load_1_req = readreq i1 @_ssdm_op_ReadReq.m_axi.i256P1A, i256 %concat_data_addr, i32 1"   --->   Operation 142 'readreq' 'concat_data_load_1_req' <Predicate = true> <Delay = 7.30> <CoreInst = "m_axi">   --->   Core 121 'm_axi' <Latency = 0> <II = 1> <Delay = 1.00> <Adapter> <Opcode : 'read' 'write' 'readreq' 'writereq' 'writeresp'>

State 37 <SV = 36> <Delay = 7.30>
ST_37 : Operation 143 [3/38] (7.30ns)   --->   "%concat_data_load_1_req = readreq i1 @_ssdm_op_ReadReq.m_axi.i256P1A, i256 %concat_data_addr, i32 1"   --->   Operation 143 'readreq' 'concat_data_load_1_req' <Predicate = true> <Delay = 7.30> <CoreInst = "m_axi">   --->   Core 121 'm_axi' <Latency = 0> <II = 1> <Delay = 1.00> <Adapter> <Opcode : 'read' 'write' 'readreq' 'writereq' 'writeresp'>

State 38 <SV = 37> <Delay = 7.30>
ST_38 : Operation 144 [2/38] (7.30ns)   --->   "%concat_data_load_1_req = readreq i1 @_ssdm_op_ReadReq.m_axi.i256P1A, i256 %concat_data_addr, i32 1"   --->   Operation 144 'readreq' 'concat_data_load_1_req' <Predicate = true> <Delay = 7.30> <CoreInst = "m_axi">   --->   Core 121 'm_axi' <Latency = 0> <II = 1> <Delay = 1.00> <Adapter> <Opcode : 'read' 'write' 'readreq' 'writereq' 'writeresp'>

State 39 <SV = 38> <Delay = 7.30>
ST_39 : Operation 145 [1/38] (7.30ns)   --->   "%concat_data_load_1_req = readreq i1 @_ssdm_op_ReadReq.m_axi.i256P1A, i256 %concat_data_addr, i32 1"   --->   Operation 145 'readreq' 'concat_data_load_1_req' <Predicate = true> <Delay = 7.30> <CoreInst = "m_axi">   --->   Core 121 'm_axi' <Latency = 0> <II = 1> <Delay = 1.00> <Adapter> <Opcode : 'read' 'write' 'readreq' 'writereq' 'writeresp'>

State 40 <SV = 39> <Delay = 7.30>
ST_40 : Operation 146 [1/1] (7.30ns)   --->   "%concat_data_addr_read = read i256 @_ssdm_op_Read.m_axi.i256P1A, i256 %concat_data_addr"   --->   Operation 146 'read' 'concat_data_addr_read' <Predicate = true> <Delay = 7.30> <CoreInst = "m_axi">   --->   Core 121 'm_axi' <Latency = 0> <II = 1> <Delay = 1.00> <Adapter> <Opcode : 'read' 'write' 'readreq' 'writereq' 'writeresp'>

State 41 <SV = 40> <Delay = 7.30>
ST_41 : Operation 147 [1/1] (0.00ns) (grouped into TernaryAdder)   --->   "%tmp5 = add i5 %trunc_ln19_1_read, i5 %residual_loop_index_load"   --->   Operation 147 'add' 'tmp5' <Predicate = true> <Delay = 0.00> <CoreInst = "TAddSub">   --->   Core 10 'TAddSub' <Latency = 0> <II = 1> <Delay = 0.30> <IPBlock> <Opcode : 'add' 'sub'> <InPorts = 3> <OutPorts = 1> <Sync> <CReg>
ST_41 : Operation 148 [1/1] (0.61ns) (root node of TernaryAdder)   --->   "%empty_22 = add i5 %tmp5, i5 %sub_ln19_cast1_read"   --->   Operation 148 'add' 'empty_22' <Predicate = true> <Delay = 0.61> <CoreInst = "TAddSub">   --->   Core 10 'TAddSub' <Latency = 0> <II = 1> <Delay = 0.30> <IPBlock> <Opcode : 'add' 'sub'> <InPorts = 3> <OutPorts = 1> <Sync> <CReg>
ST_41 : Operation 149 [1/1] (0.00ns) (grouped into LUT with out node empty_28)   --->   "%tmp_3 = bitconcatenate i8 @_ssdm_op_BitConcatenate.i8.i5.i3, i5 %empty_22, i3 0"   --->   Operation 149 'bitconcatenate' 'tmp_3' <Predicate = true> <Delay = 0.00>
ST_41 : Operation 150 [1/1] (0.00ns) (grouped into LUT with out node empty_28)   --->   "%p_cast20 = zext i8 %tmp_3"   --->   Operation 150 'zext' 'p_cast20' <Predicate = true> <Delay = 0.00>
ST_41 : Operation 151 [1/1] (0.00ns) (grouped into LUT with out node empty_28)   --->   "%empty_23 = lshr i256 %concat_data_addr_read, i256 %p_cast20"   --->   Operation 151 'lshr' 'empty_23' <Predicate = true> <Delay = 0.00> <CoreInst = "Shifter">   --->   Core 75 'Shifter' <Latency = 0> <II = 1> <Delay = 1.53> <FuncUnit> <Opcode : 'shl' 'lshr' 'ashr'> <InPorts = 2> <OutPorts = 1>
ST_41 : Operation 152 [1/1] (0.00ns) (grouped into LUT with out node empty_28)   --->   "%empty_24 = trunc i256 %empty_23"   --->   Operation 152 'trunc' 'empty_24' <Predicate = true> <Delay = 0.00>
ST_41 : Operation 153 [1/1] (0.00ns) (grouped into LUT with out node empty_28)   --->   "%p_cast13_cast = zext i8 %empty_24"   --->   Operation 153 'zext' 'p_cast13_cast' <Predicate = true> <Delay = 0.00>
ST_41 : Operation 154 [1/1] (0.00ns) (grouped into TernaryAdder)   --->   "%tmp7 = add i5 %sub_ln19_cast1_read, i5 %residual_loop_index_load"   --->   Operation 154 'add' 'tmp7' <Predicate = true> <Delay = 0.00> <CoreInst = "TAddSub">   --->   Core 10 'TAddSub' <Latency = 0> <II = 1> <Delay = 0.30> <IPBlock> <Opcode : 'add' 'sub'> <InPorts = 3> <OutPorts = 1> <Sync> <CReg>
ST_41 : Operation 155 [1/1] (0.61ns) (root node of TernaryAdder)   --->   "%empty_26 = add i5 %tmp7, i5 %trunc_ln1_read"   --->   Operation 155 'add' 'empty_26' <Predicate = true> <Delay = 0.61> <CoreInst = "TAddSub">   --->   Core 10 'TAddSub' <Latency = 0> <II = 1> <Delay = 0.30> <IPBlock> <Opcode : 'add' 'sub'> <InPorts = 3> <OutPorts = 1> <Sync> <CReg>
ST_41 : Operation 156 [1/1] (0.00ns)   --->   "%p_cast21 = zext i5 %empty_26"   --->   Operation 156 'zext' 'p_cast21' <Predicate = true> <Delay = 0.00>
ST_41 : Operation 157 [1/1] (0.68ns)   --->   "%empty_27 = shl i32 1, i32 %p_cast21"   --->   Operation 157 'shl' 'empty_27' <Predicate = true> <Delay = 0.68> <CoreInst = "Shifter">   --->   Core 75 'Shifter' <Latency = 0> <II = 1> <Delay = 0.68> <FuncUnit> <Opcode : 'shl' 'lshr' 'ashr'> <InPorts = 2> <OutPorts = 1>
ST_41 : Operation 158 [1/1] (0.00ns) (grouped into LUT with out node empty_28)   --->   "%tmp_4 = bitconcatenate i8 @_ssdm_op_BitConcatenate.i8.i5.i3, i5 %empty_26, i3 0"   --->   Operation 158 'bitconcatenate' 'tmp_4' <Predicate = true> <Delay = 0.00>
ST_41 : Operation 159 [1/1] (0.00ns) (grouped into LUT with out node empty_28)   --->   "%p_cast22 = zext i8 %tmp_4"   --->   Operation 159 'zext' 'p_cast22' <Predicate = true> <Delay = 0.00>
ST_41 : Operation 160 [1/1] (1.53ns) (out node of the LUT)   --->   "%empty_28 = shl i256 %p_cast13_cast, i256 %p_cast22"   --->   Operation 160 'shl' 'empty_28' <Predicate = true> <Delay = 1.53> <CoreInst = "Shifter">   --->   Core 75 'Shifter' <Latency = 0> <II = 1> <Delay = 0.74> <FuncUnit> <Opcode : 'shl' 'lshr' 'ashr'> <InPorts = 2> <OutPorts = 1>
ST_41 : Operation 161 [1/1] (0.00ns)   --->   "%p_cast15_cast = sext i59 %p_cast6"   --->   Operation 161 'sext' 'p_cast15_cast' <Predicate = true> <Delay = 0.00>
ST_41 : Operation 162 [1/1] (0.00ns)   --->   "%concat_data_addr_1 = getelementptr i256 %concat_data, i64 %p_cast15_cast"   --->   Operation 162 'getelementptr' 'concat_data_addr_1' <Predicate = true> <Delay = 0.00>
ST_41 : Operation 163 [1/1] (7.30ns)   --->   "%empty_29 = writereq i1 @_ssdm_op_WriteReq.m_axi.p1i256, i256 %concat_data_addr_1, i32 1"   --->   Operation 163 'writereq' 'empty_29' <Predicate = true> <Delay = 7.30> <CoreInst = "m_axi">   --->   Core 121 'm_axi' <Latency = 0> <II = 1> <Delay = 1.00> <Adapter> <Opcode : 'read' 'write' 'readreq' 'writereq' 'writeresp'>

State 42 <SV = 41> <Delay = 7.30>
ST_42 : Operation 164 [1/1] (7.30ns)   --->   "%write_ln0 = write void @_ssdm_op_Write.m_axi.p1i256, i256 %concat_data_addr_1, i256 %empty_28, i32 %empty_27"   --->   Operation 164 'write' 'write_ln0' <Predicate = true> <Delay = 7.30> <CoreInst = "m_axi">   --->   Core 121 'm_axi' <Latency = 0> <II = 1> <Delay = 1.00> <Adapter> <Opcode : 'read' 'write' 'readreq' 'writereq' 'writeresp'>

State 43 <SV = 42> <Delay = 7.30>
ST_43 : Operation 165 [36/36] (7.30ns)   --->   "%empty_30 = writeresp i1 @_ssdm_op_WriteResp.m_axi.p1i256, i256 %concat_data_addr_1"   --->   Operation 165 'writeresp' 'empty_30' <Predicate = true> <Delay = 7.30> <CoreInst = "m_axi">   --->   Core 121 'm_axi' <Latency = 0> <II = 1> <Delay = 1.00> <Adapter> <Opcode : 'read' 'write' 'readreq' 'writereq' 'writeresp'>

State 44 <SV = 43> <Delay = 7.30>
ST_44 : Operation 166 [35/36] (7.30ns)   --->   "%empty_30 = writeresp i1 @_ssdm_op_WriteResp.m_axi.p1i256, i256 %concat_data_addr_1"   --->   Operation 166 'writeresp' 'empty_30' <Predicate = true> <Delay = 7.30> <CoreInst = "m_axi">   --->   Core 121 'm_axi' <Latency = 0> <II = 1> <Delay = 1.00> <Adapter> <Opcode : 'read' 'write' 'readreq' 'writereq' 'writeresp'>

State 45 <SV = 44> <Delay = 7.30>
ST_45 : Operation 167 [34/36] (7.30ns)   --->   "%empty_30 = writeresp i1 @_ssdm_op_WriteResp.m_axi.p1i256, i256 %concat_data_addr_1"   --->   Operation 167 'writeresp' 'empty_30' <Predicate = true> <Delay = 7.30> <CoreInst = "m_axi">   --->   Core 121 'm_axi' <Latency = 0> <II = 1> <Delay = 1.00> <Adapter> <Opcode : 'read' 'write' 'readreq' 'writereq' 'writeresp'>

State 46 <SV = 45> <Delay = 7.30>
ST_46 : Operation 168 [33/36] (7.30ns)   --->   "%empty_30 = writeresp i1 @_ssdm_op_WriteResp.m_axi.p1i256, i256 %concat_data_addr_1"   --->   Operation 168 'writeresp' 'empty_30' <Predicate = true> <Delay = 7.30> <CoreInst = "m_axi">   --->   Core 121 'm_axi' <Latency = 0> <II = 1> <Delay = 1.00> <Adapter> <Opcode : 'read' 'write' 'readreq' 'writereq' 'writeresp'>

State 47 <SV = 46> <Delay = 7.30>
ST_47 : Operation 169 [32/36] (7.30ns)   --->   "%empty_30 = writeresp i1 @_ssdm_op_WriteResp.m_axi.p1i256, i256 %concat_data_addr_1"   --->   Operation 169 'writeresp' 'empty_30' <Predicate = true> <Delay = 7.30> <CoreInst = "m_axi">   --->   Core 121 'm_axi' <Latency = 0> <II = 1> <Delay = 1.00> <Adapter> <Opcode : 'read' 'write' 'readreq' 'writereq' 'writeresp'>

State 48 <SV = 47> <Delay = 7.30>
ST_48 : Operation 170 [31/36] (7.30ns)   --->   "%empty_30 = writeresp i1 @_ssdm_op_WriteResp.m_axi.p1i256, i256 %concat_data_addr_1"   --->   Operation 170 'writeresp' 'empty_30' <Predicate = true> <Delay = 7.30> <CoreInst = "m_axi">   --->   Core 121 'm_axi' <Latency = 0> <II = 1> <Delay = 1.00> <Adapter> <Opcode : 'read' 'write' 'readreq' 'writereq' 'writeresp'>

State 49 <SV = 48> <Delay = 7.30>
ST_49 : Operation 171 [30/36] (7.30ns)   --->   "%empty_30 = writeresp i1 @_ssdm_op_WriteResp.m_axi.p1i256, i256 %concat_data_addr_1"   --->   Operation 171 'writeresp' 'empty_30' <Predicate = true> <Delay = 7.30> <CoreInst = "m_axi">   --->   Core 121 'm_axi' <Latency = 0> <II = 1> <Delay = 1.00> <Adapter> <Opcode : 'read' 'write' 'readreq' 'writereq' 'writeresp'>

State 50 <SV = 49> <Delay = 7.30>
ST_50 : Operation 172 [29/36] (7.30ns)   --->   "%empty_30 = writeresp i1 @_ssdm_op_WriteResp.m_axi.p1i256, i256 %concat_data_addr_1"   --->   Operation 172 'writeresp' 'empty_30' <Predicate = true> <Delay = 7.30> <CoreInst = "m_axi">   --->   Core 121 'm_axi' <Latency = 0> <II = 1> <Delay = 1.00> <Adapter> <Opcode : 'read' 'write' 'readreq' 'writereq' 'writeresp'>

State 51 <SV = 50> <Delay = 7.30>
ST_51 : Operation 173 [28/36] (7.30ns)   --->   "%empty_30 = writeresp i1 @_ssdm_op_WriteResp.m_axi.p1i256, i256 %concat_data_addr_1"   --->   Operation 173 'writeresp' 'empty_30' <Predicate = true> <Delay = 7.30> <CoreInst = "m_axi">   --->   Core 121 'm_axi' <Latency = 0> <II = 1> <Delay = 1.00> <Adapter> <Opcode : 'read' 'write' 'readreq' 'writereq' 'writeresp'>

State 52 <SV = 51> <Delay = 7.30>
ST_52 : Operation 174 [27/36] (7.30ns)   --->   "%empty_30 = writeresp i1 @_ssdm_op_WriteResp.m_axi.p1i256, i256 %concat_data_addr_1"   --->   Operation 174 'writeresp' 'empty_30' <Predicate = true> <Delay = 7.30> <CoreInst = "m_axi">   --->   Core 121 'm_axi' <Latency = 0> <II = 1> <Delay = 1.00> <Adapter> <Opcode : 'read' 'write' 'readreq' 'writereq' 'writeresp'>

State 53 <SV = 52> <Delay = 7.30>
ST_53 : Operation 175 [26/36] (7.30ns)   --->   "%empty_30 = writeresp i1 @_ssdm_op_WriteResp.m_axi.p1i256, i256 %concat_data_addr_1"   --->   Operation 175 'writeresp' 'empty_30' <Predicate = true> <Delay = 7.30> <CoreInst = "m_axi">   --->   Core 121 'm_axi' <Latency = 0> <II = 1> <Delay = 1.00> <Adapter> <Opcode : 'read' 'write' 'readreq' 'writereq' 'writeresp'>

State 54 <SV = 53> <Delay = 7.30>
ST_54 : Operation 176 [25/36] (7.30ns)   --->   "%empty_30 = writeresp i1 @_ssdm_op_WriteResp.m_axi.p1i256, i256 %concat_data_addr_1"   --->   Operation 176 'writeresp' 'empty_30' <Predicate = true> <Delay = 7.30> <CoreInst = "m_axi">   --->   Core 121 'm_axi' <Latency = 0> <II = 1> <Delay = 1.00> <Adapter> <Opcode : 'read' 'write' 'readreq' 'writereq' 'writeresp'>

State 55 <SV = 54> <Delay = 7.30>
ST_55 : Operation 177 [24/36] (7.30ns)   --->   "%empty_30 = writeresp i1 @_ssdm_op_WriteResp.m_axi.p1i256, i256 %concat_data_addr_1"   --->   Operation 177 'writeresp' 'empty_30' <Predicate = true> <Delay = 7.30> <CoreInst = "m_axi">   --->   Core 121 'm_axi' <Latency = 0> <II = 1> <Delay = 1.00> <Adapter> <Opcode : 'read' 'write' 'readreq' 'writereq' 'writeresp'>

State 56 <SV = 55> <Delay = 7.30>
ST_56 : Operation 178 [23/36] (7.30ns)   --->   "%empty_30 = writeresp i1 @_ssdm_op_WriteResp.m_axi.p1i256, i256 %concat_data_addr_1"   --->   Operation 178 'writeresp' 'empty_30' <Predicate = true> <Delay = 7.30> <CoreInst = "m_axi">   --->   Core 121 'm_axi' <Latency = 0> <II = 1> <Delay = 1.00> <Adapter> <Opcode : 'read' 'write' 'readreq' 'writereq' 'writeresp'>

State 57 <SV = 56> <Delay = 7.30>
ST_57 : Operation 179 [22/36] (7.30ns)   --->   "%empty_30 = writeresp i1 @_ssdm_op_WriteResp.m_axi.p1i256, i256 %concat_data_addr_1"   --->   Operation 179 'writeresp' 'empty_30' <Predicate = true> <Delay = 7.30> <CoreInst = "m_axi">   --->   Core 121 'm_axi' <Latency = 0> <II = 1> <Delay = 1.00> <Adapter> <Opcode : 'read' 'write' 'readreq' 'writereq' 'writeresp'>

State 58 <SV = 57> <Delay = 7.30>
ST_58 : Operation 180 [21/36] (7.30ns)   --->   "%empty_30 = writeresp i1 @_ssdm_op_WriteResp.m_axi.p1i256, i256 %concat_data_addr_1"   --->   Operation 180 'writeresp' 'empty_30' <Predicate = true> <Delay = 7.30> <CoreInst = "m_axi">   --->   Core 121 'm_axi' <Latency = 0> <II = 1> <Delay = 1.00> <Adapter> <Opcode : 'read' 'write' 'readreq' 'writereq' 'writeresp'>

State 59 <SV = 58> <Delay = 7.30>
ST_59 : Operation 181 [20/36] (7.30ns)   --->   "%empty_30 = writeresp i1 @_ssdm_op_WriteResp.m_axi.p1i256, i256 %concat_data_addr_1"   --->   Operation 181 'writeresp' 'empty_30' <Predicate = true> <Delay = 7.30> <CoreInst = "m_axi">   --->   Core 121 'm_axi' <Latency = 0> <II = 1> <Delay = 1.00> <Adapter> <Opcode : 'read' 'write' 'readreq' 'writereq' 'writeresp'>

State 60 <SV = 59> <Delay = 7.30>
ST_60 : Operation 182 [19/36] (7.30ns)   --->   "%empty_30 = writeresp i1 @_ssdm_op_WriteResp.m_axi.p1i256, i256 %concat_data_addr_1"   --->   Operation 182 'writeresp' 'empty_30' <Predicate = true> <Delay = 7.30> <CoreInst = "m_axi">   --->   Core 121 'm_axi' <Latency = 0> <II = 1> <Delay = 1.00> <Adapter> <Opcode : 'read' 'write' 'readreq' 'writereq' 'writeresp'>

State 61 <SV = 60> <Delay = 7.30>
ST_61 : Operation 183 [18/36] (7.30ns)   --->   "%empty_30 = writeresp i1 @_ssdm_op_WriteResp.m_axi.p1i256, i256 %concat_data_addr_1"   --->   Operation 183 'writeresp' 'empty_30' <Predicate = true> <Delay = 7.30> <CoreInst = "m_axi">   --->   Core 121 'm_axi' <Latency = 0> <II = 1> <Delay = 1.00> <Adapter> <Opcode : 'read' 'write' 'readreq' 'writereq' 'writeresp'>

State 62 <SV = 61> <Delay = 7.30>
ST_62 : Operation 184 [17/36] (7.30ns)   --->   "%empty_30 = writeresp i1 @_ssdm_op_WriteResp.m_axi.p1i256, i256 %concat_data_addr_1"   --->   Operation 184 'writeresp' 'empty_30' <Predicate = true> <Delay = 7.30> <CoreInst = "m_axi">   --->   Core 121 'm_axi' <Latency = 0> <II = 1> <Delay = 1.00> <Adapter> <Opcode : 'read' 'write' 'readreq' 'writereq' 'writeresp'>

State 63 <SV = 62> <Delay = 7.30>
ST_63 : Operation 185 [16/36] (7.30ns)   --->   "%empty_30 = writeresp i1 @_ssdm_op_WriteResp.m_axi.p1i256, i256 %concat_data_addr_1"   --->   Operation 185 'writeresp' 'empty_30' <Predicate = true> <Delay = 7.30> <CoreInst = "m_axi">   --->   Core 121 'm_axi' <Latency = 0> <II = 1> <Delay = 1.00> <Adapter> <Opcode : 'read' 'write' 'readreq' 'writereq' 'writeresp'>

State 64 <SV = 63> <Delay = 7.30>
ST_64 : Operation 186 [15/36] (7.30ns)   --->   "%empty_30 = writeresp i1 @_ssdm_op_WriteResp.m_axi.p1i256, i256 %concat_data_addr_1"   --->   Operation 186 'writeresp' 'empty_30' <Predicate = true> <Delay = 7.30> <CoreInst = "m_axi">   --->   Core 121 'm_axi' <Latency = 0> <II = 1> <Delay = 1.00> <Adapter> <Opcode : 'read' 'write' 'readreq' 'writereq' 'writeresp'>

State 65 <SV = 64> <Delay = 7.30>
ST_65 : Operation 187 [14/36] (7.30ns)   --->   "%empty_30 = writeresp i1 @_ssdm_op_WriteResp.m_axi.p1i256, i256 %concat_data_addr_1"   --->   Operation 187 'writeresp' 'empty_30' <Predicate = true> <Delay = 7.30> <CoreInst = "m_axi">   --->   Core 121 'm_axi' <Latency = 0> <II = 1> <Delay = 1.00> <Adapter> <Opcode : 'read' 'write' 'readreq' 'writereq' 'writeresp'>

State 66 <SV = 65> <Delay = 7.30>
ST_66 : Operation 188 [13/36] (7.30ns)   --->   "%empty_30 = writeresp i1 @_ssdm_op_WriteResp.m_axi.p1i256, i256 %concat_data_addr_1"   --->   Operation 188 'writeresp' 'empty_30' <Predicate = true> <Delay = 7.30> <CoreInst = "m_axi">   --->   Core 121 'm_axi' <Latency = 0> <II = 1> <Delay = 1.00> <Adapter> <Opcode : 'read' 'write' 'readreq' 'writereq' 'writeresp'>

State 67 <SV = 66> <Delay = 7.30>
ST_67 : Operation 189 [12/36] (7.30ns)   --->   "%empty_30 = writeresp i1 @_ssdm_op_WriteResp.m_axi.p1i256, i256 %concat_data_addr_1"   --->   Operation 189 'writeresp' 'empty_30' <Predicate = true> <Delay = 7.30> <CoreInst = "m_axi">   --->   Core 121 'm_axi' <Latency = 0> <II = 1> <Delay = 1.00> <Adapter> <Opcode : 'read' 'write' 'readreq' 'writereq' 'writeresp'>

State 68 <SV = 67> <Delay = 7.30>
ST_68 : Operation 190 [11/36] (7.30ns)   --->   "%empty_30 = writeresp i1 @_ssdm_op_WriteResp.m_axi.p1i256, i256 %concat_data_addr_1"   --->   Operation 190 'writeresp' 'empty_30' <Predicate = true> <Delay = 7.30> <CoreInst = "m_axi">   --->   Core 121 'm_axi' <Latency = 0> <II = 1> <Delay = 1.00> <Adapter> <Opcode : 'read' 'write' 'readreq' 'writereq' 'writeresp'>

State 69 <SV = 68> <Delay = 7.30>
ST_69 : Operation 191 [10/36] (7.30ns)   --->   "%empty_30 = writeresp i1 @_ssdm_op_WriteResp.m_axi.p1i256, i256 %concat_data_addr_1"   --->   Operation 191 'writeresp' 'empty_30' <Predicate = true> <Delay = 7.30> <CoreInst = "m_axi">   --->   Core 121 'm_axi' <Latency = 0> <II = 1> <Delay = 1.00> <Adapter> <Opcode : 'read' 'write' 'readreq' 'writereq' 'writeresp'>

State 70 <SV = 69> <Delay = 7.30>
ST_70 : Operation 192 [9/36] (7.30ns)   --->   "%empty_30 = writeresp i1 @_ssdm_op_WriteResp.m_axi.p1i256, i256 %concat_data_addr_1"   --->   Operation 192 'writeresp' 'empty_30' <Predicate = true> <Delay = 7.30> <CoreInst = "m_axi">   --->   Core 121 'm_axi' <Latency = 0> <II = 1> <Delay = 1.00> <Adapter> <Opcode : 'read' 'write' 'readreq' 'writereq' 'writeresp'>

State 71 <SV = 70> <Delay = 7.30>
ST_71 : Operation 193 [8/36] (7.30ns)   --->   "%empty_30 = writeresp i1 @_ssdm_op_WriteResp.m_axi.p1i256, i256 %concat_data_addr_1"   --->   Operation 193 'writeresp' 'empty_30' <Predicate = true> <Delay = 7.30> <CoreInst = "m_axi">   --->   Core 121 'm_axi' <Latency = 0> <II = 1> <Delay = 1.00> <Adapter> <Opcode : 'read' 'write' 'readreq' 'writereq' 'writeresp'>

State 72 <SV = 71> <Delay = 7.30>
ST_72 : Operation 194 [7/36] (7.30ns)   --->   "%empty_30 = writeresp i1 @_ssdm_op_WriteResp.m_axi.p1i256, i256 %concat_data_addr_1"   --->   Operation 194 'writeresp' 'empty_30' <Predicate = true> <Delay = 7.30> <CoreInst = "m_axi">   --->   Core 121 'm_axi' <Latency = 0> <II = 1> <Delay = 1.00> <Adapter> <Opcode : 'read' 'write' 'readreq' 'writereq' 'writeresp'>

State 73 <SV = 72> <Delay = 7.30>
ST_73 : Operation 195 [6/36] (7.30ns)   --->   "%empty_30 = writeresp i1 @_ssdm_op_WriteResp.m_axi.p1i256, i256 %concat_data_addr_1"   --->   Operation 195 'writeresp' 'empty_30' <Predicate = true> <Delay = 7.30> <CoreInst = "m_axi">   --->   Core 121 'm_axi' <Latency = 0> <II = 1> <Delay = 1.00> <Adapter> <Opcode : 'read' 'write' 'readreq' 'writereq' 'writeresp'>

State 74 <SV = 73> <Delay = 7.30>
ST_74 : Operation 196 [5/36] (7.30ns)   --->   "%empty_30 = writeresp i1 @_ssdm_op_WriteResp.m_axi.p1i256, i256 %concat_data_addr_1"   --->   Operation 196 'writeresp' 'empty_30' <Predicate = true> <Delay = 7.30> <CoreInst = "m_axi">   --->   Core 121 'm_axi' <Latency = 0> <II = 1> <Delay = 1.00> <Adapter> <Opcode : 'read' 'write' 'readreq' 'writereq' 'writeresp'>

State 75 <SV = 74> <Delay = 7.30>
ST_75 : Operation 197 [4/36] (7.30ns)   --->   "%empty_30 = writeresp i1 @_ssdm_op_WriteResp.m_axi.p1i256, i256 %concat_data_addr_1"   --->   Operation 197 'writeresp' 'empty_30' <Predicate = true> <Delay = 7.30> <CoreInst = "m_axi">   --->   Core 121 'm_axi' <Latency = 0> <II = 1> <Delay = 1.00> <Adapter> <Opcode : 'read' 'write' 'readreq' 'writereq' 'writeresp'>

State 76 <SV = 75> <Delay = 7.30>
ST_76 : Operation 198 [3/36] (7.30ns)   --->   "%empty_30 = writeresp i1 @_ssdm_op_WriteResp.m_axi.p1i256, i256 %concat_data_addr_1"   --->   Operation 198 'writeresp' 'empty_30' <Predicate = true> <Delay = 7.30> <CoreInst = "m_axi">   --->   Core 121 'm_axi' <Latency = 0> <II = 1> <Delay = 1.00> <Adapter> <Opcode : 'read' 'write' 'readreq' 'writereq' 'writeresp'>

State 77 <SV = 76> <Delay = 7.30>
ST_77 : Operation 199 [2/36] (7.30ns)   --->   "%empty_30 = writeresp i1 @_ssdm_op_WriteResp.m_axi.p1i256, i256 %concat_data_addr_1"   --->   Operation 199 'writeresp' 'empty_30' <Predicate = true> <Delay = 7.30> <CoreInst = "m_axi">   --->   Core 121 'm_axi' <Latency = 0> <II = 1> <Delay = 1.00> <Adapter> <Opcode : 'read' 'write' 'readreq' 'writereq' 'writeresp'>

State 78 <SV = 77> <Delay = 7.30>
ST_78 : Operation 200 [1/1] (0.00ns)   --->   "%specpipeline_ln0 = specpipeline void @_ssdm_op_SpecPipeline, i32 4294967295, i32 0, i32 1, i32 0, void @p_str"   --->   Operation 200 'specpipeline' 'specpipeline_ln0' <Predicate = true> <Delay = 0.00>
ST_78 : Operation 201 [1/36] (7.30ns)   --->   "%empty_30 = writeresp i1 @_ssdm_op_WriteResp.m_axi.p1i256, i256 %concat_data_addr_1"   --->   Operation 201 'writeresp' 'empty_30' <Predicate = true> <Delay = 7.30> <CoreInst = "m_axi">   --->   Core 121 'm_axi' <Latency = 0> <II = 1> <Delay = 1.00> <Adapter> <Opcode : 'read' 'write' 'readreq' 'writereq' 'writeresp'>
ST_78 : Operation 202 [1/1] (0.00ns)   --->   "%empty_32 = speclooptripcount i32 @_ssdm_op_SpecLoopTripCount, i64 1, i64 31, i64 0"   --->   Operation 202 'speclooptripcount' 'empty_32' <Predicate = true> <Delay = 0.00>
ST_78 : Operation 203 [1/1] (0.00ns)   --->   "%ret_ln0 = ret"   --->   Operation 203 'ret' 'ret_ln0' <Predicate = (exitcond)> <Delay = 0.00>


============================================================
+ Verbose Summary: Timing violations
============================================================
Target clock period: 10ns, clock uncertainty: 2.7ns.

 <State 1>: 2.1ns
The critical path consists of the following:
	'alloca' operation ('residual_loop_index') [9]  (0 ns)
	'load' operation ('residual_loop_index_load') on local variable 'residual_loop_index' [22]  (0 ns)
	'add' operation ('tmp4') [25]  (1.02 ns)
	'add' operation ('empty') [27]  (1.08 ns)

 <State 2>: 7.3ns
The critical path consists of the following:
	'getelementptr' operation ('concat_data_addr') [30]  (0 ns)
	bus request operation ('concat_data_load_1_req') on port 'concat_data' [31]  (7.3 ns)

 <State 3>: 7.3ns
The critical path consists of the following:
	bus request operation ('concat_data_load_1_req') on port 'concat_data' [31]  (7.3 ns)

 <State 4>: 7.3ns
The critical path consists of the following:
	bus request operation ('concat_data_load_1_req') on port 'concat_data' [31]  (7.3 ns)

 <State 5>: 7.3ns
The critical path consists of the following:
	bus request operation ('concat_data_load_1_req') on port 'concat_data' [31]  (7.3 ns)

 <State 6>: 7.3ns
The critical path consists of the following:
	bus request operation ('concat_data_load_1_req') on port 'concat_data' [31]  (7.3 ns)

 <State 7>: 7.3ns
The critical path consists of the following:
	bus request operation ('concat_data_load_1_req') on port 'concat_data' [31]  (7.3 ns)

 <State 8>: 7.3ns
The critical path consists of the following:
	bus request operation ('concat_data_load_1_req') on port 'concat_data' [31]  (7.3 ns)

 <State 9>: 7.3ns
The critical path consists of the following:
	bus request operation ('concat_data_load_1_req') on port 'concat_data' [31]  (7.3 ns)

 <State 10>: 7.3ns
The critical path consists of the following:
	bus request operation ('concat_data_load_1_req') on port 'concat_data' [31]  (7.3 ns)

 <State 11>: 7.3ns
The critical path consists of the following:
	bus request operation ('concat_data_load_1_req') on port 'concat_data' [31]  (7.3 ns)

 <State 12>: 7.3ns
The critical path consists of the following:
	bus request operation ('concat_data_load_1_req') on port 'concat_data' [31]  (7.3 ns)

 <State 13>: 7.3ns
The critical path consists of the following:
	bus request operation ('concat_data_load_1_req') on port 'concat_data' [31]  (7.3 ns)

 <State 14>: 7.3ns
The critical path consists of the following:
	bus request operation ('concat_data_load_1_req') on port 'concat_data' [31]  (7.3 ns)

 <State 15>: 7.3ns
The critical path consists of the following:
	bus request operation ('concat_data_load_1_req') on port 'concat_data' [31]  (7.3 ns)

 <State 16>: 7.3ns
The critical path consists of the following:
	bus request operation ('concat_data_load_1_req') on port 'concat_data' [31]  (7.3 ns)

 <State 17>: 7.3ns
The critical path consists of the following:
	bus request operation ('concat_data_load_1_req') on port 'concat_data' [31]  (7.3 ns)

 <State 18>: 7.3ns
The critical path consists of the following:
	bus request operation ('concat_data_load_1_req') on port 'concat_data' [31]  (7.3 ns)

 <State 19>: 7.3ns
The critical path consists of the following:
	bus request operation ('concat_data_load_1_req') on port 'concat_data' [31]  (7.3 ns)

 <State 20>: 7.3ns
The critical path consists of the following:
	bus request operation ('concat_data_load_1_req') on port 'concat_data' [31]  (7.3 ns)

 <State 21>: 7.3ns
The critical path consists of the following:
	bus request operation ('concat_data_load_1_req') on port 'concat_data' [31]  (7.3 ns)

 <State 22>: 7.3ns
The critical path consists of the following:
	bus request operation ('concat_data_load_1_req') on port 'concat_data' [31]  (7.3 ns)

 <State 23>: 7.3ns
The critical path consists of the following:
	bus request operation ('concat_data_load_1_req') on port 'concat_data' [31]  (7.3 ns)

 <State 24>: 7.3ns
The critical path consists of the following:
	bus request operation ('concat_data_load_1_req') on port 'concat_data' [31]  (7.3 ns)

 <State 25>: 7.3ns
The critical path consists of the following:
	bus request operation ('concat_data_load_1_req') on port 'concat_data' [31]  (7.3 ns)

 <State 26>: 7.3ns
The critical path consists of the following:
	bus request operation ('concat_data_load_1_req') on port 'concat_data' [31]  (7.3 ns)

 <State 27>: 7.3ns
The critical path consists of the following:
	bus request operation ('concat_data_load_1_req') on port 'concat_data' [31]  (7.3 ns)

 <State 28>: 7.3ns
The critical path consists of the following:
	bus request operation ('concat_data_load_1_req') on port 'concat_data' [31]  (7.3 ns)

 <State 29>: 7.3ns
The critical path consists of the following:
	bus request operation ('concat_data_load_1_req') on port 'concat_data' [31]  (7.3 ns)

 <State 30>: 7.3ns
The critical path consists of the following:
	bus request operation ('concat_data_load_1_req') on port 'concat_data' [31]  (7.3 ns)

 <State 31>: 7.3ns
The critical path consists of the following:
	bus request operation ('concat_data_load_1_req') on port 'concat_data' [31]  (7.3 ns)

 <State 32>: 7.3ns
The critical path consists of the following:
	bus request operation ('concat_data_load_1_req') on port 'concat_data' [31]  (7.3 ns)

 <State 33>: 7.3ns
The critical path consists of the following:
	bus request operation ('concat_data_load_1_req') on port 'concat_data' [31]  (7.3 ns)

 <State 34>: 7.3ns
The critical path consists of the following:
	bus request operation ('concat_data_load_1_req') on port 'concat_data' [31]  (7.3 ns)

 <State 35>: 7.3ns
The critical path consists of the following:
	bus request operation ('concat_data_load_1_req') on port 'concat_data' [31]  (7.3 ns)

 <State 36>: 7.3ns
The critical path consists of the following:
	bus request operation ('concat_data_load_1_req') on port 'concat_data' [31]  (7.3 ns)

 <State 37>: 7.3ns
The critical path consists of the following:
	bus request operation ('concat_data_load_1_req') on port 'concat_data' [31]  (7.3 ns)

 <State 38>: 7.3ns
The critical path consists of the following:
	bus request operation ('concat_data_load_1_req') on port 'concat_data' [31]  (7.3 ns)

 <State 39>: 7.3ns
The critical path consists of the following:
	bus request operation ('concat_data_load_1_req') on port 'concat_data' [31]  (7.3 ns)

 <State 40>: 7.3ns
The critical path consists of the following:
	bus read operation ('concat_data_addr_read') on port 'concat_data' [32]  (7.3 ns)

 <State 41>: 7.3ns
The critical path consists of the following:
	'getelementptr' operation ('concat_data_addr_1') [50]  (0 ns)
	bus request operation ('empty_29') on port 'concat_data' [51]  (7.3 ns)

 <State 42>: 7.3ns
The critical path consists of the following:
	bus write operation ('write_ln0') on port 'concat_data' [52]  (7.3 ns)

 <State 43>: 7.3ns
The critical path consists of the following:
	bus response operation ('empty_30') on port 'concat_data' [53]  (7.3 ns)

 <State 44>: 7.3ns
The critical path consists of the following:
	bus response operation ('empty_30') on port 'concat_data' [53]  (7.3 ns)

 <State 45>: 7.3ns
The critical path consists of the following:
	bus response operation ('empty_30') on port 'concat_data' [53]  (7.3 ns)

 <State 46>: 7.3ns
The critical path consists of the following:
	bus response operation ('empty_30') on port 'concat_data' [53]  (7.3 ns)

 <State 47>: 7.3ns
The critical path consists of the following:
	bus response operation ('empty_30') on port 'concat_data' [53]  (7.3 ns)

 <State 48>: 7.3ns
The critical path consists of the following:
	bus response operation ('empty_30') on port 'concat_data' [53]  (7.3 ns)

 <State 49>: 7.3ns
The critical path consists of the following:
	bus response operation ('empty_30') on port 'concat_data' [53]  (7.3 ns)

 <State 50>: 7.3ns
The critical path consists of the following:
	bus response operation ('empty_30') on port 'concat_data' [53]  (7.3 ns)

 <State 51>: 7.3ns
The critical path consists of the following:
	bus response operation ('empty_30') on port 'concat_data' [53]  (7.3 ns)

 <State 52>: 7.3ns
The critical path consists of the following:
	bus response operation ('empty_30') on port 'concat_data' [53]  (7.3 ns)

 <State 53>: 7.3ns
The critical path consists of the following:
	bus response operation ('empty_30') on port 'concat_data' [53]  (7.3 ns)

 <State 54>: 7.3ns
The critical path consists of the following:
	bus response operation ('empty_30') on port 'concat_data' [53]  (7.3 ns)

 <State 55>: 7.3ns
The critical path consists of the following:
	bus response operation ('empty_30') on port 'concat_data' [53]  (7.3 ns)

 <State 56>: 7.3ns
The critical path consists of the following:
	bus response operation ('empty_30') on port 'concat_data' [53]  (7.3 ns)

 <State 57>: 7.3ns
The critical path consists of the following:
	bus response operation ('empty_30') on port 'concat_data' [53]  (7.3 ns)

 <State 58>: 7.3ns
The critical path consists of the following:
	bus response operation ('empty_30') on port 'concat_data' [53]  (7.3 ns)

 <State 59>: 7.3ns
The critical path consists of the following:
	bus response operation ('empty_30') on port 'concat_data' [53]  (7.3 ns)

 <State 60>: 7.3ns
The critical path consists of the following:
	bus response operation ('empty_30') on port 'concat_data' [53]  (7.3 ns)

 <State 61>: 7.3ns
The critical path consists of the following:
	bus response operation ('empty_30') on port 'concat_data' [53]  (7.3 ns)

 <State 62>: 7.3ns
The critical path consists of the following:
	bus response operation ('empty_30') on port 'concat_data' [53]  (7.3 ns)

 <State 63>: 7.3ns
The critical path consists of the following:
	bus response operation ('empty_30') on port 'concat_data' [53]  (7.3 ns)

 <State 64>: 7.3ns
The critical path consists of the following:
	bus response operation ('empty_30') on port 'concat_data' [53]  (7.3 ns)

 <State 65>: 7.3ns
The critical path consists of the following:
	bus response operation ('empty_30') on port 'concat_data' [53]  (7.3 ns)

 <State 66>: 7.3ns
The critical path consists of the following:
	bus response operation ('empty_30') on port 'concat_data' [53]  (7.3 ns)

 <State 67>: 7.3ns
The critical path consists of the following:
	bus response operation ('empty_30') on port 'concat_data' [53]  (7.3 ns)

 <State 68>: 7.3ns
The critical path consists of the following:
	bus response operation ('empty_30') on port 'concat_data' [53]  (7.3 ns)

 <State 69>: 7.3ns
The critical path consists of the following:
	bus response operation ('empty_30') on port 'concat_data' [53]  (7.3 ns)

 <State 70>: 7.3ns
The critical path consists of the following:
	bus response operation ('empty_30') on port 'concat_data' [53]  (7.3 ns)

 <State 71>: 7.3ns
The critical path consists of the following:
	bus response operation ('empty_30') on port 'concat_data' [53]  (7.3 ns)

 <State 72>: 7.3ns
The critical path consists of the following:
	bus response operation ('empty_30') on port 'concat_data' [53]  (7.3 ns)

 <State 73>: 7.3ns
The critical path consists of the following:
	bus response operation ('empty_30') on port 'concat_data' [53]  (7.3 ns)

 <State 74>: 7.3ns
The critical path consists of the following:
	bus response operation ('empty_30') on port 'concat_data' [53]  (7.3 ns)

 <State 75>: 7.3ns
The critical path consists of the following:
	bus response operation ('empty_30') on port 'concat_data' [53]  (7.3 ns)

 <State 76>: 7.3ns
The critical path consists of the following:
	bus response operation ('empty_30') on port 'concat_data' [53]  (7.3 ns)

 <State 77>: 7.3ns
The critical path consists of the following:
	bus response operation ('empty_30') on port 'concat_data' [53]  (7.3 ns)

 <State 78>: 7.3ns
The critical path consists of the following:
	bus response operation ('empty_30') on port 'concat_data' [53]  (7.3 ns)


============================================================
+ Verbose Summary: Binding
============================================================
N/A
* FSMD analyzer results:
  - Output states:
 - Input state : 
  - Chain level:
	State 1
	State 2
	State 3
	State 4
	State 5
	State 6
	State 7
	State 8
	State 9
	State 10
	State 11
	State 12
	State 13
	State 14
	State 15
	State 16
	State 17
	State 18
	State 19
	State 20
	State 21
	State 22
	State 23
	State 24
	State 25
	State 26
	State 27
	State 28
	State 29
	State 30
	State 31
	State 32
	State 33
	State 34
	State 35
	State 36
	State 37
	State 38
	State 39
	State 40
	State 41
	State 42
	State 43
	State 44
	State 45
	State 46
	State 47
	State 48
	State 49
	State 50
	State 51
	State 52
	State 53
	State 54
	State 55
	State 56
	State 57
	State 58
	State 59
	State 60
	State 61
	State 62
	State 63
	State 64
	State 65
	State 66
	State 67
	State 68
	State 69
	State 70
	State 71
	State 72
	State 73
	State 74
	State 75
	State 76
	State 77
	State 78


============================================================
+ Verbose Summary: Datapath Resource usage 
============================================================
N/A
