INFO: [SIM 2] *************** CSIM start ***************
INFO: [SIM 4] CSIM will launch GCC as the compiler.
   Compiling ../../../../testbench/concat_tb.cpp in debug mode
   Compiling ../../../../src/concat.cpp in debug mode
   Generating csim.exe
WARNNING: file /home/ytq/codeField/temp_MM_Accelerator/insn/prediction/concat/3/dram_before.bin size 168046592 doesn't match required size 16384
WARNNING: file /home/ytq/codeField/temp_MM_Accelerator/insn/prediction/concat/3/dram_after.bin size 168046592 doesn't match required size 16384
outputPtr: 11518531901263088351285525294768472198696391261075982877003565824
goldenPtr: 17277797851893694959355463240871081821165659622847037920192458240
outputPtr: 52016429300997263689067132589369359502180690607482436695300068777367231856640
goldenPtr: 57444390859913217466639240731458262706812407769533911194009999111356399288320
outputPtr: 732341676539344636863494534640668939827978840459758395187254647586916
goldenPtr: 1084821916879550077353010580054630474018277750311229135824288856670335
outputPtr: 6984363496071332492922964630193971395324047802728607454969789947392
goldenPtr: 10264686529213342405960582336131635669037293729751264100025532165376
outputPtr: 175652816905134850335938287738675835709362609863196019787675647417188353
goldenPtr: 258801410301782119780811923588191084725835808706448996163266941797990401
outputPtr: 3100441174980656618889704697045409253276989232858006430274602928177152
goldenPtr: 3423965471500947818207507456168676163062928041976739844448920734269440
outputPtr: 42134003448678111568717844266858954490668852428197304579684546853917176823902
goldenPtr: 57542677375872815586236100393752656276456788077767232653350986247731081576575
outputPtr: 12126134737561181591497769087531571874734277143981582845610144104819
goldenPtr: 13396875758279161760270551096758572483342228220773877207193763905919
outputPtr: 796804277855764676547149732422148169103663757961518029629777350429273344
goldenPtr: 879950227775159138069849962231396839007840671103244874288596384475021056
outputPtr: 173388157936656044720791232913618730035330557355578334057315674647958784
goldenPtr: 256617620477525977174783758489972156402206228540115678526315724651110144
outputPtr: 52016226062055032997804084887791470163304282988596326188585208402726059252480
goldenPtr: 57444090674259525957980005277626634332390198954692556872817675922424580810752
outputPtr: 62116048875690128268046686708209079650470675125523011461739380488536064
goldenPtr: 89723146588009990173267570963386266188553345495578222767647033808388096
outputPtr: 61839647267328622047224567539675416051674539066172465038683311606005170291
goldenPtr: 90109200303821338152474396813068208346130486731102454804372219158963945599
outputPtr: 755182648578556707405994467851483102937730438929809003556775756759564401
goldenPtr: 879956862372046599320112295444632056503914470839234863178238970078167167
outputPtr: 203189758008068737363541012480191086218235056852990961842654776431867685888
goldenPtr: 224393001192326310803729261260638247309112552050040641839279234797553155840
outputPtr: 2917858208464923651377080705077851509884923556828354684348951494211990978589
goldenPtr: 4296081741633221581914416959894363810690130324942236052947107452384016597035
outputPtr: 159629891524454961251992658263790850920728955804053467033058761928343567
goldenPtr: 235980465422339245118628310200524576152535138222345942299661066964041750
outputPtr: 109544518016328926770067581627909291502358398658916669305401586748371435520
goldenPtr: 160783082894932604150824129964689229833803159337555258009254263725450264576
outputPtr: 125818835908985372213575586652827701138187753129351741358721179003683864674
goldenPtr: 184297332708632828299164301173227344016036990697551344705438272237643104383
outputPtr: 13772574919640638594237320731071698180696862126131885136417446564952259362917
goldenPtr: 20578470757081045257073503630534061709217698185139967742436411607371671863423
outputPtr: 81276259057245702391541829690639908624302750299280423918727293633363443712
goldenPtr: 118380640536418450626866559966364079716125235616648487897256168479365529600
outputPtr: 11631789417103018641704183487223381140092451929546249082200607890688
goldenPtr: 13427094591341622188651212378095239476284240109528411516637806865152
outputPtr: 16034138381139951875145952431615807796639578604137044713400524410484216365056
goldenPtr: 23292346689935015528162881359614354216317796802926554073535293688139682349056
outputPtr: 116615018780153749225083464719329043441527985161454432397253775865272169216
goldenPtr: 171387602571391225766445082267980434554889083576393539585693457275697987328
outputPtr: 5170209064802776535684052188633581434967074628600966379909823856647
goldenPtr: 7492032064563732683715015402934009471701388653174828519986252742666
outputPtr: 6333176120227584637223765937415668686877032557197220547195148811797811720960
goldenPtr: 9499449773161345498045379827098258529444674490160674482527875190330056802048
outputPtr: 262266361178042331159880916423585676941400283920085957339397109323923537
goldenPtr: 379596049073482332385058882073695763965670919000255444278844630511911031
outputPtr: 203277147262936019935200592219896808970885784085820535765209991070159929344
goldenPtr: 224520723782104875589857637873635620558611882511824868918054276044698025984
outputPtr: 203665412308860014284301878739076888148277736558370585700745779882972807184
goldenPtr: 225089268730112938111535645495733937079307177485705305805317950331098497048
outputPtr: 793700877348257724921448711083732582233732818708295188910478048022757376
goldenPtr: 876521838491252427573583933673064642942266108746827656902955169646379008
outputPtr: 75919209874152909322936418472425106161408372701626390701918884259168343
goldenPtr: 110427941635423675023363391894348254005049999865360721331265544283750527
outputPtr: 203188206410399621875749966157388747200130975557389847842947854802215768064
goldenPtr: 224390749896500340207256267095997313641284677055798685673736430650184964096
outputPtr: 52015977599190809804517104869586651298786591208868577438654881764185959563379
goldenPtr: 57443731783455867088551329719634880789825290263175714398113291388867689054335
outputPtr: 52015977642891149630178647397273071306665148029000398661529057745010169151488
goldenPtr: 57443731853798103758588680120757367597844965481412402634662105748273484464128
outputPtr: 47493055540909809034075787817033512451337733783388653785008046142
goldenPtr: 52448853229522377434560584148941119554468553409627424802119614555
outputPtr: 81274964979805679171662418087825656439484915883700861493499053027842092616
goldenPtr: 118378753340151750094256340834540469513965304577409310679116935846086147946
outputPtr: 12110913642317709164630986484799422593789439898408008649127502020608
goldenPtr: 13374661192557211562195996614574749853695404752930764883058233442304
outputPtr: 32317399958420849152035616176585035333468755370761965924200018327594565792512
goldenPtr: 47264926261245717129941133043110644586680974942306563315975901288796722986752
outputPtr: 21711016732356385630525792274634281954587078130466270103828762359733549596692
goldenPtr: 31661899401302223076342125461173875450957412342175816178306235444746684530718
outputPtr: 2546345929222870641766264518676762293587535232054721076314297899969818
goldenPtr: 3437287931220139102595100213675245965533824690047172278436165872287527
outputPtr: 85181353412089860131219405244163894559629924019689943567533588765256188019
goldenPtr: 124224532495884154801958680335042737489986086073208517913249159208772042879
outputPtr: 2844623782223708059963882347311334612761218892143165935281600690294037902080
goldenPtr: 4261635131876712079367689757187949302861373058845144793225557864722543312640
outputPtr: 41414585260614357592014165215068486836391053819023034227398976865763328
goldenPtr: 62121614610176669302372826205916011108462508207702215089268645662687232
outputPtr: 9046258062174107995376151460744925582749335791555224627515395304470932684888
goldenPtr: 13569387034549559387843595607028087765400466046559766321862180491625667166335
outputPtr: 21204267653365852140043171666532427539516967278407597794138781714896414500
goldenPtr: 31806320600135647407079799320110591077640269836822739173826553504163987252
outputPtr: 176765244542496510606037940103776947329502434323112195876454464
goldenPtr: 204084147572116914116019497208294038627383200800331605723054174
outputPtr: 30757273703662198045489596988000121094504477140429403006600325917143203840000
goldenPtr: 45231284858326761077611657708018438140019734298054900191516892642311980187648
outputPtr: 203187420453248364957628429946770011658890546308888354808846916200916086784
goldenPtr: 224389588916519185434731048528325650578087850749964784442178704192441450240
outputPtr: 8189336157361193888205375811879069007033997176033273406946417046408705097289
goldenPtr: 12283120807717692083615787559846949296538765197683942441005289886200186821483
outputPtr: 793700935193928370811753090376564210471106391446834810281680219278434048
goldenPtr: 876521891355490461481794800895323553513138991924075233533447920660020992
outputPtr: 733816231537443522458020943088795844837909619023259833185036578848787
goldenPtr: 1087033678683978902019999192405195439205972512564076338512411907588124
outputPtr: 139984331957694960943051722999459184636972593223567598898446227198553817088
goldenPtr: 205544345293902646295849629628231086160016695551425545909244826241139146752
outputPtr: 52015977587075819893927427298445692141623821978500723561480664098972438117439
goldenPtr: 57443731770075036038531112121432245898195282812875191765823726329645508876380
outputPtr: 162549929959611358332721234683554612609246888174969147213392696972177450240
goldenPtr: 224389577226854809869290521751750797955446862462757924185823206577193170432
outputPtr: 17272696905274308643431844214803005589964049271266643117818163660915036129024
goldenPtr: 25000885966615373190574340173661082428438270101870740685732068662987580246528
outputPtr: 25358361930772702072019170313187367288583353112339162172280523028718761826866
goldenPtr: 37132899939834121046066497004379924697502006842105326295013062560829841375049
outputPtr: 32722008019183306297574914582873100312202364563890195543642843633282015046683
goldenPtr: 48169552096213156970448872083299314594602214384195111606541410954740469022760
outputPtr: 2259971453900039069168762907677665236518229184360685963587510587415855125
goldenPtr: 2488052604810829260349977139158239710264602935835904555992399644442230815
outputPtr: 20890194579482463532159897039042786753077180629567962637598733
goldenPtr: 30531822846907127906229978886527500170826716538936549586173971
outputPtr: 26234145300710224319898464598234063639939856689582021718381307731993144852480
goldenPtr: 38446592240366174211136959206039845975433246288288554292437805888329236873216
outputPtr: 8688124002954157180500902102235783470584100469916404058423411
goldenPtr: 12046668724120699760422995823747864660090124333868191085494399
outputPtr: 52132589499282640581688393629812948459578417206939539768009644039111249516872
goldenPtr: 57615115944044130409201734430224212498446541121719798821564717388922468990826
outputPtr: 4327421920750972669472893646001164666299335830331710896670928453142321942
goldenPtr: 6177089942163359168977519913519076821270661141371560654602342792257611809
outputPtr: 4726318328999707943013232658175754545765788869340940569821032885679606136947
goldenPtr: 7009085736109085387466438524967937356510161622289923982399041282415827812479
outputPtr: 23816164243928548034796384298581041617702108733751432057990167710928135
goldenPtr: 31044273432415347698876539952026498634970151244037826755344524975805194
outputPtr: 970558084838239560077527057718501848491625964548662425871225767264258
goldenPtr: 1401917233119588990440474587578913440892160549451865418551359466373123
outputPtr: 12385600308682720112528043555041096117054054626103101569292939206474102353267
goldenPtr: 18316906957845436681341171555656789850442482794048609339364901479624379351423
outputPtr: 53919893393054093803540523965225908212157682503008501670455956930816
goldenPtr: 80879840086172870555912441000994155964614730641714967756063575507200
outputPtr: 47972458356627964183740634110723763101099018773100999057649963348851023216640
goldenPtr: 57483478927286202262768742000273324444973472245996589177557354270535301398528
outputPtr: 45887026691012786260196098278041319238813489267944528238618903457394288951296
goldenPtr: 57668473349740033493929169009932683082217503167258594870418424825858066677760
outputPtr: 7737409797619334000875221074677284308598047194606748750355674274349138858240
goldenPtr: 11379061045112285033833803013657722180140386361769065108516933639260172482304
outputPtr: 12665114849789084227752243825015657857661985662237390274815652214718349049971
goldenPtr: 18997653793640181992516179840356344320239711743911606157375269509705930702975
outputPtr: 31804756956757291286215080264993862459035932758881225465465015109616599093
goldenPtr: 47707081514008471067129566180614963450301154780375882225923348332843368525
outputPtr: 793700829880914835573439929815551635473837190483406153205787592815018059
goldenPtr: 876521786042401601030939473000914723629165208438134180904112264866365550
outputPtr: 3100393866722324826473363216204916036124115638841687486708885033779200
goldenPtr: 3423913226728133080972214772928572067750058147573060151539210676797440
outputPtr: 793700830066051676384481028734895544318168519452406282600867273063268407
goldenPtr: 876521786246978626966271249473667619820984789262845020358469718519054416
outputPtr: 158742284151924378861217106431547965639250653293772941595779376921706496
goldenPtr: 234662552848803216731831910426769639466436823715471374421592973353418752
outputPtr: 19449453378781505202984482674362357649743442982464878564532373868676713247494
goldenPtr: 28043397933233016943889713383223357244556565987792442732036420644886324150025
outputPtr: 283483839346499525335779113959785884517012518601913019062167923506033440
goldenPtr: 407957913171404612993886573395442794225788275499643696055351602291296816
outputPtr: 52015978180194461340249993749528478342129314930155199369722902676558298706753
goldenPtr: 57443732659753071339388549707198258744906439702010579191971545091121068539743
outputPtr: 793700829880977606574595657484445211729126692036450964461068282880131158
goldenPtr: 876521786042495757533612094493062928886097169314033196468259905786019966
outputPtr: 128837524176734697954890026895918054903961576685139383990366464
goldenPtr: 188419775002925920991348029124933034149928950543633370369246976
outputPtr: 13811601855852133539230656293749433840385501803413109965163458520416256
goldenPtr: 20717139499835152810334034268746482009116290699610924835044579535224832
outputPtr: 43982123984090672300334567206520007335509488188454127018132809800377723527168
goldenPtr: 57600981159629538342387872666879608956829546379538734536063650276724212510720
outputPtr: 23973029588425793892397895332945667277767849177932740961999715852875676516467
goldenPtr: 34828745006814653851939097103648327441333094425471196476444062946080245940351
outputPtr: 38197466699130783496248193463371179639322320285983598011307816665158559340288
goldenPtr: 55858869961288335008919163302610982729176774755432919790439123834020634108416
outputPtr: 30757301310694809827664220332316298043640042196297500649482325457472638156801
goldenPtr: 45231326268856964350410136435790633885117666736255456257191001794487764647937
outputPtr: 6344747809666486383557759486349251120561402561295203098879432278323132104769
goldenPtr: 9516238290948622768832318674956495707943431369616577628357513999960145657951
outputPtr: 198198967049917695586761423457130157418760548119625526904805276057600
goldenPtr: 282975773219834043957590416034934823059732336513896108394961168171008
outputPtr: 48148349367167499680395712145495505833677561316922600628624686585105136746496
goldenPtr: 57668121354409962908441254628365884354209176098254586368622909975691851202560
outputPtr: 203187413607950128124057375596175294459673331547088181307566381503826897267
goldenPtr: 224389578911852273747638407169201878549916693505920159656475058732034702207
outputPtr: 796803645930346516743823837854446207946587522868148741138878954093114112
goldenPtr: 879949279887047885358346359193973723439527948092248145471047884215385856
outputPtr: 794350939297454508232099629017961372777017155055728606942783333464014848
goldenPtr: 877496896615184761863416849843206717313916767494636866411643340358418432
outputPtr: 1809251404232420970348730196815196468809438856526331129628796564965817909363
goldenPtr: 2713877104874259372158919557188175364170743858485356357254423102760392917119
outputPtr: 796808641370630183614805267823428189644087918100173844491606239258214400
goldenPtr: 879956598826461409468237687425780648430351871640288378031218969622151168
outputPtr: 52219164999544240894487023528485209862357773505180403065178083867818920509555
goldenPtr: 57668121347329452418853870500235228049140171052950798656624654869991815905407
outputPtr: 52015977590866877533356618978165952947494229221897673879848106204945009082386
goldenPtr: 57443731775551071030018523120895960954252542413386663936809121404461962100763
outputPtr: 793702976626778796238549651343188005670894748822811505879969217004961792
goldenPtr: 876524997860543369395359522161157761273438827453693635861268453025382400
outputPtr: 3100421840299847076746733652569694151569209243121921533554978550579200
goldenPtr: 3423954364342137843859729196247543730402177088548409152496562324045824
outputPtr: 327494620960154226468791814887447890227330686674849205553954984392946432
goldenPtr: 472756091764671962314272922576084890758378473202262118540943807175753472
outputPtr: 1321037401155423243830892744951485909870505786793542608938137546683221
goldenPtr: 1914156234261004606413253106843219268270885942846128596075050344415101
outputPtr: 669469423201155937885994808543388860410365134150566447125243125343192064
goldenPtr: 876521826357652435681356726555112918688601747851666579662672427466360320
outputPtr: 33504720895337350561837439727683438016628125252930939891380962146394560266355
goldenPtr: 48899259373494495272089738063631447600435840164174024805527573771585568374911
outputPtr: 4234281757637251129929241013088077643460737947327119660270248192
goldenPtr: 6347405286987195021065300098949086548472494208232554199378853632
outputPtr: 198680572085882712076594130946633585703909165135501459091627067265810905350
goldenPtr: 225266099014131339949647530425547536393276852361845389824836166484731319049
outputPtr: 4070815649360311369930420826210114860721345022026197563241020260696525467648
goldenPtr: 5880067044957124574096858119959979835480642065190828935434155851268530601728
outputPtr: 173174795419254284332820437733072879645718447295774455303072951087487488
goldenPtr: 256294627883855389148677264513097599535836401178162937916457171378208512
outputPtr: 4975903805360804628873205008932575367690183775731692974818248060744450965504
goldenPtr: 7237682029382884020434776603892566430862746477488750827651526965317773295616
outputPtr: 793700830003044946710475378348575587729882807393455631330121742211350528
goldenPtr: 876521786220774837947900954591580172531117939877642365264102268933767168
outputPtr: 47308256023027868395411303748315918544168945450211557972056368896
goldenPtr: 52244769694995993793193352864906092788351557879127336374328721152
outputPtr: 796801223879879681182570153387813757787638961126240164465463406308116754
goldenPtr: 879945699462655892791047301265857999963952193429061581287175259317889819
outputPtr: 12129426191674489639645204176867109628155841809656756726478902657024
goldenPtr: 13401401290570269894996110533729360443007280000795509956825797623808
outputPtr: 3112504780986076268045864242981148166377753642990284873135613784901120
goldenPtr: 3437287888567232810456596918314116956162854350779820635146682202220288
outputPtr: 52028417634391428823688274601998754304741092179192177669156560753963703468032
goldenPtr: 57461507190838556787392759595968799295695249055969356419174113221167370207232
outputPtr: 1536717144827889031111630724103051885100887285120307390761818969630478
goldenPtr: 2237675777457748754927009391417151020771253048934532485527046256033557
outputPtr: 106638699982361194337225671344747212752504754794817322224511294917050461
goldenPtr: 155275707517507681945931752943193522397620014737024187300752515068330111
outputPtr: 759199996568837158406849432211584155953654854186969134626186209894858752
goldenPtr: 876533370394485142294786566575964641084465253500962431690888205651935232
outputPtr: 2048955946706181351347023812720401776424815079054868073328124522164993
goldenPtr: 2992554080056847212416856486100907670607633151517708573774084573265665
outputPtr: 52016483328723920035069460149101709226659609968186946351240491103660281888883
goldenPtr: 57444473060781316031917096996712571482665276009148745605492712992364991217791
outputPtr: 1648769238362931336436909221650321218582205663311825704140805024793119
goldenPtr: 2405543366293183289793441086312061316116303375895227510109017250750766
outputPtr: 3100400633538427950994757042227701157129951055286303871924488735490162
goldenPtr: 3423923303836606802050728839722032396354728632229315360643089528520831
outputPtr: 351990748696117146904963452976317796208322572917348013096895142540607499
goldenPtr: 510731757177186756685200184467447657779478925921050126611103723594711056
outputPtr: 31839616134250423896782942886168001716539604187869403438732944364531613696
goldenPtr: 47755905928262171395622098417350558214133728416906954709770696512174555136
outputPtr: 39840634975974083179669303488483747376450012918991834426057926144163118579712
goldenPtr: 57498504784013712687554324809380294197662009468812309834906430741482473259008
outputPtr: 130746682822941762361040843765971152550131280211632496828743426002076590191
goldenPtr: 190819483039045020243871489231667495674611229914229067553170421087792562047
outputPtr: 36246868624480145902392075179062433633188243961120410944433191204265016697203
goldenPtr: 53010714061649718518989756639231130079695157334743798555562207819165943738751
outputPtr: 47308289134953963897162448011231511489589019064042512886249357312
goldenPtr: 52244816172389995417784284994896384571194785977603459812360060928
outputPtr: 4406012370093593957601199220375777125779469522360598582
goldenPtr: 6417453689528705942716324781386852238443734872243568719
outputPtr: 9499130802818844948220887028982928492143760130757213089735365605627302795589
goldenPtr: 14022522471650873631825791260303543802574393993357231146371596486236614721381
outputPtr: 607353678518293084804124145836045327544459480745720176022865802445222656
goldenPtr: 876521786043201134482192602981829160600657272715126039522020768402669312
outputPtr: 2939734635675598912252239972581026591479205531623380308014667420169052
goldenPtr: 3425545181741452897133524842458017209130962074039013203015071344656255
outputPtr: 42404329554681223917470056289220182625728464214875348712398221349104910451
goldenPtr: 63606494332021835875917741482764435906488036297067995584594530337116127359
outputPtr: 88342353238919216480505809293374821979743142120735189453053148206232265281
goldenPtr: 128979835728822056061592118678768735279894729656646362006342662633161785183
outputPtr: 6332483411228334052436956279393989285026107395678598399470861411061396733952
goldenPtr: 9498721665757880335203369756959362323731156800403116678316835822974328832000
outputPtr: 228269915739023236358128560370001598175382595388971842476155357206937600
goldenPtr: 338940501744190652477784591580454839155132605365815499466113847543201792
outputPtr: 12269476044655339587589333032708313910038966742818682899034900529315879845928
goldenPtr: 18178040388272779949272288413468415045786185245470794643502189450247419199546
outputPtr: 203189946702190085524618595470544212830174674087351453072318828093994893312
goldenPtr: 224393001165586860784565120499691242968718770421364995014003058850408038400
outputPtr: 1790309479463001912125010878062784476162559989892524959746012228723
goldenPtr: 2632808057667469936360437411951079077556287855080791971451860172927
outputPtr: 49556805188498221351101844241454649011787336411102548754984075582767150
goldenPtr: 70830204087417002263512466508452869838936431579125641704263622217171011
outputPtr: 139587819863839152600869059748256324813510672699793865034480933555784393728
goldenPtr: 204961161260639372795451441420386474062384559334296099511448342656050017280
outputPtr: 86575506195533050494653980975640180400490952283539351454217284970140926001
goldenPtr: 125446141630530671187567599827183457486791120308635025463653076883055050823
outputPtr: 52015977598567022166737103839533628300101114267990376452257709491518015209472
goldenPtr: 57443731783468013933217069156172874921721488490715592975248261518761868066816
outputPtr: 95825086654601028277389280623500744331028921693998051959339257382186844160
goldenPtr: 140190078439684742647049083030473392099520419248544827875485025223847903232
outputPtr: 52015977587122950953645485887112535162381857507170611518846317971187651575877
goldenPtr: 57443731770127087341673428693790637151496566060044520164752270971169320992869
outputPtr: 9499135770209175801551921306698402967308214947608481291785456842023572078707
goldenPtr: 14022526525571436827156288488287414995005825621132393288953534726728493039743
outputPtr: 23521061828318311348644833109375769826420104092854484673233323086561457209379
goldenPtr: 34376653015799488684636689761934725187915106573754159542229905870546318393395
outputPtr: 167850471680507969654568260710458310722539576357423132423525555894801662023
goldenPtr: 224389577964040851539031748171158085197728465746686351176164283741288530024
outputPtr: 441981381317664956986180445045933729911287543708111189600203881117515830
goldenPtr: 649168578459360560173591081700507797501397097246519139391752918524297295
outputPtr: 51412618323181164852299543409603295468762000621231942502414052487069736
goldenPtr: 72441376738021108496426405893740695011597107664430317304045446990135354
outputPtr: 9950883401384161390855077530612489331300865038878554325611122962977748156416
goldenPtr: 14926325088385644169365823242706214713150410813394077176925844718445523894272
outputPtr: 192586923425745815589958831385801106329605160519944256301467432696235908352
goldenPtr: 224390467272969548476389516045588464373116424903319422459606189287249182464
outputPtr: 582793188906733584739099424435831573124613796603061629874886327746430524
goldenPtr: 852338745557933319572563263460911102791918977832840763582693997335808344
outputPtr: 203851096725060805197741961921398776774463213602747398009240397432092578832
goldenPtr: 225267703024450829827417044005942056695090523083812476249849124814484568856
outputPtr: 16735576475978723055840884457171551277212376837272523607212998459417534922752
goldenPtr: 24424895387173291666900060856135161535805050008053228078652784116521601335296
outputPtr: 781838453454082187075682920186434988210478093986064331995395064079616
goldenPtr: 1159277706844409408659565938660592549427291473164452318135532886046208
outputPtr: 104775664311741420164880669255609421391649185587899542464317097764716544
goldenPtr: 153658163055108618536559066026157759740934629590612092086499245671055360
outputPtr: 61839647305501435323365374071489549116074018303561599622875717054574362624
goldenPtr: 90109200355942373629891586771418269191714702397798782402050285154747809792
outputPtr: 52015998304425641605833562899415955702630182828437756194122818953308908683368
goldenPtr: 57443759390434958268081519339183972507966911676832439056941180882908104032383
outputPtr: 10403195517436929867971153226581865223883371947238322212845347484050657312789
goldenPtr: 15378636851862733167421742005989883458023961308791309988088768248308229341215
outputPtr: 52015977594447495418694775282634250301254036521134608116049392104138820550771
goldenPtr: 57443731780921997861164595787232276795396095915045395483807661137726252515455
outputPtr: 1384961947733195562432552524993424203792736029137440548365661479391273
goldenPtr: 2008410714411054107701845195800488769751552616846326595238726102709563
outputPtr: 3100413612814674068609577339433795654626817543281649102451227840546068
goldenPtr: 3423942023114378330717644187416138704535993261955754633139503763490590
outputPtr: 793928620395112657015471450404390722214796699830706436411438069279096832
goldenPtr: 876858680103623944772162758974578388067009869196401216178075460109205504
outputPtr: 191027587456263715261613990347437159985766708378788970281167383132951810304
goldenPtr: 224701666517285167872277107964257382717945693603761562129217900903449762048
outputPtr: 2563654014544894759847473876690600495473924645198096018148655083464687730
goldenPtr: 2646801136071680902963720066290139003593113720931432022985122744941674623
outputPtr: 30757349622871929107358790615631657500798828818984848678663190814768263856451
goldenPtr: 45231395286268187488960364575953212093980259651116585509224709975188457914722
outputPtr: 44171176619459609956935253001419682776842269005423053923956853707412340736
goldenPtr: 65373341396800222721571373444045657827549551045228215813804781611094376448
outputPtr: 128009284073039492601150462793184370290956668439888992816699190631624343591
goldenPtr: 188165743938776297484193168032854686035188798694354540274488432634472955960
outputPtr: 203187412449514200599271364865922033519760488106402198192836112276132986995
goldenPtr: 224389577226854812971109722156187166479434399942345888922347974820955684991
outputPtr: 52088446247278742858418318008402097459518461896619671698616974348338086281221
goldenPtr: 57548017642706230794591535619568444665076449388164373036650998056850766692359
outputPtr: 50206988459128477043053206385080876211060683538878262660330769633050354066500
goldenPtr: 57444111366160175801337858723648662410202627352647050495254715747872844493924
outputPtr: 113873099213350866557037125086520059881199712640884273931697026565484314624
goldenPtr: 166961871311797226222781217518021590154147108427634545946711669448642658304
outputPtr: 52016152772809204755906182717463122874813016053737917573525385812264286712637
goldenPtr: 57443990558603075707228866241441491299906078048459155471316802070663005241177
outputPtr: 8412847938284613284611204048600341204467987434593505450589361207
goldenPtr: 12546137395090906138265724082433565461236622158698131147067498064
outputPtr: 3100409272438285644770243993526622912314622365176536636028238008709957
goldenPtr: 3423935645122135307357617697501985425759145786270167754212208568991589
outputPtr: 125628687445615907271838732099529721379696503948461497229321216878704787463
goldenPtr: 184024686810152381222208722954586834409426971021602902043281652155245854730
outputPtr: 1698505024992563473253831397262854872048224813984775566097092322527300
goldenPtr: 2480356642377322354236358803798413591290730783160831835438055524666468
outputPtr: 49754413344159302721389684647498954639888890125052200009474620714424942657602
goldenPtr: 57443731770074831323885709467006373934009379254633571605603429483704387305569
outputPtr: 203190512843380920225698625900373697644990563585854259726724725583791527936
goldenPtr: 224393001140081537988380221646499648703618276200439647906460891908562494464
outputPtr: 97177938982327204035886558016420325471793253142580188212166915028823315201
goldenPtr: 141349736838995365094313344091459461922137810250161914810107684548352416769
outputPtr: 203677894759229703702527796441705955742521514162800294642017873490102731891
goldenPtr: 225108032845587754318563990757859173062091331312389155976036429680808584319
outputPtr: 539696323301692224962809330104623166239130534820009512827606107498640183
goldenPtr: 788780534308742263673791178049739037136491264642811915066160789391507280
outputPtr: 41169303456416354626449859433274902093002317720349920095653100047552233865216
goldenPtr: 57456099699550494978061668188619839325549977279444636359215626863179680710656
outputPtr: 3107143020970653733874897201664316426893734130988558744955764351197555
goldenPtr: 3433826329499944265134125024006791884956357858683797618141220648812415
outputPtr: 203187412474608142406016661257547316070060597121206240212244715797554921509
goldenPtr: 224389577263467286264467638893053188838775698489410008979009678472118272054
outputPtr: 262277212471422054488782486100159222923899534089103307087831445679308800
goldenPtr: 379609429925245460514212367234165577338816022206816577379367222554525696
outputPtr: 1509757198386914427487856026890302675112434024951245918854997010808871
goldenPtr: 2210715831117013535215772342201984557752185822006149841518816697253944
outputPtr: 44668102356428529333710271851223110514502078020741030206516618387003539533
goldenPtr: 66104926509560020703839916305588145483771242356458922872436386852990091377
outputPtr: 2102908827261922495652165668994627380973439162004645632946548346074368
goldenPtr: 3073482163549137727644509751568796932946434689536227575732118916910336
outputPtr: 9498569820262992320725467116444186546502653717926563238662948388886531801149
goldenPtr: 14021698306102238222691058536519413487617240090898470260627462716739802890329
outputPtr: 52015977587077305881321739243860876732107983889263265847833129311030646669312
goldenPtr: 57443731770077338149880511261444824900750791177286019634019268057962068836352
outputPtr: 193259476247561141267304273586452142698668163524299849567591960860953344
goldenPtr: 289886773471018394818691597905548126915125915840613890030904747375988736
outputPtr: 11163517508234716362341939446166225701790999325599979449980201795584
goldenPtr: 13375077240827088034847019121782436324444606673970894570439029358592
outputPtr: 30757273703678980833929431521066453644576451950439244599747972096869653872666
goldenPtr: 45231284858350910032679146446876841855939368432729164920457587915096478908455
outputPtr: 67191601079872860794445339369288548218442462229390961028803750073118760770
goldenPtr: 97249029939505771896497038591723899114640298449935042311433108904306814561
outputPtr: 48397654253714060432682886346838089939333887312231996593496058793861886735104
goldenPtr: 57444000951557221436334246849785226602830349636429906269796430080624030154496
outputPtr: 52219958700370250692825164841914380011134937892020968657592509684063894795123
goldenPtr: 57668997869109942846394133268655903487636773349128781791215142354681478545279
outputPtr: 411451465892060005914747253718506232161108717807140261043634284
goldenPtr: 411489129172939239330272805698491551998068414388313498436239487
outputPtr: 203505378088891579198213998217771972837605928228657382443566614251028086784
goldenPtr: 224852722192198859209723583992998512175017716250554210337270269521038409728
outputPtr: 12150405651799236192422917493613706112736870570832293329039823929344
goldenPtr: 13426905812410886981127737783432101844284026730708875688175347040256
outputPtr: 5880069053578463085159670434650043831879653708305927273081485203081097379840
goldenPtr: 8593947088676194765675748156784842021838329905851390119095437605083040186368
outputPtr: 140149913690112776428719004591708528817146311834985139720123472823713792
goldenPtr: 210139198985611185242739653742792213262102828590530109708328857931612160
outputPtr: 27600265216056267845510644687154391690942814309488510348960014262295374856192
goldenPtr: 40268718408201286356163679775049838004923036117591111904262015643567496626176
outputPtr: 26234159028828709808978534732462249099911262484460298254650368663958766223360
goldenPtr: 38446612845812149632688876611475136633258527801445709386770960393867880235008
outputPtr: 540045970391706299228772128588279760820446285555929891100257378184192
goldenPtr: 810068749613881654665810624258183947627225165321569779930581825699840
outputPtr: 2491583510338858300972886773846126042067060644566978475888153853034496
goldenPtr: 3437287889592064875141866623901654237584607804678112247485904447537152
outputPtr: 1833276392951389405091948640164974430288874332848108995718250137416523
goldenPtr: 2695994696080228624390743358749614516880135520822649897715146720051054
outputPtr: 8594139987094631974361836238853503134216060787843340984964427697088716865626
goldenPtr: 12665053057591300621587973983022298884076820870900809285817573109364001079423
outputPtr: 435672745957300986400574546286937543768871364298193239207444252568072961
goldenPtr: 636254752863287000450100592011767096117450293210498503039314811758332417
outputPtr: 51564458451438197760612064260862721823947236494074270388561203685896546700835
goldenPtr: 57444608305243083273627793049980509621357161134116828725182145745773078802995
outputPtr: 203187412465146924317991438801243003910083460681674460629572153801949060096
goldenPtr: 224389577249481131509532177507279043701710686574786462555396633979783490048
outputPtr: 13117073444673162097187642669858297998470292973452800647184411675347084378112
goldenPtr: 19449453729238133404082093684089905152583873210335062074964262187722686332928
outputPtr: 779897375034283998657482502432796558044503035693966491495481220931528960
goldenPtr: 876521838287673795014593011337212954366097449079129098651791596318767872
outputPtr: 138566361404514149171347007632531324839924836446421469731842815623960723456
goldenPtr: 202297087170778215185671212498074480044786582392910209520504716442545946624
outputPtr: 16840602372157283542016429896723972091829767438940680681838458590520119001088
goldenPtr: 24577722616800739374977297972799140042663305465462694359162101866315121229824
outputPtr: 146928336308990415826172687688528941823625226019950595344289035716963
goldenPtr: 202119793402949871754196453839715980698714186519138560207272730955135
outputPtr: 84808666691847485618726134605842667790108025993177785473310342430448448294
goldenPtr: 123679305697589876431808233511442109283506824112137057196748785710660615991
outputPtr: 52015977587075634662932321448479724127896496178590483316216406596883153187691
goldenPtr: 57443731770074831323412215860494999689068304477083850538910649475694891925375
outputPtr: 53053724185879613964544234926710757441915824754973406181440692847839805440
goldenPtr: 79577135404823273386262031991012911568461390485482515008110576406315925504
outputPtr: 905419750160717665494430124392138887470803332757739891217130827514799092480
goldenPtr: 1357815582302324040212744526561346674117921111405828668795454749190591184640
outputPtr: 33923464344712683476373042870709468709704142852953805694014075125383796097024
goldenPtr: 49754414395610858408706065240148458082249376356273409178205237092037221679104
outputPtr: 33018838002393960935587986140748215759740754250025722096230369560495102558319
goldenPtr: 48397474882132775432448668061627255507017873766348677186511282906388557135999
outputPtr: 26234145217853311063609182855167929697014087545235173862175424566551169335369
goldenPtr: 38446592129612610780779713822751724953464281524523665535100380763890334236779
outputPtr: 28948024927287307444555850543788915444829570692507363135519275425358424703025
goldenPtr: 42517411194952758901966012634115936264876055084239724596180194658449473601607
outputPtr: 11760430838257838092832807927537889237501944257384142540667463894417073506304
goldenPtr: 17640629003020890162790696522500439569476732105327191784410655587417592957952
outputPtr: 52192662293576654785814535743683911802762729997754497597011017975007344075087
goldenPtr: 57668121347335623060310631423975367704854600473969547647380265333954841686388
outputPtr: 82827169586833438268562898506813147577800221502218024654629263337529344
goldenPtr: 124240491099520972265305038061636448077913172166023449558356940690501632
outputPtr: 52015977587424139679676352147238121980069311485663114619379601669006696579082
goldenPtr: 57443731770543900232385060645194675593844633668838351661398318880782135787535
outputPtr: 3100393964858540093593817298163774691106466533783944809920983117857907
goldenPtr: 3423913369915110672708618294882338976998170819131877164297999601370751
outputPtr: 63544641603315595422020555858666984899507472916733984354132739068264536
goldenPtr: 91798670647217370039594076388790751197110429532671196388427468317393023
outputPtr: 67140188509071658422282789231013265189651920959413786146290996054067254387
goldenPtr: 97176588615259988953698062486867894267243597076751537549415540096350822015
outputPtr: 72440729655913760332706992792522614775443676678768575404032568137468621056
goldenPtr: 104243976821924678559445491686559260169013755011585987411110237179155072768
outputPtr: 120145600404930134519417884150730055240493553255141084028455419037456793600
goldenPtr: 176684706477838433117613594504651115243905815517001029846050765893661622272
outputPtr: 12415758558479083883747518216459571138754494163119953055626347610253049462868
goldenPtr: 18317089871926714043757807710272299497624066553768660825217055475418574618747
outputPtr: 30757274567538891177530864301756316089139894947369337907512608805710207385646
goldenPtr: 45231286154089147842598228113495607942856342600448655978807297539438148976707
outputPtr: 361756861260018336754616481930993781376302780862341484149287261634560
goldenPtr: 525627352482602279872641297815293538199796872541067944725147602059264
outputPtr: 5984311952002543571705862001343771450991668711696037484864293411406580238592
goldenPtr: 8745894345610316201822164347393693306342744076464063095470343480884108356352
outputPtr: 203982814283530143273323914640963370239104957560957955903717796270586200064
goldenPtr: 225268583119233089385017877623158087153538196473017060869039266908675768320
outputPtr: 1051438105318929195586604606479475783408213306946952687437917574268416
goldenPtr: 1509757218176000516802328651214863220037639998909291754303192142645504
outputPtr: 12212446911764281444827191664103055665736354237941816369497071982272831320840
goldenPtr: 18092513943353760517000784424127451476638291472537750713486504502951134920460
outputPtr: 70674718377044829096907638732633990128360657978732552364383700425478504448
goldenPtr: 102478369955008641368735013433316272956381045373901669211634279607737253888
outputPtr: 28269559039254774382476481037844037613058130728397278152411714011228173099
goldenPtr: 42404338295601432402304727327386139836618795717151222829311719843645325118
outputPtr: 1725446871491587114977160090173799625301692681303520410775378743787565
goldenPtr: 2534250208202406244945141505275014585957144764570547427291652203479105
outputPtr: 166463227124255310169287743167312518938473271557149136302902606734777348864
goldenPtr: 224941727201759093006169455428311014677669105886213719146670490738155618048
outputPtr: 52121988410962338155829498976199766415259638318364748702457216750572120843264
goldenPtr: 57599214311775329778406030351680876963340660529535983952334359824985046856704
outputPtr: 69059159717074957333492292674183029051545573792717670252544
goldenPtr: 100445829738360041882285938159030060315309200308098298609664
outputPtr: 27138770914996012230106924012407674052575874161340479272654507839008849010432
goldenPtr: 39803530675327485567298080690910224264809391554064900846178096424728196558336
outputPtr: 5427858976342745581357581670537297211957824732214833234388621458708004601856
goldenPtr: 8141784946240049852836799142759344602434947064361130277007144117110596173824
outputPtr: 158752276889831561942787183900353512987650476185750262731824645457268224
goldenPtr: 234672750452078003116665588260858453323593534760725294366975475333427712
outputPtr: 8424984058173269262834961664219244154247904838083580832917793764096
goldenPtr: 12321538925530398729828694510837734921347611826370082719510081470208
outputPtr: 441711766194816349555435835016491504621410602414391576147910289742130035
goldenPtr: 648764156598633968637131060401829675892405501687763490709515260600942463
outputPtr: 2211558125186824982312433792313393568456308854765820540644035725824
goldenPtr: 3264681041945958880119691674627579211467588406265999729771034251008
outputPtr: 165648131918824934961011782659695017488954171815732076125760218889977879
goldenPtr: 248471934391820120244723979213302430689028944455364727121150038486548514
outputPtr: 52106086787388435568284622264744476311500386248449528627978593459587493396595
goldenPtr: 57574478452882085917135204251962146253956294036919195814325262977272532435071
outputPtr: 793705990321467484383554073418253550964149207753330837450643050135027716
goldenPtr: 876529263417680527420733144872993003804797554928776243294474599256817670
outputPtr: 10124033681180142208512302537751237042022217343101500643579159501901987323392
goldenPtr: 15150713580474645626176787668809032832026261568500596686733552550859182714112
outputPtr: 26328411884778153576817414977406323956432359823670222745171723776
goldenPtr: 37435705744573599569379436728696254483501247133383093693989980416
outputPtr: 4317803959171824471626351969926860300431429702366497333847440696576
goldenPtr: 6002800626187881655178564222025077353095992557368158841483211322624
outputPtr: 33923877748525871911578854152999196912593526637011621396449352555415308624760
goldenPtr: 47945748598265835143208783510257749212616253303083320458910257909103060877183
outputPtr: 6901746346790575281252157017554320200554116953146175577822458151960584
goldenPtr: 6901746346790575951759878615940119962803665613981116029047381040300044
outputPtr: 462417005235721025966375731818138069052131293221973885600744357274583119
goldenPtr: 648764156599110187939261887385592902466896065390663855038306550005366896
outputPtr: 21258703883413520519770594816021967185673088231004743562334558267384633229312
goldenPtr: 29852648006495582006114592268726290831587208967221434747204771529385406562304
outputPtr: 3213935379248392999552301343279416149600509806504152542480896
goldenPtr: 4820899860204203723020408371740282265577431095886605960875776
outputPtr: 28269553085841784230446025450493144177657383323212543590108488190450991105
goldenPtr: 38870635477399758315422723986877786969336210358023590301048837414712246273
outputPtr: 828506135426528117550217292616985229674123329236578670207906886598000640
goldenPtr: 876953165758102678999732358959852937112338255663833604317302810136805376
outputPtr: 54486409379684890189959249049422775263886439059577751201972429629051874329706
goldenPtr: 57668659683516736594448751801116996500317642993368963201956971491192786083711
outputPtr: 54277543959827917219128534946111879160415558967789899937538460300095703159368
goldenPtr: 57443734789589062127878262517456140107069393179907429165044126524890592975205
outputPtr: 9168169419141618461953037228345572735848868599248063594763907172347783685226
goldenPtr: 12836143925624012650020161289544850584036648446292662619402043081973842326399
outputPtr: 372694302757222269418755281052239733180376167689465473073879445640601208
goldenPtr: 524532722397863239821023007344976526071322278277194464281139490515353471
outputPtr: 821309710889328452761996685321758955438306912790577057886145242223542299
goldenPtr: 876524418849695183942451397556989628071667324485725920897179891299647526
outputPtr: 212132088352531005894245376323145245112278858777398723280882978112715423847
goldenPtr: 224541429021289868591148366986541276340573977123529949989747489248188235903
outputPtr: 552654673199265271098825078658795691641139730243813566840832
goldenPtr: 785030037463985214497487081139684132544934859942013752573952
outputPtr: 36397049830994323360638315299486555693248331937509818394225047113322786218496
goldenPtr: 51335741898495307451584614192543181474674116074600757240375881404842315382528
outputPtr: 186751550564106616783336354352841198764757553441506559176593974866477056
goldenPtr: 262832520058850029794964185663188707992765567330573235511014562906243072
outputPtr: 12647348029115545145846734054394437283810764443886218387512624480256
goldenPtr: 13388647832850786541565828537977344253796822697169347686217373188096
outputPtr: 655670365590422589935044907554422962762388258230470168393429477299860238
goldenPtr: 876528051763801758242808698935431277762965830607449535323266322884741139
outputPtr: 54277542563597390367968942703567829698692987039295448895710723841977783164672
goldenPtr: 57443732802556538841947799506323080660844326446273570150076987395623148858368
outputPtr: 35733467332120725183778351519207970632781341190706545617217366887206701498368
goldenPtr: 50659915568384917333804462834917435565120778059316226896954327135082262757376
outputPtr: 54773472255095074491479933987580939886594587232141296031696333099035544320
goldenPtr: 77742969379133713175597423659964691600641885877403180675281477968697715200
outputPtr: 49557969285713530237667752162285442487362017918249066332367124538
goldenPtr: 52448850827718586580973065968491978192537754636122358216247967570
outputPtr: 171384165329719574322431837153888039060318927932135053554288611126679175168
goldenPtr: 224389577279301247121077478098193225145706098775386538566112737833980461056
outputPtr: 212021649366255287231522833800819490110240278826810627879943180442532315136
goldenPtr: 224389579456925661472594604432007207994849973694830706573924024839774863360
outputPtr: 50659039041325930310074810588292858816027938166037276416884031597626020349978
goldenPtr: 57443731770074966309321947903829482141209815994263437023770987068640263693605
outputPtr: 54282842371186301758338581265189131986292271368580150781279976386943789301880
goldenPtr: 57450799158333944861502783510166570246743167181781964154355100180489567207551
outputPtr: 8144424809403700744108615795084801629011301829040791169769888808960
goldenPtr: 11529227683985061073398411563364861519154106180089562832102920028160
outputPtr: 54417953977185100555368737785810294504018322451599192897588833029506253989155
goldenPtr: 57642498587029279498067046555158898345415453316905325292782916337655745623346
outputPtr: 828212113381059925761072301297216497948050080698093632439657118983782520
goldenPtr: 876525401215914043308101686066910394689879283251209425796963460236443775
outputPtr: 12664759768266206340279941519896104012903042111294962398958887220691078545408
goldenPtr: 18092513954545356425769094069965388489836653493391078773429054385878141304832
outputPtr: 30305369352190748851618792190902799830398976736531923463732908110056788743425
goldenPtr: 42517989319836597847095833828876035148817340125760355253154919601628321118209
outputPtr: 7161300110985957973760942889313010277503641864877680525288629368929
goldenPtr: 10004757697046667978392690956155528115277984271161688258787235889023
outputPtr: 15901623583005458976210898523318188125656527054402164921964666691352814423
goldenPtr: 22969011842118996296747050866686000073303469672120153193107388729588219771
outputPtr: 904825847810718258344804437297090852990482216527942163797180581116394935672
goldenPtr: 1357221517350199162540662001043256166718088298187461559965724746742297468287
outputPtr: 167850474839876719710342818601434900358970215453580840551103057126872261221
goldenPtr: 224389582492469393285560320201663800865415608714952742514134145481776443519
outputPtr: 13569385457547392142297279176885955884550294174739657651590493299739482652672
goldenPtr: 19449452489132749287279293978692133189277299432266634916099430393317559369728
outputPtr: 5000177193345864911117619794226682435025747273233087237171057543920147134464
goldenPtr: 7270575671595550507440810362688945939172131960165579672709420664319834750720
outputPtr: 20806391034830386388987629008951980866477239023751316758736546201756346875989
goldenPtr: 29400335157912502448576045714683187005238555239717943526110077386746765508728
outputPtr: 54277617749208912892040982403979797084368510496009695451992127500108730206208
goldenPtr: 57443842198026037670078763831803570415646193633995788140186450345611454974976
outputPtr: 212021655990233126559107371902168580314663275667136042879836386404813242368
goldenPtr: 224389588814909278678586019100342943383336474535770268188964590665076768768
outputPtr: 33107182914932385221796885909718404980190389162502966889980216383888984375346
goldenPtr: 46711906122524355860802269416046753402077858502069345080798998594295798104134
outputPtr: 23067955285335776559634342378369478757630817599875811965386626378982439785592
goldenPtr: 32566525108640946852715706253355081303551122380426299621253375803343807454335
outputPtr: 14474011159123431105182925120555277343636822663468638657083619155174215385154
goldenPtr: 20354078192511012747574036160135308678222836612123125962090064049253778456668
outputPtr: 37103790515957703050102817488791658547210340480903772210917299705165119488
goldenPtr: 51238567879562882278416480776215731035909105980951946335797140219162984448
outputPtr: 91876047393570026747891048408678414385299556434880137139479059364663263232
goldenPtr: 128979835764611915126648515060241926174400988005876588739595635161330352128
outputPtr: 830447245415870666424551787990495166454378850013213762698805934557233152
goldenPtr: 879676111321134512612915192087123987427418033580541182322692409278857216
outputPtr: 524532742102140480102751024810036519701557092793859991415247299959324701
goldenPtr: 738486886668794777194714313161991698878206591086872657882863553447198761
outputPtr: 45834159712854526787580627521060378968111359627943746409688131083273549060352
goldenPtr: 57656292327225227221177887804495143899378072222793032802006539496770628363008
outputPtr: 54380088516413982401412882231379982626234734944104233257287817231626139598848
goldenPtr: 57588717510464069762378869640081777667331874027962138389116137420175917973504
outputPtr: 120145605808805670109972370672409983180857339659607669096585375471187806269
goldenPtr: 167850478782971654198410350601727583934427975768209351619019717395250963799
outputPtr: 14078603211499898041507744657912971706915514558782672579336770771941064900610
goldenPtr: 19981791096190420987075221323942125724268433953591406562227485727012271816707
outputPtr: 138035453497329060205420025101732717161947769892595705291617717868429338
goldenPtr: 193249634896262189868675960234386071819351813968549565898945965790396453
outputPtr: 54277886921036373956105440479940157797277324333239593294541669552682404675584
goldenPtr: 57444214897636966017103493358371735033580991785192557090435597790938733150208
outputPtr: 10503909037407340944242081739066644370196339027713944162310478150283608391723
goldenPtr: 14617129193773544754794358672462295655398072621192028809005019396591303917628
outputPtr: 22221925407100287473546764693455404380410750621790306759488158371160478719232
goldenPtr: 31293035567375228850794679083311519900833801771502085724714372054017554524416
outputPtr: 5300544459209030224896445530031541048186521569811568692443488173073760376
goldenPtr: 7067392893058454985017906943904698651359448936845921035736278472853487743
outputPtr: 15378733476280028631220922429048592540218491587683803407163674458578042748958
goldenPtr: 21711147865177538760565922538141632400653261802741043736460148182965481898027
outputPtr: 159016289750126296440647160421782115893777718366723846808763514305036419192
goldenPtr: 224389658106898895554697513741108840665134716817644348506462735842664251519
outputPtr: 106189739445743624158485860678780309702139949632100628021313636
goldenPtr: 148020348188767151937885855820433978027972576448788586886594687
outputPtr: 828209610980167971094950179502715572541842187875580820056325740398903317
goldenPtr: 876521838287404088158887694143988984025002202506946795040862477821673501
outputPtr: 54309662570127404888892484102790798594664311798932697832542678555900143291981
goldenPtr: 57488351573581493360204698248019318756187883723572589915903318306966074388077
outputPtr: 201808033777728211943333916742357233937296042866096943742419464349766657536
goldenPtr: 224936190197776058773864091390820709675840666879257726571619084463287318016
outputPtr: 32566525104958543873328546412572842646764504654474934426970305973925279956992
goldenPtr: 45683597716616736609350843653677477864833964117380980884660847254063487647744
outputPtr: 12637601948332358864412785454370443332164447799354159374034979026944
goldenPtr: 13374841018967719718154440920053021517630995588432494528072867938048
outputPtr: 4187681187388138667620663120454624294958584030511722725675171903
goldenPtr: 6275093979192977208540921772515322496963276045355218319307505754
outputPtr: 50206960854063539210869130478968318179210128497875022332303033461343540215808
goldenPtr: 57444063056584733416128505852717001309497643561017017316990837830478536704000
outputPtr: 33321467876726500981964468302516186297513311518055525717551349760
goldenPtr: 46896880720880872860061845461349640161687277405464181439505301504
outputPtr: 53005424580971298911684552038869222481065242974395374697362106965397078023
goldenPtr: 75974437160335850077720927651684944904018991289521887753265446959584968714
outputPtr: 3166953703313687745086184459762608280200007049585863716682695488572160
goldenPtr: 3437291590155292036863282587150464553168488220915746489654976683446272
outputPtr: 212656611912665036142466331634288567459487828263819024881516668788799700992
goldenPtr: 225266103962644514110890714459661203587185696810428908460289284903850999808
outputPtr: 3247831075158737371413416330047907713109578621308441326959595995922552
goldenPtr: 3437287887908134364811040078888009229692859882582264169975165078405247
outputPtr: 25782550717025323345933340508614457162871258624955416831341140117953389264900
goldenPtr: 36638218038869277492321739434420242597529620356421149215792089194594838773766
outputPtr: 212411380779075083531990231217468139632072444446537916195575752600138285056
goldenPtr: 224938239124719937767609161246534980979606644877953369275178836548353196032
outputPtr: 18544826791955470914800826400640605995648836619116152940122146667752887157788
goldenPtr: 25781832369298428908985086972528687083207650550131360148619451051855874885160
outputPtr: 30059369116550083566288677245982041884503962484183760096407828442740831558656
goldenPtr: 41837171651837217013035954217241784976536924863698681877706988305067987183616
outputPtr: 30783779164182091144991007635666936670935376935392616651491134103597239762944
goldenPtr: 43006827834213241897233799010432878120503219829770717745057659694737576886272
outputPtr: 54277544418147039484708392918672201100895292910858434847523660381808123445359
goldenPtr: 57443735193988262133925607036477327011246258402650365490216705712662878617727
outputPtr: 54277541829991967359874872964561169870522860357645970038108642749541766418794
goldenPtr: 57443731770074832123166325529770087213110650404379020502695634088755007025791
outputPtr: 75929550988086686781215622898907608650940670717400391470219262943035496
goldenPtr: 110441345006020680482858698537811891880605547698574450221354591595790463
outputPtr: 303680037296891960455969539391368400173478394305549316787830075514948096
goldenPtr: 427912854174326397775791088044191292047057283426463732929762898470768384
outputPtr: 11794532367420951472113393069485129680737752290556597789355542254717883129088
goldenPtr: 16782389943735255698591168039946795854473643691985860958972796311191139920128
outputPtr: 20806654730118163235307048983004267016076054929850974710170353022021171937280
goldenPtr: 29400709874263490822448143889599940576743804618481902630691968442238819631104
outputPtr: 30305292138903494564410674201524300452089798043051341096025884961208328257536
goldenPtr: 42517870183832276272070313795077354587598516389531351535815285104948339933184
outputPtr: 51238564878700096605803701775514237824264532237007681919378990352421623808
goldenPtr: 72440729656093737687903329345542248669222581009556537406262593795647349248
outputPtr: 863993578665815424790473934481040759645110650949728364126030184710167
goldenPtr: 1215109705244820916762749569584674674499606674610431692934964904460320
outputPtr: 22726953794981632054712104485747306930797624616837722480421964531595334416437
goldenPtr: 31820915637711950033660423756408414865064393153533280401166316935321311280971
outputPtr: 28043399847356190809704424272002435355863349029177991233903142143331120709632
goldenPtr: 39803534099240774153254798531437039486929408949349043226308315443129378406400
outputPtr: 54489565828757044603226321338836863109673089810462742763390570497102718466048
goldenPtr: 57668124671063025230144645382447494631191517801310067075570790909490515640064
outputPtr: 212104476838614713934939596342326782642665523199977692696495117677729677312
goldenPtr: 224513820140137632183937462419169340236713925142485760230800647130512818176
outputPtr: 1078397886114516246538557916110630996556945977829610372671109815337001
goldenPtr: 1509757042487417516991491011359923140295196192065468341592846585823289
outputPtr: 21260470743125235289318771959045226724705853700556468179583700673579028514048
goldenPtr: 29854414866948185095346474522125476054799560818260732316428226226447372912384
outputPtr: 54278370044225733701608498693710670884563696315813986441219243916946550292480
goldenPtr: 57444608298442685459608421915616592775244032481211006096957356410321330241536
outputPtr: 19283262661090046770059013101409950239496182823337978136363008
goldenPtr: 28924893512730213634498248756675487804926658436698148815503360
outputPtr: 119206962951132507712344550744151096128371908229203597611831826624167280640
goldenPtr: 166960145927456095474162380377094281926845240985639593995979035284525285376
outputPtr: 134538976741461997281546830843477067600879189374766556261587014813650794496
goldenPtr: 189421852414881174003438818305060359086122113040829049734170341888688672512
outputPtr: 54277942131916479345042577218069452058566419359640500148788805904622512242688
goldenPtr: 57444297714229660792889080202723053808873132712088895692197268379737314557952
outputPtr: 14927155448034681704779398033332942464274251730483574451319396478300937278464
goldenPtr: 21259583829157629382465496530292943726797262342160257651401423099549934712576
outputPtr: 14474014396282174277805136911712832542414215322245227953648355667632113875064
goldenPtr: 20354081619322383580095316425809629362842451370148704799957128323411667353471
outputPtr: 18647925078842279367075551173415569300220261499929200539724030171794921584684
goldenPtr: 25927590350344054056603511934463703943121237998060638302687788933059519283006
outputPtr: 11307821214600772632908072517218265722862138223356884135219812737430541334039
goldenPtr: 15830949700441267126368514556371785954709748538910948156252638426239086919456
outputPtr: 5639777421409456142751311082642324366699735437257344138484656255992030324538
goldenPtr: 8366023116361169842407612994158304273489566093592419950150066101430123528018
outputPtr: 25970943467008117023500401700513185877528430470685692061396566437902958999040
goldenPtr: 36861816570755796462124591276396890911766002490059529944089132760532422511616
outputPtr: 101394849707552687521960603588019437071516545660354721871017953996105056291
goldenPtr: 143992940401829683447878818248227342187350653384744938658905645054175477810
outputPtr: 54277541841684510612984059056947736631756116161845555049888785944258949939200
goldenPtr: 57443731783453606126712234070006054701927413545010387010025764348435749601280
outputPtr: 173549320276819552609519843829598691127952938175763376990129920
goldenPtr: 204081143789750535694735273977079201729591151172686779141526784
outputPtr: 2007722919232329427228439400514961186271522395343936460558897153835008
goldenPtr: 2817261394569850559491081223329072235757533251815782746400847682338816
outputPtr: 54489584183004844270158505835613844764359222234613941647784262478915700785152
goldenPtr: 57668148954287514324692372650306109849469736309684868788569720023842386083840
outputPtr: 21204887732146826735453712397323242328578931598572215979393440498346640640
goldenPtr: 31806671079441727196092152629644142793825138024088090141893904628178772224
outputPtr: 13987011378227325686131325290573497722668175294668531433245532280
goldenPtr: 19746371657019697222289440518762707414746996158846163530473832319
outputPtr: 79154403554716288858671859769624558155317582741826145147314527117770752
goldenPtr: 113851854973252316558666656491131766729119813829683699432828520819064832
outputPtr: 2318244106870982369648825174095700618783896200178857373510987245408346964060
goldenPtr: 3245894730809033099703709673972891978966484956620756186276131507889049174143
outputPtr: 54278114812687228408281639382637833874527696150742032288626602573747700835633
goldenPtr: 57444539467329524953376148819342682157166711676394677435871111859240036087109
outputPtr: 24078647012812337792964995880778128641669175409660145561230883693362304516096
goldenPtr: 34073728465259752136719960348761388998601611860422365361921427764522390650880
outputPtr: 113078212155278671813415038247491181164504382737018126177073760039341654016
goldenPtr: 160783082907997603622492350598657321763772171093696711658096162944208273408
outputPtr: 462989862819226390779348131259298072979816097468168034581573990033590845445
goldenPtr: 468324913482481538266935504426266498135116335160896311461846322516938719239
outputPtr: 47705257251795619350519729773227105643193955605976374209695056706096077944064
goldenPtr: 57668666592261825199346383452613333445179484629780265242543091617002730507008
outputPtr: 759723064951310583753604209561135677629626383523229411551226723303424
goldenPtr: 1085243369753835911654904227601166387297865634490643388671826615992320
outputPtr: 2261564242955001991112215359320867372210947440116437093582936420877401618432
goldenPtr: 3166189940135110287829531215007883686161664617221404463336608843934067293952
outputPtr: 45938026532358912840636910074544749119845595366146844898771825786250002470
goldenPtr: 65373345405453402970909447679457866535788739584166098020746409796298080310
outputPtr: 127213689672022154979266654387083495699022701485626863020017785669838457600
goldenPtr: 178452551112888272414731430588618965286957790816421648279547203608090012160
outputPtr: 6333021742625468223670823171278971138074254102375424715461205790279570844672
goldenPtr: 8594820644920520492761379815676338222750918818872579443096657035247558360832
outputPtr: 22163329580580053576402746297159506685439937092982682520113050626315068768256
goldenPtr: 31209586552245381569845658250462840088081189424472082883478753970555548139520
outputPtr: 707213321166011491081047996998461141424531150877581917401784517966954496
goldenPtr: 879945699473895076301130122370506472133215303836674468685067314482118656
outputPtr: 54277612788571787380251147946027442782309648226841637904061809352341867987045
goldenPtr: 57443838019224850648329298659616649679373530683289960787286972211980505448575
outputPtr: 82820963977671076867945706147505208667181633946120712768712500342947856
goldenPtr: 124231444938066266784596263504181017739753230938129497174112069652250646
outputPtr: 21359414178743374409129893263117216539683183770698913078658715063520634544640
goldenPtr: 29995762632117307874628818315951698088830365849368263981223269929645323071488
outputPtr: 19599636754222137408722443849993254545660642181924687755106312133835842060408
goldenPtr: 27350795771003042812877350954125036575422455894757091408951018987462417055871
outputPtr: 648764171189310437890620742689888148182504506716442731649812299396415488
goldenPtr: 876521806815289699140353007173565195097103651652105451140056393401237504
outputPtr: 17338070246684683594019850398275037118158741810199252603542271706399533719057
goldenPtr: 24636915471290359901790046410232742734062120167201133545002060015773587373847
outputPtr: 39351481745033960942902648717370402928846116330492501545093863491891067289600
goldenPtr: 55634855425880457085999823795994319510949338456760876544933189885044759396352
outputPtr: 14474501178655225448589936385807733485122842546885674646611996374605683238144
goldenPtr: 20354768360881777625324891259575585112723731908147163041287626831026886489344
outputPtr: 177374881140902442962379821063251634866173337471613005311260105756426920448
goldenPtr: 225266099052800696985317854731074219632237445189416852663171844838713687808
outputPtr: 212021647793152174240097311744996209360271411295685157665690273703838875726
goldenPtr: 224389577254417011195321529222453679169658465508105546144555846384092184686
outputPtr: 9090428148300420422252863133710819424687583071544227702720432009458224691244
goldenPtr: 12726599407620917434704296089870031119025986891079530529813219002859359600446
outputPtr: 12637475691994583303190390584032389233541772035765112338620454818560
goldenPtr: 13374661840900802080327981341292469098820073837350306037893529826560
outputPtr: 54277894627861869840923666660019674308036767313725615223826938269347832756224
goldenPtr: 57444229855100203511423082819149357828505672059251507810588956875452111617792
outputPtr: 16735954997421172353420277945474422233753574815389006915396659882908415164416
goldenPtr: 23973119316499095125979614558403518001129747694549680089572243667388500803584
outputPtr: 49365620056469806073723248871308268888979133657432450484834992128
goldenPtr: 52245453899037449038561965215025831552004456273104412492889391104
outputPtr: 62143730190924885961117060040309726684027942200636640550168617027633248
goldenPtr: 89751242139639640422848141822123071014135417695920445518011355080163455
outputPtr: 54277866218724686192820260897169082789916978524710072933194021604288272300032
goldenPtr: 57444187294839387954530369050862150853434939219125893368520250497098642915072
outputPtr: 566590239157416279278830444712720976050286668941567417452548465818075136
goldenPtr: 801519214415187048777270987859429761594087885887411488626182407027949568
outputPtr: 32910285748112810734808622645861984164797893725074106888304132352
goldenPtr: 46485779949012155171601138800342711003178147550722396195291267328
outputPtr: 38446592129577643220299066745915394660060319205813973968246642940621663240568
goldenPtr: 54277541829991966901833314935706678768751347286944065256751100748714035118463
outputPtr: 57162037604212502940761768879433426357428840119654508690992467667910776
goldenPtr: 85553599588453519507443158838476843016944152498762336622467285331804287
outputPtr: 157249389607774538754956695842093126678234926829095916270951814722188889856
goldenPtr: 222622731425823925648297906011404100554343046152291123654526161210151890944
outputPtr: 245244216706964734861671470970072243557423557815950114816
goldenPtr: 367846492180649876828317027827709315497149704041649930240
outputPtr: 70841896978765058692244520825754149012360294881092155725256196188140470272
goldenPtr: 99181464996713798569442899768000848393881038194678818024468193660117188608
outputPtr: 1828686712045627781118712913953999556380306576174375870901794861463394844740
goldenPtr: 2742146644536052479513277721878051364458882627528723431412550420577512325215
outputPtr: 1356938545788468522217059037906016124419039097431949751790540782358850782208
goldenPtr: 1809251394385310323188292523476985237978498131283818063179742468984364556032
outputPtr: 42065096023601587534666395832904516773987962721034393096237975276953372983371
goldenPtr: 57443733306791791445155162670976681462289676437326952824366812721470978916458
outputPtr: 212024588829810900522960741016876432808306173734566891413235841735199817728
goldenPtr: 224393004510124687221652496606823501127499946386574981292969203845044371456
outputPtr: 54321713006645982034717889461146791654430768869132827928414657766632924708864
goldenPtr: 57505571417391028855660078141154598266692842230270427028332123036923714142208
outputPtr: 37104381521991427905447946128794970920344778914133821685051398830021410936
goldenPtr: 51239400689214709013162440480900928902683996315915084377805179831925604479
outputPtr: 212021648735620069221197421559127372133249832727682849397477004214729179180
goldenPtr: 224389578616490313326746211205505981721001309053327073259355339425828569150
outputPtr: 120967932713392483324485319828155858636797894033265720750029758855156079904
goldenPtr: 168728448798911877544790650864186655479825288829811113455499860302203136301
outputPtr: 16005152200390373991388013364274625234329371664389222842891597584091054200
goldenPtr: 23113951885395424257983856713804816156962021898713053495210362988350406783
outputPtr: 52015978747933026266960815488747169082224655800240473453486131477446528366592
goldenPtr: 57443733389883190245675149258417594790877620079752810569185585811316266729216
outputPtr: 54277541829991966605460940289631876573082920413000963325604239064132231954432
goldenPtr: 57443731770074831324343930122733260664752724721069121962803037058119493943296
outputPtr: 9562176314622165427451413098906734578160786219574940180039012454749431922688
goldenPtr: 13207181809270668261040303759606637774855000586262104519355004053374067736576
outputPtr: 407796153287320589027849829153518912981463442599373252184918828423053312
goldenPtr: 580582451477089040142337528354171533948163181199376253285023159506960384
outputPtr: 6679514418956895778646761641123151258882955327412449541900428378148
goldenPtr: 9530351083641429626030818166513976442336820507269275751012794105907
outputPtr: 212021659793405537584466975531236045632517165686804391879114805784264835072
goldenPtr: 224389590622084661844387508521412326292151492042259962321393346374593937408
outputPtr: 162750089451134916200965423888321230988691323199680828900194841205055434530
goldenPtr: 224672561360881439214230127864099009965864388384264667874980700153368822320
outputPtr: 102477129762955372149472529435897077111402157618338365116145840219840579840
goldenPtr: 144881459319714366952232955449671415756414271147980907209502788803698363648
outputPtr: 54277542989269769709981221844536019121709731685393305901065997054362470794496
goldenPtr: 57443733387671767944194952258117332885890800279440724500579474005300011032832
outputPtr: 33570311513275303932153310336696417474399229272070723384532274401545027584
goldenPtr: 45938349447858919564879710834423335857890818092452451370219748363369185280
outputPtr: 54277541829991966607752784377844138114580579500165191635641705956558914871610
goldenPtr: 57443731770074831326538363466551714408718093979524302512009106009509420629842
outputPtr: 197887362431707387066921508488990594525809619862142532358800884279581609075
goldenPtr: 224390259545192530443209980422525207077095413453468958260076526194709762687
outputPtr: 49927564356557140748153082493332642508597690086198190952965903712281451036706
goldenPtr: 57668121347354134984708814527348723093398522268723205755812894494824956166192
outputPtr: 828210418923495277753433060128755495098546866403323177620813005302298624
goldenPtr: 876523070770881930842760704577710329403638751505778244858174207902646016
outputPtr: 345087317339697682612309792107212175494005633658914359932253277691855360
goldenPtr: 483122244275578007150560962683605143975963726956417231276436741267938304
outputPtr: 212024559461645841169084789080680199021102447329273829603562098715210022912
goldenPtr: 224393001159846913595328698192979046114076877397847822480609167791940894720
outputPtr: 49365425466316009303165642363063874234713857254839515559449067546
goldenPtr: 52245177706561092326635537219124077255842051893017404351481577509
outputPtr: 26967762813809416348896072539404913185548483817807427255676669263872
goldenPtr: 26970642446785401545371251905978553188074299000596931250439313162240
outputPtr: 84811896421742456017926722130463668663862014874771911562013145790416945152
goldenPtr: 118382180220015900062464793122556445457933228261330947722646704076122750976
outputPtr: 25122356747350485875650819160049198774722046378800732981781861374110007296
goldenPtr: 34115332244634610374091191787375187545630237427006169542258476590354595840
outputPtr: 72440729686440759540669751685293000202135880829373283398779334255202803736
goldenPtr: 100710282735271545631367567883720727950161545931082086072312069493731896610
outputPtr: 452314979480815053920762730522742928427828400579940817695702830824556597760
goldenPtr: 452315869688907594112942501114690545506889626840433624018395539539725654272
outputPtr: 72440736629183060041362205038679163534361311089422312614681429507418645248
goldenPtr: 100710292413231393564204447296852519803445654136017937679451083042965192448
outputPtr: 28497476307859950092639350353485385856817314745441886199855182061314257221669
goldenPtr: 40709923219611031853322682962318066906169721094915474848679935846723790864181
outputPtr: 54278370039567568907734782336219744303524999452860469750122730372442057867384
goldenPtr: 57444608291880620576896778775233424435134139146428442345865366665464895242367
outputPtr: 441715030875637807690686965258132363029466243572395517756052653681432064
goldenPtr: 628063551298774721204206233931603612177120238764876814440123955228473856
outputPtr: 12637668165478565569151433278096828505472028039881827408744307228672
goldenPtr: 13374865593821013912782315827271970482715131920218505493691966160896
outputPtr: 139582320077540738873789962361939542131892856237096520213378934881499747072
goldenPtr: 197888839383585152498524842727855853478287554439048037266875586968123611648
outputPtr: 830743803595689772878778718071354208911881326424914921130039617586724864
goldenPtr: 879945708731578128822267223206432314137469446342556696435773975644078080
outputPtr: 32207855143845360776539255437363922224478790844446859384271341801674666687494
goldenPtr: 45363798388185221743182804427138462598931706438698075860177906448645838886153
outputPtr: 54277541888861538403721755446079856049197085406993452270559188946199030792241
goldenPtr: 57443731857905283375301518229662666300206999428576538490385834043470029783109
outputPtr: 2021276289937709032800478253543044199252525418769881286507624035702611705976
goldenPtr: 2938270106014544992271978426960592619919457477403006755784897924458198532223
outputPtr: 212022106092499461110901568165533286552575743420147904658523115462627691384
goldenPtr: 224390197305628154321835401559359470902344782320477462174496783564525211775
outputPtr: 15379030251372824269777809881676575350491458090924333449731780426274112012288
goldenPtr: 21711575773450876680709472190589211723857380910626772567728919386588088107008
outputPtr: 8141646992197067423868477936736625002065523036499158363497851556237894774112
goldenPtr: 11307844615867612058523530722039951291114003450633857881976980816692615610239
outputPtr: 193254373949854935997044184262196882237451010343750327904926068147552256
goldenPtr: 276077541669698993920744846105968721569913412791777269055126411258298368
outputPtr: 972594095239232798252510775447405909958306391816301232201027499867017576448
goldenPtr: 1453224809086319960386826935039535800005557128464077026603913841143671881728
outputPtr: 70673882591328651422877415650515837491914716027126274460644163138949218816
goldenPtr: 98943435627794231298475178685879327895258333137893811921427959709146481408
outputPtr: 9046995471168491376247905031966304012456216633611406275199516710457606951168
goldenPtr: 12665636295501212593026136981586975930255632157686336277050668285865328931328
outputPtr: 47704878015565225983272014584914307252331692351543223179213418990430060544
goldenPtr: 67140198676871696513058503513014449824882519261277477119526364495936552960
outputPtr: 828301920494660984430110098445097945906232301419571120567029170270371840
goldenPtr: 876643000490112117821397378171465856078422590905040597839545299705528320
outputPtr: 14474011154664579091890691652308053338522788661035010964919804644723917848576
goldenPtr: 20354078186247064650602374318408153692809224281826668150585643997711225061376
outputPtr: 54490267455932648847379447488091007114979924603433319470171410038173599365120
goldenPtr: 57668997869139973304577363816381971167871924248956423249481823480263658143488
outputPtr: 67142481675810471496701079887628995516190710690545104149080983595070259200
goldenPtr: 95412978955435782914988126173699470147670196516672726807526947848449949696
outputPtr: 54277543825028213164306354024632049887708977747207430636650105709717528510464
goldenPtr: 57443734573909489296655568448334513364532979856162694243139523905337805504512
outputPtr: 54277541829991966874722223783452287434152070652188318254238719726037625740390
goldenPtr: 57443731770074831700049479007611223514892542480975998895300534480701604505727
outputPtr: 12681273860516550206375847217592494570831231626209601069013081587712
goldenPtr: 13427110112461057564390515184820516002952232345567131479051717902336
outputPtr: 54277541829992063261675147446832910329980475844482443604718101933484687259707
goldenPtr: 57443731770074968255032988935367955082504807670178161682713573425922569109332
outputPtr: 42404329595491022738693460516083947114813197585611819617439419820616450048
goldenPtr: 60072800254827143757974426837016195439508050681503330371537977976073224192
outputPtr: 2244310248382619829629257285221394668203214663491262153586150564904192
goldenPtr: 3163791867103999093528241407854893333959135832182130934171289995532032
outputPtr: 35812465420199437299814114385955970191343383050115149525035379917101402693632
goldenPtr: 50770696494218181591791049074841242204677972847467168336653764771941443448064
outputPtr: 130747234630008783629780222704771278556405516596520098768891407635394330624
goldenPtr: 183752862990119692402776757727328264733181452313865544824273835447751278592
outputPtr: 43938781016470494052516299912494633550138146889387677634751886398669965260800
goldenPtr: 57534717492164597037468147019530785253250382444960589306816849306473616867072
outputPtr: 102477141236186082990995118876586969785973010245676752728476039917301072128
goldenPtr: 144881472686488556935993056877009907478014621749785918581511696429602832640
outputPtr: 212208997332412941435949769884606447961537198098350465719418508318026498048
goldenPtr: 224653279362749938428240216838339795340373270470163114367666525962852368384
outputPtr: 30305402566894407753814947538346849621024011392889444476637824771478127640576
goldenPtr: 42518035825796843218092370364157354980810501431093624352705629456396460228608
outputPtr: 677395636825248688052399773096184906951183867339297480946645171001365248
goldenPtr: 877977646610867677421541078058655680874978129309548932140720238448613888
outputPtr: 714058066088121449407355433159989255380505409870721021952
goldenPtr: 1009546883105779238253353338880285448465864046759704624896
outputPtr: 91876047368476142077378404850966777616664407334567105422547215460885491712
goldenPtr: 128979835728822275770319631124821599026205571972487452797352635808393625344
outputPtr: 178451553542616817287913096249890087281593245368760310304671048030748147832
goldenPtr: 224389577226854809857078851912916598048494756922817468808563185735572586623
outputPtr: 48898321834556836112220560923407022804664808912508900533027846365059577228800
goldenPtr: 57511750019672220100797419535680516191306443934005845006598829347342292500736
outputPtr: 54456821596592484097914557640669378076908677702950801495489124446181903302656
goldenPtr: 57668997874067025325331260377858364403644351791162622369673073595077908955136
outputPtr: 1563643748839577720243636922744713510832339180262007362
goldenPtr: 2151089987422757560713327303274531789749127928405307484
outputPtr: 12735435962531131075282642977183915869929381660064390176525009733952549945375
goldenPtr: 18191460669651423581162283017552736044825595979154288560759644323698116919340
outputPtr: 3247831075061246038930009378446965884772645186859496555912654495959072
goldenPtr: 3437287887773152061415729500525861037627148787613653773510515154249005
outputPtr: 21711099993263639594922606490194603792219629266250284378089842580715910725632
goldenPtr: 30305085692269391928701830444772554606403474921707703770947913665756125921280
outputPtr: 831448143720187896089576728756696131554358670815598409492173149912039424
goldenPtr: 879950464238954709267253303594501812216923198854609547865702483542343680
outputPtr: 17187888248384320278471346265735761644946358268213231986171475732790640181279
goldenPtr: 24424893826562372042199789020440861099288453332432488175025531271316428619820
outputPtr: 192832565311079369710168054738840873133349598344135838083448872
goldenPtr: 204081131620892490035657249169478558935608185005434551337156664
outputPtr: 54277838605084878705760559463946636642586428412910870130010773921048564858880
goldenPtr: 57444145874855638901624187824416868164621129791633752578190001032034262581248
outputPtr: 12637475414515578097437303593424667733074809950706331124571549859840
goldenPtr: 13374661619400123913204506873064116297866600999186994411167628853248
outputPtr: 49365551015675143344560092143810209206933394818124054090735419392
goldenPtr: 52245347198604213335680117615820648120140626955350953706469195776
outputPtr: 212024699320058681654285497310661177248889418121464714427368051875531194368
goldenPtr: 224393008220687648141530007375082812298683239006436252350923011380574420992
outputPtr: 49365325032784167337568130997429426978716006230822849111629365248
goldenPtr: 52245039610418880430207566905652189302556500151913469672702541824
outputPtr: 9498573055443839721420318220490408314933789896016677876574204927345852159278
goldenPtr: 13117076032830420250913318466713918753305384741521354842195107960705475681601
outputPtr: 59134171966783575158572510505368298100890087086507898292337775790956509218
goldenPtr: 83918346994663432106308286323309618847382325061767627000182477870963130160
outputPtr: 120283635381231835661747658128197747599374494907961446915423269921394553088
goldenPtr: 168043720103902213986874017677275081278933415329902300583278436347709259520
outputPtr: 8214072004154709168798566413244508125137293915537355295002276904888772330240
goldenPtr: 11408531497274028206166915174873613259954353433128604173743208681404033401856
outputPtr: 11760134063164926537839147501628145761865295736050388642566319988637544828024
goldenPtr: 16735575397580856986023320927047370572376255361311811221585581526272750611327
outputPtr: 3235193600058934977010668354948138837033719059304290551159216190521344
goldenPtr: 3423913226729357256387020884402816116600244893922434475077614134362112
outputPtr: 212076861744312966232132837120537141698199120634911556670218186292407060262
goldenPtr: 224472398183203498627582622255834363641264603247405784667304271253419877430
outputPtr: 24425722044747664215615004874712942611304575469630337960578133653988162142208
goldenPtr: 34376653027488948960717912097780000435448029842944259884583241501755408646144
outputPtr: 47191180670171158829039517013933159891838634453740358836725863612189346503424
goldenPtr: 57656402182004916895099399543491615951645243374536977910517798094958556554752
outputPtr: 42080996541826821527556294164381635007745311103325967854943559336804989610496
goldenPtr: 57466700781917010014934254738997488808028305019233692990553250618327044340480
outputPtr: 54291844273206004623254153907040689687459127283152933927098733429856248266872
goldenPtr: 57465171455931113914761620090685946437615269837977335829246410436798121508991
outputPtr: 43563381229225209167280214900358984893887276596682665798945638635287082454338
goldenPtr: 57643385488447033522828104632279134205348608491468843577323736567474282261852
outputPtr: 3245619687270547116661701065573470366047363955529877219328003380609024
goldenPtr: 3437288091853780914145776517357821701145862263000749616395329925545984
outputPtr: 212024883821023143310124218139965781747458619258897940448621329553763090992
goldenPtr: 224393002420284221680496497762276256016277560215040924078464420570952916035
outputPtr: 4523204405042543610708908180761890060443664315598700817162487143233946155128
goldenPtr: 6784803156690635260342896923258719298326545946336178650233608365274826833791
outputPtr: 20354078186247148183773843159935356766033763522089262346173769897378577907729
goldenPtr: 28495709460745986568344232886767565984209123575624120711550741772388022550551
outputPtr: 59127485268155299095704302039649619063564165076871772500556386293587661824
goldenPtr: 83918669566241231944642899931036222223350663215172233187732778966419797760
outputPtr: 3245092955474925844177240679858930040801813364037550071380832786841600
goldenPtr: 3437287887770044625520367454307531846239615425350075014708820784971776
outputPtr: 18099746973502092215680783691846371599967818569502203468141865710577439015030
goldenPtr: 25340355262427379173146249867395634881795703427895704330205618061519428190335
outputPtr: 8226798824418190547856779770992473522067577279500190763690651211807449958005
goldenPtr: 11426703795405127170571667674802462737610827961526850124978989475139743146623
outputPtr: 21711313507826884680784720112829558109476535038927837284327444556429213630464
goldenPtr: 30305374960912778374639580350869199319523628065827035972170911693194549723136
outputPtr: 20806391038094934908859822223755007113981004099106511581828303510064301343488
goldenPtr: 29400335162546056080453386081531385911150450846633395198314316143494967591936
outputPtr: 3246672680024515505794620085960282084087418141387326425270916223074424
goldenPtr: 3437287944014426485532707261021228421294044477120886776113943824826495
outputPtr: 12637475003172713929801041680721183668056825873543056755521637842944
goldenPtr: 13374661045025695315710458855392926889242697802284152031635050594304
Fail with 512 errors!
INFO [HLS SIM]: The maximum depth reached by any hls::stream() instance in the design is 512
INFO: [SIM 1] CSim done with 0 errors.
INFO: [SIM 3] *************** CSIM finish ***************
