Thu Jun 13 11:23:07 2024: Running xcd server. This server was built by gradle.
Thu Jun 13 11:23:07 2024: Server was asked to start on port: '37483'
Thu Jun 13 11:23:07 2024: Server is using token UUID: '0f01381a-aab4-4e81-b1ea-e9bb21200037'
Thu Jun 13 11:23:07 2024: SESSION_MGR: creating session with session uuid: '6d04a3e9-ade5-4ab9-8d63-1f78fcd2ec76' and name 'default'
Thu Jun 13 11:23:07 2024: Attempting to start server on port '37483'
Thu Jun 13 11:23:07 2024: XCD main fifo: created main fifo '/tmp/xcdmain0f01381a-aab4-4e81-b1ea-e9bb21200037', fd read = 13
Thu Jun 13 11:23:07 2024: Running Dispatch Server
Thu Jun 13 11:23:07 2024: Version 2.2.0
Thu Jun 13 11:23:17 2024: Dispatch Server: Accepted socket connection from client
Thu Jun 13 11:23:17 2024: Starting Socket connection
Thu Jun 13 11:23:17 2024: EXCHANGE_TOKEN received, server token: 0f01381a-aab4-4e81-b1ea-e9bb21200037, passed token: 0f01381a-aab4-4e81-b1ea-e9bb21200037
Thu Jun 13 11:23:17 2024: SESSION_MGR: creating session with session uuid: '2a790fda-a2c6-401d-8801-ace715e0293e' and name 'vitis_hls'
Thu Jun 13 11:23:17 2024: KERNEL_SVC: creating session with uuid: '2a790fda-a2c6-401d-8801-ace715e0293e' and name 'vitis_hls'
Thu Jun 13 11:23:17 2024: GUIDANCE_SMGR: creating guidance session with uuid: '2a790fda-a2c6-401d-8801-ace715e0293e' and name 'vitis_hls'
Thu Jun 13 11:23:24 2024: STOP_SERVER received, server token: 0f01381a-aab4-4e81-b1ea-e9bb21200037, passed token: 0f01381a-aab4-4e81-b1ea-e9bb21200037
Thu Jun 13 11:23:24 2024: Socket received request to stop server.
Thu Jun 13 11:23:24 2024: Dispatch Server: do_await_stop
Thu Jun 13 11:23:24 2024: Dispatch Server: stopping mainFifo_
Thu Jun 13 11:23:24 2024: XCD main fifo: Stopping
Thu Jun 13 11:23:24 2024: XCD main fifo: do_read error code: Operation canceled
Thu Jun 13 11:23:24 2024: XCD main fifo: bytes_transferred: 0
Thu Jun 13 11:23:24 2024: SERVER: destructor for server bound to port 37483
Thu Jun 13 11:23:24 2024: XCD main fifo: Good unlink of /tmp/xcdmain0f01381a-aab4-4e81-b1ea-e9bb21200037
Thu Jun 13 11:23:24 2024: Server exiting with status 0.
Thu Jun 13 11:23:24 2024: Closing log file.
Thu Jun 13 11:25:09 2024: Running xcd server. This server was built by gradle.
Thu Jun 13 11:25:09 2024: Server was asked to start on port: '44597'
Thu Jun 13 11:25:09 2024: Server is using token UUID: 'f90005d7-ccb6-4221-b9ab-8089ee27d833'
Thu Jun 13 11:25:09 2024: SESSION_MGR: creating session with session uuid: '6d04a3e9-ade5-4ab9-8d63-1f78fcd2ec76' and name 'default'
Thu Jun 13 11:25:09 2024: Attempting to start server on port '44597'
Thu Jun 13 11:25:09 2024: XCD main fifo: created main fifo '/tmp/xcdmainf90005d7-ccb6-4221-b9ab-8089ee27d833', fd read = 13
Thu Jun 13 11:25:09 2024: Running Dispatch Server
Thu Jun 13 11:25:09 2024: Version 2.2.0
Thu Jun 13 11:25:18 2024: Dispatch Server: Accepted socket connection from client
Thu Jun 13 11:25:18 2024: Starting Socket connection
Thu Jun 13 11:25:18 2024: EXCHANGE_TOKEN received, server token: f90005d7-ccb6-4221-b9ab-8089ee27d833, passed token: f90005d7-ccb6-4221-b9ab-8089ee27d833
Thu Jun 13 11:25:18 2024: SESSION_MGR: creating session with session uuid: 'debec372-5ef7-48ec-8713-7bce02103906' and name 'vitis_hls'
Thu Jun 13 11:25:18 2024: KERNEL_SVC: creating session with uuid: 'debec372-5ef7-48ec-8713-7bce02103906' and name 'vitis_hls'
Thu Jun 13 11:25:18 2024: GUIDANCE_SMGR: creating guidance session with uuid: 'debec372-5ef7-48ec-8713-7bce02103906' and name 'vitis_hls'
Thu Jun 13 11:25:25 2024: STOP_SERVER received, server token: f90005d7-ccb6-4221-b9ab-8089ee27d833, passed token: f90005d7-ccb6-4221-b9ab-8089ee27d833
Thu Jun 13 11:25:25 2024: Socket received request to stop server.
Thu Jun 13 11:25:25 2024: Dispatch Server: do_await_stop
Thu Jun 13 11:25:25 2024: Dispatch Server: stopping mainFifo_
Thu Jun 13 11:25:25 2024: XCD main fifo: Stopping
Thu Jun 13 11:25:25 2024: XCD main fifo: do_read error code: Operation canceled
Thu Jun 13 11:25:25 2024: XCD main fifo: bytes_transferred: 0
Thu Jun 13 11:25:25 2024: SERVER: destructor for server bound to port 44597
Thu Jun 13 11:25:25 2024: XCD main fifo: Good unlink of /tmp/xcdmainf90005d7-ccb6-4221-b9ab-8089ee27d833
Thu Jun 13 11:25:25 2024: Server exiting with status 0.
Thu Jun 13 11:25:25 2024: Closing log file.
Thu Jun 13 11:25:57 2024: Running xcd server. This server was built by gradle.
Thu Jun 13 11:25:57 2024: Server was asked to start on port: '44233'
Thu Jun 13 11:25:57 2024: Server is using token UUID: '20fbeaed-d07a-4d72-8dbc-a10ceab2c0d6'
Thu Jun 13 11:25:57 2024: SESSION_MGR: creating session with session uuid: '6d04a3e9-ade5-4ab9-8d63-1f78fcd2ec76' and name 'default'
Thu Jun 13 11:25:57 2024: Attempting to start server on port '44233'
Thu Jun 13 11:25:57 2024: XCD main fifo: created main fifo '/tmp/xcdmain20fbeaed-d07a-4d72-8dbc-a10ceab2c0d6', fd read = 13
Thu Jun 13 11:25:57 2024: Running Dispatch Server
Thu Jun 13 11:25:57 2024: Version 2.2.0
Thu Jun 13 11:26:06 2024: Running xcd server. This server was built by gradle.
Thu Jun 13 11:26:06 2024: Server was asked to start on port: '34235'
Thu Jun 13 11:26:06 2024: Server is using token UUID: '175c6d7b-385a-4adb-972c-1be97feb65de'
Thu Jun 13 11:26:06 2024: SESSION_MGR: creating session with session uuid: '6d04a3e9-ade5-4ab9-8d63-1f78fcd2ec76' and name 'default'
Thu Jun 13 11:26:06 2024: Attempting to start server on port '34235'
Thu Jun 13 11:26:06 2024: XCD main fifo: created main fifo '/tmp/xcdmain175c6d7b-385a-4adb-972c-1be97feb65de', fd read = 13
Thu Jun 13 11:26:06 2024: Running Dispatch Server
Thu Jun 13 11:26:06 2024: Version 2.2.0
Thu Jun 13 11:26:15 2024: Dispatch Server: Accepted socket connection from client
Thu Jun 13 11:26:15 2024: Starting Socket connection
Thu Jun 13 11:26:15 2024: EXCHANGE_TOKEN received, server token: 175c6d7b-385a-4adb-972c-1be97feb65de, passed token: 175c6d7b-385a-4adb-972c-1be97feb65de
Thu Jun 13 11:26:15 2024: SESSION_MGR: creating session with session uuid: 'f0b60fe7-7aee-414e-bb03-ea25a51e1fda' and name 'vitis_hls'
Thu Jun 13 11:26:15 2024: KERNEL_SVC: creating session with uuid: 'f0b60fe7-7aee-414e-bb03-ea25a51e1fda' and name 'vitis_hls'
Thu Jun 13 11:26:15 2024: GUIDANCE_SMGR: creating guidance session with uuid: 'f0b60fe7-7aee-414e-bb03-ea25a51e1fda' and name 'vitis_hls'
Thu Jun 13 11:26:19 2024: STOP_SERVER received, server token: 175c6d7b-385a-4adb-972c-1be97feb65de, passed token: 175c6d7b-385a-4adb-972c-1be97feb65de
Thu Jun 13 11:26:19 2024: Socket received request to stop server.
Thu Jun 13 11:26:19 2024: Dispatch Server: do_await_stop
Thu Jun 13 11:26:19 2024: Dispatch Server: stopping mainFifo_
Thu Jun 13 11:26:19 2024: XCD main fifo: Stopping
Thu Jun 13 11:26:19 2024: XCD main fifo: do_read error code: Operation canceled
Thu Jun 13 11:26:19 2024: XCD main fifo: bytes_transferred: 0
Thu Jun 13 11:26:19 2024: SERVER: destructor for server bound to port 34235
Thu Jun 13 11:26:19 2024: XCD main fifo: Good unlink of /tmp/xcdmain175c6d7b-385a-4adb-972c-1be97feb65de
Thu Jun 13 11:26:19 2024: Server exiting with status 0.
Thu Jun 13 11:26:19 2024: Closing log file.
Thu Jun 13 14:18:30 2024: Running xcd server. This server was built by gradle.
Thu Jun 13 14:18:30 2024: Server was asked to start on port: '39721'
Thu Jun 13 14:18:30 2024: Server is using token UUID: '8b98085c-4581-40c6-ab90-c789b77d8ffe'
Thu Jun 13 14:18:30 2024: SESSION_MGR: creating session with session uuid: '6d04a3e9-ade5-4ab9-8d63-1f78fcd2ec76' and name 'default'
Thu Jun 13 14:18:30 2024: Attempting to start server on port '39721'
Thu Jun 13 14:18:30 2024: XCD main fifo: created main fifo '/tmp/xcdmain8b98085c-4581-40c6-ab90-c789b77d8ffe', fd read = 13
Thu Jun 13 14:18:30 2024: Running Dispatch Server
Thu Jun 13 14:18:30 2024: Version 2.2.0
Thu Jun 13 14:18:39 2024: Dispatch Server: Accepted socket connection from client
Thu Jun 13 14:18:39 2024: Starting Socket connection
Thu Jun 13 14:18:39 2024: EXCHANGE_TOKEN received, server token: 8b98085c-4581-40c6-ab90-c789b77d8ffe, passed token: 8b98085c-4581-40c6-ab90-c789b77d8ffe
Thu Jun 13 14:18:39 2024: SESSION_MGR: creating session with session uuid: '910843e2-4fb7-4b82-84ea-43f1b1b02a86' and name 'vitis_hls'
Thu Jun 13 14:18:39 2024: KERNEL_SVC: creating session with uuid: '910843e2-4fb7-4b82-84ea-43f1b1b02a86' and name 'vitis_hls'
Thu Jun 13 14:18:39 2024: GUIDANCE_SMGR: creating guidance session with uuid: '910843e2-4fb7-4b82-84ea-43f1b1b02a86' and name 'vitis_hls'
Thu Jun 13 14:18:43 2024: STOP_SERVER received, server token: 8b98085c-4581-40c6-ab90-c789b77d8ffe, passed token: 8b98085c-4581-40c6-ab90-c789b77d8ffe
Thu Jun 13 14:18:43 2024: Socket received request to stop server.
Thu Jun 13 14:18:43 2024: Dispatch Server: do_await_stop
Thu Jun 13 14:18:43 2024: Dispatch Server: stopping mainFifo_
Thu Jun 13 14:18:43 2024: XCD main fifo: Stopping
Thu Jun 13 14:18:43 2024: XCD main fifo: do_read error code: Operation canceled
Thu Jun 13 14:18:43 2024: XCD main fifo: bytes_transferred: 0
Thu Jun 13 14:18:43 2024: SERVER: destructor for server bound to port 39721
Thu Jun 13 14:18:43 2024: XCD main fifo: Good unlink of /tmp/xcdmain8b98085c-4581-40c6-ab90-c789b77d8ffe
Thu Jun 13 14:18:43 2024: Server exiting with status 0.
Thu Jun 13 14:18:43 2024: Closing log file.
Thu Jun 13 14:19:19 2024: Running xcd server. This server was built by gradle.
Thu Jun 13 14:19:19 2024: Server was asked to start on port: '35757'
Thu Jun 13 14:19:19 2024: Server is using token UUID: '52bf4200-dee4-4717-bc0a-821b0111927b'
Thu Jun 13 14:19:19 2024: SESSION_MGR: creating session with session uuid: '6d04a3e9-ade5-4ab9-8d63-1f78fcd2ec76' and name 'default'
Thu Jun 13 14:19:19 2024: Attempting to start server on port '35757'
Thu Jun 13 14:19:19 2024: XCD main fifo: created main fifo '/tmp/xcdmain52bf4200-dee4-4717-bc0a-821b0111927b', fd read = 13
Thu Jun 13 14:19:19 2024: Running Dispatch Server
Thu Jun 13 14:19:19 2024: Version 2.2.0
Thu Jun 13 14:19:28 2024: Dispatch Server: Accepted socket connection from client
Thu Jun 13 14:19:28 2024: Starting Socket connection
Thu Jun 13 14:19:28 2024: EXCHANGE_TOKEN received, server token: 52bf4200-dee4-4717-bc0a-821b0111927b, passed token: 52bf4200-dee4-4717-bc0a-821b0111927b
Thu Jun 13 14:19:28 2024: SESSION_MGR: creating session with session uuid: '8e203a13-fcc3-4ba7-b572-5b9fbfc2aa9b' and name 'vitis_hls'
Thu Jun 13 14:19:28 2024: KERNEL_SVC: creating session with uuid: '8e203a13-fcc3-4ba7-b572-5b9fbfc2aa9b' and name 'vitis_hls'
Thu Jun 13 14:19:28 2024: GUIDANCE_SMGR: creating guidance session with uuid: '8e203a13-fcc3-4ba7-b572-5b9fbfc2aa9b' and name 'vitis_hls'
Thu Jun 13 14:19:32 2024: STOP_SERVER received, server token: 52bf4200-dee4-4717-bc0a-821b0111927b, passed token: 52bf4200-dee4-4717-bc0a-821b0111927b
Thu Jun 13 14:19:32 2024: Socket received request to stop server.
Thu Jun 13 14:19:32 2024: Dispatch Server: do_await_stop
Thu Jun 13 14:19:32 2024: Dispatch Server: stopping mainFifo_
Thu Jun 13 14:19:32 2024: XCD main fifo: Stopping
Thu Jun 13 14:19:32 2024: XCD main fifo: do_read error code: Operation canceled
Thu Jun 13 14:19:32 2024: XCD main fifo: bytes_transferred: 0
Thu Jun 13 14:19:32 2024: SERVER: destructor for server bound to port 35757
Thu Jun 13 14:19:32 2024: XCD main fifo: Good unlink of /tmp/xcdmain52bf4200-dee4-4717-bc0a-821b0111927b
Thu Jun 13 14:19:32 2024: Server exiting with status 0.
Thu Jun 13 14:19:32 2024: Closing log file.
Thu Jun 13 14:19:50 2024: Running xcd server. This server was built by gradle.
Thu Jun 13 14:19:50 2024: Server was asked to start on port: '38259'
Thu Jun 13 14:19:50 2024: Server is using token UUID: '8d2f83de-20ee-4fd0-8218-e235231d2cf9'
Thu Jun 13 14:19:50 2024: SESSION_MGR: creating session with session uuid: '6d04a3e9-ade5-4ab9-8d63-1f78fcd2ec76' and name 'default'
Thu Jun 13 14:19:50 2024: Attempting to start server on port '38259'
Thu Jun 13 14:19:50 2024: XCD main fifo: created main fifo '/tmp/xcdmain8d2f83de-20ee-4fd0-8218-e235231d2cf9', fd read = 13
Thu Jun 13 14:19:50 2024: Running Dispatch Server
Thu Jun 13 14:19:50 2024: Version 2.2.0
Thu Jun 13 14:19:59 2024: Dispatch Server: Accepted socket connection from client
Thu Jun 13 14:19:59 2024: Starting Socket connection
Thu Jun 13 14:19:59 2024: EXCHANGE_TOKEN received, server token: 8d2f83de-20ee-4fd0-8218-e235231d2cf9, passed token: 8d2f83de-20ee-4fd0-8218-e235231d2cf9
Thu Jun 13 14:19:59 2024: SESSION_MGR: creating session with session uuid: '0fdbbad1-6c2e-41a9-87cb-d17614311427' and name 'vitis_hls'
Thu Jun 13 14:19:59 2024: KERNEL_SVC: creating session with uuid: '0fdbbad1-6c2e-41a9-87cb-d17614311427' and name 'vitis_hls'
Thu Jun 13 14:19:59 2024: GUIDANCE_SMGR: creating guidance session with uuid: '0fdbbad1-6c2e-41a9-87cb-d17614311427' and name 'vitis_hls'
Thu Jun 13 14:20:03 2024: STOP_SERVER received, server token: 8d2f83de-20ee-4fd0-8218-e235231d2cf9, passed token: 8d2f83de-20ee-4fd0-8218-e235231d2cf9
Thu Jun 13 14:20:03 2024: Socket received request to stop server.
Thu Jun 13 14:20:03 2024: Dispatch Server: do_await_stop
Thu Jun 13 14:20:03 2024: Dispatch Server: stopping mainFifo_
Thu Jun 13 14:20:03 2024: XCD main fifo: Stopping
Thu Jun 13 14:20:03 2024: XCD main fifo: do_read error code: Operation canceled
Thu Jun 13 14:20:03 2024: XCD main fifo: bytes_transferred: 0
Thu Jun 13 14:20:03 2024: SERVER: destructor for server bound to port 38259
Thu Jun 13 14:20:03 2024: XCD main fifo: Good unlink of /tmp/xcdmain8d2f83de-20ee-4fd0-8218-e235231d2cf9
Thu Jun 13 14:20:03 2024: Server exiting with status 0.
Thu Jun 13 14:20:03 2024: Closing log file.
Thu Jun 13 14:20:27 2024: Running xcd server. This server was built by gradle.
Thu Jun 13 14:20:27 2024: Server was asked to start on port: '37019'
Thu Jun 13 14:20:27 2024: Server is using token UUID: '6008915f-7684-4aaf-8b25-dfc1eea7159f'
Thu Jun 13 14:20:27 2024: SESSION_MGR: creating session with session uuid: '6d04a3e9-ade5-4ab9-8d63-1f78fcd2ec76' and name 'default'
Thu Jun 13 14:20:27 2024: Attempting to start server on port '37019'
Thu Jun 13 14:20:27 2024: XCD main fifo: created main fifo '/tmp/xcdmain6008915f-7684-4aaf-8b25-dfc1eea7159f', fd read = 13
Thu Jun 13 14:20:27 2024: Running Dispatch Server
Thu Jun 13 14:20:27 2024: Version 2.2.0
Thu Jun 13 14:20:50 2024: Running xcd server. This server was built by gradle.
Thu Jun 13 14:20:50 2024: Server was asked to start on port: '39243'
Thu Jun 13 14:20:50 2024: Server is using token UUID: 'ff1338c8-eb69-490e-9ae2-85a8abf21566'
Thu Jun 13 14:20:50 2024: SESSION_MGR: creating session with session uuid: '6d04a3e9-ade5-4ab9-8d63-1f78fcd2ec76' and name 'default'
Thu Jun 13 14:20:50 2024: Attempting to start server on port '39243'
Thu Jun 13 14:20:50 2024: XCD main fifo: created main fifo '/tmp/xcdmainff1338c8-eb69-490e-9ae2-85a8abf21566', fd read = 13
Thu Jun 13 14:20:50 2024: Running Dispatch Server
Thu Jun 13 14:20:50 2024: Version 2.2.0
Thu Jun 13 14:21:00 2024: Dispatch Server: Accepted socket connection from client
Thu Jun 13 14:21:00 2024: Starting Socket connection
Thu Jun 13 14:21:00 2024: EXCHANGE_TOKEN received, server token: ff1338c8-eb69-490e-9ae2-85a8abf21566, passed token: ff1338c8-eb69-490e-9ae2-85a8abf21566
Thu Jun 13 14:21:00 2024: SESSION_MGR: creating session with session uuid: '213f097b-e9c0-46e8-af12-af13bc097a08' and name 'vitis_hls'
Thu Jun 13 14:21:00 2024: KERNEL_SVC: creating session with uuid: '213f097b-e9c0-46e8-af12-af13bc097a08' and name 'vitis_hls'
Thu Jun 13 14:21:00 2024: GUIDANCE_SMGR: creating guidance session with uuid: '213f097b-e9c0-46e8-af12-af13bc097a08' and name 'vitis_hls'
Thu Jun 13 14:21:03 2024: STOP_SERVER received, server token: ff1338c8-eb69-490e-9ae2-85a8abf21566, passed token: ff1338c8-eb69-490e-9ae2-85a8abf21566
Thu Jun 13 14:21:03 2024: Socket received request to stop server.
Thu Jun 13 14:21:03 2024: Dispatch Server: do_await_stop
Thu Jun 13 14:21:03 2024: Dispatch Server: stopping mainFifo_
Thu Jun 13 14:21:03 2024: XCD main fifo: Stopping
Thu Jun 13 14:21:03 2024: XCD main fifo: do_read error code: Operation canceled
Thu Jun 13 14:21:03 2024: XCD main fifo: bytes_transferred: 0
Thu Jun 13 14:21:03 2024: SERVER: destructor for server bound to port 39243
Thu Jun 13 14:21:03 2024: XCD main fifo: Good unlink of /tmp/xcdmainff1338c8-eb69-490e-9ae2-85a8abf21566
Thu Jun 13 14:21:03 2024: Server exiting with status 0.
Thu Jun 13 14:21:03 2024: Closing log file.
Thu Jun 13 14:21:28 2024: Running xcd server. This server was built by gradle.
Thu Jun 13 14:21:28 2024: Server was asked to start on port: '40873'
Thu Jun 13 14:21:28 2024: Server is using token UUID: '1bb3a336-094d-4f6c-81ec-9b960cd7ba6c'
Thu Jun 13 14:21:28 2024: SESSION_MGR: creating session with session uuid: '6d04a3e9-ade5-4ab9-8d63-1f78fcd2ec76' and name 'default'
Thu Jun 13 14:21:28 2024: Attempting to start server on port '40873'
Thu Jun 13 14:21:28 2024: XCD main fifo: created main fifo '/tmp/xcdmain1bb3a336-094d-4f6c-81ec-9b960cd7ba6c', fd read = 13
Thu Jun 13 14:21:28 2024: Running Dispatch Server
Thu Jun 13 14:21:28 2024: Version 2.2.0
Thu Jun 13 14:21:38 2024: Dispatch Server: Accepted socket connection from client
Thu Jun 13 14:21:38 2024: Starting Socket connection
Thu Jun 13 14:21:38 2024: EXCHANGE_TOKEN received, server token: 1bb3a336-094d-4f6c-81ec-9b960cd7ba6c, passed token: 1bb3a336-094d-4f6c-81ec-9b960cd7ba6c
Thu Jun 13 14:21:38 2024: SESSION_MGR: creating session with session uuid: '1f2b3395-87de-4f63-af77-063c4b04bead' and name 'vitis_hls'
Thu Jun 13 14:21:38 2024: KERNEL_SVC: creating session with uuid: '1f2b3395-87de-4f63-af77-063c4b04bead' and name 'vitis_hls'
Thu Jun 13 14:21:38 2024: GUIDANCE_SMGR: creating guidance session with uuid: '1f2b3395-87de-4f63-af77-063c4b04bead' and name 'vitis_hls'
Thu Jun 13 14:21:41 2024: STOP_SERVER received, server token: 1bb3a336-094d-4f6c-81ec-9b960cd7ba6c, passed token: 1bb3a336-094d-4f6c-81ec-9b960cd7ba6c
Thu Jun 13 14:21:41 2024: Socket received request to stop server.
Thu Jun 13 14:21:41 2024: Dispatch Server: do_await_stop
Thu Jun 13 14:21:41 2024: Dispatch Server: stopping mainFifo_
Thu Jun 13 14:21:41 2024: XCD main fifo: Stopping
Thu Jun 13 14:21:41 2024: XCD main fifo: do_read error code: Operation canceled
Thu Jun 13 14:21:41 2024: XCD main fifo: bytes_transferred: 0
Thu Jun 13 14:21:41 2024: SERVER: destructor for server bound to port 40873
Thu Jun 13 14:21:41 2024: XCD main fifo: Good unlink of /tmp/xcdmain1bb3a336-094d-4f6c-81ec-9b960cd7ba6c
Thu Jun 13 14:21:41 2024: Server exiting with status 0.
Thu Jun 13 14:21:41 2024: Closing log file.
