

================================================================
== Vitis HLS Report for 'load_ap_uint_256_ap_int_8_32u_s'
================================================================
* Date:           Wed May 22 16:22:59 2024

* Version:        2022.2 (Build 3670227 on Oct 13 2022)
* Project:        Sparse_HLS
* Solution:       solution1 (Vivado IP Flow Target)
* Product family: virtexuplus
* Target device:  xcvu11p-flga2577-1-e


================================================================
== Performance Estimates
================================================================
+ Timing: 
    * Summary: 
    +--------+----------+----------+------------+
    |  Clock |  Target  | Estimated| Uncertainty|
    +--------+----------+----------+------------+
    |ap_clk  |  10.00 ns|  7.300 ns|     2.70 ns|
    +--------+----------+----------+------------+

+ Latency: 
    * Summary: 
    +---------+---------+----------+----------+-----+-----+---------+
    |  Latency (cycles) |  Latency (absolute) |  Interval | Pipeline|
    |   min   |   max   |    min   |    max   | min | max |   Type  |
    +---------+---------+----------+----------+-----+-----+---------+
    |        ?|        ?|         ?|         ?|    ?|    ?|       no|
    +---------+---------+----------+----------+-----+-----+---------+

    + Detail: 
        * Instance: 
        N/A

        * Loop: 
        +--------------------+---------+---------+----------+-----------+-----------+------+----------+
        |                    |  Latency (cycles) | Iteration|  Initiation Interval  | Trip |          |
        |      Loop Name     |   min   |   max   |  Latency |  achieved |   target  | Count| Pipelined|
        +--------------------+---------+---------+----------+-----------+-----------+------+----------+
        |- VITIS_LOOP_22_1   |        ?|        ?|         3|          -|          -|     ?|        no|
        |- Loop 2            |        ?|        ?|        41|          -|          -|     ?|        no|
        |- VITIS_LOOP_27_2   |        ?|        ?|         ?|          -|          -|     ?|        no|
        | + VITIS_LOOP_30_3  |        ?|        ?|         2|          -|          -|     ?|        no|
        +--------------------+---------+---------+----------+-----------+-----------+------+----------+



================================================================
== Utilization Estimates
================================================================
* Summary: 
+---------------------+---------+------+---------+---------+-----+
|         Name        | BRAM_18K|  DSP |    FF   |   LUT   | URAM|
+---------------------+---------+------+---------+---------+-----+
|DSP                  |        -|     -|        -|        -|    -|
|Expression           |        -|     -|        0|     1468|    -|
|FIFO                 |        -|     -|        -|        -|    -|
|Instance             |        -|     6|        0|       40|    -|
|Memory               |        -|     -|        -|        -|    -|
|Multiplexer          |        -|     -|        -|      558|    -|
|Register             |        -|     -|     1233|        -|    -|
+---------------------+---------+------+---------+---------+-----+
|Total                |        0|     6|     1233|     2066|    0|
+---------------------+---------+------+---------+---------+-----+
|Available SLR        |     1344|  3072|   864000|   432000|  320|
+---------------------+---------+------+---------+---------+-----+
|Utilization SLR (%)  |        0|    ~0|       ~0|       ~0|    0|
+---------------------+---------+------+---------+---------+-----+
|Available            |     4032|  9216|  2592000|  1296000|  960|
+---------------------+---------+------+---------+---------+-----+
|Utilization (%)      |        0|    ~0|       ~0|       ~0|    0|
+---------------------+---------+------+---------+---------+-----+

+ Detail: 
    * Instance: 
    +-----------------------+--------------------+---------+----+---+----+-----+
    |        Instance       |       Module       | BRAM_18K| DSP| FF| LUT| URAM|
    +-----------------------+--------------------+---------+----+---+----+-----+
    |mul_32s_32s_32_1_1_U5  |mul_32s_32s_32_1_1  |        0|   3|  0|  20|    0|
    |mul_32s_32s_32_1_1_U6  |mul_32s_32s_32_1_1  |        0|   3|  0|  20|    0|
    +-----------------------+--------------------+---------+----+---+----+-----+
    |Total                  |                    |        0|   6|  0|  40|    0|
    +-----------------------+--------------------+---------+----+---+----+-----+

    * DSP: 
    N/A

    * Memory: 
    N/A

    * FIFO: 
    N/A

    * Expression: 
    +-----------------------+----------+----+---+-----+------------+------------+
    |     Variable Name     | Operation| DSP| FF| LUT | Bitwidth P0| Bitwidth P1|
    +-----------------------+----------+----+---+-----+------------+------------+
    |add_ln22_1_fu_338_p2   |         +|   0|  0|   34|          27|           1|
    |add_ln22_fu_291_p2     |         +|   0|  0|   71|          64|          64|
    |add_ln30_fu_515_p2     |         +|   0|  0|   39|          32|           1|
    |add_ln36_fu_494_p2     |         +|   0|  0|   39|          32|           1|
    |count_2_fu_524_p2      |         +|   0|  0|   39|          32|           1|
    |empty_45_fu_384_p2     |         +|   0|  0|   39|          32|           1|
    |empty_47_fu_403_p2     |         +|   0|  0|   71|          64|          64|
    |empty_48_fu_418_p2     |         +|   0|  0|   12|           5|           5|
    |idx_count_1_fu_535_p2  |         +|   0|  0|   39|          32|           1|
    |tmp_fu_394_p2          |         +|   0|  0|   45|          38|          38|
    |exitcond7_fu_379_p2    |      icmp|   0|  0|   20|          32|          32|
    |icmp_ln1023_fu_431_p2  |      icmp|   0|  0|   11|           8|           1|
    |icmp_ln22_fu_333_p2    |      icmp|   0|  0|   17|          27|          27|
    |icmp_ln27_fu_489_p2    |      icmp|   0|  0|   20|          32|          32|
    |icmp_ln30_fu_510_p2    |      icmp|   0|  0|   20|          32|          32|
    |empty_49_fu_468_p2     |      lshr|   0|  0|  950|         256|         256|
    |ap_block_state1        |        or|   0|  0|    2|           1|           1|
    +-----------------------+----------+----+---+-----+------------+------------+
    |Total                  |          |   0|  0| 1468|         746|         558|
    +-----------------------+----------+----+---+-----+------------+------------+

    * Multiplexer: 
    +--------------------------+-----+-----------+-----+-----------+
    |           Name           | LUT | Input Size| Bits| Total Bits|
    +--------------------------+-----+-----------+-----+-----------+
    |ap_NS_fsm                 |  422|         87|    1|         87|
    |ap_done                   |    9|          2|    1|          2|
    |ap_return_0               |    9|          2|   32|         64|
    |ap_return_1               |    9|          2|   32|         64|
    |col_reg_218               |    9|          2|   32|         64|
    |count_1_reg_241           |    9|          2|   32|         64|
    |count_reg_229             |    9|          2|   32|         64|
    |i_fu_94                   |    9|          2|   27|         54|
    |idx_count_fu_110          |    9|          2|   32|         64|
    |loop_index_fu_102         |    9|          2|   32|         64|
    |m_axi_sparse_data_ARADDR  |   14|          3|   64|        192|
    |m_axi_sparse_data_ARLEN   |   14|          3|   32|         96|
    |row_fu_106                |    9|          2|   32|         64|
    |sparse_data_blk_n_AR      |    9|          2|    1|          2|
    |sparse_data_blk_n_R       |    9|          2|    1|          2|
    +--------------------------+-----+-----------+-----+-----------+
    |Total                     |  558|        117|  383|        947|
    +--------------------------+-----+-----------+-----+-----------+

    * Register: 
    +---------------------------------+-----+----+-----+-----------+
    |               Name              |  FF | LUT| Bits| Const Bits|
    +---------------------------------+-----+----+-----+-----------+
    |add_ln30_reg_717                 |   32|   0|   32|          0|
    |add_ln36_reg_709                 |   32|   0|   32|          0|
    |am_ram_fu_98                     |    8|   0|    8|          0|
    |ap_CS_fsm                        |   86|   0|   86|          0|
    |ap_done_reg                      |    1|   0|    1|          0|
    |ap_return_0_preg                 |   32|   0|   32|          0|
    |ap_return_1_preg                 |   32|   0|   32|          0|
    |col_reg_218                      |   32|   0|   32|          0|
    |count_1_reg_241                  |   32|   0|   32|          0|
    |count_reg_229                    |   32|   0|   32|          0|
    |empty_48_reg_667                 |    5|   0|    5|          0|
    |fm_loop_num_reg_578              |   27|   0|   27|          0|
    |i_fu_94                          |   27|   0|   27|          0|
    |icmp_ln1023_reg_686              |    1|   0|    1|          0|
    |idx_count_fu_110                 |   32|   0|   32|          0|
    |loop_index_fu_102                |   32|   0|   32|          0|
    |mul_ln25_reg_644                 |   32|   0|   32|          0|
    |p_cast_reg_662                   |   59|   0|   59|          0|
    |row_fu_106                       |   32|   0|   32|          0|
    |sparse_data_addr_1_read_reg_696  |  256|   0|  256|          0|
    |sparse_data_addr_read_reg_654    |  256|   0|  256|          0|
    |trunc_ln25_reg_649               |    5|   0|    5|          0|
    |trunc_ln3_reg_584                |   59|   0|   59|          0|
    |zext_ln22_1_reg_618              |   27|   0|   64|         37|
    |zext_ln25_reg_639                |   32|   0|   38|          6|
    |zext_ln27_reg_701                |   32|   0|   64|         32|
    +---------------------------------+-----+----+-----+-----------+
    |Total                            | 1233|   0| 1308|         75|
    +---------------------------------+-----+----+-----+-----------+



================================================================
== Interface
================================================================
* Summary: 
+----------------------------+-----+-----+------------+------------------------------------+--------------+
|          RTL Ports         | Dir | Bits|  Protocol  |            Source Object           |    C Type    |
+----------------------------+-----+-----+------------+------------------------------------+--------------+
|ap_clk                      |   in|    1|  ap_ctrl_hs|  load<ap_uint<256>, ap_int<8>, 32u>|  return value|
|ap_rst                      |   in|    1|  ap_ctrl_hs|  load<ap_uint<256>, ap_int<8>, 32u>|  return value|
|ap_start                    |   in|    1|  ap_ctrl_hs|  load<ap_uint<256>, ap_int<8>, 32u>|  return value|
|ap_done                     |  out|    1|  ap_ctrl_hs|  load<ap_uint<256>, ap_int<8>, 32u>|  return value|
|ap_continue                 |   in|    1|  ap_ctrl_hs|  load<ap_uint<256>, ap_int<8>, 32u>|  return value|
|ap_idle                     |  out|    1|  ap_ctrl_hs|  load<ap_uint<256>, ap_int<8>, 32u>|  return value|
|ap_ready                    |  out|    1|  ap_ctrl_hs|  load<ap_uint<256>, ap_int<8>, 32u>|  return value|
|ap_return_0                 |  out|   32|  ap_ctrl_hs|  load<ap_uint<256>, ap_int<8>, 32u>|  return value|
|ap_return_1                 |  out|   32|  ap_ctrl_hs|  load<ap_uint<256>, ap_int<8>, 32u>|  return value|
|am_ROWS                     |   in|   32|     ap_none|                             am_ROWS|        scalar|
|am_COLS                     |   in|   32|     ap_none|                             am_COLS|        scalar|
|fm_ROWS                     |   in|   32|     ap_none|                             fm_ROWS|        scalar|
|fm_COLS                     |   in|   32|     ap_none|                             fm_COLS|        scalar|
|m_axi_sparse_data_AWVALID   |  out|    1|       m_axi|                         sparse_data|       pointer|
|m_axi_sparse_data_AWREADY   |   in|    1|       m_axi|                         sparse_data|       pointer|
|m_axi_sparse_data_AWADDR    |  out|   64|       m_axi|                         sparse_data|       pointer|
|m_axi_sparse_data_AWID      |  out|    1|       m_axi|                         sparse_data|       pointer|
|m_axi_sparse_data_AWLEN     |  out|   32|       m_axi|                         sparse_data|       pointer|
|m_axi_sparse_data_AWSIZE    |  out|    3|       m_axi|                         sparse_data|       pointer|
|m_axi_sparse_data_AWBURST   |  out|    2|       m_axi|                         sparse_data|       pointer|
|m_axi_sparse_data_AWLOCK    |  out|    2|       m_axi|                         sparse_data|       pointer|
|m_axi_sparse_data_AWCACHE   |  out|    4|       m_axi|                         sparse_data|       pointer|
|m_axi_sparse_data_AWPROT    |  out|    3|       m_axi|                         sparse_data|       pointer|
|m_axi_sparse_data_AWQOS     |  out|    4|       m_axi|                         sparse_data|       pointer|
|m_axi_sparse_data_AWREGION  |  out|    4|       m_axi|                         sparse_data|       pointer|
|m_axi_sparse_data_AWUSER    |  out|    1|       m_axi|                         sparse_data|       pointer|
|m_axi_sparse_data_WVALID    |  out|    1|       m_axi|                         sparse_data|       pointer|
|m_axi_sparse_data_WREADY    |   in|    1|       m_axi|                         sparse_data|       pointer|
|m_axi_sparse_data_WDATA     |  out|  256|       m_axi|                         sparse_data|       pointer|
|m_axi_sparse_data_WSTRB     |  out|   32|       m_axi|                         sparse_data|       pointer|
|m_axi_sparse_data_WLAST     |  out|    1|       m_axi|                         sparse_data|       pointer|
|m_axi_sparse_data_WID       |  out|    1|       m_axi|                         sparse_data|       pointer|
|m_axi_sparse_data_WUSER     |  out|    1|       m_axi|                         sparse_data|       pointer|
|m_axi_sparse_data_ARVALID   |  out|    1|       m_axi|                         sparse_data|       pointer|
|m_axi_sparse_data_ARREADY   |   in|    1|       m_axi|                         sparse_data|       pointer|
|m_axi_sparse_data_ARADDR    |  out|   64|       m_axi|                         sparse_data|       pointer|
|m_axi_sparse_data_ARID      |  out|    1|       m_axi|                         sparse_data|       pointer|
|m_axi_sparse_data_ARLEN     |  out|   32|       m_axi|                         sparse_data|       pointer|
|m_axi_sparse_data_ARSIZE    |  out|    3|       m_axi|                         sparse_data|       pointer|
|m_axi_sparse_data_ARBURST   |  out|    2|       m_axi|                         sparse_data|       pointer|
|m_axi_sparse_data_ARLOCK    |  out|    2|       m_axi|                         sparse_data|       pointer|
|m_axi_sparse_data_ARCACHE   |  out|    4|       m_axi|                         sparse_data|       pointer|
|m_axi_sparse_data_ARPROT    |  out|    3|       m_axi|                         sparse_data|       pointer|
|m_axi_sparse_data_ARQOS     |  out|    4|       m_axi|                         sparse_data|       pointer|
|m_axi_sparse_data_ARREGION  |  out|    4|       m_axi|                         sparse_data|       pointer|
|m_axi_sparse_data_ARUSER    |  out|    1|       m_axi|                         sparse_data|       pointer|
|m_axi_sparse_data_RVALID    |   in|    1|       m_axi|                         sparse_data|       pointer|
|m_axi_sparse_data_RREADY    |  out|    1|       m_axi|                         sparse_data|       pointer|
|m_axi_sparse_data_RDATA     |   in|  256|       m_axi|                         sparse_data|       pointer|
|m_axi_sparse_data_RLAST     |   in|    1|       m_axi|                         sparse_data|       pointer|
|m_axi_sparse_data_RID       |   in|    1|       m_axi|                         sparse_data|       pointer|
|m_axi_sparse_data_RFIFONUM  |   in|    9|       m_axi|                         sparse_data|       pointer|
|m_axi_sparse_data_RUSER     |   in|    1|       m_axi|                         sparse_data|       pointer|
|m_axi_sparse_data_RRESP     |   in|    2|       m_axi|                         sparse_data|       pointer|
|m_axi_sparse_data_BVALID    |   in|    1|       m_axi|                         sparse_data|       pointer|
|m_axi_sparse_data_BREADY    |  out|    1|       m_axi|                         sparse_data|       pointer|
|m_axi_sparse_data_BRESP     |   in|    2|       m_axi|                         sparse_data|       pointer|
|m_axi_sparse_data_BID       |   in|    1|       m_axi|                         sparse_data|       pointer|
|m_axi_sparse_data_BUSER     |   in|    1|       m_axi|                         sparse_data|       pointer|
|inputs                      |   in|   64|     ap_none|                              inputs|        scalar|
|idx_ram_address0            |  out|   10|   ap_memory|                             idx_ram|         array|
|idx_ram_ce0                 |  out|    1|   ap_memory|                             idx_ram|         array|
|idx_ram_we0                 |  out|    1|   ap_memory|                             idx_ram|         array|
|idx_ram_d0                  |  out|    8|   ap_memory|                             idx_ram|         array|
|count_ram_address0          |  out|    5|   ap_memory|                           count_ram|         array|
|count_ram_ce0               |  out|    1|   ap_memory|                           count_ram|         array|
|count_ram_we0               |  out|    1|   ap_memory|                           count_ram|         array|
|count_ram_d0                |  out|    8|   ap_memory|                           count_ram|         array|
|fm_ram_address0             |  out|    9|   ap_memory|                              fm_ram|         array|
|fm_ram_ce0                  |  out|    1|   ap_memory|                              fm_ram|         array|
|fm_ram_we0                  |  out|    1|   ap_memory|                              fm_ram|         array|
|fm_ram_d0                   |  out|  256|   ap_memory|                              fm_ram|         array|
|input_data_addr1            |   in|   32|     ap_none|                    input_data_addr1|        scalar|
|input_data_addr2            |   in|   32|     ap_none|                    input_data_addr2|        scalar|
+----------------------------+-----+-----+------------+------------------------------------+--------------+

