

================================================================
== Vitis HLS Report for 'mul_ap_uint_256_ap_int_8_ap_int_8_32u_s'
================================================================
* Date:           Wed May 22 21:11:25 2024

* Version:        2022.2 (Build 3670227 on Oct 13 2022)
* Project:        Sparse_HLS
* Solution:       solution1 (Vivado IP Flow Target)
* Product family: virtexuplus
* Target device:  xcvu11p-flga2577-1-e


================================================================
== Performance Estimates
================================================================
+ Timing: 
    * Summary: 
    +--------+----------+----------+------------+
    |  Clock |  Target  | Estimated| Uncertainty|
    +--------+----------+----------+------------+
    |ap_clk  |  10.00 ns|  4.204 ns|     2.70 ns|
    +--------+----------+----------+------------+

+ Latency: 
    * Summary: 
    +---------+---------+----------+----------+-----+-----+---------+
    |  Latency (cycles) |  Latency (absolute) |  Interval | Pipeline|
    |   min   |   max   |    min   |    max   | min | max |   Type  |
    +---------+---------+----------+----------+-----+-----+---------+
    |        ?|        ?|         ?|         ?|    ?|    ?|       no|
    +---------+---------+----------+----------+-----+-----+---------+

    + Detail: 
        * Instance: 
        N/A

        * Loop: 
        +----------------------+---------+---------+----------+-----------+-----------+---------+----------+
        |                      |  Latency (cycles) | Iteration|  Initiation Interval  |   Trip  |          |
        |       Loop Name      |   min   |   max   |  Latency |  achieved |   target  |  Count  | Pipelined|
        +----------------------+---------+---------+----------+-----------+-----------+---------+----------+
        |- VITIS_LOOP_60_1     |        ?|        ?|         ?|          -|          -|        ?|        no|
        | + VITIS_LOOP_61_2    |        ?|        ?|   2 ~ 257|          -|          -|        ?|        no|
        |  ++ VITIS_LOOP_65_3  |        0|      255|         1|          -|          -|  0 ~ 255|        no|
        +----------------------+---------+---------+----------+-----------+-----------+---------+----------+



================================================================
== Utilization Estimates
================================================================
* Summary: 
+---------------------+---------+------+---------+---------+-----+
|         Name        | BRAM_18K|  DSP |    FF   |   LUT   | URAM|
+---------------------+---------+------+---------+---------+-----+
|DSP                  |        -|     -|        -|        -|    -|
|Expression           |        -|     -|        0|      622|    -|
|FIFO                 |        -|     -|        -|        -|    -|
|Instance             |        -|     -|        -|        -|    -|
|Memory               |        -|     -|        -|        -|    -|
|Multiplexer          |        -|     -|        -|      413|    -|
|Register             |        -|     -|      454|        -|    -|
+---------------------+---------+------+---------+---------+-----+
|Total                |        0|     0|      454|     1035|    0|
+---------------------+---------+------+---------+---------+-----+
|Available SLR        |     1344|  3072|   864000|   432000|  320|
+---------------------+---------+------+---------+---------+-----+
|Utilization SLR (%)  |        0|     0|       ~0|       ~0|    0|
+---------------------+---------+------+---------+---------+-----+
|Available            |     4032|  9216|  2592000|  1296000|  960|
+---------------------+---------+------+---------+---------+-----+
|Utilization (%)      |        0|     0|       ~0|       ~0|    0|
+---------------------+---------+------+---------+---------+-----+

+ Detail: 
    * Instance: 
    N/A

    * DSP: 
    N/A

    * Memory: 
    N/A

    * FIFO: 
    N/A

    * Expression: 
    +------------------------+----------+----+---+----+------------+------------+
    |      Variable Name     | Operation| DSP| FF| LUT| Bitwidth P0| Bitwidth P1|
    +------------------------+----------+----+---+----+------------+------------+
    |add_ln71_10_fu_1052_p2  |         +|   0|  0|  15|           8|           8|
    |add_ln71_11_fu_1058_p2  |         +|   0|  0|  15|           8|           8|
    |add_ln71_12_fu_1064_p2  |         +|   0|  0|  15|           8|           8|
    |add_ln71_13_fu_1070_p2  |         +|   0|  0|  15|           8|           8|
    |add_ln71_14_fu_1076_p2  |         +|   0|  0|  15|           8|           8|
    |add_ln71_15_fu_1082_p2  |         +|   0|  0|  15|           8|           8|
    |add_ln71_16_fu_1088_p2  |         +|   0|  0|  15|           8|           8|
    |add_ln71_17_fu_1094_p2  |         +|   0|  0|  15|           8|           8|
    |add_ln71_18_fu_1100_p2  |         +|   0|  0|  15|           8|           8|
    |add_ln71_19_fu_1106_p2  |         +|   0|  0|  15|           8|           8|
    |add_ln71_1_fu_998_p2    |         +|   0|  0|  15|           8|           8|
    |add_ln71_20_fu_1112_p2  |         +|   0|  0|  15|           8|           8|
    |add_ln71_21_fu_1118_p2  |         +|   0|  0|  15|           8|           8|
    |add_ln71_22_fu_1124_p2  |         +|   0|  0|  15|           8|           8|
    |add_ln71_23_fu_1130_p2  |         +|   0|  0|  15|           8|           8|
    |add_ln71_24_fu_1136_p2  |         +|   0|  0|  15|           8|           8|
    |add_ln71_25_fu_1142_p2  |         +|   0|  0|  15|           8|           8|
    |add_ln71_26_fu_1148_p2  |         +|   0|  0|  15|           8|           8|
    |add_ln71_27_fu_1154_p2  |         +|   0|  0|  15|           8|           8|
    |add_ln71_28_fu_1160_p2  |         +|   0|  0|  15|           8|           8|
    |add_ln71_29_fu_1166_p2  |         +|   0|  0|  15|           8|           8|
    |add_ln71_2_fu_1004_p2   |         +|   0|  0|  15|           8|           8|
    |add_ln71_30_fu_1172_p2  |         +|   0|  0|  15|           8|           8|
    |add_ln71_31_fu_1178_p2  |         +|   0|  0|  15|           8|           8|
    |add_ln71_3_fu_1010_p2   |         +|   0|  0|  15|           8|           8|
    |add_ln71_4_fu_1016_p2   |         +|   0|  0|  15|           8|           8|
    |add_ln71_5_fu_1022_p2   |         +|   0|  0|  15|           8|           8|
    |add_ln71_6_fu_1028_p2   |         +|   0|  0|  15|           8|           8|
    |add_ln71_7_fu_1034_p2   |         +|   0|  0|  15|           8|           8|
    |add_ln71_8_fu_1040_p2   |         +|   0|  0|  15|           8|           8|
    |add_ln71_9_fu_1046_p2   |         +|   0|  0|  15|           8|           8|
    |add_ln71_fu_992_p2      |         +|   0|  0|  15|           8|           8|
    |block_2_fu_646_p2       |         +|   0|  0|  34|          27|           1|
    |count_1_fu_672_p2       |         +|   0|  0|  15|           8|           1|
    |row_1_fu_657_p2         |         +|   0|  0|  39|          32|           1|
    |ap_block_state3         |       and|   0|  0|   2|           1|           1|
    |icmp_ln60_fu_641_p2     |      icmp|   0|  0|  17|          27|          27|
    |icmp_ln61_fu_652_p2     |      icmp|   0|  0|  20|          32|          32|
    |icmp_ln65_fu_667_p2     |      icmp|   0|  0|  11|           8|           8|
    |ap_block_state1         |        or|   0|  0|   2|           1|           1|
    |ap_block_state4         |        or|   0|  0|   2|           1|           1|
    +------------------------+----------+----+---+----+------------+------------+
    |Total                   |          |   0|  0| 622|         393|         329|
    +------------------------+----------+----+---+----+------------+------------+

    * Multiplexer: 
    +---------------------------+----+-----------+-----+-----------+
    |            Name           | LUT| Input Size| Bits| Total Bits|
    +---------------------------+----+-----------+-----+-----------+
    |am_ROWS_blk_n              |   9|          2|    1|          2|
    |ap_NS_fsm                  |  26|          5|    1|          5|
    |ap_done                    |   9|          2|    1|          2|
    |block_fu_200               |   9|          2|   27|         54|
    |count_reg_612              |   9|          2|    8|         16|
    |count_stream4_blk_n        |   9|          2|    1|          2|
    |data_out1_blk_n            |   9|          2|    1|          2|
    |fm_COLS_blk_n              |   9|          2|    1|          2|
    |fm_COLS_c_blk_n            |   9|          2|    1|          2|
    |fm_stream2_blk_n           |   9|          2|    1|          2|
    |idx_stream3_blk_n          |   9|          2|    1|          2|
    |result_m_Val_V_32_reg_590  |   9|          2|    8|         16|
    |result_m_Val_V_33_reg_579  |   9|          2|    8|         16|
    |result_m_Val_V_34_reg_568  |   9|          2|    8|         16|
    |result_m_Val_V_35_reg_557  |   9|          2|    8|         16|
    |result_m_Val_V_36_reg_546  |   9|          2|    8|         16|
    |result_m_Val_V_37_reg_535  |   9|          2|    8|         16|
    |result_m_Val_V_38_reg_524  |   9|          2|    8|         16|
    |result_m_Val_V_39_reg_513  |   9|          2|    8|         16|
    |result_m_Val_V_40_reg_502  |   9|          2|    8|         16|
    |result_m_Val_V_41_reg_491  |   9|          2|    8|         16|
    |result_m_Val_V_42_reg_480  |   9|          2|    8|         16|
    |result_m_Val_V_43_reg_469  |   9|          2|    8|         16|
    |result_m_Val_V_44_reg_458  |   9|          2|    8|         16|
    |result_m_Val_V_45_reg_447  |   9|          2|    8|         16|
    |result_m_Val_V_46_reg_436  |   9|          2|    8|         16|
    |result_m_Val_V_47_reg_425  |   9|          2|    8|         16|
    |result_m_Val_V_48_reg_414  |   9|          2|    8|         16|
    |result_m_Val_V_49_reg_403  |   9|          2|    8|         16|
    |result_m_Val_V_50_reg_392  |   9|          2|    8|         16|
    |result_m_Val_V_51_reg_381  |   9|          2|    8|         16|
    |result_m_Val_V_52_reg_370  |   9|          2|    8|         16|
    |result_m_Val_V_53_reg_359  |   9|          2|    8|         16|
    |result_m_Val_V_54_reg_348  |   9|          2|    8|         16|
    |result_m_Val_V_55_reg_337  |   9|          2|    8|         16|
    |result_m_Val_V_56_reg_326  |   9|          2|    8|         16|
    |result_m_Val_V_57_reg_315  |   9|          2|    8|         16|
    |result_m_Val_V_58_reg_304  |   9|          2|    8|         16|
    |result_m_Val_V_59_reg_293  |   9|          2|    8|         16|
    |result_m_Val_V_60_reg_282  |   9|          2|    8|         16|
    |result_m_Val_V_61_reg_271  |   9|          2|    8|         16|
    |result_m_Val_V_62_reg_260  |   9|          2|    8|         16|
    |result_m_Val_V_reg_601     |   9|          2|    8|         16|
    |row_reg_249                |   9|          2|   32|         64|
    +---------------------------+----+-----------+-----+-----------+
    |Total                      | 413|         91|  332|        667|
    +---------------------------+----+-----------+-----+-----------+

    * Register: 
    +---------------------------+----+----+-----+-----------+
    |            Name           | FF | LUT| Bits| Const Bits|
    +---------------------------+----+----+-----+-----------+
    |am_ROWS_read_reg_1260      |  32|   0|   32|          0|
    |ap_CS_fsm                  |   4|   0|    4|          0|
    |ap_done_reg                |   1|   0|    1|          0|
    |block_2_reg_1273           |  27|   0|   27|          0|
    |block_fu_200               |  27|   0|   27|          0|
    |count_reg_612              |   8|   0|    8|          0|
    |idx_count_reg_1286         |   8|   0|    8|          0|
    |result_m_Val_V_32_reg_590  |   8|   0|    8|          0|
    |result_m_Val_V_33_reg_579  |   8|   0|    8|          0|
    |result_m_Val_V_34_reg_568  |   8|   0|    8|          0|
    |result_m_Val_V_35_reg_557  |   8|   0|    8|          0|
    |result_m_Val_V_36_reg_546  |   8|   0|    8|          0|
    |result_m_Val_V_37_reg_535  |   8|   0|    8|          0|
    |result_m_Val_V_38_reg_524  |   8|   0|    8|          0|
    |result_m_Val_V_39_reg_513  |   8|   0|    8|          0|
    |result_m_Val_V_40_reg_502  |   8|   0|    8|          0|
    |result_m_Val_V_41_reg_491  |   8|   0|    8|          0|
    |result_m_Val_V_42_reg_480  |   8|   0|    8|          0|
    |result_m_Val_V_43_reg_469  |   8|   0|    8|          0|
    |result_m_Val_V_44_reg_458  |   8|   0|    8|          0|
    |result_m_Val_V_45_reg_447  |   8|   0|    8|          0|
    |result_m_Val_V_46_reg_436  |   8|   0|    8|          0|
    |result_m_Val_V_47_reg_425  |   8|   0|    8|          0|
    |result_m_Val_V_48_reg_414  |   8|   0|    8|          0|
    |result_m_Val_V_49_reg_403  |   8|   0|    8|          0|
    |result_m_Val_V_50_reg_392  |   8|   0|    8|          0|
    |result_m_Val_V_51_reg_381  |   8|   0|    8|          0|
    |result_m_Val_V_52_reg_370  |   8|   0|    8|          0|
    |result_m_Val_V_53_reg_359  |   8|   0|    8|          0|
    |result_m_Val_V_54_reg_348  |   8|   0|    8|          0|
    |result_m_Val_V_55_reg_337  |   8|   0|    8|          0|
    |result_m_Val_V_56_reg_326  |   8|   0|    8|          0|
    |result_m_Val_V_57_reg_315  |   8|   0|    8|          0|
    |result_m_Val_V_58_reg_304  |   8|   0|    8|          0|
    |result_m_Val_V_59_reg_293  |   8|   0|    8|          0|
    |result_m_Val_V_60_reg_282  |   8|   0|    8|          0|
    |result_m_Val_V_61_reg_271  |   8|   0|    8|          0|
    |result_m_Val_V_62_reg_260  |   8|   0|    8|          0|
    |result_m_Val_V_reg_601     |   8|   0|    8|          0|
    |row_1_reg_1281             |  32|   0|   32|          0|
    |row_reg_249                |  32|   0|   32|          0|
    |trunc_ln_reg_1265          |  27|   0|   27|          0|
    +---------------------------+----+----+-----+-----------+
    |Total                      | 454|   0|  454|          0|
    +---------------------------+----+----+-----+-----------+



================================================================
== Interface
================================================================
* Summary: 
+------------------------------+-----+-----+------------+----------------------------------------------+--------------+
|           RTL Ports          | Dir | Bits|  Protocol  |                 Source Object                |    C Type    |
+------------------------------+-----+-----+------------+----------------------------------------------+--------------+
|ap_clk                        |   in|    1|  ap_ctrl_hs|  mul<ap_uint<256>, ap_int<8>, ap_int<8>, 32u>|  return value|
|ap_rst                        |   in|    1|  ap_ctrl_hs|  mul<ap_uint<256>, ap_int<8>, ap_int<8>, 32u>|  return value|
|ap_start                      |   in|    1|  ap_ctrl_hs|  mul<ap_uint<256>, ap_int<8>, ap_int<8>, 32u>|  return value|
|ap_done                       |  out|    1|  ap_ctrl_hs|  mul<ap_uint<256>, ap_int<8>, ap_int<8>, 32u>|  return value|
|ap_continue                   |   in|    1|  ap_ctrl_hs|  mul<ap_uint<256>, ap_int<8>, ap_int<8>, 32u>|  return value|
|ap_idle                       |  out|    1|  ap_ctrl_hs|  mul<ap_uint<256>, ap_int<8>, ap_int<8>, 32u>|  return value|
|ap_ready                      |  out|    1|  ap_ctrl_hs|  mul<ap_uint<256>, ap_int<8>, ap_int<8>, 32u>|  return value|
|am_ROWS_dout                  |   in|   32|     ap_fifo|                                       am_ROWS|       pointer|
|am_ROWS_num_data_valid        |   in|    2|     ap_fifo|                                       am_ROWS|       pointer|
|am_ROWS_fifo_cap              |   in|    2|     ap_fifo|                                       am_ROWS|       pointer|
|am_ROWS_empty_n               |   in|    1|     ap_fifo|                                       am_ROWS|       pointer|
|am_ROWS_read                  |  out|    1|     ap_fifo|                                       am_ROWS|       pointer|
|fm_COLS_dout                  |   in|   32|     ap_fifo|                                       fm_COLS|       pointer|
|fm_COLS_num_data_valid        |   in|    2|     ap_fifo|                                       fm_COLS|       pointer|
|fm_COLS_fifo_cap              |   in|    2|     ap_fifo|                                       fm_COLS|       pointer|
|fm_COLS_empty_n               |   in|    1|     ap_fifo|                                       fm_COLS|       pointer|
|fm_COLS_read                  |  out|    1|     ap_fifo|                                       fm_COLS|       pointer|
|fm_stream2_dout               |   in|  256|     ap_fifo|                                    fm_stream2|       pointer|
|fm_stream2_num_data_valid     |   in|    8|     ap_fifo|                                    fm_stream2|       pointer|
|fm_stream2_fifo_cap           |   in|    8|     ap_fifo|                                    fm_stream2|       pointer|
|fm_stream2_empty_n            |   in|    1|     ap_fifo|                                    fm_stream2|       pointer|
|fm_stream2_read               |  out|    1|     ap_fifo|                                    fm_stream2|       pointer|
|idx_stream3_dout              |   in|    8|     ap_fifo|                                   idx_stream3|       pointer|
|idx_stream3_num_data_valid    |   in|    8|     ap_fifo|                                   idx_stream3|       pointer|
|idx_stream3_fifo_cap          |   in|    8|     ap_fifo|                                   idx_stream3|       pointer|
|idx_stream3_empty_n           |   in|    1|     ap_fifo|                                   idx_stream3|       pointer|
|idx_stream3_read              |  out|    1|     ap_fifo|                                   idx_stream3|       pointer|
|count_stream4_dout            |   in|    8|     ap_fifo|                                 count_stream4|       pointer|
|count_stream4_num_data_valid  |   in|    7|     ap_fifo|                                 count_stream4|       pointer|
|count_stream4_fifo_cap        |   in|    7|     ap_fifo|                                 count_stream4|       pointer|
|count_stream4_empty_n         |   in|    1|     ap_fifo|                                 count_stream4|       pointer|
|count_stream4_read            |  out|    1|     ap_fifo|                                 count_stream4|       pointer|
|data_out1_din                 |  out|  256|     ap_fifo|                                     data_out1|       pointer|
|data_out1_num_data_valid      |   in|    7|     ap_fifo|                                     data_out1|       pointer|
|data_out1_fifo_cap            |   in|    7|     ap_fifo|                                     data_out1|       pointer|
|data_out1_full_n              |   in|    1|     ap_fifo|                                     data_out1|       pointer|
|data_out1_write               |  out|    1|     ap_fifo|                                     data_out1|       pointer|
|fm_COLS_c_din                 |  out|   32|     ap_fifo|                                     fm_COLS_c|       pointer|
|fm_COLS_c_num_data_valid      |   in|    2|     ap_fifo|                                     fm_COLS_c|       pointer|
|fm_COLS_c_fifo_cap            |   in|    2|     ap_fifo|                                     fm_COLS_c|       pointer|
|fm_COLS_c_full_n              |   in|    1|     ap_fifo|                                     fm_COLS_c|       pointer|
|fm_COLS_c_write               |  out|    1|     ap_fifo|                                     fm_COLS_c|       pointer|
+------------------------------+-----+-----+------------+----------------------------------------------+--------------+

