Mon May 27 19:23:31 2024: Running xcd server. This server was built by gradle.
Mon May 27 19:23:31 2024: Server was asked to start on port: '32837'
Mon May 27 19:23:31 2024: Server is using token UUID: 'e606456e-4223-4245-96e8-616edc905e4f'
Mon May 27 19:23:31 2024: SESSION_MGR: creating session with session uuid: '6d04a3e9-ade5-4ab9-8d63-1f78fcd2ec76' and name 'default'
Mon May 27 19:23:31 2024: Attempting to start server on port '32837'
Mon May 27 19:23:31 2024: XCD main fifo: created main fifo '/tmp/xcdmaine606456e-4223-4245-96e8-616edc905e4f', fd read = 13
Mon May 27 19:23:31 2024: Running Dispatch Server
Mon May 27 19:23:31 2024: Version 2.2.0
Mon May 27 19:23:40 2024: Dispatch Server: Accepted socket connection from client
Mon May 27 19:23:40 2024: Starting Socket connection
Mon May 27 19:23:40 2024: EXCHANGE_TOKEN received, server token: e606456e-4223-4245-96e8-616edc905e4f, passed token: e606456e-4223-4245-96e8-616edc905e4f
Mon May 27 19:23:40 2024: SESSION_MGR: creating session with session uuid: 'e8998939-36b6-4911-82f7-d32f695b6db5' and name 'vitis_hls'
Mon May 27 19:23:40 2024: KERNEL_SVC: creating session with uuid: 'e8998939-36b6-4911-82f7-d32f695b6db5' and name 'vitis_hls'
Mon May 27 19:23:40 2024: GUIDANCE_SMGR: creating guidance session with uuid: 'e8998939-36b6-4911-82f7-d32f695b6db5' and name 'vitis_hls'
Mon May 27 19:24:23 2024: STOP_SERVER received, server token: e606456e-4223-4245-96e8-616edc905e4f, passed token: e606456e-4223-4245-96e8-616edc905e4f
Mon May 27 19:24:23 2024: Socket received request to stop server.
Mon May 27 19:24:23 2024: Dispatch Server: do_await_stop
Mon May 27 19:24:23 2024: Dispatch Server: stopping mainFifo_
Mon May 27 19:24:23 2024: XCD main fifo: Stopping
Mon May 27 19:24:23 2024: XCD main fifo: do_read error code: Operation canceled
Mon May 27 19:24:23 2024: XCD main fifo: bytes_transferred: 0
Mon May 27 19:24:23 2024: SERVER: destructor for server bound to port 32837
Mon May 27 19:24:23 2024: XCD main fifo: Good unlink of /tmp/xcdmaine606456e-4223-4245-96e8-616edc905e4f
Mon May 27 19:24:23 2024: Server exiting with status 0.
Mon May 27 19:24:23 2024: Closing log file.
