Wed May 22 16:51:16 2024: Running xcd server. This server was built by gradle.
Wed May 22 16:51:16 2024: Server was asked to start on port: '34387'
Wed May 22 16:51:16 2024: Server is using token UUID: '43cda26e-dd23-45c9-b7ff-80b3dbbda345'
Wed May 22 16:51:16 2024: SESSION_MGR: creating session with session uuid: '6d04a3e9-ade5-4ab9-8d63-1f78fcd2ec76' and name 'default'
Wed May 22 16:51:16 2024: Attempting to start server on port '34387'
Wed May 22 16:51:16 2024: XCD main fifo: created main fifo '/tmp/xcdmain43cda26e-dd23-45c9-b7ff-80b3dbbda345', fd read = 13
Wed May 22 16:51:16 2024: Running Dispatch Server
Wed May 22 16:51:16 2024: Version 2.2.0
Wed May 22 16:51:25 2024: Dispatch Server: Accepted socket connection from client
Wed May 22 16:51:25 2024: Starting Socket connection
Wed May 22 16:51:25 2024: EXCHANGE_TOKEN received, server token: 43cda26e-dd23-45c9-b7ff-80b3dbbda345, passed token: 43cda26e-dd23-45c9-b7ff-80b3dbbda345
Wed May 22 16:51:25 2024: SESSION_MGR: creating session with session uuid: 'e96566ee-ba19-4ef4-92c2-eabb52ad527e' and name 'vitis_hls'
Wed May 22 16:51:25 2024: KERNEL_SVC: creating session with uuid: 'e96566ee-ba19-4ef4-92c2-eabb52ad527e' and name 'vitis_hls'
Wed May 22 16:51:25 2024: GUIDANCE_SMGR: creating guidance session with uuid: 'e96566ee-ba19-4ef4-92c2-eabb52ad527e' and name 'vitis_hls'
Wed May 22 16:51:45 2024: STOP_SERVER received, server token: 43cda26e-dd23-45c9-b7ff-80b3dbbda345, passed token: 43cda26e-dd23-45c9-b7ff-80b3dbbda345
Wed May 22 16:51:45 2024: Socket received request to stop server.
Wed May 22 16:51:45 2024: Dispatch Server: do_await_stop
Wed May 22 16:51:45 2024: Dispatch Server: stopping mainFifo_
Wed May 22 16:51:45 2024: XCD main fifo: Stopping
Wed May 22 16:51:45 2024: XCD main fifo: do_read error code: Operation canceled
Wed May 22 16:51:45 2024: XCD main fifo: bytes_transferred: 0
Wed May 22 16:51:45 2024: SERVER: destructor for server bound to port 34387
Wed May 22 16:51:45 2024: XCD main fifo: Good unlink of /tmp/xcdmain43cda26e-dd23-45c9-b7ff-80b3dbbda345
Wed May 22 16:51:45 2024: Server exiting with status 0.
Wed May 22 16:51:45 2024: Closing log file.
