Tue Jun 25 13:52:49 2024: Running xcd server. This server was built by gradle.
Tue Jun 25 13:52:49 2024: Server was asked to start on port: '38187'
Tue Jun 25 13:52:49 2024: Server is using token UUID: 'b59e539c-1290-4400-970f-1c430a304c08'
Tue Jun 25 13:52:49 2024: SESSION_MGR: creating session with session uuid: '6d04a3e9-ade5-4ab9-8d63-1f78fcd2ec76' and name 'default'
Tue Jun 25 13:52:49 2024: Attempting to start server on port '38187'
Tue Jun 25 13:52:49 2024: XCD main fifo: created main fifo '/tmp/xcdmainb59e539c-1290-4400-970f-1c430a304c08', fd read = 13
Tue Jun 25 13:52:49 2024: Running Dispatch Server
Tue Jun 25 13:52:49 2024: Version 2.2.0
Tue Jun 25 13:52:58 2024: Dispatch Server: Accepted socket connection from client
Tue Jun 25 13:52:58 2024: Starting Socket connection
Tue Jun 25 13:52:58 2024: EXCHANGE_TOKEN received, server token: b59e539c-1290-4400-970f-1c430a304c08, passed token: b59e539c-1290-4400-970f-1c430a304c08
Tue Jun 25 13:52:58 2024: SESSION_MGR: creating session with session uuid: '96421b5d-b9bf-4340-80ec-6bde46bd05d1' and name 'vitis_hls'
Tue Jun 25 13:52:58 2024: KERNEL_SVC: creating session with uuid: '96421b5d-b9bf-4340-80ec-6bde46bd05d1' and name 'vitis_hls'
Tue Jun 25 13:52:58 2024: GUIDANCE_SMGR: creating guidance session with uuid: '96421b5d-b9bf-4340-80ec-6bde46bd05d1' and name 'vitis_hls'
Tue Jun 25 13:54:02 2024: STOP_SERVER received, server token: b59e539c-1290-4400-970f-1c430a304c08, passed token: b59e539c-1290-4400-970f-1c430a304c08
Tue Jun 25 13:54:02 2024: Socket received request to stop server.
Tue Jun 25 13:54:02 2024: Dispatch Server: do_await_stop
Tue Jun 25 13:54:02 2024: Dispatch Server: stopping mainFifo_
Tue Jun 25 13:54:02 2024: XCD main fifo: Stopping
Tue Jun 25 13:54:02 2024: XCD main fifo: do_read error code: Operation canceled
Tue Jun 25 13:54:02 2024: XCD main fifo: bytes_transferred: 0
Tue Jun 25 13:54:02 2024: SERVER: destructor for server bound to port 38187
Tue Jun 25 13:54:02 2024: XCD main fifo: Good unlink of /tmp/xcdmainb59e539c-1290-4400-970f-1c430a304c08
Tue Jun 25 13:54:02 2024: Server exiting with status 0.
Tue Jun 25 13:54:02 2024: Closing log file.
